#
# A fatal error has been detected by the Java Runtime Environment:
#
#  EXCEPTION_ACCESS_VIOLATION (0xc0000005) at pc=0x00007ffd4b5b8c80, pid=26692, tid=15216
#
# JRE version: OpenJDK Runtime Environment Temurin-21.0.8+9 (21.0.8+9) (build 21.0.8+9-LTS)
# Java VM: OpenJDK 64-Bit Server VM Temurin-21.0.8+9 (21.0.8+9-LTS, mixed mode, sharing, tiered, compressed oops, compressed class ptrs, g1 gc, windows-amd64)
# Problematic frame:
# C  [owe-client-x64.dll+0x3c8c80]
#
# No core dump will be written. Minidumps are not enabled by default on client versions of Windows
#
# If you would like to submit a bug report, please visit:
#   https://github.com/adoptium/adoptium-support/issues
#

---------------  S U M M A R Y ------------

Command Line: -Djava.library.path=C:\MinecraftAlphaDev\libraries\natives -Dfile.encoding=UTF-8 -Dstdout.encoding=UTF-8 -Dstderr.encoding=UTF-8 -XX:+ShowCodeDetailsInExceptionMessages net.minecraft.client.Minecraft

Host: Intel(R) Core(TM) Ultra 7 155U, 14 cores, 31G,  Windows 11 , 64 bit Build 26100 (10.0.26100.4768)
Time: Mon Sep  8 18:43:51 2025 Central Daylight Time elapsed time: 56.809019 seconds (0d 0h 0m 56s)

---------------  T H R E A D  ---------------

Current thread (0x0000013ffe766990):  VMThread "VM Thread"          [id=15216, stack(0x0000001ade700000,0x0000001ade800000) (1024K)]

Stack: [0x0000001ade700000,0x0000001ade800000],  sp=0x0000001ade7ff058,  free space=1020k
Native frames: (J=compiled Java code, j=interpreted, Vv=VM code, C=native code)
C  [owe-client-x64.dll+0x3c8c80]


siginfo: EXCEPTION_ACCESS_VIOLATION (0xc0000005), data execution prevention violation at address 0x00007ffd4b5b8c80


Registers:
RAX=0x00007ffd4b55e300, RBX=0x0000000000000000, RCX=0x0000013fcf62c2e0, RDX=0x00007ffd4b625018
RSP=0x0000001ade7ff058, RBP=0x0000001ade7ff550, RSI=0x00007ffdaf840000, RDI=0x0000000000000001
R8 =0x0000013fe6ed0280, R9 =0x0000001addc00000, R10=0x00007ffe183eeea0, R11=0x0000013fcf2cd110
R12=0x0000000000000001, R13=0x00007ffdaf89bdf0, R14=0x0000000000000000, R15=0x00007ffdaf840000
RIP=0x00007ffd4b5b8c80, EFLAGS=0x0000000000010206

XMM[0]=0x0000000000000000 0x0000000000000000
XMM[1]=0x0000000000000000 0x0000000000000000
XMM[2]=0x0000000000000000 0x0000000000000000
XMM[3]=0x0000000000000000 0x0000000000000000
XMM[4]=0x0000000000000000 0x0000000000000000
XMM[5]=0x0000000000000000 0x0000000000000000
XMM[6]=0x0000000000000000 0x0000000000000000
XMM[7]=0x0000000000000000 0x404e000000000000
XMM[8]=0x0000000000000000 0x0000000000000000
XMM[9]=0x0000000000000000 0x0000000000000000
XMM[10]=0x0000000000000000 0x0000000000000000
XMM[11]=0x0000000000000000 0x0000000000000000
XMM[12]=0x0000000000000000 0x0000000000000000
XMM[13]=0x0000000000000000 0x0000000000000000
XMM[14]=0x0000000000000000 0x0000000000000000
XMM[15]=0x0000000000000000 0x0000000000000000
  MXCSR=0x00001fa2


Register to memory mapping:

RAX=0x00007ffd4b55e300 owe-client-x64.dll
RBX=0x0 is null
RCX=0x0000013fcf62c2e0 points into unknown readable memory: 0x00007ffd4b55e300 | 00 e3 55 4b fd 7f 00 00
RDX=0x00007ffd4b625018 owe-client-x64.dll
RSP=0x0000001ade7ff058 points into unknown readable memory: 0x00007ffd4b2aac99 | 99 ac 2a 4b fd 7f 00 00
RBP=0x0000001ade7ff550 points into unknown readable memory: 0x0000013ffe624180 | 80 41 62 fe 3f 01 00 00
RSI=0x00007ffdaf840000 opengl32.dll
RDI=0x0000000000000001 is an unknown value
R8 =0x0000013fe6ed0280 points into unknown readable memory: 0x00007ffd340c5460 | 60 54 0c 34 fd 7f 00 00
R9 =0x0000001addc00000 points into unknown readable memory: 0x0000000000000000 | 00 00 00 00 00 00 00 00
R10=0x00007ffe183eeea0 ntdll.dll
R11=0x0000013fcf2cd110 points into unknown readable memory: 0x0000013fcf2ce320 | 20 e3 2c cf 3f 01 00 00
R12=0x0000000000000001 is an unknown value
R13=0x00007ffdaf89bdf0 opengl32.dll
R14=0x0 is null
R15=0x00007ffdaf840000 opengl32.dll

Top of Stack: (sp=0x0000001ade7ff058)
0x0000001ade7ff058:   00007ffd4b2aac99 00007ffd4b62c7b8
0x0000001ade7ff068:   00007ffd4b625018 0000013fcf578510
0x0000001ade7ff078:   0000000000000000 fffffffffffffffe
0x0000001ade7ff088:   00007ffd4b2ab0f7 0000013fcf62c2e0
0x0000001ade7ff098:   00007ffd4b625018 0000013fe73ab178
0x0000001ade7ff0a8:   0000000000000000 0000000000000000
0x0000001ade7ff0b8:   0000013fcf62c2e0 00007ffdaf89bdf0
0x0000001ade7ff0c8:   0000013fcf6e9990 0000013fcf6e4f60
0x0000001ade7ff0d8:   00007ffe182243e1 0000000000000001
0x0000001ade7ff0e8:   00007ffdaf84ca16 0000000000010000
0x0000001ade7ff0f8:   0000013fe73ab0d8 0000013fcf2cd110
0x0000001ade7ff108:   00007ffe18224273 0000000000000001
0x0000001ade7ff118:   00007ffdaf84c7d0 0000001ade7ff550
0x0000001ade7ff128:   0000000000000000 00007ffdaf840000
0x0000001ade7ff138:   0000000000000000 0000000000000000
0x0000001ade7ff148:   00007ffdaf84c255 0000000000000000
0x0000001ade7ff158:   0000001ade7ff550 00007ffdaf840000
0x0000001ade7ff168:   0000000000000000 0000000000000000
0x0000001ade7ff178:   00007ffdaf89bf19 0000000000000001
0x0000001ade7ff188:   0000001ade7ff550 00007ffe165b0000
0x0000001ade7ff198:   00007ffe15f988c0 0000001a00000001
0x0000001ade7ff1a8:   00007ffe15eab8aa 0000001ade7f0101
0x0000001ade7ff1b8:   0000001ade7ff238 0000001ade7ff550
0x0000001ade7ff1c8:   00000000c0000005 00007ffe00000000
0x0000001ade7ff1d8:   00007ffe15eab84d 0000000000000001
0x0000001ade7ff1e8:   00007ffe15f125ec 0000001ade7ff550
0x0000001ade7ff1f8:   0000001ade7ff228 fffffffffffffffe
0x0000001ade7ff208:   00007ffe15eab84d 0000000000000001
0x0000001ade7ff218:   00007ffe16446693 00007ffe16512c60
0x0000001ade7ff228:   c00000050000000d ffffffff0000000d
0x0000001ade7ff238:   0000001ade7ff220 0000000000000000
0x0000001ade7ff248:   00007ffe1644633f 0000000000000000 

Instructions: (pc=0x00007ffd4b5b8c80)
0x00007ffd4b5b8b80:   00 00 00 00 00 00 00 00 00 00 00 00 00 00 00 00
0x00007ffd4b5b8b90:   40 e5 42 00 01 00 00 00 00 00 00 00 ff ff ff ff
0x00007ffd4b5b8ba0:   00 00 00 00 40 00 00 00 60 8b 3c 00 00 00 00 00
0x00007ffd4b5b8bb0:   00 00 00 00 00 00 00 00 00 00 00 00 00 00 00 00
0x00007ffd4b5b8bc0:   01 00 00 00 d0 8b 3c 00 00 00 00 00 00 00 00 00
0x00007ffd4b5b8bd0:   e0 8b 3c 00 00 00 00 00 00 00 00 00 00 00 00 00
0x00007ffd4b5b8be0:   e8 e5 42 00 00 00 00 00 00 00 00 00 ff ff ff ff
0x00007ffd4b5b8bf0:   00 00 00 00 40 00 00 00 b8 8b 3c 00 00 00 00 00
0x00007ffd4b5b8c00:   00 00 00 00 00 00 00 00 01 00 00 00 00 00 00 00
0x00007ffd4b5b8c10:   00 00 00 00 18 e6 42 00 30 8c 3c 00 08 8c 3c 00
0x00007ffd4b5b8c20:   00 00 00 00 00 00 00 00 00 00 00 00 00 00 00 00
0x00007ffd4b5b8c30:   00 00 00 00 00 00 00 00 01 00 00 00 48 8c 3c 00
0x00007ffd4b5b8c40:   00 00 00 00 00 00 00 00 58 8c 3c 00 00 00 00 00
0x00007ffd4b5b8c50:   00 00 00 00 00 00 00 00 18 e6 42 00 00 00 00 00
0x00007ffd4b5b8c60:   00 00 00 00 ff ff ff ff 00 00 00 00 40 00 00 00
0x00007ffd4b5b8c70:   30 8c 3c 00 00 00 00 00 00 00 00 00 00 00 00 00
0x00007ffd4b5b8c80:   01 00 00 00 00 00 00 00 00 00 00 00 40 e6 42 00
0x00007ffd4b5b8c90:   a8 8c 3c 00 80 8c 3c 00 00 00 00 00 00 00 00 00
0x00007ffd4b5b8ca0:   00 00 00 00 00 00 00 00 00 00 00 00 01 00 00 00
0x00007ffd4b5b8cb0:   03 00 00 00 c0 8c 3c 00 00 00 00 00 00 00 00 00
0x00007ffd4b5b8cc0:   e0 8c 3c 00 58 8c 3c 00 08 8d 3c 00 00 00 00 00
0x00007ffd4b5b8cd0:   00 00 00 00 00 00 00 00 00 00 00 00 00 00 00 00
0x00007ffd4b5b8ce0:   40 e6 42 00 02 00 00 00 00 00 00 00 ff ff ff ff
0x00007ffd4b5b8cf0:   00 00 00 00 40 00 00 00 a8 8c 3c 00 00 00 00 00
0x00007ffd4b5b8d00:   00 00 00 00 00 00 00 00 60 e6 42 00 00 00 00 00
0x00007ffd4b5b8d10:   10 00 00 00 ff ff ff ff 00 00 00 00 40 00 00 00
0x00007ffd4b5b8d20:   30 8d 3c 00 00 00 00 00 00 00 00 00 00 00 00 00
0x00007ffd4b5b8d30:   00 00 00 00 00 00 00 00 01 00 00 00 48 8d 3c 00
0x00007ffd4b5b8d40:   00 00 00 00 00 00 00 00 58 8d 3c 00 00 00 00 00
0x00007ffd4b5b8d50:   00 00 00 00 00 00 00 00 60 e6 42 00 00 00 00 00
0x00007ffd4b5b8d60:   00 00 00 00 ff ff ff ff 00 00 00 00 40 00 00 00
0x00007ffd4b5b8d70:   30 8d 3c 00 00 00 00 00 00 00 00 00 00 00 00 00 


Stack slot to memory mapping:

stack at sp + 0 slots: 0x00007ffd4b2aac99 owe-client-x64.dll
stack at sp + 1 slots: 0x00007ffd4b62c7b8 owe-client-x64.dll
stack at sp + 2 slots: 0x00007ffd4b625018 owe-client-x64.dll
stack at sp + 3 slots: 0x0000013fcf578510 points into unknown readable memory: 0x00007ffe166d0150 | 50 01 6d 16 fe 7f 00 00
stack at sp + 4 slots: 0x0 is null
stack at sp + 5 slots: 0xfffffffffffffffe is an unknown value
stack at sp + 6 slots: 0x00007ffd4b2ab0f7 owe-client-x64.dll
stack at sp + 7 slots: 0x0000013fcf62c2e0 points into unknown readable memory: 0x00007ffd4b55e300 | 00 e3 55 4b fd 7f 00 00

VM_Operation (0x0000001adf6fe4a0): Exit, mode: safepoint, requested by thread 0x0000013fcf50ab80


---------------  P R O C E S S  ---------------

Threads class SMR info:
_java_thread_list=0x0000013fdadb7c50, length=18, elements={
0x0000013ffe77e240, 0x0000013fcf002c00, 0x0000013fcf00a2e0, 0x0000013fcf00a940,
0x0000013fcf00afa0, 0x0000013fcf010620, 0x0000013fcf01a340, 0x0000013fcf020740,
0x0000013fcf15ff20, 0x0000013fcf183770, 0x0000013fcf3f5de0, 0x0000013fcf3f8f00,
0x0000013fcf50ab80, 0x0000013fcf3fddb0, 0x0000013fe70a1190, 0x0000013fcfb10f90,
0x0000013fcfb11a00, 0x0000013fd64b4ec0
}

Java Threads: ( => current thread )
  0x0000013ffe77e240 JavaThread "Reference Handler"          daemon [_thread_blocked, id=12332, stack(0x0000001ade800000,0x0000001ade900000) (1024K)]
  0x0000013fcf002c00 JavaThread "Finalizer"                  daemon [_thread_blocked, id=39116, stack(0x0000001ade900000,0x0000001adea00000) (1024K)]
  0x0000013fcf00a2e0 JavaThread "Signal Dispatcher"          daemon [_thread_blocked, id=4384, stack(0x0000001adea00000,0x0000001adeb00000) (1024K)]
  0x0000013fcf00a940 JavaThread "Attach Listener"            daemon [_thread_blocked, id=11192, stack(0x0000001adeb00000,0x0000001adec00000) (1024K)]
  0x0000013fcf00afa0 JavaThread "Service Thread"             daemon [_thread_blocked, id=31856, stack(0x0000001adec00000,0x0000001aded00000) (1024K)]
  0x0000013fcf010620 JavaThread "Monitor Deflation Thread"   daemon [_thread_blocked, id=36576, stack(0x0000001aded00000,0x0000001adee00000) (1024K)]
  0x0000013fcf01a340 JavaThread "C2 CompilerThread0"         daemon [_thread_blocked, id=12716, stack(0x0000001adee00000,0x0000001adef00000) (1024K)]
  0x0000013fcf020740 JavaThread "C1 CompilerThread0"         daemon [_thread_blocked, id=4460, stack(0x0000001adef00000,0x0000001adf000000) (1024K)]
  0x0000013fcf15ff20 JavaThread "Notification Thread"        daemon [_thread_blocked, id=19572, stack(0x0000001adf000000,0x0000001adf100000) (1024K)]
  0x0000013fcf183770 JavaThread "Common-Cleaner"             daemon [_thread_blocked, id=10604, stack(0x0000001adf100000,0x0000001adf200000) (1024K)]
  0x0000013fcf3f5de0 JavaThread "Java2D Disposer"            daemon [_thread_blocked, id=20680, stack(0x0000001adf300000,0x0000001adf400000) (1024K)]
  0x0000013fcf3f8f00 JavaThread "AWT-Shutdown"                      [_thread_blocked, id=35672, stack(0x0000001adf400000,0x0000001adf500000) (1024K)]
  0x0000013fcf50ab80 JavaThread "AWT-EventQueue-0"                  [_thread_blocked, id=14536, stack(0x0000001adf600000,0x0000001adf700000) (1024K)]
  0x0000013fcf3fddb0 JavaThread "Timer hack thread"          daemon [_thread_blocked, id=34404, stack(0x0000001adf700000,0x0000001adf800000) (1024K)]
  0x0000013fe70a1190 JavaThread "DestroyJavaVM"                     [_thread_blocked, id=36164, stack(0x0000001ade000000,0x0000001ade100000) (1024K)]
  0x0000013fcfb10f90 JavaThread "Thread-2"                   daemon [_thread_in_native, id=16084, stack(0x0000001ae0300000,0x0000001ae0400000) (1024K)]
  0x0000013fcfb11a00 JavaThread "Thread-3"                          [_thread_blocked, id=36940, stack(0x0000001ae0400000,0x0000001ae0500000) (1024K)]
  0x0000013fd64b4ec0 JavaThread "Thread-4"                          [_thread_blocked, id=30540, stack(0x0000001ae0700000,0x0000001ae0800000) (1024K)]
Total: 18

Other Threads:
=>0x0000013ffe766990 VMThread "VM Thread"                           [id=15216, stack(0x0000001ade700000,0x0000001ade800000) (1024K)]
  0x0000013fe95916a0 WorkerThread "GC Thread#0"                     [id=1984, stack(0x0000001ade100000,0x0000001ade200000) (1024K)]
  0x0000013fd1ce9560 WorkerThread "GC Thread#1"                     [id=29996, stack(0x0000001ae0d00000,0x0000001ae0e00000) (1024K)]
  0x0000013fd1cecf60 WorkerThread "GC Thread#2"                     [id=33640, stack(0x0000001ae0e00000,0x0000001ae0f00000) (1024K)]
  0x0000013fd1ceb260 WorkerThread "GC Thread#3"                     [id=35928, stack(0x0000001ae0f00000,0x0000001ae1000000) (1024K)]
  0x0000013fd1ce9ca0 WorkerThread "GC Thread#4"                     [id=33388, stack(0x0000001ae1000000,0x0000001ae1100000) (1024K)]
  0x0000013fd1cec820 WorkerThread "GC Thread#5"                     [id=23040, stack(0x0000001ae1100000,0x0000001ae1200000) (1024K)]
  0x0000013fd1cea3e0 WorkerThread "GC Thread#6"                     [id=11648, stack(0x0000001ae1200000,0x0000001ae1300000) (1024K)]
  0x0000013fd1cea780 WorkerThread "GC Thread#7"                     [id=34980, stack(0x0000001ae1300000,0x0000001ae1400000) (1024K)]
  0x0000013fd1ceb600 WorkerThread "GC Thread#8"                     [id=15284, stack(0x0000001ae1400000,0x0000001ae1500000) (1024K)]
  0x0000013fd1ceab20 WorkerThread "GC Thread#9"                     [id=40032, stack(0x0000001ae1500000,0x0000001ae1600000) (1024K)]
  0x0000013fd1ce9900 WorkerThread "GC Thread#10"                    [id=27056, stack(0x0000001ae1600000,0x0000001ae1700000) (1024K)]
  0x0000013fe95a2210 ConcurrentGCThread "G1 Main Marker"            terminated
  0x0000013fe95a2e70 WorkerThread "G1 Conc#0"                       [id=11928, stack(0x0000001ade300000,0x0000001ade400000) (1024K)]
  0x0000013fd1cea040 WorkerThread "G1 Conc#1"                       [id=13708, stack(0x0000001ae0000000,0x0000001ae0100000) (1024K)]
  0x0000013fd1cebd40 WorkerThread "G1 Conc#2"                       [id=38120, stack(0x0000001ae0b00000,0x0000001ae0c00000) (1024K)]
  0x0000013ffe622940 ConcurrentGCThread "G1 Refine#0"               terminated
  0x0000013ffe625e90 ConcurrentGCThread "G1 Service"                terminated
Total: 18

Threads with active compile tasks:
Total: 0

VM state: at safepoint (shutting down)

VM Mutex/Monitor currently owned by a thread:  ([mutex/lock_event])
[0x00007ffd340c5458] Threads_lock - owner thread: 0x0000013ffe766990
[0x00007ffd340c5558] Heap_lock - owner thread: 0x0000013fcf50ab80

Heap address: 0x0000000608c00000, size: 8052 MB, Compressed Oops mode: Zero based, Oop shift amount: 3

CDS archive(s) mapped at: [0x0000013f8a000000-0x0000013f8ac80000-0x0000013f8ac80000), size 13107200, SharedBaseAddress: 0x0000013f8a000000, ArchiveRelocationMode: 1.
Compressed class space mapped at: 0x0000013f8b000000-0x0000013fcb000000, reserved size: 1073741824
Narrow klass base: 0x0000013f8a000000, Narrow klass shift: 0, Narrow klass range: 0x100000000

GC Precious Log:
 CardTable entry size: 512
 Card Set container configuration: InlinePtr #cards 4 size 8 Array Of Cards #cards 32 size 80 Howl #buckets 8 coarsen threshold 7372 Howl Bitmap #cards 1024 size 144 coarsen threshold 921 Card regions per heap region 1 cards per card region 8192
 CPUs: 14 total, 14 available
 Memory: 32203M
 Large Page Support: Disabled
 NUMA Support: Disabled
 Compressed Oops: Enabled (Zero based)
 Heap Region Size: 4M
 Heap Min Capacity: 8M
 Heap Initial Capacity: 504M
 Heap Max Capacity: 8052M
 Pre-touch: Disabled
 Parallel Workers: 11
 Concurrent Workers: 3
 Concurrent Refinement Workers: 11
 Periodic GC: Disabled

Heap:
 garbage-first heap   total 286720K, used 72760K [0x0000000608c00000, 0x0000000800000000)
  region size 4096K, 1 young (4096K), 0 survivors (0K)
 Metaspace       used 14139K, committed 14464K, reserved 1114112K
  class space    used 1287K, committed 1472K, reserved 1048576K

Heap Regions: E=young(eden), S=young(survivor), O=old, HS=humongous(starts), HC=humongous(continues), CS=collection set, F=free, TAMS=top-at-mark-start, PB=parsable bottom
|   0|0x0000000608c00000, 0x0000000609000000, 0x0000000609000000|100%|HS|  |TAMS 0x0000000608c00000| PB 0x0000000608c00000| Untracked 
|   1|0x0000000609000000, 0x0000000609400000, 0x0000000609400000|100%|HC|  |TAMS 0x0000000609000000| PB 0x0000000609000000| Untracked 
|   2|0x0000000609400000, 0x0000000609800000, 0x0000000609800000|100%|HC|  |TAMS 0x0000000609400000| PB 0x0000000609400000| Untracked 
|   3|0x0000000609800000, 0x0000000609ab1450, 0x0000000609c00000| 67%| O|  |TAMS 0x0000000609800000| PB 0x0000000609800000| Untracked 
|   4|0x0000000609c00000, 0x0000000609ffdf10, 0x000000060a000000| 99%| O|  |TAMS 0x0000000609c00000| PB 0x0000000609c00000| Untracked 
|   5|0x000000060a000000, 0x000000060a3febe0, 0x000000060a400000| 99%| O|  |TAMS 0x000000060a000000| PB 0x000000060a000000| Untracked 
|   6|0x000000060a400000, 0x000000060a7fd6a0, 0x000000060a800000| 99%| O|  |TAMS 0x000000060a400000| PB 0x000000060a400000| Untracked 
|   7|0x000000060a800000, 0x000000060aaf6218, 0x000000060ac00000| 74%| O|  |TAMS 0x000000060a800000| PB 0x000000060a800000| Untracked 
|   8|0x000000060ac00000, 0x000000060affca28, 0x000000060b000000| 99%| O|  |TAMS 0x000000060ac00000| PB 0x000000060ac00000| Untracked 
|   9|0x000000060b000000, 0x000000060b000000, 0x000000060b400000|  0%| F|  |TAMS 0x000000060b000000| PB 0x000000060b000000| Untracked 
|  10|0x000000060b400000, 0x000000060b448e18, 0x000000060b800000|  7%| O|  |TAMS 0x000000060b400000| PB 0x000000060b400000| Untracked 
|  11|0x000000060b800000, 0x000000060bbe54a0, 0x000000060bc00000| 97%| O|  |TAMS 0x000000060b800000| PB 0x000000060b800000| Untracked 
|  12|0x000000060bc00000, 0x000000060bc6d270, 0x000000060c000000| 10%| O|  |TAMS 0x000000060bc00000| PB 0x000000060bc00000| Untracked 
|  13|0x000000060c000000, 0x000000060c000000, 0x000000060c400000|  0%| F|  |TAMS 0x000000060c000000| PB 0x000000060c000000| Untracked 
|  14|0x000000060c400000, 0x000000060c4da198, 0x000000060c800000| 21%| O|  |TAMS 0x000000060c400000| PB 0x000000060c400000| Untracked 
|  15|0x000000060c800000, 0x000000060c800000, 0x000000060cc00000|  0%| F|  |TAMS 0x000000060c800000| PB 0x000000060c800000| Untracked 
|  16|0x000000060cc00000, 0x000000060cc00000, 0x000000060d000000|  0%| F|  |TAMS 0x000000060cc00000| PB 0x000000060cc00000| Untracked 
|  17|0x000000060d000000, 0x000000060d000000, 0x000000060d400000|  0%| F|  |TAMS 0x000000060d000000| PB 0x000000060d000000| Untracked 
|  18|0x000000060d400000, 0x000000060d400000, 0x000000060d800000|  0%| F|  |TAMS 0x000000060d400000| PB 0x000000060d400000| Untracked 
|  19|0x000000060d800000, 0x000000060d800000, 0x000000060dc00000|  0%| F|  |TAMS 0x000000060d800000| PB 0x000000060d800000| Untracked 
|  20|0x000000060dc00000, 0x000000060dc00000, 0x000000060e000000|  0%| F|  |TAMS 0x000000060dc00000| PB 0x000000060dc00000| Untracked 
|  21|0x000000060e000000, 0x000000060e3faa68, 0x000000060e400000| 99%| O|  |TAMS 0x000000060e000000| PB 0x000000060e000000| Untracked 
|  22|0x000000060e400000, 0x000000060e400000, 0x000000060e800000|  0%| F|  |TAMS 0x000000060e400000| PB 0x000000060e400000| Untracked 
|  23|0x000000060e800000, 0x000000060e800000, 0x000000060ec00000|  0%| F|  |TAMS 0x000000060e800000| PB 0x000000060e800000| Untracked 
|  24|0x000000060ec00000, 0x000000060f000000, 0x000000060f000000|100%| O|  |TAMS 0x000000060ec00000| PB 0x000000060ec00000| Untracked 
|  25|0x000000060f000000, 0x000000060f000000, 0x000000060f400000|  0%| F|  |TAMS 0x000000060f000000| PB 0x000000060f000000| Untracked 
|  26|0x000000060f400000, 0x000000060f800000, 0x000000060f800000|100%| O|  |TAMS 0x000000060f400000| PB 0x000000060f400000| Untracked 
|  27|0x000000060f800000, 0x000000060f800000, 0x000000060fc00000|  0%| F|  |TAMS 0x000000060f800000| PB 0x000000060f800000| Untracked 
|  28|0x000000060fc00000, 0x0000000610000000, 0x0000000610000000|100%| O|  |TAMS 0x000000060fc00000| PB 0x000000060fc00000| Untracked 
|  29|0x0000000610000000, 0x0000000610400000, 0x0000000610400000|100%| O|  |TAMS 0x0000000610000000| PB 0x0000000610000000| Untracked 
|  30|0x0000000610400000, 0x0000000610800000, 0x0000000610800000|100%| O|  |TAMS 0x0000000610400000| PB 0x0000000610400000| Untracked 
|  31|0x0000000610800000, 0x0000000610800000, 0x0000000610c00000|  0%| F|  |TAMS 0x0000000610800000| PB 0x0000000610800000| Untracked 
|  32|0x0000000610c00000, 0x0000000610c00000, 0x0000000611000000|  0%| F|  |TAMS 0x0000000610c00000| PB 0x0000000610c00000| Untracked 
|  33|0x0000000611000000, 0x0000000611000000, 0x0000000611400000|  0%| F|  |TAMS 0x0000000611000000| PB 0x0000000611000000| Untracked 
|  34|0x0000000611400000, 0x0000000611400000, 0x0000000611800000|  0%| F|  |TAMS 0x0000000611400000| PB 0x0000000611400000| Untracked 
|  35|0x0000000611800000, 0x0000000611800000, 0x0000000611c00000|  0%| F|  |TAMS 0x0000000611800000| PB 0x0000000611800000| Untracked 
|  36|0x0000000611c00000, 0x0000000611c00000, 0x0000000612000000|  0%| F|  |TAMS 0x0000000611c00000| PB 0x0000000611c00000| Untracked 
|  37|0x0000000612000000, 0x0000000612000000, 0x0000000612400000|  0%| F|  |TAMS 0x0000000612000000| PB 0x0000000612000000| Untracked 
|  38|0x0000000612400000, 0x0000000612400000, 0x0000000612800000|  0%| F|  |TAMS 0x0000000612400000| PB 0x0000000612400000| Untracked 
|  39|0x0000000612800000, 0x0000000612800000, 0x0000000612c00000|  0%| F|  |TAMS 0x0000000612800000| PB 0x0000000612800000| Untracked 
|  40|0x0000000612c00000, 0x0000000612c00000, 0x0000000613000000|  0%| F|  |TAMS 0x0000000612c00000| PB 0x0000000612c00000| Untracked 
|  41|0x0000000613000000, 0x0000000613000000, 0x0000000613400000|  0%| F|  |TAMS 0x0000000613000000| PB 0x0000000613000000| Untracked 
|  42|0x0000000613400000, 0x0000000613400000, 0x0000000613800000|  0%| F|  |TAMS 0x0000000613400000| PB 0x0000000613400000| Untracked 
|  43|0x0000000613800000, 0x0000000613800000, 0x0000000613c00000|  0%| F|  |TAMS 0x0000000613800000| PB 0x0000000613800000| Untracked 
|  44|0x0000000613c00000, 0x0000000613c00000, 0x0000000614000000|  0%| F|  |TAMS 0x0000000613c00000| PB 0x0000000613c00000| Untracked 
|  45|0x0000000614000000, 0x0000000614000000, 0x0000000614400000|  0%| F|  |TAMS 0x0000000614000000| PB 0x0000000614000000| Untracked 
|  46|0x0000000614400000, 0x0000000614400000, 0x0000000614800000|  0%| F|  |TAMS 0x0000000614400000| PB 0x0000000614400000| Untracked 
|  47|0x0000000614800000, 0x0000000614800000, 0x0000000614c00000|  0%| F|  |TAMS 0x0000000614800000| PB 0x0000000614800000| Untracked 
|  48|0x0000000614c00000, 0x0000000614c00000, 0x0000000615000000|  0%| F|  |TAMS 0x0000000614c00000| PB 0x0000000614c00000| Untracked 
|  49|0x0000000615000000, 0x0000000615000000, 0x0000000615400000|  0%| F|  |TAMS 0x0000000615000000| PB 0x0000000615000000| Untracked 
|  50|0x0000000615400000, 0x0000000615400000, 0x0000000615800000|  0%| F|  |TAMS 0x0000000615400000| PB 0x0000000615400000| Untracked 
|  51|0x0000000615800000, 0x0000000615800000, 0x0000000615c00000|  0%| F|  |TAMS 0x0000000615800000| PB 0x0000000615800000| Untracked 
|  52|0x0000000615c00000, 0x0000000615c00000, 0x0000000616000000|  0%| F|  |TAMS 0x0000000615c00000| PB 0x0000000615c00000| Untracked 
|  53|0x0000000616000000, 0x0000000616400000, 0x0000000616400000|100%| O|  |TAMS 0x0000000616000000| PB 0x0000000616000000| Untracked 
|  54|0x0000000616400000, 0x0000000616800000, 0x0000000616800000|100%| O|  |TAMS 0x0000000616400000| PB 0x0000000616400000| Untracked 
|  55|0x0000000616800000, 0x0000000616800000, 0x0000000616c00000|  0%| F|  |TAMS 0x0000000616800000| PB 0x0000000616800000| Untracked 
|  56|0x0000000616c00000, 0x0000000616c00000, 0x0000000617000000|  0%| F|  |TAMS 0x0000000616c00000| PB 0x0000000616c00000| Untracked 
|  57|0x0000000617000000, 0x0000000617000000, 0x0000000617400000|  0%| F|  |TAMS 0x0000000617000000| PB 0x0000000617000000| Untracked 
|  58|0x0000000617400000, 0x0000000617400000, 0x0000000617800000|  0%| F|  |TAMS 0x0000000617400000| PB 0x0000000617400000| Untracked 
|  59|0x0000000617800000, 0x0000000617800000, 0x0000000617c00000|  0%| F|  |TAMS 0x0000000617800000| PB 0x0000000617800000| Untracked 
|  60|0x0000000617c00000, 0x0000000617c00000, 0x0000000618000000|  0%| F|  |TAMS 0x0000000617c00000| PB 0x0000000617c00000| Untracked 
|  61|0x0000000618000000, 0x0000000618000000, 0x0000000618400000|  0%| F|  |TAMS 0x0000000618000000| PB 0x0000000618000000| Untracked 
|  62|0x0000000618400000, 0x0000000618400000, 0x0000000618800000|  0%| F|  |TAMS 0x0000000618400000| PB 0x0000000618400000| Untracked 
|  63|0x0000000618800000, 0x0000000618800000, 0x0000000618c00000|  0%| F|  |TAMS 0x0000000618800000| PB 0x0000000618800000| Untracked 
|  64|0x0000000618c00000, 0x0000000618c00000, 0x0000000619000000|  0%| F|  |TAMS 0x0000000618c00000| PB 0x0000000618c00000| Untracked 
|  65|0x0000000619000000, 0x0000000619000000, 0x0000000619400000|  0%| F|  |TAMS 0x0000000619000000| PB 0x0000000619000000| Untracked 
|  66|0x0000000619400000, 0x0000000619400000, 0x0000000619800000|  0%| F|  |TAMS 0x0000000619400000| PB 0x0000000619400000| Untracked 
|  67|0x0000000619800000, 0x0000000619800000, 0x0000000619c00000|  0%| F|  |TAMS 0x0000000619800000| PB 0x0000000619800000| Untracked 
|  68|0x0000000619c00000, 0x0000000619c00000, 0x000000061a000000|  0%| F|  |TAMS 0x0000000619c00000| PB 0x0000000619c00000| Untracked 
|  69|0x000000061a000000, 0x000000061a3df048, 0x000000061a400000| 96%| E|  |TAMS 0x000000061a000000| PB 0x000000061a000000| Complete 

Card table byte_map: [0x0000013ffd4b0000,0x0000013ffe470000] _byte_map_base: 0x0000013ffa46a000

Marking Bits: (CMBitMap*) 0x0000013fe9591da0
 Bits: [0x0000013f80000000, 0x0000013f87dd0000)

Polling page: 0x0000013fe7310000

Metaspace:

Usage:
  Non-class:     12.55 MB used.
      Class:      1.26 MB used.
       Both:     13.81 MB used.

Virtual space:
  Non-class space:       64.00 MB reserved,      12.69 MB ( 20%) committed,  1 nodes.
      Class space:        1.00 GB reserved,       1.44 MB ( <1%) committed,  1 nodes.
             Both:        1.06 GB reserved,      14.12 MB (  1%) committed. 

Chunk freelists:
   Non-Class:  2.66 MB
       Class:  14.56 MB
        Both:  17.22 MB

MaxMetaspaceSize: unlimited
CompressedClassSpaceSize: 1.00 GB
Initial GC threshold: 21.00 MB
Current GC threshold: 23.44 MB
CDS: on
 - commit_granule_bytes: 65536.
 - commit_granule_words: 8192.
 - virtual_space_node_default_size: 8388608.
 - enlarge_chunks_in_place: 1.
 - use_allocation_guard: 0.


Internal statistics:

num_allocs_failed_limit: 0.
num_arena_births: 302.
num_arena_deaths: 0.
num_vsnodes_births: 2.
num_vsnodes_deaths: 0.
num_space_committed: 224.
num_space_uncommitted: 0.
num_chunks_returned_to_freelist: 0.
num_chunks_taken_from_freelist: 603.
num_chunk_merges: 0.
num_chunk_splits: 357.
num_chunks_enlarged: 173.
num_inconsistent_stats: 0.

CodeHeap 'non-profiled nmethods': size=120000Kb used=3481Kb max_used=3981Kb free=116518Kb
 bounds [0x0000013ff4960000, 0x0000013ff4d60000, 0x0000013ffbe90000]
CodeHeap 'profiled nmethods': size=120000Kb used=5217Kb max_used=6579Kb free=114782Kb
 bounds [0x0000013fece90000, 0x0000013fed500000, 0x0000013ff43c0000]
CodeHeap 'non-nmethods': size=5760Kb used=1750Kb max_used=1810Kb free=4009Kb
 bounds [0x0000013ff43c0000, 0x0000013ff4630000, 0x0000013ff4960000]
CodeCache: size=245760Kb, used=10448Kb, max_used=12370Kb, free=235309Kb
 total_blobs=3948, nmethods=3168, adapters=684, full_count=0
Compilation: enabled, stopped_count=0, restarted_count=0

Compilation events (20 events):
Event: 53.901 Thread 0x0000013fcf020740 4068       3       net.minecraft.src.NBTTagCompound::setString (24 bytes)
Event: 53.901 Thread 0x0000013fcf020740 nmethod 4068 0x0000013fed1bfe90 code [0x0000013fed1c0080, 0x0000013fed1c0698]
Event: 53.969 Thread 0x0000013fcf01a340 4069       4       jdk.internal.misc.Unsafe::getLongUnaligned (12 bytes)
Event: 53.970 Thread 0x0000013fcf01a340 nmethod 4069 0x0000013ff4c4d510 code [0x0000013ff4c4d6a0, 0x0000013ff4c4d770]
Event: 53.980 Thread 0x0000013fcf01a340 4070       4       jdk.internal.ref.PhantomCleanable::<init> (49 bytes)
Event: 53.991 Thread 0x0000013fcf01a340 nmethod 4070 0x0000013ff4a70190 code [0x0000013ff4a70380, 0x0000013ff4a70ea8]
Event: 53.991 Thread 0x0000013fcf01a340 4071       4       net.minecraft.src.Chunk::needsSaving (42 bytes)
Event: 53.991 Thread 0x0000013fcf01a340 nmethod 4071 0x0000013ff4a79b90 code [0x0000013ff4a79d20, 0x0000013ff4a79e00]
Event: 54.061 Thread 0x0000013fcf01a340 4072   !   4       jdk.internal.ref.PhantomCleanable::remove (60 bytes)
Event: 54.065 Thread 0x0000013fcf01a340 nmethod 4072 0x0000013ff4bd2790 code [0x0000013ff4bd2940, 0x0000013ff4bd2ec8]
Event: 54.133 Thread 0x0000013fcf01a340 4073       4       java.io.DataOutputStream::writeInt (28 bytes)
Event: 54.136 Thread 0x0000013fcf01a340 nmethod 4073 0x0000013ff4a79590 code [0x0000013ff4a79740, 0x0000013ff4a798e8]
Event: 54.287 Thread 0x0000013fcf020740 4074       3       net.minecraft.src.NBTTagCompound::setCompoundTag (17 bytes)
Event: 54.287 Thread 0x0000013fcf020740 nmethod 4074 0x0000013fed1d7690 code [0x0000013fed1d7840, 0x0000013fed1d7b60]
Event: 54.387 Thread 0x0000013fcf020740 4075       3       net.minecraft.src.EntityItem::writeEntityToNBT (44 bytes)
Event: 54.388 Thread 0x0000013fcf020740 nmethod 4075 0x0000013fed2f8490 code [0x0000013fed2f8700, 0x0000013fed2f90d0]
Event: 54.727 Thread 0x0000013fcf01a340 4076       4       java.lang.StringConcatHelper::prepend (22 bytes)
Event: 54.733 Thread 0x0000013fcf01a340 nmethod 4076 0x0000013ff4a5d310 code [0x0000013ff4a5d4e0, 0x0000013ff4a5dbf0]
Event: 55.160 Thread 0x0000013fcf01a340 4077       4       net.minecraft.src.Gui::drawString (11 bytes)
Event: 55.161 Thread 0x0000013fcf01a340 nmethod 4077 0x0000013ff4a6fd10 code [0x0000013ff4a6fec0, 0x0000013ff4a6fff8]

GC Heap History (20 events):
Event: 7.070 GC heap before
{Heap before GC invocations=6 (full 2):
 garbage-first heap   total 77824K, used 43063K [0x0000000608c00000, 0x0000000800000000)
  region size 4096K, 2 young (8192K), 1 survivors (4096K)
 Metaspace       used 12591K, committed 12864K, reserved 1114112K
  class space    used 1213K, committed 1344K, reserved 1048576K
}
Event: 7.072 GC heap after
{Heap after GC invocations=7 (full 2):
 garbage-first heap   total 77824K, used 42793K [0x0000000608c00000, 0x0000000800000000)
  region size 4096K, 1 young (4096K), 1 survivors (4096K)
 Metaspace       used 12591K, committed 12864K, reserved 1114112K
  class space    used 1213K, committed 1344K, reserved 1048576K
}
Event: 7.125 GC heap before
{Heap before GC invocations=7 (full 2):
 garbage-first heap   total 77824K, used 42793K [0x0000000608c00000, 0x0000000800000000)
  region size 4096K, 2 young (8192K), 1 survivors (4096K)
 Metaspace       used 12615K, committed 12864K, reserved 1114112K
  class space    used 1216K, committed 1344K, reserved 1048576K
}
Event: 7.152 GC heap after
{Heap after GC invocations=8 (full 3):
 garbage-first heap   total 77824K, used 43086K [0x0000000608c00000, 0x0000000800000000)
  region size 4096K, 0 young (0K), 0 survivors (0K)
 Metaspace       used 12615K, committed 12864K, reserved 1114112K
  class space    used 1216K, committed 1344K, reserved 1048576K
}
Event: 7.898 GC heap before
{Heap before GC invocations=8 (full 3):
 garbage-first heap   total 77824K, used 47182K [0x0000000608c00000, 0x0000000800000000)
  region size 4096K, 2 young (8192K), 0 survivors (0K)
 Metaspace       used 12783K, committed 13056K, reserved 1114112K
  class space    used 1226K, committed 1344K, reserved 1048576K
}
Event: 7.900 GC heap after
{Heap after GC invocations=9 (full 3):
 garbage-first heap   total 77824K, used 47279K [0x0000000608c00000, 0x0000000800000000)
  region size 4096K, 1 young (4096K), 1 survivors (4096K)
 Metaspace       used 12783K, committed 13056K, reserved 1114112K
  class space    used 1226K, committed 1344K, reserved 1048576K
}
Event: 8.547 GC heap before
{Heap before GC invocations=10 (full 3):
 garbage-first heap   total 90112K, used 51375K [0x0000000608c00000, 0x0000000800000000)
  region size 4096K, 2 young (8192K), 1 survivors (4096K)
 Metaspace       used 12788K, committed 13056K, reserved 1114112K
  class space    used 1226K, committed 1344K, reserved 1048576K
}
Event: 8.551 GC heap after
{Heap after GC invocations=11 (full 3):
 garbage-first heap   total 303104K, used 51060K [0x0000000608c00000, 0x0000000800000000)
  region size 4096K, 1 young (4096K), 1 survivors (4096K)
 Metaspace       used 12788K, committed 13056K, reserved 1114112K
  class space    used 1226K, committed 1344K, reserved 1048576K
}
Event: 26.114 GC heap before
{Heap before GC invocations=11 (full 3):
 garbage-first heap   total 303104K, used 100212K [0x0000000608c00000, 0x0000000800000000)
  region size 4096K, 15 young (61440K), 1 survivors (4096K)
 Metaspace       used 13780K, committed 14144K, reserved 1114112K
  class space    used 1270K, committed 1472K, reserved 1048576K
}
Event: 26.131 GC heap after
{Heap after GC invocations=12 (full 4):
 garbage-first heap   total 286720K, used 70549K [0x0000000608c00000, 0x0000000800000000)
  region size 4096K, 0 young (0K), 0 survivors (0K)
 Metaspace       used 13780K, committed 14144K, reserved 1114112K
  class space    used 1270K, committed 1472K, reserved 1048576K
}
Event: 32.777 GC heap before
{Heap before GC invocations=12 (full 4):
 garbage-first heap   total 286720K, used 111509K [0x0000000608c00000, 0x0000000800000000)
  region size 4096K, 12 young (49152K), 0 survivors (0K)
 Metaspace       used 14058K, committed 14400K, reserved 1114112K
  class space    used 1285K, committed 1472K, reserved 1048576K
}
Event: 32.791 GC heap after
{Heap after GC invocations=13 (full 5):
 garbage-first heap   total 286720K, used 70846K [0x0000000608c00000, 0x0000000800000000)
  region size 4096K, 0 young (0K), 0 survivors (0K)
 Metaspace       used 14058K, committed 14400K, reserved 1114112K
  class space    used 1285K, committed 1472K, reserved 1048576K
}
Event: 32.791 GC heap before
{Heap before GC invocations=13 (full 5):
 garbage-first heap   total 286720K, used 70846K [0x0000000608c00000, 0x0000000800000000)
  region size 4096K, 0 young (0K), 0 survivors (0K)
 Metaspace       used 14058K, committed 14400K, reserved 1114112K
  class space    used 1285K, committed 1472K, reserved 1048576K
}
Event: 32.803 GC heap after
{Heap after GC invocations=14 (full 6):
 garbage-first heap   total 286720K, used 70846K [0x0000000608c00000, 0x0000000800000000)
  region size 4096K, 0 young (0K), 0 survivors (0K)
 Metaspace       used 14058K, committed 14400K, reserved 1114112K
  class space    used 1285K, committed 1472K, reserved 1048576K
}
Event: 34.346 GC heap before
{Heap before GC invocations=14 (full 6):
 garbage-first heap   total 286720K, used 95422K [0x0000000608c00000, 0x0000000800000000)
  region size 4096K, 7 young (28672K), 0 survivors (0K)
 Metaspace       used 14074K, committed 14400K, reserved 1114112K
  class space    used 1285K, committed 1472K, reserved 1048576K
}
Event: 34.365 GC heap after
{Heap after GC invocations=15 (full 7):
 garbage-first heap   total 286720K, used 94143K [0x0000000608c00000, 0x0000000800000000)
  region size 4096K, 0 young (0K), 0 survivors (0K)
 Metaspace       used 14074K, committed 14400K, reserved 1114112K
  class space    used 1285K, committed 1472K, reserved 1048576K
}
Event: 54.427 GC heap before
{Heap before GC invocations=15 (full 7):
 garbage-first heap   total 286720K, used 155583K [0x0000000608c00000, 0x0000000800000000)
  region size 4096K, 15 young (61440K), 0 survivors (0K)
 Metaspace       used 14130K, committed 14464K, reserved 1114112K
  class space    used 1285K, committed 1472K, reserved 1048576K
}
Event: 54.436 GC heap after
{Heap after GC invocations=16 (full 7):
 garbage-first heap   total 286720K, used 123279K [0x0000000608c00000, 0x0000000800000000)
  region size 4096K, 2 young (8192K), 2 survivors (8192K)
 Metaspace       used 14130K, committed 14464K, reserved 1114112K
  class space    used 1285K, committed 1472K, reserved 1048576K
}
Event: 54.643 GC heap before
{Heap before GC invocations=16 (full 7):
 garbage-first heap   total 286720K, used 123279K [0x0000000608c00000, 0x0000000800000000)
  region size 4096K, 3 young (12288K), 2 survivors (8192K)
 Metaspace       used 14130K, committed 14464K, reserved 1114112K
  class space    used 1285K, committed 1472K, reserved 1048576K
}
Event: 54.660 GC heap after
{Heap after GC invocations=17 (full 8):
 garbage-first heap   total 286720K, used 72760K [0x0000000608c00000, 0x0000000800000000)
  region size 4096K, 0 young (0K), 0 survivors (0K)
 Metaspace       used 14130K, committed 14464K, reserved 1114112K
  class space    used 1285K, committed 1472K, reserved 1048576K
}

Dll operation events (15 events):
Event: 0.010 Loaded shared library C:\Users\gagek\.p2\pool\plugins\org.eclipse.justj.openjdk.hotspot.jre.full.win32.x86_64_21.0.8.v20250724-1412\jre\bin\java.dll
Event: 0.058 Loaded shared library C:\Users\gagek\.p2\pool\plugins\org.eclipse.justj.openjdk.hotspot.jre.full.win32.x86_64_21.0.8.v20250724-1412\jre\bin\zip.dll
Event: 0.125 Loaded shared library C:\Users\gagek\.p2\pool\plugins\org.eclipse.justj.openjdk.hotspot.jre.full.win32.x86_64_21.0.8.v20250724-1412\jre\bin\net.dll
Event: 0.129 Loaded shared library C:\Users\gagek\.p2\pool\plugins\org.eclipse.justj.openjdk.hotspot.jre.full.win32.x86_64_21.0.8.v20250724-1412\jre\bin\nio.dll
Event: 0.134 Loaded shared library C:\Users\gagek\.p2\pool\plugins\org.eclipse.justj.openjdk.hotspot.jre.full.win32.x86_64_21.0.8.v20250724-1412\jre\bin\zip.dll
Event: 0.200 Loaded shared library C:\Users\gagek\.p2\pool\plugins\org.eclipse.justj.openjdk.hotspot.jre.full.win32.x86_64_21.0.8.v20250724-1412\jre\bin\jimage.dll
Event: 0.232 Loaded shared library C:\Users\gagek\.p2\pool\plugins\org.eclipse.justj.openjdk.hotspot.jre.full.win32.x86_64_21.0.8.v20250724-1412\jre\bin\awt.dll
Event: 0.380 Loaded shared library C:\Users\gagek\.p2\pool\plugins\org.eclipse.justj.openjdk.hotspot.jre.full.win32.x86_64_21.0.8.v20250724-1412\jre\bin\freetype.dll
Event: 0.381 Loaded shared library C:\Users\gagek\.p2\pool\plugins\org.eclipse.justj.openjdk.hotspot.jre.full.win32.x86_64_21.0.8.v20250724-1412\jre\bin\fontmanager.dll
Event: 0.537 Loaded shared library C:\Users\gagek\.p2\pool\plugins\org.eclipse.justj.openjdk.hotspot.jre.full.win32.x86_64_21.0.8.v20250724-1412\jre\bin\verify.dll
Event: 0.552 Loaded shared library C:\MinecraftAlphaDev\libraries\natives\lwjgl64.dll
Event: 0.575 Loaded shared library C:\Users\gagek\.p2\pool\plugins\org.eclipse.justj.openjdk.hotspot.jre.full.win32.x86_64_21.0.8.v20250724-1412\jre\bin\jawt.dll
Event: 1.471 Loaded shared library C:\MinecraftAlphaDev\libraries\natives\jinput-dx8_64.dll
Event: 1.663 Loaded shared library C:\MinecraftAlphaDev\libraries\natives\jinput-raw_64.dll
Event: 2.468 Loaded shared library C:\Users\gagek\.p2\pool\plugins\org.eclipse.justj.openjdk.hotspot.jre.full.win32.x86_64_21.0.8.v20250724-1412\jre\bin\extnet.dll

Deoptimization events (20 events):
Event: 53.807 Thread 0x0000013fcf584610 Uncommon trap: trap_request=0xffffff45 fr.pc=0x0000013ff4a76968 relative=0x00000000000001a8
Event: 53.807 Thread 0x0000013fcf584610 Uncommon trap: reason=unstable_if action=reinterpret pc=0x0000013ff4a76968 method=net.minecraft.src.Chunk.isAtLocation(II)Z @ 5 c2
Event: 53.807 Thread 0x0000013fcf584610 DEOPT PACKING pc=0x0000013ff4a76968 sp=0x0000001adf8fed40
Event: 53.807 Thread 0x0000013fcf584610 DEOPT UNPACKING pc=0x0000013ff44146a2 sp=0x0000001adf8feb80 mode 2
Event: 53.807 Thread 0x0000013fcf584610 Uncommon trap: trap_request=0xffffff45 fr.pc=0x0000013ff4a42940 relative=0x0000000000000120
Event: 53.807 Thread 0x0000013fcf584610 Uncommon trap: reason=unstable_if action=reinterpret pc=0x0000013ff4a42940 method=net.minecraft.src.Chunk.isAtLocation(II)Z @ 5 c2
Event: 53.807 Thread 0x0000013fcf584610 DEOPT PACKING pc=0x0000013ff4a42940 sp=0x0000001adf8fedd0
Event: 53.807 Thread 0x0000013fcf584610 DEOPT UNPACKING pc=0x0000013ff44146a2 sp=0x0000001adf8fecf0 mode 2
Event: 53.821 Thread 0x0000013fcf584610 Uncommon trap: trap_request=0xffffff45 fr.pc=0x0000013ff4c1e850 relative=0x0000000000001890
Event: 53.821 Thread 0x0000013fcf584610 Uncommon trap: reason=unstable_if action=reinterpret pc=0x0000013ff4c1e850 method=net.minecraft.src.Chunk.isAtLocation(II)Z @ 5 c2
Event: 53.821 Thread 0x0000013fcf584610 DEOPT PACKING pc=0x0000013ff4c1e850 sp=0x0000001adf8feb90
Event: 53.821 Thread 0x0000013fcf584610 DEOPT UNPACKING pc=0x0000013ff44146a2 sp=0x0000001adf8fe948 mode 2
Event: 53.821 Thread 0x0000013fcf584610 Uncommon trap: trap_request=0xffffff45 fr.pc=0x0000013ff4a60cd0 relative=0x0000000000000790
Event: 53.821 Thread 0x0000013fcf584610 Uncommon trap: reason=unstable_if action=reinterpret pc=0x0000013ff4a60cd0 method=net.minecraft.src.Chunk.isAtLocation(II)Z @ 5 c2
Event: 53.821 Thread 0x0000013fcf584610 DEOPT PACKING pc=0x0000013ff4a60cd0 sp=0x0000001adf8feaf0
Event: 53.821 Thread 0x0000013fcf584610 DEOPT UNPACKING pc=0x0000013ff44146a2 sp=0x0000001adf8fe930 mode 2
Event: 55.340 Thread 0x0000013fdbb7de60 Uncommon trap: trap_request=0xffffffcc fr.pc=0x0000013ff4a417c4 relative=0x0000000000000204
Event: 55.340 Thread 0x0000013fdbb7de60 Uncommon trap: reason=intrinsic_or_type_checked_inlining action=make_not_entrant pc=0x0000013ff4a417c4 method=java.util.Arrays.copyOf([Ljava/lang/Object;ILjava/lang/Class;)[Ljava/lang/Object; @ 35 c2
Event: 55.340 Thread 0x0000013fdbb7de60 DEOPT PACKING pc=0x0000013ff4a417c4 sp=0x0000001ae0cff330
Event: 55.340 Thread 0x0000013fdbb7de60 DEOPT UNPACKING pc=0x0000013ff44146a2 sp=0x0000001ae0cff2d8 mode 2

Classes loaded (20 events):
Event: 27.146 Loading class sun/awt/image/BufImgSurfaceManager
Event: 27.146 Loading class sun/awt/image/BufImgSurfaceManager done
Event: 27.146 Loading class sun/awt/image/BufImgSurfaceData
Event: 27.146 Loading class sun/awt/image/BufImgSurfaceData done
Event: 27.147 Loading class sun/awt/image/BufImgSurfaceData$ICMColorData
Event: 27.147 Loading class sun/awt/image/BufImgSurfaceData$ICMColorData done
Event: 27.147 Loading class sun/awt/image/BufferedImageGraphicsConfig
Event: 27.147 Loading class sun/awt/image/BufferedImageGraphicsConfig done
Event: 27.147 Loading class sun/awt/image/BufferedImageDevice
Event: 27.147 Loading class sun/awt/image/BufferedImageDevice done
Event: 27.147 Loading class java/awt/image/MultiResolutionImage
Event: 27.147 Loading class java/awt/image/MultiResolutionImage done
Event: 27.147 Loading class sun/awt/image/ToolkitImage
Event: 27.148 Loading class sun/awt/image/ToolkitImage done
Event: 27.152 Loading class java/util/zip/ZipInputStream
Event: 27.152 Loading class java/util/zip/ZipInputStream done
Event: 55.340 Loading class java/util/WeakHashMap$KeyIterator
Event: 55.340 Loading class java/util/WeakHashMap$HashIterator
Event: 55.340 Loading class java/util/WeakHashMap$HashIterator done
Event: 55.341 Loading class java/util/WeakHashMap$KeyIterator done

Classes unloaded (0 events):
No events

Classes redefined (0 events):
No events

Internal exceptions (20 events):
Event: 52.963 Thread 0x0000013fcfb11a00 Exception <a 'java/lang/InterruptedException'{0x0000000617e7ae40}: sleep interrupted> (0x0000000617e7ae40) 
thrown [s\src\hotspot\share\prims\jvm.cpp, line 3074]
Event: 53.001 Thread 0x0000013fcfb11a00 Exception <a 'java/lang/InterruptedException'{0x0000000617e7b198}: sleep interrupted> (0x0000000617e7b198) 
thrown [s\src\hotspot\share\prims\jvm.cpp, line 3074]
Event: 53.040 Thread 0x0000013fcfb11a00 Exception <a 'java/lang/InterruptedException'{0x0000000617e7b4f0}: sleep interrupted> (0x0000000617e7b4f0) 
thrown [s\src\hotspot\share\prims\jvm.cpp, line 3074]
Event: 53.088 Thread 0x0000013fcfb11a00 Exception <a 'java/lang/InterruptedException'{0x0000000617e7b848}: sleep interrupted> (0x0000000617e7b848) 
thrown [s\src\hotspot\share\prims\jvm.cpp, line 3074]
Event: 53.131 Thread 0x0000013fcfb11a00 Exception <a 'java/lang/InterruptedException'{0x0000000617e7bba0}: sleep interrupted> (0x0000000617e7bba0) 
thrown [s\src\hotspot\share\prims\jvm.cpp, line 3074]
Event: 53.181 Thread 0x0000013fcfb11a00 Exception <a 'java/lang/InterruptedException'{0x0000000617e7bef8}: sleep interrupted> (0x0000000617e7bef8) 
thrown [s\src\hotspot\share\prims\jvm.cpp, line 3074]
Event: 53.222 Thread 0x0000013fcfb11a00 Exception <a 'java/lang/InterruptedException'{0x0000000617e7c250}: sleep interrupted> (0x0000000617e7c250) 
thrown [s\src\hotspot\share\prims\jvm.cpp, line 3074]
Event: 53.222 Thread 0x0000013fcfb11a00 Exception <a 'java/lang/InterruptedException'{0x0000000617e7c5a8}: sleep interrupted> (0x0000000617e7c5a8) 
thrown [s\src\hotspot\share\prims\jvm.cpp, line 3052]
Event: 53.263 Thread 0x0000013fcfb11a00 Exception <a 'java/lang/InterruptedException'{0x0000000617e7c8c0}: sleep interrupted> (0x0000000617e7c8c0) 
thrown [s\src\hotspot\share\prims\jvm.cpp, line 3074]
Event: 53.301 Thread 0x0000013fcfb11a00 Exception <a 'java/lang/InterruptedException'{0x0000000617e7cc18}: sleep interrupted> (0x0000000617e7cc18) 
thrown [s\src\hotspot\share\prims\jvm.cpp, line 3074]
Event: 53.339 Thread 0x0000013fcfb11a00 Exception <a 'java/lang/InterruptedException'{0x0000000617e7cf70}: sleep interrupted> (0x0000000617e7cf70) 
thrown [s\src\hotspot\share\prims\jvm.cpp, line 3074]
Event: 53.380 Thread 0x0000013fcfb11a00 Exception <a 'java/lang/InterruptedException'{0x0000000617e7d2c8}: sleep interrupted> (0x0000000617e7d2c8) 
thrown [s\src\hotspot\share\prims\jvm.cpp, line 3074]
Event: 53.424 Thread 0x0000013fcfb11a00 Exception <a 'java/lang/InterruptedException'{0x0000000617e7d620}: sleep interrupted> (0x0000000617e7d620) 
thrown [s\src\hotspot\share\prims\jvm.cpp, line 3074]
Event: 53.477 Thread 0x0000013fcfb11a00 Exception <a 'java/lang/InterruptedException'{0x0000000617e7d978}: sleep interrupted> (0x0000000617e7d978) 
thrown [s\src\hotspot\share\prims\jvm.cpp, line 3074]
Event: 53.518 Thread 0x0000013fcfb11a00 Exception <a 'java/lang/InterruptedException'{0x0000000617e7dcd0}: sleep interrupted> (0x0000000617e7dcd0) 
thrown [s\src\hotspot\share\prims\jvm.cpp, line 3074]
Event: 53.560 Thread 0x0000013fcfb11a00 Exception <a 'java/lang/InterruptedException'{0x0000000617e7e028}: sleep interrupted> (0x0000000617e7e028) 
thrown [s\src\hotspot\share\prims\jvm.cpp, line 3074]
Event: 53.602 Thread 0x0000013fcfb11a00 Exception <a 'java/lang/InterruptedException'{0x0000000617e7e380}: sleep interrupted> (0x0000000617e7e380) 
thrown [s\src\hotspot\share\prims\jvm.cpp, line 3074]
Event: 53.651 Thread 0x0000013fcfb11a00 Exception <a 'java/lang/InterruptedException'{0x0000000617e7e6d8}: sleep interrupted> (0x0000000617e7e6d8) 
thrown [s\src\hotspot\share\prims\jvm.cpp, line 3074]
Event: 53.723 Thread 0x0000013fcfb11a00 Exception <a 'java/lang/InterruptedException'{0x0000000617e7ea30}: sleep interrupted> (0x0000000617e7ea30) 
thrown [s\src\hotspot\share\prims\jvm.cpp, line 3074]
Event: 53.786 Thread 0x0000013fcfb11a00 Exception <a 'java/lang/InterruptedException'{0x0000000617e7ed88}: sleep interrupted> (0x0000000617e7ed88) 
thrown [s\src\hotspot\share\prims\jvm.cpp, line 3074]

ZGC Phase Switch (0 events):
No events

VM Operations (20 events):
Event: 42.369 Executing VM operation: Cleanup done
Event: 43.370 Executing VM operation: Cleanup
Event: 43.370 Executing VM operation: Cleanup done
Event: 45.370 Executing VM operation: Cleanup
Event: 45.370 Executing VM operation: Cleanup done
Event: 48.372 Executing VM operation: Cleanup
Event: 48.372 Executing VM operation: Cleanup done
Event: 49.372 Executing VM operation: Cleanup
Event: 49.373 Executing VM operation: Cleanup done
Event: 51.373 Executing VM operation: Cleanup
Event: 51.373 Executing VM operation: Cleanup done
Event: 52.373 Executing VM operation: Cleanup
Event: 52.373 Executing VM operation: Cleanup done
Event: 54.374 Executing VM operation: Cleanup
Event: 54.374 Executing VM operation: Cleanup done
Event: 54.427 Executing VM operation: G1CollectForAllocation (G1 Evacuation Pause)
Event: 54.436 Executing VM operation: G1CollectForAllocation (G1 Evacuation Pause) done
Event: 54.643 Executing VM operation: G1CollectFull (System.gc())
Event: 54.660 Executing VM operation: G1CollectFull (System.gc()) done
Event: 55.443 Executing VM operation: Exit

Memory protections (0 events):
No events

Nmethod flushes (20 events):
Event: 32.797 Thread 0x0000013ffe766990 flushing  nmethod 0x0000013fed190c90
Event: 32.797 Thread 0x0000013ffe766990 flushing  nmethod 0x0000013fed191890
Event: 32.797 Thread 0x0000013ffe766990 flushing  nmethod 0x0000013fed191e90
Event: 32.797 Thread 0x0000013ffe766990 flushing  nmethod 0x0000013fed49f610
Event: 32.797 Thread 0x0000013ffe766990 flushing  nmethod 0x0000013fed4a0410
Event: 32.797 Thread 0x0000013ffe766990 flushing  nmethod 0x0000013fed4a8810
Event: 32.797 Thread 0x0000013ffe766990 flushing osr nmethod 0x0000013fed4c4710
Event: 32.797 Thread 0x0000013ffe766990 flushing  nmethod 0x0000013fed4c5190
Event: 32.797 Thread 0x0000013ffe766990 flushing osr nmethod 0x0000013fed4c5a10
Event: 32.797 Thread 0x0000013ffe766990 flushing  nmethod 0x0000013fed4c6090
Event: 54.649 Thread 0x0000013ffe766990 flushing  nmethod 0x0000013fecea3c10
Event: 54.649 Thread 0x0000013ffe766990 flushing  nmethod 0x0000013fecf5af10
Event: 54.649 Thread 0x0000013ffe766990 flushing osr nmethod 0x0000013ff4c24b90
Event: 54.649 Thread 0x0000013ffe766990 flushing  nmethod 0x0000013fecf91510
Event: 54.649 Thread 0x0000013ffe766990 flushing  nmethod 0x0000013fed128990
Event: 54.649 Thread 0x0000013ffe766990 flushing  nmethod 0x0000013fecf48890
Event: 54.649 Thread 0x0000013ffe766990 flushing  nmethod 0x0000013fed013f90
Event: 54.649 Thread 0x0000013ffe766990 flushing  nmethod 0x0000013ff49b1710
Event: 54.649 Thread 0x0000013ffe766990 flushing  nmethod 0x0000013ff4c53490
Event: 54.649 Thread 0x0000013ffe766990 flushing  nmethod 0x0000013ff4c56c10

Events (20 events):
Event: 27.489 Thread 0x0000013fd98762b0 Thread exited: 0x0000013fd98762b0
Event: 29.712 Thread 0x0000013fcf01a340 Thread added: 0x0000013fd1f615c0
Event: 29.712 Thread 0x0000013fcf01a340 Thread added: 0x0000013fd1f5f3b0
Event: 30.044 Thread 0x0000013fd1f5f3b0 Thread exited: 0x0000013fd1f5f3b0
Event: 31.580 Thread 0x0000013fd1f615c0 Thread exited: 0x0000013fd1f615c0
Event: 55.338 Thread 0x0000013fcf584610 Thread exited: 0x0000013fcf584610
Event: 55.339 Thread 0x0000013fcf50ab80 Thread added: 0x0000013fdbb812e0
Event: 55.340 Thread 0x0000013fcf50ab80 Thread added: 0x0000013fdbb7de60
Event: 55.340 Thread 0x0000013fcf50ab80 Thread added: 0x0000013fdbb81970
Event: 55.340 Thread 0x0000013fcf50ab80 Thread added: 0x0000013fdbb82690
Event: 55.340 Thread 0x0000013fcf50ab80 Thread added: 0x0000013fdbb82000
Event: 55.340 Thread 0x0000013fcf50ab80 Thread added: 0x0000013fd67f2580
Event: 55.340 Thread 0x0000013fdbb81970 Thread exited: 0x0000013fdbb81970
Event: 55.340 Thread 0x0000013fdbb7de60 Thread exited: 0x0000013fdbb7de60
Event: 55.341 Thread 0x0000013fd67f2580 Thread exited: 0x0000013fd67f2580
Event: 55.341 Thread 0x0000013fdbb812e0 Thread exited: 0x0000013fdbb812e0
Event: 55.354 Thread 0x0000013fdbb82690 Thread exited: 0x0000013fdbb82690
Event: 55.383 Thread 0x0000013fcf3fc270 Thread exited: 0x0000013fcf3fc270
Event: 55.442 Thread 0x0000013fdbb82000 Thread exited: 0x0000013fdbb82000
Event: 55.442 Thread 0x0000013fcf50ab80 Before exit entered


Dynamic libraries:
0x00007ff7d8d50000 - 0x00007ff7d8d5e000 	C:\Users\gagek\.p2\pool\plugins\org.eclipse.justj.openjdk.hotspot.jre.full.win32.x86_64_21.0.8.v20250724-1412\jre\bin\javaw.exe
0x00007ffe18220000 - 0x00007ffe18487000 	C:\windows\SYSTEM32\ntdll.dll
0x00007ffe17580000 - 0x00007ffe17649000 	C:\windows\System32\KERNEL32.DLL
0x00007ffe15590000 - 0x00007ffe15980000 	C:\windows\System32\KERNELBASE.dll
0x00007ffe15e60000 - 0x00007ffe15fab000 	C:\windows\System32\ucrtbase.dll
0x00007ffdee8e0000 - 0x00007ffdee8f8000 	C:\Users\gagek\.p2\pool\plugins\org.eclipse.justj.openjdk.hotspot.jre.full.win32.x86_64_21.0.8.v20250724-1412\jre\bin\jli.dll
0x00007ffe15fb0000 - 0x00007ffe16175000 	C:\windows\System32\USER32.dll
0x00007ffe15560000 - 0x00007ffe15587000 	C:\windows\System32\win32u.dll
0x00007ffe17be0000 - 0x00007ffe17c0b000 	C:\windows\System32\GDI32.dll
0x00007ffe15b10000 - 0x00007ffe15c48000 	C:\windows\System32\gdi32full.dll
0x00007ffe154b0000 - 0x00007ffe15553000 	C:\windows\System32\msvcp_win.dll
0x00007ffdee8c0000 - 0x00007ffdee8de000 	C:\Users\gagek\.p2\pool\plugins\org.eclipse.justj.openjdk.hotspot.jre.full.win32.x86_64_21.0.8.v20250724-1412\jre\bin\VCRUNTIME140.dll
0x00007ffdf38e0000 - 0x00007ffdf3b7a000 	C:\windows\WinSxS\amd64_microsoft.windows.common-controls_6595b64144ccf1df_6.0.26100.4768_none_3e0c112ce331287c\COMCTL32.dll
0x00007ffe17860000 - 0x00007ffe17909000 	C:\windows\System32\msvcrt.dll
0x00007ffe17c10000 - 0x00007ffe17c3f000 	C:\windows\System32\IMM32.DLL
0x00007ffe10b20000 - 0x00007ffe10b2c000 	C:\Users\gagek\.p2\pool\plugins\org.eclipse.justj.openjdk.hotspot.jre.full.win32.x86_64_21.0.8.v20250724-1412\jre\bin\vcruntime140_1.dll
0x00007ffdbe910000 - 0x00007ffdbe99d000 	C:\Users\gagek\.p2\pool\plugins\org.eclipse.justj.openjdk.hotspot.jre.full.win32.x86_64_21.0.8.v20250724-1412\jre\bin\msvcp140.dll
0x00007ffd33410000 - 0x00007ffd341a7000 	C:\Users\gagek\.p2\pool\plugins\org.eclipse.justj.openjdk.hotspot.jre.full.win32.x86_64_21.0.8.v20250724-1412\jre\bin\server\jvm.dll
0x00007ffe16b50000 - 0x00007ffe16c04000 	C:\windows\System32\ADVAPI32.dll
0x00007ffe17910000 - 0x00007ffe179b6000 	C:\windows\System32\sechost.dll
0x00007ffe179c0000 - 0x00007ffe17ad8000 	C:\windows\System32\RPCRT4.dll
0x00007ffe16720000 - 0x00007ffe16794000 	C:\windows\System32\WS2_32.dll
0x00007ffe151b0000 - 0x00007ffe1520e000 	C:\windows\SYSTEM32\POWRPROF.dll
0x00007ffe0d720000 - 0x00007ffe0d755000 	C:\windows\SYSTEM32\WINMM.dll
0x00007ffe0a3a0000 - 0x00007ffe0a3ab000 	C:\windows\SYSTEM32\VERSION.dll
0x00007ffe15190000 - 0x00007ffe151a4000 	C:\windows\SYSTEM32\UMPDC.dll
0x00007ffe14090000 - 0x00007ffe140ab000 	C:\windows\SYSTEM32\kernel.appcore.dll
0x00007ffe11210000 - 0x00007ffe1121a000 	C:\Users\gagek\.p2\pool\plugins\org.eclipse.justj.openjdk.hotspot.jre.full.win32.x86_64_21.0.8.v20250724-1412\jre\bin\jimage.dll
0x00007ffe12700000 - 0x00007ffe12941000 	C:\windows\SYSTEM32\DBGHELP.DLL
0x00007ffe167c0000 - 0x00007ffe16b45000 	C:\windows\System32\combase.dll
0x00007ffe173f0000 - 0x00007ffe174d0000 	C:\windows\System32\OLEAUT32.dll
0x00007ffdf4390000 - 0x00007ffdf43d3000 	C:\windows\SYSTEM32\dbgcore.DLL
0x00007ffe15410000 - 0x00007ffe154a9000 	C:\windows\System32\bcryptPrimitives.dll
0x00007ffe10f30000 - 0x00007ffe10f4f000 	C:\Users\gagek\.p2\pool\plugins\org.eclipse.justj.openjdk.hotspot.jre.full.win32.x86_64_21.0.8.v20250724-1412\jre\bin\java.dll
0x00007ffe16c10000 - 0x00007ffe1735d000 	C:\windows\System32\SHELL32.dll
0x00007ffe15990000 - 0x00007ffe15b03000 	C:\windows\System32\wintypes.dll
0x00007ffe12ef0000 - 0x00007ffe13750000 	C:\windows\SYSTEM32\windows.storage.dll
0x00007ffe17ae0000 - 0x00007ffe17bd5000 	C:\windows\System32\SHCORE.dll
0x00007ffe17cb0000 - 0x00007ffe17d1a000 	C:\windows\System32\shlwapi.dll
0x00007ffe15270000 - 0x00007ffe15299000 	C:\windows\SYSTEM32\profapi.dll
0x00007ffe10ed0000 - 0x00007ffe10ee8000 	C:\Users\gagek\.p2\pool\plugins\org.eclipse.justj.openjdk.hotspot.jre.full.win32.x86_64_21.0.8.v20250724-1412\jre\bin\zip.dll
0x00007ffe11200000 - 0x00007ffe11210000 	C:\Users\gagek\.p2\pool\plugins\org.eclipse.justj.openjdk.hotspot.jre.full.win32.x86_64_21.0.8.v20250724-1412\jre\bin\net.dll
0x00007ffe0e680000 - 0x00007ffe0e79e000 	C:\windows\SYSTEM32\WINHTTP.dll
0x00007ffe14600000 - 0x00007ffe1466b000 	C:\windows\system32\mswsock.dll
0x00007ffe111c0000 - 0x00007ffe111d6000 	C:\Users\gagek\.p2\pool\plugins\org.eclipse.justj.openjdk.hotspot.jre.full.win32.x86_64_21.0.8.v20250724-1412\jre\bin\nio.dll
0x00007ffdbe4a0000 - 0x00007ffdbe62e000 	C:\Users\gagek\.p2\pool\plugins\org.eclipse.justj.openjdk.hotspot.jre.full.win32.x86_64_21.0.8.v20250724-1412\jre\bin\awt.dll
0x00007ffe11250000 - 0x00007ffe112ee000 	C:\windows\SYSTEM32\apphelp.dll
0x00007ffe11730000 - 0x00007ffe11765000 	C:\windows\system32\DWMAPI.DLL
0x00007ffe115c0000 - 0x00007ffe1166f000 	C:\windows\system32\uxtheme.dll
0x00007ffdaf840000 - 0x00007ffdaf958000 	C:\windows\system32\opengl32.dll
0x00007ffdec0f0000 - 0x00007ffdec11d000 	C:\windows\SYSTEM32\GLU32.dll
0x00007ffe11c50000 - 0x00007ffe11c9d000 	C:\windows\SYSTEM32\dxcore.dll
0x00007ffe165b0000 - 0x00007ffe16711000 	C:\windows\System32\MSCTF.dll
0x00007ffe16400000 - 0x00007ffe165a0000 	C:\windows\System32\ole32.dll
0x00007ffdca8c0000 - 0x00007ffdca947000 	C:\Users\gagek\.p2\pool\plugins\org.eclipse.justj.openjdk.hotspot.jre.full.win32.x86_64_21.0.8.v20250724-1412\jre\bin\freetype.dll
0x00007ffdb5680000 - 0x00007ffdb576b000 	C:\Users\gagek\.p2\pool\plugins\org.eclipse.justj.openjdk.hotspot.jre.full.win32.x86_64_21.0.8.v20250724-1412\jre\bin\fontmanager.dll
0x00007ffe06dc0000 - 0x00007ffe06f11000 	C:\windows\SYSTEM32\textinputframework.dll
0x00007ffdcf690000 - 0x00007ffdcf70d000 	C:\windows\system32\Oleacc.dll
0x00007ffe17750000 - 0x00007ffe177f8000 	C:\windows\System32\clbcatq.dll
0x00007ffdd46f0000 - 0x00007ffdd474e000 	C:\windows\system32\ApplicationTargetedFeatureDatabase.dll
0x00007ffe0ac30000 - 0x00007ffe0ae68000 	C:\Windows\System32\twinapi.appcore.dll
0x00007ffe10e30000 - 0x00007ffe10e40000 	C:\Users\gagek\.p2\pool\plugins\org.eclipse.justj.openjdk.hotspot.jre.full.win32.x86_64_21.0.8.v20250724-1412\jre\bin\verify.dll
0x0000000180000000 - 0x0000000180053000 	C:\MinecraftAlphaDev\libraries\natives\lwjgl64.dll
0x00007ffe0dec0000 - 0x00007ffe0df89000 	C:\windows\SYSTEM32\mscms.dll
0x00007ffdf7470000 - 0x00007ffdf74e0000 	C:\Windows\System32\Windows.Internal.Graphics.Display.DisplayColorManagement.dll
0x00007ffe14f10000 - 0x00007ffe14f67000 	C:\windows\SYSTEM32\cfgmgr32.dll
0x00007ffe0fee0000 - 0x00007ffe0fee7000 	C:\Users\gagek\.p2\pool\plugins\org.eclipse.justj.openjdk.hotspot.jre.full.win32.x86_64_21.0.8.v20250724-1412\jre\bin\jawt.dll
0x00007ffe0b360000 - 0x00007ffe0b3ca000 	C:\windows\SYSTEM32\directxdatabasehelper.dll
0x00007ffdf9260000 - 0x00007ffdf927a000 	C:\windows\SYSTEM32\windows.staterepositorycore.dll
0x00007ffd11d00000 - 0x00007ffd132cb000 	C:\windows\System32\DriverStore\FileRepository\iigd_dch.inf_amd64_9ce4d8a46710e0e5\igxelpgicd64.dll
0x00007ffd69440000 - 0x00007ffd69463000 	C:\windows\SYSTEM32\d3d12.dll
0x00007ffe12bf0000 - 0x00007ffe12d2e000 	C:\windows\SYSTEM32\dxgi.dll
0x00007ffdfab90000 - 0x00007ffdfad37000 	C:\windows\System32\DriverStore\FileRepository\iigd_dch.inf_amd64_9ce4d8a46710e0e5\igdml64.dll
0x00007ffe04790000 - 0x00007ffe04d23000 	C:\windows\System32\DriverStore\FileRepository\iigd_dch.inf_amd64_9ce4d8a46710e0e5\igdgmm64.dll
0x00007ffd4b1f0000 - 0x00007ffd4b66e000 	C:\Users\gagek\AppData\Roaming\ow-electron\jilehohlakeokncafogkgnicgndeecdiengddbcc\packages\emifmpeaagaaglhaimndbhcpkjfmjhfnjjpoibdo\1.8.21\owe-client-x64.dll
0x00007ffe141c0000 - 0x00007ffe141f6000 	C:\windows\SYSTEM32\ntmarta.dll
0x00007ffd96ac0000 - 0x00007ffd96d37000 	C:\windows\SYSTEM32\D3D12Core.dll
0x00007ffe15240000 - 0x00007ffe15266000 	C:\windows\SYSTEM32\bcrypt.dll
0x00007ffe0aea0000 - 0x00007ffe0b01c000 	C:\windows\SYSTEM32\drvstore.dll
0x00007ffdfdf10000 - 0x00007ffe03036000 	C:\windows\System32\DriverStore\FileRepository\iigd_dch.inf_amd64_9ce4d8a46710e0e5\igc64.dll
0x00007ffe0daa0000 - 0x00007ffe0dace000 	C:\windows\SYSTEM32\D3DSCache.dll
0x00007ffe146a0000 - 0x00007ffe146cb000 	C:\windows\SYSTEM32\USERENV.dll
0x00007ffe108d0000 - 0x00007ffe10afa000 	C:\windows\SYSTEM32\dcomp.dll
0x00007ffe101d0000 - 0x00007ffe101e9000 	C:\windows\SYSTEM32\Microsoft.Internal.WarpPal.dll
0x00007ffe10f50000 - 0x00007ffe11075000 	C:\windows\SYSTEM32\CoreMessaging.dll
0x00007ffe08f90000 - 0x00007ffe09273000 	C:\windows\SYSTEM32\CoreUIComponents.dll
0x00007ffe14840000 - 0x00007ffe1484c000 	C:\windows\SYSTEM32\CRYPTBASE.DLL
0x00007ffe149e0000 - 0x00007ffe149fb000 	C:\windows\SYSTEM32\CRYPTSP.dll
0x00007ffe13ff0000 - 0x00007ffe1402b000 	C:\windows\system32\rsaenh.dll
0x00007ffe13a20000 - 0x00007ffe13a53000 	C:\windows\SYSTEM32\IPHLPAPI.DLL
0x00007ffe17800000 - 0x00007ffe1780a000 	C:\windows\System32\NSI.dll
0x0000013fd0570000 - 0x0000013fd0586000 	C:\MinecraftAlphaDev\libraries\natives\jinput-dx8_64.dll
0x00007ffde63d0000 - 0x00007ffde641b000 	C:\windows\SYSTEM32\DINPUT8.dll
0x00007ffdfd840000 - 0x00007ffdfda22000 	C:\windows\SYSTEM32\inputhost.dll
0x00007ffe13760000 - 0x00007ffe1376f000 	C:\windows\SYSTEM32\HID.DLL
0x00007ffe17d50000 - 0x00007ffe181d6000 	C:\windows\System32\SETUPAPI.DLL
0x00007ffe14f70000 - 0x00007ffe14f9d000 	C:\windows\SYSTEM32\DEVOBJ.dll
0x0000013fd0c20000 - 0x0000013fd0ca4000 	C:\windows\System32\WINTRUST.dll
0x00007ffe15ce0000 - 0x00007ffe15e57000 	C:\windows\System32\CRYPT32.dll
0x00007ffe14a50000 - 0x00007ffe14a63000 	C:\windows\SYSTEM32\MSASN1.dll
0x0000013fd05b0000 - 0x0000013fd05c4000 	C:\MinecraftAlphaDev\libraries\natives\jinput-raw_64.dll
0x0000013fd0d70000 - 0x0000013fd0dd4000 	C:\MinecraftAlphaDev\libraries\natives\OpenAL64.dll
0x00007ffe0c5a0000 - 0x00007ffe0c642000 	C:\windows\System32\MMDevApi.dll
0x00007ffdbdb00000 - 0x00007ffdbdb94000 	C:\windows\SYSTEM32\dsound.dll
0x00007ffd98640000 - 0x00007ffd98671000 	C:\windows\SYSTEM32\winmmbase.dll
0x00007ffdb5cc0000 - 0x00007ffdb5d71000 	C:\windows\SYSTEM32\ResampleDmo.DLL
0x00007ffdfcc60000 - 0x00007ffdfcc6e000 	C:\windows\SYSTEM32\msdmo.dll
0x00007ffdfa140000 - 0x00007ffdfa302000 	C:\windows\SYSTEM32\AUDIOSES.DLL
0x00007ffe11ae0000 - 0x00007ffe11af4000 	C:\windows\SYSTEM32\resourcepolicyclient.dll
0x00007ffe13a60000 - 0x00007ffe13b86000 	C:\windows\SYSTEM32\DNSAPI.dll
0x00007ffe0e2e0000 - 0x00007ffe0e2eb000 	C:\Windows\System32\rasadhlp.dll
0x00007ffe0ec90000 - 0x00007ffe0ed16000 	C:\windows\System32\fwpuclnt.dll
0x00007ffe0db30000 - 0x00007ffe0db39000 	C:\Users\gagek\.p2\pool\plugins\org.eclipse.justj.openjdk.hotspot.jre.full.win32.x86_64_21.0.8.v20250724-1412\jre\bin\extnet.dll

JVMTI agents: none

dbghelp: loaded successfully - version: 4.0.5 - missing functions: none
symbol engine: initialized successfully - sym options: 0x614 - pdb path: .;C:\Users\gagek\.p2\pool\plugins\org.eclipse.justj.openjdk.hotspot.jre.full.win32.x86_64_21.0.8.v20250724-1412\jre\bin;C:\windows\SYSTEM32;C:\windows\WinSxS\amd64_microsoft.windows.common-controls_6595b64144ccf1df_6.0.26100.4768_none_3e0c112ce331287c;C:\Users\gagek\.p2\pool\plugins\org.eclipse.justj.openjdk.hotspot.jre.full.win32.x86_64_21.0.8.v20250724-1412\jre\bin\server;C:\MinecraftAlphaDev\libraries\natives;C:\windows\System32\DriverStore\FileRepository\iigd_dch.inf_amd64_9ce4d8a46710e0e5;C:\Users\gagek\AppData\Roaming\ow-electron\jilehohlakeokncafogkgnicgndeecdiengddbcc\packages\emifmpeaagaaglhaimndbhcpkjfmjhfnjjpoibdo\1.8.21

VM Arguments:
jvm_args: -Djava.library.path=C:\MinecraftAlphaDev\libraries\natives -Dfile.encoding=UTF-8 -Dstdout.encoding=UTF-8 -Dstderr.encoding=UTF-8 -XX:+ShowCodeDetailsInExceptionMessages 
java_command: net.minecraft.client.Minecraft
java_class_path (initial): C:\MinecraftAlphaDev\minecraft\output;C:\MinecraftAlphaDev\libraries\net\java\jinput\jinput\2.0.5\jinput-2.0.5.jar;C:\MinecraftAlphaDev\libraries\net\java\jutils\jutils\1.0.0\jutils-1.0.0.jar;C:\MinecraftAlphaDev\libraries\org\lwjgl\lwjgl\lwjgl\2.9.4-nightly-20150209\lwjgl-2.9.4-nightly-20150209.jar;C:\MinecraftAlphaDev\libraries\org\lwjgl\lwjgl\lwjgl_util\2.9.4-nightly-20150209\lwjgl_util-2.9.4-nightly-20150209.jar;C:\MinecraftAlphaDev\libraries\org\lwjgl\lwjgl\lwjgl-platform\2.9.4-nightly-20150209\lwjgl-platform-2.9.4-nightly-20150209.jar;C:\MinecraftAlphaDev\libraries\com\paulscode\codecjorbis\20230120\codecjorbis-20230120.jar;C:\MinecraftAlphaDev\libraries\com\paulscode\codecwav\20101023\codecwav-20101023.jar;C:\MinecraftAlphaDev\libraries\com\paulscode\libraryjavasound\20101123\libraryjavasound-20101123.jar;C:\MinecraftAlphaDev\libraries\com\paulscode\librarylwjglopenal\20100824\librarylwjglopenal-20100824.jar;C:\MinecraftAlphaDev\libraries\com\paulscode\soundsystem\20120107\soundsystem-20120107.jar;C:\MinecraftAlphaDev\libraries\org\mcphackers\launchwrapper\1.1.3\launchwrapper-1.1.3.jar;C:\MinecraftAlphaDev\libraries\org\json\json\20230311\json-20230311.jar;C:\MinecraftAlphaDev\libraries\org\ow2\asm\asm\9.7\asm-9.7.jar;C:\MinecraftAlphaDev\libraries\org\ow2\asm\asm-tree\9.7\asm-tree-9.7.jar;C:\MinecraftAlphaDev\minecraft\jars\deobfuscated.jar
Launcher Type: SUN_STANDARD

[Global flags]
     intx CICompilerCount                          = 4                                         {product} {ergonomic}
     uint ConcGCThreads                            = 3                                         {product} {ergonomic}
     uint G1ConcRefinementThreads                  = 11                                        {product} {ergonomic}
   size_t G1HeapRegionSize                         = 4194304                                   {product} {ergonomic}
    uintx GCDrainStackTargetSize                   = 64                                        {product} {ergonomic}
   size_t InitialHeapSize                          = 528482304                                 {product} {ergonomic}
   size_t MarkStackSize                            = 4194304                                   {product} {ergonomic}
   size_t MaxHeapSize                              = 8443133952                                {product} {ergonomic}
   size_t MaxNewSize                               = 5062524928                                {product} {ergonomic}
   size_t MinHeapDeltaBytes                        = 4194304                                   {product} {ergonomic}
   size_t MinHeapSize                              = 8388608                                   {product} {ergonomic}
    uintx NonNMethodCodeHeapSize                   = 5839372                                {pd product} {ergonomic}
    uintx NonProfiledCodeHeapSize                  = 122909434                              {pd product} {ergonomic}
    uintx ProfiledCodeHeapSize                     = 122909434                              {pd product} {ergonomic}
    uintx ReservedCodeCacheSize                    = 251658240                              {pd product} {ergonomic}
     bool SegmentedCodeCache                       = true                                      {product} {ergonomic}
     bool ShowCodeDetailsInExceptionMessages       = true                                   {manageable} {command line}
   size_t SoftMaxHeapSize                          = 8443133952                             {manageable} {ergonomic}
     bool UseCompressedOops                        = true                           {product lp64_product} {ergonomic}
     bool UseG1GC                                  = true                                      {product} {ergonomic}
     bool UseLargePagesIndividualAllocation        = false                                  {pd product} {ergonomic}

Logging:
Log output configuration:
 #0: stdout all=off uptime,level,tags foldmultilines=false
 #1: stderr all=off uptime,level,tags foldmultilines=false

Environment Variables:
PATH=C:/Users/gagek/.p2/pool/plugins/org.eclipse.justj.openjdk.hotspot.jre.full.win32.x86_64_21.0.8.v20250724-1412/jre/bin/server;C:/Users/gagek/.p2/pool/plugins/org.eclipse.justj.openjdk.hotspot.jre.full.win32.x86_64_21.0.8.v20250724-1412/jre/bin;C:\Program Files\Zulu\zulu-21\bin\;C:\Program Files (x86)\Common Files\Oracle\Java\java8path;C:\Program Files (x86)\Common Files\Oracle\Java\javapath;C:\Program Files\Oculus\Support\oculus-runtime;c:\devkitPro\msys2\usr\bin;C:\windows\system32;C:\windows;C:\windows\System32\Wbem;C:\windows\System32\WindowsPowerShell\v1.0\;C:\windows\System32\OpenSSH\;C:\Program Files\HP\HP One Agent;C:\Program Files\dotnet\;C:\Program Files (x86)\Microsoft SQL Server\160\Tools\Binn\;C:\Program Files\Microsoft SQL Server\160\Tools\Binn\;C:\Program Files\Microsoft SQL Server\Client SDK\ODBC\170\Tools\Binn\;C:\Program Files\Microsoft SQL Server\160\DTS\Binn\;C:\Program Files (x86)\Windows Kits\8.1\Windows Performance Toolkit\;C:\Program Files\Docker\Docker\resources\bin;C:\Program Files (x86)\Gpg4win\..\GnuPG\bin;C:\Users\gagek\AppData\Local\Microsoft\WindowsApps;C:\Users\gagek\AppData\Local\Programs\Microsoft VS Code\bin;C:\msys64\mingw64\bin;C:\Users\gagek\.aftman\bin;C:\Users\gagek\AppData\Local\GitHubDesktop\bin;C:\Users\gagek\AppData\Local\Muse Hub\lib;C:\Users\gagek\OneDrive\Desktop;
USERNAME=gagek
OS=Windows_NT
PROCESSOR_IDENTIFIER=Intel64 Family 6 Model 170 Stepping 4, GenuineIntel
TMP=C:\Users\gagek\AppData\Local\Temp
TEMP=C:\Users\gagek\AppData\Local\Temp




Periodic native trim disabled

---------------  S Y S T E M  ---------------

OS:
 Windows 11 , 64 bit Build 26100 (10.0.26100.4768)
OS uptime: 5 days 4:41 hours
Hyper-V role detected

CPU: total 14 (initial active 14) (7 cores per cpu, 2 threads per core) family 6 model 170 stepping 4 microcode 0x1f, cx8, cmov, fxsr, ht, mmx, 3dnowpref, sse, sse2, sse3, ssse3, sse4.1, sse4.2, popcnt, lzcnt, tsc, tscinvbit, avx, avx2, aes, erms, clmul, bmi1, bmi2, adx, sha, fma, vzeroupper, clflush, clflushopt, clwb, hv, serialize, rdtscp, rdpid, fsrm, f16c, cet_ibt, cet_ss
Processor Information for processor 0
  Max Mhz: 1700, Current Mhz: 1700, Mhz Limit: 1700
Processor Information for processor 1
  Max Mhz: 1700, Current Mhz: 1700, Mhz Limit: 1700
Processor Information for processor 2
  Max Mhz: 1200, Current Mhz: 1200, Mhz Limit: 1200
Processor Information for processor 3
  Max Mhz: 1200, Current Mhz: 1200, Mhz Limit: 1200
Processor Information for processor 4
  Max Mhz: 1200, Current Mhz: 1200, Mhz Limit: 1200
Processor Information for processor 5
  Max Mhz: 1200, Current Mhz: 1200, Mhz Limit: 1200
Processor Information for processor 6
  Max Mhz: 1200, Current Mhz: 1200, Mhz Limit: 1200
Processor Information for processor 7
  Max Mhz: 1200, Current Mhz: 1200, Mhz Limit: 1200
Processor Information for processor 8
  Max Mhz: 1200, Current Mhz: 1200, Mhz Limit: 1200
Processor Information for processor 9
  Max Mhz: 1200, Current Mhz: 1200, Mhz Limit: 1200
Processor Information for processor 10
  Max Mhz: 1700, Current Mhz: 1700, Mhz Limit: 1700
Processor Information for processor 11
  Max Mhz: 1700, Current Mhz: 1700, Mhz Limit: 1700
Processor Information for processor 12
  Max Mhz: 700, Current Mhz: 700, Mhz Limit: 700
Processor Information for processor 13
  Max Mhz: 700, Current Mhz: 700, Mhz Limit: 700

Memory: 4k page, system-wide physical 32203M (12592M free)
TotalPageFile size 37835M (AvailPageFile size 9320M)
current process WorkingSet (physical memory assigned to process): 611M, peak: 635M
current process commit charge ("private bytes"): 789M, peak: 823M

vm_info: OpenJDK 64-Bit Server VM (21.0.8+9-LTS) for windows-amd64 JRE (21.0.8+9-LTS), built on 2025-07-15T00:00:00Z by "admin" with MS VC++ 17.7 (VS2022)

END.
