#
# A fatal error has been detected by the Java Runtime Environment:
#
#  EXCEPTION_ACCESS_VIOLATION (0xc0000005) at pc=0x00007ffd32d88c80, pid=29208, tid=4872
#
# JRE version: OpenJDK Runtime Environment Temurin-21.0.8+9 (21.0.8+9) (build 21.0.8+9-LTS)
# Java VM: OpenJDK 64-Bit Server VM Temurin-21.0.8+9 (21.0.8+9-LTS, mixed mode, sharing, tiered, compressed oops, compressed class ptrs, g1 gc, windows-amd64)
# Problematic frame:
# C  [owe-client-x64.dll+0x3c8c80]
#
# No core dump will be written. Minidumps are not enabled by default on client versions of Windows
#
# If you would like to submit a bug report, please visit:
#   https://github.com/adoptium/adoptium-support/issues
#

---------------  S U M M A R Y ------------

Command Line: -Djava.library.path=C:\MinecraftAlphaDev\libraries\natives -Dfile.encoding=UTF-8 -Dstdout.encoding=UTF-8 -Dstderr.encoding=UTF-8 -XX:+ShowCodeDetailsInExceptionMessages net.minecraft.client.Minecraft

Host: Intel(R) Core(TM) Ultra 7 155U, 14 cores, 31G,  Windows 11 , 64 bit Build 26100 (10.0.26100.4768)
Time: Mon Sep  8 20:12:57 2025 Central Daylight Time elapsed time: 59.978906 seconds (0d 0h 0m 59s)

---------------  T H R E A D  ---------------

Current thread (0x000001d14fd52ef0):  VMThread "VM Thread"          [id=4872, stack(0x0000006dc0c00000,0x0000006dc0d00000) (1024K)]

Stack: [0x0000006dc0c00000,0x0000006dc0d00000],  sp=0x0000006dc0cfef68,  free space=1019k
Native frames: (J=compiled Java code, j=interpreted, Vv=VM code, C=native code)
C  [owe-client-x64.dll+0x3c8c80]


siginfo: EXCEPTION_ACCESS_VIOLATION (0xc0000005), data execution prevention violation at address 0x00007ffd32d88c80


Registers:
RAX=0x00007ffd32d2e300, RBX=0x0000000000000000, RCX=0x000001d1980e3d10, RDX=0x00007ffd32df5018
RSP=0x0000006dc0cfef68, RBP=0x0000006dc0cff460, RSI=0x00007ffdb5cd0000, RDI=0x0000000000000001
R8 =0x000001d1308702c0, R9 =0x0000006dc0121000, R10=0x00007ffe183eeea0, R11=0x000001d152d0ead0
R12=0x0000000000000001, R13=0x00007ffdb5d2bdf0, R14=0x0000000000000000, R15=0x00007ffdb5cd0000
RIP=0x00007ffd32d88c80, EFLAGS=0x0000000000010202

XMM[0]=0x0000000000000000 0x0000000000000000
XMM[1]=0x0000000000000000 0x0000000000000000
XMM[2]=0x0000000000000000 0x0000000000000000
XMM[3]=0x0000000000000000 0x0000000000000000
XMM[4]=0x0000000000000000 0x0000000000000000
XMM[5]=0x0000000000000000 0x0000000000000000
XMM[6]=0x0000000000000000 0x0000000000000000
XMM[7]=0x0000000000000000 0x404e000000000000
XMM[8]=0x0000000000000000 0x0000000000000000
XMM[9]=0x0000000000000000 0x0000000000000000
XMM[10]=0x0000000000000000 0x0000000000000000
XMM[11]=0x0000000000000000 0x0000000000000000
XMM[12]=0x0000000000000000 0x0000000000000000
XMM[13]=0x0000000000000000 0x0000000000000000
XMM[14]=0x0000000000000000 0x0000000000000000
XMM[15]=0x0000000000000000 0x0000000000000000
  MXCSR=0x00001fa0


Register to memory mapping:

RAX=0x00007ffd32d2e300 owe-client-x64.dll
RBX=0x0 is null
RCX=0x000001d1980e3d10 points into unknown readable memory: 0x00007ffd32d2e300 | 00 e3 d2 32 fd 7f 00 00
RDX=0x00007ffd32df5018 owe-client-x64.dll
RSP=0x0000006dc0cfef68 points into unknown readable memory: 0x00007ffd32a7ac99 | 99 ac a7 32 fd 7f 00 00
RBP=0x0000006dc0cff460 points into unknown readable memory: 0x000001d132ec5860 | 60 58 ec 32 d1 01 00 00
RSI=0x00007ffdb5cd0000 opengl32.dll
RDI=0x0000000000000001 is an unknown value
R8 =0x000001d1308702c0 points into unknown readable memory: 0x00007ffd340c5460 | 60 54 0c 34 fd 7f 00 00
R9 =0x0000006dc0121000 points into unknown readable memory: 0x0000000000000000 | 00 00 00 00 00 00 00 00
R10=0x00007ffe183eeea0 ntdll.dll
R11=0x000001d152d0ead0 points into unknown readable memory: 0x000001d152d0d370 | 70 d3 d0 52 d1 01 00 00
R12=0x0000000000000001 is an unknown value
R13=0x00007ffdb5d2bdf0 opengl32.dll
R14=0x0 is null
R15=0x00007ffdb5cd0000 opengl32.dll

Top of Stack: (sp=0x0000006dc0cfef68)
0x0000006dc0cfef68:   00007ffd32a7ac99 00007ffd32dfc7b8
0x0000006dc0cfef78:   00007ffd32df5018 000001d198028f00
0x0000006dc0cfef88:   0000000000000000 fffffffffffffffe
0x0000006dc0cfef98:   00007ffd32a7b0f7 000001d1980e3d10
0x0000006dc0cfefa8:   00007ffd32df5018 000001d130d1b178
0x0000006dc0cfefb8:   0000000000000000 0000000000000000
0x0000006dc0cfefc8:   000001d1980e3d10 00007ffdb5d2bdf0
0x0000006dc0cfefd8:   000001d152a55f40 000001d1981c7260
0x0000006dc0cfefe8:   00007ffe182243e1 0000000000000001
0x0000006dc0cfeff8:   00007ffdb5cdca16 0000000000010000
0x0000006dc0cff008:   000001d130d1b0d8 000001d152d0ead0
0x0000006dc0cff018:   00007ffe18224273 0000000000000001
0x0000006dc0cff028:   00007ffdb5cdc7d0 0000006dc0cff460
0x0000006dc0cff038:   0000000000000000 00007ffdb5cd0000
0x0000006dc0cff048:   0000000000000000 0000000000000000
0x0000006dc0cff058:   00007ffdb5cdc255 0000000000000000
0x0000006dc0cff068:   0000006dc0cff460 00007ffdb5cd0000
0x0000006dc0cff078:   0000000000000000 0000000000000000
0x0000006dc0cff088:   00007ffdb5d2bf19 0000000000000001
0x0000006dc0cff098:   0000006dc0cff460 00007ffe165b0000
0x0000006dc0cff0a8:   00007ffe15f988c0 0000006d00000001
0x0000006dc0cff0b8:   00007ffe15eab8aa 0000006dc0cf0101
0x0000006dc0cff0c8:   0000006dc0cff148 0000006dc0cff460
0x0000006dc0cff0d8:   00000000c0000005 00007ffe00000000
0x0000006dc0cff0e8:   00007ffe15eab84d 0000000000000001
0x0000006dc0cff0f8:   00007ffe15f125ec 0000006dc0cff460
0x0000006dc0cff108:   0000006dc0cff138 fffffffffffffffe
0x0000006dc0cff118:   00007ffe15eab84d 0000000000000001
0x0000006dc0cff128:   00007ffe16446693 00007ffe16512c60
0x0000006dc0cff138:   c00000050000000d ffffffff0000000d
0x0000006dc0cff148:   0000006dc0cff130 0000000000000000
0x0000006dc0cff158:   00007ffe1644633f 0000000000000000 

Instructions: (pc=0x00007ffd32d88c80)
0x00007ffd32d88b80:   00 00 00 00 00 00 00 00 00 00 00 00 00 00 00 00
0x00007ffd32d88b90:   40 e5 42 00 01 00 00 00 00 00 00 00 ff ff ff ff
0x00007ffd32d88ba0:   00 00 00 00 40 00 00 00 60 8b 3c 00 00 00 00 00
0x00007ffd32d88bb0:   00 00 00 00 00 00 00 00 00 00 00 00 00 00 00 00
0x00007ffd32d88bc0:   01 00 00 00 d0 8b 3c 00 00 00 00 00 00 00 00 00
0x00007ffd32d88bd0:   e0 8b 3c 00 00 00 00 00 00 00 00 00 00 00 00 00
0x00007ffd32d88be0:   e8 e5 42 00 00 00 00 00 00 00 00 00 ff ff ff ff
0x00007ffd32d88bf0:   00 00 00 00 40 00 00 00 b8 8b 3c 00 00 00 00 00
0x00007ffd32d88c00:   00 00 00 00 00 00 00 00 01 00 00 00 00 00 00 00
0x00007ffd32d88c10:   00 00 00 00 18 e6 42 00 30 8c 3c 00 08 8c 3c 00
0x00007ffd32d88c20:   00 00 00 00 00 00 00 00 00 00 00 00 00 00 00 00
0x00007ffd32d88c30:   00 00 00 00 00 00 00 00 01 00 00 00 48 8c 3c 00
0x00007ffd32d88c40:   00 00 00 00 00 00 00 00 58 8c 3c 00 00 00 00 00
0x00007ffd32d88c50:   00 00 00 00 00 00 00 00 18 e6 42 00 00 00 00 00
0x00007ffd32d88c60:   00 00 00 00 ff ff ff ff 00 00 00 00 40 00 00 00
0x00007ffd32d88c70:   30 8c 3c 00 00 00 00 00 00 00 00 00 00 00 00 00
0x00007ffd32d88c80:   01 00 00 00 00 00 00 00 00 00 00 00 40 e6 42 00
0x00007ffd32d88c90:   a8 8c 3c 00 80 8c 3c 00 00 00 00 00 00 00 00 00
0x00007ffd32d88ca0:   00 00 00 00 00 00 00 00 00 00 00 00 01 00 00 00
0x00007ffd32d88cb0:   03 00 00 00 c0 8c 3c 00 00 00 00 00 00 00 00 00
0x00007ffd32d88cc0:   e0 8c 3c 00 58 8c 3c 00 08 8d 3c 00 00 00 00 00
0x00007ffd32d88cd0:   00 00 00 00 00 00 00 00 00 00 00 00 00 00 00 00
0x00007ffd32d88ce0:   40 e6 42 00 02 00 00 00 00 00 00 00 ff ff ff ff
0x00007ffd32d88cf0:   00 00 00 00 40 00 00 00 a8 8c 3c 00 00 00 00 00
0x00007ffd32d88d00:   00 00 00 00 00 00 00 00 60 e6 42 00 00 00 00 00
0x00007ffd32d88d10:   10 00 00 00 ff ff ff ff 00 00 00 00 40 00 00 00
0x00007ffd32d88d20:   30 8d 3c 00 00 00 00 00 00 00 00 00 00 00 00 00
0x00007ffd32d88d30:   00 00 00 00 00 00 00 00 01 00 00 00 48 8d 3c 00
0x00007ffd32d88d40:   00 00 00 00 00 00 00 00 58 8d 3c 00 00 00 00 00
0x00007ffd32d88d50:   00 00 00 00 00 00 00 00 60 e6 42 00 00 00 00 00
0x00007ffd32d88d60:   00 00 00 00 ff ff ff ff 00 00 00 00 40 00 00 00
0x00007ffd32d88d70:   30 8d 3c 00 00 00 00 00 00 00 00 00 00 00 00 00 


Stack slot to memory mapping:

stack at sp + 0 slots: 0x00007ffd32a7ac99 owe-client-x64.dll
stack at sp + 1 slots: 0x00007ffd32dfc7b8 owe-client-x64.dll
stack at sp + 2 slots: 0x00007ffd32df5018 owe-client-x64.dll
stack at sp + 3 slots: 0x000001d198028f00 points into unknown readable memory: 0x00007ffe166d0150 | 50 01 6d 16 fe 7f 00 00
stack at sp + 4 slots: 0x0 is null
stack at sp + 5 slots: 0xfffffffffffffffe is an unknown value
stack at sp + 6 slots: 0x00007ffd32a7b0f7 owe-client-x64.dll
stack at sp + 7 slots: 0x000001d1980e3d10 points into unknown readable memory: 0x00007ffd32d2e300 | 00 e3 d2 32 fd 7f 00 00

VM_Operation (0x0000006dc1afe520): Exit, mode: safepoint, requested by thread 0x000001d19802c310


---------------  P R O C E S S  ---------------

Threads class SMR info:
_java_thread_list=0x000001d1a3037d10, length=18, elements={
0x000001d15292efc0, 0x000001d15292f620, 0x000001d1529300e0, 0x000001d152930a70,
0x000001d152937580, 0x000001d1529430a0, 0x000001d152943c90, 0x000001d15294f490,
0x000001d152a85d70, 0x000001d152a86ea0, 0x000001d152d12760, 0x000001d152d12dc0,
0x000001d19802c310, 0x000001d198032b80, 0x000001d130a629a0, 0x000001d198777a00,
0x000001d199bdf2a0, 0x000001d19ede1b10
}

Java Threads: ( => current thread )
  0x000001d15292efc0 JavaThread "Reference Handler"          daemon [_thread_blocked, id=39196, stack(0x0000006dc0d00000,0x0000006dc0e00000) (1024K)]
  0x000001d15292f620 JavaThread "Finalizer"                  daemon [_thread_blocked, id=36500, stack(0x0000006dc0e00000,0x0000006dc0f00000) (1024K)]
  0x000001d1529300e0 JavaThread "Signal Dispatcher"          daemon [_thread_blocked, id=39516, stack(0x0000006dc0f00000,0x0000006dc1000000) (1024K)]
  0x000001d152930a70 JavaThread "Attach Listener"            daemon [_thread_blocked, id=26404, stack(0x0000006dc1000000,0x0000006dc1100000) (1024K)]
  0x000001d152937580 JavaThread "Service Thread"             daemon [_thread_blocked, id=9028, stack(0x0000006dc1100000,0x0000006dc1200000) (1024K)]
  0x000001d1529430a0 JavaThread "Monitor Deflation Thread"   daemon [_thread_blocked, id=30840, stack(0x0000006dc1200000,0x0000006dc1300000) (1024K)]
  0x000001d152943c90 JavaThread "C2 CompilerThread0"         daemon [_thread_blocked, id=26472, stack(0x0000006dc1300000,0x0000006dc1400000) (1024K)]
  0x000001d15294f490 JavaThread "C1 CompilerThread0"         daemon [_thread_blocked, id=8512, stack(0x0000006dc1400000,0x0000006dc1500000) (1024K)]
  0x000001d152a85d70 JavaThread "Notification Thread"        daemon [_thread_blocked, id=4172, stack(0x0000006dc1500000,0x0000006dc1600000) (1024K)]
  0x000001d152a86ea0 JavaThread "Common-Cleaner"             daemon [_thread_blocked, id=23728, stack(0x0000006dc1600000,0x0000006dc1700000) (1024K)]
  0x000001d152d12760 JavaThread "Java2D Disposer"            daemon [_thread_blocked, id=34952, stack(0x0000006dc1700000,0x0000006dc1800000) (1024K)]
  0x000001d152d12dc0 JavaThread "AWT-Shutdown"                      [_thread_blocked, id=12364, stack(0x0000006dc1800000,0x0000006dc1900000) (1024K)]
  0x000001d19802c310 JavaThread "AWT-EventQueue-0"                  [_thread_blocked, id=35056, stack(0x0000006dc1a00000,0x0000006dc1b00000) (1024K)]
  0x000001d198032b80 JavaThread "Timer hack thread"          daemon [_thread_blocked, id=9120, stack(0x0000006dc1b00000,0x0000006dc1c00000) (1024K)]
  0x000001d130a629a0 JavaThread "DestroyJavaVM"                     [_thread_blocked, id=10224, stack(0x0000006dc0500000,0x0000006dc0600000) (1024K)]
  0x000001d198777a00 JavaThread "Thread-2"                   daemon [_thread_in_native, id=22068, stack(0x0000006dc2700000,0x0000006dc2800000) (1024K)]
  0x000001d199bdf2a0 JavaThread "Thread-3"                          [_thread_blocked, id=22436, stack(0x0000006dc2800000,0x0000006dc2900000) (1024K)]
  0x000001d19ede1b10 JavaThread "Thread-4"                          [_thread_blocked, id=25288, stack(0x0000006dc2b00000,0x0000006dc2c00000) (1024K)]
Total: 18

Other Threads:
=>0x000001d14fd52ef0 VMThread "VM Thread"                           [id=4872, stack(0x0000006dc0c00000,0x0000006dc0d00000) (1024K)]
  0x000001d132eb1920 WorkerThread "GC Thread#0"                     [id=37620, stack(0x0000006dc0600000,0x0000006dc0700000) (1024K)]
  0x000001d19f5d20d0 WorkerThread "GC Thread#1"                     [id=23340, stack(0x0000006dc3100000,0x0000006dc3200000) (1024K)]
  0x000001d19f57b060 WorkerThread "GC Thread#2"                     [id=34664, stack(0x0000006dc3200000,0x0000006dc3300000) (1024K)]
  0x000001d19f57b400 WorkerThread "GC Thread#3"                     [id=33144, stack(0x0000006dc3300000,0x0000006dc3400000) (1024K)]
  0x000001d19f57b7a0 WorkerThread "GC Thread#4"                     [id=3808, stack(0x0000006dc3400000,0x0000006dc3500000) (1024K)]
  0x000001d19f7801c0 WorkerThread "GC Thread#5"                     [id=34968, stack(0x0000006dc3500000,0x0000006dc3600000) (1024K)]
  0x000001d19f781040 WorkerThread "GC Thread#6"                     [id=16032, stack(0x0000006dc3600000,0x0000006dc3700000) (1024K)]
  0x000001d19f780900 WorkerThread "GC Thread#7"                     [id=14168, stack(0x0000006dc3700000,0x0000006dc3800000) (1024K)]
  0x000001d19f77fe20 WorkerThread "GC Thread#8"                     [id=10316, stack(0x0000006dc3800000,0x0000006dc3900000) (1024K)]
  0x000001d19f780560 WorkerThread "GC Thread#9"                     [id=13848, stack(0x0000006dc3900000,0x0000006dc3a00000) (1024K)]
  0x000001d19f780ca0 WorkerThread "GC Thread#10"                    [id=17656, stack(0x0000006dc3a00000,0x0000006dc3b00000) (1024K)]
  0x000001d132ec27a0 ConcurrentGCThread "G1 Main Marker"            terminated
  0x000001d132ec5460 WorkerThread "G1 Conc#0"                       [id=5676, stack(0x0000006dc0800000,0x0000006dc0900000) (1024K)]
  0x000001d19f7813e0 WorkerThread "G1 Conc#1"                       [id=9724, stack(0x0000006dc2400000,0x0000006dc2500000) (1024K)]
  0x000001d19f77fa80 WorkerThread "G1 Conc#2"                       [id=7216, stack(0x0000006dc2f00000,0x0000006dc3000000) (1024K)]
  0x000001d14fc133b0 ConcurrentGCThread "G1 Refine#0"               terminated
  0x000001d14fc139d0 ConcurrentGCThread "G1 Service"                terminated
Total: 18

Threads with active compile tasks:
Total: 0

VM state: at safepoint (shutting down)

VM Mutex/Monitor currently owned by a thread:  ([mutex/lock_event])
[0x00007ffd340c5458] Threads_lock - owner thread: 0x000001d14fd52ef0
[0x00007ffd340c5558] Heap_lock - owner thread: 0x000001d19802c310

Heap address: 0x0000000608c00000, size: 8052 MB, Compressed Oops mode: Zero based, Oop shift amount: 3

CDS archive(s) mapped at: [0x000001d153000000-0x000001d153c80000-0x000001d153c80000), size 13107200, SharedBaseAddress: 0x000001d153000000, ArchiveRelocationMode: 1.
Compressed class space mapped at: 0x000001d154000000-0x000001d194000000, reserved size: 1073741824
Narrow klass base: 0x000001d153000000, Narrow klass shift: 0, Narrow klass range: 0x100000000

GC Precious Log:
 CardTable entry size: 512
 Card Set container configuration: InlinePtr #cards 4 size 8 Array Of Cards #cards 32 size 80 Howl #buckets 8 coarsen threshold 7372 Howl Bitmap #cards 1024 size 144 coarsen threshold 921 Card regions per heap region 1 cards per card region 8192
 CPUs: 14 total, 14 available
 Memory: 32203M
 Large Page Support: Disabled
 NUMA Support: Disabled
 Compressed Oops: Enabled (Zero based)
 Heap Region Size: 4M
 Heap Min Capacity: 8M
 Heap Initial Capacity: 504M
 Heap Max Capacity: 8052M
 Pre-touch: Disabled
 Parallel Workers: 11
 Concurrent Workers: 3
 Concurrent Refinement Workers: 11
 Periodic GC: Disabled

Heap:
 garbage-first heap   total 274432K, used 74775K [0x0000000608c00000, 0x0000000800000000)
  region size 4096K, 2 young (8192K), 0 survivors (0K)
 Metaspace       used 13648K, committed 13952K, reserved 1114112K
  class space    used 1251K, committed 1408K, reserved 1048576K

Heap Regions: E=young(eden), S=young(survivor), O=old, HS=humongous(starts), HC=humongous(continues), CS=collection set, F=free, TAMS=top-at-mark-start, PB=parsable bottom
|   0|0x0000000608c00000, 0x0000000609000000, 0x0000000609000000|100%|HS|  |TAMS 0x0000000608c00000| PB 0x0000000608c00000| Untracked 
|   1|0x0000000609000000, 0x0000000609400000, 0x0000000609400000|100%|HC|  |TAMS 0x0000000609000000| PB 0x0000000609000000| Untracked 
|   2|0x0000000609400000, 0x0000000609800000, 0x0000000609800000|100%|HC|  |TAMS 0x0000000609400000| PB 0x0000000609400000| Untracked 
|   3|0x0000000609800000, 0x0000000609bfffe8, 0x0000000609c00000| 99%| O|  |TAMS 0x0000000609800000| PB 0x0000000609800000| Untracked 
|   4|0x0000000609c00000, 0x0000000609fffff0, 0x000000060a000000| 99%| O|  |TAMS 0x0000000609c00000| PB 0x0000000609c00000| Untracked 
|   5|0x000000060a000000, 0x000000060a400000, 0x000000060a400000|100%| O|  |TAMS 0x000000060a000000| PB 0x000000060a000000| Untracked 
|   6|0x000000060a400000, 0x000000060a800000, 0x000000060a800000|100%| O|  |TAMS 0x000000060a400000| PB 0x000000060a400000| Untracked 
|   7|0x000000060a800000, 0x000000060ac00000, 0x000000060ac00000|100%| O|  |TAMS 0x000000060a800000| PB 0x000000060a800000| Untracked 
|   8|0x000000060ac00000, 0x000000060b000000, 0x000000060b000000|100%| O|  |TAMS 0x000000060ac00000| PB 0x000000060ac00000| Untracked 
|   9|0x000000060b000000, 0x000000060b400000, 0x000000060b400000|100%| O|  |TAMS 0x000000060b000000| PB 0x000000060b000000| Untracked 
|  10|0x000000060b400000, 0x000000060b7fc5a8, 0x000000060b800000| 99%| O|  |TAMS 0x000000060b400000| PB 0x000000060b400000| Untracked 
|  11|0x000000060b800000, 0x000000060bc00000, 0x000000060bc00000|100%| O|  |TAMS 0x000000060b800000| PB 0x000000060b800000| Untracked 
|  12|0x000000060bc00000, 0x000000060bffd2e0, 0x000000060c000000| 99%| O|  |TAMS 0x000000060bc00000| PB 0x000000060bc00000| Untracked 
|  13|0x000000060c000000, 0x000000060c1c8ca0, 0x000000060c400000| 44%| O|  |TAMS 0x000000060c000000| PB 0x000000060c000000| Untracked 
|  14|0x000000060c400000, 0x000000060c6f6bc8, 0x000000060c800000| 74%| O|  |TAMS 0x000000060c400000| PB 0x000000060c400000| Untracked 
|  15|0x000000060c800000, 0x000000060c9d5c98, 0x000000060cc00000| 45%| O|  |TAMS 0x000000060c800000| PB 0x000000060c800000| Untracked 
|  16|0x000000060cc00000, 0x000000060ceb55b8, 0x000000060d000000| 67%| O|  |TAMS 0x000000060cc00000| PB 0x000000060cc00000| Untracked 
|  17|0x000000060d000000, 0x000000060d400000, 0x000000060d400000|100%| O|  |TAMS 0x000000060d000000| PB 0x000000060d000000| Untracked 
|  18|0x000000060d400000, 0x000000060d558bb8, 0x000000060d800000| 33%| O|  |TAMS 0x000000060d400000| PB 0x000000060d400000| Untracked 
|  19|0x000000060d800000, 0x000000060da68f00, 0x000000060dc00000| 60%| O|  |TAMS 0x000000060d800000| PB 0x000000060d800000| Untracked 
|  20|0x000000060dc00000, 0x000000060dc00000, 0x000000060e000000|  0%| F|  |TAMS 0x000000060dc00000| PB 0x000000060dc00000| Untracked 
|  21|0x000000060e000000, 0x000000060e000000, 0x000000060e400000|  0%| F|  |TAMS 0x000000060e000000| PB 0x000000060e000000| Untracked 
|  22|0x000000060e400000, 0x000000060e400000, 0x000000060e800000|  0%| F|  |TAMS 0x000000060e400000| PB 0x000000060e400000| Untracked 
|  23|0x000000060e800000, 0x000000060e800000, 0x000000060ec00000|  0%| F|  |TAMS 0x000000060e800000| PB 0x000000060e800000| Untracked 
|  24|0x000000060ec00000, 0x000000060ec00000, 0x000000060f000000|  0%| F|  |TAMS 0x000000060ec00000| PB 0x000000060ec00000| Untracked 
|  25|0x000000060f000000, 0x000000060f000000, 0x000000060f400000|  0%| F|  |TAMS 0x000000060f000000| PB 0x000000060f000000| Untracked 
|  26|0x000000060f400000, 0x000000060f400000, 0x000000060f800000|  0%| F|  |TAMS 0x000000060f400000| PB 0x000000060f400000| Untracked 
|  27|0x000000060f800000, 0x000000060f800000, 0x000000060fc00000|  0%| F|  |TAMS 0x000000060f800000| PB 0x000000060f800000| Untracked 
|  28|0x000000060fc00000, 0x000000060fc00000, 0x0000000610000000|  0%| F|  |TAMS 0x000000060fc00000| PB 0x000000060fc00000| Untracked 
|  29|0x0000000610000000, 0x0000000610000000, 0x0000000610400000|  0%| F|  |TAMS 0x0000000610000000| PB 0x0000000610000000| Untracked 
|  30|0x0000000610400000, 0x0000000610400000, 0x0000000610800000|  0%| F|  |TAMS 0x0000000610400000| PB 0x0000000610400000| Untracked 
|  31|0x0000000610800000, 0x0000000610800000, 0x0000000610c00000|  0%| F|  |TAMS 0x0000000610800000| PB 0x0000000610800000| Untracked 
|  32|0x0000000610c00000, 0x0000000610c00000, 0x0000000611000000|  0%| F|  |TAMS 0x0000000610c00000| PB 0x0000000610c00000| Untracked 
|  33|0x0000000611000000, 0x0000000611000000, 0x0000000611400000|  0%| F|  |TAMS 0x0000000611000000| PB 0x0000000611000000| Untracked 
|  34|0x0000000611400000, 0x0000000611400000, 0x0000000611800000|  0%| F|  |TAMS 0x0000000611400000| PB 0x0000000611400000| Untracked 
|  35|0x0000000611800000, 0x0000000611800000, 0x0000000611c00000|  0%| F|  |TAMS 0x0000000611800000| PB 0x0000000611800000| Untracked 
|  36|0x0000000611c00000, 0x0000000611c00000, 0x0000000612000000|  0%| F|  |TAMS 0x0000000611c00000| PB 0x0000000611c00000| Untracked 
|  37|0x0000000612000000, 0x0000000612000000, 0x0000000612400000|  0%| F|  |TAMS 0x0000000612000000| PB 0x0000000612000000| Untracked 
|  38|0x0000000612400000, 0x0000000612400000, 0x0000000612800000|  0%| F|  |TAMS 0x0000000612400000| PB 0x0000000612400000| Untracked 
|  39|0x0000000612800000, 0x0000000612800000, 0x0000000612c00000|  0%| F|  |TAMS 0x0000000612800000| PB 0x0000000612800000| Untracked 
|  40|0x0000000612c00000, 0x0000000612c00000, 0x0000000613000000|  0%| F|  |TAMS 0x0000000612c00000| PB 0x0000000612c00000| Untracked 
|  41|0x0000000613000000, 0x0000000613000000, 0x0000000613400000|  0%| F|  |TAMS 0x0000000613000000| PB 0x0000000613000000| Untracked 
|  42|0x0000000613400000, 0x0000000613400000, 0x0000000613800000|  0%| F|  |TAMS 0x0000000613400000| PB 0x0000000613400000| Untracked 
|  43|0x0000000613800000, 0x0000000613800000, 0x0000000613c00000|  0%| F|  |TAMS 0x0000000613800000| PB 0x0000000613800000| Untracked 
|  44|0x0000000613c00000, 0x0000000613c00000, 0x0000000614000000|  0%| F|  |TAMS 0x0000000613c00000| PB 0x0000000613c00000| Untracked 
|  45|0x0000000614000000, 0x0000000614000000, 0x0000000614400000|  0%| F|  |TAMS 0x0000000614000000| PB 0x0000000614000000| Untracked 
|  46|0x0000000614400000, 0x0000000614400000, 0x0000000614800000|  0%| F|  |TAMS 0x0000000614400000| PB 0x0000000614400000| Untracked 
|  47|0x0000000614800000, 0x0000000614800000, 0x0000000614c00000|  0%| F|  |TAMS 0x0000000614800000| PB 0x0000000614800000| Untracked 
|  48|0x0000000614c00000, 0x0000000614c00000, 0x0000000615000000|  0%| F|  |TAMS 0x0000000614c00000| PB 0x0000000614c00000| Untracked 
|  49|0x0000000615000000, 0x0000000615000000, 0x0000000615400000|  0%| F|  |TAMS 0x0000000615000000| PB 0x0000000615000000| Untracked 
|  50|0x0000000615400000, 0x0000000615400000, 0x0000000615800000|  0%| F|  |TAMS 0x0000000615400000| PB 0x0000000615400000| Untracked 
|  51|0x0000000615800000, 0x0000000615800000, 0x0000000615c00000|  0%| F|  |TAMS 0x0000000615800000| PB 0x0000000615800000| Untracked 
|  52|0x0000000615c00000, 0x0000000615c00000, 0x0000000616000000|  0%| F|  |TAMS 0x0000000615c00000| PB 0x0000000615c00000| Untracked 
|  53|0x0000000616000000, 0x0000000616000000, 0x0000000616400000|  0%| F|  |TAMS 0x0000000616000000| PB 0x0000000616000000| Untracked 
|  54|0x0000000616400000, 0x0000000616400000, 0x0000000616800000|  0%| F|  |TAMS 0x0000000616400000| PB 0x0000000616400000| Untracked 
|  55|0x0000000616800000, 0x0000000616800000, 0x0000000616c00000|  0%| F|  |TAMS 0x0000000616800000| PB 0x0000000616800000| Untracked 
|  56|0x0000000616c00000, 0x0000000616c00000, 0x0000000617000000|  0%| F|  |TAMS 0x0000000616c00000| PB 0x0000000616c00000| Untracked 
|  57|0x0000000617000000, 0x0000000617000000, 0x0000000617400000|  0%| F|  |TAMS 0x0000000617000000| PB 0x0000000617000000| Untracked 
|  58|0x0000000617400000, 0x0000000617400000, 0x0000000617800000|  0%| F|  |TAMS 0x0000000617400000| PB 0x0000000617400000| Untracked 
|  59|0x0000000617800000, 0x0000000617800000, 0x0000000617c00000|  0%| F|  |TAMS 0x0000000617800000| PB 0x0000000617800000| Untracked 
|  60|0x0000000617c00000, 0x0000000617c00000, 0x0000000618000000|  0%| F|  |TAMS 0x0000000617c00000| PB 0x0000000617c00000| Untracked 
|  61|0x0000000618000000, 0x0000000618000000, 0x0000000618400000|  0%| F|  |TAMS 0x0000000618000000| PB 0x0000000618000000| Untracked 
|  62|0x0000000618400000, 0x0000000618400000, 0x0000000618800000|  0%| F|  |TAMS 0x0000000618400000| PB 0x0000000618400000| Untracked 
|  63|0x0000000618800000, 0x0000000618800000, 0x0000000618c00000|  0%| F|  |TAMS 0x0000000618800000| PB 0x0000000618800000| Untracked 
|  64|0x0000000618c00000, 0x0000000618c00000, 0x0000000619000000|  0%| F|  |TAMS 0x0000000618c00000| PB 0x0000000618c00000| Untracked 
|  65|0x0000000619000000, 0x00000006190a3d98, 0x0000000619400000| 16%| E|  |TAMS 0x0000000619000000| PB 0x0000000619000000| Complete 
|  66|0x0000000619400000, 0x0000000619800000, 0x0000000619800000|100%| E|CS|TAMS 0x0000000619400000| PB 0x0000000619400000| Complete 

Card table byte_map: [0x000001d146dd0000,0x000001d147d90000] _byte_map_base: 0x000001d143d8a000

Marking Bits: (CMBitMap*) 0x000001d132eb2020
 Bits: [0x000001d147d90000, 0x000001d14fb60000)

Polling page: 0x000001d130cb0000

Metaspace:

Usage:
  Non-class:     12.11 MB used.
      Class:      1.22 MB used.
       Both:     13.33 MB used.

Virtual space:
  Non-class space:       64.00 MB reserved,      12.25 MB ( 19%) committed,  1 nodes.
      Class space:        1.00 GB reserved,       1.38 MB ( <1%) committed,  1 nodes.
             Both:        1.06 GB reserved,      13.62 MB (  1%) committed. 

Chunk freelists:
   Non-Class:  3.78 MB
       Class:  14.61 MB
        Both:  18.39 MB

MaxMetaspaceSize: unlimited
CompressedClassSpaceSize: 1.00 GB
Initial GC threshold: 21.00 MB
Current GC threshold: 22.75 MB
CDS: on
 - commit_granule_bytes: 65536.
 - commit_granule_words: 8192.
 - virtual_space_node_default_size: 8388608.
 - enlarge_chunks_in_place: 1.
 - use_allocation_guard: 0.


Internal statistics:

num_allocs_failed_limit: 0.
num_arena_births: 204.
num_arena_deaths: 0.
num_vsnodes_births: 2.
num_vsnodes_deaths: 0.
num_space_committed: 216.
num_space_uncommitted: 0.
num_chunks_returned_to_freelist: 0.
num_chunks_taken_from_freelist: 444.
num_chunk_merges: 0.
num_chunk_splits: 276.
num_chunks_enlarged: 162.
num_inconsistent_stats: 0.

CodeHeap 'non-profiled nmethods': size=120000Kb used=3932Kb max_used=3937Kb free=116068Kb
 bounds [0x000001d13e280000, 0x000001d13e670000, 0x000001d1457b0000]
CodeHeap 'profiled nmethods': size=120000Kb used=6295Kb max_used=6357Kb free=113704Kb
 bounds [0x000001d1367b0000, 0x000001d136df0000, 0x000001d13dce0000]
CodeHeap 'non-nmethods': size=5760Kb used=1737Kb max_used=1775Kb free=4022Kb
 bounds [0x000001d13dce0000, 0x000001d13df50000, 0x000001d13e280000]
CodeCache: size=245760Kb, used=11964Kb, max_used=12069Kb, free=233794Kb
 total_blobs=4055, nmethods=3286, adapters=673, full_count=0
Compilation: enabled, stopped_count=0, restarted_count=0

Compilation events (20 events):
Event: 57.469 Thread 0x000001d15294f490 3579       3       java.util.concurrent.locks.ReentrantLock$Sync::isHeldExclusively (16 bytes)
Event: 57.470 Thread 0x000001d15294f490 nmethod 3579 0x000001d13684c510 code [0x000001d13684c6c0, 0x000001d13684c858]
Event: 57.470 Thread 0x000001d15294f490 3581       3       java.util.concurrent.locks.AbstractQueuedSynchronizer$ConditionObject::signalAll (34 bytes)
Event: 57.470 Thread 0x000001d15294f490 nmethod 3581 0x000001d136aba490 code [0x000001d136aba660, 0x000001d136aba9c8]
Event: 57.471 Thread 0x000001d15294f490 3582       3       net.minecraft.src.GuiMainMenu::getRandom (4 bytes)
Event: 57.471 Thread 0x000001d15294f490 nmethod 3582 0x000001d1367b5a90 code [0x000001d1367b5c20, 0x000001d1367b5d18]
Event: 57.471 Thread 0x000001d15294f490 3583       3       net.minecraft.src.LogoEffectRandomizer::<init> (38 bytes)
Event: 57.471 Thread 0x000001d15294f490 nmethod 3583 0x000001d1369e1610 code [0x000001d1369e1820, 0x000001d1369e1d38]
Event: 57.471 Thread 0x000001d15294f490 3584       3       net.minecraft.src.GuiMainMenu::drawLogo (643 bytes)
Event: 57.473 Thread 0x000001d152943c90 3585       4       net.minecraft.src.LogoEffectRandomizer::updateLogoEffects (74 bytes)
Event: 57.473 Thread 0x000001d15294f490 nmethod 3584 0x000001d136de5d10 code [0x000001d136de63a0, 0x000001d136de8290]
Event: 57.474 Thread 0x000001d152943c90 nmethod 3585 0x000001d13e331d90 code [0x000001d13e331f40, 0x000001d13e332018]
Event: 57.502 Thread 0x000001d15294f490 3586       3       org.lwjgl.opengl.GL11::glCullFace (19 bytes)
Event: 57.503 Thread 0x000001d15294f490 nmethod 3586 0x000001d1367bc910 code [0x000001d1367bcb40, 0x000001d1367bd2e0]
Event: 57.638 Thread 0x000001d152943c90 3587       4       net.minecraft.src.GuiMainMenu::drawLogo (643 bytes)
Event: 57.790 Thread 0x000001d152943c90 nmethod 3587 0x000001d13e658610 code [0x000001d13e658f00, 0x000001d13e65cef0]
Event: 57.985 Thread 0x000001d152943c90 3588   !   4       org.lwjgl.input.Keyboard::isKeyDown (45 bytes)
Event: 57.987 Thread 0x000001d152943c90 nmethod 3588 0x000001d13e331790 code [0x000001d13e331940, 0x000001d13e331bb8]
Event: 58.191 Thread 0x000001d152943c90 3589       4       java.lang.StringConcatHelper::newString (67 bytes)
Event: 58.191 Thread 0x000001d152943c90 nmethod 3589 0x000001d13e335310 code [0x000001d13e3354a0, 0x000001d13e3355b8]

GC Heap History (20 events):
Event: 9.404 GC heap before
{Heap before GC invocations=0 (full 0):
 garbage-first heap   total 516096K, used 32768K [0x0000000608c00000, 0x0000000800000000)
  region size 4096K, 6 young (24576K), 0 survivors (0K)
 Metaspace       used 12014K, committed 12224K, reserved 1114112K
  class space    used 1176K, committed 1280K, reserved 1048576K
}
Event: 9.415 GC heap after
{Heap after GC invocations=1 (full 0):
 garbage-first heap   total 516096K, used 17733K [0x0000000608c00000, 0x0000000800000000)
  region size 4096K, 1 young (4096K), 1 survivors (4096K)
 Metaspace       used 12014K, committed 12224K, reserved 1114112K
  class space    used 1176K, committed 1280K, reserved 1048576K
}
Event: 11.658 GC heap before
{Heap before GC invocations=1 (full 0):
 garbage-first heap   total 516096K, used 17733K [0x0000000608c00000, 0x0000000800000000)
  region size 4096K, 2 young (8192K), 1 survivors (4096K)
 Metaspace       used 12388K, committed 12672K, reserved 1114112K
  class space    used 1200K, committed 1344K, reserved 1048576K
}
Event: 11.679 GC heap after
{Heap after GC invocations=2 (full 1):
 garbage-first heap   total 69632K, used 17386K [0x0000000608c00000, 0x0000000800000000)
  region size 4096K, 0 young (0K), 0 survivors (0K)
 Metaspace       used 12388K, committed 12672K, reserved 1114112K
  class space    used 1200K, committed 1344K, reserved 1048576K
}
Event: 11.680 GC heap before
{Heap before GC invocations=2 (full 1):
 garbage-first heap   total 69632K, used 17386K [0x0000000608c00000, 0x0000000800000000)
  region size 4096K, 0 young (0K), 0 survivors (0K)
 Metaspace       used 12388K, committed 12672K, reserved 1114112K
  class space    used 1200K, committed 1344K, reserved 1048576K
}
Event: 11.710 GC heap after
{Heap after GC invocations=3 (full 2):
 garbage-first heap   total 69632K, used 17386K [0x0000000608c00000, 0x0000000800000000)
  region size 4096K, 0 young (0K), 0 survivors (0K)
 Metaspace       used 12388K, committed 12672K, reserved 1114112K
  class space    used 1200K, committed 1344K, reserved 1048576K
}
Event: 16.370 GC heap before
{Heap before GC invocations=3 (full 2):
 garbage-first heap   total 69632K, used 33770K [0x0000000608c00000, 0x0000000800000000)
  region size 4096K, 5 young (20480K), 0 survivors (0K)
 Metaspace       used 12576K, committed 12864K, reserved 1114112K
  class space    used 1211K, committed 1344K, reserved 1048576K
}
Event: 16.378 GC heap after
{Heap after GC invocations=4 (full 2):
 garbage-first heap   total 69632K, used 35197K [0x0000000608c00000, 0x0000000800000000)
  region size 4096K, 1 young (4096K), 1 survivors (4096K)
 Metaspace       used 12576K, committed 12864K, reserved 1114112K
  class space    used 1211K, committed 1344K, reserved 1048576K
}
Event: 17.302 GC heap before
{Heap before GC invocations=4 (full 2):
 garbage-first heap   total 69632K, used 39293K [0x0000000608c00000, 0x0000000800000000)
  region size 4096K, 2 young (8192K), 1 survivors (4096K)
 Metaspace       used 12605K, committed 12864K, reserved 1114112K
  class space    used 1211K, committed 1344K, reserved 1048576K
}
Event: 17.306 GC heap after
{Heap after GC invocations=5 (full 2):
 garbage-first heap   total 69632K, used 38839K [0x0000000608c00000, 0x0000000800000000)
  region size 4096K, 1 young (4096K), 1 survivors (4096K)
 Metaspace       used 12605K, committed 12864K, reserved 1114112K
  class space    used 1211K, committed 1344K, reserved 1048576K
}
Event: 18.081 GC heap before
{Heap before GC invocations=6 (full 2):
 garbage-first heap   total 77824K, used 42935K [0x0000000608c00000, 0x0000000800000000)
  region size 4096K, 2 young (8192K), 1 survivors (4096K)
 Metaspace       used 12651K, committed 12864K, reserved 1114112K
  class space    used 1217K, committed 1344K, reserved 1048576K
}
Event: 18.085 GC heap after
{Heap after GC invocations=7 (full 2):
 garbage-first heap   total 77824K, used 42588K [0x0000000608c00000, 0x0000000800000000)
  region size 4096K, 1 young (4096K), 1 survivors (4096K)
 Metaspace       used 12651K, committed 12864K, reserved 1114112K
  class space    used 1217K, committed 1344K, reserved 1048576K
}
Event: 18.167 GC heap before
{Heap before GC invocations=7 (full 2):
 garbage-first heap   total 77824K, used 42588K [0x0000000608c00000, 0x0000000800000000)
  region size 4096K, 2 young (8192K), 1 survivors (4096K)
 Metaspace       used 12675K, committed 12928K, reserved 1114112K
  class space    used 1219K, committed 1344K, reserved 1048576K
}
Event: 18.189 GC heap after
{Heap after GC invocations=8 (full 3):
 garbage-first heap   total 77824K, used 43292K [0x0000000608c00000, 0x0000000800000000)
  region size 4096K, 0 young (0K), 0 survivors (0K)
 Metaspace       used 12675K, committed 12928K, reserved 1114112K
  class space    used 1219K, committed 1344K, reserved 1048576K
}
Event: 19.518 GC heap before
{Heap before GC invocations=8 (full 3):
 garbage-first heap   total 77824K, used 47388K [0x0000000608c00000, 0x0000000800000000)
  region size 4096K, 2 young (8192K), 0 survivors (0K)
 Metaspace       used 12872K, committed 13120K, reserved 1114112K
  class space    used 1234K, committed 1344K, reserved 1048576K
}
Event: 19.520 GC heap after
{Heap after GC invocations=9 (full 3):
 garbage-first heap   total 77824K, used 47358K [0x0000000608c00000, 0x0000000800000000)
  region size 4096K, 1 young (4096K), 1 survivors (4096K)
 Metaspace       used 12872K, committed 13120K, reserved 1114112K
  class space    used 1234K, committed 1344K, reserved 1048576K
}
Event: 20.749 GC heap before
{Heap before GC invocations=10 (full 3):
 garbage-first heap   total 81920K, used 55550K [0x0000000608c00000, 0x0000000800000000)
  region size 4096K, 3 young (12288K), 1 survivors (4096K)
 Metaspace       used 13004K, committed 13248K, reserved 1114112K
  class space    used 1237K, committed 1344K, reserved 1048576K
}
Event: 20.752 GC heap after
{Heap after GC invocations=11 (full 3):
 garbage-first heap   total 299008K, used 53960K [0x0000000608c00000, 0x0000000800000000)
  region size 4096K, 1 young (4096K), 1 survivors (4096K)
 Metaspace       used 13004K, committed 13248K, reserved 1114112K
  class space    used 1237K, committed 1344K, reserved 1048576K
}
Event: 57.450 GC heap before
{Heap before GC invocations=11 (full 3):
 garbage-first heap   total 299008K, used 127688K [0x0000000608c00000, 0x0000000800000000)
  region size 4096K, 20 young (81920K), 1 survivors (4096K)
 Metaspace       used 13637K, committed 13952K, reserved 1114112K
  class space    used 1249K, committed 1408K, reserved 1048576K
}
Event: 57.469 GC heap after
{Heap after GC invocations=12 (full 4):
 garbage-first heap   total 274432K, used 70679K [0x0000000608c00000, 0x0000000800000000)
  region size 4096K, 0 young (0K), 0 survivors (0K)
 Metaspace       used 13637K, committed 13952K, reserved 1114112K
  class space    used 1249K, committed 1408K, reserved 1048576K
}

Dll operation events (15 events):
Event: 0.038 Loaded shared library C:\Users\gagek\.p2\pool\plugins\org.eclipse.justj.openjdk.hotspot.jre.full.win32.x86_64_21.0.8.v20250724-1412\jre\bin\java.dll
Event: 0.085 Loaded shared library C:\Users\gagek\.p2\pool\plugins\org.eclipse.justj.openjdk.hotspot.jre.full.win32.x86_64_21.0.8.v20250724-1412\jre\bin\zip.dll
Event: 0.151 Loaded shared library C:\Users\gagek\.p2\pool\plugins\org.eclipse.justj.openjdk.hotspot.jre.full.win32.x86_64_21.0.8.v20250724-1412\jre\bin\net.dll
Event: 0.154 Loaded shared library C:\Users\gagek\.p2\pool\plugins\org.eclipse.justj.openjdk.hotspot.jre.full.win32.x86_64_21.0.8.v20250724-1412\jre\bin\nio.dll
Event: 0.199 Loaded shared library C:\Users\gagek\.p2\pool\plugins\org.eclipse.justj.openjdk.hotspot.jre.full.win32.x86_64_21.0.8.v20250724-1412\jre\bin\zip.dll
Event: 1.293 Loaded shared library C:\Users\gagek\.p2\pool\plugins\org.eclipse.justj.openjdk.hotspot.jre.full.win32.x86_64_21.0.8.v20250724-1412\jre\bin\jimage.dll
Event: 2.237 Loaded shared library C:\Users\gagek\.p2\pool\plugins\org.eclipse.justj.openjdk.hotspot.jre.full.win32.x86_64_21.0.8.v20250724-1412\jre\bin\awt.dll
Event: 2.346 Loaded shared library C:\Users\gagek\.p2\pool\plugins\org.eclipse.justj.openjdk.hotspot.jre.full.win32.x86_64_21.0.8.v20250724-1412\jre\bin\freetype.dll
Event: 2.347 Loaded shared library C:\Users\gagek\.p2\pool\plugins\org.eclipse.justj.openjdk.hotspot.jre.full.win32.x86_64_21.0.8.v20250724-1412\jre\bin\fontmanager.dll
Event: 5.744 Loaded shared library C:\Users\gagek\.p2\pool\plugins\org.eclipse.justj.openjdk.hotspot.jre.full.win32.x86_64_21.0.8.v20250724-1412\jre\bin\verify.dll
Event: 5.838 Loaded shared library C:\MinecraftAlphaDev\libraries\natives\lwjgl64.dll
Event: 5.855 Loaded shared library C:\Users\gagek\.p2\pool\plugins\org.eclipse.justj.openjdk.hotspot.jre.full.win32.x86_64_21.0.8.v20250724-1412\jre\bin\jawt.dll
Event: 7.955 Loaded shared library C:\MinecraftAlphaDev\libraries\natives\jinput-dx8_64.dll
Event: 8.261 Loaded shared library C:\MinecraftAlphaDev\libraries\natives\jinput-raw_64.dll
Event: 9.333 Loaded shared library C:\Users\gagek\.p2\pool\plugins\org.eclipse.justj.openjdk.hotspot.jre.full.win32.x86_64_21.0.8.v20250724-1412\jre\bin\extnet.dll

Deoptimization events (20 events):
Event: 57.577 Thread 0x000001d198064d70 DEOPT PACKING pc=0x000001d136de7f4e sp=0x0000006dc1cfeb90
Event: 57.577 Thread 0x000001d198064d70 DEOPT UNPACKING pc=0x000001d13dd34e42 sp=0x0000006dc1cfe088 mode 0
Event: 57.607 Thread 0x000001d198064d70 DEOPT PACKING pc=0x000001d136de7f4e sp=0x0000006dc1cfeb90
Event: 57.608 Thread 0x000001d198064d70 DEOPT UNPACKING pc=0x000001d13dd34e42 sp=0x0000006dc1cfe088 mode 0
Event: 57.638 Thread 0x000001d198064d70 DEOPT PACKING pc=0x000001d136de7f4e sp=0x0000006dc1cfeb90
Event: 57.638 Thread 0x000001d198064d70 DEOPT UNPACKING pc=0x000001d13dd34e42 sp=0x0000006dc1cfe088 mode 0
Event: 57.672 Thread 0x000001d198064d70 DEOPT PACKING pc=0x000001d136de7f4e sp=0x0000006dc1cfeb90
Event: 57.672 Thread 0x000001d198064d70 DEOPT UNPACKING pc=0x000001d13dd34e42 sp=0x0000006dc1cfe088 mode 0
Event: 57.700 Thread 0x000001d198064d70 DEOPT PACKING pc=0x000001d136de7f4e sp=0x0000006dc1cfeb90
Event: 57.700 Thread 0x000001d198064d70 DEOPT UNPACKING pc=0x000001d13dd34e42 sp=0x0000006dc1cfe088 mode 0
Event: 57.730 Thread 0x000001d198064d70 DEOPT PACKING pc=0x000001d136de7f4e sp=0x0000006dc1cfeb90
Event: 57.731 Thread 0x000001d198064d70 DEOPT UNPACKING pc=0x000001d13dd34e42 sp=0x0000006dc1cfe088 mode 0
Event: 57.760 Thread 0x000001d198064d70 DEOPT PACKING pc=0x000001d136de7f4e sp=0x0000006dc1cfeb90
Event: 57.760 Thread 0x000001d198064d70 DEOPT UNPACKING pc=0x000001d13dd34e42 sp=0x0000006dc1cfe088 mode 0
Event: 57.789 Thread 0x000001d198064d70 DEOPT PACKING pc=0x000001d136de7f4e sp=0x0000006dc1cfeb90
Event: 57.789 Thread 0x000001d198064d70 DEOPT UNPACKING pc=0x000001d13dd34e42 sp=0x0000006dc1cfe088 mode 0
Event: 58.520 Thread 0x000001d1a3b1d880 Uncommon trap: trap_request=0xffffffcc fr.pc=0x000001d13e4ef444 relative=0x0000000000000204
Event: 58.520 Thread 0x000001d1a3b1d880 Uncommon trap: reason=intrinsic_or_type_checked_inlining action=make_not_entrant pc=0x000001d13e4ef444 method=java.util.Arrays.copyOf([Ljava/lang/Object;ILjava/lang/Class;)[Ljava/lang/Object; @ 35 c2
Event: 58.520 Thread 0x000001d1a3b1d880 DEOPT PACKING pc=0x000001d13e4ef444 sp=0x0000006dc30ff150
Event: 58.520 Thread 0x000001d1a3b1d880 DEOPT UNPACKING pc=0x000001d13dd346a2 sp=0x0000006dc30ff0f8 mode 2

Classes loaded (20 events):
Event: 18.310 Loading class java/util/OptionalInt
Event: 18.310 Loading class java/util/OptionalInt done
Event: 18.311 Loading class sun/net/www/protocol/https/Handler
Event: 18.311 Loading class sun/net/www/protocol/https/Handler done
Event: 18.311 Loading class sun/net/www/http/KeepAliveCache$1
Event: 18.311 Loading class sun/net/www/http/KeepAliveCache$1 done
Event: 18.312 Loading class sun/net/www/http/KeepAliveCache$ClientVector
Event: 18.312 Loading class sun/net/www/http/KeepAliveCache$ClientVector done
Event: 18.313 Loading class sun/net/www/http/KeepAliveEntry
Event: 18.313 Loading class sun/net/www/http/KeepAliveEntry done
Event: 18.313 Loading class sun/net/www/protocol/http/EmptyInputStream
Event: 18.313 Loading class sun/net/www/protocol/http/EmptyInputStream done
Event: 20.548 Loading class java/util/zip/Deflater
Event: 20.548 Loading class java/util/zip/Deflater done
Event: 20.549 Loading class java/util/zip/Deflater$DeflaterZStreamRef
Event: 20.549 Loading class java/util/zip/Deflater$DeflaterZStreamRef done
Event: 58.521 Loading class java/util/WeakHashMap$KeyIterator
Event: 58.521 Loading class java/util/WeakHashMap$HashIterator
Event: 58.521 Loading class java/util/WeakHashMap$HashIterator done
Event: 58.521 Loading class java/util/WeakHashMap$KeyIterator done

Classes unloaded (0 events):
No events

Classes redefined (0 events):
No events

Internal exceptions (20 events):
Event: 55.567 Thread 0x000001d199bdf2a0 Exception <a 'java/lang/InterruptedException'{0x0000000616987438}: sleep interrupted> (0x0000000616987438) 
thrown [s\src\hotspot\share\prims\jvm.cpp, line 3074]
Event: 55.618 Thread 0x000001d199bdf2a0 Exception <a 'java/lang/InterruptedException'{0x0000000616987790}: sleep interrupted> (0x0000000616987790) 
thrown [s\src\hotspot\share\prims\jvm.cpp, line 3074]
Event: 55.662 Thread 0x000001d199bdf2a0 Exception <a 'java/lang/InterruptedException'{0x0000000616987ae8}: sleep interrupted> (0x0000000616987ae8) 
thrown [s\src\hotspot\share\prims\jvm.cpp, line 3074]
Event: 55.712 Thread 0x000001d199bdf2a0 Exception <a 'java/lang/InterruptedException'{0x0000000616987e40}: sleep interrupted> (0x0000000616987e40) 
thrown [s\src\hotspot\share\prims\jvm.cpp, line 3074]
Event: 55.764 Thread 0x000001d199bdf2a0 Exception <a 'java/lang/InterruptedException'{0x0000000616988198}: sleep interrupted> (0x0000000616988198) 
thrown [s\src\hotspot\share\prims\jvm.cpp, line 3074]
Event: 55.815 Thread 0x000001d199bdf2a0 Exception <a 'java/lang/InterruptedException'{0x00000006169884f0}: sleep interrupted> (0x00000006169884f0) 
thrown [s\src\hotspot\share\prims\jvm.cpp, line 3074]
Event: 55.862 Thread 0x000001d199bdf2a0 Exception <a 'java/lang/InterruptedException'{0x0000000616988848}: sleep interrupted> (0x0000000616988848) 
thrown [s\src\hotspot\share\prims\jvm.cpp, line 3074]
Event: 55.912 Thread 0x000001d199bdf2a0 Exception <a 'java/lang/InterruptedException'{0x0000000616988ba0}: sleep interrupted> (0x0000000616988ba0) 
thrown [s\src\hotspot\share\prims\jvm.cpp, line 3074]
Event: 55.972 Thread 0x000001d199bdf2a0 Exception <a 'java/lang/InterruptedException'{0x0000000616988ef8}: sleep interrupted> (0x0000000616988ef8) 
thrown [s\src\hotspot\share\prims\jvm.cpp, line 3074]
Event: 56.034 Thread 0x000001d199bdf2a0 Exception <a 'java/lang/InterruptedException'{0x0000000616989250}: sleep interrupted> (0x0000000616989250) 
thrown [s\src\hotspot\share\prims\jvm.cpp, line 3074]
Event: 56.035 Thread 0x000001d199bdf2a0 Exception <a 'java/lang/InterruptedException'{0x00000006169895a8}: sleep interrupted> (0x00000006169895a8) 
thrown [s\src\hotspot\share\prims\jvm.cpp, line 3052]
Event: 56.089 Thread 0x000001d199bdf2a0 Exception <a 'java/lang/InterruptedException'{0x00000006169898c0}: sleep interrupted> (0x00000006169898c0) 
thrown [s\src\hotspot\share\prims\jvm.cpp, line 3074]
Event: 56.139 Thread 0x000001d199bdf2a0 Exception <a 'java/lang/InterruptedException'{0x0000000616989c18}: sleep interrupted> (0x0000000616989c18) 
thrown [s\src\hotspot\share\prims\jvm.cpp, line 3074]
Event: 56.198 Thread 0x000001d199bdf2a0 Exception <a 'java/lang/InterruptedException'{0x0000000616989f70}: sleep interrupted> (0x0000000616989f70) 
thrown [s\src\hotspot\share\prims\jvm.cpp, line 3074]
Event: 56.253 Thread 0x000001d199bdf2a0 Exception <a 'java/lang/InterruptedException'{0x000000061698a2c8}: sleep interrupted> (0x000000061698a2c8) 
thrown [s\src\hotspot\share\prims\jvm.cpp, line 3074]
Event: 56.322 Thread 0x000001d199bdf2a0 Exception <a 'java/lang/InterruptedException'{0x000000061698a620}: sleep interrupted> (0x000000061698a620) 
thrown [s\src\hotspot\share\prims\jvm.cpp, line 3074]
Event: 56.378 Thread 0x000001d199bdf2a0 Exception <a 'java/lang/InterruptedException'{0x000000061698a978}: sleep interrupted> (0x000000061698a978) 
thrown [s\src\hotspot\share\prims\jvm.cpp, line 3074]
Event: 56.432 Thread 0x000001d199bdf2a0 Exception <a 'java/lang/InterruptedException'{0x000000061698acd0}: sleep interrupted> (0x000000061698acd0) 
thrown [s\src\hotspot\share\prims\jvm.cpp, line 3074]
Event: 56.486 Thread 0x000001d199bdf2a0 Exception <a 'java/lang/InterruptedException'{0x000000061698b028}: sleep interrupted> (0x000000061698b028) 
thrown [s\src\hotspot\share\prims\jvm.cpp, line 3074]
Event: 56.535 Thread 0x000001d199bdf2a0 Exception <a 'java/lang/InterruptedException'{0x0000000616b21b68}: sleep interrupted> (0x0000000616b21b68) 
thrown [s\src\hotspot\share\prims\jvm.cpp, line 3074]

ZGC Phase Switch (0 events):
No events

VM Operations (20 events):
Event: 48.423 Executing VM operation: Cleanup done
Event: 49.423 Executing VM operation: Cleanup
Event: 49.423 Executing VM operation: Cleanup done
Event: 50.423 Executing VM operation: Cleanup
Event: 50.423 Executing VM operation: Cleanup done
Event: 51.424 Executing VM operation: Cleanup
Event: 51.424 Executing VM operation: Cleanup done
Event: 52.425 Executing VM operation: Cleanup
Event: 52.425 Executing VM operation: Cleanup done
Event: 53.425 Executing VM operation: Cleanup
Event: 53.426 Executing VM operation: Cleanup done
Event: 54.427 Executing VM operation: Cleanup
Event: 54.427 Executing VM operation: Cleanup done
Event: 56.428 Executing VM operation: Cleanup
Event: 56.428 Executing VM operation: Cleanup done
Event: 57.429 Executing VM operation: Cleanup
Event: 57.429 Executing VM operation: Cleanup done
Event: 57.450 Executing VM operation: G1CollectFull (System.gc())
Event: 57.469 Executing VM operation: G1CollectFull (System.gc()) done
Event: 58.628 Executing VM operation: Exit

Memory protections (0 events):
No events

Nmethod flushes (20 events):
Event: 57.456 Thread 0x000001d14fd52ef0 flushing  nmethod 0x000001d13690a810
Event: 57.456 Thread 0x000001d14fd52ef0 flushing  nmethod 0x000001d136a6bd90
Event: 57.456 Thread 0x000001d14fd52ef0 flushing  nmethod 0x000001d136a6cf10
Event: 57.456 Thread 0x000001d14fd52ef0 flushing  nmethod 0x000001d136a70390
Event: 57.456 Thread 0x000001d14fd52ef0 flushing  nmethod 0x000001d13e2fe410
Event: 57.456 Thread 0x000001d14fd52ef0 flushing  nmethod 0x000001d13e369410
Event: 57.456 Thread 0x000001d14fd52ef0 flushing  nmethod 0x000001d1367bc910
Event: 57.456 Thread 0x000001d14fd52ef0 flushing  nmethod 0x000001d1367e3490
Event: 57.456 Thread 0x000001d14fd52ef0 flushing  nmethod 0x000001d1367e9190
Event: 57.456 Thread 0x000001d14fd52ef0 flushing  nmethod 0x000001d136aa6090
Event: 57.456 Thread 0x000001d14fd52ef0 flushing  nmethod 0x000001d136aba490
Event: 57.456 Thread 0x000001d14fd52ef0 flushing  nmethod 0x000001d13e2e6390
Event: 57.456 Thread 0x000001d14fd52ef0 flushing  nmethod 0x000001d13e334a10
Event: 57.456 Thread 0x000001d14fd52ef0 flushing  nmethod 0x000001d1367ec090
Event: 57.456 Thread 0x000001d14fd52ef0 flushing  nmethod 0x000001d1367ec810
Event: 57.456 Thread 0x000001d14fd52ef0 flushing  nmethod 0x000001d136971190
Event: 57.456 Thread 0x000001d14fd52ef0 flushing  nmethod 0x000001d136973090
Event: 57.456 Thread 0x000001d14fd52ef0 flushing  nmethod 0x000001d136a55e90
Event: 57.456 Thread 0x000001d14fd52ef0 flushing  nmethod 0x000001d136a72810
Event: 57.456 Thread 0x000001d14fd52ef0 flushing  nmethod 0x000001d136a74310

Events (20 events):
Event: 33.698 Thread 0x000001d1af500040 Thread exited: 0x000001d1af500040
Event: 37.125 Thread 0x000001d15294f490 Thread added: 0x000001d1b1947010
Event: 37.153 Thread 0x000001d15294f490 Thread added: 0x000001d1af500010
Event: 37.597 Thread 0x000001d1af500010 Thread exited: 0x000001d1af500010
Event: 37.850 Thread 0x000001d1b1947010 Thread exited: 0x000001d1b1947010
Event: 58.519 Thread 0x000001d198064d70 Thread exited: 0x000001d198064d70
Event: 58.520 Thread 0x000001d19802c310 Thread added: 0x000001d1a3b1aa90
Event: 58.520 Thread 0x000001d19802c310 Thread added: 0x000001d1a3b1d880
Event: 58.520 Thread 0x000001d19802c310 Thread added: 0x000001d1a3b1a400
Event: 58.520 Thread 0x000001d19802c310 Thread added: 0x000001d1a3b1df10
Event: 58.520 Thread 0x000001d19802c310 Thread added: 0x000001d1a3b1e5a0
Event: 58.520 Thread 0x000001d19802c310 Thread added: 0x000001d1a3b20670
Event: 58.521 Thread 0x000001d1a3b1d880 Thread exited: 0x000001d1a3b1d880
Event: 58.521 Thread 0x000001d1a3b1a400 Thread exited: 0x000001d1a3b1a400
Event: 58.522 Thread 0x000001d1a3b1e5a0 Thread exited: 0x000001d1a3b1e5a0
Event: 58.522 Thread 0x000001d1a3b1aa90 Thread exited: 0x000001d1a3b1aa90
Event: 58.526 Thread 0x000001d1a3b1df10 Thread exited: 0x000001d1a3b1df10
Event: 58.571 Thread 0x000001d152d13420 Thread exited: 0x000001d152d13420
Event: 58.628 Thread 0x000001d1a3b20670 Thread exited: 0x000001d1a3b20670
Event: 58.628 Thread 0x000001d19802c310 Before exit entered


Dynamic libraries:
0x00007ff7d8d50000 - 0x00007ff7d8d5e000 	C:\Users\gagek\.p2\pool\plugins\org.eclipse.justj.openjdk.hotspot.jre.full.win32.x86_64_21.0.8.v20250724-1412\jre\bin\javaw.exe
0x00007ffe18220000 - 0x00007ffe18487000 	C:\windows\SYSTEM32\ntdll.dll
0x00007ffe17580000 - 0x00007ffe17649000 	C:\windows\System32\KERNEL32.DLL
0x00007ffe15590000 - 0x00007ffe15980000 	C:\windows\System32\KERNELBASE.dll
0x00007ffe15e60000 - 0x00007ffe15fab000 	C:\windows\System32\ucrtbase.dll
0x00007ffdee8e0000 - 0x00007ffdee8f8000 	C:\Users\gagek\.p2\pool\plugins\org.eclipse.justj.openjdk.hotspot.jre.full.win32.x86_64_21.0.8.v20250724-1412\jre\bin\jli.dll
0x00007ffe15fb0000 - 0x00007ffe16175000 	C:\windows\System32\USER32.dll
0x00007ffe15560000 - 0x00007ffe15587000 	C:\windows\System32\win32u.dll
0x00007ffe17be0000 - 0x00007ffe17c0b000 	C:\windows\System32\GDI32.dll
0x00007ffe15b10000 - 0x00007ffe15c48000 	C:\windows\System32\gdi32full.dll
0x00007ffe154b0000 - 0x00007ffe15553000 	C:\windows\System32\msvcp_win.dll
0x00007ffdf38e0000 - 0x00007ffdf3b7a000 	C:\windows\WinSxS\amd64_microsoft.windows.common-controls_6595b64144ccf1df_6.0.26100.4768_none_3e0c112ce331287c\COMCTL32.dll
0x00007ffdee8c0000 - 0x00007ffdee8de000 	C:\Users\gagek\.p2\pool\plugins\org.eclipse.justj.openjdk.hotspot.jre.full.win32.x86_64_21.0.8.v20250724-1412\jre\bin\VCRUNTIME140.dll
0x00007ffe17860000 - 0x00007ffe17909000 	C:\windows\System32\msvcrt.dll
0x00007ffe17c10000 - 0x00007ffe17c3f000 	C:\windows\System32\IMM32.DLL
0x00007ffe10b20000 - 0x00007ffe10b2c000 	C:\Users\gagek\.p2\pool\plugins\org.eclipse.justj.openjdk.hotspot.jre.full.win32.x86_64_21.0.8.v20250724-1412\jre\bin\vcruntime140_1.dll
0x00007ffdbdb10000 - 0x00007ffdbdb9d000 	C:\Users\gagek\.p2\pool\plugins\org.eclipse.justj.openjdk.hotspot.jre.full.win32.x86_64_21.0.8.v20250724-1412\jre\bin\msvcp140.dll
0x00007ffd33410000 - 0x00007ffd341a7000 	C:\Users\gagek\.p2\pool\plugins\org.eclipse.justj.openjdk.hotspot.jre.full.win32.x86_64_21.0.8.v20250724-1412\jre\bin\server\jvm.dll
0x00007ffe16b50000 - 0x00007ffe16c04000 	C:\windows\System32\ADVAPI32.dll
0x00007ffe17910000 - 0x00007ffe179b6000 	C:\windows\System32\sechost.dll
0x00007ffe179c0000 - 0x00007ffe17ad8000 	C:\windows\System32\RPCRT4.dll
0x00007ffe16720000 - 0x00007ffe16794000 	C:\windows\System32\WS2_32.dll
0x00007ffe151b0000 - 0x00007ffe1520e000 	C:\windows\SYSTEM32\POWRPROF.dll
0x00007ffe0d720000 - 0x00007ffe0d755000 	C:\windows\SYSTEM32\WINMM.dll
0x00007ffe0a3a0000 - 0x00007ffe0a3ab000 	C:\windows\SYSTEM32\VERSION.dll
0x00007ffe15190000 - 0x00007ffe151a4000 	C:\windows\SYSTEM32\UMPDC.dll
0x00007ffe14090000 - 0x00007ffe140ab000 	C:\windows\SYSTEM32\kernel.appcore.dll
0x00007ffe11210000 - 0x00007ffe1121a000 	C:\Users\gagek\.p2\pool\plugins\org.eclipse.justj.openjdk.hotspot.jre.full.win32.x86_64_21.0.8.v20250724-1412\jre\bin\jimage.dll
0x00007ffe12700000 - 0x00007ffe12941000 	C:\windows\SYSTEM32\DBGHELP.DLL
0x00007ffe167c0000 - 0x00007ffe16b45000 	C:\windows\System32\combase.dll
0x00007ffe173f0000 - 0x00007ffe174d0000 	C:\windows\System32\OLEAUT32.dll
0x00007ffdf4390000 - 0x00007ffdf43d3000 	C:\windows\SYSTEM32\dbgcore.DLL
0x00007ffe15410000 - 0x00007ffe154a9000 	C:\windows\System32\bcryptPrimitives.dll
0x00007ffe10f30000 - 0x00007ffe10f4f000 	C:\Users\gagek\.p2\pool\plugins\org.eclipse.justj.openjdk.hotspot.jre.full.win32.x86_64_21.0.8.v20250724-1412\jre\bin\java.dll
0x00007ffe16c10000 - 0x00007ffe1735d000 	C:\windows\System32\SHELL32.dll
0x00007ffe15990000 - 0x00007ffe15b03000 	C:\windows\System32\wintypes.dll
0x00007ffe12ef0000 - 0x00007ffe13750000 	C:\windows\SYSTEM32\windows.storage.dll
0x00007ffe17ae0000 - 0x00007ffe17bd5000 	C:\windows\System32\SHCORE.dll
0x00007ffe17cb0000 - 0x00007ffe17d1a000 	C:\windows\System32\shlwapi.dll
0x00007ffe15270000 - 0x00007ffe15299000 	C:\windows\SYSTEM32\profapi.dll
0x00007ffe10ed0000 - 0x00007ffe10ee8000 	C:\Users\gagek\.p2\pool\plugins\org.eclipse.justj.openjdk.hotspot.jre.full.win32.x86_64_21.0.8.v20250724-1412\jre\bin\zip.dll
0x00007ffe11200000 - 0x00007ffe11210000 	C:\Users\gagek\.p2\pool\plugins\org.eclipse.justj.openjdk.hotspot.jre.full.win32.x86_64_21.0.8.v20250724-1412\jre\bin\net.dll
0x00007ffe0e680000 - 0x00007ffe0e79e000 	C:\windows\SYSTEM32\WINHTTP.dll
0x00007ffe14600000 - 0x00007ffe1466b000 	C:\windows\system32\mswsock.dll
0x00007ffe111c0000 - 0x00007ffe111d6000 	C:\Users\gagek\.p2\pool\plugins\org.eclipse.justj.openjdk.hotspot.jre.full.win32.x86_64_21.0.8.v20250724-1412\jre\bin\nio.dll
0x00007ffdbe4a0000 - 0x00007ffdbe62e000 	C:\Users\gagek\.p2\pool\plugins\org.eclipse.justj.openjdk.hotspot.jre.full.win32.x86_64_21.0.8.v20250724-1412\jre\bin\awt.dll
0x00007ffe11250000 - 0x00007ffe112ee000 	C:\windows\SYSTEM32\apphelp.dll
0x00007ffe11730000 - 0x00007ffe11765000 	C:\windows\system32\DWMAPI.DLL
0x00007ffe115c0000 - 0x00007ffe1166f000 	C:\windows\system32\uxtheme.dll
0x00007ffdb5cd0000 - 0x00007ffdb5de8000 	C:\windows\system32\opengl32.dll
0x00007ffdec0f0000 - 0x00007ffdec11d000 	C:\windows\SYSTEM32\GLU32.dll
0x00007ffe11c50000 - 0x00007ffe11c9d000 	C:\windows\SYSTEM32\dxcore.dll
0x00007ffe165b0000 - 0x00007ffe16711000 	C:\windows\System32\MSCTF.dll
0x00007ffe16400000 - 0x00007ffe165a0000 	C:\windows\System32\ole32.dll
0x00007ffdca8c0000 - 0x00007ffdca947000 	C:\Users\gagek\.p2\pool\plugins\org.eclipse.justj.openjdk.hotspot.jre.full.win32.x86_64_21.0.8.v20250724-1412\jre\bin\freetype.dll
0x00007ffdb5680000 - 0x00007ffdb576b000 	C:\Users\gagek\.p2\pool\plugins\org.eclipse.justj.openjdk.hotspot.jre.full.win32.x86_64_21.0.8.v20250724-1412\jre\bin\fontmanager.dll
0x00007ffe06dc0000 - 0x00007ffe06f11000 	C:\windows\SYSTEM32\textinputframework.dll
0x00007ffdcf690000 - 0x00007ffdcf70d000 	C:\windows\system32\Oleacc.dll
0x00007ffe17750000 - 0x00007ffe177f8000 	C:\windows\System32\clbcatq.dll
0x00007ffdd46f0000 - 0x00007ffdd474e000 	C:\windows\system32\ApplicationTargetedFeatureDatabase.dll
0x00007ffe0ac30000 - 0x00007ffe0ae68000 	C:\Windows\System32\twinapi.appcore.dll
0x00007ffe10e30000 - 0x00007ffe10e40000 	C:\Users\gagek\.p2\pool\plugins\org.eclipse.justj.openjdk.hotspot.jre.full.win32.x86_64_21.0.8.v20250724-1412\jre\bin\verify.dll
0x0000000180000000 - 0x0000000180053000 	C:\MinecraftAlphaDev\libraries\natives\lwjgl64.dll
0x00007ffe0dec0000 - 0x00007ffe0df89000 	C:\windows\SYSTEM32\mscms.dll
0x00007ffdf7470000 - 0x00007ffdf74e0000 	C:\Windows\System32\Windows.Internal.Graphics.Display.DisplayColorManagement.dll
0x00007ffe14f10000 - 0x00007ffe14f67000 	C:\windows\SYSTEM32\cfgmgr32.dll
0x00007ffe08860000 - 0x00007ffe08867000 	C:\Users\gagek\.p2\pool\plugins\org.eclipse.justj.openjdk.hotspot.jre.full.win32.x86_64_21.0.8.v20250724-1412\jre\bin\jawt.dll
0x00007ffe0b360000 - 0x00007ffe0b3ca000 	C:\windows\SYSTEM32\directxdatabasehelper.dll
0x00007ffdf9260000 - 0x00007ffdf927a000 	C:\windows\SYSTEM32\windows.staterepositorycore.dll
0x00007ffd1b410000 - 0x00007ffd1c9db000 	C:\windows\System32\DriverStore\FileRepository\iigd_dch.inf_amd64_9ce4d8a46710e0e5\igxelpgicd64.dll
0x00007ffe12bf0000 - 0x00007ffe12d2e000 	C:\windows\SYSTEM32\dxgi.dll
0x00007ffd69440000 - 0x00007ffd69463000 	C:\windows\SYSTEM32\d3d12.dll
0x00007ffdfab90000 - 0x00007ffdfad37000 	C:\windows\System32\DriverStore\FileRepository\iigd_dch.inf_amd64_9ce4d8a46710e0e5\igdml64.dll
0x00007ffe04790000 - 0x00007ffe04d23000 	C:\windows\System32\DriverStore\FileRepository\iigd_dch.inf_amd64_9ce4d8a46710e0e5\igdgmm64.dll
0x00007ffd329c0000 - 0x00007ffd32e3e000 	C:\Users\gagek\AppData\Roaming\ow-electron\jilehohlakeokncafogkgnicgndeecdiengddbcc\packages\emifmpeaagaaglhaimndbhcpkjfmjhfnjjpoibdo\1.8.21\owe-client-x64.dll
0x00007ffe141c0000 - 0x00007ffe141f6000 	C:\windows\SYSTEM32\ntmarta.dll
0x00007ffd96ac0000 - 0x00007ffd96d37000 	C:\windows\SYSTEM32\D3D12Core.dll
0x00007ffe15240000 - 0x00007ffe15266000 	C:\windows\SYSTEM32\bcrypt.dll
0x00007ffe0aea0000 - 0x00007ffe0b01c000 	C:\windows\SYSTEM32\drvstore.dll
0x00007ffdfdf10000 - 0x00007ffe03036000 	C:\windows\System32\DriverStore\FileRepository\iigd_dch.inf_amd64_9ce4d8a46710e0e5\igc64.dll
0x00007ffe0daa0000 - 0x00007ffe0dace000 	C:\windows\SYSTEM32\D3DSCache.dll
0x00007ffe146a0000 - 0x00007ffe146cb000 	C:\windows\SYSTEM32\USERENV.dll
0x00007ffe108d0000 - 0x00007ffe10afa000 	C:\windows\SYSTEM32\dcomp.dll
0x00007ffe101d0000 - 0x00007ffe101e9000 	C:\windows\SYSTEM32\Microsoft.Internal.WarpPal.dll
0x00007ffe149e0000 - 0x00007ffe149fb000 	C:\windows\SYSTEM32\CRYPTSP.dll
0x00007ffe13ff0000 - 0x00007ffe1402b000 	C:\windows\system32\rsaenh.dll
0x00007ffe14840000 - 0x00007ffe1484c000 	C:\windows\SYSTEM32\CRYPTBASE.dll
0x00007ffe13a20000 - 0x00007ffe13a53000 	C:\windows\SYSTEM32\IPHLPAPI.DLL
0x00007ffe17800000 - 0x00007ffe1780a000 	C:\windows\System32\NSI.dll
0x000001d1995d0000 - 0x000001d1995e6000 	C:\MinecraftAlphaDev\libraries\natives\jinput-dx8_64.dll
0x00007ffdeb1c0000 - 0x00007ffdeb20b000 	C:\windows\SYSTEM32\DINPUT8.dll
0x00007ffdfd840000 - 0x00007ffdfda22000 	C:\windows\SYSTEM32\inputhost.dll
0x00007ffe10f50000 - 0x00007ffe11075000 	C:\windows\SYSTEM32\CoreMessaging.dll
0x00007ffe13760000 - 0x00007ffe1376f000 	C:\windows\SYSTEM32\HID.DLL
0x00007ffe17d50000 - 0x00007ffe181d6000 	C:\windows\System32\SETUPAPI.DLL
0x00007ffe14f70000 - 0x00007ffe14f9d000 	C:\windows\SYSTEM32\DEVOBJ.dll
0x000001d1996c0000 - 0x000001d199744000 	C:\windows\System32\WINTRUST.dll
0x00007ffe15ce0000 - 0x00007ffe15e57000 	C:\windows\System32\CRYPT32.dll
0x00007ffe14a50000 - 0x00007ffe14a63000 	C:\windows\SYSTEM32\MSASN1.dll
0x000001d199610000 - 0x000001d199624000 	C:\MinecraftAlphaDev\libraries\natives\jinput-raw_64.dll
0x000001d199860000 - 0x000001d1998c4000 	C:\MinecraftAlphaDev\libraries\natives\OpenAL64.dll
0x00007ffe0c5a0000 - 0x00007ffe0c642000 	C:\windows\System32\MMDevApi.dll
0x00007ffdb66d0000 - 0x00007ffdb6764000 	C:\windows\SYSTEM32\dsound.dll
0x00007ffd98640000 - 0x00007ffd98671000 	C:\windows\SYSTEM32\winmmbase.dll
0x00007ffd99dd0000 - 0x00007ffd99e81000 	C:\windows\SYSTEM32\ResampleDmo.DLL
0x00007ffdfcc60000 - 0x00007ffdfcc6e000 	C:\windows\SYSTEM32\msdmo.dll
0x00007ffdfa140000 - 0x00007ffdfa302000 	C:\windows\SYSTEM32\AUDIOSES.DLL
0x00007ffe11ae0000 - 0x00007ffe11af4000 	C:\windows\SYSTEM32\resourcepolicyclient.dll
0x00007ffe13a60000 - 0x00007ffe13b86000 	C:\windows\SYSTEM32\DNSAPI.dll
0x00007ffe0e2e0000 - 0x00007ffe0e2eb000 	C:\Windows\System32\rasadhlp.dll
0x00007ffe0ec90000 - 0x00007ffe0ed16000 	C:\windows\System32\fwpuclnt.dll
0x00007ffe0db30000 - 0x00007ffe0db39000 	C:\Users\gagek\.p2\pool\plugins\org.eclipse.justj.openjdk.hotspot.jre.full.win32.x86_64_21.0.8.v20250724-1412\jre\bin\extnet.dll
0x00007ffe08f90000 - 0x00007ffe09273000 	C:\windows\SYSTEM32\CoreUIComponents.dll

JVMTI agents: none

dbghelp: loaded successfully - version: 4.0.5 - missing functions: none
symbol engine: initialized successfully - sym options: 0x614 - pdb path: .;C:\Users\gagek\.p2\pool\plugins\org.eclipse.justj.openjdk.hotspot.jre.full.win32.x86_64_21.0.8.v20250724-1412\jre\bin;C:\windows\SYSTEM32;C:\windows\WinSxS\amd64_microsoft.windows.common-controls_6595b64144ccf1df_6.0.26100.4768_none_3e0c112ce331287c;C:\Users\gagek\.p2\pool\plugins\org.eclipse.justj.openjdk.hotspot.jre.full.win32.x86_64_21.0.8.v20250724-1412\jre\bin\server;C:\MinecraftAlphaDev\libraries\natives;C:\windows\System32\DriverStore\FileRepository\iigd_dch.inf_amd64_9ce4d8a46710e0e5;C:\Users\gagek\AppData\Roaming\ow-electron\jilehohlakeokncafogkgnicgndeecdiengddbcc\packages\emifmpeaagaaglhaimndbhcpkjfmjhfnjjpoibdo\1.8.21

VM Arguments:
jvm_args: -Djava.library.path=C:\MinecraftAlphaDev\libraries\natives -Dfile.encoding=UTF-8 -Dstdout.encoding=UTF-8 -Dstderr.encoding=UTF-8 -XX:+ShowCodeDetailsInExceptionMessages 
java_command: net.minecraft.client.Minecraft
java_class_path (initial): C:\MinecraftAlphaDev\minecraft\output;C:\MinecraftAlphaDev\libraries\net\java\jinput\jinput\2.0.5\jinput-2.0.5.jar;C:\MinecraftAlphaDev\libraries\net\java\jutils\jutils\1.0.0\jutils-1.0.0.jar;C:\MinecraftAlphaDev\libraries\org\lwjgl\lwjgl\lwjgl\2.9.4-nightly-20150209\lwjgl-2.9.4-nightly-20150209.jar;C:\MinecraftAlphaDev\libraries\org\lwjgl\lwjgl\lwjgl_util\2.9.4-nightly-20150209\lwjgl_util-2.9.4-nightly-20150209.jar;C:\MinecraftAlphaDev\libraries\org\lwjgl\lwjgl\lwjgl-platform\2.9.4-nightly-20150209\lwjgl-platform-2.9.4-nightly-20150209.jar;C:\MinecraftAlphaDev\libraries\com\paulscode\codecjorbis\20230120\codecjorbis-20230120.jar;C:\MinecraftAlphaDev\libraries\com\paulscode\codecwav\20101023\codecwav-20101023.jar;C:\MinecraftAlphaDev\libraries\com\paulscode\libraryjavasound\20101123\libraryjavasound-20101123.jar;C:\MinecraftAlphaDev\libraries\com\paulscode\librarylwjglopenal\20100824\librarylwjglopenal-20100824.jar;C:\MinecraftAlphaDev\libraries\com\paulscode\soundsystem\20120107\soundsystem-20120107.jar;C:\MinecraftAlphaDev\libraries\org\mcphackers\launchwrapper\1.1.3\launchwrapper-1.1.3.jar;C:\MinecraftAlphaDev\libraries\org\json\json\20230311\json-20230311.jar;C:\MinecraftAlphaDev\libraries\org\ow2\asm\asm\9.7\asm-9.7.jar;C:\MinecraftAlphaDev\libraries\org\ow2\asm\asm-tree\9.7\asm-tree-9.7.jar;C:\MinecraftAlphaDev\minecraft\jars\deobfuscated.jar
Launcher Type: SUN_STANDARD

[Global flags]
     intx CICompilerCount                          = 4                                         {product} {ergonomic}
     uint ConcGCThreads                            = 3                                         {product} {ergonomic}
     uint G1ConcRefinementThreads                  = 11                                        {product} {ergonomic}
   size_t G1HeapRegionSize                         = 4194304                                   {product} {ergonomic}
    uintx GCDrainStackTargetSize                   = 64                                        {product} {ergonomic}
   size_t InitialHeapSize                          = 528482304                                 {product} {ergonomic}
   size_t MarkStackSize                            = 4194304                                   {product} {ergonomic}
   size_t MaxHeapSize                              = 8443133952                                {product} {ergonomic}
   size_t MaxNewSize                               = 5062524928                                {product} {ergonomic}
   size_t MinHeapDeltaBytes                        = 4194304                                   {product} {ergonomic}
   size_t MinHeapSize                              = 8388608                                   {product} {ergonomic}
    uintx NonNMethodCodeHeapSize                   = 5839372                                {pd product} {ergonomic}
    uintx NonProfiledCodeHeapSize                  = 122909434                              {pd product} {ergonomic}
    uintx ProfiledCodeHeapSize                     = 122909434                              {pd product} {ergonomic}
    uintx ReservedCodeCacheSize                    = 251658240                              {pd product} {ergonomic}
     bool SegmentedCodeCache                       = true                                      {product} {ergonomic}
     bool ShowCodeDetailsInExceptionMessages       = true                                   {manageable} {command line}
   size_t SoftMaxHeapSize                          = 8443133952                             {manageable} {ergonomic}
     bool UseCompressedOops                        = true                           {product lp64_product} {ergonomic}
     bool UseG1GC                                  = true                                      {product} {ergonomic}
     bool UseLargePagesIndividualAllocation        = false                                  {pd product} {ergonomic}

Logging:
Log output configuration:
 #0: stdout all=off uptime,level,tags foldmultilines=false
 #1: stderr all=off uptime,level,tags foldmultilines=false

Environment Variables:
PATH=C:/Users/gagek/.p2/pool/plugins/org.eclipse.justj.openjdk.hotspot.jre.full.win32.x86_64_21.0.8.v20250724-1412/jre/bin/server;C:/Users/gagek/.p2/pool/plugins/org.eclipse.justj.openjdk.hotspot.jre.full.win32.x86_64_21.0.8.v20250724-1412/jre/bin;C:\Program Files\Zulu\zulu-21\bin\;C:\Program Files (x86)\Common Files\Oracle\Java\java8path;C:\Program Files (x86)\Common Files\Oracle\Java\javapath;C:\Program Files\Oculus\Support\oculus-runtime;c:\devkitPro\msys2\usr\bin;C:\windows\system32;C:\windows;C:\windows\System32\Wbem;C:\windows\System32\WindowsPowerShell\v1.0\;C:\windows\System32\OpenSSH\;C:\Program Files\HP\HP One Agent;C:\Program Files\dotnet\;C:\Program Files (x86)\Microsoft SQL Server\160\Tools\Binn\;C:\Program Files\Microsoft SQL Server\160\Tools\Binn\;C:\Program Files\Microsoft SQL Server\Client SDK\ODBC\170\Tools\Binn\;C:\Program Files\Microsoft SQL Server\160\DTS\Binn\;C:\Program Files (x86)\Windows Kits\8.1\Windows Performance Toolkit\;C:\Program Files\Docker\Docker\resources\bin;C:\Program Files (x86)\Gpg4win\..\GnuPG\bin;C:\Users\gagek\AppData\Local\Microsoft\WindowsApps;C:\Users\gagek\AppData\Local\Programs\Microsoft VS Code\bin;C:\msys64\mingw64\bin;C:\Users\gagek\.aftman\bin;C:\Users\gagek\AppData\Local\GitHubDesktop\bin;C:\Users\gagek\AppData\Local\Muse Hub\lib;C:\Users\gagek\OneDrive\Desktop;
USERNAME=gagek
OS=Windows_NT
PROCESSOR_IDENTIFIER=Intel64 Family 6 Model 170 Stepping 4, GenuineIntel
TMP=C:\Users\gagek\AppData\Local\Temp
TEMP=C:\Users\gagek\AppData\Local\Temp




Periodic native trim disabled

---------------  S Y S T E M  ---------------

OS:
 Windows 11 , 64 bit Build 26100 (10.0.26100.4768)
OS uptime: 5 days 6:10 hours
Hyper-V role detected

CPU: total 14 (initial active 14) (7 cores per cpu, 2 threads per core) family 6 model 170 stepping 4 microcode 0x1f, cx8, cmov, fxsr, ht, mmx, 3dnowpref, sse, sse2, sse3, ssse3, sse4.1, sse4.2, popcnt, lzcnt, tsc, tscinvbit, avx, avx2, aes, erms, clmul, bmi1, bmi2, adx, sha, fma, vzeroupper, clflush, clflushopt, clwb, hv, serialize, rdtscp, rdpid, fsrm, f16c, cet_ibt, cet_ss
Processor Information for processor 0
  Max Mhz: 1700, Current Mhz: 1700, Mhz Limit: 1700
Processor Information for processor 1
  Max Mhz: 1700, Current Mhz: 1700, Mhz Limit: 1700
Processor Information for processor 2
  Max Mhz: 1200, Current Mhz: 1200, Mhz Limit: 1200
Processor Information for processor 3
  Max Mhz: 1200, Current Mhz: 1200, Mhz Limit: 1200
Processor Information for processor 4
  Max Mhz: 1200, Current Mhz: 1200, Mhz Limit: 1200
Processor Information for processor 5
  Max Mhz: 1200, Current Mhz: 1200, Mhz Limit: 1200
Processor Information for processor 6
  Max Mhz: 1200, Current Mhz: 1200, Mhz Limit: 1200
Processor Information for processor 7
  Max Mhz: 1200, Current Mhz: 1200, Mhz Limit: 1200
Processor Information for processor 8
  Max Mhz: 1200, Current Mhz: 1200, Mhz Limit: 1200
Processor Information for processor 9
  Max Mhz: 1200, Current Mhz: 1200, Mhz Limit: 1200
Processor Information for processor 10
  Max Mhz: 1700, Current Mhz: 1700, Mhz Limit: 1700
Processor Information for processor 11
  Max Mhz: 1700, Current Mhz: 1457, Mhz Limit: 1700
Processor Information for processor 12
  Max Mhz: 700, Current Mhz: 700, Mhz Limit: 700
Processor Information for processor 13
  Max Mhz: 700, Current Mhz: 700, Mhz Limit: 700

Memory: 4k page, system-wide physical 32203M (11945M free)
TotalPageFile size 37835M (AvailPageFile size 7890M)
current process WorkingSet (physical memory assigned to process): 782M, peak: 815M
current process commit charge ("private bytes"): 964M, peak: 1009M

vm_info: OpenJDK 64-Bit Server VM (21.0.8+9-LTS) for windows-amd64 JRE (21.0.8+9-LTS), built on 2025-07-15T00:00:00Z by "admin" with MS VC++ 17.7 (VS2022)

END.
