#
# A fatal error has been detected by the Java Runtime Environment:
#
#  EXCEPTION_ACCESS_VIOLATION (0xc0000005) at pc=0x00007ffd4b5b8c80, pid=4376, tid=41888
#
# JRE version: OpenJDK Runtime Environment Temurin-21.0.8+9 (21.0.8+9) (build 21.0.8+9-LTS)
# Java VM: OpenJDK 64-Bit Server VM Temurin-21.0.8+9 (21.0.8+9-LTS, mixed mode, sharing, tiered, compressed oops, compressed class ptrs, g1 gc, windows-amd64)
# Problematic frame:
# C  [owe-client-x64.dll+0x3c8c80]
#
# No core dump will be written. Minidumps are not enabled by default on client versions of Windows
#
# If you would like to submit a bug report, please visit:
#   https://github.com/adoptium/adoptium-support/issues
#

---------------  S U M M A R Y ------------

Command Line: -Djava.library.path=C:\MinecraftAlphaDev\libraries\natives -Dfile.encoding=UTF-8 -Dstdout.encoding=UTF-8 -Dstderr.encoding=UTF-8 -XX:+ShowCodeDetailsInExceptionMessages net.minecraft.client.Minecraft

Host: Intel(R) Core(TM) Ultra 7 155U, 14 cores, 31G,  Windows 11 , 64 bit Build 26100 (10.0.26100.4768)
Time: Mon Sep  8 20:24:52 2025 Central Daylight Time elapsed time: 120.979644 seconds (0d 0h 2m 0s)

---------------  T H R E A D  ---------------

Current thread (0x0000026e7d4bdad0):  VMThread "VM Thread"          [id=41888, stack(0x000000ce80900000,0x000000ce80a00000) (1024K)]

Stack: [0x000000ce80900000,0x000000ce80a00000],  sp=0x000000ce809fecc8,  free space=1019k
Native frames: (J=compiled Java code, j=interpreted, Vv=VM code, C=native code)
C  [owe-client-x64.dll+0x3c8c80]


siginfo: EXCEPTION_ACCESS_VIOLATION (0xc0000005), data execution prevention violation at address 0x00007ffd4b5b8c80


Registers:
RAX=0x00007ffd4b55e300, RBX=0x0000000000000000, RCX=0x0000026e4d5ac430, RDX=0x00007ffd4b625018
RSP=0x000000ce809fecc8, RBP=0x000000ce809ff1c0, RSI=0x00007ffdb5e30000, RDI=0x0000000000000001
R8 =0x0000026e63b202c0, R9 =0x000000ceffd87000, R10=0x00007ffe183eeea0, R11=0x0000026e4d3d59b0
R12=0x0000000000000001, R13=0x00007ffdb5e8bdf0, R14=0x0000000000000000, R15=0x00007ffdb5e30000
RIP=0x00007ffd4b5b8c80, EFLAGS=0x0000000000010202

XMM[0]=0x0000000000000000 0x0000000000000000
XMM[1]=0x0000000000000000 0x0000000000000000
XMM[2]=0x0000000000000000 0x0000000000000000
XMM[3]=0x0000000000000000 0x0000000000000000
XMM[4]=0x0000000000000000 0x0000000000000000
XMM[5]=0x0000000000000000 0x0000000000000000
XMM[6]=0x0000000000000000 0x0000000000000000
XMM[7]=0x0000000000000000 0x404e000000000000
XMM[8]=0x0000000000000000 0x0000000000000000
XMM[9]=0x0000000000000000 0x0000000000000000
XMM[10]=0x0000000000000000 0x0000000000000000
XMM[11]=0x0000000000000000 0x0000000000000000
XMM[12]=0x0000000000000000 0x0000000000000000
XMM[13]=0x0000000000000000 0x0000000000000000
XMM[14]=0x0000000000000000 0x0000000000000000
XMM[15]=0x0000000000000000 0x0000000000000000
  MXCSR=0x00001fa2


Register to memory mapping:

RAX=0x00007ffd4b55e300 owe-client-x64.dll
RBX=0x0 is null
RCX=0x0000026e4d5ac430 points into unknown readable memory: 0x00007ffd4b55e300 | 00 e3 55 4b fd 7f 00 00
RDX=0x00007ffd4b625018 owe-client-x64.dll
RSP=0x000000ce809fecc8 points into unknown readable memory: 0x00007ffd4b2aac99 | 99 ac 2a 4b fd 7f 00 00
RBP=0x000000ce809ff1c0 points into unknown readable memory: 0x0000026e7d3725b0 | b0 25 37 7d 6e 02 00 00
RSI=0x00007ffdb5e30000 opengl32.dll
RDI=0x0000000000000001 is an unknown value
R8 =0x0000026e63b202c0 points into unknown readable memory: 0x00007ffd340c5460 | 60 54 0c 34 fd 7f 00 00
R9 =0x000000ceffd87000 points into unknown readable memory: 0x0000000000000000 | 00 00 00 00 00 00 00 00
R10=0x00007ffe183eeea0 ntdll.dll
R11=0x0000026e4d3d59b0 points into unknown readable memory: 0x0000026e4d3d47a0 | a0 47 3d 4d 6e 02 00 00
R12=0x0000000000000001 is an unknown value
R13=0x00007ffdb5e8bdf0 opengl32.dll
R14=0x0 is null
R15=0x00007ffdb5e30000 opengl32.dll

Top of Stack: (sp=0x000000ce809fecc8)
0x000000ce809fecc8:   00007ffd4b2aac99 00007ffd4b62c7b8
0x000000ce809fecd8:   00007ffd4b625018 0000026e4d560e00
0x000000ce809fece8:   0000000000000000 fffffffffffffffe
0x000000ce809fecf8:   00007ffd4b2ab0f7 0000026e4d5ac430
0x000000ce809fed08:   00007ffd4b625018 0000026e6401b178
0x000000ce809fed18:   0000000000000000 0000000000000000
0x000000ce809fed28:   0000026e4d5ac430 00007ffdb5e8bdf0
0x000000ce809fed38:   0000026e4d59a9a0 0000026e4f26a0f0
0x000000ce809fed48:   00007ffe182243e1 0000000000000001
0x000000ce809fed58:   00007ffdb5e3ca16 0000000000010000
0x000000ce809fed68:   0000026e6401b0d8 0000026e4d3d59b0
0x000000ce809fed78:   00007ffe18224273 0000000000000001
0x000000ce809fed88:   00007ffdb5e3c7d0 000000ce809ff1c0
0x000000ce809fed98:   0000000000000000 00007ffdb5e30000
0x000000ce809feda8:   0000000000000000 0000000000000000
0x000000ce809fedb8:   00007ffdb5e3c255 0000000000000000
0x000000ce809fedc8:   000000ce809ff1c0 00007ffdb5e30000
0x000000ce809fedd8:   0000000000000000 0000000000000000
0x000000ce809fede8:   00007ffdb5e8bf19 0000000000000001
0x000000ce809fedf8:   000000ce809ff1c0 00007ffe165b0000
0x000000ce809fee08:   00007ffe15f988c0 000000ce00000001
0x000000ce809fee18:   00007ffe15eab8aa 000000ce809f0101
0x000000ce809fee28:   000000ce809feea8 000000ce809ff1c0
0x000000ce809fee38:   00000000c0000005 00007ffe00000000
0x000000ce809fee48:   00007ffe15eab84d 0000000000000001
0x000000ce809fee58:   00007ffe15f125ec 000000ce809ff1c0
0x000000ce809fee68:   000000ce809fee98 fffffffffffffffe
0x000000ce809fee78:   00007ffe15eab84d 0000000000000001
0x000000ce809fee88:   00007ffe16446693 00007ffe16512c60
0x000000ce809fee98:   c00000050000000d ffffffff0000000d
0x000000ce809feea8:   000000ce809fee90 0000000000000000
0x000000ce809feeb8:   00007ffe1644633f 0000000000000000 

Instructions: (pc=0x00007ffd4b5b8c80)
0x00007ffd4b5b8b80:   00 00 00 00 00 00 00 00 00 00 00 00 00 00 00 00
0x00007ffd4b5b8b90:   40 e5 42 00 01 00 00 00 00 00 00 00 ff ff ff ff
0x00007ffd4b5b8ba0:   00 00 00 00 40 00 00 00 60 8b 3c 00 00 00 00 00
0x00007ffd4b5b8bb0:   00 00 00 00 00 00 00 00 00 00 00 00 00 00 00 00
0x00007ffd4b5b8bc0:   01 00 00 00 d0 8b 3c 00 00 00 00 00 00 00 00 00
0x00007ffd4b5b8bd0:   e0 8b 3c 00 00 00 00 00 00 00 00 00 00 00 00 00
0x00007ffd4b5b8be0:   e8 e5 42 00 00 00 00 00 00 00 00 00 ff ff ff ff
0x00007ffd4b5b8bf0:   00 00 00 00 40 00 00 00 b8 8b 3c 00 00 00 00 00
0x00007ffd4b5b8c00:   00 00 00 00 00 00 00 00 01 00 00 00 00 00 00 00
0x00007ffd4b5b8c10:   00 00 00 00 18 e6 42 00 30 8c 3c 00 08 8c 3c 00
0x00007ffd4b5b8c20:   00 00 00 00 00 00 00 00 00 00 00 00 00 00 00 00
0x00007ffd4b5b8c30:   00 00 00 00 00 00 00 00 01 00 00 00 48 8c 3c 00
0x00007ffd4b5b8c40:   00 00 00 00 00 00 00 00 58 8c 3c 00 00 00 00 00
0x00007ffd4b5b8c50:   00 00 00 00 00 00 00 00 18 e6 42 00 00 00 00 00
0x00007ffd4b5b8c60:   00 00 00 00 ff ff ff ff 00 00 00 00 40 00 00 00
0x00007ffd4b5b8c70:   30 8c 3c 00 00 00 00 00 00 00 00 00 00 00 00 00
0x00007ffd4b5b8c80:   01 00 00 00 00 00 00 00 00 00 00 00 40 e6 42 00
0x00007ffd4b5b8c90:   a8 8c 3c 00 80 8c 3c 00 00 00 00 00 00 00 00 00
0x00007ffd4b5b8ca0:   00 00 00 00 00 00 00 00 00 00 00 00 01 00 00 00
0x00007ffd4b5b8cb0:   03 00 00 00 c0 8c 3c 00 00 00 00 00 00 00 00 00
0x00007ffd4b5b8cc0:   e0 8c 3c 00 58 8c 3c 00 08 8d 3c 00 00 00 00 00
0x00007ffd4b5b8cd0:   00 00 00 00 00 00 00 00 00 00 00 00 00 00 00 00
0x00007ffd4b5b8ce0:   40 e6 42 00 02 00 00 00 00 00 00 00 ff ff ff ff
0x00007ffd4b5b8cf0:   00 00 00 00 40 00 00 00 a8 8c 3c 00 00 00 00 00
0x00007ffd4b5b8d00:   00 00 00 00 00 00 00 00 60 e6 42 00 00 00 00 00
0x00007ffd4b5b8d10:   10 00 00 00 ff ff ff ff 00 00 00 00 40 00 00 00
0x00007ffd4b5b8d20:   30 8d 3c 00 00 00 00 00 00 00 00 00 00 00 00 00
0x00007ffd4b5b8d30:   00 00 00 00 00 00 00 00 01 00 00 00 48 8d 3c 00
0x00007ffd4b5b8d40:   00 00 00 00 00 00 00 00 58 8d 3c 00 00 00 00 00
0x00007ffd4b5b8d50:   00 00 00 00 00 00 00 00 60 e6 42 00 00 00 00 00
0x00007ffd4b5b8d60:   00 00 00 00 ff ff ff ff 00 00 00 00 40 00 00 00
0x00007ffd4b5b8d70:   30 8d 3c 00 00 00 00 00 00 00 00 00 00 00 00 00 


Stack slot to memory mapping:

stack at sp + 0 slots: 0x00007ffd4b2aac99 owe-client-x64.dll
stack at sp + 1 slots: 0x00007ffd4b62c7b8 owe-client-x64.dll
stack at sp + 2 slots: 0x00007ffd4b625018 owe-client-x64.dll
stack at sp + 3 slots: 0x0000026e4d560e00 points into unknown readable memory: 0x00007ffe166d0150 | 50 01 6d 16 fe 7f 00 00
stack at sp + 4 slots: 0x0 is null
stack at sp + 5 slots: 0xfffffffffffffffe is an unknown value
stack at sp + 6 slots: 0x00007ffd4b2ab0f7 owe-client-x64.dll
stack at sp + 7 slots: 0x0000026e4d5ac430 points into unknown readable memory: 0x00007ffd4b55e300 | 00 e3 55 4b fd 7f 00 00

VM_Operation (0x000000ce817fe5e0): Exit, mode: safepoint, requested by thread 0x0000026e4d504090


---------------  P R O C E S S  ---------------

Threads class SMR info:
_java_thread_list=0x0000026e839f1b30, length=18, elements={
0x0000026e4d008ec0, 0x0000026e4d009520, 0x0000026e4d00e870, 0x0000026e4d00f9c0,
0x0000026e4d01c180, 0x0000026e4d025230, 0x0000026e4d026100, 0x0000026e4d030a00,
0x0000026e4d156280, 0x0000026e4d15aab0, 0x0000026e4d3de3b0, 0x0000026e4d3e14d0,
0x0000026e4d504090, 0x0000026e4d51e280, 0x0000026e6425f7e0, 0x0000026e541c1d10,
0x0000026e4fe1a8b0, 0x0000026e5437b9d0
}

Java Threads: ( => current thread )
  0x0000026e4d008ec0 JavaThread "Reference Handler"          daemon [_thread_blocked, id=9288, stack(0x000000ce80a00000,0x000000ce80b00000) (1024K)]
  0x0000026e4d009520 JavaThread "Finalizer"                  daemon [_thread_blocked, id=39808, stack(0x000000ce80b00000,0x000000ce80c00000) (1024K)]
  0x0000026e4d00e870 JavaThread "Signal Dispatcher"          daemon [_thread_blocked, id=28248, stack(0x000000ce80c00000,0x000000ce80d00000) (1024K)]
  0x0000026e4d00f9c0 JavaThread "Attach Listener"            daemon [_thread_blocked, id=30180, stack(0x000000ce80d00000,0x000000ce80e00000) (1024K)]
  0x0000026e4d01c180 JavaThread "Service Thread"             daemon [_thread_blocked, id=23016, stack(0x000000ce80e00000,0x000000ce80f00000) (1024K)]
  0x0000026e4d025230 JavaThread "Monitor Deflation Thread"   daemon [_thread_blocked, id=35072, stack(0x000000ce80f00000,0x000000ce81000000) (1024K)]
  0x0000026e4d026100 JavaThread "C2 CompilerThread0"         daemon [_thread_blocked, id=27920, stack(0x000000ce81000000,0x000000ce81100000) (1024K)]
  0x0000026e4d030a00 JavaThread "C1 CompilerThread0"         daemon [_thread_blocked, id=39312, stack(0x000000ce81100000,0x000000ce81200000) (1024K)]
  0x0000026e4d156280 JavaThread "Notification Thread"        daemon [_thread_blocked, id=12000, stack(0x000000ce81200000,0x000000ce81300000) (1024K)]
  0x0000026e4d15aab0 JavaThread "Common-Cleaner"             daemon [_thread_blocked, id=13904, stack(0x000000ce81300000,0x000000ce81400000) (1024K)]
  0x0000026e4d3de3b0 JavaThread "Java2D Disposer"            daemon [_thread_blocked, id=15428, stack(0x000000ce81400000,0x000000ce81500000) (1024K)]
  0x0000026e4d3e14d0 JavaThread "AWT-Shutdown"                      [_thread_blocked, id=26264, stack(0x000000ce81500000,0x000000ce81600000) (1024K)]
  0x0000026e4d504090 JavaThread "AWT-EventQueue-0"                  [_thread_blocked, id=27860, stack(0x000000ce81700000,0x000000ce81800000) (1024K)]
  0x0000026e4d51e280 JavaThread "Timer hack thread"          daemon [_thread_blocked, id=24060, stack(0x000000ce81800000,0x000000ce81900000) (1024K)]
  0x0000026e6425f7e0 JavaThread "DestroyJavaVM"                     [_thread_blocked, id=18868, stack(0x000000ce80200000,0x000000ce80300000) (1024K)]
  0x0000026e541c1d10 JavaThread "Thread-2"                   daemon [_thread_in_native, id=15172, stack(0x000000ce82400000,0x000000ce82500000) (1024K)]
  0x0000026e4fe1a8b0 JavaThread "Thread-3"                          [_thread_blocked, id=5548, stack(0x000000ce82500000,0x000000ce82600000) (1024K)]
  0x0000026e5437b9d0 JavaThread "Thread-4"                          [_thread_blocked, id=34204, stack(0x000000ce82800000,0x000000ce82900000) (1024K)]
Total: 18

Other Threads:
=>0x0000026e7d4bdad0 VMThread "VM Thread"                           [id=41888, stack(0x000000ce80900000,0x000000ce80a00000) (1024K)]
  0x0000026e643018f0 WorkerThread "GC Thread#0"                     [id=37780, stack(0x000000ce80300000,0x000000ce80400000) (1024K)]
  0x0000026e4f8c3620 WorkerThread "GC Thread#1"                     [id=40372, stack(0x000000ce82e00000,0x000000ce82f00000) (1024K)]
  0x0000026e4f8c1920 WorkerThread "GC Thread#2"                     [id=5848, stack(0x000000ce82f00000,0x000000ce83000000) (1024K)]
  0x0000026e4f8c1580 WorkerThread "GC Thread#3"                     [id=25824, stack(0x000000ce83000000,0x000000ce83100000) (1024K)]
  0x0000026e4f8c0aa0 WorkerThread "GC Thread#4"                     [id=41360, stack(0x000000ce83100000,0x000000ce83200000) (1024K)]
  0x0000026e4f8c0e40 WorkerThread "GC Thread#5"                     [id=1824, stack(0x000000ce83200000,0x000000ce83300000) (1024K)]
  0x0000026e4f8bffc0 WorkerThread "GC Thread#6"                     [id=1980, stack(0x000000ce83300000,0x000000ce83400000) (1024K)]
  0x0000026e4f8c0700 WorkerThread "GC Thread#7"                     [id=12872, stack(0x000000ce83400000,0x000000ce83500000) (1024K)]
  0x0000026e4f8c2060 WorkerThread "GC Thread#8"                     [id=40640, stack(0x000000ce83500000,0x000000ce83600000) (1024K)]
  0x0000026e4f8c2400 WorkerThread "GC Thread#9"                     [id=33812, stack(0x000000ce83600000,0x000000ce83700000) (1024K)]
  0x0000026e4f8c3280 WorkerThread "GC Thread#10"                    [id=25772, stack(0x000000ce83700000,0x000000ce83800000) (1024K)]
  0x0000026e64312460 ConcurrentGCThread "G1 Main Marker"            terminated
  0x0000026e643130c0 WorkerThread "G1 Conc#0"                       [id=38616, stack(0x000000ce80500000,0x000000ce80600000) (1024K)]
  0x0000026e4f8c2ee0 WorkerThread "G1 Conc#1"                       [id=33064, stack(0x000000ce80000000,0x000000ce80100000) (1024K)]
  0x0000026e4f8c27a0 WorkerThread "G1 Conc#2"                       [id=17760, stack(0x000000ce80100000,0x000000ce80200000) (1024K)]
  0x0000026e7d371550 ConcurrentGCThread "G1 Refine#0"               terminated
  0x0000026e7d374c00 ConcurrentGCThread "G1 Service"                terminated
Total: 18

Threads with active compile tasks:
Total: 0

VM state: at safepoint (shutting down)

VM Mutex/Monitor currently owned by a thread:  ([mutex/lock_event])
[0x00007ffd340c5458] Threads_lock - owner thread: 0x0000026e7d4bdad0
[0x00007ffd340c5558] Heap_lock - owner thread: 0x0000026e4d504090

Heap address: 0x0000000608c00000, size: 8052 MB, Compressed Oops mode: Zero based, Oop shift amount: 3

CDS archive(s) mapped at: [0x0000026e08000000-0x0000026e08c80000-0x0000026e08c80000), size 13107200, SharedBaseAddress: 0x0000026e08000000, ArchiveRelocationMode: 1.
Compressed class space mapped at: 0x0000026e09000000-0x0000026e49000000, reserved size: 1073741824
Narrow klass base: 0x0000026e08000000, Narrow klass shift: 0, Narrow klass range: 0x100000000

GC Precious Log:
 CardTable entry size: 512
 Card Set container configuration: InlinePtr #cards 4 size 8 Array Of Cards #cards 32 size 80 Howl #buckets 8 coarsen threshold 7372 Howl Bitmap #cards 1024 size 144 coarsen threshold 921 Card regions per heap region 1 cards per card region 8192
 CPUs: 14 total, 14 available
 Memory: 32203M
 Large Page Support: Disabled
 NUMA Support: Disabled
 Compressed Oops: Enabled (Zero based)
 Heap Region Size: 4M
 Heap Min Capacity: 8M
 Heap Initial Capacity: 504M
 Heap Max Capacity: 8052M
 Pre-touch: Disabled
 Parallel Workers: 11
 Concurrent Workers: 3
 Concurrent Refinement Workers: 11
 Periodic GC: Disabled

Heap:
 garbage-first heap   total 131072K, used 75359K [0x0000000608c00000, 0x0000000800000000)
  region size 4096K, 1 young (4096K), 0 survivors (0K)
 Metaspace       used 13928K, committed 14208K, reserved 1114112K
  class space    used 1265K, committed 1408K, reserved 1048576K

Heap Regions: E=young(eden), S=young(survivor), O=old, HS=humongous(starts), HC=humongous(continues), CS=collection set, F=free, TAMS=top-at-mark-start, PB=parsable bottom
|   0|0x0000000608c00000, 0x0000000609000000, 0x0000000609000000|100%|HS|  |TAMS 0x0000000608c00000| PB 0x0000000608c00000| Untracked 
|   1|0x0000000609000000, 0x0000000609400000, 0x0000000609400000|100%|HC|  |TAMS 0x0000000609000000| PB 0x0000000609000000| Untracked 
|   2|0x0000000609400000, 0x0000000609800000, 0x0000000609800000|100%|HC|  |TAMS 0x0000000609400000| PB 0x0000000609400000| Untracked 
|   3|0x0000000609800000, 0x0000000609c00000, 0x0000000609c00000|100%| O|  |TAMS 0x0000000609800000| PB 0x0000000609800000| Untracked 
|   4|0x0000000609c00000, 0x0000000609ffb478, 0x000000060a000000| 99%| O|  |TAMS 0x0000000609c00000| PB 0x0000000609c00000| Untracked 
|   5|0x000000060a000000, 0x000000060a3ff5a0, 0x000000060a400000| 99%| O|  |TAMS 0x000000060a000000| PB 0x000000060a000000| Untracked 
|   6|0x000000060a400000, 0x000000060a7fb240, 0x000000060a800000| 99%| O|  |TAMS 0x000000060a400000| PB 0x000000060a400000| Untracked 
|   7|0x000000060a800000, 0x000000060abfbb80, 0x000000060ac00000| 99%| O|  |TAMS 0x000000060a800000| PB 0x000000060a800000| Untracked 
|   8|0x000000060ac00000, 0x000000060afff818, 0x000000060b000000| 99%| O|  |TAMS 0x000000060ac00000| PB 0x000000060ac00000| Untracked 
|   9|0x000000060b000000, 0x000000060b3fc0f8, 0x000000060b400000| 99%| O|  |TAMS 0x000000060b000000| PB 0x000000060b000000| Untracked 
|  10|0x000000060b400000, 0x000000060b665900, 0x000000060b800000| 59%| O|  |TAMS 0x000000060b400000| PB 0x000000060b400000| Untracked 
|  11|0x000000060b800000, 0x000000060bb45390, 0x000000060bc00000| 81%| O|  |TAMS 0x000000060b800000| PB 0x000000060b800000| Untracked 
|  12|0x000000060bc00000, 0x000000060c000000, 0x000000060c000000|100%| O|  |TAMS 0x000000060bc00000| PB 0x000000060bc00000| Untracked 
|  13|0x000000060c000000, 0x000000060c000000, 0x000000060c400000|  0%| F|  |TAMS 0x000000060c000000| PB 0x000000060c000000| Untracked 
|  14|0x000000060c400000, 0x000000060c400000, 0x000000060c800000|  0%| F|  |TAMS 0x000000060c400000| PB 0x000000060c400000| Untracked 
|  15|0x000000060c800000, 0x000000060cc00000, 0x000000060cc00000|100%| O|  |TAMS 0x000000060c800000| PB 0x000000060c800000| Untracked 
|  16|0x000000060cc00000, 0x000000060d000000, 0x000000060d000000|100%| O|  |TAMS 0x000000060cc00000| PB 0x000000060cc00000| Untracked 
|  17|0x000000060d000000, 0x000000060d400000, 0x000000060d400000|100%| O|  |TAMS 0x000000060d000000| PB 0x000000060d000000| Untracked 
|  18|0x000000060d400000, 0x000000060d400000, 0x000000060d800000|  0%| F|  |TAMS 0x000000060d400000| PB 0x000000060d400000| Untracked 
|  19|0x000000060d800000, 0x000000060d800000, 0x000000060dc00000|  0%| F|  |TAMS 0x000000060d800000| PB 0x000000060d800000| Untracked 
|  20|0x000000060dc00000, 0x000000060dc00000, 0x000000060e000000|  0%| F|  |TAMS 0x000000060dc00000| PB 0x000000060dc00000| Untracked 
|  21|0x000000060e000000, 0x000000060e000000, 0x000000060e400000|  0%| F|  |TAMS 0x000000060e000000| PB 0x000000060e000000| Untracked 
|  22|0x000000060e400000, 0x000000060e400000, 0x000000060e800000|  0%| F|  |TAMS 0x000000060e400000| PB 0x000000060e400000| Untracked 
|  23|0x000000060e800000, 0x000000060e800000, 0x000000060ec00000|  0%| F|  |TAMS 0x000000060e800000| PB 0x000000060e800000| Untracked 
|  24|0x000000060ec00000, 0x000000060ec00000, 0x000000060f000000|  0%| F|  |TAMS 0x000000060ec00000| PB 0x000000060ec00000| Untracked 
|  25|0x000000060f000000, 0x000000060f000000, 0x000000060f400000|  0%| F|  |TAMS 0x000000060f000000| PB 0x000000060f000000| Untracked 
|  26|0x000000060f400000, 0x000000060f400000, 0x000000060f800000|  0%| F|  |TAMS 0x000000060f400000| PB 0x000000060f400000| Untracked 
|  27|0x000000060f800000, 0x000000060f800000, 0x000000060fc00000|  0%| F|  |TAMS 0x000000060f800000| PB 0x000000060f800000| Untracked 
|  28|0x000000060fc00000, 0x000000060fdf8000, 0x0000000610000000| 49%| E|  |TAMS 0x000000060fc00000| PB 0x000000060fc00000| Complete 
|2010|0x00000007ff400000, 0x00000007ff800000, 0x00000007ff800000|100%| O|  |TAMS 0x00000007ff400000| PB 0x00000007ff400000| Untracked 
|2011|0x00000007ff800000, 0x00000007ffc00000, 0x00000007ffc00000|100%| O|  |TAMS 0x00000007ff800000| PB 0x00000007ff800000| Untracked 
|2012|0x00000007ffc00000, 0x0000000800000000, 0x0000000800000000|100%| O|  |TAMS 0x00000007ffc00000| PB 0x00000007ffc00000| Untracked 

Card table byte_map: [0x0000026e7a020000,0x0000026e7afe0000] _byte_map_base: 0x0000026e76fda000

Marking Bits: (CMBitMap*) 0x0000026e64301ff0
 Bits: [0x0000026e00000000, 0x0000026e07dd0000)

Polling page: 0x0000026e63f60000

Metaspace:

Usage:
  Non-class:     12.37 MB used.
      Class:      1.24 MB used.
       Both:     13.60 MB used.

Virtual space:
  Non-class space:       64.00 MB reserved,      12.50 MB ( 20%) committed,  1 nodes.
      Class space:        1.00 GB reserved,       1.38 MB ( <1%) committed,  1 nodes.
             Both:        1.06 GB reserved,      13.88 MB (  1%) committed. 

Chunk freelists:
   Non-Class:  3.33 MB
       Class:  14.61 MB
        Both:  17.94 MB

MaxMetaspaceSize: unlimited
CompressedClassSpaceSize: 1.00 GB
Initial GC threshold: 21.00 MB
Current GC threshold: 23.12 MB
CDS: on
 - commit_granule_bytes: 65536.
 - commit_granule_words: 8192.
 - virtual_space_node_default_size: 8388608.
 - enlarge_chunks_in_place: 1.
 - use_allocation_guard: 0.


Internal statistics:

num_allocs_failed_limit: 0.
num_arena_births: 204.
num_arena_deaths: 0.
num_vsnodes_births: 2.
num_vsnodes_deaths: 0.
num_space_committed: 220.
num_space_uncommitted: 0.
num_chunks_returned_to_freelist: 0.
num_chunks_taken_from_freelist: 450.
num_chunk_merges: 0.
num_chunk_splits: 275.
num_chunks_enlarged: 161.
num_inconsistent_stats: 0.

CodeHeap 'non-profiled nmethods': size=120000Kb used=3251Kb max_used=3624Kb free=116748Kb
 bounds [0x0000026e70d90000, 0x0000026e71120000, 0x0000026e782c0000]
CodeHeap 'profiled nmethods': size=120000Kb used=5433Kb max_used=6200Kb free=114566Kb
 bounds [0x0000026e692c0000, 0x0000026e698d0000, 0x0000026e707f0000]
CodeHeap 'non-nmethods': size=5760Kb used=1736Kb max_used=1773Kb free=4023Kb
 bounds [0x0000026e707f0000, 0x0000026e70a60000, 0x0000026e70d90000]
CodeCache: size=245760Kb, used=10420Kb, max_used=11597Kb, free=235337Kb
 total_blobs=3942, nmethods=3172, adapters=674, full_count=0
Compilation: enabled, stopped_count=0, restarted_count=0

Compilation events (20 events):
Event: 109.573 Thread 0x0000026e4d026100 3916       4       org.lwjgl.opengl.WindowsMouse::poll (225 bytes)
Event: 109.588 Thread 0x0000026e4d026100 nmethod 3916 0x0000026e70e04a10 code [0x0000026e70e04c00, 0x0000026e70e053a0]
Event: 113.797 Thread 0x0000026e4d026100 3917   !   4       org.lwjgl.input.Mouse::next (235 bytes)
Event: 113.818 Thread 0x0000026e4d026100 nmethod 3917 0x0000026e70fcd990 code [0x0000026e70fcdba0, 0x0000026e70fce4c8]
Event: 116.512 Thread 0x0000026e4d030a00 3918   !   3       jdk.internal.logger.LazyLoggers$LazyLoggerAccessor::platform (107 bytes)
Event: 116.512 Thread 0x0000026e4d030a00 nmethod 3918 0x0000026e692c5b90 code [0x0000026e692c5de0, 0x0000026e692c6ad8]
Event: 116.513 Thread 0x0000026e4d030a00 3919       3       sun.util.logging.PlatformLogger::isLoggable (23 bytes)
Event: 116.513 Thread 0x0000026e4d030a00 nmethod 3919 0x0000026e69343190 code [0x0000026e69343360, 0x0000026e69343640]
Event: 116.513 Thread 0x0000026e4d030a00 3920       3       jdk.internal.logger.LazyLoggers$LazyLoggerWrapper::platformProxy (10 bytes)
Event: 116.513 Thread 0x0000026e4d030a00 nmethod 3920 0x0000026e69452b10 code [0x0000026e69452cc0, 0x0000026e69452e58]
Event: 116.513 Thread 0x0000026e4d030a00 3921       1       java.util.logging.Level::intValue (5 bytes)
Event: 116.513 Thread 0x0000026e4d030a00 nmethod 3921 0x0000026e70e71a10 code [0x0000026e70e71ba0, 0x0000026e70e71c68]
Event: 116.682 Thread 0x0000026e4d030a00 3922   !   3       org.lwjgl.opengl.WindowsDisplay::update (106 bytes)
Event: 116.683 Thread 0x0000026e4d030a00 nmethod 3922 0x0000026e6959bd90 code [0x0000026e6959c140, 0x0000026e6959d7e0]
Event: 118.714 Thread 0x0000026e4d026100 3923   !   4       org.lwjgl.input.Keyboard::isKeyDown (45 bytes)
Event: 118.716 Thread 0x0000026e4d026100 nmethod 3923 0x0000026e70fb5410 code [0x0000026e70fb55c0, 0x0000026e70fb5838]
Event: 119.058 Thread 0x0000026e4d026100 3924       4       net.java.games.input.RawInputEventQueue::addMouseEvent (34 bytes)
Event: 119.061 Thread 0x0000026e4d026100 nmethod 3924 0x0000026e70e5d210 code [0x0000026e70e5d3c0, 0x0000026e70e5d838]
Event: 119.515 Thread 0x0000026e4d030a00 3925       3       java.util.concurrent.ConcurrentHashMap$KeyIterator::next (34 bytes)
Event: 119.515 Thread 0x0000026e4d030a00 nmethod 3925 0x0000026e6940bd90 code [0x0000026e6940bf60, 0x0000026e6940c1d0]

GC Heap History (20 events):
Event: 2.322 GC heap before
{Heap before GC invocations=0 (full 0):
 garbage-first heap   total 516096K, used 32768K [0x0000000608c00000, 0x0000000800000000)
  region size 4096K, 6 young (24576K), 0 survivors (0K)
 Metaspace       used 11830K, committed 12096K, reserved 1114112K
  class space    used 1154K, committed 1280K, reserved 1048576K
}
Event: 2.328 GC heap after
{Heap after GC invocations=1 (full 0):
 garbage-first heap   total 516096K, used 17721K [0x0000000608c00000, 0x0000000800000000)
  region size 4096K, 1 young (4096K), 1 survivors (4096K)
 Metaspace       used 11830K, committed 12096K, reserved 1114112K
  class space    used 1154K, committed 1280K, reserved 1048576K
}
Event: 39.009 GC heap before
{Heap before GC invocations=1 (full 0):
 garbage-first heap   total 516096K, used 38201K [0x0000000608c00000, 0x0000000800000000)
  region size 4096K, 7 young (28672K), 1 survivors (4096K)
 Metaspace       used 12573K, committed 12864K, reserved 1114112K
  class space    used 1201K, committed 1344K, reserved 1048576K
}
Event: 39.013 GC heap after
{Heap after GC invocations=2 (full 0):
 garbage-first heap   total 516096K, used 18138K [0x0000000608c00000, 0x0000000800000000)
  region size 4096K, 1 young (4096K), 1 survivors (4096K)
 Metaspace       used 12573K, committed 12864K, reserved 1114112K
  class space    used 1201K, committed 1344K, reserved 1048576K
}
Event: 50.678 GC heap before
{Heap before GC invocations=2 (full 0):
 garbage-first heap   total 516096K, used 95962K [0x0000000608c00000, 0x0000000800000000)
  region size 4096K, 21 young (86016K), 1 survivors (4096K)
 Metaspace       used 12680K, committed 12992K, reserved 1114112K
  class space    used 1201K, committed 1344K, reserved 1048576K
}
Event: 50.679 GC heap after
{Heap after GC invocations=3 (full 0):
 garbage-first heap   total 516096K, used 18023K [0x0000000608c00000, 0x0000000800000000)
  region size 4096K, 1 young (4096K), 1 survivors (4096K)
 Metaspace       used 12680K, committed 12992K, reserved 1114112K
  class space    used 1201K, committed 1344K, reserved 1048576K
}
Event: 64.559 GC heap before
{Heap before GC invocations=3 (full 0):
 garbage-first heap   total 516096K, used 71271K [0x0000000608c00000, 0x0000000800000000)
  region size 4096K, 15 young (61440K), 1 survivors (4096K)
 Metaspace       used 12898K, committed 13120K, reserved 1114112K
  class space    used 1217K, committed 1344K, reserved 1048576K
}
Event: 64.569 GC heap after
{Heap after GC invocations=4 (full 1):
 garbage-first heap   total 163840K, used 17636K [0x0000000608c00000, 0x0000000800000000)
  region size 4096K, 0 young (0K), 0 survivors (0K)
 Metaspace       used 12898K, committed 13120K, reserved 1114112K
  class space    used 1217K, committed 1344K, reserved 1048576K
}
Event: 64.570 GC heap before
{Heap before GC invocations=4 (full 1):
 garbage-first heap   total 163840K, used 17636K [0x0000000608c00000, 0x0000000800000000)
  region size 4096K, 0 young (0K), 0 survivors (0K)
 Metaspace       used 12898K, committed 13120K, reserved 1114112K
  class space    used 1217K, committed 1344K, reserved 1048576K
}
Event: 64.579 GC heap after
{Heap after GC invocations=5 (full 2):
 garbage-first heap   total 98304K, used 17628K [0x0000000608c00000, 0x0000000800000000)
  region size 4096K, 0 young (0K), 0 survivors (0K)
 Metaspace       used 12898K, committed 13120K, reserved 1114112K
  class space    used 1217K, committed 1344K, reserved 1048576K
}
Event: 67.877 GC heap before
{Heap before GC invocations=5 (full 2):
 garbage-first heap   total 98304K, used 46300K [0x0000000608c00000, 0x0000000800000000)
  region size 4096K, 9 young (36864K), 0 survivors (0K)
 Metaspace       used 13160K, committed 13376K, reserved 1114112K
  class space    used 1236K, committed 1344K, reserved 1048576K
}
Event: 67.897 GC heap after
{Heap after GC invocations=6 (full 3):
 garbage-first heap   total 98304K, used 43400K [0x0000000608c00000, 0x0000000800000000)
  region size 4096K, 0 young (0K), 0 survivors (0K)
 Metaspace       used 13160K, committed 13376K, reserved 1114112K
  class space    used 1236K, committed 1344K, reserved 1048576K
}
Event: 75.302 GC heap before
{Heap before GC invocations=6 (full 3):
 garbage-first heap   total 98304K, used 76168K [0x0000000608c00000, 0x0000000800000000)
  region size 4096K, 9 young (36864K), 0 survivors (0K)
 Metaspace       used 13675K, committed 13952K, reserved 1114112K
  class space    used 1257K, committed 1408K, reserved 1048576K
}
Event: 75.311 GC heap after
{Heap after GC invocations=7 (full 3):
 garbage-first heap   total 110592K, used 67073K [0x0000000608c00000, 0x0000000800000000)
  region size 4096K, 2 young (8192K), 2 survivors (8192K)
 Metaspace       used 13675K, committed 13952K, reserved 1114112K
  class space    used 1257K, committed 1408K, reserved 1048576K
}
Event: 80.431 GC heap before
{Heap before GC invocations=8 (full 3):
 garbage-first heap   total 122880K, used 83457K [0x0000000608c00000, 0x0000000800000000)
  region size 4096K, 6 young (24576K), 2 survivors (8192K)
 Metaspace       used 13812K, committed 14080K, reserved 1114112K
  class space    used 1263K, committed 1408K, reserved 1048576K
}
Event: 80.433 GC heap after
{Heap after GC invocations=9 (full 3):
 garbage-first heap   total 122880K, used 73468K [0x0000000608c00000, 0x0000000800000000)
  region size 4096K, 1 young (4096K), 1 survivors (4096K)
 Metaspace       used 13812K, committed 14080K, reserved 1114112K
  class space    used 1263K, committed 1408K, reserved 1048576K
}
Event: 88.989 GC heap before
{Heap before GC invocations=9 (full 3):
 garbage-first heap   total 122880K, used 89852K [0x0000000608c00000, 0x0000000800000000)
  region size 4096K, 5 young (20480K), 1 survivors (4096K)
 Metaspace       used 13864K, committed 14144K, reserved 1114112K
  class space    used 1263K, committed 1408K, reserved 1048576K
}
Event: 88.990 GC heap after
{Heap after GC invocations=10 (full 3):
 garbage-first heap   total 122880K, used 74774K [0x0000000608c00000, 0x0000000800000000)
  region size 4096K, 1 young (4096K), 1 survivors (4096K)
 Metaspace       used 13864K, committed 14144K, reserved 1114112K
  class space    used 1263K, committed 1408K, reserved 1048576K
}
Event: 92.232 GC heap before
{Heap before GC invocations=10 (full 3):
 garbage-first heap   total 122880K, used 78870K [0x0000000608c00000, 0x0000000800000000)
  region size 4096K, 3 young (12288K), 1 survivors (4096K)
 Metaspace       used 13914K, committed 14208K, reserved 1114112K
  class space    used 1263K, committed 1408K, reserved 1048576K
}
Event: 92.262 GC heap after
{Heap after GC invocations=11 (full 4):
 garbage-first heap   total 131072K, used 75359K [0x0000000608c00000, 0x0000000800000000)
  region size 4096K, 0 young (0K), 0 survivors (0K)
 Metaspace       used 13914K, committed 14208K, reserved 1114112K
  class space    used 1263K, committed 1408K, reserved 1048576K
}

Dll operation events (15 events):
Event: 0.009 Loaded shared library C:\Users\gagek\.p2\pool\plugins\org.eclipse.justj.openjdk.hotspot.jre.full.win32.x86_64_21.0.8.v20250724-1412\jre\bin\java.dll
Event: 0.040 Loaded shared library C:\Users\gagek\.p2\pool\plugins\org.eclipse.justj.openjdk.hotspot.jre.full.win32.x86_64_21.0.8.v20250724-1412\jre\bin\zip.dll
Event: 0.084 Loaded shared library C:\Users\gagek\.p2\pool\plugins\org.eclipse.justj.openjdk.hotspot.jre.full.win32.x86_64_21.0.8.v20250724-1412\jre\bin\net.dll
Event: 0.087 Loaded shared library C:\Users\gagek\.p2\pool\plugins\org.eclipse.justj.openjdk.hotspot.jre.full.win32.x86_64_21.0.8.v20250724-1412\jre\bin\nio.dll
Event: 0.093 Loaded shared library C:\Users\gagek\.p2\pool\plugins\org.eclipse.justj.openjdk.hotspot.jre.full.win32.x86_64_21.0.8.v20250724-1412\jre\bin\zip.dll
Event: 0.134 Loaded shared library C:\Users\gagek\.p2\pool\plugins\org.eclipse.justj.openjdk.hotspot.jre.full.win32.x86_64_21.0.8.v20250724-1412\jre\bin\jimage.dll
Event: 0.157 Loaded shared library C:\Users\gagek\.p2\pool\plugins\org.eclipse.justj.openjdk.hotspot.jre.full.win32.x86_64_21.0.8.v20250724-1412\jre\bin\awt.dll
Event: 0.314 Loaded shared library C:\Users\gagek\.p2\pool\plugins\org.eclipse.justj.openjdk.hotspot.jre.full.win32.x86_64_21.0.8.v20250724-1412\jre\bin\freetype.dll
Event: 0.316 Loaded shared library C:\Users\gagek\.p2\pool\plugins\org.eclipse.justj.openjdk.hotspot.jre.full.win32.x86_64_21.0.8.v20250724-1412\jre\bin\fontmanager.dll
Event: 0.466 Loaded shared library C:\Users\gagek\.p2\pool\plugins\org.eclipse.justj.openjdk.hotspot.jre.full.win32.x86_64_21.0.8.v20250724-1412\jre\bin\verify.dll
Event: 0.479 Loaded shared library C:\MinecraftAlphaDev\libraries\natives\lwjgl64.dll
Event: 0.496 Loaded shared library C:\Users\gagek\.p2\pool\plugins\org.eclipse.justj.openjdk.hotspot.jre.full.win32.x86_64_21.0.8.v20250724-1412\jre\bin\jawt.dll
Event: 1.360 Loaded shared library C:\MinecraftAlphaDev\libraries\natives\jinput-dx8_64.dll
Event: 1.542 Loaded shared library C:\MinecraftAlphaDev\libraries\natives\jinput-raw_64.dll
Event: 2.335 Loaded shared library C:\Users\gagek\.p2\pool\plugins\org.eclipse.justj.openjdk.hotspot.jre.full.win32.x86_64_21.0.8.v20250724-1412\jre\bin\extnet.dll

Deoptimization events (20 events):
Event: 93.633 Thread 0x0000026e4d556b40 DEOPT PACKING pc=0x0000026e6954a2d4 sp=0x000000ce819ff330
Event: 93.633 Thread 0x0000026e4d556b40 DEOPT UNPACKING pc=0x0000026e70844e42 sp=0x000000ce819fe7c0 mode 0
Event: 97.241 Thread 0x0000026e4d556b40 DEOPT PACKING pc=0x0000026e6954a2d4 sp=0x000000ce819ff330
Event: 97.241 Thread 0x0000026e4d556b40 DEOPT UNPACKING pc=0x0000026e70844e42 sp=0x000000ce819fe7c0 mode 0
Event: 99.041 Thread 0x0000026e4d556b40 DEOPT PACKING pc=0x0000026e6954a2d4 sp=0x000000ce819ff330
Event: 99.041 Thread 0x0000026e4d556b40 DEOPT UNPACKING pc=0x0000026e70844e42 sp=0x000000ce819fe7c0 mode 0
Event: 100.837 Thread 0x0000026e4d556b40 DEOPT PACKING pc=0x0000026e6954a2d4 sp=0x000000ce819ff330
Event: 100.837 Thread 0x0000026e4d556b40 DEOPT UNPACKING pc=0x0000026e70844e42 sp=0x000000ce819fe7c0 mode 0
Event: 116.510 Thread 0x0000026e4d504090 Uncommon trap: trap_request=0xffffffcc fr.pc=0x0000026e70ff8ac4 relative=0x0000000000000204
Event: 116.510 Thread 0x0000026e4d504090 Uncommon trap: reason=intrinsic_or_type_checked_inlining action=make_not_entrant pc=0x0000026e70ff8ac4 method=java.util.Arrays.copyOf([Ljava/lang/Object;ILjava/lang/Class;)[Ljava/lang/Object; @ 35 c2
Event: 116.510 Thread 0x0000026e4d504090 DEOPT PACKING pc=0x0000026e70ff8ac4 sp=0x000000ce817fdef0
Event: 116.510 Thread 0x0000026e4d504090 DEOPT UNPACKING pc=0x0000026e708446a2 sp=0x000000ce817fde98 mode 2
Event: 116.512 Thread 0x0000026e4d504090 Uncommon trap: trap_request=0xffffff45 fr.pc=0x0000026e70f52340 relative=0x00000000000000a0
Event: 116.512 Thread 0x0000026e4d504090 Uncommon trap: reason=unstable_if action=reinterpret pc=0x0000026e70f52340 method=java.util.ArrayList.indexOfRange(Ljava/lang/Object;II)I @ 45 c2
Event: 116.512 Thread 0x0000026e4d504090 DEOPT PACKING pc=0x0000026e70f52340 sp=0x000000ce817fe2b0
Event: 116.512 Thread 0x0000026e4d504090 DEOPT UNPACKING pc=0x0000026e708446a2 sp=0x000000ce817fe228 mode 2
Event: 116.521 Thread 0x0000026e4d556b40 Uncommon trap: trap_request=0xffffff45 fr.pc=0x0000026e70e8ee70 relative=0x00000000000000b0
Event: 116.521 Thread 0x0000026e4d556b40 Uncommon trap: reason=unstable_if action=reinterpret pc=0x0000026e70e8ee70 method=org.lwjgl.opengl.WindowsDisplay.update()V @ 26 c2
Event: 116.521 Thread 0x0000026e4d556b40 DEOPT PACKING pc=0x0000026e70e8ee70 sp=0x000000ce819ff350
Event: 116.521 Thread 0x0000026e4d556b40 DEOPT UNPACKING pc=0x0000026e708446a2 sp=0x000000ce819ff2e0 mode 2

Classes loaded (20 events):
Event: 68.019 Loading class sun/net/www/protocol/https/Handler
Event: 68.019 Loading class sun/net/www/protocol/https/Handler done
Event: 68.020 Loading class sun/net/www/http/KeepAliveCache$1
Event: 68.020 Loading class sun/net/www/http/KeepAliveCache$1 done
Event: 68.020 Loading class sun/net/www/http/KeepAliveCache$ClientVector
Event: 68.020 Loading class sun/net/www/http/KeepAliveCache$ClientVector done
Event: 68.021 Loading class sun/net/www/http/KeepAliveEntry
Event: 68.021 Loading class sun/net/www/http/KeepAliveEntry done
Event: 68.021 Loading class sun/net/www/protocol/http/EmptyInputStream
Event: 68.021 Loading class sun/net/www/protocol/http/EmptyInputStream done
Event: 70.609 Loading class java/util/zip/Deflater
Event: 70.609 Loading class java/util/zip/Deflater done
Event: 70.610 Loading class java/util/zip/Deflater$DeflaterZStreamRef
Event: 70.610 Loading class java/util/zip/Deflater$DeflaterZStreamRef done
Event: 84.282 Loading class java/lang/FdLibm$Log
Event: 84.282 Loading class java/lang/FdLibm$Log done
Event: 119.515 Loading class java/util/WeakHashMap$KeyIterator
Event: 119.515 Loading class java/util/WeakHashMap$HashIterator
Event: 119.515 Loading class java/util/WeakHashMap$HashIterator done
Event: 119.515 Loading class java/util/WeakHashMap$KeyIterator done

Classes unloaded (0 events):
No events

Classes redefined (0 events):
No events

Internal exceptions (20 events):
Event: 89.987 Thread 0x0000026e4fe1a8b0 Exception <a 'java/lang/InterruptedException'{0x000000060f5ed8c8}: sleep interrupted> (0x000000060f5ed8c8) 
thrown [s\src\hotspot\share\prims\jvm.cpp, line 3074]
Event: 90.031 Thread 0x0000026e4fe1a8b0 Exception <a 'java/lang/InterruptedException'{0x000000060f5edc20}: sleep interrupted> (0x000000060f5edc20) 
thrown [s\src\hotspot\share\prims\jvm.cpp, line 3074]
Event: 90.073 Thread 0x0000026e4fe1a8b0 Exception <a 'java/lang/InterruptedException'{0x000000060f5edf78}: sleep interrupted> (0x000000060f5edf78) 
thrown [s\src\hotspot\share\prims\jvm.cpp, line 3074]
Event: 90.109 Thread 0x0000026e4fe1a8b0 Exception <a 'java/lang/InterruptedException'{0x000000060f5ee2d0}: sleep interrupted> (0x000000060f5ee2d0) 
thrown [s\src\hotspot\share\prims\jvm.cpp, line 3074]
Event: 90.169 Thread 0x0000026e4fe1a8b0 Exception <a 'java/lang/InterruptedException'{0x000000060f5ee628}: sleep interrupted> (0x000000060f5ee628) 
thrown [s\src\hotspot\share\prims\jvm.cpp, line 3074]
Event: 90.169 Thread 0x0000026e4fe1a8b0 Exception <a 'java/lang/InterruptedException'{0x000000060f5ee960}: sleep interrupted> (0x000000060f5ee960) 
thrown [s\src\hotspot\share\prims\jvm.cpp, line 3052]
Event: 90.244 Thread 0x0000026e4fe1a8b0 Exception <a 'java/lang/InterruptedException'{0x000000060f5eec98}: sleep interrupted> (0x000000060f5eec98) 
thrown [s\src\hotspot\share\prims\jvm.cpp, line 3074]
Event: 90.314 Thread 0x0000026e4fe1a8b0 Exception <a 'java/lang/InterruptedException'{0x000000060f5eeff0}: sleep interrupted> (0x000000060f5eeff0) 
thrown [s\src\hotspot\share\prims\jvm.cpp, line 3074]
Event: 90.388 Thread 0x0000026e4fe1a8b0 Exception <a 'java/lang/InterruptedException'{0x000000060f5ef348}: sleep interrupted> (0x000000060f5ef348) 
thrown [s\src\hotspot\share\prims\jvm.cpp, line 3074]
Event: 90.446 Thread 0x0000026e4fe1a8b0 Exception <a 'java/lang/InterruptedException'{0x000000060f5ef6a0}: sleep interrupted> (0x000000060f5ef6a0) 
thrown [s\src\hotspot\share\prims\jvm.cpp, line 3074]
Event: 90.502 Thread 0x0000026e4fe1a8b0 Exception <a 'java/lang/InterruptedException'{0x000000060f5ef9f8}: sleep interrupted> (0x000000060f5ef9f8) 
thrown [s\src\hotspot\share\prims\jvm.cpp, line 3074]
Event: 90.560 Thread 0x0000026e4fe1a8b0 Exception <a 'java/lang/InterruptedException'{0x000000060f5efd50}: sleep interrupted> (0x000000060f5efd50) 
thrown [s\src\hotspot\share\prims\jvm.cpp, line 3074]
Event: 90.634 Thread 0x0000026e4fe1a8b0 Exception <a 'java/lang/InterruptedException'{0x000000060f5f00a8}: sleep interrupted> (0x000000060f5f00a8) 
thrown [s\src\hotspot\share\prims\jvm.cpp, line 3074]
Event: 90.711 Thread 0x0000026e4fe1a8b0 Exception <a 'java/lang/InterruptedException'{0x000000060f5f0400}: sleep interrupted> (0x000000060f5f0400) 
thrown [s\src\hotspot\share\prims\jvm.cpp, line 3074]
Event: 90.784 Thread 0x0000026e4fe1a8b0 Exception <a 'java/lang/InterruptedException'{0x000000060f5f0758}: sleep interrupted> (0x000000060f5f0758) 
thrown [s\src\hotspot\share\prims\jvm.cpp, line 3074]
Event: 90.856 Thread 0x0000026e4fe1a8b0 Exception <a 'java/lang/InterruptedException'{0x000000060f5f0ab0}: sleep interrupted> (0x000000060f5f0ab0) 
thrown [s\src\hotspot\share\prims\jvm.cpp, line 3074]
Event: 90.933 Thread 0x0000026e4fe1a8b0 Exception <a 'java/lang/InterruptedException'{0x000000060f5f0e08}: sleep interrupted> (0x000000060f5f0e08) 
thrown [s\src\hotspot\share\prims\jvm.cpp, line 3074]
Event: 91.013 Thread 0x0000026e4fe1a8b0 Exception <a 'java/lang/InterruptedException'{0x000000060f5f1160}: sleep interrupted> (0x000000060f5f1160) 
thrown [s\src\hotspot\share\prims\jvm.cpp, line 3074]
Event: 91.078 Thread 0x0000026e4fe1a8b0 Exception <a 'java/lang/InterruptedException'{0x000000060f5f14b8}: sleep interrupted> (0x000000060f5f14b8) 
thrown [s\src\hotspot\share\prims\jvm.cpp, line 3074]
Event: 92.263 Thread 0x0000026e4d556b40 Implicit null exception at 0x0000026e70ea7972 to 0x0000026e70ea7c84

ZGC Phase Switch (0 events):
No events

VM Operations (20 events):
Event: 84.435 Executing VM operation: Cleanup done
Event: 85.435 Executing VM operation: Cleanup
Event: 85.435 Executing VM operation: Cleanup done
Event: 85.999 Executing VM operation: HandshakeAllThreads (Deoptimize)
Event: 85.999 Executing VM operation: HandshakeAllThreads (Deoptimize) done
Event: 86.999 Executing VM operation: Cleanup
Event: 86.999 Executing VM operation: Cleanup done
Event: 88.000 Executing VM operation: Cleanup
Event: 88.000 Executing VM operation: Cleanup done
Event: 88.989 Executing VM operation: G1CollectForAllocation (G1 Evacuation Pause)
Event: 88.990 Executing VM operation: G1CollectForAllocation (G1 Evacuation Pause) done
Event: 89.991 Executing VM operation: Cleanup
Event: 89.991 Executing VM operation: Cleanup done
Event: 91.992 Executing VM operation: Cleanup
Event: 91.992 Executing VM operation: Cleanup done
Event: 92.232 Executing VM operation: G1CollectFull (System.gc())
Event: 92.262 Executing VM operation: G1CollectFull (System.gc()) done
Event: 93.262 Executing VM operation: Cleanup
Event: 93.262 Executing VM operation: Cleanup done
Event: 119.624 Executing VM operation: Exit

Memory protections (0 events):
No events

Nmethod flushes (20 events):
Event: 92.245 Thread 0x0000026e7d4bdad0 flushing osr nmethod 0x0000026e6963df10
Event: 92.245 Thread 0x0000026e7d4bdad0 flushing osr nmethod 0x0000026e6963f990
Event: 92.245 Thread 0x0000026e7d4bdad0 flushing  nmethod 0x0000026e69642710
Event: 92.245 Thread 0x0000026e7d4bdad0 flushing  nmethod 0x0000026e6964cf90
Event: 92.245 Thread 0x0000026e7d4bdad0 flushing  nmethod 0x0000026e6964d690
Event: 92.245 Thread 0x0000026e7d4bdad0 flushing osr nmethod 0x0000026e6964e190
Event: 92.245 Thread 0x0000026e7d4bdad0 flushing  nmethod 0x0000026e69650910
Event: 92.245 Thread 0x0000026e7d4bdad0 flushing  nmethod 0x0000026e69651010
Event: 92.245 Thread 0x0000026e7d4bdad0 flushing  nmethod 0x0000026e69651890
Event: 92.245 Thread 0x0000026e7d4bdad0 flushing  nmethod 0x0000026e69721090
Event: 92.245 Thread 0x0000026e7d4bdad0 flushing  nmethod 0x0000026e6973a410
Event: 92.245 Thread 0x0000026e7d4bdad0 flushing  nmethod 0x0000026e6973ae10
Event: 92.245 Thread 0x0000026e7d4bdad0 flushing  nmethod 0x0000026e69756910
Event: 92.245 Thread 0x0000026e7d4bdad0 flushing  nmethod 0x0000026e69758790
Event: 92.245 Thread 0x0000026e7d4bdad0 flushing osr nmethod 0x0000026e6975e510
Event: 92.245 Thread 0x0000026e7d4bdad0 flushing  nmethod 0x0000026e69768090
Event: 92.245 Thread 0x0000026e7d4bdad0 flushing  nmethod 0x0000026e6976bc90
Event: 92.245 Thread 0x0000026e7d4bdad0 flushing  nmethod 0x0000026e6978a110
Event: 92.245 Thread 0x0000026e7d4bdad0 flushing  nmethod 0x0000026e6978e790
Event: 92.245 Thread 0x0000026e7d4bdad0 flushing  nmethod 0x0000026e697b6c10

Events (20 events):
Event: 78.022 Thread 0x0000026e4d1f46c0 Thread exited: 0x0000026e4d1f46c0
Event: 80.234 Thread 0x0000026e4d030a00 Thread added: 0x0000026e4ff67e70
Event: 80.234 Thread 0x0000026e4d030a00 Thread added: 0x0000026e4ff68540
Event: 80.602 Thread 0x0000026e4ff68540 Thread exited: 0x0000026e4ff68540
Event: 81.345 Thread 0x0000026e4ff67e70 Thread exited: 0x0000026e4ff67e70
Event: 119.513 Thread 0x0000026e4d556b40 Thread exited: 0x0000026e4d556b40
Event: 119.514 Thread 0x0000026e4d504090 Thread added: 0x0000026e4d1efe90
Event: 119.514 Thread 0x0000026e4d504090 Thread added: 0x0000026e4d1f53e0
Event: 119.514 Thread 0x0000026e4d504090 Thread added: 0x0000026e4d1f39a0
Event: 119.514 Thread 0x0000026e4d504090 Thread added: 0x0000026e4d1f5a70
Event: 119.514 Thread 0x0000026e4d504090 Thread added: 0x0000026e4d1f6100
Event: 119.514 Thread 0x0000026e4d504090 Thread added: 0x0000026e4d1f6790
Event: 119.514 Thread 0x0000026e4d1efe90 Thread exited: 0x0000026e4d1efe90
Event: 119.515 Thread 0x0000026e4d1f6790 Thread exited: 0x0000026e4d1f6790
Event: 119.515 Thread 0x0000026e4d1f39a0 Thread exited: 0x0000026e4d1f39a0
Event: 119.521 Thread 0x0000026e4d1f5a70 Thread exited: 0x0000026e4d1f5a70
Event: 119.533 Thread 0x0000026e4d1f53e0 Thread exited: 0x0000026e4d1f53e0
Event: 119.579 Thread 0x0000026e4d3e45f0 Thread exited: 0x0000026e4d3e45f0
Event: 119.624 Thread 0x0000026e4d1f6100 Thread exited: 0x0000026e4d1f6100
Event: 119.624 Thread 0x0000026e4d504090 Before exit entered


Dynamic libraries:
0x00007ff7d8d50000 - 0x00007ff7d8d5e000 	C:\Users\gagek\.p2\pool\plugins\org.eclipse.justj.openjdk.hotspot.jre.full.win32.x86_64_21.0.8.v20250724-1412\jre\bin\javaw.exe
0x00007ffe18220000 - 0x00007ffe18487000 	C:\windows\SYSTEM32\ntdll.dll
0x00007ffe17580000 - 0x00007ffe17649000 	C:\windows\System32\KERNEL32.DLL
0x00007ffe15590000 - 0x00007ffe15980000 	C:\windows\System32\KERNELBASE.dll
0x00007ffe15e60000 - 0x00007ffe15fab000 	C:\windows\System32\ucrtbase.dll
0x00007ffdf3590000 - 0x00007ffdf35a8000 	C:\Users\gagek\.p2\pool\plugins\org.eclipse.justj.openjdk.hotspot.jre.full.win32.x86_64_21.0.8.v20250724-1412\jre\bin\jli.dll
0x00007ffdee9f0000 - 0x00007ffdeea0e000 	C:\Users\gagek\.p2\pool\plugins\org.eclipse.justj.openjdk.hotspot.jre.full.win32.x86_64_21.0.8.v20250724-1412\jre\bin\VCRUNTIME140.dll
0x00007ffe15fb0000 - 0x00007ffe16175000 	C:\windows\System32\USER32.dll
0x00007ffe15560000 - 0x00007ffe15587000 	C:\windows\System32\win32u.dll
0x00007ffdf38e0000 - 0x00007ffdf3b7a000 	C:\windows\WinSxS\amd64_microsoft.windows.common-controls_6595b64144ccf1df_6.0.26100.4768_none_3e0c112ce331287c\COMCTL32.dll
0x00007ffe17be0000 - 0x00007ffe17c0b000 	C:\windows\System32\GDI32.dll
0x00007ffe17860000 - 0x00007ffe17909000 	C:\windows\System32\msvcrt.dll
0x00007ffe15b10000 - 0x00007ffe15c48000 	C:\windows\System32\gdi32full.dll
0x00007ffe154b0000 - 0x00007ffe15553000 	C:\windows\System32\msvcp_win.dll
0x00007ffe17c10000 - 0x00007ffe17c3f000 	C:\windows\System32\IMM32.DLL
0x00007ffe10b20000 - 0x00007ffe10b2c000 	C:\Users\gagek\.p2\pool\plugins\org.eclipse.justj.openjdk.hotspot.jre.full.win32.x86_64_21.0.8.v20250724-1412\jre\bin\vcruntime140_1.dll
0x00007ffdc9240000 - 0x00007ffdc92cd000 	C:\Users\gagek\.p2\pool\plugins\org.eclipse.justj.openjdk.hotspot.jre.full.win32.x86_64_21.0.8.v20250724-1412\jre\bin\msvcp140.dll
0x00007ffd33410000 - 0x00007ffd341a7000 	C:\Users\gagek\.p2\pool\plugins\org.eclipse.justj.openjdk.hotspot.jre.full.win32.x86_64_21.0.8.v20250724-1412\jre\bin\server\jvm.dll
0x00007ffe16b50000 - 0x00007ffe16c04000 	C:\windows\System32\ADVAPI32.dll
0x00007ffe17910000 - 0x00007ffe179b6000 	C:\windows\System32\sechost.dll
0x00007ffe179c0000 - 0x00007ffe17ad8000 	C:\windows\System32\RPCRT4.dll
0x00007ffe16720000 - 0x00007ffe16794000 	C:\windows\System32\WS2_32.dll
0x00007ffe0d720000 - 0x00007ffe0d755000 	C:\windows\SYSTEM32\WINMM.dll
0x00007ffe0a3a0000 - 0x00007ffe0a3ab000 	C:\windows\SYSTEM32\VERSION.dll
0x00007ffe151b0000 - 0x00007ffe1520e000 	C:\windows\SYSTEM32\POWRPROF.dll
0x00007ffe15190000 - 0x00007ffe151a4000 	C:\windows\SYSTEM32\UMPDC.dll
0x00007ffe14090000 - 0x00007ffe140ab000 	C:\windows\SYSTEM32\kernel.appcore.dll
0x00007ffe11210000 - 0x00007ffe1121a000 	C:\Users\gagek\.p2\pool\plugins\org.eclipse.justj.openjdk.hotspot.jre.full.win32.x86_64_21.0.8.v20250724-1412\jre\bin\jimage.dll
0x00007ffe12700000 - 0x00007ffe12941000 	C:\windows\SYSTEM32\DBGHELP.DLL
0x00007ffe167c0000 - 0x00007ffe16b45000 	C:\windows\System32\combase.dll
0x00007ffe173f0000 - 0x00007ffe174d0000 	C:\windows\System32\OLEAUT32.dll
0x00007ffdf4390000 - 0x00007ffdf43d3000 	C:\windows\SYSTEM32\dbgcore.DLL
0x00007ffe15410000 - 0x00007ffe154a9000 	C:\windows\System32\bcryptPrimitives.dll
0x00007ffe10f30000 - 0x00007ffe10f4f000 	C:\Users\gagek\.p2\pool\plugins\org.eclipse.justj.openjdk.hotspot.jre.full.win32.x86_64_21.0.8.v20250724-1412\jre\bin\java.dll
0x00007ffe16c10000 - 0x00007ffe1735d000 	C:\windows\System32\SHELL32.dll
0x00007ffe15990000 - 0x00007ffe15b03000 	C:\windows\System32\wintypes.dll
0x00007ffe12ef0000 - 0x00007ffe13750000 	C:\windows\SYSTEM32\windows.storage.dll
0x00007ffe17ae0000 - 0x00007ffe17bd5000 	C:\windows\System32\SHCORE.dll
0x00007ffe17cb0000 - 0x00007ffe17d1a000 	C:\windows\System32\shlwapi.dll
0x00007ffe15270000 - 0x00007ffe15299000 	C:\windows\SYSTEM32\profapi.dll
0x00007ffe10ed0000 - 0x00007ffe10ee8000 	C:\Users\gagek\.p2\pool\plugins\org.eclipse.justj.openjdk.hotspot.jre.full.win32.x86_64_21.0.8.v20250724-1412\jre\bin\zip.dll
0x00007ffe11200000 - 0x00007ffe11210000 	C:\Users\gagek\.p2\pool\plugins\org.eclipse.justj.openjdk.hotspot.jre.full.win32.x86_64_21.0.8.v20250724-1412\jre\bin\net.dll
0x00007ffe0e680000 - 0x00007ffe0e79e000 	C:\windows\SYSTEM32\WINHTTP.dll
0x00007ffe14600000 - 0x00007ffe1466b000 	C:\windows\system32\mswsock.dll
0x00007ffe111c0000 - 0x00007ffe111d6000 	C:\Users\gagek\.p2\pool\plugins\org.eclipse.justj.openjdk.hotspot.jre.full.win32.x86_64_21.0.8.v20250724-1412\jre\bin\nio.dll
0x00007ffdbe4a0000 - 0x00007ffdbe62e000 	C:\Users\gagek\.p2\pool\plugins\org.eclipse.justj.openjdk.hotspot.jre.full.win32.x86_64_21.0.8.v20250724-1412\jre\bin\awt.dll
0x00007ffe11250000 - 0x00007ffe112ee000 	C:\windows\SYSTEM32\apphelp.dll
0x00007ffe11730000 - 0x00007ffe11765000 	C:\windows\system32\DWMAPI.DLL
0x00007ffe115c0000 - 0x00007ffe1166f000 	C:\windows\system32\uxtheme.dll
0x00007ffdb5e30000 - 0x00007ffdb5f48000 	C:\windows\system32\opengl32.dll
0x00007ffdee8d0000 - 0x00007ffdee8fd000 	C:\windows\SYSTEM32\GLU32.dll
0x00007ffe11c50000 - 0x00007ffe11c9d000 	C:\windows\SYSTEM32\dxcore.dll
0x00007ffe165b0000 - 0x00007ffe16711000 	C:\windows\System32\MSCTF.dll
0x00007ffe16400000 - 0x00007ffe165a0000 	C:\windows\System32\ole32.dll
0x00007ffdca8c0000 - 0x00007ffdca947000 	C:\Users\gagek\.p2\pool\plugins\org.eclipse.justj.openjdk.hotspot.jre.full.win32.x86_64_21.0.8.v20250724-1412\jre\bin\freetype.dll
0x00007ffdb5680000 - 0x00007ffdb576b000 	C:\Users\gagek\.p2\pool\plugins\org.eclipse.justj.openjdk.hotspot.jre.full.win32.x86_64_21.0.8.v20250724-1412\jre\bin\fontmanager.dll
0x00007ffe06dc0000 - 0x00007ffe06f11000 	C:\windows\SYSTEM32\textinputframework.dll
0x00007ffdcf690000 - 0x00007ffdcf70d000 	C:\windows\system32\Oleacc.dll
0x00007ffe17750000 - 0x00007ffe177f8000 	C:\windows\System32\clbcatq.dll
0x00007ffdd46f0000 - 0x00007ffdd474e000 	C:\windows\system32\ApplicationTargetedFeatureDatabase.dll
0x00007ffe0ac30000 - 0x00007ffe0ae68000 	C:\Windows\System32\twinapi.appcore.dll
0x00007ffe10e30000 - 0x00007ffe10e40000 	C:\Users\gagek\.p2\pool\plugins\org.eclipse.justj.openjdk.hotspot.jre.full.win32.x86_64_21.0.8.v20250724-1412\jre\bin\verify.dll
0x0000000180000000 - 0x0000000180053000 	C:\MinecraftAlphaDev\libraries\natives\lwjgl64.dll
0x00007ffe0dec0000 - 0x00007ffe0df89000 	C:\windows\SYSTEM32\mscms.dll
0x00007ffdf7470000 - 0x00007ffdf74e0000 	C:\Windows\System32\Windows.Internal.Graphics.Display.DisplayColorManagement.dll
0x00007ffe14f10000 - 0x00007ffe14f67000 	C:\windows\SYSTEM32\cfgmgr32.dll
0x00007ffe0fee0000 - 0x00007ffe0fee7000 	C:\Users\gagek\.p2\pool\plugins\org.eclipse.justj.openjdk.hotspot.jre.full.win32.x86_64_21.0.8.v20250724-1412\jre\bin\jawt.dll
0x00007ffe0b360000 - 0x00007ffe0b3ca000 	C:\windows\SYSTEM32\directxdatabasehelper.dll
0x00007ffdf9260000 - 0x00007ffdf927a000 	C:\windows\SYSTEM32\windows.staterepositorycore.dll
0x00007ffd1b410000 - 0x00007ffd1c9db000 	C:\windows\System32\DriverStore\FileRepository\iigd_dch.inf_amd64_9ce4d8a46710e0e5\igxelpgicd64.dll
0x00007ffe12bf0000 - 0x00007ffe12d2e000 	C:\windows\SYSTEM32\dxgi.dll
0x00007ffd69440000 - 0x00007ffd69463000 	C:\windows\SYSTEM32\d3d12.dll
0x00007ffdfab90000 - 0x00007ffdfad37000 	C:\windows\System32\DriverStore\FileRepository\iigd_dch.inf_amd64_9ce4d8a46710e0e5\igdml64.dll
0x00007ffe04790000 - 0x00007ffe04d23000 	C:\windows\System32\DriverStore\FileRepository\iigd_dch.inf_amd64_9ce4d8a46710e0e5\igdgmm64.dll
0x00007ffd4b1f0000 - 0x00007ffd4b66e000 	C:\Users\gagek\AppData\Roaming\ow-electron\jilehohlakeokncafogkgnicgndeecdiengddbcc\packages\emifmpeaagaaglhaimndbhcpkjfmjhfnjjpoibdo\1.8.21\owe-client-x64.dll
0x00007ffe141c0000 - 0x00007ffe141f6000 	C:\windows\SYSTEM32\ntmarta.dll
0x00007ffd96ac0000 - 0x00007ffd96d37000 	C:\windows\SYSTEM32\D3D12Core.dll
0x00007ffe15240000 - 0x00007ffe15266000 	C:\windows\SYSTEM32\bcrypt.dll
0x00007ffe0aea0000 - 0x00007ffe0b01c000 	C:\windows\SYSTEM32\drvstore.dll
0x00007ffdfdf10000 - 0x00007ffe03036000 	C:\windows\System32\DriverStore\FileRepository\iigd_dch.inf_amd64_9ce4d8a46710e0e5\igc64.dll
0x00007ffe0daa0000 - 0x00007ffe0dace000 	C:\windows\SYSTEM32\D3DSCache.dll
0x00007ffe146a0000 - 0x00007ffe146cb000 	C:\windows\SYSTEM32\USERENV.dll
0x00007ffe108d0000 - 0x00007ffe10afa000 	C:\windows\SYSTEM32\dcomp.dll
0x00007ffe101d0000 - 0x00007ffe101e9000 	C:\windows\SYSTEM32\Microsoft.Internal.WarpPal.dll
0x00007ffe10f50000 - 0x00007ffe11075000 	C:\windows\SYSTEM32\CoreMessaging.dll
0x00007ffe08f90000 - 0x00007ffe09273000 	C:\windows\SYSTEM32\CoreUIComponents.dll
0x00007ffe14840000 - 0x00007ffe1484c000 	C:\windows\SYSTEM32\CRYPTBASE.DLL
0x00007ffe149e0000 - 0x00007ffe149fb000 	C:\windows\SYSTEM32\CRYPTSP.dll
0x00007ffe13ff0000 - 0x00007ffe1402b000 	C:\windows\system32\rsaenh.dll
0x00007ffe13a20000 - 0x00007ffe13a53000 	C:\windows\SYSTEM32\IPHLPAPI.DLL
0x00007ffe17800000 - 0x00007ffe1780a000 	C:\windows\System32\NSI.dll
0x0000026e4e570000 - 0x0000026e4e586000 	C:\MinecraftAlphaDev\libraries\natives\jinput-dx8_64.dll
0x00007ffdbe950000 - 0x00007ffdbe99b000 	C:\windows\SYSTEM32\DINPUT8.dll
0x00007ffdfd840000 - 0x00007ffdfda22000 	C:\windows\SYSTEM32\inputhost.dll
0x00007ffe13760000 - 0x00007ffe1376f000 	C:\windows\SYSTEM32\HID.DLL
0x00007ffe17d50000 - 0x00007ffe181d6000 	C:\windows\System32\SETUPAPI.DLL
0x00007ffe14f70000 - 0x00007ffe14f9d000 	C:\windows\SYSTEM32\DEVOBJ.dll
0x0000026e4eba0000 - 0x0000026e4ec24000 	C:\windows\System32\WINTRUST.dll
0x00007ffe15ce0000 - 0x00007ffe15e57000 	C:\windows\System32\CRYPT32.dll
0x00007ffe14a50000 - 0x00007ffe14a63000 	C:\windows\SYSTEM32\MSASN1.dll
0x0000026e4ec30000 - 0x0000026e4ec44000 	C:\MinecraftAlphaDev\libraries\natives\jinput-raw_64.dll
0x0000026e4ed20000 - 0x0000026e4ed84000 	C:\MinecraftAlphaDev\libraries\natives\OpenAL64.dll
0x00007ffe0c5a0000 - 0x00007ffe0c642000 	C:\windows\System32\MMDevApi.dll
0x00007ffdbde50000 - 0x00007ffdbdee4000 	C:\windows\SYSTEM32\dsound.dll
0x00007ffd98640000 - 0x00007ffd98671000 	C:\windows\SYSTEM32\winmmbase.dll
0x00007ffdb5d70000 - 0x00007ffdb5e21000 	C:\windows\SYSTEM32\ResampleDmo.DLL
0x00007ffdfcc60000 - 0x00007ffdfcc6e000 	C:\windows\SYSTEM32\msdmo.dll
0x00007ffdfa140000 - 0x00007ffdfa302000 	C:\windows\SYSTEM32\AUDIOSES.DLL
0x00007ffe11ae0000 - 0x00007ffe11af4000 	C:\windows\SYSTEM32\resourcepolicyclient.dll
0x00007ffe13a60000 - 0x00007ffe13b86000 	C:\windows\SYSTEM32\DNSAPI.dll
0x00007ffe0e2e0000 - 0x00007ffe0e2eb000 	C:\Windows\System32\rasadhlp.dll
0x00007ffe0ec90000 - 0x00007ffe0ed16000 	C:\windows\System32\fwpuclnt.dll
0x00007ffe0db30000 - 0x00007ffe0db39000 	C:\Users\gagek\.p2\pool\plugins\org.eclipse.justj.openjdk.hotspot.jre.full.win32.x86_64_21.0.8.v20250724-1412\jre\bin\extnet.dll

JVMTI agents: none

dbghelp: loaded successfully - version: 4.0.5 - missing functions: none
symbol engine: initialized successfully - sym options: 0x614 - pdb path: .;C:\Users\gagek\.p2\pool\plugins\org.eclipse.justj.openjdk.hotspot.jre.full.win32.x86_64_21.0.8.v20250724-1412\jre\bin;C:\windows\SYSTEM32;C:\windows\WinSxS\amd64_microsoft.windows.common-controls_6595b64144ccf1df_6.0.26100.4768_none_3e0c112ce331287c;C:\Users\gagek\.p2\pool\plugins\org.eclipse.justj.openjdk.hotspot.jre.full.win32.x86_64_21.0.8.v20250724-1412\jre\bin\server;C:\MinecraftAlphaDev\libraries\natives;C:\windows\System32\DriverStore\FileRepository\iigd_dch.inf_amd64_9ce4d8a46710e0e5;C:\Users\gagek\AppData\Roaming\ow-electron\jilehohlakeokncafogkgnicgndeecdiengddbcc\packages\emifmpeaagaaglhaimndbhcpkjfmjhfnjjpoibdo\1.8.21

VM Arguments:
jvm_args: -Djava.library.path=C:\MinecraftAlphaDev\libraries\natives -Dfile.encoding=UTF-8 -Dstdout.encoding=UTF-8 -Dstderr.encoding=UTF-8 -XX:+ShowCodeDetailsInExceptionMessages 
java_command: net.minecraft.client.Minecraft
java_class_path (initial): C:\MinecraftAlphaDev\minecraft\output;C:\MinecraftAlphaDev\libraries\net\java\jinput\jinput\2.0.5\jinput-2.0.5.jar;C:\MinecraftAlphaDev\libraries\net\java\jutils\jutils\1.0.0\jutils-1.0.0.jar;C:\MinecraftAlphaDev\libraries\org\lwjgl\lwjgl\lwjgl\2.9.4-nightly-20150209\lwjgl-2.9.4-nightly-20150209.jar;C:\MinecraftAlphaDev\libraries\org\lwjgl\lwjgl\lwjgl_util\2.9.4-nightly-20150209\lwjgl_util-2.9.4-nightly-20150209.jar;C:\MinecraftAlphaDev\libraries\org\lwjgl\lwjgl\lwjgl-platform\2.9.4-nightly-20150209\lwjgl-platform-2.9.4-nightly-20150209.jar;C:\MinecraftAlphaDev\libraries\com\paulscode\codecjorbis\20230120\codecjorbis-20230120.jar;C:\MinecraftAlphaDev\libraries\com\paulscode\codecwav\20101023\codecwav-20101023.jar;C:\MinecraftAlphaDev\libraries\com\paulscode\libraryjavasound\20101123\libraryjavasound-20101123.jar;C:\MinecraftAlphaDev\libraries\com\paulscode\librarylwjglopenal\20100824\librarylwjglopenal-20100824.jar;C:\MinecraftAlphaDev\libraries\com\paulscode\soundsystem\20120107\soundsystem-20120107.jar;C:\MinecraftAlphaDev\libraries\org\mcphackers\launchwrapper\1.1.3\launchwrapper-1.1.3.jar;C:\MinecraftAlphaDev\libraries\org\json\json\20230311\json-20230311.jar;C:\MinecraftAlphaDev\libraries\org\ow2\asm\asm\9.7\asm-9.7.jar;C:\MinecraftAlphaDev\libraries\org\ow2\asm\asm-tree\9.7\asm-tree-9.7.jar;C:\MinecraftAlphaDev\minecraft\jars\deobfuscated.jar
Launcher Type: SUN_STANDARD

[Global flags]
     intx CICompilerCount                          = 4                                         {product} {ergonomic}
     uint ConcGCThreads                            = 3                                         {product} {ergonomic}
     uint G1ConcRefinementThreads                  = 11                                        {product} {ergonomic}
   size_t G1HeapRegionSize                         = 4194304                                   {product} {ergonomic}
    uintx GCDrainStackTargetSize                   = 64                                        {product} {ergonomic}
   size_t InitialHeapSize                          = 528482304                                 {product} {ergonomic}
   size_t MarkStackSize                            = 4194304                                   {product} {ergonomic}
   size_t MaxHeapSize                              = 8443133952                                {product} {ergonomic}
   size_t MaxNewSize                               = 5062524928                                {product} {ergonomic}
   size_t MinHeapDeltaBytes                        = 4194304                                   {product} {ergonomic}
   size_t MinHeapSize                              = 8388608                                   {product} {ergonomic}
    uintx NonNMethodCodeHeapSize                   = 5839372                                {pd product} {ergonomic}
    uintx NonProfiledCodeHeapSize                  = 122909434                              {pd product} {ergonomic}
    uintx ProfiledCodeHeapSize                     = 122909434                              {pd product} {ergonomic}
    uintx ReservedCodeCacheSize                    = 251658240                              {pd product} {ergonomic}
     bool SegmentedCodeCache                       = true                                      {product} {ergonomic}
     bool ShowCodeDetailsInExceptionMessages       = true                                   {manageable} {command line}
   size_t SoftMaxHeapSize                          = 8443133952                             {manageable} {ergonomic}
     bool UseCompressedOops                        = true                           {product lp64_product} {ergonomic}
     bool UseG1GC                                  = true                                      {product} {ergonomic}
     bool UseLargePagesIndividualAllocation        = false                                  {pd product} {ergonomic}

Logging:
Log output configuration:
 #0: stdout all=off uptime,level,tags foldmultilines=false
 #1: stderr all=off uptime,level,tags foldmultilines=false

Environment Variables:
PATH=C:/Users/gagek/.p2/pool/plugins/org.eclipse.justj.openjdk.hotspot.jre.full.win32.x86_64_21.0.8.v20250724-1412/jre/bin/server;C:/Users/gagek/.p2/pool/plugins/org.eclipse.justj.openjdk.hotspot.jre.full.win32.x86_64_21.0.8.v20250724-1412/jre/bin;C:\Program Files\Zulu\zulu-21\bin\;C:\Program Files (x86)\Common Files\Oracle\Java\java8path;C:\Program Files (x86)\Common Files\Oracle\Java\javapath;C:\Program Files\Oculus\Support\oculus-runtime;c:\devkitPro\msys2\usr\bin;C:\windows\system32;C:\windows;C:\windows\System32\Wbem;C:\windows\System32\WindowsPowerShell\v1.0\;C:\windows\System32\OpenSSH\;C:\Program Files\HP\HP One Agent;C:\Program Files\dotnet\;C:\Program Files (x86)\Microsoft SQL Server\160\Tools\Binn\;C:\Program Files\Microsoft SQL Server\160\Tools\Binn\;C:\Program Files\Microsoft SQL Server\Client SDK\ODBC\170\Tools\Binn\;C:\Program Files\Microsoft SQL Server\160\DTS\Binn\;C:\Program Files (x86)\Windows Kits\8.1\Windows Performance Toolkit\;C:\Program Files\Docker\Docker\resources\bin;C:\Program Files (x86)\Gpg4win\..\GnuPG\bin;C:\Users\gagek\AppData\Local\Microsoft\WindowsApps;C:\Users\gagek\AppData\Local\Programs\Microsoft VS Code\bin;C:\msys64\mingw64\bin;C:\Users\gagek\.aftman\bin;C:\Users\gagek\AppData\Local\GitHubDesktop\bin;C:\Users\gagek\AppData\Local\Muse Hub\lib;C:\Users\gagek\OneDrive\Desktop;
USERNAME=gagek
OS=Windows_NT
PROCESSOR_IDENTIFIER=Intel64 Family 6 Model 170 Stepping 4, GenuineIntel
TMP=C:\Users\gagek\AppData\Local\Temp
TEMP=C:\Users\gagek\AppData\Local\Temp




Periodic native trim disabled

---------------  S Y S T E M  ---------------

OS:
 Windows 11 , 64 bit Build 26100 (10.0.26100.4768)
OS uptime: 5 days 6:22 hours
Hyper-V role detected

CPU: total 14 (initial active 14) (7 cores per cpu, 2 threads per core) family 6 model 170 stepping 4 microcode 0x1f, cx8, cmov, fxsr, ht, mmx, 3dnowpref, sse, sse2, sse3, ssse3, sse4.1, sse4.2, popcnt, lzcnt, tsc, tscinvbit, avx, avx2, aes, erms, clmul, bmi1, bmi2, adx, sha, fma, vzeroupper, clflush, clflushopt, clwb, hv, serialize, rdtscp, rdpid, fsrm, f16c, cet_ibt, cet_ss
Processor Information for processor 0
  Max Mhz: 1700, Current Mhz: 1700, Mhz Limit: 1700
Processor Information for processor 1
  Max Mhz: 1700, Current Mhz: 1700, Mhz Limit: 1700
Processor Information for processor 2
  Max Mhz: 1200, Current Mhz: 1200, Mhz Limit: 1200
Processor Information for processor 3
  Max Mhz: 1200, Current Mhz: 1200, Mhz Limit: 1200
Processor Information for processor 4
  Max Mhz: 1200, Current Mhz: 1200, Mhz Limit: 1200
Processor Information for processor 5
  Max Mhz: 1200, Current Mhz: 1200, Mhz Limit: 1200
Processor Information for processor 6
  Max Mhz: 1200, Current Mhz: 1200, Mhz Limit: 1200
Processor Information for processor 7
  Max Mhz: 1200, Current Mhz: 1200, Mhz Limit: 1200
Processor Information for processor 8
  Max Mhz: 1200, Current Mhz: 1200, Mhz Limit: 1200
Processor Information for processor 9
  Max Mhz: 1200, Current Mhz: 1200, Mhz Limit: 1200
Processor Information for processor 10
  Max Mhz: 1700, Current Mhz: 1700, Mhz Limit: 1700
Processor Information for processor 11
  Max Mhz: 1700, Current Mhz: 1700, Mhz Limit: 1700
Processor Information for processor 12
  Max Mhz: 700, Current Mhz: 700, Mhz Limit: 700
Processor Information for processor 13
  Max Mhz: 700, Current Mhz: 700, Mhz Limit: 700

Memory: 4k page, system-wide physical 32203M (11547M free)
TotalPageFile size 37835M (AvailPageFile size 7810M)
current process WorkingSet (physical memory assigned to process): 544M, peak: 680M
current process commit charge ("private bytes"): 633M, peak: 801M

vm_info: OpenJDK 64-Bit Server VM (21.0.8+9-LTS) for windows-amd64 JRE (21.0.8+9-LTS), built on 2025-07-15T00:00:00Z by "admin" with MS VC++ 17.7 (VS2022)

END.
