#
# A fatal error has been detected by the Java Runtime Environment:
#
#  EXCEPTION_ACCESS_VIOLATION (0xc0000005) at pc=0x00007ffd4b5b8c80, pid=21568, tid=41404
#
# JRE version: OpenJDK Runtime Environment Temurin-21.0.8+9 (21.0.8+9) (build 21.0.8+9-LTS)
# Java VM: OpenJDK 64-Bit Server VM Temurin-21.0.8+9 (21.0.8+9-LTS, mixed mode, sharing, tiered, compressed oops, compressed class ptrs, g1 gc, windows-amd64)
# Problematic frame:
# C  [owe-client-x64.dll+0x3c8c80]
#
# No core dump will be written. Minidumps are not enabled by default on client versions of Windows
#
# If you would like to submit a bug report, please visit:
#   https://github.com/adoptium/adoptium-support/issues
#

---------------  S U M M A R Y ------------

Command Line: -Djava.library.path=C:\MinecraftAlphaDev\libraries\natives -Dfile.encoding=UTF-8 -Dstdout.encoding=UTF-8 -Dstderr.encoding=UTF-8 -XX:+ShowCodeDetailsInExceptionMessages net.minecraft.client.Minecraft

Host: Intel(R) Core(TM) Ultra 7 155U, 14 cores, 31G,  Windows 11 , 64 bit Build 26100 (10.0.26100.4768)
Time: Mon Sep  8 18:09:02 2025 Central Daylight Time elapsed time: 165.592640 seconds (0d 0h 2m 45s)

---------------  T H R E A D  ---------------

Current thread (0x0000015aff4264a0):  VMThread "VM Thread"          [id=41404, stack(0x0000002a31400000,0x0000002a31500000) (1024K)]

Stack: [0x0000002a31400000,0x0000002a31500000],  sp=0x0000002a314fed68,  free space=1019k
Native frames: (J=compiled Java code, j=interpreted, Vv=VM code, C=native code)
C  [owe-client-x64.dll+0x3c8c80]


siginfo: EXCEPTION_ACCESS_VIOLATION (0xc0000005), data execution prevention violation at address 0x00007ffd4b5b8c80


Registers:
RAX=0x00007ffd4b55e300, RBX=0x0000000000000000, RCX=0x0000015ad6787700, RDX=0x00007ffd4b625018
RSP=0x0000002a314fed68, RBP=0x0000002a314ff260, RSI=0x00007ffdb5e30000, RDI=0x0000000000000001
R8 =0x0000015aeed302c0, R9 =0x0000002a3080c000, R10=0x00007ffe183eeea0, R11=0x0000015ad6295b70
R12=0x0000000000000001, R13=0x00007ffdb5e8bdf0, R14=0x0000000000000000, R15=0x00007ffdb5e30000
RIP=0x00007ffd4b5b8c80, EFLAGS=0x0000000000010202

XMM[0]=0x0000000000000000 0x0000000000000000
XMM[1]=0x0000000000000000 0x0000000000000000
XMM[2]=0x0000000000000000 0x0000000000000000
XMM[3]=0x0000000000000000 0x0000000000000000
XMM[4]=0x0000000000000000 0x0000000000000000
XMM[5]=0x0000000000000000 0x0000000000000000
XMM[6]=0x0000000000000000 0x0000000000000000
XMM[7]=0x0000000000000000 0x404e000000000000
XMM[8]=0x0000000000000000 0x0000000000000000
XMM[9]=0x0000000000000000 0x0000000000000000
XMM[10]=0x0000000000000000 0x0000000000000000
XMM[11]=0x0000000000000000 0x0000000000000000
XMM[12]=0x0000000000000000 0x0000000000000000
XMM[13]=0x0000000000000000 0x0000000000000000
XMM[14]=0x0000000000000000 0x0000000000000000
XMM[15]=0x0000000000000000 0x0000000000000000
  MXCSR=0x00001fa2


Register to memory mapping:

RAX=0x00007ffd4b55e300 owe-client-x64.dll
RBX=0x0 is null
RCX=0x0000015ad6787700 points into unknown readable memory: 0x00007ffd4b55e300 | 00 e3 55 4b fd 7f 00 00
RDX=0x00007ffd4b625018 owe-client-x64.dll
RSP=0x0000002a314fed68 points into unknown readable memory: 0x00007ffd4b2aac99 | 99 ac 2a 4b fd 7f 00 00
RBP=0x0000002a314ff260 points into unknown readable memory: 0x0000015aff41bc20 | 20 bc 41 ff 5a 01 00 00
RSI=0x00007ffdb5e30000 opengl32.dll
RDI=0x0000000000000001 is an unknown value
R8 =0x0000015aeed302c0 points into unknown readable memory: 0x00007ffd340c5460 | 60 54 0c 34 fd 7f 00 00
R9 =0x0000002a3080c000 points into unknown readable memory: 0x0000000000000000 | 00 00 00 00 00 00 00 00
R10=0x00007ffe183eeea0 ntdll.dll
R11=0x0000015ad6295b70 points into unknown readable memory: 0x0000015ad6296500 | 00 65 29 d6 5a 01 00 00
R12=0x0000000000000001 is an unknown value
R13=0x00007ffdb5e8bdf0 opengl32.dll
R14=0x0 is null
R15=0x00007ffdb5e30000 opengl32.dll

Top of Stack: (sp=0x0000002a314fed68)
0x0000002a314fed68:   00007ffd4b2aac99 00007ffd4b62c7b8
0x0000002a314fed78:   00007ffd4b625018 0000015ad6605e10
0x0000002a314fed88:   0000000000000000 fffffffffffffffe
0x0000002a314fed98:   00007ffd4b2ab0f7 0000015ad6787700
0x0000002a314feda8:   00007ffd4b625018 0000015aef10b178
0x0000002a314fedb8:   0000000000000000 0000000000000000
0x0000002a314fedc8:   0000015ad6787700 00007ffdb5e8bdf0
0x0000002a314fedd8:   0000015ad6625610 0000015ad67333a0
0x0000002a314fede8:   00007ffe182243e1 0000000000000001
0x0000002a314fedf8:   00007ffdb5e3ca16 0000000000010000
0x0000002a314fee08:   0000015aef10b0d8 0000015ad6295b70
0x0000002a314fee18:   00007ffe18224273 0000000000000001
0x0000002a314fee28:   00007ffdb5e3c7d0 0000002a314ff260
0x0000002a314fee38:   0000000000000000 00007ffdb5e30000
0x0000002a314fee48:   0000000000000000 0000000000000000
0x0000002a314fee58:   00007ffdb5e3c255 0000000000000000
0x0000002a314fee68:   0000002a314ff260 00007ffdb5e30000
0x0000002a314fee78:   0000000000000000 0000000000000000
0x0000002a314fee88:   00007ffdb5e8bf19 0000000000000001
0x0000002a314fee98:   0000002a314ff260 00007ffe165b0000
0x0000002a314feea8:   00007ffe15f988c0 0000002a00000001
0x0000002a314feeb8:   00007ffe15eab8aa 0000002a314f0101
0x0000002a314feec8:   0000002a314fef48 0000002a314ff260
0x0000002a314feed8:   00000000c0000005 00007ffe00000000
0x0000002a314feee8:   00007ffe15eab84d 0000000000000001
0x0000002a314feef8:   00007ffe15f125ec 0000002a314ff260
0x0000002a314fef08:   0000002a314fef38 fffffffffffffffe
0x0000002a314fef18:   00007ffe15eab84d 0000000000000001
0x0000002a314fef28:   00007ffe16446693 00007ffe16512c60
0x0000002a314fef38:   c00000050000000d ffffffff0000000d
0x0000002a314fef48:   0000002a314fef30 0000000000000000
0x0000002a314fef58:   00007ffe1644633f 0000000000000000 

Instructions: (pc=0x00007ffd4b5b8c80)
0x00007ffd4b5b8b80:   00 00 00 00 00 00 00 00 00 00 00 00 00 00 00 00
0x00007ffd4b5b8b90:   40 e5 42 00 01 00 00 00 00 00 00 00 ff ff ff ff
0x00007ffd4b5b8ba0:   00 00 00 00 40 00 00 00 60 8b 3c 00 00 00 00 00
0x00007ffd4b5b8bb0:   00 00 00 00 00 00 00 00 00 00 00 00 00 00 00 00
0x00007ffd4b5b8bc0:   01 00 00 00 d0 8b 3c 00 00 00 00 00 00 00 00 00
0x00007ffd4b5b8bd0:   e0 8b 3c 00 00 00 00 00 00 00 00 00 00 00 00 00
0x00007ffd4b5b8be0:   e8 e5 42 00 00 00 00 00 00 00 00 00 ff ff ff ff
0x00007ffd4b5b8bf0:   00 00 00 00 40 00 00 00 b8 8b 3c 00 00 00 00 00
0x00007ffd4b5b8c00:   00 00 00 00 00 00 00 00 01 00 00 00 00 00 00 00
0x00007ffd4b5b8c10:   00 00 00 00 18 e6 42 00 30 8c 3c 00 08 8c 3c 00
0x00007ffd4b5b8c20:   00 00 00 00 00 00 00 00 00 00 00 00 00 00 00 00
0x00007ffd4b5b8c30:   00 00 00 00 00 00 00 00 01 00 00 00 48 8c 3c 00
0x00007ffd4b5b8c40:   00 00 00 00 00 00 00 00 58 8c 3c 00 00 00 00 00
0x00007ffd4b5b8c50:   00 00 00 00 00 00 00 00 18 e6 42 00 00 00 00 00
0x00007ffd4b5b8c60:   00 00 00 00 ff ff ff ff 00 00 00 00 40 00 00 00
0x00007ffd4b5b8c70:   30 8c 3c 00 00 00 00 00 00 00 00 00 00 00 00 00
0x00007ffd4b5b8c80:   01 00 00 00 00 00 00 00 00 00 00 00 40 e6 42 00
0x00007ffd4b5b8c90:   a8 8c 3c 00 80 8c 3c 00 00 00 00 00 00 00 00 00
0x00007ffd4b5b8ca0:   00 00 00 00 00 00 00 00 00 00 00 00 01 00 00 00
0x00007ffd4b5b8cb0:   03 00 00 00 c0 8c 3c 00 00 00 00 00 00 00 00 00
0x00007ffd4b5b8cc0:   e0 8c 3c 00 58 8c 3c 00 08 8d 3c 00 00 00 00 00
0x00007ffd4b5b8cd0:   00 00 00 00 00 00 00 00 00 00 00 00 00 00 00 00
0x00007ffd4b5b8ce0:   40 e6 42 00 02 00 00 00 00 00 00 00 ff ff ff ff
0x00007ffd4b5b8cf0:   00 00 00 00 40 00 00 00 a8 8c 3c 00 00 00 00 00
0x00007ffd4b5b8d00:   00 00 00 00 00 00 00 00 60 e6 42 00 00 00 00 00
0x00007ffd4b5b8d10:   10 00 00 00 ff ff ff ff 00 00 00 00 40 00 00 00
0x00007ffd4b5b8d20:   30 8d 3c 00 00 00 00 00 00 00 00 00 00 00 00 00
0x00007ffd4b5b8d30:   00 00 00 00 00 00 00 00 01 00 00 00 48 8d 3c 00
0x00007ffd4b5b8d40:   00 00 00 00 00 00 00 00 58 8d 3c 00 00 00 00 00
0x00007ffd4b5b8d50:   00 00 00 00 00 00 00 00 60 e6 42 00 00 00 00 00
0x00007ffd4b5b8d60:   00 00 00 00 ff ff ff ff 00 00 00 00 40 00 00 00
0x00007ffd4b5b8d70:   30 8d 3c 00 00 00 00 00 00 00 00 00 00 00 00 00 


Stack slot to memory mapping:

stack at sp + 0 slots: 0x00007ffd4b2aac99 owe-client-x64.dll
stack at sp + 1 slots: 0x00007ffd4b62c7b8 owe-client-x64.dll
stack at sp + 2 slots: 0x00007ffd4b625018 owe-client-x64.dll
stack at sp + 3 slots: 0x0000015ad6605e10 points into unknown readable memory: 0x00007ffe166d0150 | 50 01 6d 16 fe 7f 00 00
stack at sp + 4 slots: 0x0 is null
stack at sp + 5 slots: 0xfffffffffffffffe is an unknown value
stack at sp + 6 slots: 0x00007ffd4b2ab0f7 owe-client-x64.dll
stack at sp + 7 slots: 0x0000015ad6787700 points into unknown readable memory: 0x00007ffd4b55e300 | 00 e3 55 4b fd 7f 00 00

VM_Operation (0x0000002a322fe390): Exit, mode: safepoint, requested by thread 0x0000015ad615e210


---------------  P R O C E S S  ---------------

Threads class SMR info:
_java_thread_list=0x0000015ad8284e80, length=17, elements={
0x0000015aff43cc50, 0x0000015aff43dfb0, 0x0000015ad600a170, 0x0000015ad600c730,
0x0000015ad601a910, 0x0000015ad601dbe0, 0x0000015ad60213a0, 0x0000015ad615f5c0,
0x0000015ad615fc50, 0x0000015ad615db80, 0x0000015ad615c7d0, 0x0000015ad615e210,
0x0000015ad615e8a0, 0x0000015ad615ef30, 0x0000015add4154b0, 0x0000015add41a370,
0x0000015add41aa00
}

Java Threads: ( => current thread )
  0x0000015aff43cc50 JavaThread "Reference Handler"          daemon [_thread_blocked, id=35804, stack(0x0000002a31500000,0x0000002a31600000) (1024K)]
  0x0000015aff43dfb0 JavaThread "Finalizer"                  daemon [_thread_blocked, id=3584, stack(0x0000002a31600000,0x0000002a31700000) (1024K)]
  0x0000015ad600a170 JavaThread "Attach Listener"            daemon [_thread_blocked, id=14696, stack(0x0000002a31800000,0x0000002a31900000) (1024K)]
  0x0000015ad600c730 JavaThread "Service Thread"             daemon [_thread_blocked, id=13620, stack(0x0000002a31900000,0x0000002a31a00000) (1024K)]
  0x0000015ad601a910 JavaThread "Monitor Deflation Thread"   daemon [_thread_blocked, id=18960, stack(0x0000002a31a00000,0x0000002a31b00000) (1024K)]
  0x0000015ad601dbe0 JavaThread "C2 CompilerThread0"         daemon [_thread_blocked, id=20384, stack(0x0000002a31b00000,0x0000002a31c00000) (1024K)]
  0x0000015ad60213a0 JavaThread "C1 CompilerThread0"         daemon [_thread_blocked, id=35828, stack(0x0000002a31c00000,0x0000002a31d00000) (1024K)]
  0x0000015ad615f5c0 JavaThread "Notification Thread"        daemon [_thread_blocked, id=15724, stack(0x0000002a31d00000,0x0000002a31e00000) (1024K)]
  0x0000015ad615fc50 JavaThread "Common-Cleaner"             daemon [_thread_blocked, id=3404, stack(0x0000002a31e00000,0x0000002a31f00000) (1024K)]
  0x0000015ad615db80 JavaThread "Java2D Disposer"            daemon [_thread_blocked, id=24448, stack(0x0000002a31f00000,0x0000002a32000000) (1024K)]
  0x0000015ad615c7d0 JavaThread "AWT-Shutdown"                      [_thread_blocked, id=11844, stack(0x0000002a32000000,0x0000002a32100000) (1024K)]
  0x0000015ad615e210 JavaThread "AWT-EventQueue-0"                  [_thread_blocked, id=31676, stack(0x0000002a32200000,0x0000002a32300000) (1024K)]
  0x0000015ad615e8a0 JavaThread "Timer hack thread"          daemon [_thread_blocked, id=14480, stack(0x0000002a32300000,0x0000002a32400000) (1024K)]
  0x0000015ad615ef30 JavaThread "DestroyJavaVM"                     [_thread_blocked, id=21540, stack(0x0000002a30d00000,0x0000002a30e00000) (1024K)]
  0x0000015add4154b0 JavaThread "Thread-2"                   daemon [_thread_in_native, id=436, stack(0x0000002a33000000,0x0000002a33100000) (1024K)]
  0x0000015add41a370 JavaThread "Thread-3"                          [_thread_blocked, id=20788, stack(0x0000002a33200000,0x0000002a33300000) (1024K)]
  0x0000015add41aa00 JavaThread "Thread-4"                          [_thread_blocked, id=5356, stack(0x0000002a33300000,0x0000002a33400000) (1024K)]
Total: 17

Other Threads:
=>0x0000015aff4264a0 VMThread "VM Thread"                           [id=41404, stack(0x0000002a31400000,0x0000002a31500000) (1024K)]
  0x0000015af13722a0 WorkerThread "GC Thread#0"                     [id=34700, stack(0x0000002a30e00000,0x0000002a30f00000) (1024K)]
  0x0000015ad8a64950 WorkerThread "GC Thread#1"                     [id=23052, stack(0x0000002a33a00000,0x0000002a33b00000) (1024K)]
  0x0000015ad8a64cf0 WorkerThread "GC Thread#2"                     [id=39144, stack(0x0000002a33b00000,0x0000002a33c00000) (1024K)]
  0x0000015ad8a65090 WorkerThread "GC Thread#3"                     [id=41184, stack(0x0000002a33c00000,0x0000002a33d00000) (1024K)]
  0x0000015ad8a3baf0 WorkerThread "GC Thread#4"                     [id=18764, stack(0x0000002a33d00000,0x0000002a33e00000) (1024K)]
  0x0000015ad8a3be90 WorkerThread "GC Thread#5"                     [id=35388, stack(0x0000002a33e00000,0x0000002a33f00000) (1024K)]
  0x0000015ad8a3c230 WorkerThread "GC Thread#6"                     [id=26012, stack(0x0000002a33f00000,0x0000002a34000000) (1024K)]
  0x0000015addbae8d0 WorkerThread "GC Thread#7"                     [id=37244, stack(0x0000002a34000000,0x0000002a34100000) (1024K)]
  0x0000015ad89b3000 WorkerThread "GC Thread#8"                     [id=39636, stack(0x0000002a34100000,0x0000002a34200000) (1024K)]
  0x0000015ad89b2c60 WorkerThread "GC Thread#9"                     [id=38224, stack(0x0000002a34200000,0x0000002a34300000) (1024K)]
  0x0000015ad89b2520 WorkerThread "GC Thread#10"                    [id=40424, stack(0x0000002a34300000,0x0000002a34400000) (1024K)]
  0x0000015af1382e10 ConcurrentGCThread "G1 Main Marker"            terminated
  0x0000015af1384f30 WorkerThread "G1 Conc#0"                       [id=27260, stack(0x0000002a31000000,0x0000002a31100000) (1024K)]
  0x0000015ad89b28c0 WorkerThread "G1 Conc#1"                       [id=37520, stack(0x0000002a32d00000,0x0000002a32e00000) (1024K)]
  0x0000015ad89b3740 WorkerThread "G1 Conc#2"                       [id=32340, stack(0x0000002a33700000,0x0000002a33800000) (1024K)]
  0x0000015aff2ddc70 ConcurrentGCThread "G1 Refine#0"               terminated
  0x0000015aff2e43c0 ConcurrentGCThread "G1 Service"                terminated
Total: 18

Threads with active compile tasks:
Total: 0

VM state: at safepoint (shutting down)

VM Mutex/Monitor currently owned by a thread:  ([mutex/lock_event])
[0x00007ffd340c5458] Threads_lock - owner thread: 0x0000015aff4264a0
[0x00007ffd340c5558] Heap_lock - owner thread: 0x0000015ad615e210

Heap address: 0x0000000608c00000, size: 8052 MB, Compressed Oops mode: Zero based, Oop shift amount: 3

CDS archive(s) mapped at: [0x0000015a91000000-0x0000015a91c80000-0x0000015a91c80000), size 13107200, SharedBaseAddress: 0x0000015a91000000, ArchiveRelocationMode: 1.
Compressed class space mapped at: 0x0000015a92000000-0x0000015ad2000000, reserved size: 1073741824
Narrow klass base: 0x0000015a91000000, Narrow klass shift: 0, Narrow klass range: 0x100000000

GC Precious Log:
 CardTable entry size: 512
 Card Set container configuration: InlinePtr #cards 4 size 8 Array Of Cards #cards 32 size 80 Howl #buckets 8 coarsen threshold 7372 Howl Bitmap #cards 1024 size 144 coarsen threshold 921 Card regions per heap region 1 cards per card region 8192
 CPUs: 14 total, 14 available
 Memory: 32203M
 Large Page Support: Disabled
 NUMA Support: Disabled
 Compressed Oops: Enabled (Zero based)
 Heap Region Size: 4M
 Heap Min Capacity: 8M
 Heap Initial Capacity: 504M
 Heap Max Capacity: 8052M
 Pre-touch: Disabled
 Parallel Workers: 11
 Concurrent Workers: 3
 Concurrent Refinement Workers: 11
 Periodic GC: Disabled

Heap:
 garbage-first heap   total 172032K, used 88383K [0x0000000608c00000, 0x0000000800000000)
  region size 4096K, 1 young (4096K), 0 survivors (0K)
 Metaspace       used 13934K, committed 14208K, reserved 1114112K
  class space    used 1265K, committed 1408K, reserved 1048576K

Heap Regions: E=young(eden), S=young(survivor), O=old, HS=humongous(starts), HC=humongous(continues), CS=collection set, F=free, TAMS=top-at-mark-start, PB=parsable bottom
|   0|0x0000000608c00000, 0x0000000609000000, 0x0000000609000000|100%|HS|  |TAMS 0x0000000608c00000| PB 0x0000000608c00000| Untracked 
|   1|0x0000000609000000, 0x0000000609400000, 0x0000000609400000|100%|HC|  |TAMS 0x0000000609000000| PB 0x0000000609000000| Untracked 
|   2|0x0000000609400000, 0x0000000609800000, 0x0000000609800000|100%|HC|  |TAMS 0x0000000609400000| PB 0x0000000609400000| Untracked 
|   3|0x0000000609800000, 0x0000000609c00000, 0x0000000609c00000|100%| O|  |TAMS 0x0000000609800000| PB 0x0000000609800000| Untracked 
|   4|0x0000000609c00000, 0x0000000609ffe570, 0x000000060a000000| 99%| O|  |TAMS 0x0000000609c00000| PB 0x0000000609c00000| Untracked 
|   5|0x000000060a000000, 0x000000060a3fe320, 0x000000060a400000| 99%| O|  |TAMS 0x000000060a000000| PB 0x000000060a000000| Untracked 
|   6|0x000000060a400000, 0x000000060a7fc560, 0x000000060a800000| 99%| O|  |TAMS 0x000000060a400000| PB 0x000000060a400000| Untracked 
|   7|0x000000060a800000, 0x000000060abffd90, 0x000000060ac00000| 99%| O|  |TAMS 0x000000060a800000| PB 0x000000060a800000| Untracked 
|   8|0x000000060ac00000, 0x000000060affc888, 0x000000060b000000| 99%| O|  |TAMS 0x000000060ac00000| PB 0x000000060ac00000| Untracked 
|   9|0x000000060b000000, 0x000000060b3fd5f0, 0x000000060b400000| 99%| O|  |TAMS 0x000000060b000000| PB 0x000000060b000000| Untracked 
|  10|0x000000060b400000, 0x000000060b800000, 0x000000060b800000|100%| O|  |TAMS 0x000000060b400000| PB 0x000000060b400000| Untracked 
|  11|0x000000060b800000, 0x000000060bbf9b48, 0x000000060bc00000| 99%| O|  |TAMS 0x000000060b800000| PB 0x000000060b800000| Untracked 
|  12|0x000000060bc00000, 0x000000060c000000, 0x000000060c000000|100%| O|  |TAMS 0x000000060bc00000| PB 0x000000060bc00000| Untracked 
|  13|0x000000060c000000, 0x000000060c400000, 0x000000060c400000|100%| O|  |TAMS 0x000000060c000000| PB 0x000000060c000000| Untracked 
|  14|0x000000060c400000, 0x000000060c800000, 0x000000060c800000|100%| O|  |TAMS 0x000000060c400000| PB 0x000000060c400000| Untracked 
|  15|0x000000060c800000, 0x000000060cc00000, 0x000000060cc00000|100%| O|  |TAMS 0x000000060c800000| PB 0x000000060c800000| Untracked 
|  16|0x000000060cc00000, 0x000000060cff8f00, 0x000000060d000000| 99%| O|  |TAMS 0x000000060cc00000| PB 0x000000060cc00000| Untracked 
|  17|0x000000060d000000, 0x000000060d400000, 0x000000060d400000|100%| O|  |TAMS 0x000000060d000000| PB 0x000000060d000000| Untracked 
|  18|0x000000060d400000, 0x000000060d800000, 0x000000060d800000|100%| O|  |TAMS 0x000000060d400000| PB 0x000000060d400000| Untracked 
|  19|0x000000060d800000, 0x000000060dc00000, 0x000000060dc00000|100%| O|  |TAMS 0x000000060d800000| PB 0x000000060d800000| Untracked 
|  20|0x000000060dc00000, 0x000000060dde7b90, 0x000000060e000000| 47%| O|  |TAMS 0x000000060dc00000| PB 0x000000060dc00000| Untracked 
|  21|0x000000060e000000, 0x000000060e01dad0, 0x000000060e400000|  2%| O|  |TAMS 0x000000060e000000| PB 0x000000060e000000| Untracked 
|  22|0x000000060e400000, 0x000000060e4142f8, 0x000000060e800000|  1%| O|  |TAMS 0x000000060e400000| PB 0x000000060e400000| Untracked 
|  23|0x000000060e800000, 0x000000060e850fe0, 0x000000060ec00000|  7%| O|  |TAMS 0x000000060e800000| PB 0x000000060e800000| Untracked 
|  24|0x000000060ec00000, 0x000000060ec00000, 0x000000060f000000|  0%| F|  |TAMS 0x000000060ec00000| PB 0x000000060ec00000| Untracked 
|  25|0x000000060f000000, 0x000000060f000000, 0x000000060f400000|  0%| F|  |TAMS 0x000000060f000000| PB 0x000000060f000000| Untracked 
|  26|0x000000060f400000, 0x000000060f400000, 0x000000060f800000|  0%| F|  |TAMS 0x000000060f400000| PB 0x000000060f400000| Untracked 
|  27|0x000000060f800000, 0x000000060fc00000, 0x000000060fc00000|100%| O|  |TAMS 0x000000060f800000| PB 0x000000060f800000| Untracked 
|  28|0x000000060fc00000, 0x000000060fc00000, 0x0000000610000000|  0%| F|  |TAMS 0x000000060fc00000| PB 0x000000060fc00000| Untracked 
|  29|0x0000000610000000, 0x0000000610000000, 0x0000000610400000|  0%| F|  |TAMS 0x0000000610000000| PB 0x0000000610000000| Untracked 
|  30|0x0000000610400000, 0x0000000610400000, 0x0000000610800000|  0%| F|  |TAMS 0x0000000610400000| PB 0x0000000610400000| Untracked 
|  31|0x0000000610800000, 0x0000000610800000, 0x0000000610c00000|  0%| F|  |TAMS 0x0000000610800000| PB 0x0000000610800000| Untracked 
|  32|0x0000000610c00000, 0x0000000610c00000, 0x0000000611000000|  0%| F|  |TAMS 0x0000000610c00000| PB 0x0000000610c00000| Untracked 
|  33|0x0000000611000000, 0x0000000611000000, 0x0000000611400000|  0%| F|  |TAMS 0x0000000611000000| PB 0x0000000611000000| Untracked 
|  34|0x0000000611400000, 0x0000000611400000, 0x0000000611800000|  0%| F|  |TAMS 0x0000000611400000| PB 0x0000000611400000| Untracked 
|  35|0x0000000611800000, 0x0000000611800000, 0x0000000611c00000|  0%| F|  |TAMS 0x0000000611800000| PB 0x0000000611800000| Untracked 
|  36|0x0000000611c00000, 0x0000000611c00000, 0x0000000612000000|  0%| F|  |TAMS 0x0000000611c00000| PB 0x0000000611c00000| Untracked 
|  37|0x0000000612000000, 0x0000000612000000, 0x0000000612400000|  0%| F|  |TAMS 0x0000000612000000| PB 0x0000000612000000| Untracked 
|  38|0x0000000612400000, 0x0000000612400000, 0x0000000612800000|  0%| F|  |TAMS 0x0000000612400000| PB 0x0000000612400000| Untracked 
|  39|0x0000000612800000, 0x0000000612800000, 0x0000000612c00000|  0%| F|  |TAMS 0x0000000612800000| PB 0x0000000612800000| Untracked 
|  40|0x0000000612c00000, 0x0000000612c00000, 0x0000000613000000|  0%| F|  |TAMS 0x0000000612c00000| PB 0x0000000612c00000| Untracked 
|  41|0x0000000613000000, 0x00000006133c0420, 0x0000000613400000| 93%| E|  |TAMS 0x0000000613000000| PB 0x0000000613000000| Complete 

Card table byte_map: [0x0000015af6290000,0x0000015af7250000] _byte_map_base: 0x0000015af324a000

Marking Bits: (CMBitMap*) 0x0000015af13729a0
 Bits: [0x0000015af7250000, 0x0000015aff020000)

Polling page: 0x0000015aef490000

Metaspace:

Usage:
  Non-class:     12.37 MB used.
      Class:      1.24 MB used.
       Both:     13.61 MB used.

Virtual space:
  Non-class space:       64.00 MB reserved,      12.50 MB ( 20%) committed,  1 nodes.
      Class space:        1.00 GB reserved,       1.38 MB ( <1%) committed,  1 nodes.
             Both:        1.06 GB reserved,      13.88 MB (  1%) committed. 

Chunk freelists:
   Non-Class:  3.47 MB
       Class:  14.61 MB
        Both:  18.08 MB

MaxMetaspaceSize: unlimited
CompressedClassSpaceSize: 1.00 GB
Initial GC threshold: 21.00 MB
Current GC threshold: 23.06 MB
CDS: on
 - commit_granule_bytes: 65536.
 - commit_granule_words: 8192.
 - virtual_space_node_default_size: 8388608.
 - enlarge_chunks_in_place: 1.
 - use_allocation_guard: 0.


Internal statistics:

num_allocs_failed_limit: 0.
num_arena_births: 204.
num_arena_deaths: 0.
num_vsnodes_births: 2.
num_vsnodes_deaths: 0.
num_space_committed: 220.
num_space_uncommitted: 0.
num_chunks_returned_to_freelist: 0.
num_chunks_taken_from_freelist: 455.
num_chunk_merges: 0.
num_chunk_splits: 278.
num_chunks_enlarged: 163.
num_inconsistent_stats: 0.

CodeHeap 'non-profiled nmethods': size=120000Kb used=3989Kb max_used=4450Kb free=116010Kb
 bounds [0x0000015a87ad0000, 0x0000015a87f90000, 0x0000015a8f000000]
CodeHeap 'profiled nmethods': size=120000Kb used=4478Kb max_used=6321Kb free=115521Kb
 bounds [0x0000015a80000000, 0x0000015a80630000, 0x0000015a87530000]
CodeHeap 'non-nmethods': size=5760Kb used=1736Kb max_used=1815Kb free=4023Kb
 bounds [0x0000015a87530000, 0x0000015a877a0000, 0x0000015a87ad0000]
CodeCache: size=245760Kb, used=10203Kb, max_used=12586Kb, free=235554Kb
 total_blobs=3848, nmethods=3076, adapters=676, full_count=0
Compilation: enabled, stopped_count=0, restarted_count=0

Compilation events (20 events):
Event: 162.670 Thread 0x0000015ad60213a0 4328       3       org.lwjgl.opengl.GL11::glCullFace (19 bytes)
Event: 162.671 Thread 0x0000015ad60213a0 nmethod 4328 0x0000015a802b9d10 code [0x0000015a802b9f40, 0x0000015a802ba6e0]
Event: 162.695 Thread 0x0000015ad601dbe0 4329       4       net.minecraft.src.GuiMainMenu::drawLogo (643 bytes)
Event: 162.860 Thread 0x0000015ad601dbe0 nmethod 4329 0x0000015a87e40e10 code [0x0000015a87e41700, 0x0000015a87e456e0]
Event: 163.606 Thread 0x0000015ad601dbe0 4330       4       java.lang.Long::stringSize (55 bytes)
Event: 163.609 Thread 0x0000015ad601dbe0 nmethod 4330 0x0000015a87e38390 code [0x0000015a87e38520, 0x0000015a87e386f0]
Event: 163.609 Thread 0x0000015ad601dbe0 4331       4       java.lang.Long::getChars (195 bytes)
Event: 163.616 Thread 0x0000015ad601dbe0 nmethod 4331 0x0000015a87d44c10 code [0x0000015a87d44dc0, 0x0000015a87d452b8]
Event: 163.733 Thread 0x0000015ad601dbe0 4332       4       org.lwjgl.opengl.WindowsDisplay::handleMessage (29 bytes)
Event: 163.735 Thread 0x0000015ad601dbe0 nmethod 4332 0x0000015a87beff90 code [0x0000015a87bf0120, 0x0000015a87bf0208]
Event: 163.768 Thread 0x0000015ad601dbe0 4333       4       java.lang.StringConcatHelper::prepend (22 bytes)
Event: 163.779 Thread 0x0000015ad601dbe0 nmethod 4333 0x0000015a87b8b310 code [0x0000015a87b8b4e0, 0x0000015a87b8bbf0]
Event: 163.942 Thread 0x0000015ad601dbe0 4334       4       net.minecraft.src.GuiScreen::drawWorldBackground (37 bytes)
Event: 163.994 Thread 0x0000015ad60213a0 4336       3       java.lang.invoke.LambdaForm$MH/0x0000015a92014c00::invoke (25 bytes)
Event: 163.994 Thread 0x0000015ad60213a0 nmethod 4336 0x0000015a804b9910 code [0x0000015a804b9ae0, 0x0000015a804ba028]
Event: 163.994 Thread 0x0000015ad60213a0 4337       3       java.util.logging.LogManager::getProperty (9 bytes)
Event: 163.995 Thread 0x0000015ad60213a0 nmethod 4337 0x0000015a8001c810 code [0x0000015a8001c9c0, 0x0000015a8001cba0]
Event: 163.995 Thread 0x0000015ad60213a0 4335       1       java.util.logging.Level::intValue (5 bytes)
Event: 163.995 Thread 0x0000015ad60213a0 nmethod 4335 0x0000015a87b8b010 code [0x0000015a87b8b1a0, 0x0000015a87b8b268]
Event: 164.026 Thread 0x0000015ad601dbe0 nmethod 4334 0x0000015a87e0c890 code [0x0000015a87e0cb60, 0x0000015a87e0d340]

GC Heap History (20 events):
Event: 46.326 GC heap before
{Heap before GC invocations=10 (full 3):
 garbage-first heap   total 118784K, used 88376K [0x0000000608c00000, 0x0000000800000000)
  region size 4096K, 7 young (28672K), 1 survivors (4096K)
 Metaspace       used 13832K, committed 14144K, reserved 1114112K
  class space    used 1262K, committed 1408K, reserved 1048576K
}
Event: 46.331 GC heap after
{Heap after GC invocations=11 (full 3):
 garbage-first heap   total 118784K, used 69110K [0x0000000608c00000, 0x0000000800000000)
  region size 4096K, 1 young (4096K), 1 survivors (4096K)
 Metaspace       used 13832K, committed 14144K, reserved 1114112K
  class space    used 1262K, committed 1408K, reserved 1048576K
}
Event: 55.719 GC heap before
{Heap before GC invocations=12 (full 3):
 garbage-first heap   total 122880K, used 93686K [0x0000000608c00000, 0x0000000800000000)
  region size 4096K, 7 young (28672K), 1 survivors (4096K)
 Metaspace       used 13836K, committed 14144K, reserved 1114112K
  class space    used 1262K, committed 1408K, reserved 1048576K
}
Event: 55.722 GC heap after
{Heap after GC invocations=13 (full 3):
 garbage-first heap   total 122880K, used 69958K [0x0000000608c00000, 0x0000000800000000)
  region size 4096K, 1 young (4096K), 1 survivors (4096K)
 Metaspace       used 13836K, committed 14144K, reserved 1114112K
  class space    used 1262K, committed 1408K, reserved 1048576K
}
Event: 65.095 GC heap before
{Heap before GC invocations=13 (full 3):
 garbage-first heap   total 122880K, used 94534K [0x0000000608c00000, 0x0000000800000000)
  region size 4096K, 7 young (28672K), 1 survivors (4096K)
 Metaspace       used 13848K, committed 14144K, reserved 1114112K
  class space    used 1263K, committed 1408K, reserved 1048576K
}
Event: 65.098 GC heap after
{Heap after GC invocations=14 (full 3):
 garbage-first heap   total 122880K, used 70835K [0x0000000608c00000, 0x0000000800000000)
  region size 4096K, 1 young (4096K), 1 survivors (4096K)
 Metaspace       used 13848K, committed 14144K, reserved 1114112K
  class space    used 1263K, committed 1408K, reserved 1048576K
}
Event: 75.103 GC heap before
{Heap before GC invocations=14 (full 3):
 garbage-first heap   total 122880K, used 99507K [0x0000000608c00000, 0x0000000800000000)
  region size 4096K, 8 young (32768K), 1 survivors (4096K)
 Metaspace       used 13862K, committed 14144K, reserved 1114112K
  class space    used 1263K, committed 1408K, reserved 1048576K
}
Event: 75.105 GC heap after
{Heap after GC invocations=15 (full 3):
 garbage-first heap   total 122880K, used 72108K [0x0000000608c00000, 0x0000000800000000)
  region size 4096K, 1 young (4096K), 1 survivors (4096K)
 Metaspace       used 13862K, committed 14144K, reserved 1114112K
  class space    used 1263K, committed 1408K, reserved 1048576K
}
Event: 87.020 GC heap before
{Heap before GC invocations=16 (full 3):
 garbage-first heap   total 122880K, used 104876K [0x0000000608c00000, 0x0000000800000000)
  region size 4096K, 9 young (36864K), 1 survivors (4096K)
 Metaspace       used 13868K, committed 14144K, reserved 1114112K
  class space    used 1263K, committed 1408K, reserved 1048576K
}
Event: 87.023 GC heap after
{Heap after GC invocations=17 (full 3):
 garbage-first heap   total 122880K, used 73481K [0x0000000608c00000, 0x0000000800000000)
  region size 4096K, 2 young (8192K), 2 survivors (8192K)
 Metaspace       used 13868K, committed 14144K, reserved 1114112K
  class space    used 1263K, committed 1408K, reserved 1048576K
}
Event: 97.484 GC heap before
{Heap before GC invocations=17 (full 3):
 garbage-first heap   total 122880K, used 102153K [0x0000000608c00000, 0x0000000800000000)
  region size 4096K, 9 young (36864K), 2 survivors (8192K)
 Metaspace       used 13876K, committed 14144K, reserved 1114112K
  class space    used 1263K, committed 1408K, reserved 1048576K
}
Event: 97.487 GC heap after
{Heap after GC invocations=18 (full 3):
 garbage-first heap   total 122880K, used 75047K [0x0000000608c00000, 0x0000000800000000)
  region size 4096K, 2 young (8192K), 2 survivors (8192K)
 Metaspace       used 13876K, committed 14144K, reserved 1114112K
  class space    used 1263K, committed 1408K, reserved 1048576K
}
Event: 104.458 GC heap before
{Heap before GC invocations=19 (full 3):
 garbage-first heap   total 139264K, used 95527K [0x0000000608c00000, 0x0000000800000000)
  region size 4096K, 7 young (28672K), 2 survivors (8192K)
 Metaspace       used 13885K, committed 14144K, reserved 1114112K
  class space    used 1263K, committed 1408K, reserved 1048576K
}
Event: 104.462 GC heap after
{Heap after GC invocations=20 (full 3):
 garbage-first heap   total 167936K, used 77545K [0x0000000608c00000, 0x0000000800000000)
  region size 4096K, 1 young (4096K), 1 survivors (4096K)
 Metaspace       used 13885K, committed 14144K, reserved 1114112K
  class space    used 1263K, committed 1408K, reserved 1048576K
}
Event: 124.622 GC heap before
{Heap before GC invocations=20 (full 3):
 garbage-first heap   total 167936K, used 138985K [0x0000000608c00000, 0x0000000800000000)
  region size 4096K, 16 young (65536K), 1 survivors (4096K)
 Metaspace       used 13902K, committed 14208K, reserved 1114112K
  class space    used 1263K, committed 1408K, reserved 1048576K
}
Event: 124.625 GC heap after
{Heap after GC invocations=21 (full 3):
 garbage-first heap   total 167936K, used 84303K [0x0000000608c00000, 0x0000000800000000)
  region size 4096K, 2 young (8192K), 2 survivors (8192K)
 Metaspace       used 13902K, committed 14208K, reserved 1114112K
  class space    used 1263K, committed 1408K, reserved 1048576K
}
Event: 145.640 GC heap before
{Heap before GC invocations=21 (full 3):
 garbage-first heap   total 167936K, used 137551K [0x0000000608c00000, 0x0000000800000000)
  region size 4096K, 15 young (61440K), 2 survivors (8192K)
 Metaspace       used 13911K, committed 14208K, reserved 1114112K
  class space    used 1263K, committed 1408K, reserved 1048576K
}
Event: 145.644 GC heap after
{Heap after GC invocations=22 (full 3):
 garbage-first heap   total 167936K, used 89347K [0x0000000608c00000, 0x0000000800000000)
  region size 4096K, 2 young (8192K), 2 survivors (8192K)
 Metaspace       used 13911K, committed 14208K, reserved 1114112K
  class space    used 1263K, committed 1408K, reserved 1048576K
}
Event: 162.537 GC heap before
{Heap before GC invocations=23 (full 3):
 garbage-first heap   total 167936K, used 113923K [0x0000000608c00000, 0x0000000800000000)
  region size 4096K, 9 young (36864K), 2 survivors (8192K)
 Metaspace       used 13921K, committed 14208K, reserved 1114112K
  class space    used 1263K, committed 1408K, reserved 1048576K
}
Event: 162.557 GC heap after
{Heap after GC invocations=24 (full 4):
 garbage-first heap   total 172032K, used 88383K [0x0000000608c00000, 0x0000000800000000)
  region size 4096K, 0 young (0K), 0 survivors (0K)
 Metaspace       used 13921K, committed 14208K, reserved 1114112K
  class space    used 1263K, committed 1408K, reserved 1048576K
}

Dll operation events (15 events):
Event: 0.019 Loaded shared library C:\Users\gagek\.p2\pool\plugins\org.eclipse.justj.openjdk.hotspot.jre.full.win32.x86_64_21.0.8.v20250724-1412\jre\bin\java.dll
Event: 0.072 Loaded shared library C:\Users\gagek\.p2\pool\plugins\org.eclipse.justj.openjdk.hotspot.jre.full.win32.x86_64_21.0.8.v20250724-1412\jre\bin\zip.dll
Event: 0.149 Loaded shared library C:\Users\gagek\.p2\pool\plugins\org.eclipse.justj.openjdk.hotspot.jre.full.win32.x86_64_21.0.8.v20250724-1412\jre\bin\net.dll
Event: 0.154 Loaded shared library C:\Users\gagek\.p2\pool\plugins\org.eclipse.justj.openjdk.hotspot.jre.full.win32.x86_64_21.0.8.v20250724-1412\jre\bin\nio.dll
Event: 0.160 Loaded shared library C:\Users\gagek\.p2\pool\plugins\org.eclipse.justj.openjdk.hotspot.jre.full.win32.x86_64_21.0.8.v20250724-1412\jre\bin\zip.dll
Event: 0.227 Loaded shared library C:\Users\gagek\.p2\pool\plugins\org.eclipse.justj.openjdk.hotspot.jre.full.win32.x86_64_21.0.8.v20250724-1412\jre\bin\jimage.dll
Event: 0.264 Loaded shared library C:\Users\gagek\.p2\pool\plugins\org.eclipse.justj.openjdk.hotspot.jre.full.win32.x86_64_21.0.8.v20250724-1412\jre\bin\awt.dll
Event: 0.448 Loaded shared library C:\Users\gagek\.p2\pool\plugins\org.eclipse.justj.openjdk.hotspot.jre.full.win32.x86_64_21.0.8.v20250724-1412\jre\bin\freetype.dll
Event: 0.449 Loaded shared library C:\Users\gagek\.p2\pool\plugins\org.eclipse.justj.openjdk.hotspot.jre.full.win32.x86_64_21.0.8.v20250724-1412\jre\bin\fontmanager.dll
Event: 0.706 Loaded shared library C:\Users\gagek\.p2\pool\plugins\org.eclipse.justj.openjdk.hotspot.jre.full.win32.x86_64_21.0.8.v20250724-1412\jre\bin\verify.dll
Event: 0.736 Loaded shared library C:\MinecraftAlphaDev\libraries\natives\lwjgl64.dll
Event: 0.773 Loaded shared library C:\Users\gagek\.p2\pool\plugins\org.eclipse.justj.openjdk.hotspot.jre.full.win32.x86_64_21.0.8.v20250724-1412\jre\bin\jawt.dll
Event: 1.820 Loaded shared library C:\MinecraftAlphaDev\libraries\natives\jinput-dx8_64.dll
Event: 2.032 Loaded shared library C:\MinecraftAlphaDev\libraries\natives\jinput-raw_64.dll
Event: 3.025 Loaded shared library C:\Users\gagek\.p2\pool\plugins\org.eclipse.justj.openjdk.hotspot.jre.full.win32.x86_64_21.0.8.v20250724-1412\jre\bin\extnet.dll

Deoptimization events (20 events):
Event: 162.666 Thread 0x0000015ad615d4f0 DEOPT PACKING pc=0x0000015a80538c4e sp=0x0000002a324ff110
Event: 162.666 Thread 0x0000015ad615d4f0 DEOPT UNPACKING pc=0x0000015a87584e42 sp=0x0000002a324fe608 mode 0
Event: 162.695 Thread 0x0000015ad615d4f0 DEOPT PACKING pc=0x0000015a80538c4e sp=0x0000002a324ff110
Event: 162.695 Thread 0x0000015ad615d4f0 DEOPT UNPACKING pc=0x0000015a87584e42 sp=0x0000002a324fe608 mode 0
Event: 162.722 Thread 0x0000015ad615d4f0 DEOPT PACKING pc=0x0000015a80538c4e sp=0x0000002a324ff110
Event: 162.722 Thread 0x0000015ad615d4f0 DEOPT UNPACKING pc=0x0000015a87584e42 sp=0x0000002a324fe608 mode 0
Event: 162.749 Thread 0x0000015ad615d4f0 DEOPT PACKING pc=0x0000015a80538c4e sp=0x0000002a324ff110
Event: 162.749 Thread 0x0000015ad615d4f0 DEOPT UNPACKING pc=0x0000015a87584e42 sp=0x0000002a324fe608 mode 0
Event: 162.772 Thread 0x0000015ad615d4f0 DEOPT PACKING pc=0x0000015a80538c4e sp=0x0000002a324ff110
Event: 162.772 Thread 0x0000015ad615d4f0 DEOPT UNPACKING pc=0x0000015a87584e42 sp=0x0000002a324fe608 mode 0
Event: 162.801 Thread 0x0000015ad615d4f0 DEOPT PACKING pc=0x0000015a80538c4e sp=0x0000002a324ff110
Event: 162.801 Thread 0x0000015ad615d4f0 DEOPT UNPACKING pc=0x0000015a87584e42 sp=0x0000002a324fe608 mode 0
Event: 162.829 Thread 0x0000015ad615d4f0 DEOPT PACKING pc=0x0000015a80538c4e sp=0x0000002a324ff110
Event: 162.829 Thread 0x0000015ad615d4f0 DEOPT UNPACKING pc=0x0000015a87584e42 sp=0x0000002a324fe608 mode 0
Event: 162.859 Thread 0x0000015ad615d4f0 DEOPT PACKING pc=0x0000015a80538c4e sp=0x0000002a324ff110
Event: 162.859 Thread 0x0000015ad615d4f0 DEOPT UNPACKING pc=0x0000015a87584e42 sp=0x0000002a324fe608 mode 0
Event: 163.995 Thread 0x0000015ad899e2d0 Uncommon trap: trap_request=0xffffffcc fr.pc=0x0000015a87d4a0c4 relative=0x0000000000000204
Event: 163.995 Thread 0x0000015ad899e2d0 Uncommon trap: reason=intrinsic_or_type_checked_inlining action=make_not_entrant pc=0x0000015a87d4a0c4 method=java.util.Arrays.copyOf([Ljava/lang/Object;ILjava/lang/Class;)[Ljava/lang/Object; @ 35 c2
Event: 163.995 Thread 0x0000015ad899e2d0 DEOPT PACKING pc=0x0000015a87d4a0c4 sp=0x0000002a30afedb0
Event: 163.995 Thread 0x0000015ad899e2d0 DEOPT UNPACKING pc=0x0000015a875846a2 sp=0x0000002a30afed58 mode 2

Classes loaded (20 events):
Event: 13.514 Loading class sun/net/www/protocol/https/Handler
Event: 13.514 Loading class sun/net/www/protocol/https/Handler done
Event: 13.515 Loading class sun/net/www/http/KeepAliveCache$1
Event: 13.515 Loading class sun/net/www/http/KeepAliveCache$1 done
Event: 13.516 Loading class sun/net/www/http/KeepAliveCache$ClientVector
Event: 13.517 Loading class sun/net/www/http/KeepAliveCache$ClientVector done
Event: 13.518 Loading class sun/net/www/http/KeepAliveEntry
Event: 13.518 Loading class sun/net/www/http/KeepAliveEntry done
Event: 13.518 Loading class sun/net/www/protocol/http/EmptyInputStream
Event: 13.519 Loading class sun/net/www/protocol/http/EmptyInputStream done
Event: 15.117 Loading class java/util/zip/Deflater
Event: 15.117 Loading class java/util/zip/Deflater done
Event: 15.119 Loading class java/util/zip/Deflater$DeflaterZStreamRef
Event: 15.119 Loading class java/util/zip/Deflater$DeflaterZStreamRef done
Event: 19.118 Loading class java/lang/FdLibm$Log
Event: 19.118 Loading class java/lang/FdLibm$Log done
Event: 163.996 Loading class java/util/WeakHashMap$KeyIterator
Event: 163.996 Loading class java/util/WeakHashMap$HashIterator
Event: 163.996 Loading class java/util/WeakHashMap$HashIterator done
Event: 163.996 Loading class java/util/WeakHashMap$KeyIterator done

Classes unloaded (0 events):
No events

Classes redefined (0 events):
No events

Internal exceptions (20 events):
Event: 158.573 Thread 0x0000015add41a370 Exception <a 'java/lang/InterruptedException'{0x0000000611b19b10}: sleep interrupted> (0x0000000611b19b10) 
thrown [s\src\hotspot\share\prims\jvm.cpp, line 3074]
Event: 158.660 Thread 0x0000015add41a370 Exception <a 'java/lang/InterruptedException'{0x0000000611b19e28}: sleep interrupted> (0x0000000611b19e28) 
thrown [s\src\hotspot\share\prims\jvm.cpp, line 3074]
Event: 158.763 Thread 0x0000015add41a370 Exception <a 'java/lang/InterruptedException'{0x0000000611b1a140}: sleep interrupted> (0x0000000611b1a140) 
thrown [s\src\hotspot\share\prims\jvm.cpp, line 3074]
Event: 158.856 Thread 0x0000015add41a370 Exception <a 'java/lang/InterruptedException'{0x0000000611b1a458}: sleep interrupted> (0x0000000611b1a458) 
thrown [s\src\hotspot\share\prims\jvm.cpp, line 3074]
Event: 158.950 Thread 0x0000015add41a370 Exception <a 'java/lang/InterruptedException'{0x0000000611b1a770}: sleep interrupted> (0x0000000611b1a770) 
thrown [s\src\hotspot\share\prims\jvm.cpp, line 3074]
Event: 159.040 Thread 0x0000015add41a370 Exception <a 'java/lang/InterruptedException'{0x00000006115071a8}: sleep interrupted> (0x00000006115071a8) 
thrown [s\src\hotspot\share\prims\jvm.cpp, line 3074]
Event: 159.040 Thread 0x0000015add41a370 Exception <a 'java/lang/InterruptedException'{0x00000006115074c0}: sleep interrupted> (0x00000006115074c0) 
thrown [s\src\hotspot\share\prims\jvm.cpp, line 3052]
Event: 159.137 Thread 0x0000015add41a370 Exception <a 'java/lang/InterruptedException'{0x00000006115077d8}: sleep interrupted> (0x00000006115077d8) 
thrown [s\src\hotspot\share\prims\jvm.cpp, line 3074]
Event: 159.224 Thread 0x0000015add41a370 Exception <a 'java/lang/InterruptedException'{0x0000000611507af0}: sleep interrupted> (0x0000000611507af0) 
thrown [s\src\hotspot\share\prims\jvm.cpp, line 3074]
Event: 159.319 Thread 0x0000015add41a370 Exception <a 'java/lang/InterruptedException'{0x0000000611507e08}: sleep interrupted> (0x0000000611507e08) 
thrown [s\src\hotspot\share\prims\jvm.cpp, line 3074]
Event: 159.412 Thread 0x0000015add41a370 Exception <a 'java/lang/InterruptedException'{0x0000000611508120}: sleep interrupted> (0x0000000611508120) 
thrown [s\src\hotspot\share\prims\jvm.cpp, line 3074]
Event: 159.509 Thread 0x0000015add41a370 Exception <a 'java/lang/InterruptedException'{0x0000000611508438}: sleep interrupted> (0x0000000611508438) 
thrown [s\src\hotspot\share\prims\jvm.cpp, line 3074]
Event: 159.603 Thread 0x0000015add41a370 Exception <a 'java/lang/InterruptedException'{0x0000000611508750}: sleep interrupted> (0x0000000611508750) 
thrown [s\src\hotspot\share\prims\jvm.cpp, line 3074]
Event: 159.698 Thread 0x0000015add41a370 Exception <a 'java/lang/InterruptedException'{0x0000000611508a68}: sleep interrupted> (0x0000000611508a68) 
thrown [s\src\hotspot\share\prims\jvm.cpp, line 3074]
Event: 159.785 Thread 0x0000015add41a370 Exception <a 'java/lang/InterruptedException'{0x0000000611508fd0}: sleep interrupted> (0x0000000611508fd0) 
thrown [s\src\hotspot\share\prims\jvm.cpp, line 3074]
Event: 159.880 Thread 0x0000015add41a370 Exception <a 'java/lang/InterruptedException'{0x00000006115092e8}: sleep interrupted> (0x00000006115092e8) 
thrown [s\src\hotspot\share\prims\jvm.cpp, line 3074]
Event: 159.972 Thread 0x0000015add41a370 Exception <a 'java/lang/InterruptedException'{0x0000000611509600}: sleep interrupted> (0x0000000611509600) 
thrown [s\src\hotspot\share\prims\jvm.cpp, line 3074]
Event: 160.066 Thread 0x0000015add41a370 Exception <a 'java/lang/InterruptedException'{0x0000000611509918}: sleep interrupted> (0x0000000611509918) 
thrown [s\src\hotspot\share\prims\jvm.cpp, line 3074]
Event: 160.166 Thread 0x0000015add41a370 Exception <a 'java/lang/InterruptedException'{0x0000000611509c30}: sleep interrupted> (0x0000000611509c30) 
thrown [s\src\hotspot\share\prims\jvm.cpp, line 3074]
Event: 162.559 Thread 0x0000015ad615d4f0 Implicit null exception at 0x0000015a87db8dcd to 0x0000015a87dbadc8

ZGC Phase Switch (0 events):
No events

VM Operations (20 events):
Event: 140.636 Executing VM operation: Cleanup done
Event: 145.640 Executing VM operation: G1CollectForAllocation (G1 Evacuation Pause)
Event: 145.644 Executing VM operation: G1CollectForAllocation (G1 Evacuation Pause) done
Event: 145.654 Executing VM operation: G1PauseRemark
Event: 145.659 Executing VM operation: G1PauseRemark done
Event: 145.663 Executing VM operation: G1PauseCleanup
Event: 145.663 Executing VM operation: G1PauseCleanup done
Event: 147.664 Executing VM operation: Cleanup
Event: 147.664 Executing VM operation: Cleanup done
Event: 150.666 Executing VM operation: Cleanup
Event: 150.666 Executing VM operation: Cleanup done
Event: 159.669 Executing VM operation: Cleanup
Event: 159.669 Executing VM operation: Cleanup done
Event: 160.670 Executing VM operation: Cleanup
Event: 160.670 Executing VM operation: Cleanup done
Event: 161.670 Executing VM operation: Cleanup
Event: 161.670 Executing VM operation: Cleanup done
Event: 162.537 Executing VM operation: G1CollectFull (System.gc())
Event: 162.557 Executing VM operation: G1CollectFull (System.gc()) done
Event: 164.206 Executing VM operation: Exit

Memory protections (0 events):
No events

Nmethod flushes (20 events):
Event: 162.546 Thread 0x0000015aff4264a0 flushing  nmethod 0x0000015a805f3c90
Event: 162.546 Thread 0x0000015aff4264a0 flushing  nmethod 0x0000015a80601d90
Event: 162.546 Thread 0x0000015aff4264a0 flushing  nmethod 0x0000015a80613710
Event: 162.546 Thread 0x0000015aff4264a0 flushing  nmethod 0x0000015a87b8b010
Event: 162.546 Thread 0x0000015aff4264a0 flushing  nmethod 0x0000015a87cecf10
Event: 162.546 Thread 0x0000015aff4264a0 flushing  nmethod 0x0000015a87d09390
Event: 162.546 Thread 0x0000015aff4264a0 flushing  nmethod 0x0000015a87d53f90
Event: 162.546 Thread 0x0000015aff4264a0 flushing  nmethod 0x0000015a87de0390
Event: 162.546 Thread 0x0000015aff4264a0 flushing  nmethod 0x0000015a87ebd310
Event: 162.546 Thread 0x0000015aff4264a0 flushing  nmethod 0x0000015a8000ee10
Event: 162.546 Thread 0x0000015aff4264a0 flushing  nmethod 0x0000015a800bb790
Event: 162.546 Thread 0x0000015aff4264a0 flushing  nmethod 0x0000015a800e9e10
Event: 162.546 Thread 0x0000015aff4264a0 flushing  nmethod 0x0000015a80152910
Event: 162.546 Thread 0x0000015aff4264a0 flushing  nmethod 0x0000015a80254690
Event: 162.546 Thread 0x0000015aff4264a0 flushing  nmethod 0x0000015a80529890
Event: 162.546 Thread 0x0000015aff4264a0 flushing  nmethod 0x0000015a8052a210
Event: 162.546 Thread 0x0000015aff4264a0 flushing  nmethod 0x0000015a8052ae10
Event: 162.546 Thread 0x0000015aff4264a0 flushing  nmethod 0x0000015a80590610
Event: 162.546 Thread 0x0000015aff4264a0 flushing  nmethod 0x0000015a80595390
Event: 162.546 Thread 0x0000015aff4264a0 flushing  nmethod 0x0000015a805a2510

Events (20 events):
Event: 45.790 Thread 0x0000015ad601dbe0 Thread added: 0x0000015ad82009e0
Event: 45.904 Thread 0x0000015ad82009e0 Thread exited: 0x0000015ad82009e0
Event: 46.156 Thread 0x0000015ad60213a0 Thread added: 0x0000015ad82009e0
Event: 49.761 Thread 0x0000015ad82009e0 Thread exited: 0x0000015ad82009e0
Event: 163.994 Thread 0x0000015ad615d4f0 Thread exited: 0x0000015ad615d4f0
Event: 163.994 Thread 0x0000015ad615e210 Thread added: 0x0000015ad899e2d0
Event: 163.994 Thread 0x0000015ad615e210 Thread added: 0x0000015add7bd7c0
Event: 163.994 Thread 0x0000015ad615e210 Thread added: 0x0000015add7be4e0
Event: 163.994 Thread 0x0000015ad615e210 Thread added: 0x0000015add7beb70
Event: 163.994 Thread 0x0000015ad615e210 Thread added: 0x0000015add418930
Event: 163.995 Thread 0x0000015ad615e210 Thread added: 0x0000015ad615d4f0
Event: 163.995 Thread 0x0000015ad899e2d0 Thread exited: 0x0000015ad899e2d0
Event: 163.995 Thread 0x0000015add7be4e0 Thread exited: 0x0000015add7be4e0
Event: 163.996 Thread 0x0000015add7beb70 Thread exited: 0x0000015add7beb70
Event: 164.001 Thread 0x0000015ad615d4f0 Thread exited: 0x0000015ad615d4f0
Event: 164.006 Thread 0x0000015add7bd7c0 Thread exited: 0x0000015add7bd7c0
Event: 164.107 Thread 0x0000015ad615ce60 Thread exited: 0x0000015ad615ce60
Event: 164.206 Thread 0x0000015ad615e210 Before exit entered
Event: 164.206 Thread 0x0000015add418930 Thread exited: 0x0000015add418930
Event: 164.206 Thread 0x0000015ad6009720 Thread exited: 0x0000015ad6009720


Dynamic libraries:
0x00007ff7d8d50000 - 0x00007ff7d8d5e000 	C:\Users\gagek\.p2\pool\plugins\org.eclipse.justj.openjdk.hotspot.jre.full.win32.x86_64_21.0.8.v20250724-1412\jre\bin\javaw.exe
0x00007ffe18220000 - 0x00007ffe18487000 	C:\windows\SYSTEM32\ntdll.dll
0x00007ffe17580000 - 0x00007ffe17649000 	C:\windows\System32\KERNEL32.DLL
0x00007ffe15590000 - 0x00007ffe15980000 	C:\windows\System32\KERNELBASE.dll
0x00007ffe15e60000 - 0x00007ffe15fab000 	C:\windows\System32\ucrtbase.dll
0x00007ffdee9f0000 - 0x00007ffdeea0e000 	C:\Users\gagek\.p2\pool\plugins\org.eclipse.justj.openjdk.hotspot.jre.full.win32.x86_64_21.0.8.v20250724-1412\jre\bin\VCRUNTIME140.dll
0x00007ffdf3590000 - 0x00007ffdf35a8000 	C:\Users\gagek\.p2\pool\plugins\org.eclipse.justj.openjdk.hotspot.jre.full.win32.x86_64_21.0.8.v20250724-1412\jre\bin\jli.dll
0x00007ffe15fb0000 - 0x00007ffe16175000 	C:\windows\System32\USER32.dll
0x00007ffe15560000 - 0x00007ffe15587000 	C:\windows\System32\win32u.dll
0x00007ffdf38e0000 - 0x00007ffdf3b7a000 	C:\windows\WinSxS\amd64_microsoft.windows.common-controls_6595b64144ccf1df_6.0.26100.4768_none_3e0c112ce331287c\COMCTL32.dll
0x00007ffe17be0000 - 0x00007ffe17c0b000 	C:\windows\System32\GDI32.dll
0x00007ffe17860000 - 0x00007ffe17909000 	C:\windows\System32\msvcrt.dll
0x00007ffe15b10000 - 0x00007ffe15c48000 	C:\windows\System32\gdi32full.dll
0x00007ffe154b0000 - 0x00007ffe15553000 	C:\windows\System32\msvcp_win.dll
0x00007ffe17c10000 - 0x00007ffe17c3f000 	C:\windows\System32\IMM32.DLL
0x00007ffe0fee0000 - 0x00007ffe0feec000 	C:\Users\gagek\.p2\pool\plugins\org.eclipse.justj.openjdk.hotspot.jre.full.win32.x86_64_21.0.8.v20250724-1412\jre\bin\vcruntime140_1.dll
0x00007ffdcde00000 - 0x00007ffdcde8d000 	C:\Users\gagek\.p2\pool\plugins\org.eclipse.justj.openjdk.hotspot.jre.full.win32.x86_64_21.0.8.v20250724-1412\jre\bin\msvcp140.dll
0x00007ffd33410000 - 0x00007ffd341a7000 	C:\Users\gagek\.p2\pool\plugins\org.eclipse.justj.openjdk.hotspot.jre.full.win32.x86_64_21.0.8.v20250724-1412\jre\bin\server\jvm.dll
0x00007ffe16b50000 - 0x00007ffe16c04000 	C:\windows\System32\ADVAPI32.dll
0x00007ffe17910000 - 0x00007ffe179b6000 	C:\windows\System32\sechost.dll
0x00007ffe179c0000 - 0x00007ffe17ad8000 	C:\windows\System32\RPCRT4.dll
0x00007ffe16720000 - 0x00007ffe16794000 	C:\windows\System32\WS2_32.dll
0x00007ffe151b0000 - 0x00007ffe1520e000 	C:\windows\SYSTEM32\POWRPROF.dll
0x00007ffe0a3a0000 - 0x00007ffe0a3ab000 	C:\windows\SYSTEM32\VERSION.dll
0x00007ffe0d720000 - 0x00007ffe0d755000 	C:\windows\SYSTEM32\WINMM.dll
0x00007ffe15190000 - 0x00007ffe151a4000 	C:\windows\SYSTEM32\UMPDC.dll
0x00007ffe14090000 - 0x00007ffe140ab000 	C:\windows\SYSTEM32\kernel.appcore.dll
0x00007ffe11210000 - 0x00007ffe1121a000 	C:\Users\gagek\.p2\pool\plugins\org.eclipse.justj.openjdk.hotspot.jre.full.win32.x86_64_21.0.8.v20250724-1412\jre\bin\jimage.dll
0x00007ffe12700000 - 0x00007ffe12941000 	C:\windows\SYSTEM32\DBGHELP.DLL
0x00007ffe167c0000 - 0x00007ffe16b45000 	C:\windows\System32\combase.dll
0x00007ffe173f0000 - 0x00007ffe174d0000 	C:\windows\System32\OLEAUT32.dll
0x00007ffdf4390000 - 0x00007ffdf43d3000 	C:\windows\SYSTEM32\dbgcore.DLL
0x00007ffe15410000 - 0x00007ffe154a9000 	C:\windows\System32\bcryptPrimitives.dll
0x00007ffe10f30000 - 0x00007ffe10f4f000 	C:\Users\gagek\.p2\pool\plugins\org.eclipse.justj.openjdk.hotspot.jre.full.win32.x86_64_21.0.8.v20250724-1412\jre\bin\java.dll
0x00007ffe16c10000 - 0x00007ffe1735d000 	C:\windows\System32\SHELL32.dll
0x00007ffe15990000 - 0x00007ffe15b03000 	C:\windows\System32\wintypes.dll
0x00007ffe12ef0000 - 0x00007ffe13750000 	C:\windows\SYSTEM32\windows.storage.dll
0x00007ffe17ae0000 - 0x00007ffe17bd5000 	C:\windows\System32\SHCORE.dll
0x00007ffe17cb0000 - 0x00007ffe17d1a000 	C:\windows\System32\shlwapi.dll
0x00007ffe15270000 - 0x00007ffe15299000 	C:\windows\SYSTEM32\profapi.dll
0x00007ffe10ed0000 - 0x00007ffe10ee8000 	C:\Users\gagek\.p2\pool\plugins\org.eclipse.justj.openjdk.hotspot.jre.full.win32.x86_64_21.0.8.v20250724-1412\jre\bin\zip.dll
0x00007ffe11200000 - 0x00007ffe11210000 	C:\Users\gagek\.p2\pool\plugins\org.eclipse.justj.openjdk.hotspot.jre.full.win32.x86_64_21.0.8.v20250724-1412\jre\bin\net.dll
0x00007ffe0e680000 - 0x00007ffe0e79e000 	C:\windows\SYSTEM32\WINHTTP.dll
0x00007ffe14600000 - 0x00007ffe1466b000 	C:\windows\system32\mswsock.dll
0x00007ffe111c0000 - 0x00007ffe111d6000 	C:\Users\gagek\.p2\pool\plugins\org.eclipse.justj.openjdk.hotspot.jre.full.win32.x86_64_21.0.8.v20250724-1412\jre\bin\nio.dll
0x00007ffdaf7d0000 - 0x00007ffdaf95e000 	C:\Users\gagek\.p2\pool\plugins\org.eclipse.justj.openjdk.hotspot.jre.full.win32.x86_64_21.0.8.v20250724-1412\jre\bin\awt.dll
0x00007ffe11250000 - 0x00007ffe112ee000 	C:\windows\SYSTEM32\apphelp.dll
0x00007ffe11730000 - 0x00007ffe11765000 	C:\windows\system32\DWMAPI.DLL
0x00007ffe115c0000 - 0x00007ffe1166f000 	C:\windows\system32\uxtheme.dll
0x00007ffdb5e30000 - 0x00007ffdb5f48000 	C:\windows\system32\opengl32.dll
0x00007ffdec0f0000 - 0x00007ffdec11d000 	C:\windows\SYSTEM32\GLU32.dll
0x00007ffe11c50000 - 0x00007ffe11c9d000 	C:\windows\SYSTEM32\dxcore.dll
0x00007ffe165b0000 - 0x00007ffe16711000 	C:\windows\System32\MSCTF.dll
0x00007ffe16400000 - 0x00007ffe165a0000 	C:\windows\System32\ole32.dll
0x00007ffdca8c0000 - 0x00007ffdca947000 	C:\Users\gagek\.p2\pool\plugins\org.eclipse.justj.openjdk.hotspot.jre.full.win32.x86_64_21.0.8.v20250724-1412\jre\bin\freetype.dll
0x00007ffdbe470000 - 0x00007ffdbe55b000 	C:\Users\gagek\.p2\pool\plugins\org.eclipse.justj.openjdk.hotspot.jre.full.win32.x86_64_21.0.8.v20250724-1412\jre\bin\fontmanager.dll
0x00007ffe06dc0000 - 0x00007ffe06f11000 	C:\windows\SYSTEM32\textinputframework.dll
0x00007ffdcf690000 - 0x00007ffdcf70d000 	C:\windows\system32\Oleacc.dll
0x00007ffe17750000 - 0x00007ffe177f8000 	C:\windows\System32\clbcatq.dll
0x00007ffdd46f0000 - 0x00007ffdd474e000 	C:\windows\system32\ApplicationTargetedFeatureDatabase.dll
0x00007ffe0ac30000 - 0x00007ffe0ae68000 	C:\Windows\System32\twinapi.appcore.dll
0x00007ffe10e30000 - 0x00007ffe10e40000 	C:\Users\gagek\.p2\pool\plugins\org.eclipse.justj.openjdk.hotspot.jre.full.win32.x86_64_21.0.8.v20250724-1412\jre\bin\verify.dll
0x0000000180000000 - 0x0000000180053000 	C:\MinecraftAlphaDev\libraries\natives\lwjgl64.dll
0x00007ffe0dec0000 - 0x00007ffe0df89000 	C:\windows\SYSTEM32\mscms.dll
0x00007ffdf7470000 - 0x00007ffdf74e0000 	C:\Windows\System32\Windows.Internal.Graphics.Display.DisplayColorManagement.dll
0x00007ffe14f10000 - 0x00007ffe14f67000 	C:\windows\SYSTEM32\cfgmgr32.dll
0x00007ffe0d8d0000 - 0x00007ffe0d8d7000 	C:\Users\gagek\.p2\pool\plugins\org.eclipse.justj.openjdk.hotspot.jre.full.win32.x86_64_21.0.8.v20250724-1412\jre\bin\jawt.dll
0x00007ffe0b360000 - 0x00007ffe0b3ca000 	C:\windows\SYSTEM32\directxdatabasehelper.dll
0x00007ffdf9260000 - 0x00007ffdf927a000 	C:\windows\SYSTEM32\windows.staterepositorycore.dll
0x00007ffd11d00000 - 0x00007ffd132cb000 	C:\windows\System32\DriverStore\FileRepository\iigd_dch.inf_amd64_9ce4d8a46710e0e5\igxelpgicd64.dll
0x00007ffd69440000 - 0x00007ffd69463000 	C:\windows\SYSTEM32\d3d12.dll
0x00007ffe12bf0000 - 0x00007ffe12d2e000 	C:\windows\SYSTEM32\dxgi.dll
0x00007ffdfab90000 - 0x00007ffdfad37000 	C:\windows\System32\DriverStore\FileRepository\iigd_dch.inf_amd64_9ce4d8a46710e0e5\igdml64.dll
0x00007ffd4b1f0000 - 0x00007ffd4b66e000 	C:\Users\gagek\AppData\Roaming\ow-electron\jilehohlakeokncafogkgnicgndeecdiengddbcc\packages\emifmpeaagaaglhaimndbhcpkjfmjhfnjjpoibdo\1.8.21\owe-client-x64.dll
0x00007ffe04790000 - 0x00007ffe04d23000 	C:\windows\System32\DriverStore\FileRepository\iigd_dch.inf_amd64_9ce4d8a46710e0e5\igdgmm64.dll
0x00007ffe141c0000 - 0x00007ffe141f6000 	C:\windows\SYSTEM32\ntmarta.dll
0x00007ffd96ac0000 - 0x00007ffd96d37000 	C:\windows\SYSTEM32\D3D12Core.dll
0x00007ffe15240000 - 0x00007ffe15266000 	C:\windows\SYSTEM32\bcrypt.dll
0x00007ffe0aea0000 - 0x00007ffe0b01c000 	C:\windows\SYSTEM32\drvstore.dll
0x00007ffdfdf10000 - 0x00007ffe03036000 	C:\windows\System32\DriverStore\FileRepository\iigd_dch.inf_amd64_9ce4d8a46710e0e5\igc64.dll
0x00007ffe0daa0000 - 0x00007ffe0dace000 	C:\windows\SYSTEM32\D3DSCache.dll
0x00007ffe146a0000 - 0x00007ffe146cb000 	C:\windows\SYSTEM32\USERENV.dll
0x00007ffe108d0000 - 0x00007ffe10afa000 	C:\windows\SYSTEM32\dcomp.dll
0x00007ffe101d0000 - 0x00007ffe101e9000 	C:\windows\SYSTEM32\Microsoft.Internal.WarpPal.dll
0x00007ffe10f50000 - 0x00007ffe11075000 	C:\windows\SYSTEM32\CoreMessaging.dll
0x00007ffe08f90000 - 0x00007ffe09273000 	C:\windows\SYSTEM32\CoreUIComponents.dll
0x00007ffe14840000 - 0x00007ffe1484c000 	C:\windows\SYSTEM32\CRYPTBASE.DLL
0x00007ffe149e0000 - 0x00007ffe149fb000 	C:\windows\SYSTEM32\CRYPTSP.dll
0x00007ffe13ff0000 - 0x00007ffe1402b000 	C:\windows\system32\rsaenh.dll
0x00007ffe13a20000 - 0x00007ffe13a53000 	C:\windows\SYSTEM32\IPHLPAPI.DLL
0x00007ffe17800000 - 0x00007ffe1780a000 	C:\windows\System32\NSI.dll
0x0000015ad7620000 - 0x0000015ad7636000 	C:\MinecraftAlphaDev\libraries\natives\jinput-dx8_64.dll
0x00007ffdeb1c0000 - 0x00007ffdeb20b000 	C:\windows\SYSTEM32\DINPUT8.dll
0x00007ffdfd840000 - 0x00007ffdfda22000 	C:\windows\SYSTEM32\inputhost.dll
0x00007ffe13760000 - 0x00007ffe1376f000 	C:\windows\SYSTEM32\HID.DLL
0x00007ffe17d50000 - 0x00007ffe181d6000 	C:\windows\System32\SETUPAPI.DLL
0x00007ffe14f70000 - 0x00007ffe14f9d000 	C:\windows\SYSTEM32\DEVOBJ.dll
0x0000015ad7c60000 - 0x0000015ad7ce4000 	C:\windows\System32\WINTRUST.dll
0x00007ffe15ce0000 - 0x00007ffe15e57000 	C:\windows\System32\CRYPT32.dll
0x00007ffe14a50000 - 0x00007ffe14a63000 	C:\windows\SYSTEM32\MSASN1.dll
0x0000015ad7660000 - 0x0000015ad7674000 	C:\MinecraftAlphaDev\libraries\natives\jinput-raw_64.dll
0x0000015ad7dd0000 - 0x0000015ad7e34000 	C:\MinecraftAlphaDev\libraries\natives\OpenAL64.dll
0x00007ffe0c5a0000 - 0x00007ffe0c642000 	C:\windows\System32\MMDevApi.dll
0x00007ffdbdb00000 - 0x00007ffdbdb94000 	C:\windows\SYSTEM32\dsound.dll
0x00007ffd98640000 - 0x00007ffd98671000 	C:\windows\SYSTEM32\winmmbase.dll
0x00007ffdb56b0000 - 0x00007ffdb5761000 	C:\windows\SYSTEM32\ResampleDmo.DLL
0x00007ffdfcc60000 - 0x00007ffdfcc6e000 	C:\windows\SYSTEM32\msdmo.dll
0x00007ffdfa140000 - 0x00007ffdfa302000 	C:\windows\SYSTEM32\AUDIOSES.DLL
0x00007ffe11ae0000 - 0x00007ffe11af4000 	C:\windows\SYSTEM32\resourcepolicyclient.dll
0x00007ffe13a60000 - 0x00007ffe13b86000 	C:\windows\SYSTEM32\DNSAPI.dll
0x00007ffe0e2e0000 - 0x00007ffe0e2eb000 	C:\Windows\System32\rasadhlp.dll
0x00007ffe0ec90000 - 0x00007ffe0ed16000 	C:\windows\System32\fwpuclnt.dll
0x00007ffe0db30000 - 0x00007ffe0db39000 	C:\Users\gagek\.p2\pool\plugins\org.eclipse.justj.openjdk.hotspot.jre.full.win32.x86_64_21.0.8.v20250724-1412\jre\bin\extnet.dll

JVMTI agents: none

dbghelp: loaded successfully - version: 4.0.5 - missing functions: none
symbol engine: initialized successfully - sym options: 0x614 - pdb path: .;C:\Users\gagek\.p2\pool\plugins\org.eclipse.justj.openjdk.hotspot.jre.full.win32.x86_64_21.0.8.v20250724-1412\jre\bin;C:\windows\SYSTEM32;C:\windows\WinSxS\amd64_microsoft.windows.common-controls_6595b64144ccf1df_6.0.26100.4768_none_3e0c112ce331287c;C:\Users\gagek\.p2\pool\plugins\org.eclipse.justj.openjdk.hotspot.jre.full.win32.x86_64_21.0.8.v20250724-1412\jre\bin\server;C:\MinecraftAlphaDev\libraries\natives;C:\windows\System32\DriverStore\FileRepository\iigd_dch.inf_amd64_9ce4d8a46710e0e5;C:\Users\gagek\AppData\Roaming\ow-electron\jilehohlakeokncafogkgnicgndeecdiengddbcc\packages\emifmpeaagaaglhaimndbhcpkjfmjhfnjjpoibdo\1.8.21

VM Arguments:
jvm_args: -Djava.library.path=C:\MinecraftAlphaDev\libraries\natives -Dfile.encoding=UTF-8 -Dstdout.encoding=UTF-8 -Dstderr.encoding=UTF-8 -XX:+ShowCodeDetailsInExceptionMessages 
java_command: net.minecraft.client.Minecraft
java_class_path (initial): C:\MinecraftAlphaDev\minecraft\output;C:\MinecraftAlphaDev\libraries\net\java\jinput\jinput\2.0.5\jinput-2.0.5.jar;C:\MinecraftAlphaDev\libraries\net\java\jutils\jutils\1.0.0\jutils-1.0.0.jar;C:\MinecraftAlphaDev\libraries\org\lwjgl\lwjgl\lwjgl\2.9.4-nightly-20150209\lwjgl-2.9.4-nightly-20150209.jar;C:\MinecraftAlphaDev\libraries\org\lwjgl\lwjgl\lwjgl_util\2.9.4-nightly-20150209\lwjgl_util-2.9.4-nightly-20150209.jar;C:\MinecraftAlphaDev\libraries\org\lwjgl\lwjgl\lwjgl-platform\2.9.4-nightly-20150209\lwjgl-platform-2.9.4-nightly-20150209.jar;C:\MinecraftAlphaDev\libraries\com\paulscode\codecjorbis\20230120\codecjorbis-20230120.jar;C:\MinecraftAlphaDev\libraries\com\paulscode\codecwav\20101023\codecwav-20101023.jar;C:\MinecraftAlphaDev\libraries\com\paulscode\libraryjavasound\20101123\libraryjavasound-20101123.jar;C:\MinecraftAlphaDev\libraries\com\paulscode\librarylwjglopenal\20100824\librarylwjglopenal-20100824.jar;C:\MinecraftAlphaDev\libraries\com\paulscode\soundsystem\20120107\soundsystem-20120107.jar;C:\MinecraftAlphaDev\libraries\org\mcphackers\launchwrapper\1.1.3\launchwrapper-1.1.3.jar;C:\MinecraftAlphaDev\libraries\org\json\json\20230311\json-20230311.jar;C:\MinecraftAlphaDev\libraries\org\ow2\asm\asm\9.7\asm-9.7.jar;C:\MinecraftAlphaDev\libraries\org\ow2\asm\asm-tree\9.7\asm-tree-9.7.jar;C:\MinecraftAlphaDev\minecraft\jars\deobfuscated.jar
Launcher Type: SUN_STANDARD

[Global flags]
     intx CICompilerCount                          = 4                                         {product} {ergonomic}
     uint ConcGCThreads                            = 3                                         {product} {ergonomic}
     uint G1ConcRefinementThreads                  = 11                                        {product} {ergonomic}
   size_t G1HeapRegionSize                         = 4194304                                   {product} {ergonomic}
    uintx GCDrainStackTargetSize                   = 64                                        {product} {ergonomic}
   size_t InitialHeapSize                          = 528482304                                 {product} {ergonomic}
   size_t MarkStackSize                            = 4194304                                   {product} {ergonomic}
   size_t MaxHeapSize                              = 8443133952                                {product} {ergonomic}
   size_t MaxNewSize                               = 5062524928                                {product} {ergonomic}
   size_t MinHeapDeltaBytes                        = 4194304                                   {product} {ergonomic}
   size_t MinHeapSize                              = 8388608                                   {product} {ergonomic}
    uintx NonNMethodCodeHeapSize                   = 5839372                                {pd product} {ergonomic}
    uintx NonProfiledCodeHeapSize                  = 122909434                              {pd product} {ergonomic}
    uintx ProfiledCodeHeapSize                     = 122909434                              {pd product} {ergonomic}
    uintx ReservedCodeCacheSize                    = 251658240                              {pd product} {ergonomic}
     bool SegmentedCodeCache                       = true                                      {product} {ergonomic}
     bool ShowCodeDetailsInExceptionMessages       = true                                   {manageable} {command line}
   size_t SoftMaxHeapSize                          = 8443133952                             {manageable} {ergonomic}
     bool UseCompressedOops                        = true                           {product lp64_product} {ergonomic}
     bool UseG1GC                                  = true                                      {product} {ergonomic}
     bool UseLargePagesIndividualAllocation        = false                                  {pd product} {ergonomic}

Logging:
Log output configuration:
 #0: stdout all=off uptime,level,tags foldmultilines=false
 #1: stderr all=off uptime,level,tags foldmultilines=false

Environment Variables:
PATH=C:/Users/gagek/.p2/pool/plugins/org.eclipse.justj.openjdk.hotspot.jre.full.win32.x86_64_21.0.8.v20250724-1412/jre/bin/server;C:/Users/gagek/.p2/pool/plugins/org.eclipse.justj.openjdk.hotspot.jre.full.win32.x86_64_21.0.8.v20250724-1412/jre/bin;C:\Program Files\Zulu\zulu-21\bin\;C:\Program Files (x86)\Common Files\Oracle\Java\java8path;C:\Program Files (x86)\Common Files\Oracle\Java\javapath;C:\Program Files\Oculus\Support\oculus-runtime;c:\devkitPro\msys2\usr\bin;C:\windows\system32;C:\windows;C:\windows\System32\Wbem;C:\windows\System32\WindowsPowerShell\v1.0\;C:\windows\System32\OpenSSH\;C:\Program Files\HP\HP One Agent;C:\Program Files\dotnet\;C:\Program Files (x86)\Microsoft SQL Server\160\Tools\Binn\;C:\Program Files\Microsoft SQL Server\160\Tools\Binn\;C:\Program Files\Microsoft SQL Server\Client SDK\ODBC\170\Tools\Binn\;C:\Program Files\Microsoft SQL Server\160\DTS\Binn\;C:\Program Files (x86)\Windows Kits\8.1\Windows Performance Toolkit\;C:\Program Files\Docker\Docker\resources\bin;C:\Program Files (x86)\Gpg4win\..\GnuPG\bin;C:\Users\gagek\AppData\Local\Microsoft\WindowsApps;C:\Users\gagek\AppData\Local\Programs\Microsoft VS Code\bin;C:\msys64\mingw64\bin;C:\Users\gagek\.aftman\bin;C:\Users\gagek\AppData\Local\GitHubDesktop\bin;C:\Users\gagek\AppData\Local\Muse Hub\lib;C:\Users\gagek\OneDrive\Desktop;
USERNAME=gagek
OS=Windows_NT
PROCESSOR_IDENTIFIER=Intel64 Family 6 Model 170 Stepping 4, GenuineIntel
TMP=C:\Users\gagek\AppData\Local\Temp
TEMP=C:\Users\gagek\AppData\Local\Temp




Periodic native trim disabled

---------------  S Y S T E M  ---------------

OS:
 Windows 11 , 64 bit Build 26100 (10.0.26100.4768)
OS uptime: 5 days 4:06 hours
Hyper-V role detected

CPU: total 14 (initial active 14) (7 cores per cpu, 2 threads per core) family 6 model 170 stepping 4 microcode 0x1f, cx8, cmov, fxsr, ht, mmx, 3dnowpref, sse, sse2, sse3, ssse3, sse4.1, sse4.2, popcnt, lzcnt, tsc, tscinvbit, avx, avx2, aes, erms, clmul, bmi1, bmi2, adx, sha, fma, vzeroupper, clflush, clflushopt, clwb, hv, serialize, rdtscp, rdpid, fsrm, f16c, cet_ibt, cet_ss
Processor Information for processor 0
  Max Mhz: 1700, Current Mhz: 1457, Mhz Limit: 1700
Processor Information for processor 1
  Max Mhz: 1700, Current Mhz: 1700, Mhz Limit: 1700
Processor Information for processor 2
  Max Mhz: 1200, Current Mhz: 1200, Mhz Limit: 1200
Processor Information for processor 3
  Max Mhz: 1200, Current Mhz: 1200, Mhz Limit: 1200
Processor Information for processor 4
  Max Mhz: 1200, Current Mhz: 1200, Mhz Limit: 1200
Processor Information for processor 5
  Max Mhz: 1200, Current Mhz: 1200, Mhz Limit: 1200
Processor Information for processor 6
  Max Mhz: 1200, Current Mhz: 1200, Mhz Limit: 1200
Processor Information for processor 7
  Max Mhz: 1200, Current Mhz: 1200, Mhz Limit: 1200
Processor Information for processor 8
  Max Mhz: 1200, Current Mhz: 1200, Mhz Limit: 1200
Processor Information for processor 9
  Max Mhz: 1200, Current Mhz: 1200, Mhz Limit: 1200
Processor Information for processor 10
  Max Mhz: 1700, Current Mhz: 1700, Mhz Limit: 1700
Processor Information for processor 11
  Max Mhz: 1700, Current Mhz: 1457, Mhz Limit: 1700
Processor Information for processor 12
  Max Mhz: 700, Current Mhz: 700, Mhz Limit: 700
Processor Information for processor 13
  Max Mhz: 700, Current Mhz: 700, Mhz Limit: 700

Memory: 4k page, system-wide physical 32203M (13029M free)
TotalPageFile size 37835M (AvailPageFile size 9225M)
current process WorkingSet (physical memory assigned to process): 1009M, peak: 1097M
current process commit charge ("private bytes"): 1099M, peak: 1152M

vm_info: OpenJDK 64-Bit Server VM (21.0.8+9-LTS) for windows-amd64 JRE (21.0.8+9-LTS), built on 2025-07-15T00:00:00Z by "admin" with MS VC++ 17.7 (VS2022)

END.
