#
# A fatal error has been detected by the Java Runtime Environment:
#
#  EXCEPTION_ACCESS_VIOLATION (0xc0000005) at pc=0x00007ffd4b5b8c80, pid=13028, tid=32828
#
# JRE version: OpenJDK Runtime Environment Temurin-21.0.8+9 (21.0.8+9) (build 21.0.8+9-LTS)
# Java VM: OpenJDK 64-Bit Server VM Temurin-21.0.8+9 (21.0.8+9-LTS, mixed mode, sharing, tiered, compressed oops, compressed class ptrs, g1 gc, windows-amd64)
# Problematic frame:
# C  [owe-client-x64.dll+0x3c8c80]
#
# No core dump will be written. Minidumps are not enabled by default on client versions of Windows
#
# If you would like to submit a bug report, please visit:
#   https://github.com/adoptium/adoptium-support/issues
#

---------------  S U M M A R Y ------------

Command Line: -Djava.library.path=C:\MinecraftAlphaDev\libraries\natives -Dfile.encoding=UTF-8 -Dstdout.encoding=UTF-8 -Dstderr.encoding=UTF-8 -XX:+ShowCodeDetailsInExceptionMessages net.minecraft.client.Minecraft

Host: Intel(R) Core(TM) Ultra 7 155U, 14 cores, 31G,  Windows 11 , 64 bit Build 26100 (10.0.26100.4768)
Time: Mon Sep  8 19:41:05 2025 Central Daylight Time elapsed time: 153.103221 seconds (0d 0h 2m 33s)

---------------  T H R E A D  ---------------

Current thread (0x000001667d8d4320):  VMThread "VM Thread"          [id=32828, stack(0x0000001c48c00000,0x0000001c48d00000) (1024K)]

Stack: [0x0000001c48c00000,0x0000001c48d00000],  sp=0x0000001c48cfee68,  free space=1019k
Native frames: (J=compiled Java code, j=interpreted, Vv=VM code, C=native code)
C  [owe-client-x64.dll+0x3c8c80]


siginfo: EXCEPTION_ACCESS_VIOLATION (0xc0000005), data execution prevention violation at address 0x00007ffd4b5b8c80


Registers:
RAX=0x00007ffd4b55e300, RBX=0x0000000000000000, RCX=0x000001667eb5b2d0, RDX=0x00007ffd4b625018
RSP=0x0000001c48cfee68, RBP=0x0000001c48cff360, RSI=0x00007ffd999d0000, RDI=0x0000000000000001
R8 =0x000001665c1902c0, R9 =0x0000001c48037000, R10=0x00007ffe183eeea0, R11=0x000001667e669ee0
R12=0x0000000000000001, R13=0x00007ffd99a2bdf0, R14=0x0000000000000000, R15=0x00007ffd999d0000
RIP=0x00007ffd4b5b8c80, EFLAGS=0x0000000000010202

XMM[0]=0x0000000000000000 0x0000000000000000
XMM[1]=0x0000000000000000 0x0000000000000000
XMM[2]=0x0000000000000000 0x0000000000000000
XMM[3]=0x0000000000000000 0x0000000000000000
XMM[4]=0x0000000000000000 0x0000000000000000
XMM[5]=0x0000000000000000 0x0000000000000000
XMM[6]=0x0000000000000000 0x0000000000000000
XMM[7]=0x0000000000000000 0x404e000000000000
XMM[8]=0x0000000000000000 0x0000000000000000
XMM[9]=0x0000000000000000 0x0000000000000000
XMM[10]=0x0000000000000000 0x0000000000000000
XMM[11]=0x0000000000000000 0x0000000000000000
XMM[12]=0x0000000000000000 0x0000000000000000
XMM[13]=0x0000000000000000 0x0000000000000000
XMM[14]=0x0000000000000000 0x0000000000000000
XMM[15]=0x0000000000000000 0x0000000000000000
  MXCSR=0x00001fa0


Register to memory mapping:

RAX=0x00007ffd4b55e300 owe-client-x64.dll
RBX=0x0 is null
RCX=0x000001667eb5b2d0 points into unknown readable memory: 0x00007ffd4b55e300 | 00 e3 55 4b fd 7f 00 00
RDX=0x00007ffd4b625018 owe-client-x64.dll
RSP=0x0000001c48cfee68 points into unknown readable memory: 0x00007ffd4b2aac99 | 99 ac 2a 4b fd 7f 00 00
RBP=0x0000001c48cff360 points into unknown readable memory: 0x000001667d8caba0 | a0 ab 8c 7d 66 01 00 00
RSI=0x00007ffd999d0000 opengl32.dll
RDI=0x0000000000000001 is an unknown value
R8 =0x000001665c1902c0 points into unknown readable memory: 0x00007ffd340c5460 | 60 54 0c 34 fd 7f 00 00
R9 =0x0000001c48037000 points into unknown readable memory: 0x0000000000000000 | 00 00 00 00 00 00 00 00
R10=0x00007ffe183eeea0 ntdll.dll
R11=0x000001667e669ee0 points into unknown readable memory: 0x000001667e66a210 | 10 a2 66 7e 66 01 00 00
R12=0x0000000000000001 is an unknown value
R13=0x00007ffd99a2bdf0 opengl32.dll
R14=0x0 is null
R15=0x00007ffd999d0000 opengl32.dll

Top of Stack: (sp=0x0000001c48cfee68)
0x0000001c48cfee68:   00007ffd4b2aac99 00007ffd4b62c7b8
0x0000001c48cfee78:   00007ffd4b625018 000001667ea23720
0x0000001c48cfee88:   0000000000000000 fffffffffffffffe
0x0000001c48cfee98:   00007ffd4b2ab0f7 000001667eb5b2d0
0x0000001c48cfeea8:   00007ffd4b625018 000001665c66b178
0x0000001c48cfeeb8:   0000000000000000 0000000000000000
0x0000001c48cfeec8:   000001667eb5b2d0 00007ffd99a2bdf0
0x0000001c48cfeed8:   000001667ea34fe0 000001667ea86f00
0x0000001c48cfeee8:   00007ffe182243e1 0000000000000001
0x0000001c48cfeef8:   00007ffd999dca16 0000000000010000
0x0000001c48cfef08:   000001665c66b0d8 000001667e669ee0
0x0000001c48cfef18:   00007ffe18224273 0000000000000001
0x0000001c48cfef28:   00007ffd999dc7d0 0000001c48cff360
0x0000001c48cfef38:   0000000000000000 00007ffd999d0000
0x0000001c48cfef48:   0000000000000000 0000000000000000
0x0000001c48cfef58:   00007ffd999dc255 0000000000000000
0x0000001c48cfef68:   0000001c48cff360 00007ffd999d0000
0x0000001c48cfef78:   0000000000000000 0000000000000000
0x0000001c48cfef88:   00007ffd99a2bf19 0000000000000001
0x0000001c48cfef98:   0000001c48cff360 00007ffe165b0000
0x0000001c48cfefa8:   00007ffe15f988c0 0000001c00000001
0x0000001c48cfefb8:   00007ffe15eab8aa 0000001c48cf0101
0x0000001c48cfefc8:   0000001c48cff048 0000001c48cff360
0x0000001c48cfefd8:   00000000c0000005 00007ffe00000000
0x0000001c48cfefe8:   00007ffe15eab84d 0000000000000001
0x0000001c48cfeff8:   00007ffe15f125ec 0000001c48cff360
0x0000001c48cff008:   0000001c48cff038 fffffffffffffffe
0x0000001c48cff018:   00007ffe15eab84d 0000000000000001
0x0000001c48cff028:   00007ffe16446693 00007ffe16512c60
0x0000001c48cff038:   c00000050000000d ffffffff0000000d
0x0000001c48cff048:   0000001c48cff030 0000000000000000
0x0000001c48cff058:   00007ffe1644633f 0000000000000000 

Instructions: (pc=0x00007ffd4b5b8c80)
0x00007ffd4b5b8b80:   00 00 00 00 00 00 00 00 00 00 00 00 00 00 00 00
0x00007ffd4b5b8b90:   40 e5 42 00 01 00 00 00 00 00 00 00 ff ff ff ff
0x00007ffd4b5b8ba0:   00 00 00 00 40 00 00 00 60 8b 3c 00 00 00 00 00
0x00007ffd4b5b8bb0:   00 00 00 00 00 00 00 00 00 00 00 00 00 00 00 00
0x00007ffd4b5b8bc0:   01 00 00 00 d0 8b 3c 00 00 00 00 00 00 00 00 00
0x00007ffd4b5b8bd0:   e0 8b 3c 00 00 00 00 00 00 00 00 00 00 00 00 00
0x00007ffd4b5b8be0:   e8 e5 42 00 00 00 00 00 00 00 00 00 ff ff ff ff
0x00007ffd4b5b8bf0:   00 00 00 00 40 00 00 00 b8 8b 3c 00 00 00 00 00
0x00007ffd4b5b8c00:   00 00 00 00 00 00 00 00 01 00 00 00 00 00 00 00
0x00007ffd4b5b8c10:   00 00 00 00 18 e6 42 00 30 8c 3c 00 08 8c 3c 00
0x00007ffd4b5b8c20:   00 00 00 00 00 00 00 00 00 00 00 00 00 00 00 00
0x00007ffd4b5b8c30:   00 00 00 00 00 00 00 00 01 00 00 00 48 8c 3c 00
0x00007ffd4b5b8c40:   00 00 00 00 00 00 00 00 58 8c 3c 00 00 00 00 00
0x00007ffd4b5b8c50:   00 00 00 00 00 00 00 00 18 e6 42 00 00 00 00 00
0x00007ffd4b5b8c60:   00 00 00 00 ff ff ff ff 00 00 00 00 40 00 00 00
0x00007ffd4b5b8c70:   30 8c 3c 00 00 00 00 00 00 00 00 00 00 00 00 00
0x00007ffd4b5b8c80:   01 00 00 00 00 00 00 00 00 00 00 00 40 e6 42 00
0x00007ffd4b5b8c90:   a8 8c 3c 00 80 8c 3c 00 00 00 00 00 00 00 00 00
0x00007ffd4b5b8ca0:   00 00 00 00 00 00 00 00 00 00 00 00 01 00 00 00
0x00007ffd4b5b8cb0:   03 00 00 00 c0 8c 3c 00 00 00 00 00 00 00 00 00
0x00007ffd4b5b8cc0:   e0 8c 3c 00 58 8c 3c 00 08 8d 3c 00 00 00 00 00
0x00007ffd4b5b8cd0:   00 00 00 00 00 00 00 00 00 00 00 00 00 00 00 00
0x00007ffd4b5b8ce0:   40 e6 42 00 02 00 00 00 00 00 00 00 ff ff ff ff
0x00007ffd4b5b8cf0:   00 00 00 00 40 00 00 00 a8 8c 3c 00 00 00 00 00
0x00007ffd4b5b8d00:   00 00 00 00 00 00 00 00 60 e6 42 00 00 00 00 00
0x00007ffd4b5b8d10:   10 00 00 00 ff ff ff ff 00 00 00 00 40 00 00 00
0x00007ffd4b5b8d20:   30 8d 3c 00 00 00 00 00 00 00 00 00 00 00 00 00
0x00007ffd4b5b8d30:   00 00 00 00 00 00 00 00 01 00 00 00 48 8d 3c 00
0x00007ffd4b5b8d40:   00 00 00 00 00 00 00 00 58 8d 3c 00 00 00 00 00
0x00007ffd4b5b8d50:   00 00 00 00 00 00 00 00 60 e6 42 00 00 00 00 00
0x00007ffd4b5b8d60:   00 00 00 00 ff ff ff ff 00 00 00 00 40 00 00 00
0x00007ffd4b5b8d70:   30 8d 3c 00 00 00 00 00 00 00 00 00 00 00 00 00 


Stack slot to memory mapping:

stack at sp + 0 slots: 0x00007ffd4b2aac99 owe-client-x64.dll
stack at sp + 1 slots: 0x00007ffd4b62c7b8 owe-client-x64.dll
stack at sp + 2 slots: 0x00007ffd4b625018 owe-client-x64.dll
stack at sp + 3 slots: 0x000001667ea23720 points into unknown readable memory: 0x00007ffe166d0150 | 50 01 6d 16 fe 7f 00 00
stack at sp + 4 slots: 0x0 is null
stack at sp + 5 slots: 0xfffffffffffffffe is an unknown value
stack at sp + 6 slots: 0x00007ffd4b2ab0f7 owe-client-x64.dll
stack at sp + 7 slots: 0x000001667eb5b2d0 points into unknown readable memory: 0x00007ffd4b55e300 | 00 e3 55 4b fd 7f 00 00

VM_Operation (0x0000001c49afe660): Exit, mode: safepoint, requested by thread 0x000001667e9cc5c0


---------------  P R O C E S S  ---------------

Threads class SMR info:
_java_thread_list=0x000001664621f7a0, length=17, elements={
0x000001667d8edee0, 0x000001667e282c00, 0x000001667e2882c0, 0x000001667e288d10,
0x000001667e28a770, 0x000001667e28b4f0, 0x000001667e2bddf0, 0x000001667e3cfaa0,
0x000001667e3dd8c0, 0x000001667e6717c0, 0x000001667e67e0f0, 0x000001667e9cc5c0,
0x000001667e9feaa0, 0x000001665c282460, 0x000001664a975350, 0x000001664a973280,
0x000001664a971ed0
}

Java Threads: ( => current thread )
  0x000001667d8edee0 JavaThread "Reference Handler"          daemon [_thread_blocked, id=20076, stack(0x0000001c48d00000,0x0000001c48e00000) (1024K)]
  0x000001667e282c00 JavaThread "Finalizer"                  daemon [_thread_blocked, id=8312, stack(0x0000001c48e00000,0x0000001c48f00000) (1024K)]
  0x000001667e2882c0 JavaThread "Attach Listener"            daemon [_thread_blocked, id=39996, stack(0x0000001c49000000,0x0000001c49100000) (1024K)]
  0x000001667e288d10 JavaThread "Service Thread"             daemon [_thread_blocked, id=8636, stack(0x0000001c49100000,0x0000001c49200000) (1024K)]
  0x000001667e28a770 JavaThread "Monitor Deflation Thread"   daemon [_thread_blocked, id=24364, stack(0x0000001c49200000,0x0000001c49300000) (1024K)]
  0x000001667e28b4f0 JavaThread "C2 CompilerThread0"         daemon [_thread_blocked, id=32288, stack(0x0000001c49300000,0x0000001c49400000) (1024K)]
  0x000001667e2bddf0 JavaThread "C1 CompilerThread0"         daemon [_thread_blocked, id=39836, stack(0x0000001c49400000,0x0000001c49500000) (1024K)]
  0x000001667e3cfaa0 JavaThread "Notification Thread"        daemon [_thread_blocked, id=27948, stack(0x0000001c49500000,0x0000001c49600000) (1024K)]
  0x000001667e3dd8c0 JavaThread "Common-Cleaner"             daemon [_thread_blocked, id=30840, stack(0x0000001c49600000,0x0000001c49700000) (1024K)]
  0x000001667e6717c0 JavaThread "Java2D Disposer"            daemon [_thread_blocked, id=18664, stack(0x0000001c49700000,0x0000001c49800000) (1024K)]
  0x000001667e67e0f0 JavaThread "AWT-Shutdown"                      [_thread_blocked, id=2148, stack(0x0000001c49800000,0x0000001c49900000) (1024K)]
  0x000001667e9cc5c0 JavaThread "AWT-EventQueue-0"                  [_thread_blocked, id=26980, stack(0x0000001c49a00000,0x0000001c49b00000) (1024K)]
  0x000001667e9feaa0 JavaThread "Timer hack thread"          daemon [_thread_blocked, id=19672, stack(0x0000001c49b00000,0x0000001c49c00000) (1024K)]
  0x000001665c282460 JavaThread "DestroyJavaVM"                     [_thread_blocked, id=12136, stack(0x0000001c48500000,0x0000001c48600000) (1024K)]
  0x000001664a975350 JavaThread "Thread-2"                   daemon [_thread_in_native, id=9568, stack(0x0000001c4a700000,0x0000001c4a800000) (1024K)]
  0x000001664a973280 JavaThread "Thread-3"                          [_thread_blocked, id=40516, stack(0x0000001c4a800000,0x0000001c4a900000) (1024K)]
  0x000001664a971ed0 JavaThread "Thread-4"                          [_thread_blocked, id=30948, stack(0x0000001c4ab00000,0x0000001c4ac00000) (1024K)]
Total: 17

Other Threads:
=>0x000001667d8d4320 VMThread "VM Thread"                           [id=32828, stack(0x0000001c48c00000,0x0000001c48d00000) (1024K)]
  0x000001665e8136c0 WorkerThread "GC Thread#0"                     [id=8156, stack(0x0000001c48600000,0x0000001c48700000) (1024K)]
  0x0000016645fb09b0 WorkerThread "GC Thread#1"                     [id=39848, stack(0x0000001c4b100000,0x0000001c4b200000) (1024K)]
  0x0000016645e54a90 WorkerThread "GC Thread#2"                     [id=21776, stack(0x0000001c4b200000,0x0000001c4b300000) (1024K)]
  0x0000016645e54e30 WorkerThread "GC Thread#3"                     [id=39676, stack(0x0000001c4b300000,0x0000001c4b400000) (1024K)]
  0x0000016645e561e0 WorkerThread "GC Thread#4"                     [id=7148, stack(0x0000001c4b400000,0x0000001c4b500000) (1024K)]
  0x0000016645e56580 WorkerThread "GC Thread#5"                     [id=41152, stack(0x0000001c4b500000,0x0000001c4b600000) (1024K)]
  0x00000166462637b0 WorkerThread "GC Thread#6"                     [id=13260, stack(0x0000001c4b600000,0x0000001c4b700000) (1024K)]
  0x0000016646264290 WorkerThread "GC Thread#7"                     [id=20620, stack(0x0000001c4b700000,0x0000001c4b800000) (1024K)]
  0x0000016646264630 WorkerThread "GC Thread#8"                     [id=39540, stack(0x0000001c4b800000,0x0000001c4b900000) (1024K)]
  0x00000166462649d0 WorkerThread "GC Thread#9"                     [id=40060, stack(0x0000001c4b900000,0x0000001c4ba00000) (1024K)]
  0x0000016646264d70 WorkerThread "GC Thread#10"                    [id=27972, stack(0x0000001c4ba00000,0x0000001c4bb00000) (1024K)]
  0x000001665e824130 ConcurrentGCThread "G1 Main Marker"            terminated
  0x000001665e824b30 WorkerThread "G1 Conc#0"                       [id=27612, stack(0x0000001c48800000,0x0000001c48900000) (1024K)]
  0x0000016646263410 WorkerThread "G1 Conc#1"                       [id=34588, stack(0x0000001c49e00000,0x0000001c49f00000) (1024K)]
  0x0000016646263b50 WorkerThread "G1 Conc#2"                       [id=32968, stack(0x0000001c4a400000,0x0000001c4a500000) (1024K)]
  0x000001667d78cd70 ConcurrentGCThread "G1 Refine#0"               terminated
  0x000001667d78ee00 ConcurrentGCThread "G1 Service"                terminated
Total: 18

Threads with active compile tasks:
Total: 0

VM state: at safepoint (shutting down)

VM Mutex/Monitor currently owned by a thread:  ([mutex/lock_event])
[0x00007ffd340c5458] Threads_lock - owner thread: 0x000001667d8d4320
[0x00007ffd340c5558] Heap_lock - owner thread: 0x000001667e9cc5c0

Heap address: 0x0000000608c00000, size: 8052 MB, Compressed Oops mode: Zero based, Oop shift amount: 3

CDS archive(s) mapped at: [0x0000016600000000-0x0000016600c80000-0x0000016600c80000), size 13107200, SharedBaseAddress: 0x0000016600000000, ArchiveRelocationMode: 1.
Compressed class space mapped at: 0x0000016601000000-0x0000016641000000, reserved size: 1073741824
Narrow klass base: 0x0000016600000000, Narrow klass shift: 0, Narrow klass range: 0x100000000

GC Precious Log:
 CardTable entry size: 512
 Card Set container configuration: InlinePtr #cards 4 size 8 Array Of Cards #cards 32 size 80 Howl #buckets 8 coarsen threshold 7372 Howl Bitmap #cards 1024 size 144 coarsen threshold 921 Card regions per heap region 1 cards per card region 8192
 CPUs: 14 total, 14 available
 Memory: 32203M
 Large Page Support: Disabled
 NUMA Support: Disabled
 Compressed Oops: Enabled (Zero based)
 Heap Region Size: 4M
 Heap Min Capacity: 8M
 Heap Initial Capacity: 504M
 Heap Max Capacity: 8052M
 Pre-touch: Disabled
 Parallel Workers: 11
 Concurrent Workers: 3
 Concurrent Refinement Workers: 11
 Periodic GC: Disabled

Heap:
 garbage-first heap   total 315392K, used 160609K [0x0000000608c00000, 0x0000000800000000)
  region size 4096K, 24 young (98304K), 4 survivors (16384K)
 Metaspace       used 13784K, committed 14016K, reserved 1114112K
  class space    used 1267K, committed 1408K, reserved 1048576K

Heap Regions: E=young(eden), S=young(survivor), O=old, HS=humongous(starts), HC=humongous(continues), CS=collection set, F=free, TAMS=top-at-mark-start, PB=parsable bottom
|   0|0x0000000608c00000, 0x0000000609000000, 0x0000000609000000|100%|HS|  |TAMS 0x0000000608c00000| PB 0x0000000608c00000| Complete 
|   1|0x0000000609000000, 0x0000000609400000, 0x0000000609400000|100%|HC|  |TAMS 0x0000000609000000| PB 0x0000000609000000| Complete 
|   2|0x0000000609400000, 0x0000000609800000, 0x0000000609800000|100%|HC|  |TAMS 0x0000000609400000| PB 0x0000000609400000| Complete 
|   3|0x0000000609800000, 0x0000000609c00000, 0x0000000609c00000|100%| O|  |TAMS 0x0000000609800000| PB 0x0000000609800000| Untracked 
|   4|0x0000000609c00000, 0x0000000609fffff8, 0x000000060a000000| 99%| O|  |TAMS 0x0000000609c00000| PB 0x0000000609c00000| Untracked 
|   5|0x000000060a000000, 0x000000060a000000, 0x000000060a400000|  0%| F|  |TAMS 0x000000060a000000| PB 0x000000060a000000| Untracked 
|   6|0x000000060a400000, 0x000000060a800000, 0x000000060a800000|100%| O|  |TAMS 0x000000060a400000| PB 0x000000060a400000| Untracked 
|   7|0x000000060a800000, 0x000000060ac00000, 0x000000060ac00000|100%| O|  |TAMS 0x000000060a800000| PB 0x000000060a800000| Untracked 
|   8|0x000000060ac00000, 0x000000060b000000, 0x000000060b000000|100%| O|  |TAMS 0x000000060ac00000| PB 0x000000060ac00000| Untracked 
|   9|0x000000060b000000, 0x000000060b400000, 0x000000060b400000|100%| O|  |TAMS 0x000000060b000000| PB 0x000000060b000000| Untracked 
|  10|0x000000060b400000, 0x000000060b800000, 0x000000060b800000|100%| O|  |TAMS 0x000000060b400000| PB 0x000000060b400000| Untracked 
|  11|0x000000060b800000, 0x000000060bc00000, 0x000000060bc00000|100%| O|  |TAMS 0x000000060b800000| PB 0x000000060b800000| Untracked 
|  12|0x000000060bc00000, 0x000000060c000000, 0x000000060c000000|100%| O|  |TAMS 0x000000060bc00000| PB 0x000000060bc00000| Untracked 
|  13|0x000000060c000000, 0x000000060c400000, 0x000000060c400000|100%| O|  |TAMS 0x000000060c000000| PB 0x000000060c000000| Untracked 
|  14|0x000000060c400000, 0x000000060c800000, 0x000000060c800000|100%| O|  |TAMS 0x000000060c400000| PB 0x000000060c400000| Untracked 
|  15|0x000000060c800000, 0x000000060cc00000, 0x000000060cc00000|100%| O|  |TAMS 0x000000060c800000| PB 0x000000060c800000| Untracked 
|  16|0x000000060cc00000, 0x000000060d000000, 0x000000060d000000|100%| O|  |TAMS 0x000000060cc00000| PB 0x000000060cc00000| Untracked 
|  17|0x000000060d000000, 0x000000060d0d8660, 0x000000060d400000| 21%| O|  |TAMS 0x000000060d000000| PB 0x000000060d000000| Untracked 
|  18|0x000000060d400000, 0x000000060d400000, 0x000000060d800000|  0%| F|  |TAMS 0x000000060d400000| PB 0x000000060d400000| Untracked 
|  19|0x000000060d800000, 0x000000060d800000, 0x000000060dc00000|  0%| F|  |TAMS 0x000000060d800000| PB 0x000000060d800000| Untracked 
|  20|0x000000060dc00000, 0x000000060dc00000, 0x000000060e000000|  0%| F|  |TAMS 0x000000060dc00000| PB 0x000000060dc00000| Untracked 
|  21|0x000000060e000000, 0x000000060e000000, 0x000000060e400000|  0%| F|  |TAMS 0x000000060e000000| PB 0x000000060e000000| Untracked 
|  22|0x000000060e400000, 0x000000060e400000, 0x000000060e800000|  0%| F|  |TAMS 0x000000060e400000| PB 0x000000060e400000| Untracked 
|  23|0x000000060e800000, 0x000000060e800000, 0x000000060ec00000|  0%| F|  |TAMS 0x000000060e800000| PB 0x000000060e800000| Untracked 
|  24|0x000000060ec00000, 0x000000060ec00000, 0x000000060f000000|  0%| F|  |TAMS 0x000000060ec00000| PB 0x000000060ec00000| Untracked 
|  25|0x000000060f000000, 0x000000060f000000, 0x000000060f400000|  0%| F|  |TAMS 0x000000060f000000| PB 0x000000060f000000| Untracked 
|  26|0x000000060f400000, 0x000000060f400000, 0x000000060f800000|  0%| F|  |TAMS 0x000000060f400000| PB 0x000000060f400000| Untracked 
|  27|0x000000060f800000, 0x000000060f800000, 0x000000060fc00000|  0%| F|  |TAMS 0x000000060f800000| PB 0x000000060f800000| Untracked 
|  28|0x000000060fc00000, 0x000000060fc00000, 0x0000000610000000|  0%| F|  |TAMS 0x000000060fc00000| PB 0x000000060fc00000| Untracked 
|  29|0x0000000610000000, 0x0000000610000000, 0x0000000610400000|  0%| F|  |TAMS 0x0000000610000000| PB 0x0000000610000000| Untracked 
|  30|0x0000000610400000, 0x0000000610400000, 0x0000000610800000|  0%| F|  |TAMS 0x0000000610400000| PB 0x0000000610400000| Untracked 
|  31|0x0000000610800000, 0x0000000610800000, 0x0000000610c00000|  0%| F|  |TAMS 0x0000000610800000| PB 0x0000000610800000| Untracked 
|  32|0x0000000610c00000, 0x0000000610c00000, 0x0000000611000000|  0%| F|  |TAMS 0x0000000610c00000| PB 0x0000000610c00000| Untracked 
|  33|0x0000000611000000, 0x0000000611000000, 0x0000000611400000|  0%| F|  |TAMS 0x0000000611000000| PB 0x0000000611000000| Untracked 
|  34|0x0000000611400000, 0x0000000611400000, 0x0000000611800000|  0%| F|  |TAMS 0x0000000611400000| PB 0x0000000611400000| Untracked 
|  35|0x0000000611800000, 0x0000000611800000, 0x0000000611c00000|  0%| F|  |TAMS 0x0000000611800000| PB 0x0000000611800000| Untracked 
|  36|0x0000000611c00000, 0x0000000611c00000, 0x0000000612000000|  0%| F|  |TAMS 0x0000000611c00000| PB 0x0000000611c00000| Untracked 
|  37|0x0000000612000000, 0x0000000612000000, 0x0000000612400000|  0%| F|  |TAMS 0x0000000612000000| PB 0x0000000612000000| Untracked 
|  38|0x0000000612400000, 0x0000000612400000, 0x0000000612800000|  0%| F|  |TAMS 0x0000000612400000| PB 0x0000000612400000| Untracked 
|  39|0x0000000612800000, 0x0000000612800000, 0x0000000612c00000|  0%| F|  |TAMS 0x0000000612800000| PB 0x0000000612800000| Untracked 
|  40|0x0000000612c00000, 0x0000000612c00000, 0x0000000613000000|  0%| F|  |TAMS 0x0000000612c00000| PB 0x0000000612c00000| Untracked 
|  41|0x0000000613000000, 0x0000000613000000, 0x0000000613400000|  0%| F|  |TAMS 0x0000000613000000| PB 0x0000000613000000| Untracked 
|  42|0x0000000613400000, 0x0000000613400000, 0x0000000613800000|  0%| F|  |TAMS 0x0000000613400000| PB 0x0000000613400000| Untracked 
|  43|0x0000000613800000, 0x0000000613c00000, 0x0000000613c00000|100%| S|CS|TAMS 0x0000000613800000| PB 0x0000000613800000| Complete 
|  44|0x0000000613c00000, 0x0000000614000000, 0x0000000614000000|100%| S|CS|TAMS 0x0000000613c00000| PB 0x0000000613c00000| Complete 
|  45|0x0000000614000000, 0x0000000614400000, 0x0000000614400000|100%| S|CS|TAMS 0x0000000614000000| PB 0x0000000614000000| Complete 
|  46|0x0000000614400000, 0x0000000614800000, 0x0000000614800000|100%| S|CS|TAMS 0x0000000614400000| PB 0x0000000614400000| Complete 
|  47|0x0000000614800000, 0x0000000614800000, 0x0000000614c00000|  0%| F|  |TAMS 0x0000000614800000| PB 0x0000000614800000| Untracked 
|  48|0x0000000614c00000, 0x0000000614c00000, 0x0000000615000000|  0%| F|  |TAMS 0x0000000614c00000| PB 0x0000000614c00000| Untracked 
|  49|0x0000000615000000, 0x0000000615000000, 0x0000000615400000|  0%| F|  |TAMS 0x0000000615000000| PB 0x0000000615000000| Untracked 
|  50|0x0000000615400000, 0x0000000615400000, 0x0000000615800000|  0%| F|  |TAMS 0x0000000615400000| PB 0x0000000615400000| Untracked 
|  51|0x0000000615800000, 0x0000000615800000, 0x0000000615c00000|  0%| F|  |TAMS 0x0000000615800000| PB 0x0000000615800000| Untracked 
|  52|0x0000000615c00000, 0x0000000615c00000, 0x0000000616000000|  0%| F|  |TAMS 0x0000000615c00000| PB 0x0000000615c00000| Untracked 
|  53|0x0000000616000000, 0x0000000616000000, 0x0000000616400000|  0%| F|  |TAMS 0x0000000616000000| PB 0x0000000616000000| Untracked 
|  54|0x0000000616400000, 0x0000000616400000, 0x0000000616800000|  0%| F|  |TAMS 0x0000000616400000| PB 0x0000000616400000| Untracked 
|  55|0x0000000616800000, 0x0000000616800000, 0x0000000616c00000|  0%| F|  |TAMS 0x0000000616800000| PB 0x0000000616800000| Untracked 
|  56|0x0000000616c00000, 0x0000000616c00000, 0x0000000617000000|  0%| F|  |TAMS 0x0000000616c00000| PB 0x0000000616c00000| Untracked 
|  57|0x0000000617000000, 0x00000006171ae1a8, 0x0000000617400000| 42%| E|  |TAMS 0x0000000617000000| PB 0x0000000617000000| Complete 
|  58|0x0000000617400000, 0x0000000617800000, 0x0000000617800000|100%| E|CS|TAMS 0x0000000617400000| PB 0x0000000617400000| Complete 
|  59|0x0000000617800000, 0x0000000617c00000, 0x0000000617c00000|100%| E|CS|TAMS 0x0000000617800000| PB 0x0000000617800000| Complete 
|  60|0x0000000617c00000, 0x0000000618000000, 0x0000000618000000|100%| E|CS|TAMS 0x0000000617c00000| PB 0x0000000617c00000| Complete 
|  61|0x0000000618000000, 0x0000000618400000, 0x0000000618400000|100%| E|CS|TAMS 0x0000000618000000| PB 0x0000000618000000| Complete 
|  62|0x0000000618400000, 0x0000000618800000, 0x0000000618800000|100%| E|CS|TAMS 0x0000000618400000| PB 0x0000000618400000| Complete 
|  63|0x0000000618800000, 0x0000000618c00000, 0x0000000618c00000|100%| E|CS|TAMS 0x0000000618800000| PB 0x0000000618800000| Complete 
|  64|0x0000000618c00000, 0x0000000619000000, 0x0000000619000000|100%| E|CS|TAMS 0x0000000618c00000| PB 0x0000000618c00000| Complete 
|  65|0x0000000619000000, 0x0000000619400000, 0x0000000619400000|100%| E|CS|TAMS 0x0000000619000000| PB 0x0000000619000000| Complete 
|  66|0x0000000619400000, 0x0000000619800000, 0x0000000619800000|100%| E|CS|TAMS 0x0000000619400000| PB 0x0000000619400000| Complete 
|  67|0x0000000619800000, 0x0000000619c00000, 0x0000000619c00000|100%| E|CS|TAMS 0x0000000619800000| PB 0x0000000619800000| Complete 
|  68|0x0000000619c00000, 0x000000061a000000, 0x000000061a000000|100%| E|CS|TAMS 0x0000000619c00000| PB 0x0000000619c00000| Complete 
|  69|0x000000061a000000, 0x000000061a400000, 0x000000061a400000|100%| E|CS|TAMS 0x000000061a000000| PB 0x000000061a000000| Complete 
|  70|0x000000061a400000, 0x000000061a800000, 0x000000061a800000|100%| E|CS|TAMS 0x000000061a400000| PB 0x000000061a400000| Complete 
|  71|0x000000061a800000, 0x000000061ac00000, 0x000000061ac00000|100%| E|CS|TAMS 0x000000061a800000| PB 0x000000061a800000| Complete 
|  72|0x000000061ac00000, 0x000000061b000000, 0x000000061b000000|100%| E|CS|TAMS 0x000000061ac00000| PB 0x000000061ac00000| Complete 
|  73|0x000000061b000000, 0x000000061b400000, 0x000000061b400000|100%| E|CS|TAMS 0x000000061b000000| PB 0x000000061b000000| Complete 
|  74|0x000000061b400000, 0x000000061b800000, 0x000000061b800000|100%| E|CS|TAMS 0x000000061b400000| PB 0x000000061b400000| Complete 
|  75|0x000000061b800000, 0x000000061bc00000, 0x000000061bc00000|100%| E|CS|TAMS 0x000000061b800000| PB 0x000000061b800000| Complete 
|  76|0x000000061bc00000, 0x000000061c000000, 0x000000061c000000|100%| E|CS|TAMS 0x000000061bc00000| PB 0x000000061bc00000| Complete 

Card table byte_map: [0x0000016672740000,0x0000016673700000] _byte_map_base: 0x000001666f6fa000

Marking Bits: (CMBitMap*) 0x000001665e813cc0
 Bits: [0x0000016673700000, 0x000001667b4d0000)

Polling page: 0x000001665c5d0000

Metaspace:

Usage:
  Non-class:     12.22 MB used.
      Class:      1.24 MB used.
       Both:     13.46 MB used.

Virtual space:
  Non-class space:       64.00 MB reserved,      12.31 MB ( 19%) committed,  1 nodes.
      Class space:        1.00 GB reserved,       1.38 MB ( <1%) committed,  1 nodes.
             Both:        1.06 GB reserved,      13.69 MB (  1%) committed. 

Chunk freelists:
   Non-Class:  2.75 MB
       Class:  14.61 MB
        Both:  17.36 MB

MaxMetaspaceSize: unlimited
CompressedClassSpaceSize: 1.00 GB
Initial GC threshold: 21.00 MB
Current GC threshold: 22.31 MB
CDS: on
 - commit_granule_bytes: 65536.
 - commit_granule_words: 8192.
 - virtual_space_node_default_size: 8388608.
 - enlarge_chunks_in_place: 1.
 - use_allocation_guard: 0.


Internal statistics:

num_allocs_failed_limit: 0.
num_arena_births: 204.
num_arena_deaths: 0.
num_vsnodes_births: 2.
num_vsnodes_deaths: 0.
num_space_committed: 217.
num_space_uncommitted: 0.
num_chunks_returned_to_freelist: 0.
num_chunks_taken_from_freelist: 465.
num_chunk_merges: 0.
num_chunk_splits: 280.
num_chunks_enlarged: 159.
num_inconsistent_stats: 0.

CodeHeap 'non-profiled nmethods': size=120000Kb used=5707Kb max_used=5707Kb free=114292Kb
 bounds [0x0000016669be0000, 0x000001666a180000, 0x0000016671110000]
CodeHeap 'profiled nmethods': size=120000Kb used=6810Kb max_used=6810Kb free=113189Kb
 bounds [0x0000016662110000, 0x00000166627c0000, 0x0000016669640000]
CodeHeap 'non-nmethods': size=5760Kb used=1735Kb max_used=1798Kb free=4024Kb
 bounds [0x0000016669640000, 0x00000166698b0000, 0x0000016669be0000]
CodeCache: size=245760Kb, used=14252Kb, max_used=14315Kb, free=231505Kb
 total_blobs=4378, nmethods=3609, adapters=673, full_count=0
Compilation: enabled, stopped_count=0, restarted_count=0

Compilation events (20 events):
Event: 144.703 Thread 0x000001667e2bddf0 3974   !   3       java.io.FileOutputStream::open (27 bytes)
Event: 144.703 Thread 0x000001667e2bddf0 nmethod 3974 0x00000166627b3810 code [0x00000166627b39e0, 0x00000166627b3c10]
Event: 144.705 Thread 0x000001667e2bddf0 3975       3       java.io.FileOutputStream$1::close (11 bytes)
Event: 144.705 Thread 0x000001667e2bddf0 nmethod 3975 0x00000166627b3d90 code [0x00000166627b3f80, 0x00000166627b44b8]
Event: 145.219 Thread 0x000001667e2bddf0 3976       3       java.io.File::delete (33 bytes)
Event: 145.219 Thread 0x000001667e2bddf0 nmethod 3976 0x00000166627b4690 code [0x00000166627b4860, 0x00000166627b4b30]
Event: 145.219 Thread 0x000001667e2bddf0 3977   !   3       java.io.WinNTFileSystem::delete (27 bytes)
Event: 145.219 Thread 0x000001667e2bddf0 nmethod 3977 0x00000166627b4c90 code [0x00000166627b4e60, 0x00000166627b5080]
Event: 145.819 Thread 0x000001667e28b4f0 3978       4       net.java.games.input.RawInputEventQueue::addMouseEvent (34 bytes)
Event: 145.827 Thread 0x000001667e28b4f0 nmethod 3978 0x000001666a171810 code [0x000001666a171a00, 0x000001666a172158]
Event: 149.538 Thread 0x000001667e28b4f0 3979       4       java.util.concurrent.locks.AbstractQueuedSynchronizer::signalNext (34 bytes)
Event: 149.538 Thread 0x000001667e2bddf0 3980       3       java.lang.invoke.LambdaForm$MH/0x0000016601017000::invoke (46 bytes)
Event: 149.538 Thread 0x000001667e2bddf0 nmethod 3980 0x00000166627b5190 code [0x00000166627b5380, 0x00000166627b5938]
Event: 149.538 Thread 0x000001667e2bddf0 3981       3       java.lang.invoke.LambdaForm$MH/0x0000016601015c00::invoke (45 bytes)
Event: 149.538 Thread 0x000001667e2bddf0 nmethod 3981 0x00000166627b5b10 code [0x00000166627b5d00, 0x00000166627b6388]
Event: 149.538 Thread 0x000001667e28b4f0 nmethod 3979 0x000001666a172610 code [0x000001666a1727a0, 0x000001666a172890]
Event: 149.950 Thread 0x000001667e28b4f0 3982       4       java.nio.CharBuffer::position (6 bytes)
Event: 149.950 Thread 0x000001667e28b4f0 nmethod 3982 0x000001666a172990 code [0x000001666a172b20, 0x000001666a172c20]
Event: 151.646 Thread 0x000001667e2bddf0 3983       3       java.util.concurrent.ConcurrentHashMap$ValueIterator::<init> (12 bytes)
Event: 151.646 Thread 0x000001667e2bddf0 nmethod 3983 0x00000166627b6510 code [0x00000166627b66c0, 0x00000166627b67f8]

GC Heap History (20 events):
Event: 32.908 GC heap before
{Heap before GC invocations=1 (full 0):
 garbage-first heap   total 516096K, used 21761K [0x0000000608c00000, 0x0000000800000000)
  region size 4096K, 3 young (12288K), 1 survivors (4096K)
 Metaspace       used 12512K, committed 12736K, reserved 1114112K
  class space    used 1205K, committed 1344K, reserved 1048576K
}
Event: 32.919 GC heap after
{Heap after GC invocations=2 (full 1):
 garbage-first heap   total 98304K, used 17421K [0x0000000608c00000, 0x0000000800000000)
  region size 4096K, 0 young (0K), 0 survivors (0K)
 Metaspace       used 12512K, committed 12736K, reserved 1114112K
  class space    used 1205K, committed 1344K, reserved 1048576K
}
Event: 32.920 GC heap before
{Heap before GC invocations=2 (full 1):
 garbage-first heap   total 98304K, used 17421K [0x0000000608c00000, 0x0000000800000000)
  region size 4096K, 0 young (0K), 0 survivors (0K)
 Metaspace       used 12512K, committed 12736K, reserved 1114112K
  class space    used 1205K, committed 1344K, reserved 1048576K
}
Event: 32.931 GC heap after
{Heap after GC invocations=3 (full 2):
 garbage-first heap   total 81920K, used 17420K [0x0000000608c00000, 0x0000000800000000)
  region size 4096K, 0 young (0K), 0 survivors (0K)
 Metaspace       used 12512K, committed 12736K, reserved 1114112K
  class space    used 1205K, committed 1344K, reserved 1048576K
}
Event: 33.930 GC heap before
{Heap before GC invocations=3 (full 2):
 garbage-first heap   total 81920K, used 37900K [0x0000000608c00000, 0x0000000800000000)
  region size 4096K, 6 young (24576K), 0 survivors (0K)
 Metaspace       used 12691K, committed 12992K, reserved 1114112K
  class space    used 1215K, committed 1344K, reserved 1048576K
}
Event: 33.935 GC heap after
{Heap after GC invocations=4 (full 2):
 garbage-first heap   total 81920K, used 38886K [0x0000000608c00000, 0x0000000800000000)
  region size 4096K, 1 young (4096K), 1 survivors (4096K)
 Metaspace       used 12691K, committed 12992K, reserved 1114112K
  class space    used 1215K, committed 1344K, reserved 1048576K
}
Event: 34.094 GC heap before
{Heap before GC invocations=4 (full 2):
 garbage-first heap   total 81920K, used 42982K [0x0000000608c00000, 0x0000000800000000)
  region size 4096K, 3 young (12288K), 1 survivors (4096K)
 Metaspace       used 12769K, committed 12992K, reserved 1114112K
  class space    used 1223K, committed 1344K, reserved 1048576K
}
Event: 34.105 GC heap after
{Heap after GC invocations=5 (full 3):
 garbage-first heap   total 81920K, used 43068K [0x0000000608c00000, 0x0000000800000000)
  region size 4096K, 0 young (0K), 0 survivors (0K)
 Metaspace       used 12769K, committed 12992K, reserved 1114112K
  class space    used 1223K, committed 1344K, reserved 1048576K
}
Event: 34.414 GC heap before
{Heap before GC invocations=5 (full 3):
 garbage-first heap   total 81920K, used 47164K [0x0000000608c00000, 0x0000000800000000)
  region size 4096K, 2 young (8192K), 0 survivors (0K)
 Metaspace       used 12923K, committed 13184K, reserved 1114112K
  class space    used 1232K, committed 1344K, reserved 1048576K
}
Event: 34.416 GC heap after
{Heap after GC invocations=6 (full 3):
 garbage-first heap   total 81920K, used 47145K [0x0000000608c00000, 0x0000000800000000)
  region size 4096K, 1 young (4096K), 1 survivors (4096K)
 Metaspace       used 12923K, committed 13184K, reserved 1114112K
  class space    used 1232K, committed 1344K, reserved 1048576K
}
Event: 35.060 GC heap before
{Heap before GC invocations=7 (full 3):
 garbage-first heap   total 90112K, used 55337K [0x0000000608c00000, 0x0000000800000000)
  region size 4096K, 3 young (12288K), 1 survivors (4096K)
 Metaspace       used 12938K, committed 13184K, reserved 1114112K
  class space    used 1234K, committed 1344K, reserved 1048576K
}
Event: 35.064 GC heap after
{Heap after GC invocations=8 (full 3):
 garbage-first heap   total 90112K, used 54635K [0x0000000608c00000, 0x0000000800000000)
  region size 4096K, 1 young (4096K), 1 survivors (4096K)
 Metaspace       used 12938K, committed 13184K, reserved 1114112K
  class space    used 1234K, committed 1344K, reserved 1048576K
}
Event: 36.958 GC heap before
{Heap before GC invocations=8 (full 3):
 garbage-first heap   total 90112K, used 62827K [0x0000000608c00000, 0x0000000800000000)
  region size 4096K, 3 young (12288K), 1 survivors (4096K)
 Metaspace       used 13323K, committed 13632K, reserved 1114112K
  class space    used 1244K, committed 1408K, reserved 1048576K
}
Event: 36.960 GC heap after
{Heap after GC invocations=9 (full 3):
 garbage-first heap   total 90112K, used 58249K [0x0000000608c00000, 0x0000000800000000)
  region size 4096K, 1 young (4096K), 1 survivors (4096K)
 Metaspace       used 13323K, committed 13632K, reserved 1114112K
  class space    used 1244K, committed 1408K, reserved 1048576K
}
Event: 39.206 GC heap before
{Heap before GC invocations=9 (full 3):
 garbage-first heap   total 90112K, used 62345K [0x0000000608c00000, 0x0000000800000000)
  region size 4096K, 3 young (12288K), 1 survivors (4096K)
 Metaspace       used 13395K, committed 13696K, reserved 1114112K
  class space    used 1244K, committed 1408K, reserved 1048576K
}
Event: 39.208 GC heap after
{Heap after GC invocations=10 (full 3):
 garbage-first heap   total 90112K, used 60330K [0x0000000608c00000, 0x0000000800000000)
  region size 4096K, 1 young (4096K), 1 survivors (4096K)
 Metaspace       used 13395K, committed 13696K, reserved 1114112K
  class space    used 1244K, committed 1408K, reserved 1048576K
}
Event: 43.115 GC heap before
{Heap before GC invocations=11 (full 3):
 garbage-first heap   total 110592K, used 68522K [0x0000000608c00000, 0x0000000800000000)
  region size 4096K, 3 young (12288K), 1 survivors (4096K)
 Metaspace       used 13424K, committed 13696K, reserved 1114112K
  class space    used 1244K, committed 1408K, reserved 1048576K
}
Event: 43.118 GC heap after
{Heap after GC invocations=12 (full 3):
 garbage-first heap   total 315392K, used 62080K [0x0000000608c00000, 0x0000000800000000)
  region size 4096K, 1 young (4096K), 1 survivors (4096K)
 Metaspace       used 13424K, committed 13696K, reserved 1114112K
  class space    used 1244K, committed 1408K, reserved 1048576K
}
Event: 107.904 GC heap before
{Heap before GC invocations=12 (full 3):
 garbage-first heap   total 315392K, used 184960K [0x0000000608c00000, 0x0000000800000000)
  region size 4096K, 31 young (126976K), 1 survivors (4096K)
 Metaspace       used 13714K, committed 14016K, reserved 1114112K
  class space    used 1265K, committed 1408K, reserved 1048576K
}
Event: 107.910 GC heap after
{Heap after GC invocations=13 (full 3):
 garbage-first heap   total 315392K, used 82785K [0x0000000608c00000, 0x0000000800000000)
  region size 4096K, 4 young (16384K), 4 survivors (16384K)
 Metaspace       used 13714K, committed 14016K, reserved 1114112K
  class space    used 1265K, committed 1408K, reserved 1048576K
}

Dll operation events (15 events):
Event: 0.008 Loaded shared library C:\Users\gagek\.p2\pool\plugins\org.eclipse.justj.openjdk.hotspot.jre.full.win32.x86_64_21.0.8.v20250724-1412\jre\bin\java.dll
Event: 0.037 Loaded shared library C:\Users\gagek\.p2\pool\plugins\org.eclipse.justj.openjdk.hotspot.jre.full.win32.x86_64_21.0.8.v20250724-1412\jre\bin\zip.dll
Event: 0.082 Loaded shared library C:\Users\gagek\.p2\pool\plugins\org.eclipse.justj.openjdk.hotspot.jre.full.win32.x86_64_21.0.8.v20250724-1412\jre\bin\net.dll
Event: 0.087 Loaded shared library C:\Users\gagek\.p2\pool\plugins\org.eclipse.justj.openjdk.hotspot.jre.full.win32.x86_64_21.0.8.v20250724-1412\jre\bin\nio.dll
Event: 0.090 Loaded shared library C:\Users\gagek\.p2\pool\plugins\org.eclipse.justj.openjdk.hotspot.jre.full.win32.x86_64_21.0.8.v20250724-1412\jre\bin\zip.dll
Event: 0.134 Loaded shared library C:\Users\gagek\.p2\pool\plugins\org.eclipse.justj.openjdk.hotspot.jre.full.win32.x86_64_21.0.8.v20250724-1412\jre\bin\jimage.dll
Event: 0.162 Loaded shared library C:\Users\gagek\.p2\pool\plugins\org.eclipse.justj.openjdk.hotspot.jre.full.win32.x86_64_21.0.8.v20250724-1412\jre\bin\awt.dll
Event: 0.300 Loaded shared library C:\Users\gagek\.p2\pool\plugins\org.eclipse.justj.openjdk.hotspot.jre.full.win32.x86_64_21.0.8.v20250724-1412\jre\bin\freetype.dll
Event: 0.301 Loaded shared library C:\Users\gagek\.p2\pool\plugins\org.eclipse.justj.openjdk.hotspot.jre.full.win32.x86_64_21.0.8.v20250724-1412\jre\bin\fontmanager.dll
Event: 0.464 Loaded shared library C:\Users\gagek\.p2\pool\plugins\org.eclipse.justj.openjdk.hotspot.jre.full.win32.x86_64_21.0.8.v20250724-1412\jre\bin\verify.dll
Event: 0.475 Loaded shared library C:\MinecraftAlphaDev\libraries\natives\lwjgl64.dll
Event: 0.492 Loaded shared library C:\Users\gagek\.p2\pool\plugins\org.eclipse.justj.openjdk.hotspot.jre.full.win32.x86_64_21.0.8.v20250724-1412\jre\bin\jawt.dll
Event: 1.422 Loaded shared library C:\MinecraftAlphaDev\libraries\natives\jinput-dx8_64.dll
Event: 1.643 Loaded shared library C:\MinecraftAlphaDev\libraries\natives\jinput-raw_64.dll
Event: 2.592 Loaded shared library C:\Users\gagek\.p2\pool\plugins\org.eclipse.justj.openjdk.hotspot.jre.full.win32.x86_64_21.0.8.v20250724-1412\jre\bin\extnet.dll

Deoptimization events (20 events):
Event: 137.890 Thread 0x000001667ea14ee0 Uncommon trap: trap_request=0xffffff45 fr.pc=0x000001666a143260 relative=0x0000000000000e80
Event: 137.890 Thread 0x000001667ea14ee0 Uncommon trap: reason=unstable_if action=reinterpret pc=0x000001666a143260 method=net.minecraft.src.ChunkProviderGenerate.replaceSurfaceBlocks(II[B)V @ 447 c2
Event: 137.890 Thread 0x000001667ea14ee0 DEOPT PACKING pc=0x000001666a143260 sp=0x0000001c49cfeae0
Event: 137.890 Thread 0x000001667ea14ee0 DEOPT UNPACKING pc=0x00000166696946a2 sp=0x0000001c49cfea70 mode 2
Event: 138.727 Thread 0x000001667ea14ee0 DEOPT PACKING pc=0x00000166627a315d sp=0x0000001c49cfec60
Event: 138.727 Thread 0x000001667ea14ee0 DEOPT UNPACKING pc=0x0000016669694e42 sp=0x0000001c49cfe180 mode 0
Event: 139.678 Thread 0x000001667ea14ee0 DEOPT PACKING pc=0x000001666268fcf9 sp=0x0000001c49cfe930
Event: 139.678 Thread 0x000001667ea14ee0 DEOPT UNPACKING pc=0x0000016669694e42 sp=0x0000001c49cfddf8 mode 0
Event: 139.678 Thread 0x000001667ea14ee0 DEOPT PACKING pc=0x00000166627a8278 sp=0x0000001c49cfea40
Event: 139.678 Thread 0x000001667ea14ee0 DEOPT UNPACKING pc=0x0000016669694e42 sp=0x0000001c49cfdf60 mode 0
Event: 140.032 Thread 0x000001667ea14ee0 DEOPT PACKING pc=0x00000166627a315d sp=0x0000001c49cfec60
Event: 140.032 Thread 0x000001667ea14ee0 DEOPT UNPACKING pc=0x0000016669694e42 sp=0x0000001c49cfe180 mode 0
Event: 140.597 Thread 0x000001667ea14ee0 Uncommon trap: trap_request=0xffffff45 fr.pc=0x000001666a0d8568 relative=0x00000000000001e8
Event: 140.597 Thread 0x000001667ea14ee0 Uncommon trap: reason=unstable_if action=reinterpret pc=0x000001666a0d8568 method=net.minecraft.src.EntityChicken.onLivingUpdate()V @ 89 c2
Event: 140.597 Thread 0x000001667ea14ee0 DEOPT PACKING pc=0x000001666a0d8568 sp=0x0000001c49cfed50
Event: 140.597 Thread 0x000001667ea14ee0 DEOPT UNPACKING pc=0x00000166696946a2 sp=0x0000001c49cfece8 mode 2
Event: 151.646 Thread 0x000001664b5cb7d0 Uncommon trap: trap_request=0xffffffcc fr.pc=0x0000016669c8cb44 relative=0x0000000000000204
Event: 151.646 Thread 0x000001664b5cb7d0 Uncommon trap: reason=intrinsic_or_type_checked_inlining action=make_not_entrant pc=0x0000016669c8cb44 method=java.util.Arrays.copyOf([Ljava/lang/Object;ILjava/lang/Class;)[Ljava/lang/Object; @ 35 c2
Event: 151.646 Thread 0x000001664b5cb7d0 DEOPT PACKING pc=0x0000016669c8cb44 sp=0x0000001c483fed90
Event: 151.646 Thread 0x000001664b5cb7d0 DEOPT UNPACKING pc=0x00000166696946a2 sp=0x0000001c483fed38 mode 2

Classes loaded (20 events):
Event: 58.462 Loading class sun/reflect/generics/tree/ReturnType
Event: 58.462 Loading class sun/reflect/generics/tree/ReturnType done
Event: 58.462 Loading class sun/reflect/generics/tree/TypeSignature done
Event: 58.462 Loading class sun/reflect/generics/tree/BaseType done
Event: 58.462 Loading class sun/reflect/generics/tree/FieldTypeSignature done
Event: 58.462 Loading class sun/reflect/generics/tree/SimpleClassTypeSignature done
Event: 58.462 Loading class sun/reflect/generics/tree/ClassTypeSignature
Event: 58.462 Loading class sun/reflect/generics/tree/ClassTypeSignature done
Event: 58.462 Loading class sun/reflect/generics/tree/ClassSignature
Event: 58.462 Loading class sun/reflect/generics/tree/Signature
Event: 58.462 Loading class sun/reflect/generics/tree/Signature done
Event: 58.462 Loading class sun/reflect/generics/tree/ClassSignature done
Event: 58.462 Loading class java/lang/reflect/ParameterizedType
Event: 58.462 Loading class java/lang/reflect/ParameterizedType done
Event: 75.496 Loading class java/lang/FdLibm$Log
Event: 75.497 Loading class java/lang/FdLibm$Log done
Event: 151.645 Loading class java/util/WeakHashMap$KeyIterator
Event: 151.646 Loading class java/util/WeakHashMap$HashIterator
Event: 151.646 Loading class java/util/WeakHashMap$HashIterator done
Event: 151.646 Loading class java/util/WeakHashMap$KeyIterator done

Classes unloaded (0 events):
No events

Classes redefined (0 events):
No events

Internal exceptions (20 events):
Event: 150.387 Thread 0x000001664a973280 Exception <a 'java/lang/InterruptedException'{0x0000000617614b48}: sleep interrupted> (0x0000000617614b48) 
thrown [s\src\hotspot\share\prims\jvm.cpp, line 3074]
Event: 150.444 Thread 0x000001664a973280 Exception <a 'java/lang/InterruptedException'{0x0000000617614e60}: sleep interrupted> (0x0000000617614e60) 
thrown [s\src\hotspot\share\prims\jvm.cpp, line 3074]
Event: 150.499 Thread 0x000001664a973280 Exception <a 'java/lang/InterruptedException'{0x0000000617615178}: sleep interrupted> (0x0000000617615178) 
thrown [s\src\hotspot\share\prims\jvm.cpp, line 3074]
Event: 150.570 Thread 0x000001664a973280 Exception <a 'java/lang/InterruptedException'{0x0000000617615490}: sleep interrupted> (0x0000000617615490) 
thrown [s\src\hotspot\share\prims\jvm.cpp, line 3074]
Event: 150.647 Thread 0x000001664a973280 Exception <a 'java/lang/InterruptedException'{0x00000006176157a8}: sleep interrupted> (0x00000006176157a8) 
thrown [s\src\hotspot\share\prims\jvm.cpp, line 3074]
Event: 150.707 Thread 0x000001664a973280 Exception <a 'java/lang/InterruptedException'{0x0000000617615ac0}: sleep interrupted> (0x0000000617615ac0) 
thrown [s\src\hotspot\share\prims\jvm.cpp, line 3074]
Event: 150.767 Thread 0x000001664a973280 Exception <a 'java/lang/InterruptedException'{0x0000000617615dd8}: sleep interrupted> (0x0000000617615dd8) 
thrown [s\src\hotspot\share\prims\jvm.cpp, line 3074]
Event: 150.830 Thread 0x000001664a973280 Exception <a 'java/lang/InterruptedException'{0x00000006176160f0}: sleep interrupted> (0x00000006176160f0) 
thrown [s\src\hotspot\share\prims\jvm.cpp, line 3074]
Event: 150.884 Thread 0x000001664a973280 Exception <a 'java/lang/InterruptedException'{0x0000000617616408}: sleep interrupted> (0x0000000617616408) 
thrown [s\src\hotspot\share\prims\jvm.cpp, line 3074]
Event: 150.938 Thread 0x000001664a973280 Exception <a 'java/lang/InterruptedException'{0x0000000617616720}: sleep interrupted> (0x0000000617616720) 
thrown [s\src\hotspot\share\prims\jvm.cpp, line 3074]
Event: 150.984 Thread 0x000001664a973280 Exception <a 'java/lang/InterruptedException'{0x0000000617616a38}: sleep interrupted> (0x0000000617616a38) 
thrown [s\src\hotspot\share\prims\jvm.cpp, line 3074]
Event: 151.045 Thread 0x000001664a973280 Exception <a 'java/lang/InterruptedException'{0x0000000617616d50}: sleep interrupted> (0x0000000617616d50) 
thrown [s\src\hotspot\share\prims\jvm.cpp, line 3074]
Event: 151.097 Thread 0x000001664a973280 Exception <a 'java/lang/InterruptedException'{0x0000000617617068}: sleep interrupted> (0x0000000617617068) 
thrown [s\src\hotspot\share\prims\jvm.cpp, line 3074]
Event: 151.157 Thread 0x000001664a973280 Exception <a 'java/lang/InterruptedException'{0x0000000617617380}: sleep interrupted> (0x0000000617617380) 
thrown [s\src\hotspot\share\prims\jvm.cpp, line 3074]
Event: 151.232 Thread 0x000001664a973280 Exception <a 'java/lang/InterruptedException'{0x0000000617617698}: sleep interrupted> (0x0000000617617698) 
thrown [s\src\hotspot\share\prims\jvm.cpp, line 3074]
Event: 151.308 Thread 0x000001664a973280 Exception <a 'java/lang/InterruptedException'{0x00000006176179b0}: sleep interrupted> (0x00000006176179b0) 
thrown [s\src\hotspot\share\prims\jvm.cpp, line 3074]
Event: 151.387 Thread 0x000001664a973280 Exception <a 'java/lang/InterruptedException'{0x0000000617617cc8}: sleep interrupted> (0x0000000617617cc8) 
thrown [s\src\hotspot\share\prims\jvm.cpp, line 3074]
Event: 151.439 Thread 0x000001664a973280 Exception <a 'java/lang/InterruptedException'{0x0000000617617fe0}: sleep interrupted> (0x0000000617617fe0) 
thrown [s\src\hotspot\share\prims\jvm.cpp, line 3074]
Event: 151.506 Thread 0x000001664a973280 Exception <a 'java/lang/InterruptedException'{0x00000006176182f8}: sleep interrupted> (0x00000006176182f8) 
thrown [s\src\hotspot\share\prims\jvm.cpp, line 3074]
Event: 151.579 Thread 0x000001664a973280 Exception <a 'java/lang/InterruptedException'{0x0000000617618610}: sleep interrupted> (0x0000000617618610) 
thrown [s\src\hotspot\share\prims\jvm.cpp, line 3074]

ZGC Phase Switch (0 events):
No events

VM Operations (20 events):
Event: 122.918 Executing VM operation: Cleanup done
Event: 128.922 Executing VM operation: Cleanup
Event: 128.922 Executing VM operation: Cleanup done
Event: 129.922 Executing VM operation: Cleanup
Event: 129.922 Executing VM operation: Cleanup done
Event: 133.926 Executing VM operation: Cleanup
Event: 133.926 Executing VM operation: Cleanup done
Event: 135.927 Executing VM operation: Cleanup
Event: 135.927 Executing VM operation: Cleanup done
Event: 136.927 Executing VM operation: Cleanup
Event: 136.928 Executing VM operation: Cleanup done
Event: 140.930 Executing VM operation: Cleanup
Event: 140.930 Executing VM operation: Cleanup done
Event: 142.931 Executing VM operation: Cleanup
Event: 142.931 Executing VM operation: Cleanup done
Event: 144.932 Executing VM operation: Cleanup
Event: 144.932 Executing VM operation: Cleanup done
Event: 145.933 Executing VM operation: Cleanup
Event: 145.933 Executing VM operation: Cleanup done
Event: 151.754 Executing VM operation: Exit

Memory protections (0 events):
No events

Nmethod flushes (20 events):
Event: 39.215 Thread 0x000001667d8d4320 flushing  nmethod 0x0000016669c8c490
Event: 39.215 Thread 0x000001667d8d4320 flushing  nmethod 0x0000016662129790
Event: 39.215 Thread 0x000001667d8d4320 flushing  nmethod 0x000001666236c190
Event: 39.215 Thread 0x000001667d8d4320 flushing  nmethod 0x000001666237c210
Event: 39.215 Thread 0x000001667d8d4320 flushing  nmethod 0x0000016662121090
Event: 39.215 Thread 0x000001667d8d4320 flushing  nmethod 0x0000016662121690
Event: 39.215 Thread 0x000001667d8d4320 flushing  nmethod 0x00000166621f1090
Event: 39.215 Thread 0x000001667d8d4320 flushing  nmethod 0x00000166621fb610
Event: 39.215 Thread 0x000001667d8d4320 flushing  nmethod 0x0000016669c9d690
Event: 39.215 Thread 0x000001667d8d4320 flushing  nmethod 0x0000016669cc1790
Event: 39.215 Thread 0x000001667d8d4320 flushing  nmethod 0x0000016669cc1b90
Event: 39.215 Thread 0x000001667d8d4320 flushing  nmethod 0x0000016662146a10
Event: 39.215 Thread 0x000001667d8d4320 flushing  nmethod 0x0000016662282c10
Event: 39.215 Thread 0x000001667d8d4320 flushing  nmethod 0x000001666228a790
Event: 39.215 Thread 0x000001667d8d4320 flushing  nmethod 0x00000166623ab990
Event: 39.215 Thread 0x000001667d8d4320 flushing  nmethod 0x00000166623abe10
Event: 39.215 Thread 0x000001667d8d4320 flushing  nmethod 0x00000166623cfa10
Event: 39.215 Thread 0x000001667d8d4320 flushing  nmethod 0x0000016662266a10
Event: 39.215 Thread 0x000001667d8d4320 flushing  nmethod 0x0000016662196310
Event: 39.215 Thread 0x000001667d8d4320 flushing  nmethod 0x000001666244fc90

Events (20 events):
Event: 55.487 Thread 0x000001667e2bddf0 Thread added: 0x00000166465438f0
Event: 55.492 Thread 0x000001667e2bddf0 Thread added: 0x000001664f2aa050
Event: 55.844 Thread 0x000001664f2aa050 Thread exited: 0x000001664f2aa050
Event: 56.510 Thread 0x00000166465438f0 Thread exited: 0x00000166465438f0
Event: 151.643 Thread 0x000001667ea14ee0 Thread exited: 0x000001667ea14ee0
Event: 151.645 Thread 0x000001667e9cc5c0 Thread added: 0x000001664b5c7cc0
Event: 151.645 Thread 0x000001667e9cc5c0 Thread added: 0x000001664b5cb7d0
Event: 151.645 Thread 0x000001667e9cc5c0 Thread added: 0x000001664b5cb140
Event: 151.645 Thread 0x000001667e9cc5c0 Thread added: 0x000001664b5cbe60
Event: 151.645 Thread 0x000001667e9cc5c0 Thread added: 0x000001664a972560
Event: 151.646 Thread 0x000001667e9cc5c0 Thread added: 0x0000016653f894f0
Event: 151.646 Thread 0x000001664b5cb140 Thread exited: 0x000001664b5cb140
Event: 151.646 Thread 0x000001664b5c7cc0 Thread exited: 0x000001664b5c7cc0
Event: 151.646 Thread 0x000001664b5cb7d0 Thread exited: 0x000001664b5cb7d0
Event: 151.651 Thread 0x000001664a972560 Thread exited: 0x000001664a972560
Event: 151.659 Thread 0x0000016653f894f0 Thread exited: 0x0000016653f894f0
Event: 151.698 Thread 0x000001667e67c3d0 Thread exited: 0x000001667e67c3d0
Event: 151.753 Thread 0x000001664b5cbe60 Thread exited: 0x000001664b5cbe60
Event: 151.753 Thread 0x000001667e9cc5c0 Before exit entered
Event: 151.754 Thread 0x000001667e2874c0 Thread exited: 0x000001667e2874c0


Dynamic libraries:
0x00007ff7d8d50000 - 0x00007ff7d8d5e000 	C:\Users\gagek\.p2\pool\plugins\org.eclipse.justj.openjdk.hotspot.jre.full.win32.x86_64_21.0.8.v20250724-1412\jre\bin\javaw.exe
0x00007ffe18220000 - 0x00007ffe18487000 	C:\windows\SYSTEM32\ntdll.dll
0x00007ffe17580000 - 0x00007ffe17649000 	C:\windows\System32\KERNEL32.DLL
0x00007ffe15590000 - 0x00007ffe15980000 	C:\windows\System32\KERNELBASE.dll
0x00007ffe15e60000 - 0x00007ffe15fab000 	C:\windows\System32\ucrtbase.dll
0x00007ffdf3590000 - 0x00007ffdf35a8000 	C:\Users\gagek\.p2\pool\plugins\org.eclipse.justj.openjdk.hotspot.jre.full.win32.x86_64_21.0.8.v20250724-1412\jre\bin\jli.dll
0x00007ffe15fb0000 - 0x00007ffe16175000 	C:\windows\System32\USER32.dll
0x00007ffe15560000 - 0x00007ffe15587000 	C:\windows\System32\win32u.dll
0x00007ffe17be0000 - 0x00007ffe17c0b000 	C:\windows\System32\GDI32.dll
0x00007ffdee9f0000 - 0x00007ffdeea0e000 	C:\Users\gagek\.p2\pool\plugins\org.eclipse.justj.openjdk.hotspot.jre.full.win32.x86_64_21.0.8.v20250724-1412\jre\bin\VCRUNTIME140.dll
0x00007ffe15b10000 - 0x00007ffe15c48000 	C:\windows\System32\gdi32full.dll
0x00007ffe154b0000 - 0x00007ffe15553000 	C:\windows\System32\msvcp_win.dll
0x00007ffdf38e0000 - 0x00007ffdf3b7a000 	C:\windows\WinSxS\amd64_microsoft.windows.common-controls_6595b64144ccf1df_6.0.26100.4768_none_3e0c112ce331287c\COMCTL32.dll
0x00007ffe17860000 - 0x00007ffe17909000 	C:\windows\System32\msvcrt.dll
0x00007ffe17c10000 - 0x00007ffe17c3f000 	C:\windows\System32\IMM32.DLL
0x00007ffe10b20000 - 0x00007ffe10b2c000 	C:\Users\gagek\.p2\pool\plugins\org.eclipse.justj.openjdk.hotspot.jre.full.win32.x86_64_21.0.8.v20250724-1412\jre\bin\vcruntime140_1.dll
0x00007ffdc9240000 - 0x00007ffdc92cd000 	C:\Users\gagek\.p2\pool\plugins\org.eclipse.justj.openjdk.hotspot.jre.full.win32.x86_64_21.0.8.v20250724-1412\jre\bin\msvcp140.dll
0x00007ffd33410000 - 0x00007ffd341a7000 	C:\Users\gagek\.p2\pool\plugins\org.eclipse.justj.openjdk.hotspot.jre.full.win32.x86_64_21.0.8.v20250724-1412\jre\bin\server\jvm.dll
0x00007ffe16b50000 - 0x00007ffe16c04000 	C:\windows\System32\ADVAPI32.dll
0x00007ffe17910000 - 0x00007ffe179b6000 	C:\windows\System32\sechost.dll
0x00007ffe179c0000 - 0x00007ffe17ad8000 	C:\windows\System32\RPCRT4.dll
0x00007ffe16720000 - 0x00007ffe16794000 	C:\windows\System32\WS2_32.dll
0x00007ffe151b0000 - 0x00007ffe1520e000 	C:\windows\SYSTEM32\POWRPROF.dll
0x00007ffe0d720000 - 0x00007ffe0d755000 	C:\windows\SYSTEM32\WINMM.dll
0x00007ffe0a3a0000 - 0x00007ffe0a3ab000 	C:\windows\SYSTEM32\VERSION.dll
0x00007ffe15190000 - 0x00007ffe151a4000 	C:\windows\SYSTEM32\UMPDC.dll
0x00007ffe14090000 - 0x00007ffe140ab000 	C:\windows\SYSTEM32\kernel.appcore.dll
0x00007ffe11210000 - 0x00007ffe1121a000 	C:\Users\gagek\.p2\pool\plugins\org.eclipse.justj.openjdk.hotspot.jre.full.win32.x86_64_21.0.8.v20250724-1412\jre\bin\jimage.dll
0x00007ffe12700000 - 0x00007ffe12941000 	C:\windows\SYSTEM32\DBGHELP.DLL
0x00007ffe167c0000 - 0x00007ffe16b45000 	C:\windows\System32\combase.dll
0x00007ffe173f0000 - 0x00007ffe174d0000 	C:\windows\System32\OLEAUT32.dll
0x00007ffdf4390000 - 0x00007ffdf43d3000 	C:\windows\SYSTEM32\dbgcore.DLL
0x00007ffe15410000 - 0x00007ffe154a9000 	C:\windows\System32\bcryptPrimitives.dll
0x00007ffe10f30000 - 0x00007ffe10f4f000 	C:\Users\gagek\.p2\pool\plugins\org.eclipse.justj.openjdk.hotspot.jre.full.win32.x86_64_21.0.8.v20250724-1412\jre\bin\java.dll
0x00007ffe16c10000 - 0x00007ffe1735d000 	C:\windows\System32\SHELL32.dll
0x00007ffe15990000 - 0x00007ffe15b03000 	C:\windows\System32\wintypes.dll
0x00007ffe12ef0000 - 0x00007ffe13750000 	C:\windows\SYSTEM32\windows.storage.dll
0x00007ffe17ae0000 - 0x00007ffe17bd5000 	C:\windows\System32\SHCORE.dll
0x00007ffe17cb0000 - 0x00007ffe17d1a000 	C:\windows\System32\shlwapi.dll
0x00007ffe15270000 - 0x00007ffe15299000 	C:\windows\SYSTEM32\profapi.dll
0x00007ffe10ed0000 - 0x00007ffe10ee8000 	C:\Users\gagek\.p2\pool\plugins\org.eclipse.justj.openjdk.hotspot.jre.full.win32.x86_64_21.0.8.v20250724-1412\jre\bin\zip.dll
0x00007ffe11200000 - 0x00007ffe11210000 	C:\Users\gagek\.p2\pool\plugins\org.eclipse.justj.openjdk.hotspot.jre.full.win32.x86_64_21.0.8.v20250724-1412\jre\bin\net.dll
0x00007ffe0e680000 - 0x00007ffe0e79e000 	C:\windows\SYSTEM32\WINHTTP.dll
0x00007ffe14600000 - 0x00007ffe1466b000 	C:\windows\system32\mswsock.dll
0x00007ffe111c0000 - 0x00007ffe111d6000 	C:\Users\gagek\.p2\pool\plugins\org.eclipse.justj.openjdk.hotspot.jre.full.win32.x86_64_21.0.8.v20250724-1412\jre\bin\nio.dll
0x00007ffdbe4a0000 - 0x00007ffdbe62e000 	C:\Users\gagek\.p2\pool\plugins\org.eclipse.justj.openjdk.hotspot.jre.full.win32.x86_64_21.0.8.v20250724-1412\jre\bin\awt.dll
0x00007ffe11250000 - 0x00007ffe112ee000 	C:\windows\SYSTEM32\apphelp.dll
0x00007ffe11730000 - 0x00007ffe11765000 	C:\windows\system32\DWMAPI.DLL
0x00007ffe115c0000 - 0x00007ffe1166f000 	C:\windows\system32\uxtheme.dll
0x00007ffd999d0000 - 0x00007ffd99ae8000 	C:\windows\system32\opengl32.dll
0x00007ffdee8d0000 - 0x00007ffdee8fd000 	C:\windows\SYSTEM32\GLU32.dll
0x00007ffe11c50000 - 0x00007ffe11c9d000 	C:\windows\SYSTEM32\dxcore.dll
0x00007ffe165b0000 - 0x00007ffe16711000 	C:\windows\System32\MSCTF.dll
0x00007ffe16400000 - 0x00007ffe165a0000 	C:\windows\System32\ole32.dll
0x00007ffdca8c0000 - 0x00007ffdca947000 	C:\Users\gagek\.p2\pool\plugins\org.eclipse.justj.openjdk.hotspot.jre.full.win32.x86_64_21.0.8.v20250724-1412\jre\bin\freetype.dll
0x00007ffdb5680000 - 0x00007ffdb576b000 	C:\Users\gagek\.p2\pool\plugins\org.eclipse.justj.openjdk.hotspot.jre.full.win32.x86_64_21.0.8.v20250724-1412\jre\bin\fontmanager.dll
0x00007ffe06dc0000 - 0x00007ffe06f11000 	C:\windows\SYSTEM32\textinputframework.dll
0x00007ffdcf690000 - 0x00007ffdcf70d000 	C:\windows\system32\Oleacc.dll
0x00007ffe17750000 - 0x00007ffe177f8000 	C:\windows\System32\clbcatq.dll
0x00007ffdd46f0000 - 0x00007ffdd474e000 	C:\windows\system32\ApplicationTargetedFeatureDatabase.dll
0x00007ffe0ac30000 - 0x00007ffe0ae68000 	C:\Windows\System32\twinapi.appcore.dll
0x00007ffe10e30000 - 0x00007ffe10e40000 	C:\Users\gagek\.p2\pool\plugins\org.eclipse.justj.openjdk.hotspot.jre.full.win32.x86_64_21.0.8.v20250724-1412\jre\bin\verify.dll
0x0000000180000000 - 0x0000000180053000 	C:\MinecraftAlphaDev\libraries\natives\lwjgl64.dll
0x00007ffe0dec0000 - 0x00007ffe0df89000 	C:\windows\SYSTEM32\mscms.dll
0x00007ffdf7470000 - 0x00007ffdf74e0000 	C:\Windows\System32\Windows.Internal.Graphics.Display.DisplayColorManagement.dll
0x00007ffe14f10000 - 0x00007ffe14f67000 	C:\windows\SYSTEM32\cfgmgr32.dll
0x00007ffe0fee0000 - 0x00007ffe0fee7000 	C:\Users\gagek\.p2\pool\plugins\org.eclipse.justj.openjdk.hotspot.jre.full.win32.x86_64_21.0.8.v20250724-1412\jre\bin\jawt.dll
0x00007ffe0b360000 - 0x00007ffe0b3ca000 	C:\windows\SYSTEM32\directxdatabasehelper.dll
0x00007ffdf9260000 - 0x00007ffdf927a000 	C:\windows\SYSTEM32\windows.staterepositorycore.dll
0x00007ffd11d00000 - 0x00007ffd132cb000 	C:\windows\System32\DriverStore\FileRepository\iigd_dch.inf_amd64_9ce4d8a46710e0e5\igxelpgicd64.dll
0x00007ffe12bf0000 - 0x00007ffe12d2e000 	C:\windows\SYSTEM32\dxgi.dll
0x00007ffd69440000 - 0x00007ffd69463000 	C:\windows\SYSTEM32\d3d12.dll
0x00007ffdfab90000 - 0x00007ffdfad37000 	C:\windows\System32\DriverStore\FileRepository\iigd_dch.inf_amd64_9ce4d8a46710e0e5\igdml64.dll
0x00007ffe04790000 - 0x00007ffe04d23000 	C:\windows\System32\DriverStore\FileRepository\iigd_dch.inf_amd64_9ce4d8a46710e0e5\igdgmm64.dll
0x00007ffd4b1f0000 - 0x00007ffd4b66e000 	C:\Users\gagek\AppData\Roaming\ow-electron\jilehohlakeokncafogkgnicgndeecdiengddbcc\packages\emifmpeaagaaglhaimndbhcpkjfmjhfnjjpoibdo\1.8.21\owe-client-x64.dll
0x00007ffd96ac0000 - 0x00007ffd96d37000 	C:\windows\SYSTEM32\D3D12Core.dll
0x00007ffe141c0000 - 0x00007ffe141f6000 	C:\windows\SYSTEM32\ntmarta.dll
0x00007ffe15240000 - 0x00007ffe15266000 	C:\windows\SYSTEM32\bcrypt.dll
0x00007ffe0aea0000 - 0x00007ffe0b01c000 	C:\windows\SYSTEM32\drvstore.dll
0x00007ffdfdf10000 - 0x00007ffe03036000 	C:\windows\System32\DriverStore\FileRepository\iigd_dch.inf_amd64_9ce4d8a46710e0e5\igc64.dll
0x00007ffe0daa0000 - 0x00007ffe0dace000 	C:\windows\SYSTEM32\D3DSCache.dll
0x00007ffe146a0000 - 0x00007ffe146cb000 	C:\windows\SYSTEM32\USERENV.dll
0x00007ffe108d0000 - 0x00007ffe10afa000 	C:\windows\SYSTEM32\dcomp.dll
0x00007ffe101d0000 - 0x00007ffe101e9000 	C:\windows\SYSTEM32\Microsoft.Internal.WarpPal.dll
0x00007ffe10f50000 - 0x00007ffe11075000 	C:\windows\SYSTEM32\CoreMessaging.dll
0x00007ffe08f90000 - 0x00007ffe09273000 	C:\windows\SYSTEM32\CoreUIComponents.dll
0x00007ffe14840000 - 0x00007ffe1484c000 	C:\windows\SYSTEM32\CRYPTBASE.DLL
0x00007ffe149e0000 - 0x00007ffe149fb000 	C:\windows\SYSTEM32\CRYPTSP.dll
0x00007ffe13ff0000 - 0x00007ffe1402b000 	C:\windows\system32\rsaenh.dll
0x00007ffe13a20000 - 0x00007ffe13a53000 	C:\windows\SYSTEM32\IPHLPAPI.DLL
0x00007ffe17800000 - 0x00007ffe1780a000 	C:\windows\System32\NSI.dll
0x0000016645150000 - 0x0000016645166000 	C:\MinecraftAlphaDev\libraries\natives\jinput-dx8_64.dll
0x00007ffdbe950000 - 0x00007ffdbe99b000 	C:\windows\SYSTEM32\DINPUT8.dll
0x00007ffdfd840000 - 0x00007ffdfda22000 	C:\windows\SYSTEM32\inputhost.dll
0x00007ffe13760000 - 0x00007ffe1376f000 	C:\windows\SYSTEM32\HID.DLL
0x00007ffe17d50000 - 0x00007ffe181d6000 	C:\windows\System32\SETUPAPI.DLL
0x00007ffe14f70000 - 0x00007ffe14f9d000 	C:\windows\SYSTEM32\DEVOBJ.dll
0x0000016645200000 - 0x0000016645284000 	C:\windows\System32\WINTRUST.dll
0x00007ffe15ce0000 - 0x00007ffe15e57000 	C:\windows\System32\CRYPT32.dll
0x00007ffe14a50000 - 0x00007ffe14a63000 	C:\windows\SYSTEM32\MSASN1.dll
0x00000166452a0000 - 0x00000166452b4000 	C:\MinecraftAlphaDev\libraries\natives\jinput-raw_64.dll
0x0000016645370000 - 0x00000166453d4000 	C:\MinecraftAlphaDev\libraries\natives\OpenAL64.dll
0x00007ffe0c5a0000 - 0x00007ffe0c642000 	C:\windows\System32\MMDevApi.dll
0x00007ffdbde50000 - 0x00007ffdbdee4000 	C:\windows\SYSTEM32\dsound.dll
0x00007ffd98640000 - 0x00007ffd98671000 	C:\windows\SYSTEM32\winmmbase.dll
0x00007ffdb5cc0000 - 0x00007ffdb5d71000 	C:\windows\SYSTEM32\ResampleDmo.DLL
0x00007ffdfcc60000 - 0x00007ffdfcc6e000 	C:\windows\SYSTEM32\msdmo.dll
0x00007ffdfa140000 - 0x00007ffdfa302000 	C:\windows\SYSTEM32\AUDIOSES.DLL
0x00007ffe11ae0000 - 0x00007ffe11af4000 	C:\windows\SYSTEM32\resourcepolicyclient.dll
0x00007ffe13a60000 - 0x00007ffe13b86000 	C:\windows\SYSTEM32\DNSAPI.dll
0x00007ffe0e2e0000 - 0x00007ffe0e2eb000 	C:\Windows\System32\rasadhlp.dll
0x00007ffe0ec90000 - 0x00007ffe0ed16000 	C:\windows\System32\fwpuclnt.dll
0x00007ffe0db30000 - 0x00007ffe0db39000 	C:\Users\gagek\.p2\pool\plugins\org.eclipse.justj.openjdk.hotspot.jre.full.win32.x86_64_21.0.8.v20250724-1412\jre\bin\extnet.dll

JVMTI agents: none

dbghelp: loaded successfully - version: 4.0.5 - missing functions: none
symbol engine: initialized successfully - sym options: 0x614 - pdb path: .;C:\Users\gagek\.p2\pool\plugins\org.eclipse.justj.openjdk.hotspot.jre.full.win32.x86_64_21.0.8.v20250724-1412\jre\bin;C:\windows\SYSTEM32;C:\windows\WinSxS\amd64_microsoft.windows.common-controls_6595b64144ccf1df_6.0.26100.4768_none_3e0c112ce331287c;C:\Users\gagek\.p2\pool\plugins\org.eclipse.justj.openjdk.hotspot.jre.full.win32.x86_64_21.0.8.v20250724-1412\jre\bin\server;C:\MinecraftAlphaDev\libraries\natives;C:\windows\System32\DriverStore\FileRepository\iigd_dch.inf_amd64_9ce4d8a46710e0e5;C:\Users\gagek\AppData\Roaming\ow-electron\jilehohlakeokncafogkgnicgndeecdiengddbcc\packages\emifmpeaagaaglhaimndbhcpkjfmjhfnjjpoibdo\1.8.21

VM Arguments:
jvm_args: -Djava.library.path=C:\MinecraftAlphaDev\libraries\natives -Dfile.encoding=UTF-8 -Dstdout.encoding=UTF-8 -Dstderr.encoding=UTF-8 -XX:+ShowCodeDetailsInExceptionMessages 
java_command: net.minecraft.client.Minecraft
java_class_path (initial): C:\MinecraftAlphaDev\minecraft\output;C:\MinecraftAlphaDev\libraries\net\java\jinput\jinput\2.0.5\jinput-2.0.5.jar;C:\MinecraftAlphaDev\libraries\net\java\jutils\jutils\1.0.0\jutils-1.0.0.jar;C:\MinecraftAlphaDev\libraries\org\lwjgl\lwjgl\lwjgl\2.9.4-nightly-20150209\lwjgl-2.9.4-nightly-20150209.jar;C:\MinecraftAlphaDev\libraries\org\lwjgl\lwjgl\lwjgl_util\2.9.4-nightly-20150209\lwjgl_util-2.9.4-nightly-20150209.jar;C:\MinecraftAlphaDev\libraries\org\lwjgl\lwjgl\lwjgl-platform\2.9.4-nightly-20150209\lwjgl-platform-2.9.4-nightly-20150209.jar;C:\MinecraftAlphaDev\libraries\com\paulscode\codecjorbis\20230120\codecjorbis-20230120.jar;C:\MinecraftAlphaDev\libraries\com\paulscode\codecwav\20101023\codecwav-20101023.jar;C:\MinecraftAlphaDev\libraries\com\paulscode\libraryjavasound\20101123\libraryjavasound-20101123.jar;C:\MinecraftAlphaDev\libraries\com\paulscode\librarylwjglopenal\20100824\librarylwjglopenal-20100824.jar;C:\MinecraftAlphaDev\libraries\com\paulscode\soundsystem\20120107\soundsystem-20120107.jar;C:\MinecraftAlphaDev\libraries\org\mcphackers\launchwrapper\1.1.3\launchwrapper-1.1.3.jar;C:\MinecraftAlphaDev\libraries\org\json\json\20230311\json-20230311.jar;C:\MinecraftAlphaDev\libraries\org\ow2\asm\asm\9.7\asm-9.7.jar;C:\MinecraftAlphaDev\libraries\org\ow2\asm\asm-tree\9.7\asm-tree-9.7.jar;C:\MinecraftAlphaDev\minecraft\jars\deobfuscated.jar
Launcher Type: SUN_STANDARD

[Global flags]
     intx CICompilerCount                          = 4                                         {product} {ergonomic}
     uint ConcGCThreads                            = 3                                         {product} {ergonomic}
     uint G1ConcRefinementThreads                  = 11                                        {product} {ergonomic}
   size_t G1HeapRegionSize                         = 4194304                                   {product} {ergonomic}
    uintx GCDrainStackTargetSize                   = 64                                        {product} {ergonomic}
   size_t InitialHeapSize                          = 528482304                                 {product} {ergonomic}
   size_t MarkStackSize                            = 4194304                                   {product} {ergonomic}
   size_t MaxHeapSize                              = 8443133952                                {product} {ergonomic}
   size_t MaxNewSize                               = 5062524928                                {product} {ergonomic}
   size_t MinHeapDeltaBytes                        = 4194304                                   {product} {ergonomic}
   size_t MinHeapSize                              = 8388608                                   {product} {ergonomic}
    uintx NonNMethodCodeHeapSize                   = 5839372                                {pd product} {ergonomic}
    uintx NonProfiledCodeHeapSize                  = 122909434                              {pd product} {ergonomic}
    uintx ProfiledCodeHeapSize                     = 122909434                              {pd product} {ergonomic}
    uintx ReservedCodeCacheSize                    = 251658240                              {pd product} {ergonomic}
     bool SegmentedCodeCache                       = true                                      {product} {ergonomic}
     bool ShowCodeDetailsInExceptionMessages       = true                                   {manageable} {command line}
   size_t SoftMaxHeapSize                          = 8443133952                             {manageable} {ergonomic}
     bool UseCompressedOops                        = true                           {product lp64_product} {ergonomic}
     bool UseG1GC                                  = true                                      {product} {ergonomic}
     bool UseLargePagesIndividualAllocation        = false                                  {pd product} {ergonomic}

Logging:
Log output configuration:
 #0: stdout all=off uptime,level,tags foldmultilines=false
 #1: stderr all=off uptime,level,tags foldmultilines=false

Environment Variables:
PATH=C:/Users/gagek/.p2/pool/plugins/org.eclipse.justj.openjdk.hotspot.jre.full.win32.x86_64_21.0.8.v20250724-1412/jre/bin/server;C:/Users/gagek/.p2/pool/plugins/org.eclipse.justj.openjdk.hotspot.jre.full.win32.x86_64_21.0.8.v20250724-1412/jre/bin;C:\Program Files\Zulu\zulu-21\bin\;C:\Program Files (x86)\Common Files\Oracle\Java\java8path;C:\Program Files (x86)\Common Files\Oracle\Java\javapath;C:\Program Files\Oculus\Support\oculus-runtime;c:\devkitPro\msys2\usr\bin;C:\windows\system32;C:\windows;C:\windows\System32\Wbem;C:\windows\System32\WindowsPowerShell\v1.0\;C:\windows\System32\OpenSSH\;C:\Program Files\HP\HP One Agent;C:\Program Files\dotnet\;C:\Program Files (x86)\Microsoft SQL Server\160\Tools\Binn\;C:\Program Files\Microsoft SQL Server\160\Tools\Binn\;C:\Program Files\Microsoft SQL Server\Client SDK\ODBC\170\Tools\Binn\;C:\Program Files\Microsoft SQL Server\160\DTS\Binn\;C:\Program Files (x86)\Windows Kits\8.1\Windows Performance Toolkit\;C:\Program Files\Docker\Docker\resources\bin;C:\Program Files (x86)\Gpg4win\..\GnuPG\bin;C:\Users\gagek\AppData\Local\Microsoft\WindowsApps;C:\Users\gagek\AppData\Local\Programs\Microsoft VS Code\bin;C:\msys64\mingw64\bin;C:\Users\gagek\.aftman\bin;C:\Users\gagek\AppData\Local\GitHubDesktop\bin;C:\Users\gagek\AppData\Local\Muse Hub\lib;C:\Users\gagek\OneDrive\Desktop;
USERNAME=gagek
OS=Windows_NT
PROCESSOR_IDENTIFIER=Intel64 Family 6 Model 170 Stepping 4, GenuineIntel
TMP=C:\Users\gagek\AppData\Local\Temp
TEMP=C:\Users\gagek\AppData\Local\Temp




Periodic native trim disabled

---------------  S Y S T E M  ---------------

OS:
 Windows 11 , 64 bit Build 26100 (10.0.26100.4768)
OS uptime: 5 days 5:39 hours
Hyper-V role detected

CPU: total 14 (initial active 14) (7 cores per cpu, 2 threads per core) family 6 model 170 stepping 4 microcode 0x1f, cx8, cmov, fxsr, ht, mmx, 3dnowpref, sse, sse2, sse3, ssse3, sse4.1, sse4.2, popcnt, lzcnt, tsc, tscinvbit, avx, avx2, aes, erms, clmul, bmi1, bmi2, adx, sha, fma, vzeroupper, clflush, clflushopt, clwb, hv, serialize, rdtscp, rdpid, fsrm, f16c, cet_ibt, cet_ss
Processor Information for processor 0
  Max Mhz: 1700, Current Mhz: 1700, Mhz Limit: 1700
Processor Information for processor 1
  Max Mhz: 1700, Current Mhz: 1700, Mhz Limit: 1700
Processor Information for processor 2
  Max Mhz: 1200, Current Mhz: 1200, Mhz Limit: 1200
Processor Information for processor 3
  Max Mhz: 1200, Current Mhz: 1200, Mhz Limit: 1200
Processor Information for processor 4
  Max Mhz: 1200, Current Mhz: 1200, Mhz Limit: 1200
Processor Information for processor 5
  Max Mhz: 1200, Current Mhz: 1200, Mhz Limit: 1200
Processor Information for processor 6
  Max Mhz: 1200, Current Mhz: 1200, Mhz Limit: 1200
Processor Information for processor 7
  Max Mhz: 1200, Current Mhz: 1200, Mhz Limit: 1200
Processor Information for processor 8
  Max Mhz: 1200, Current Mhz: 1200, Mhz Limit: 1200
Processor Information for processor 9
  Max Mhz: 1200, Current Mhz: 1200, Mhz Limit: 1200
Processor Information for processor 10
  Max Mhz: 1700, Current Mhz: 1700, Mhz Limit: 1700
Processor Information for processor 11
  Max Mhz: 1700, Current Mhz: 1700, Mhz Limit: 1700
Processor Information for processor 12
  Max Mhz: 700, Current Mhz: 700, Mhz Limit: 700
Processor Information for processor 13
  Max Mhz: 700, Current Mhz: 700, Mhz Limit: 700

Memory: 4k page, system-wide physical 32203M (11901M free)
TotalPageFile size 37835M (AvailPageFile size 8304M)
current process WorkingSet (physical memory assigned to process): 1148M, peak: 1158M
current process commit charge ("private bytes"): 1278M, peak: 1281M

vm_info: OpenJDK 64-Bit Server VM (21.0.8+9-LTS) for windows-amd64 JRE (21.0.8+9-LTS), built on 2025-07-15T00:00:00Z by "admin" with MS VC++ 17.7 (VS2022)

END.
