#
# A fatal error has been detected by the Java Runtime Environment:
#
#  EXCEPTION_ACCESS_VIOLATION (0xc0000005) at pc=0x00007ffd33358c80, pid=1276, tid=3900
#
# JRE version: OpenJDK Runtime Environment Temurin-21.0.8+9 (21.0.8+9) (build 21.0.8+9-LTS)
# Java VM: OpenJDK 64-Bit Server VM Temurin-21.0.8+9 (21.0.8+9-LTS, mixed mode, sharing, tiered, compressed oops, compressed class ptrs, g1 gc, windows-amd64)
# Problematic frame:
# C  [owe-client-x64.dll+0x3c8c80]
#
# No core dump will be written. Minidumps are not enabled by default on client versions of Windows
#
# If you would like to submit a bug report, please visit:
#   https://github.com/adoptium/adoptium-support/issues
#

---------------  S U M M A R Y ------------

Command Line: -Djava.library.path=C:\MinecraftAlphaDev\libraries\natives -Dfile.encoding=UTF-8 -Dstdout.encoding=UTF-8 -Dstderr.encoding=UTF-8 -XX:+ShowCodeDetailsInExceptionMessages net.minecraft.client.Minecraft

Host: Intel(R) Core(TM) Ultra 7 155U, 14 cores, 31G,  Windows 11 , 64 bit Build 26100 (10.0.26100.4768)
Time: Mon Sep  8 18:57:38 2025 Central Daylight Time elapsed time: 47.890952 seconds (0d 0h 0m 47s)

---------------  T H R E A D  ---------------

Current thread (0x0000021342a2e280):  VMThread "VM Thread"          [id=3900, stack(0x00000070e4e00000,0x00000070e4f00000) (1024K)]

Stack: [0x00000070e4e00000,0x00000070e4f00000],  sp=0x00000070e4efeee8,  free space=1019k
Native frames: (J=compiled Java code, j=interpreted, Vv=VM code, C=native code)
C  [owe-client-x64.dll+0x3c8c80]


siginfo: EXCEPTION_ACCESS_VIOLATION (0xc0000005), data execution prevention violation at address 0x00007ffd33358c80


Registers:
RAX=0x00007ffd332fe300, RBX=0x0000000000000000, RCX=0x000002138af947a0, RDX=0x00007ffd333c5018
RSP=0x00000070e4efeee8, RBP=0x00000070e4eff3e0, RSI=0x00007ffdb5e30000, RDI=0x0000000000000001
R8 =0x00000213212f02c0, R9 =0x00000070e43da000, R10=0x00007ffe183eeea0, R11=0x00000213436b5330
R12=0x0000000000000001, R13=0x00007ffdb5e8bdf0, R14=0x0000000000000000, R15=0x00007ffdb5e30000
RIP=0x00007ffd33358c80, EFLAGS=0x0000000000010206

XMM[0]=0x0000000000000000 0x0000000000000000
XMM[1]=0x0000000000000000 0x0000000000000000
XMM[2]=0x0000000000000000 0x0000000000000000
XMM[3]=0x0000000000000000 0x0000000000000000
XMM[4]=0x0000000000000000 0x0000000000000000
XMM[5]=0x0000000000000000 0x0000000000000000
XMM[6]=0x0000000000000000 0x0000000000000000
XMM[7]=0x0000000000000000 0x404e000000000000
XMM[8]=0x0000000000000000 0x0000000000000000
XMM[9]=0x0000000000000000 0x0000000000000000
XMM[10]=0x0000000000000000 0x0000000000000000
XMM[11]=0x0000000000000000 0x0000000000000000
XMM[12]=0x0000000000000000 0x0000000000000000
XMM[13]=0x0000000000000000 0x0000000000000000
XMM[14]=0x0000000000000000 0x0000000000000000
XMM[15]=0x0000000000000000 0x0000000000000000
  MXCSR=0x00001fa0


Register to memory mapping:

RAX=0x00007ffd332fe300 owe-client-x64.dll
RBX=0x0 is null
RCX=0x000002138af947a0 points into unknown readable memory: 0x00007ffd332fe300 | 00 e3 2f 33 fd 7f 00 00
RDX=0x00007ffd333c5018 owe-client-x64.dll
RSP=0x00000070e4efeee8 points into unknown readable memory: 0x00007ffd3304ac99 | 99 ac 04 33 fd 7f 00 00
RBP=0x00000070e4eff3e0 points into unknown readable memory: 0x0000021342a23af0 | f0 3a a2 42 13 02 00 00
RSI=0x00007ffdb5e30000 opengl32.dll
RDI=0x0000000000000001 is an unknown value
R8 =0x00000213212f02c0 points into unknown readable memory: 0x00007ffd340c5460 | 60 54 0c 34 fd 7f 00 00
R9 =0x00000070e43da000 points into unknown readable memory: 0x0000000000000000 | 00 00 00 00 00 00 00 00
R10=0x00007ffe183eeea0 ntdll.dll
R11=0x00000213436b5330 points into unknown readable memory: 0x00000213436b4780 | 80 47 6b 43 13 02 00 00
R12=0x0000000000000001 is an unknown value
R13=0x00007ffdb5e8bdf0 opengl32.dll
R14=0x0 is null
R15=0x00007ffdb5e30000 opengl32.dll

Top of Stack: (sp=0x00000070e4efeee8)
0x00000070e4efeee8:   00007ffd3304ac99 00007ffd333cc7b8
0x00000070e4efeef8:   00007ffd333c5018 000002138906f5f0
0x00000070e4efef08:   0000000000000000 fffffffffffffffe
0x00000070e4efef18:   00007ffd3304b0f7 000002138af947a0
0x00000070e4efef28:   00007ffd333c5018 000002132174b178
0x00000070e4efef38:   0000000000000000 0000000000000000
0x00000070e4efef48:   000002138af947a0 00007ffdb5e8bdf0
0x00000070e4efef58:   000002138b0480d0 000002138af503b0
0x00000070e4efef68:   00007ffe182243e1 0000000000000001
0x00000070e4efef78:   00007ffdb5e3ca16 0000000000010000
0x00000070e4efef88:   000002132174b0d8 00000213436b5330
0x00000070e4efef98:   00007ffe18224273 0000000000000001
0x00000070e4efefa8:   00007ffdb5e3c7d0 00000070e4eff3e0
0x00000070e4efefb8:   0000000000000000 00007ffdb5e30000
0x00000070e4efefc8:   0000000000000000 0000000000000000
0x00000070e4efefd8:   00007ffdb5e3c255 0000000000000000
0x00000070e4efefe8:   00000070e4eff3e0 00007ffdb5e30000
0x00000070e4efeff8:   0000000000000000 0000000000000000
0x00000070e4eff008:   00007ffdb5e8bf19 0000000000000001
0x00000070e4eff018:   00000070e4eff3e0 00007ffe165b0000
0x00000070e4eff028:   00007ffe15f988c0 0000007000000001
0x00000070e4eff038:   00007ffe15eab8aa 00000070e4ef0101
0x00000070e4eff048:   00000070e4eff0c8 00000070e4eff3e0
0x00000070e4eff058:   00000000c0000005 00007ffe00000000
0x00000070e4eff068:   00007ffe15eab84d 0000000000000001
0x00000070e4eff078:   00007ffe15f125ec 00000070e4eff3e0
0x00000070e4eff088:   00000070e4eff0b8 fffffffffffffffe
0x00000070e4eff098:   00007ffe15eab84d 0000000000000001
0x00000070e4eff0a8:   00007ffe16446693 00007ffe16512c60
0x00000070e4eff0b8:   c00000050000000d ffffffff0000000d
0x00000070e4eff0c8:   00000070e4eff0b0 0000000000000000
0x00000070e4eff0d8:   00007ffe1644633f 0000000000000000 

Instructions: (pc=0x00007ffd33358c80)
0x00007ffd33358b80:   00 00 00 00 00 00 00 00 00 00 00 00 00 00 00 00
0x00007ffd33358b90:   40 e5 42 00 01 00 00 00 00 00 00 00 ff ff ff ff
0x00007ffd33358ba0:   00 00 00 00 40 00 00 00 60 8b 3c 00 00 00 00 00
0x00007ffd33358bb0:   00 00 00 00 00 00 00 00 00 00 00 00 00 00 00 00
0x00007ffd33358bc0:   01 00 00 00 d0 8b 3c 00 00 00 00 00 00 00 00 00
0x00007ffd33358bd0:   e0 8b 3c 00 00 00 00 00 00 00 00 00 00 00 00 00
0x00007ffd33358be0:   e8 e5 42 00 00 00 00 00 00 00 00 00 ff ff ff ff
0x00007ffd33358bf0:   00 00 00 00 40 00 00 00 b8 8b 3c 00 00 00 00 00
0x00007ffd33358c00:   00 00 00 00 00 00 00 00 01 00 00 00 00 00 00 00
0x00007ffd33358c10:   00 00 00 00 18 e6 42 00 30 8c 3c 00 08 8c 3c 00
0x00007ffd33358c20:   00 00 00 00 00 00 00 00 00 00 00 00 00 00 00 00
0x00007ffd33358c30:   00 00 00 00 00 00 00 00 01 00 00 00 48 8c 3c 00
0x00007ffd33358c40:   00 00 00 00 00 00 00 00 58 8c 3c 00 00 00 00 00
0x00007ffd33358c50:   00 00 00 00 00 00 00 00 18 e6 42 00 00 00 00 00
0x00007ffd33358c60:   00 00 00 00 ff ff ff ff 00 00 00 00 40 00 00 00
0x00007ffd33358c70:   30 8c 3c 00 00 00 00 00 00 00 00 00 00 00 00 00
0x00007ffd33358c80:   01 00 00 00 00 00 00 00 00 00 00 00 40 e6 42 00
0x00007ffd33358c90:   a8 8c 3c 00 80 8c 3c 00 00 00 00 00 00 00 00 00
0x00007ffd33358ca0:   00 00 00 00 00 00 00 00 00 00 00 00 01 00 00 00
0x00007ffd33358cb0:   03 00 00 00 c0 8c 3c 00 00 00 00 00 00 00 00 00
0x00007ffd33358cc0:   e0 8c 3c 00 58 8c 3c 00 08 8d 3c 00 00 00 00 00
0x00007ffd33358cd0:   00 00 00 00 00 00 00 00 00 00 00 00 00 00 00 00
0x00007ffd33358ce0:   40 e6 42 00 02 00 00 00 00 00 00 00 ff ff ff ff
0x00007ffd33358cf0:   00 00 00 00 40 00 00 00 a8 8c 3c 00 00 00 00 00
0x00007ffd33358d00:   00 00 00 00 00 00 00 00 60 e6 42 00 00 00 00 00
0x00007ffd33358d10:   10 00 00 00 ff ff ff ff 00 00 00 00 40 00 00 00
0x00007ffd33358d20:   30 8d 3c 00 00 00 00 00 00 00 00 00 00 00 00 00
0x00007ffd33358d30:   00 00 00 00 00 00 00 00 01 00 00 00 48 8d 3c 00
0x00007ffd33358d40:   00 00 00 00 00 00 00 00 58 8d 3c 00 00 00 00 00
0x00007ffd33358d50:   00 00 00 00 00 00 00 00 60 e6 42 00 00 00 00 00
0x00007ffd33358d60:   00 00 00 00 ff ff ff ff 00 00 00 00 40 00 00 00
0x00007ffd33358d70:   30 8d 3c 00 00 00 00 00 00 00 00 00 00 00 00 00 


Stack slot to memory mapping:

stack at sp + 0 slots: 0x00007ffd3304ac99 owe-client-x64.dll
stack at sp + 1 slots: 0x00007ffd333cc7b8 owe-client-x64.dll
stack at sp + 2 slots: 0x00007ffd333c5018 owe-client-x64.dll
stack at sp + 3 slots: 0x000002138906f5f0 points into unknown readable memory: 0x00007ffe166d0150 | 50 01 6d 16 fe 7f 00 00
stack at sp + 4 slots: 0x0 is null
stack at sp + 5 slots: 0xfffffffffffffffe is an unknown value
stack at sp + 6 slots: 0x00007ffd3304b0f7 owe-client-x64.dll
stack at sp + 7 slots: 0x000002138af947a0 points into unknown readable memory: 0x00007ffd332fe300 | 00 e3 2f 33 fd 7f 00 00

VM_Operation (0x00000070e5cfe630): Exit, mode: safepoint, requested by thread 0x0000021389016bd0


---------------  P R O C E S S  ---------------

Threads class SMR info:
_java_thread_list=0x00000213897b9210, length=18, elements={
0x00000213433da7d0, 0x00000213433dbf90, 0x00000213433e01e0, 0x00000213433e2d40,
0x00000213433ec310, 0x00000213433f2a70, 0x00000213433f3720, 0x00000213433f4f80,
0x00000213435397a0, 0x0000021343542bf0, 0x00000213437b2a30, 0x00000213437b40d0,
0x0000021389016bd0, 0x000002138905a0b0, 0x0000021321580fe0, 0x000002138968f350,
0x00000213897a8250, 0x000002138f74b9f0
}

Java Threads: ( => current thread )
  0x00000213433da7d0 JavaThread "Reference Handler"          daemon [_thread_blocked, id=12852, stack(0x00000070e4f00000,0x00000070e5000000) (1024K)]
  0x00000213433dbf90 JavaThread "Finalizer"                  daemon [_thread_blocked, id=41604, stack(0x00000070e5000000,0x00000070e5100000) (1024K)]
  0x00000213433e01e0 JavaThread "Signal Dispatcher"          daemon [_thread_blocked, id=36248, stack(0x00000070e5100000,0x00000070e5200000) (1024K)]
  0x00000213433e2d40 JavaThread "Attach Listener"            daemon [_thread_blocked, id=41692, stack(0x00000070e5200000,0x00000070e5300000) (1024K)]
  0x00000213433ec310 JavaThread "Service Thread"             daemon [_thread_blocked, id=40640, stack(0x00000070e5300000,0x00000070e5400000) (1024K)]
  0x00000213433f2a70 JavaThread "Monitor Deflation Thread"   daemon [_thread_blocked, id=38452, stack(0x00000070e5400000,0x00000070e5500000) (1024K)]
  0x00000213433f3720 JavaThread "C2 CompilerThread0"         daemon [_thread_blocked, id=19300, stack(0x00000070e5500000,0x00000070e5600000) (1024K)]
  0x00000213433f4f80 JavaThread "C1 CompilerThread0"         daemon [_thread_blocked, id=29104, stack(0x00000070e5600000,0x00000070e5700000) (1024K)]
  0x00000213435397a0 JavaThread "Notification Thread"        daemon [_thread_blocked, id=27500, stack(0x00000070e5700000,0x00000070e5800000) (1024K)]
  0x0000021343542bf0 JavaThread "Common-Cleaner"             daemon [_thread_blocked, id=4796, stack(0x00000070e5800000,0x00000070e5900000) (1024K)]
  0x00000213437b2a30 JavaThread "Java2D Disposer"            daemon [_thread_blocked, id=34708, stack(0x00000070e5900000,0x00000070e5a00000) (1024K)]
  0x00000213437b40d0 JavaThread "AWT-Shutdown"                      [_thread_blocked, id=2196, stack(0x00000070e5a00000,0x00000070e5b00000) (1024K)]
  0x0000021389016bd0 JavaThread "AWT-EventQueue-0"                  [_thread_blocked, id=39900, stack(0x00000070e5c00000,0x00000070e5d00000) (1024K)]
  0x000002138905a0b0 JavaThread "Timer hack thread"          daemon [_thread_blocked, id=10312, stack(0x00000070e5d00000,0x00000070e5e00000) (1024K)]
  0x0000021321580fe0 JavaThread "DestroyJavaVM"                     [_thread_blocked, id=30964, stack(0x00000070e4700000,0x00000070e4800000) (1024K)]
  0x000002138968f350 JavaThread "Thread-2"                   daemon [_thread_in_native, id=32916, stack(0x00000070e6700000,0x00000070e6800000) (1024K)]
  0x00000213897a8250 JavaThread "Thread-3"                          [_thread_blocked, id=38000, stack(0x00000070e6a00000,0x00000070e6b00000) (1024K)]
  0x000002138f74b9f0 JavaThread "Thread-4"                          [_thread_blocked, id=11104, stack(0x00000070e6d00000,0x00000070e6e00000) (1024K)]
Total: 18

Other Threads:
=>0x0000021342a2e280 VMThread "VM Thread"                           [id=3900, stack(0x00000070e4e00000,0x00000070e4f00000) (1024K)]
  0x0000021323960ec0 WorkerThread "GC Thread#0"                     [id=29488, stack(0x00000070e4800000,0x00000070e4900000) (1024K)]
  0x000002138b39f710 WorkerThread "GC Thread#1"                     [id=34888, stack(0x00000070e7300000,0x00000070e7400000) (1024K)]
  0x000002138b39efd0 WorkerThread "GC Thread#2"                     [id=13860, stack(0x00000070e7400000,0x00000070e7500000) (1024K)]
  0x000002138b39ddb0 WorkerThread "GC Thread#3"                     [id=38476, stack(0x00000070e7500000,0x00000070e7600000) (1024K)]
  0x000002138b39e150 WorkerThread "GC Thread#4"                     [id=36184, stack(0x00000070e7600000,0x00000070e7700000) (1024K)]
  0x000002138b39e890 WorkerThread "GC Thread#5"                     [id=35476, stack(0x00000070e7700000,0x00000070e7800000) (1024K)]
  0x000002138abefd80 WorkerThread "GC Thread#6"                     [id=17532, stack(0x00000070e7800000,0x00000070e7900000) (1024K)]
  0x000002138abf0fa0 WorkerThread "GC Thread#7"                     [id=41716, stack(0x00000070e7900000,0x00000070e7a00000) (1024K)]
  0x000002138abf1a80 WorkerThread "GC Thread#8"                     [id=13148, stack(0x00000070e7a00000,0x00000070e7b00000) (1024K)]
  0x000002138abf1340 WorkerThread "GC Thread#9"                     [id=23392, stack(0x00000070e7b00000,0x00000070e7c00000) (1024K)]
  0x000002138abf1e20 WorkerThread "GC Thread#10"                    [id=41756, stack(0x00000070e7c00000,0x00000070e7d00000) (1024K)]
  0x0000021323973050 ConcurrentGCThread "G1 Main Marker"            terminated
  0x0000021323973b50 WorkerThread "G1 Conc#0"                       [id=2584, stack(0x00000070e4a00000,0x00000070e4b00000) (1024K)]
  0x000002138abf2ca0 WorkerThread "G1 Conc#1"                       [id=6324, stack(0x00000070e6400000,0x00000070e6500000) (1024K)]
  0x000002138abf3040 WorkerThread "G1 Conc#2"                       [id=11732, stack(0x00000070e7100000,0x00000070e7200000) (1024K)]
  0x00000213428e6e30 ConcurrentGCThread "G1 Refine#0"               terminated
  0x00000213428e8850 ConcurrentGCThread "G1 Service"                terminated
Total: 18

Threads with active compile tasks:
Total: 0

VM state: at safepoint (shutting down)

VM Mutex/Monitor currently owned by a thread:  ([mutex/lock_event])
[0x00007ffd340c5458] Threads_lock - owner thread: 0x0000021342a2e280
[0x00007ffd340c5558] Heap_lock - owner thread: 0x0000021389016bd0

Heap address: 0x0000000608c00000, size: 8052 MB, Compressed Oops mode: Zero based, Oop shift amount: 3

CDS archive(s) mapped at: [0x0000021344000000-0x0000021344c80000-0x0000021344c80000), size 13107200, SharedBaseAddress: 0x0000021344000000, ArchiveRelocationMode: 1.
Compressed class space mapped at: 0x0000021345000000-0x0000021385000000, reserved size: 1073741824
Narrow klass base: 0x0000021344000000, Narrow klass shift: 0, Narrow klass range: 0x100000000

GC Precious Log:
 CardTable entry size: 512
 Card Set container configuration: InlinePtr #cards 4 size 8 Array Of Cards #cards 32 size 80 Howl #buckets 8 coarsen threshold 7372 Howl Bitmap #cards 1024 size 144 coarsen threshold 921 Card regions per heap region 1 cards per card region 8192
 CPUs: 14 total, 14 available
 Memory: 32203M
 Large Page Support: Disabled
 NUMA Support: Disabled
 Compressed Oops: Enabled (Zero based)
 Heap Region Size: 4M
 Heap Min Capacity: 8M
 Heap Initial Capacity: 504M
 Heap Max Capacity: 8052M
 Pre-touch: Disabled
 Parallel Workers: 11
 Concurrent Workers: 3
 Concurrent Refinement Workers: 11
 Periodic GC: Disabled

Heap:
 garbage-first heap   total 303104K, used 92758K [0x0000000608c00000, 0x0000000800000000)
  region size 4096K, 9 young (36864K), 3 survivors (12288K)
 Metaspace       used 13575K, committed 13888K, reserved 1114112K
  class space    used 1255K, committed 1408K, reserved 1048576K

Heap Regions: E=young(eden), S=young(survivor), O=old, HS=humongous(starts), HC=humongous(continues), CS=collection set, F=free, TAMS=top-at-mark-start, PB=parsable bottom
|   0|0x0000000608c00000, 0x0000000609000000, 0x0000000609000000|100%|HS|  |TAMS 0x0000000608c00000| PB 0x0000000608c00000| Complete 
|   1|0x0000000609000000, 0x0000000609400000, 0x0000000609400000|100%|HC|  |TAMS 0x0000000609000000| PB 0x0000000609000000| Complete 
|   2|0x0000000609400000, 0x0000000609800000, 0x0000000609800000|100%|HC|  |TAMS 0x0000000609400000| PB 0x0000000609400000| Complete 
|   3|0x0000000609800000, 0x0000000609bf9130, 0x0000000609c00000| 99%| O|  |TAMS 0x0000000609800000| PB 0x0000000609800000| Untracked 
|   4|0x0000000609c00000, 0x000000060a000000, 0x000000060a000000|100%| O|  |TAMS 0x0000000609c00000| PB 0x0000000609c00000| Untracked 
|   5|0x000000060a000000, 0x000000060a3ffff8, 0x000000060a400000| 99%| O|  |TAMS 0x000000060a000000| PB 0x000000060a000000| Untracked 
|   6|0x000000060a400000, 0x000000060a800000, 0x000000060a800000|100%| O|  |TAMS 0x000000060a400000| PB 0x000000060a400000| Untracked 
|   7|0x000000060a800000, 0x000000060ac00000, 0x000000060ac00000|100%| O|  |TAMS 0x000000060a800000| PB 0x000000060a800000| Untracked 
|   8|0x000000060ac00000, 0x000000060b000000, 0x000000060b000000|100%| O|  |TAMS 0x000000060ac00000| PB 0x000000060ac00000| Untracked 
|   9|0x000000060b000000, 0x000000060b400000, 0x000000060b400000|100%| O|  |TAMS 0x000000060b000000| PB 0x000000060b000000| Untracked 
|  10|0x000000060b400000, 0x000000060b400000, 0x000000060b800000|  0%| F|  |TAMS 0x000000060b400000| PB 0x000000060b400000| Untracked 
|  11|0x000000060b800000, 0x000000060bc00000, 0x000000060bc00000|100%| O|  |TAMS 0x000000060b800000| PB 0x000000060b800000| Untracked 
|  12|0x000000060bc00000, 0x000000060c000000, 0x000000060c000000|100%| O|  |TAMS 0x000000060bc00000| PB 0x000000060bc00000| Untracked 
|  13|0x000000060c000000, 0x000000060c400000, 0x000000060c400000|100%| O|  |TAMS 0x000000060c000000| PB 0x000000060c000000| Untracked 
|  14|0x000000060c400000, 0x000000060c800000, 0x000000060c800000|100%| O|  |TAMS 0x000000060c400000| PB 0x000000060c400000| Untracked 
|  15|0x000000060c800000, 0x000000060ca9cab0, 0x000000060cc00000| 65%| O|  |TAMS 0x000000060c800000| PB 0x000000060c800000| Untracked 
|  16|0x000000060cc00000, 0x000000060cc00000, 0x000000060d000000|  0%| F|  |TAMS 0x000000060cc00000| PB 0x000000060cc00000| Untracked 
|  17|0x000000060d000000, 0x000000060d000000, 0x000000060d400000|  0%| F|  |TAMS 0x000000060d000000| PB 0x000000060d000000| Untracked 
|  18|0x000000060d400000, 0x000000060d400000, 0x000000060d800000|  0%| F|  |TAMS 0x000000060d400000| PB 0x000000060d400000| Untracked 
|  19|0x000000060d800000, 0x000000060d800000, 0x000000060dc00000|  0%| F|  |TAMS 0x000000060d800000| PB 0x000000060d800000| Untracked 
|  20|0x000000060dc00000, 0x000000060dc00000, 0x000000060e000000|  0%| F|  |TAMS 0x000000060dc00000| PB 0x000000060dc00000| Untracked 
|  21|0x000000060e000000, 0x000000060e000000, 0x000000060e400000|  0%| F|  |TAMS 0x000000060e000000| PB 0x000000060e000000| Untracked 
|  22|0x000000060e400000, 0x000000060e400000, 0x000000060e800000|  0%| F|  |TAMS 0x000000060e400000| PB 0x000000060e400000| Untracked 
|  23|0x000000060e800000, 0x000000060e800000, 0x000000060ec00000|  0%| F|  |TAMS 0x000000060e800000| PB 0x000000060e800000| Untracked 
|  24|0x000000060ec00000, 0x000000060ec00000, 0x000000060f000000|  0%| F|  |TAMS 0x000000060ec00000| PB 0x000000060ec00000| Untracked 
|  25|0x000000060f000000, 0x000000060f000000, 0x000000060f400000|  0%| F|  |TAMS 0x000000060f000000| PB 0x000000060f000000| Untracked 
|  26|0x000000060f400000, 0x000000060f400000, 0x000000060f800000|  0%| F|  |TAMS 0x000000060f400000| PB 0x000000060f400000| Untracked 
|  27|0x000000060f800000, 0x000000060f800000, 0x000000060fc00000|  0%| F|  |TAMS 0x000000060f800000| PB 0x000000060f800000| Untracked 
|  28|0x000000060fc00000, 0x000000060fc00000, 0x0000000610000000|  0%| F|  |TAMS 0x000000060fc00000| PB 0x000000060fc00000| Untracked 
|  29|0x0000000610000000, 0x0000000610000000, 0x0000000610400000|  0%| F|  |TAMS 0x0000000610000000| PB 0x0000000610000000| Untracked 
|  30|0x0000000610400000, 0x0000000610400000, 0x0000000610800000|  0%| F|  |TAMS 0x0000000610400000| PB 0x0000000610400000| Untracked 
|  31|0x0000000610800000, 0x0000000610800000, 0x0000000610c00000|  0%| F|  |TAMS 0x0000000610800000| PB 0x0000000610800000| Untracked 
|  32|0x0000000610c00000, 0x0000000610c00000, 0x0000000611000000|  0%| F|  |TAMS 0x0000000610c00000| PB 0x0000000610c00000| Untracked 
|  33|0x0000000611000000, 0x0000000611000000, 0x0000000611400000|  0%| F|  |TAMS 0x0000000611000000| PB 0x0000000611000000| Untracked 
|  34|0x0000000611400000, 0x0000000611400000, 0x0000000611800000|  0%| F|  |TAMS 0x0000000611400000| PB 0x0000000611400000| Untracked 
|  35|0x0000000611800000, 0x0000000611800000, 0x0000000611c00000|  0%| F|  |TAMS 0x0000000611800000| PB 0x0000000611800000| Untracked 
|  36|0x0000000611c00000, 0x0000000611c00000, 0x0000000612000000|  0%| F|  |TAMS 0x0000000611c00000| PB 0x0000000611c00000| Untracked 
|  37|0x0000000612000000, 0x0000000612000000, 0x0000000612400000|  0%| F|  |TAMS 0x0000000612000000| PB 0x0000000612000000| Untracked 
|  38|0x0000000612400000, 0x0000000612400000, 0x0000000612800000|  0%| F|  |TAMS 0x0000000612400000| PB 0x0000000612400000| Untracked 
|  39|0x0000000612800000, 0x0000000612800000, 0x0000000612c00000|  0%| F|  |TAMS 0x0000000612800000| PB 0x0000000612800000| Untracked 
|  40|0x0000000612c00000, 0x0000000612c00000, 0x0000000613000000|  0%| F|  |TAMS 0x0000000612c00000| PB 0x0000000612c00000| Untracked 
|  41|0x0000000613000000, 0x0000000613000000, 0x0000000613400000|  0%| F|  |TAMS 0x0000000613000000| PB 0x0000000613000000| Untracked 
|  42|0x0000000613400000, 0x0000000613400000, 0x0000000613800000|  0%| F|  |TAMS 0x0000000613400000| PB 0x0000000613400000| Untracked 
|  43|0x0000000613800000, 0x0000000613800000, 0x0000000613c00000|  0%| F|  |TAMS 0x0000000613800000| PB 0x0000000613800000| Untracked 
|  44|0x0000000613c00000, 0x0000000613c00000, 0x0000000614000000|  0%| F|  |TAMS 0x0000000613c00000| PB 0x0000000613c00000| Untracked 
|  45|0x0000000614000000, 0x0000000614000000, 0x0000000614400000|  0%| F|  |TAMS 0x0000000614000000| PB 0x0000000614000000| Untracked 
|  46|0x0000000614400000, 0x0000000614400000, 0x0000000614800000|  0%| F|  |TAMS 0x0000000614400000| PB 0x0000000614400000| Untracked 
|  47|0x0000000614800000, 0x0000000614800000, 0x0000000614c00000|  0%| F|  |TAMS 0x0000000614800000| PB 0x0000000614800000| Untracked 
|  48|0x0000000614c00000, 0x0000000614c00000, 0x0000000615000000|  0%| F|  |TAMS 0x0000000614c00000| PB 0x0000000614c00000| Untracked 
|  49|0x0000000615000000, 0x0000000615000000, 0x0000000615400000|  0%| F|  |TAMS 0x0000000615000000| PB 0x0000000615000000| Untracked 
|  50|0x0000000615400000, 0x0000000615400000, 0x0000000615800000|  0%| F|  |TAMS 0x0000000615400000| PB 0x0000000615400000| Untracked 
|  51|0x0000000615800000, 0x0000000615800000, 0x0000000615c00000|  0%| F|  |TAMS 0x0000000615800000| PB 0x0000000615800000| Untracked 
|  52|0x0000000615c00000, 0x0000000615c00000, 0x0000000616000000|  0%| F|  |TAMS 0x0000000615c00000| PB 0x0000000615c00000| Untracked 
|  53|0x0000000616000000, 0x0000000616400000, 0x0000000616400000|100%| S|CS|TAMS 0x0000000616000000| PB 0x0000000616000000| Complete 
|  54|0x0000000616400000, 0x0000000616800000, 0x0000000616800000|100%| S|CS|TAMS 0x0000000616400000| PB 0x0000000616400000| Complete 
|  55|0x0000000616800000, 0x0000000616c00000, 0x0000000616c00000|100%| S|CS|TAMS 0x0000000616800000| PB 0x0000000616800000| Complete 
|  56|0x0000000616c00000, 0x0000000616c00000, 0x0000000617000000|  0%| F|  |TAMS 0x0000000616c00000| PB 0x0000000616c00000| Untracked 
|  57|0x0000000617000000, 0x0000000617000000, 0x0000000617400000|  0%| F|  |TAMS 0x0000000617000000| PB 0x0000000617000000| Untracked 
|  58|0x0000000617400000, 0x0000000617400000, 0x0000000617800000|  0%| F|  |TAMS 0x0000000617400000| PB 0x0000000617400000| Untracked 
|  59|0x0000000617800000, 0x0000000617800000, 0x0000000617c00000|  0%| F|  |TAMS 0x0000000617800000| PB 0x0000000617800000| Untracked 
|  60|0x0000000617c00000, 0x0000000617c00000, 0x0000000618000000|  0%| F|  |TAMS 0x0000000617c00000| PB 0x0000000617c00000| Untracked 
|  61|0x0000000618000000, 0x0000000618000000, 0x0000000618400000|  0%| F|  |TAMS 0x0000000618000000| PB 0x0000000618000000| Untracked 
|  62|0x0000000618400000, 0x0000000618400000, 0x0000000618800000|  0%| F|  |TAMS 0x0000000618400000| PB 0x0000000618400000| Untracked 
|  63|0x0000000618800000, 0x0000000618800000, 0x0000000618c00000|  0%| F|  |TAMS 0x0000000618800000| PB 0x0000000618800000| Untracked 
|  64|0x0000000618c00000, 0x0000000618c00000, 0x0000000619000000|  0%| F|  |TAMS 0x0000000618c00000| PB 0x0000000618c00000| Untracked 
|  65|0x0000000619000000, 0x0000000619000000, 0x0000000619400000|  0%| F|  |TAMS 0x0000000619000000| PB 0x0000000619000000| Untracked 
|  66|0x0000000619400000, 0x0000000619400000, 0x0000000619800000|  0%| F|  |TAMS 0x0000000619400000| PB 0x0000000619400000| Untracked 
|  67|0x0000000619800000, 0x0000000619800000, 0x0000000619c00000|  0%| F|  |TAMS 0x0000000619800000| PB 0x0000000619800000| Untracked 
|  68|0x0000000619c00000, 0x0000000619c96308, 0x000000061a000000| 14%| E|  |TAMS 0x0000000619c00000| PB 0x0000000619c00000| Complete 
|  69|0x000000061a000000, 0x000000061a400000, 0x000000061a400000|100%| E|CS|TAMS 0x000000061a000000| PB 0x000000061a000000| Complete 
|  70|0x000000061a400000, 0x000000061a800000, 0x000000061a800000|100%| E|CS|TAMS 0x000000061a400000| PB 0x000000061a400000| Complete 
|  71|0x000000061a800000, 0x000000061ac00000, 0x000000061ac00000|100%| E|CS|TAMS 0x000000061a800000| PB 0x000000061a800000| Complete 
|  72|0x000000061ac00000, 0x000000061b000000, 0x000000061b000000|100%| E|CS|TAMS 0x000000061ac00000| PB 0x000000061ac00000| Complete 
|  73|0x000000061b000000, 0x000000061b400000, 0x000000061b400000|100%| E|CS|TAMS 0x000000061b000000| PB 0x000000061b000000| Complete 

Card table byte_map: [0x0000021337880000,0x0000021338840000] _byte_map_base: 0x000002133483a000

Marking Bits: (CMBitMap*) 0x00000213239615c0
 Bits: [0x0000021338840000, 0x0000021340610000)

Polling page: 0x0000021321730000

Metaspace:

Usage:
  Non-class:     12.03 MB used.
      Class:      1.23 MB used.
       Both:     13.26 MB used.

Virtual space:
  Non-class space:       64.00 MB reserved,      12.19 MB ( 19%) committed,  1 nodes.
      Class space:        1.00 GB reserved,       1.38 MB ( <1%) committed,  1 nodes.
             Both:        1.06 GB reserved,      13.56 MB (  1%) committed. 

Chunk freelists:
   Non-Class:  3.86 MB
       Class:  14.61 MB
        Both:  18.47 MB

MaxMetaspaceSize: unlimited
CompressedClassSpaceSize: 1.00 GB
Initial GC threshold: 21.00 MB
Current GC threshold: 21.00 MB
CDS: on
 - commit_granule_bytes: 65536.
 - commit_granule_words: 8192.
 - virtual_space_node_default_size: 8388608.
 - enlarge_chunks_in_place: 1.
 - use_allocation_guard: 0.


Internal statistics:

num_allocs_failed_limit: 0.
num_arena_births: 204.
num_arena_deaths: 0.
num_vsnodes_births: 2.
num_vsnodes_deaths: 0.
num_space_committed: 215.
num_space_uncommitted: 0.
num_chunks_returned_to_freelist: 0.
num_chunks_taken_from_freelist: 445.
num_chunk_merges: 0.
num_chunk_splits: 274.
num_chunks_enlarged: 160.
num_inconsistent_stats: 0.

CodeHeap 'non-profiled nmethods': size=120000Kb used=3678Kb max_used=3678Kb free=116321Kb
 bounds [0x000002132ed30000, 0x000002132f0d0000, 0x0000021336260000]
CodeHeap 'profiled nmethods': size=120000Kb used=5789Kb max_used=5789Kb free=114210Kb
 bounds [0x0000021327260000, 0x0000021327810000, 0x000002132e790000]
CodeHeap 'non-nmethods': size=5760Kb used=1735Kb max_used=1780Kb free=4025Kb
 bounds [0x000002132e790000, 0x000002132ea00000, 0x000002132ed30000]
CodeCache: size=245760Kb, used=11202Kb, max_used=11247Kb, free=234556Kb
 total_blobs=3900, nmethods=3133, adapters=671, full_count=0
Compilation: enabled, stopped_count=0, restarted_count=0

Compilation events (20 events):
Event: 45.110 Thread 0x00000213433f3720 3384  s    4       org.lwjgl.opengl.EventQueue::copyEvents (77 bytes)
Event: 45.115 Thread 0x00000213433f3720 nmethod 3384 0x000002132f0c1f90 code [0x000002132f0c21a0, 0x000002132f0c2b88]
Event: 45.248 Thread 0x00000213433f3720 3385 %     4       org.lwjgl.input.Controllers::poll @ 2 (28 bytes)
Event: 45.251 Thread 0x00000213433f3720 nmethod 3385% 0x000002132f0c3510 code [0x000002132f0c36c0, 0x000002132f0c38b0]
Event: 45.290 Thread 0x00000213433f3720 3386       4       net.minecraft.src.InventoryPlayer::getStackInSlot (41 bytes)
Event: 45.291 Thread 0x00000213433f3720 nmethod 3386 0x000002132f0c3b10 code [0x000002132f0c3ca0, 0x000002132f0c3dc8]
Event: 45.491 Thread 0x00000213433f3720 3387       4       net.minecraft.src.TextureFX::bindImage (43 bytes)
Event: 45.528 Thread 0x00000213433f3720 nmethod 3387 0x000002132f0c3f10 code [0x000002132f0c4100, 0x000002132f0c4420]
Event: 45.529 Thread 0x00000213433f3720 3388       4       net.minecraft.src.EntityItem::onUpdate (357 bytes)
Event: 45.534 Thread 0x00000213433f3720 nmethod 3388 0x000002132f0c4790 code [0x000002132f0c4b00, 0x000002132f0c56c8]
Event: 45.653 Thread 0x00000213433f3720 3389       4       net.minecraft.src.SlotInventory::getIsMouseOverSlot (96 bytes)
Event: 45.653 Thread 0x00000213433f3720 nmethod 3389 0x000002132f0c6010 code [0x000002132f0c61a0, 0x000002132f0c62a0]
Event: 45.662 Thread 0x00000213433f3720 3390       4       java.io.File::isInvalid (47 bytes)
Event: 45.664 Thread 0x00000213433f4f80 3391       3       net.minecraft.src.NBTTagList::writeTagContents (104 bytes)
Event: 45.664 Thread 0x00000213433f3720 nmethod 3390 0x000002132f0c6390 code [0x000002132f0c6540, 0x000002132f0c69b8]
Event: 45.664 Thread 0x00000213433f4f80 nmethod 3391 0x0000021327806410 code [0x0000021327806680, 0x00000213278071f0]
Event: 45.958 Thread 0x00000213433f3720 3392       4       net.minecraft.src.EntityChicken::onLivingUpdate (240 bytes)
Event: 45.960 Thread 0x00000213433f3720 nmethod 3392 0x000002132f0c6c10 code [0x000002132f0c6e00, 0x000002132f0c7058]
Event: 46.176 Thread 0x00000213433f3720 3393       4       net.minecraft.src.MCHashTable::addKey (75 bytes)
Event: 46.178 Thread 0x00000213433f3720 nmethod 3393 0x000002132f0c7190 code [0x000002132f0c7340, 0x000002132f0c7710]

GC Heap History (20 events):
Event: 2.216 GC heap before
{Heap before GC invocations=0 (full 0):
 garbage-first heap   total 516096K, used 32768K [0x0000000608c00000, 0x0000000800000000)
  region size 4096K, 6 young (24576K), 0 survivors (0K)
 Metaspace       used 11811K, committed 12096K, reserved 1114112K
  class space    used 1155K, committed 1280K, reserved 1048576K
}
Event: 2.224 GC heap after
{Heap after GC invocations=1 (full 0):
 garbage-first heap   total 516096K, used 17635K [0x0000000608c00000, 0x0000000800000000)
  region size 4096K, 1 young (4096K), 1 survivors (4096K)
 Metaspace       used 11811K, committed 12096K, reserved 1114112K
  class space    used 1155K, committed 1280K, reserved 1048576K
}
Event: 4.010 GC heap before
{Heap before GC invocations=1 (full 0):
 garbage-first heap   total 516096K, used 17635K [0x0000000608c00000, 0x0000000800000000)
  region size 4096K, 2 young (8192K), 1 survivors (4096K)
 Metaspace       used 12372K, committed 12672K, reserved 1114112K
  class space    used 1204K, committed 1344K, reserved 1048576K
}
Event: 4.026 GC heap after
{Heap after GC invocations=2 (full 1):
 garbage-first heap   total 69632K, used 17386K [0x0000000608c00000, 0x0000000800000000)
  region size 4096K, 0 young (0K), 0 survivors (0K)
 Metaspace       used 12372K, committed 12672K, reserved 1114112K
  class space    used 1204K, committed 1344K, reserved 1048576K
}
Event: 4.027 GC heap before
{Heap before GC invocations=2 (full 1):
 garbage-first heap   total 69632K, used 17386K [0x0000000608c00000, 0x0000000800000000)
  region size 4096K, 1 young (4096K), 0 survivors (0K)
 Metaspace       used 12372K, committed 12672K, reserved 1114112K
  class space    used 1204K, committed 1344K, reserved 1048576K
}
Event: 4.051 GC heap after
{Heap after GC invocations=3 (full 2):
 garbage-first heap   total 69632K, used 17385K [0x0000000608c00000, 0x0000000800000000)
  region size 4096K, 0 young (0K), 0 survivors (0K)
 Metaspace       used 12372K, committed 12672K, reserved 1114112K
  class space    used 1204K, committed 1344K, reserved 1048576K
}
Event: 4.986 GC heap before
{Heap before GC invocations=3 (full 2):
 garbage-first heap   total 69632K, used 37865K [0x0000000608c00000, 0x0000000800000000)
  region size 4096K, 5 young (20480K), 0 survivors (0K)
 Metaspace       used 12537K, committed 12800K, reserved 1114112K
  class space    used 1213K, committed 1344K, reserved 1048576K
}
Event: 4.993 GC heap after
{Heap after GC invocations=4 (full 2):
 garbage-first heap   total 69632K, used 35607K [0x0000000608c00000, 0x0000000800000000)
  region size 4096K, 1 young (4096K), 1 survivors (4096K)
 Metaspace       used 12537K, committed 12800K, reserved 1114112K
  class space    used 1213K, committed 1344K, reserved 1048576K
}
Event: 5.324 GC heap before
{Heap before GC invocations=4 (full 2):
 garbage-first heap   total 69632K, used 39703K [0x0000000608c00000, 0x0000000800000000)
  region size 4096K, 2 young (8192K), 1 survivors (4096K)
 Metaspace       used 12555K, committed 12800K, reserved 1114112K
  class space    used 1213K, committed 1344K, reserved 1048576K
}
Event: 5.327 GC heap after
{Heap after GC invocations=5 (full 2):
 garbage-first heap   total 69632K, used 39255K [0x0000000608c00000, 0x0000000800000000)
  region size 4096K, 1 young (4096K), 1 survivors (4096K)
 Metaspace       used 12555K, committed 12800K, reserved 1114112K
  class space    used 1213K, committed 1344K, reserved 1048576K
}
Event: 5.510 GC heap before
{Heap before GC invocations=6 (full 2):
 garbage-first heap   total 77824K, used 43351K [0x0000000608c00000, 0x0000000800000000)
  region size 4096K, 2 young (8192K), 1 survivors (4096K)
 Metaspace       used 12605K, committed 12864K, reserved 1114112K
  class space    used 1219K, committed 1344K, reserved 1048576K
}
Event: 5.513 GC heap after
{Heap after GC invocations=7 (full 2):
 garbage-first heap   total 77824K, used 42998K [0x0000000608c00000, 0x0000000800000000)
  region size 4096K, 1 young (4096K), 1 survivors (4096K)
 Metaspace       used 12605K, committed 12864K, reserved 1114112K
  class space    used 1219K, committed 1344K, reserved 1048576K
}
Event: 5.563 GC heap before
{Heap before GC invocations=7 (full 2):
 garbage-first heap   total 77824K, used 42998K [0x0000000608c00000, 0x0000000800000000)
  region size 4096K, 2 young (8192K), 1 survivors (4096K)
 Metaspace       used 12629K, committed 12864K, reserved 1114112K
  class space    used 1221K, committed 1344K, reserved 1048576K
}
Event: 5.585 GC heap after
{Heap after GC invocations=8 (full 3):
 garbage-first heap   total 77824K, used 43196K [0x0000000608c00000, 0x0000000800000000)
  region size 4096K, 0 young (0K), 0 survivors (0K)
 Metaspace       used 12629K, committed 12864K, reserved 1114112K
  class space    used 1221K, committed 1344K, reserved 1048576K
}
Event: 6.059 GC heap before
{Heap before GC invocations=8 (full 3):
 garbage-first heap   total 77824K, used 47292K [0x0000000608c00000, 0x0000000800000000)
  region size 4096K, 2 young (8192K), 0 survivors (0K)
 Metaspace       used 12795K, committed 12992K, reserved 1114112K
  class space    used 1232K, committed 1344K, reserved 1048576K
}
Event: 6.061 GC heap after
{Heap after GC invocations=9 (full 3):
 garbage-first heap   total 77824K, used 47437K [0x0000000608c00000, 0x0000000800000000)
  region size 4096K, 1 young (4096K), 1 survivors (4096K)
 Metaspace       used 12795K, committed 12992K, reserved 1114112K
  class space    used 1232K, committed 1344K, reserved 1048576K
}
Event: 6.532 GC heap before
{Heap before GC invocations=10 (full 3):
 garbage-first heap   total 90112K, used 47437K [0x0000000608c00000, 0x0000000800000000)
  region size 4096K, 2 young (8192K), 1 survivors (4096K)
 Metaspace       used 12800K, committed 12992K, reserved 1114112K
  class space    used 1232K, committed 1344K, reserved 1048576K
}
Event: 6.535 GC heap after
{Heap after GC invocations=11 (full 3):
 garbage-first heap   total 303104K, used 51169K [0x0000000608c00000, 0x0000000800000000)
  region size 4096K, 1 young (4096K), 1 survivors (4096K)
 Metaspace       used 12800K, committed 12992K, reserved 1114112K
  class space    used 1232K, committed 1344K, reserved 1048576K
}
Event: 38.212 GC heap before
{Heap before GC invocations=11 (full 3):
 garbage-first heap   total 303104K, used 120801K [0x0000000608c00000, 0x0000000800000000)
  region size 4096K, 19 young (77824K), 1 survivors (4096K)
 Metaspace       used 13527K, committed 13760K, reserved 1114112K
  class space    used 1253K, committed 1408K, reserved 1048576K
}
Event: 38.222 GC heap after
{Heap after GC invocations=12 (full 3):
 garbage-first heap   total 303104K, used 72278K [0x0000000608c00000, 0x0000000800000000)
  region size 4096K, 3 young (12288K), 3 survivors (12288K)
 Metaspace       used 13527K, committed 13760K, reserved 1114112K
  class space    used 1253K, committed 1408K, reserved 1048576K
}

Dll operation events (15 events):
Event: 0.010 Loaded shared library C:\Users\gagek\.p2\pool\plugins\org.eclipse.justj.openjdk.hotspot.jre.full.win32.x86_64_21.0.8.v20250724-1412\jre\bin\java.dll
Event: 0.051 Loaded shared library C:\Users\gagek\.p2\pool\plugins\org.eclipse.justj.openjdk.hotspot.jre.full.win32.x86_64_21.0.8.v20250724-1412\jre\bin\zip.dll
Event: 0.093 Loaded shared library C:\Users\gagek\.p2\pool\plugins\org.eclipse.justj.openjdk.hotspot.jre.full.win32.x86_64_21.0.8.v20250724-1412\jre\bin\net.dll
Event: 0.096 Loaded shared library C:\Users\gagek\.p2\pool\plugins\org.eclipse.justj.openjdk.hotspot.jre.full.win32.x86_64_21.0.8.v20250724-1412\jre\bin\nio.dll
Event: 0.099 Loaded shared library C:\Users\gagek\.p2\pool\plugins\org.eclipse.justj.openjdk.hotspot.jre.full.win32.x86_64_21.0.8.v20250724-1412\jre\bin\zip.dll
Event: 0.142 Loaded shared library C:\Users\gagek\.p2\pool\plugins\org.eclipse.justj.openjdk.hotspot.jre.full.win32.x86_64_21.0.8.v20250724-1412\jre\bin\jimage.dll
Event: 0.160 Loaded shared library C:\Users\gagek\.p2\pool\plugins\org.eclipse.justj.openjdk.hotspot.jre.full.win32.x86_64_21.0.8.v20250724-1412\jre\bin\awt.dll
Event: 0.297 Loaded shared library C:\Users\gagek\.p2\pool\plugins\org.eclipse.justj.openjdk.hotspot.jre.full.win32.x86_64_21.0.8.v20250724-1412\jre\bin\freetype.dll
Event: 0.298 Loaded shared library C:\Users\gagek\.p2\pool\plugins\org.eclipse.justj.openjdk.hotspot.jre.full.win32.x86_64_21.0.8.v20250724-1412\jre\bin\fontmanager.dll
Event: 0.449 Loaded shared library C:\Users\gagek\.p2\pool\plugins\org.eclipse.justj.openjdk.hotspot.jre.full.win32.x86_64_21.0.8.v20250724-1412\jre\bin\verify.dll
Event: 0.459 Loaded shared library C:\MinecraftAlphaDev\libraries\natives\lwjgl64.dll
Event: 0.473 Loaded shared library C:\Users\gagek\.p2\pool\plugins\org.eclipse.justj.openjdk.hotspot.jre.full.win32.x86_64_21.0.8.v20250724-1412\jre\bin\jawt.dll
Event: 1.243 Loaded shared library C:\MinecraftAlphaDev\libraries\natives\jinput-dx8_64.dll
Event: 1.436 Loaded shared library C:\MinecraftAlphaDev\libraries\natives\jinput-raw_64.dll
Event: 2.242 Loaded shared library C:\Users\gagek\.p2\pool\plugins\org.eclipse.justj.openjdk.hotspot.jre.full.win32.x86_64_21.0.8.v20250724-1412\jre\bin\extnet.dll

Deoptimization events (20 events):
Event: 43.073 Thread 0x0000021389081060 Uncommon trap: trap_request=0xffffff45 fr.pc=0x000002132f0a44ac relative=0x00000000000011ec
Event: 43.073 Thread 0x0000021389081060 Uncommon trap: reason=unstable_if action=reinterpret pc=0x000002132f0a44ac method=net.minecraft.src.EntityLiving.moveEntityWithHeading(FF)V @ 136 c2
Event: 43.073 Thread 0x0000021389081060 DEOPT PACKING pc=0x000002132f0a44ac sp=0x00000070e5eff090
Event: 43.073 Thread 0x0000021389081060 DEOPT UNPACKING pc=0x000002132e7e46a2 sp=0x00000070e5eff088 mode 2
Event: 43.416 Thread 0x0000021389081060 Uncommon trap: trap_request=0xffffff45 fr.pc=0x000002132ef653b0 relative=0x00000000000001f0
Event: 43.416 Thread 0x0000021389081060 Uncommon trap: reason=unstable_if action=reinterpret pc=0x000002132ef653b0 method=net.minecraft.src.EntityItem.onUpdate()V @ 88 c2
Event: 43.416 Thread 0x0000021389081060 DEOPT PACKING pc=0x000002132ef653b0 sp=0x00000070e5eff2b0
Event: 43.416 Thread 0x0000021389081060 DEOPT UNPACKING pc=0x000002132e7e46a2 sp=0x00000070e5eff240 mode 2
Event: 43.484 Thread 0x0000021389081060 Uncommon trap: trap_request=0xffffffde fr.pc=0x000002132f0b77d4 relative=0x00000000000038b4
Event: 43.484 Thread 0x0000021389081060 Uncommon trap: reason=class_check action=maybe_recompile pc=0x000002132f0b77d4 method=net.minecraft.src.Entity.moveEntity(DDD)V @ 1711 c2
Event: 43.484 Thread 0x0000021389081060 DEOPT PACKING pc=0x000002132f0b77d4 sp=0x00000070e5eff130
Event: 43.484 Thread 0x0000021389081060 DEOPT UNPACKING pc=0x000002132e7e46a2 sp=0x00000070e5eff0c0 mode 2
Event: 43.484 Thread 0x0000021389081060 Uncommon trap: trap_request=0xffffffde fr.pc=0x000002132f0b77d4 relative=0x00000000000038b4
Event: 43.484 Thread 0x0000021389081060 Uncommon trap: reason=class_check action=maybe_recompile pc=0x000002132f0b77d4 method=net.minecraft.src.Entity.moveEntity(DDD)V @ 1711 c2
Event: 43.484 Thread 0x0000021389081060 DEOPT PACKING pc=0x000002132f0b77d4 sp=0x00000070e5eff130
Event: 43.484 Thread 0x0000021389081060 DEOPT UNPACKING pc=0x000002132e7e46a2 sp=0x00000070e5eff0c0 mode 2
Event: 46.390 Thread 0x000002134357d3a0 Uncommon trap: trap_request=0xffffffcc fr.pc=0x000002132ee14ac4 relative=0x0000000000000204
Event: 46.390 Thread 0x000002134357d3a0 Uncommon trap: reason=intrinsic_or_type_checked_inlining action=make_not_entrant pc=0x000002132ee14ac4 method=java.util.Arrays.copyOf([Ljava/lang/Object;ILjava/lang/Class;)[Ljava/lang/Object; @ 35 c2
Event: 46.390 Thread 0x000002134357d3a0 DEOPT PACKING pc=0x000002132ee14ac4 sp=0x00000070e7dff3c0
Event: 46.390 Thread 0x000002134357d3a0 DEOPT UNPACKING pc=0x000002132e7e46a2 sp=0x00000070e7dff368 mode 2

Classes loaded (20 events):
Event: 5.707 Loading class sun/net/www/protocol/https/Handler
Event: 5.707 Loading class sun/net/www/protocol/https/Handler done
Event: 5.708 Loading class sun/net/www/http/KeepAliveCache$1
Event: 5.708 Loading class sun/net/www/http/KeepAliveCache$1 done
Event: 5.708 Loading class sun/net/www/http/KeepAliveCache$ClientVector
Event: 5.708 Loading class sun/net/www/http/KeepAliveCache$ClientVector done
Event: 5.709 Loading class sun/net/www/http/KeepAliveEntry
Event: 5.709 Loading class sun/net/www/http/KeepAliveEntry done
Event: 5.709 Loading class sun/net/www/protocol/http/EmptyInputStream
Event: 5.709 Loading class sun/net/www/protocol/http/EmptyInputStream done
Event: 8.429 Loading class java/util/zip/Deflater
Event: 8.429 Loading class java/util/zip/Deflater done
Event: 8.430 Loading class java/util/zip/Deflater$DeflaterZStreamRef
Event: 8.430 Loading class java/util/zip/Deflater$DeflaterZStreamRef done
Event: 44.430 Loading class java/lang/FdLibm$Log
Event: 44.430 Loading class java/lang/FdLibm$Log done
Event: 46.390 Loading class java/util/WeakHashMap$KeyIterator
Event: 46.390 Loading class java/util/WeakHashMap$HashIterator
Event: 46.391 Loading class java/util/WeakHashMap$HashIterator done
Event: 46.391 Loading class java/util/WeakHashMap$KeyIterator done

Classes unloaded (0 events):
No events

Classes redefined (0 events):
No events

Internal exceptions (20 events):
Event: 45.573 Thread 0x00000213897a8250 Exception <a 'java/lang/InterruptedException'{0x000000061b1e09b8}: sleep interrupted> (0x000000061b1e09b8) 
thrown [s\src\hotspot\share\prims\jvm.cpp, line 3074]
Event: 45.616 Thread 0x00000213897a8250 Exception <a 'java/lang/InterruptedException'{0x000000061b1e0d10}: sleep interrupted> (0x000000061b1e0d10) 
thrown [s\src\hotspot\share\prims\jvm.cpp, line 3074]
Event: 45.668 Thread 0x00000213897a8250 Exception <a 'java/lang/InterruptedException'{0x000000061b1e1068}: sleep interrupted> (0x000000061b1e1068) 
thrown [s\src\hotspot\share\prims\jvm.cpp, line 3074]
Event: 45.708 Thread 0x00000213897a8250 Exception <a 'java/lang/InterruptedException'{0x000000061b1e13c0}: sleep interrupted> (0x000000061b1e13c0) 
thrown [s\src\hotspot\share\prims\jvm.cpp, line 3074]
Event: 45.749 Thread 0x00000213897a8250 Exception <a 'java/lang/InterruptedException'{0x000000061b1e1718}: sleep interrupted> (0x000000061b1e1718) 
thrown [s\src\hotspot\share\prims\jvm.cpp, line 3074]
Event: 45.789 Thread 0x00000213897a8250 Exception <a 'java/lang/InterruptedException'{0x000000061b1e1a70}: sleep interrupted> (0x000000061b1e1a70) 
thrown [s\src\hotspot\share\prims\jvm.cpp, line 3074]
Event: 45.833 Thread 0x00000213897a8250 Exception <a 'java/lang/InterruptedException'{0x000000061b1e1dc8}: sleep interrupted> (0x000000061b1e1dc8) 
thrown [s\src\hotspot\share\prims\jvm.cpp, line 3074]
Event: 45.877 Thread 0x00000213897a8250 Exception <a 'java/lang/InterruptedException'{0x000000061b1e2120}: sleep interrupted> (0x000000061b1e2120) 
thrown [s\src\hotspot\share\prims\jvm.cpp, line 3074]
Event: 45.921 Thread 0x00000213897a8250 Exception <a 'java/lang/InterruptedException'{0x000000061b1e2478}: sleep interrupted> (0x000000061b1e2478) 
thrown [s\src\hotspot\share\prims\jvm.cpp, line 3074]
Event: 45.960 Thread 0x00000213897a8250 Exception <a 'java/lang/InterruptedException'{0x000000061b1e27d0}: sleep interrupted> (0x000000061b1e27d0) 
thrown [s\src\hotspot\share\prims\jvm.cpp, line 3074]
Event: 46.004 Thread 0x00000213897a8250 Exception <a 'java/lang/InterruptedException'{0x000000061b1e2b28}: sleep interrupted> (0x000000061b1e2b28) 
thrown [s\src\hotspot\share\prims\jvm.cpp, line 3074]
Event: 46.046 Thread 0x00000213897a8250 Exception <a 'java/lang/InterruptedException'{0x000000061b1e2e80}: sleep interrupted> (0x000000061b1e2e80) 
thrown [s\src\hotspot\share\prims\jvm.cpp, line 3074]
Event: 46.090 Thread 0x00000213897a8250 Exception <a 'java/lang/InterruptedException'{0x000000061b1e31d8}: sleep interrupted> (0x000000061b1e31d8) 
thrown [s\src\hotspot\share\prims\jvm.cpp, line 3074]
Event: 46.131 Thread 0x00000213897a8250 Exception <a 'java/lang/InterruptedException'{0x000000061b1e3530}: sleep interrupted> (0x000000061b1e3530) 
thrown [s\src\hotspot\share\prims\jvm.cpp, line 3074]
Event: 46.131 Thread 0x00000213897a8250 Exception <a 'java/lang/InterruptedException'{0x000000061b1e3888}: sleep interrupted> (0x000000061b1e3888) 
thrown [s\src\hotspot\share\prims\jvm.cpp, line 3052]
Event: 46.177 Thread 0x00000213897a8250 Exception <a 'java/lang/InterruptedException'{0x000000061b1e3ba0}: sleep interrupted> (0x000000061b1e3ba0) 
thrown [s\src\hotspot\share\prims\jvm.cpp, line 3074]
Event: 46.212 Thread 0x00000213897a8250 Exception <a 'java/lang/InterruptedException'{0x000000061b1e3ef8}: sleep interrupted> (0x000000061b1e3ef8) 
thrown [s\src\hotspot\share\prims\jvm.cpp, line 3074]
Event: 46.259 Thread 0x00000213897a8250 Exception <a 'java/lang/InterruptedException'{0x000000061b1e4250}: sleep interrupted> (0x000000061b1e4250) 
thrown [s\src\hotspot\share\prims\jvm.cpp, line 3074]
Event: 46.305 Thread 0x00000213897a8250 Exception <a 'java/lang/InterruptedException'{0x000000061b1e45a8}: sleep interrupted> (0x000000061b1e45a8) 
thrown [s\src\hotspot\share\prims\jvm.cpp, line 3074]
Event: 46.345 Thread 0x00000213897a8250 Exception <a 'java/lang/InterruptedException'{0x000000061b1e4900}: sleep interrupted> (0x000000061b1e4900) 
thrown [s\src\hotspot\share\prims\jvm.cpp, line 3074]

ZGC Phase Switch (0 events):
No events

VM Operations (20 events):
Event: 34.064 Executing VM operation: Cleanup done
Event: 35.064 Executing VM operation: Cleanup
Event: 35.064 Executing VM operation: Cleanup done
Event: 36.064 Executing VM operation: Cleanup
Event: 36.065 Executing VM operation: Cleanup done
Event: 38.067 Executing VM operation: Cleanup
Event: 38.067 Executing VM operation: Cleanup done
Event: 38.212 Executing VM operation: G1CollectForAllocation (G1 Evacuation Pause)
Event: 38.223 Executing VM operation: G1CollectForAllocation (G1 Evacuation Pause) done
Event: 40.223 Executing VM operation: Cleanup
Event: 40.223 Executing VM operation: Cleanup done
Event: 41.224 Executing VM operation: Cleanup
Event: 41.224 Executing VM operation: Cleanup done
Event: 42.226 Executing VM operation: Cleanup
Event: 42.226 Executing VM operation: Cleanup done
Event: 43.227 Executing VM operation: Cleanup
Event: 43.227 Executing VM operation: Cleanup done
Event: 45.227 Executing VM operation: Cleanup
Event: 45.227 Executing VM operation: Cleanup done
Event: 46.494 Executing VM operation: Exit

Memory protections (0 events):
No events

Nmethod flushes (20 events):
Event: 5.573 Thread 0x0000021342a2e280 flushing  nmethod 0x0000021327408910
Event: 5.573 Thread 0x0000021342a2e280 flushing  nmethod 0x000002132740a790
Event: 5.573 Thread 0x0000021342a2e280 flushing  nmethod 0x000002132740b590
Event: 5.573 Thread 0x0000021342a2e280 flushing  nmethod 0x0000021327436610
Event: 5.573 Thread 0x0000021342a2e280 flushing  nmethod 0x0000021327475f10
Event: 5.573 Thread 0x0000021342a2e280 flushing  nmethod 0x000002132748b690
Event: 5.573 Thread 0x0000021342a2e280 flushing  nmethod 0x00000213274dd490
Event: 5.573 Thread 0x0000021342a2e280 flushing  nmethod 0x0000021327523f90
Event: 5.573 Thread 0x0000021342a2e280 flushing  nmethod 0x0000021327562f10
Event: 6.072 Thread 0x0000021342a2e280 flushing  nmethod 0x0000021327290710
Event: 6.072 Thread 0x0000021342a2e280 flushing  nmethod 0x00000213273fe590
Event: 6.072 Thread 0x0000021342a2e280 flushing  nmethod 0x00000213273fe910
Event: 6.072 Thread 0x0000021342a2e280 flushing  nmethod 0x00000213274c0a10
Event: 6.072 Thread 0x0000021342a2e280 flushing  nmethod 0x0000021327303990
Event: 6.072 Thread 0x0000021342a2e280 flushing  nmethod 0x0000021327420910
Event: 6.072 Thread 0x0000021342a2e280 flushing  nmethod 0x0000021327421110
Event: 6.072 Thread 0x0000021342a2e280 flushing  nmethod 0x00000213274ea790
Event: 6.072 Thread 0x0000021342a2e280 flushing  nmethod 0x000002132750c710
Event: 6.072 Thread 0x0000021342a2e280 flushing  nmethod 0x000002132750cd10
Event: 6.072 Thread 0x0000021342a2e280 flushing  nmethod 0x000002132750d990

Events (20 events):
Event: 10.061 Thread 0x000002138f99a3b0 Thread exited: 0x000002138f99a3b0
Event: 10.078 Thread 0x0000021343748180 Thread exited: 0x0000021343748180
Event: 13.234 Thread 0x00000213433f4f80 Thread added: 0x0000021399ca5010
Event: 13.469 Thread 0x0000021399ca5010 Thread exited: 0x0000021399ca5010
Event: 20.712 Thread 0x000002138f750220 Thread exited: 0x000002138f750220
Event: 46.388 Thread 0x0000021389081060 Thread exited: 0x0000021389081060
Event: 46.389 Thread 0x0000021389016bd0 Thread added: 0x000002134357cd10
Event: 46.389 Thread 0x0000021389016bd0 Thread added: 0x000002134357c680
Event: 46.389 Thread 0x0000021389016bd0 Thread added: 0x000002134357d3a0
Event: 46.389 Thread 0x0000021389016bd0 Thread added: 0x000002134357b2d0
Event: 46.389 Thread 0x0000021389016bd0 Thread added: 0x0000021343579f20
Event: 46.389 Thread 0x0000021389016bd0 Thread added: 0x000002134357ac40
Event: 46.390 Thread 0x000002134357cd10 Thread exited: 0x000002134357cd10
Event: 46.390 Thread 0x000002134357d3a0 Thread exited: 0x000002134357d3a0
Event: 46.391 Thread 0x0000021343579f20 Thread exited: 0x0000021343579f20
Event: 46.391 Thread 0x000002134357c680 Thread exited: 0x000002134357c680
Event: 46.398 Thread 0x000002134357ac40 Thread exited: 0x000002134357ac40
Event: 46.442 Thread 0x00000213437b48f0 Thread exited: 0x00000213437b48f0
Event: 46.494 Thread 0x000002134357b2d0 Thread exited: 0x000002134357b2d0
Event: 46.494 Thread 0x0000021389016bd0 Before exit entered


Dynamic libraries:
0x00007ff7d8d50000 - 0x00007ff7d8d5e000 	C:\Users\gagek\.p2\pool\plugins\org.eclipse.justj.openjdk.hotspot.jre.full.win32.x86_64_21.0.8.v20250724-1412\jre\bin\javaw.exe
0x00007ffe18220000 - 0x00007ffe18487000 	C:\windows\SYSTEM32\ntdll.dll
0x00007ffe17580000 - 0x00007ffe17649000 	C:\windows\System32\KERNEL32.DLL
0x00007ffe15590000 - 0x00007ffe15980000 	C:\windows\System32\KERNELBASE.dll
0x00007ffe15e60000 - 0x00007ffe15fab000 	C:\windows\System32\ucrtbase.dll
0x00007ffdee8c0000 - 0x00007ffdee8de000 	C:\Users\gagek\.p2\pool\plugins\org.eclipse.justj.openjdk.hotspot.jre.full.win32.x86_64_21.0.8.v20250724-1412\jre\bin\VCRUNTIME140.dll
0x00007ffdec100000 - 0x00007ffdec118000 	C:\Users\gagek\.p2\pool\plugins\org.eclipse.justj.openjdk.hotspot.jre.full.win32.x86_64_21.0.8.v20250724-1412\jre\bin\jli.dll
0x00007ffe15fb0000 - 0x00007ffe16175000 	C:\windows\System32\USER32.dll
0x00007ffe15560000 - 0x00007ffe15587000 	C:\windows\System32\win32u.dll
0x00007ffe17be0000 - 0x00007ffe17c0b000 	C:\windows\System32\GDI32.dll
0x00007ffdf38e0000 - 0x00007ffdf3b7a000 	C:\windows\WinSxS\amd64_microsoft.windows.common-controls_6595b64144ccf1df_6.0.26100.4768_none_3e0c112ce331287c\COMCTL32.dll
0x00007ffe15b10000 - 0x00007ffe15c48000 	C:\windows\System32\gdi32full.dll
0x00007ffe17860000 - 0x00007ffe17909000 	C:\windows\System32\msvcrt.dll
0x00007ffe154b0000 - 0x00007ffe15553000 	C:\windows\System32\msvcp_win.dll
0x00007ffe17c10000 - 0x00007ffe17c3f000 	C:\windows\System32\IMM32.DLL
0x00007ffe10b20000 - 0x00007ffe10b2c000 	C:\Users\gagek\.p2\pool\plugins\org.eclipse.justj.openjdk.hotspot.jre.full.win32.x86_64_21.0.8.v20250724-1412\jre\bin\vcruntime140_1.dll
0x00007ffdc9240000 - 0x00007ffdc92cd000 	C:\Users\gagek\.p2\pool\plugins\org.eclipse.justj.openjdk.hotspot.jre.full.win32.x86_64_21.0.8.v20250724-1412\jre\bin\msvcp140.dll
0x00007ffd33410000 - 0x00007ffd341a7000 	C:\Users\gagek\.p2\pool\plugins\org.eclipse.justj.openjdk.hotspot.jre.full.win32.x86_64_21.0.8.v20250724-1412\jre\bin\server\jvm.dll
0x00007ffe16b50000 - 0x00007ffe16c04000 	C:\windows\System32\ADVAPI32.dll
0x00007ffe17910000 - 0x00007ffe179b6000 	C:\windows\System32\sechost.dll
0x00007ffe179c0000 - 0x00007ffe17ad8000 	C:\windows\System32\RPCRT4.dll
0x00007ffe16720000 - 0x00007ffe16794000 	C:\windows\System32\WS2_32.dll
0x00007ffe151b0000 - 0x00007ffe1520e000 	C:\windows\SYSTEM32\POWRPROF.dll
0x00007ffe0d720000 - 0x00007ffe0d755000 	C:\windows\SYSTEM32\WINMM.dll
0x00007ffe0a3a0000 - 0x00007ffe0a3ab000 	C:\windows\SYSTEM32\VERSION.dll
0x00007ffe15190000 - 0x00007ffe151a4000 	C:\windows\SYSTEM32\UMPDC.dll
0x00007ffe14090000 - 0x00007ffe140ab000 	C:\windows\SYSTEM32\kernel.appcore.dll
0x00007ffe11210000 - 0x00007ffe1121a000 	C:\Users\gagek\.p2\pool\plugins\org.eclipse.justj.openjdk.hotspot.jre.full.win32.x86_64_21.0.8.v20250724-1412\jre\bin\jimage.dll
0x00007ffe12700000 - 0x00007ffe12941000 	C:\windows\SYSTEM32\DBGHELP.DLL
0x00007ffe167c0000 - 0x00007ffe16b45000 	C:\windows\System32\combase.dll
0x00007ffe173f0000 - 0x00007ffe174d0000 	C:\windows\System32\OLEAUT32.dll
0x00007ffdf4390000 - 0x00007ffdf43d3000 	C:\windows\SYSTEM32\dbgcore.DLL
0x00007ffe15410000 - 0x00007ffe154a9000 	C:\windows\System32\bcryptPrimitives.dll
0x00007ffe10f30000 - 0x00007ffe10f4f000 	C:\Users\gagek\.p2\pool\plugins\org.eclipse.justj.openjdk.hotspot.jre.full.win32.x86_64_21.0.8.v20250724-1412\jre\bin\java.dll
0x00007ffe16c10000 - 0x00007ffe1735d000 	C:\windows\System32\SHELL32.dll
0x00007ffe15990000 - 0x00007ffe15b03000 	C:\windows\System32\wintypes.dll
0x00007ffe12ef0000 - 0x00007ffe13750000 	C:\windows\SYSTEM32\windows.storage.dll
0x00007ffe17ae0000 - 0x00007ffe17bd5000 	C:\windows\System32\SHCORE.dll
0x00007ffe17cb0000 - 0x00007ffe17d1a000 	C:\windows\System32\shlwapi.dll
0x00007ffe15270000 - 0x00007ffe15299000 	C:\windows\SYSTEM32\profapi.dll
0x00007ffe10ed0000 - 0x00007ffe10ee8000 	C:\Users\gagek\.p2\pool\plugins\org.eclipse.justj.openjdk.hotspot.jre.full.win32.x86_64_21.0.8.v20250724-1412\jre\bin\zip.dll
0x00007ffe11200000 - 0x00007ffe11210000 	C:\Users\gagek\.p2\pool\plugins\org.eclipse.justj.openjdk.hotspot.jre.full.win32.x86_64_21.0.8.v20250724-1412\jre\bin\net.dll
0x00007ffe0e680000 - 0x00007ffe0e79e000 	C:\windows\SYSTEM32\WINHTTP.dll
0x00007ffe14600000 - 0x00007ffe1466b000 	C:\windows\system32\mswsock.dll
0x00007ffe111c0000 - 0x00007ffe111d6000 	C:\Users\gagek\.p2\pool\plugins\org.eclipse.justj.openjdk.hotspot.jre.full.win32.x86_64_21.0.8.v20250724-1412\jre\bin\nio.dll
0x00007ffdbe4a0000 - 0x00007ffdbe62e000 	C:\Users\gagek\.p2\pool\plugins\org.eclipse.justj.openjdk.hotspot.jre.full.win32.x86_64_21.0.8.v20250724-1412\jre\bin\awt.dll
0x00007ffe11250000 - 0x00007ffe112ee000 	C:\windows\SYSTEM32\apphelp.dll
0x00007ffe11730000 - 0x00007ffe11765000 	C:\windows\system32\DWMAPI.DLL
0x00007ffe115c0000 - 0x00007ffe1166f000 	C:\windows\system32\uxtheme.dll
0x00007ffdb5e30000 - 0x00007ffdb5f48000 	C:\windows\system32\opengl32.dll
0x00007ffde63c0000 - 0x00007ffde63ed000 	C:\windows\SYSTEM32\GLU32.dll
0x00007ffe11c50000 - 0x00007ffe11c9d000 	C:\windows\SYSTEM32\dxcore.dll
0x00007ffe165b0000 - 0x00007ffe16711000 	C:\windows\System32\MSCTF.dll
0x00007ffe16400000 - 0x00007ffe165a0000 	C:\windows\System32\ole32.dll
0x00007ffdca8c0000 - 0x00007ffdca947000 	C:\Users\gagek\.p2\pool\plugins\org.eclipse.justj.openjdk.hotspot.jre.full.win32.x86_64_21.0.8.v20250724-1412\jre\bin\freetype.dll
0x00007ffdb5680000 - 0x00007ffdb576b000 	C:\Users\gagek\.p2\pool\plugins\org.eclipse.justj.openjdk.hotspot.jre.full.win32.x86_64_21.0.8.v20250724-1412\jre\bin\fontmanager.dll
0x00007ffe06dc0000 - 0x00007ffe06f11000 	C:\windows\SYSTEM32\textinputframework.dll
0x00007ffdcf690000 - 0x00007ffdcf70d000 	C:\windows\system32\Oleacc.dll
0x00007ffe17750000 - 0x00007ffe177f8000 	C:\windows\System32\clbcatq.dll
0x00007ffdd46f0000 - 0x00007ffdd474e000 	C:\windows\system32\ApplicationTargetedFeatureDatabase.dll
0x00007ffe0ac30000 - 0x00007ffe0ae68000 	C:\Windows\System32\twinapi.appcore.dll
0x00007ffe10e30000 - 0x00007ffe10e40000 	C:\Users\gagek\.p2\pool\plugins\org.eclipse.justj.openjdk.hotspot.jre.full.win32.x86_64_21.0.8.v20250724-1412\jre\bin\verify.dll
0x0000000180000000 - 0x0000000180053000 	C:\MinecraftAlphaDev\libraries\natives\lwjgl64.dll
0x00007ffe0dec0000 - 0x00007ffe0df89000 	C:\windows\SYSTEM32\mscms.dll
0x00007ffdf7470000 - 0x00007ffdf74e0000 	C:\Windows\System32\Windows.Internal.Graphics.Display.DisplayColorManagement.dll
0x00007ffe14f10000 - 0x00007ffe14f67000 	C:\windows\SYSTEM32\cfgmgr32.dll
0x00007ffe0fee0000 - 0x00007ffe0fee7000 	C:\Users\gagek\.p2\pool\plugins\org.eclipse.justj.openjdk.hotspot.jre.full.win32.x86_64_21.0.8.v20250724-1412\jre\bin\jawt.dll
0x00007ffe0b360000 - 0x00007ffe0b3ca000 	C:\windows\SYSTEM32\directxdatabasehelper.dll
0x00007ffdf9260000 - 0x00007ffdf927a000 	C:\windows\SYSTEM32\windows.staterepositorycore.dll
0x00007ffd11d00000 - 0x00007ffd132cb000 	C:\windows\System32\DriverStore\FileRepository\iigd_dch.inf_amd64_9ce4d8a46710e0e5\igxelpgicd64.dll
0x00007ffd69440000 - 0x00007ffd69463000 	C:\windows\SYSTEM32\d3d12.dll
0x00007ffe12bf0000 - 0x00007ffe12d2e000 	C:\windows\SYSTEM32\dxgi.dll
0x00007ffdfab90000 - 0x00007ffdfad37000 	C:\windows\System32\DriverStore\FileRepository\iigd_dch.inf_amd64_9ce4d8a46710e0e5\igdml64.dll
0x00007ffe04790000 - 0x00007ffe04d23000 	C:\windows\System32\DriverStore\FileRepository\iigd_dch.inf_amd64_9ce4d8a46710e0e5\igdgmm64.dll
0x00007ffd96ac0000 - 0x00007ffd96d37000 	C:\windows\SYSTEM32\D3D12Core.dll
0x00007ffe15240000 - 0x00007ffe15266000 	C:\windows\SYSTEM32\bcrypt.dll
0x00007ffe0aea0000 - 0x00007ffe0b01c000 	C:\windows\SYSTEM32\drvstore.dll
0x00007ffdfdf10000 - 0x00007ffe03036000 	C:\windows\System32\DriverStore\FileRepository\iigd_dch.inf_amd64_9ce4d8a46710e0e5\igc64.dll
0x00007ffe0daa0000 - 0x00007ffe0dace000 	C:\windows\SYSTEM32\D3DSCache.dll
0x00007ffe146a0000 - 0x00007ffe146cb000 	C:\windows\SYSTEM32\USERENV.dll
0x00007ffd32f90000 - 0x00007ffd3340e000 	C:\Users\gagek\AppData\Roaming\ow-electron\jilehohlakeokncafogkgnicgndeecdiengddbcc\packages\emifmpeaagaaglhaimndbhcpkjfmjhfnjjpoibdo\1.8.21\owe-client-x64.dll
0x00007ffe141c0000 - 0x00007ffe141f6000 	C:\windows\SYSTEM32\ntmarta.dll
0x00007ffe108d0000 - 0x00007ffe10afa000 	C:\windows\SYSTEM32\dcomp.dll
0x00007ffe101d0000 - 0x00007ffe101e9000 	C:\windows\SYSTEM32\Microsoft.Internal.WarpPal.dll
0x00007ffe10f50000 - 0x00007ffe11075000 	C:\windows\SYSTEM32\CoreMessaging.dll
0x00007ffe08f90000 - 0x00007ffe09273000 	C:\windows\SYSTEM32\CoreUIComponents.dll
0x00007ffe14840000 - 0x00007ffe1484c000 	C:\windows\SYSTEM32\CRYPTBASE.DLL
0x00007ffe149e0000 - 0x00007ffe149fb000 	C:\windows\SYSTEM32\CRYPTSP.dll
0x00007ffe13ff0000 - 0x00007ffe1402b000 	C:\windows\system32\rsaenh.dll
0x00007ffe13a20000 - 0x00007ffe13a53000 	C:\windows\SYSTEM32\IPHLPAPI.DLL
0x00007ffe17800000 - 0x00007ffe1780a000 	C:\windows\System32\NSI.dll
0x000002138a030000 - 0x000002138a046000 	C:\MinecraftAlphaDev\libraries\natives\jinput-dx8_64.dll
0x00007ffdbe950000 - 0x00007ffdbe99b000 	C:\windows\SYSTEM32\DINPUT8.dll
0x00007ffdfd840000 - 0x00007ffdfda22000 	C:\windows\SYSTEM32\inputhost.dll
0x00007ffe13760000 - 0x00007ffe1376f000 	C:\windows\SYSTEM32\HID.DLL
0x00007ffe17d50000 - 0x00007ffe181d6000 	C:\windows\System32\SETUPAPI.DLL
0x00007ffe14f70000 - 0x00007ffe14f9d000 	C:\windows\SYSTEM32\DEVOBJ.dll
0x000002138a0d0000 - 0x000002138a154000 	C:\windows\System32\WINTRUST.dll
0x00007ffe15ce0000 - 0x00007ffe15e57000 	C:\windows\System32\CRYPT32.dll
0x00007ffe14a50000 - 0x00007ffe14a63000 	C:\windows\SYSTEM32\MSASN1.dll
0x000002138a170000 - 0x000002138a184000 	C:\MinecraftAlphaDev\libraries\natives\jinput-raw_64.dll
0x000002138a2e0000 - 0x000002138a344000 	C:\MinecraftAlphaDev\libraries\natives\OpenAL64.dll
0x00007ffe0c5a0000 - 0x00007ffe0c642000 	C:\windows\System32\MMDevApi.dll
0x00007ffdb5ca0000 - 0x00007ffdb5d34000 	C:\windows\SYSTEM32\dsound.dll
0x00007ffd99dd0000 - 0x00007ffd99e81000 	C:\windows\SYSTEM32\ResampleDmo.DLL
0x00007ffd98640000 - 0x00007ffd98671000 	C:\windows\SYSTEM32\winmmbase.dll
0x00007ffdfcc60000 - 0x00007ffdfcc6e000 	C:\windows\SYSTEM32\msdmo.dll
0x00007ffdfa140000 - 0x00007ffdfa302000 	C:\windows\SYSTEM32\AUDIOSES.DLL
0x00007ffe11ae0000 - 0x00007ffe11af4000 	C:\windows\SYSTEM32\resourcepolicyclient.dll
0x00007ffe13a60000 - 0x00007ffe13b86000 	C:\windows\SYSTEM32\DNSAPI.dll
0x00007ffe0e2e0000 - 0x00007ffe0e2eb000 	C:\Windows\System32\rasadhlp.dll
0x00007ffe0ec90000 - 0x00007ffe0ed16000 	C:\windows\System32\fwpuclnt.dll
0x00007ffe0db30000 - 0x00007ffe0db39000 	C:\Users\gagek\.p2\pool\plugins\org.eclipse.justj.openjdk.hotspot.jre.full.win32.x86_64_21.0.8.v20250724-1412\jre\bin\extnet.dll

JVMTI agents: none

dbghelp: loaded successfully - version: 4.0.5 - missing functions: none
symbol engine: initialized successfully - sym options: 0x614 - pdb path: .;C:\Users\gagek\.p2\pool\plugins\org.eclipse.justj.openjdk.hotspot.jre.full.win32.x86_64_21.0.8.v20250724-1412\jre\bin;C:\windows\SYSTEM32;C:\windows\WinSxS\amd64_microsoft.windows.common-controls_6595b64144ccf1df_6.0.26100.4768_none_3e0c112ce331287c;C:\Users\gagek\.p2\pool\plugins\org.eclipse.justj.openjdk.hotspot.jre.full.win32.x86_64_21.0.8.v20250724-1412\jre\bin\server;C:\MinecraftAlphaDev\libraries\natives;C:\windows\System32\DriverStore\FileRepository\iigd_dch.inf_amd64_9ce4d8a46710e0e5;C:\Users\gagek\AppData\Roaming\ow-electron\jilehohlakeokncafogkgnicgndeecdiengddbcc\packages\emifmpeaagaaglhaimndbhcpkjfmjhfnjjpoibdo\1.8.21

VM Arguments:
jvm_args: -Djava.library.path=C:\MinecraftAlphaDev\libraries\natives -Dfile.encoding=UTF-8 -Dstdout.encoding=UTF-8 -Dstderr.encoding=UTF-8 -XX:+ShowCodeDetailsInExceptionMessages 
java_command: net.minecraft.client.Minecraft
java_class_path (initial): C:\MinecraftAlphaDev\minecraft\output;C:\MinecraftAlphaDev\libraries\net\java\jinput\jinput\2.0.5\jinput-2.0.5.jar;C:\MinecraftAlphaDev\libraries\net\java\jutils\jutils\1.0.0\jutils-1.0.0.jar;C:\MinecraftAlphaDev\libraries\org\lwjgl\lwjgl\lwjgl\2.9.4-nightly-20150209\lwjgl-2.9.4-nightly-20150209.jar;C:\MinecraftAlphaDev\libraries\org\lwjgl\lwjgl\lwjgl_util\2.9.4-nightly-20150209\lwjgl_util-2.9.4-nightly-20150209.jar;C:\MinecraftAlphaDev\libraries\org\lwjgl\lwjgl\lwjgl-platform\2.9.4-nightly-20150209\lwjgl-platform-2.9.4-nightly-20150209.jar;C:\MinecraftAlphaDev\libraries\com\paulscode\codecjorbis\20230120\codecjorbis-20230120.jar;C:\MinecraftAlphaDev\libraries\com\paulscode\codecwav\20101023\codecwav-20101023.jar;C:\MinecraftAlphaDev\libraries\com\paulscode\libraryjavasound\20101123\libraryjavasound-20101123.jar;C:\MinecraftAlphaDev\libraries\com\paulscode\librarylwjglopenal\20100824\librarylwjglopenal-20100824.jar;C:\MinecraftAlphaDev\libraries\com\paulscode\soundsystem\20120107\soundsystem-20120107.jar;C:\MinecraftAlphaDev\libraries\org\mcphackers\launchwrapper\1.1.3\launchwrapper-1.1.3.jar;C:\MinecraftAlphaDev\libraries\org\json\json\20230311\json-20230311.jar;C:\MinecraftAlphaDev\libraries\org\ow2\asm\asm\9.7\asm-9.7.jar;C:\MinecraftAlphaDev\libraries\org\ow2\asm\asm-tree\9.7\asm-tree-9.7.jar;C:\MinecraftAlphaDev\minecraft\jars\deobfuscated.jar
Launcher Type: SUN_STANDARD

[Global flags]
     intx CICompilerCount                          = 4                                         {product} {ergonomic}
     uint ConcGCThreads                            = 3                                         {product} {ergonomic}
     uint G1ConcRefinementThreads                  = 11                                        {product} {ergonomic}
   size_t G1HeapRegionSize                         = 4194304                                   {product} {ergonomic}
    uintx GCDrainStackTargetSize                   = 64                                        {product} {ergonomic}
   size_t InitialHeapSize                          = 528482304                                 {product} {ergonomic}
   size_t MarkStackSize                            = 4194304                                   {product} {ergonomic}
   size_t MaxHeapSize                              = 8443133952                                {product} {ergonomic}
   size_t MaxNewSize                               = 5062524928                                {product} {ergonomic}
   size_t MinHeapDeltaBytes                        = 4194304                                   {product} {ergonomic}
   size_t MinHeapSize                              = 8388608                                   {product} {ergonomic}
    uintx NonNMethodCodeHeapSize                   = 5839372                                {pd product} {ergonomic}
    uintx NonProfiledCodeHeapSize                  = 122909434                              {pd product} {ergonomic}
    uintx ProfiledCodeHeapSize                     = 122909434                              {pd product} {ergonomic}
    uintx ReservedCodeCacheSize                    = 251658240                              {pd product} {ergonomic}
     bool SegmentedCodeCache                       = true                                      {product} {ergonomic}
     bool ShowCodeDetailsInExceptionMessages       = true                                   {manageable} {command line}
   size_t SoftMaxHeapSize                          = 8443133952                             {manageable} {ergonomic}
     bool UseCompressedOops                        = true                           {product lp64_product} {ergonomic}
     bool UseG1GC                                  = true                                      {product} {ergonomic}
     bool UseLargePagesIndividualAllocation        = false                                  {pd product} {ergonomic}

Logging:
Log output configuration:
 #0: stdout all=off uptime,level,tags foldmultilines=false
 #1: stderr all=off uptime,level,tags foldmultilines=false

Environment Variables:
PATH=C:/Users/gagek/.p2/pool/plugins/org.eclipse.justj.openjdk.hotspot.jre.full.win32.x86_64_21.0.8.v20250724-1412/jre/bin/server;C:/Users/gagek/.p2/pool/plugins/org.eclipse.justj.openjdk.hotspot.jre.full.win32.x86_64_21.0.8.v20250724-1412/jre/bin;C:\Program Files\Zulu\zulu-21\bin\;C:\Program Files (x86)\Common Files\Oracle\Java\java8path;C:\Program Files (x86)\Common Files\Oracle\Java\javapath;C:\Program Files\Oculus\Support\oculus-runtime;c:\devkitPro\msys2\usr\bin;C:\windows\system32;C:\windows;C:\windows\System32\Wbem;C:\windows\System32\WindowsPowerShell\v1.0\;C:\windows\System32\OpenSSH\;C:\Program Files\HP\HP One Agent;C:\Program Files\dotnet\;C:\Program Files (x86)\Microsoft SQL Server\160\Tools\Binn\;C:\Program Files\Microsoft SQL Server\160\Tools\Binn\;C:\Program Files\Microsoft SQL Server\Client SDK\ODBC\170\Tools\Binn\;C:\Program Files\Microsoft SQL Server\160\DTS\Binn\;C:\Program Files (x86)\Windows Kits\8.1\Windows Performance Toolkit\;C:\Program Files\Docker\Docker\resources\bin;C:\Program Files (x86)\Gpg4win\..\GnuPG\bin;C:\Users\gagek\AppData\Local\Microsoft\WindowsApps;C:\Users\gagek\AppData\Local\Programs\Microsoft VS Code\bin;C:\msys64\mingw64\bin;C:\Users\gagek\.aftman\bin;C:\Users\gagek\AppData\Local\GitHubDesktop\bin;C:\Users\gagek\AppData\Local\Muse Hub\lib;C:\Users\gagek\OneDrive\Desktop;
USERNAME=gagek
OS=Windows_NT
PROCESSOR_IDENTIFIER=Intel64 Family 6 Model 170 Stepping 4, GenuineIntel
TMP=C:\Users\gagek\AppData\Local\Temp
TEMP=C:\Users\gagek\AppData\Local\Temp




Periodic native trim disabled

---------------  S Y S T E M  ---------------

OS:
 Windows 11 , 64 bit Build 26100 (10.0.26100.4768)
OS uptime: 5 days 4:55 hours
Hyper-V role detected

CPU: total 14 (initial active 14) (7 cores per cpu, 2 threads per core) family 6 model 170 stepping 4 microcode 0x1f, cx8, cmov, fxsr, ht, mmx, 3dnowpref, sse, sse2, sse3, ssse3, sse4.1, sse4.2, popcnt, lzcnt, tsc, tscinvbit, avx, avx2, aes, erms, clmul, bmi1, bmi2, adx, sha, fma, vzeroupper, clflush, clflushopt, clwb, hv, serialize, rdtscp, rdpid, fsrm, f16c, cet_ibt, cet_ss
Processor Information for processor 0
  Max Mhz: 1700, Current Mhz: 1700, Mhz Limit: 1700
Processor Information for processor 1
  Max Mhz: 1700, Current Mhz: 1700, Mhz Limit: 1700
Processor Information for processor 2
  Max Mhz: 1200, Current Mhz: 1200, Mhz Limit: 1200
Processor Information for processor 3
  Max Mhz: 1200, Current Mhz: 1200, Mhz Limit: 1200
Processor Information for processor 4
  Max Mhz: 1200, Current Mhz: 1200, Mhz Limit: 1200
Processor Information for processor 5
  Max Mhz: 1200, Current Mhz: 1200, Mhz Limit: 1200
Processor Information for processor 6
  Max Mhz: 1200, Current Mhz: 1200, Mhz Limit: 1200
Processor Information for processor 7
  Max Mhz: 1200, Current Mhz: 1200, Mhz Limit: 1200
Processor Information for processor 8
  Max Mhz: 1200, Current Mhz: 1200, Mhz Limit: 1200
Processor Information for processor 9
  Max Mhz: 1200, Current Mhz: 1200, Mhz Limit: 1200
Processor Information for processor 10
  Max Mhz: 1700, Current Mhz: 1700, Mhz Limit: 1700
Processor Information for processor 11
  Max Mhz: 1700, Current Mhz: 1700, Mhz Limit: 1700
Processor Information for processor 12
  Max Mhz: 700, Current Mhz: 700, Mhz Limit: 700
Processor Information for processor 13
  Max Mhz: 700, Current Mhz: 700, Mhz Limit: 700

Memory: 4k page, system-wide physical 32203M (12258M free)
TotalPageFile size 37835M (AvailPageFile size 8928M)
current process WorkingSet (physical memory assigned to process): 676M, peak: 712M
current process commit charge ("private bytes"): 859M, peak: 888M

vm_info: OpenJDK 64-Bit Server VM (21.0.8+9-LTS) for windows-amd64 JRE (21.0.8+9-LTS), built on 2025-07-15T00:00:00Z by "admin" with MS VC++ 17.7 (VS2022)

END.
