#
# A fatal error has been detected by the Java Runtime Environment:
#
#  EXCEPTION_ACCESS_VIOLATION (0xc0000005) at pc=0x00007ffd4b5b8c80, pid=10996, tid=29308
#
# JRE version: OpenJDK Runtime Environment Temurin-21.0.8+9 (21.0.8+9) (build 21.0.8+9-LTS)
# Java VM: OpenJDK 64-Bit Server VM Temurin-21.0.8+9 (21.0.8+9-LTS, mixed mode, sharing, tiered, compressed oops, compressed class ptrs, g1 gc, windows-amd64)
# Problematic frame:
# C  [owe-client-x64.dll+0x3c8c80]
#
# No core dump will be written. Minidumps are not enabled by default on client versions of Windows
#
# If you would like to submit a bug report, please visit:
#   https://github.com/adoptium/adoptium-support/issues
#

---------------  S U M M A R Y ------------

Command Line: -Djava.library.path=C:\MinecraftAlphaDev\libraries\natives -Dfile.encoding=UTF-8 -Dstdout.encoding=UTF-8 -Dstderr.encoding=UTF-8 -XX:+ShowCodeDetailsInExceptionMessages net.minecraft.client.Minecraft

Host: Intel(R) Core(TM) Ultra 7 155U, 14 cores, 31G,  Windows 11 , 64 bit Build 26100 (10.0.26100.4768)
Time: Mon Sep  8 18:55:41 2025 Central Daylight Time elapsed time: 76.416188 seconds (0d 0h 1m 16s)

---------------  T H R E A D  ---------------

Current thread (0x00000284ffe659a0):  VMThread "VM Thread"          [id=29308, stack(0x00000092df700000,0x00000092df800000) (1024K)]

Stack: [0x00000092df700000,0x00000092df800000],  sp=0x00000092df7fedd8,  free space=1019k
Native frames: (J=compiled Java code, j=interpreted, Vv=VM code, C=native code)
C  [owe-client-x64.dll+0x3c8c80]


siginfo: EXCEPTION_ACCESS_VIOLATION (0xc0000005), data execution prevention violation at address 0x00007ffd4b5b8c80


Registers:
RAX=0x00007ffd4b55e300, RBX=0x0000000000000000, RCX=0x00000284d1601280, RDX=0x00007ffd4b625018
RSP=0x00000092df7fedd8, RBP=0x00000092df7ff2d0, RSI=0x00007ffdb5e30000, RDI=0x0000000000000001
R8 =0x00000284e95002c0, R9 =0x00000092dea8c000, R10=0x00007ffe183eeea0, R11=0x000002848b9eb5d0
R12=0x0000000000000001, R13=0x00007ffdb5e8bdf0, R14=0x0000000000000000, R15=0x00007ffdb5e30000
RIP=0x00007ffd4b5b8c80, EFLAGS=0x0000000000010202

XMM[0]=0x0000000000000000 0x0000000000000000
XMM[1]=0x0000000000000000 0x0000000000000000
XMM[2]=0x0000000000000000 0x0000000000000000
XMM[3]=0x0000000000000000 0x0000000000000000
XMM[4]=0x0000000000000000 0x0000000000000000
XMM[5]=0x0000000000000000 0x0000000000000000
XMM[6]=0x0000000000000000 0x0000000000000000
XMM[7]=0x0000000000000000 0x404e000000000000
XMM[8]=0x0000000000000000 0x0000000000000000
XMM[9]=0x0000000000000000 0x0000000000000000
XMM[10]=0x0000000000000000 0x0000000000000000
XMM[11]=0x0000000000000000 0x0000000000000000
XMM[12]=0x0000000000000000 0x0000000000000000
XMM[13]=0x0000000000000000 0x0000000000000000
XMM[14]=0x0000000000000000 0x0000000000000000
XMM[15]=0x0000000000000000 0x0000000000000000
  MXCSR=0x00001fa2


Register to memory mapping:

RAX=0x00007ffd4b55e300 owe-client-x64.dll
RBX=0x0 is null
RCX=0x00000284d1601280 points into unknown readable memory: 0x00007ffd4b55e300 | 00 e3 55 4b fd 7f 00 00
RDX=0x00007ffd4b625018 owe-client-x64.dll
RSP=0x00000092df7fedd8 points into unknown readable memory: 0x00007ffd4b2aac99 | 99 ac 2a 4b fd 7f 00 00
RBP=0x00000092df7ff2d0 points into unknown readable memory: 0x00000284ffe5c220 | 20 c2 e5 ff 84 02 00 00
RSI=0x00007ffdb5e30000 opengl32.dll
RDI=0x0000000000000001 is an unknown value
R8 =0x00000284e95002c0 points into unknown readable memory: 0x00007ffd340c5460 | 60 54 0c 34 fd 7f 00 00
R9 =0x00000092dea8c000 points into unknown readable memory: 0x0000000000000000 | 00 00 00 00 00 00 00 00
R10=0x00007ffe183eeea0 ntdll.dll
R11=0x000002848b9eb5d0 points into unknown readable memory: 0x000002848b9eb190 | 90 b1 9e 8b 84 02 00 00
R12=0x0000000000000001 is an unknown value
R13=0x00007ffdb5e8bdf0 opengl32.dll
R14=0x0 is null
R15=0x00007ffdb5e30000 opengl32.dll

Top of Stack: (sp=0x00000092df7fedd8)
0x00000092df7fedd8:   00007ffd4b2aac99 00007ffd4b62c7b8
0x00000092df7fede8:   00007ffd4b625018 00000284d1079d90
0x00000092df7fedf8:   0000000000000000 fffffffffffffffe
0x00000092df7fee08:   00007ffd4b2ab0f7 00000284d1601280
0x00000092df7fee18:   00007ffd4b625018 00000284e996b178
0x00000092df7fee28:   0000000000000000 0000000000000000
0x00000092df7fee38:   00000284d1601280 00007ffdb5e8bdf0
0x00000092df7fee48:   00000284d363cd80 00000284d13f36c0
0x00000092df7fee58:   00007ffe182243e1 0000000000000001
0x00000092df7fee68:   00007ffdb5e3ca16 0000000000010000
0x00000092df7fee78:   00000284e996b0d8 000002848b9eb5d0
0x00000092df7fee88:   00007ffe18224273 0000000000000001
0x00000092df7fee98:   00007ffdb5e3c7d0 00000092df7ff2d0
0x00000092df7feea8:   0000000000000000 00007ffdb5e30000
0x00000092df7feeb8:   0000000000000000 0000000000000000
0x00000092df7feec8:   00007ffdb5e3c255 0000000000000000
0x00000092df7feed8:   00000092df7ff2d0 00007ffdb5e30000
0x00000092df7feee8:   0000000000000000 0000000000000000
0x00000092df7feef8:   00007ffdb5e8bf19 0000000000000001
0x00000092df7fef08:   00000092df7ff2d0 00007ffe165b0000
0x00000092df7fef18:   00007ffe15f988c0 0000009200000001
0x00000092df7fef28:   00007ffe15eab8aa 00000092df7f0101
0x00000092df7fef38:   00000092df7fefb8 00000092df7ff2d0
0x00000092df7fef48:   00000000c0000005 00007ffe00000000
0x00000092df7fef58:   00007ffe15eab84d 0000000000000001
0x00000092df7fef68:   00007ffe15f125ec 00000092df7ff2d0
0x00000092df7fef78:   00000092df7fefa8 fffffffffffffffe
0x00000092df7fef88:   00007ffe15eab84d 0000000000000001
0x00000092df7fef98:   00007ffe16446693 00007ffe16512c60
0x00000092df7fefa8:   c00000050000000d ffffffff0000000d
0x00000092df7fefb8:   00000092df7fefa0 0000000000000000
0x00000092df7fefc8:   00007ffe1644633f 0000000000000000 

Instructions: (pc=0x00007ffd4b5b8c80)
0x00007ffd4b5b8b80:   00 00 00 00 00 00 00 00 00 00 00 00 00 00 00 00
0x00007ffd4b5b8b90:   40 e5 42 00 01 00 00 00 00 00 00 00 ff ff ff ff
0x00007ffd4b5b8ba0:   00 00 00 00 40 00 00 00 60 8b 3c 00 00 00 00 00
0x00007ffd4b5b8bb0:   00 00 00 00 00 00 00 00 00 00 00 00 00 00 00 00
0x00007ffd4b5b8bc0:   01 00 00 00 d0 8b 3c 00 00 00 00 00 00 00 00 00
0x00007ffd4b5b8bd0:   e0 8b 3c 00 00 00 00 00 00 00 00 00 00 00 00 00
0x00007ffd4b5b8be0:   e8 e5 42 00 00 00 00 00 00 00 00 00 ff ff ff ff
0x00007ffd4b5b8bf0:   00 00 00 00 40 00 00 00 b8 8b 3c 00 00 00 00 00
0x00007ffd4b5b8c00:   00 00 00 00 00 00 00 00 01 00 00 00 00 00 00 00
0x00007ffd4b5b8c10:   00 00 00 00 18 e6 42 00 30 8c 3c 00 08 8c 3c 00
0x00007ffd4b5b8c20:   00 00 00 00 00 00 00 00 00 00 00 00 00 00 00 00
0x00007ffd4b5b8c30:   00 00 00 00 00 00 00 00 01 00 00 00 48 8c 3c 00
0x00007ffd4b5b8c40:   00 00 00 00 00 00 00 00 58 8c 3c 00 00 00 00 00
0x00007ffd4b5b8c50:   00 00 00 00 00 00 00 00 18 e6 42 00 00 00 00 00
0x00007ffd4b5b8c60:   00 00 00 00 ff ff ff ff 00 00 00 00 40 00 00 00
0x00007ffd4b5b8c70:   30 8c 3c 00 00 00 00 00 00 00 00 00 00 00 00 00
0x00007ffd4b5b8c80:   01 00 00 00 00 00 00 00 00 00 00 00 40 e6 42 00
0x00007ffd4b5b8c90:   a8 8c 3c 00 80 8c 3c 00 00 00 00 00 00 00 00 00
0x00007ffd4b5b8ca0:   00 00 00 00 00 00 00 00 00 00 00 00 01 00 00 00
0x00007ffd4b5b8cb0:   03 00 00 00 c0 8c 3c 00 00 00 00 00 00 00 00 00
0x00007ffd4b5b8cc0:   e0 8c 3c 00 58 8c 3c 00 08 8d 3c 00 00 00 00 00
0x00007ffd4b5b8cd0:   00 00 00 00 00 00 00 00 00 00 00 00 00 00 00 00
0x00007ffd4b5b8ce0:   40 e6 42 00 02 00 00 00 00 00 00 00 ff ff ff ff
0x00007ffd4b5b8cf0:   00 00 00 00 40 00 00 00 a8 8c 3c 00 00 00 00 00
0x00007ffd4b5b8d00:   00 00 00 00 00 00 00 00 60 e6 42 00 00 00 00 00
0x00007ffd4b5b8d10:   10 00 00 00 ff ff ff ff 00 00 00 00 40 00 00 00
0x00007ffd4b5b8d20:   30 8d 3c 00 00 00 00 00 00 00 00 00 00 00 00 00
0x00007ffd4b5b8d30:   00 00 00 00 00 00 00 00 01 00 00 00 48 8d 3c 00
0x00007ffd4b5b8d40:   00 00 00 00 00 00 00 00 58 8d 3c 00 00 00 00 00
0x00007ffd4b5b8d50:   00 00 00 00 00 00 00 00 60 e6 42 00 00 00 00 00
0x00007ffd4b5b8d60:   00 00 00 00 ff ff ff ff 00 00 00 00 40 00 00 00
0x00007ffd4b5b8d70:   30 8d 3c 00 00 00 00 00 00 00 00 00 00 00 00 00 


Stack slot to memory mapping:

stack at sp + 0 slots: 0x00007ffd4b2aac99 owe-client-x64.dll
stack at sp + 1 slots: 0x00007ffd4b62c7b8 owe-client-x64.dll
stack at sp + 2 slots: 0x00007ffd4b625018 owe-client-x64.dll
stack at sp + 3 slots: 0x00000284d1079d90 points into unknown readable memory: 0x00007ffe166d0150 | 50 01 6d 16 fe 7f 00 00
stack at sp + 4 slots: 0x0 is null
stack at sp + 5 slots: 0xfffffffffffffffe is an unknown value
stack at sp + 6 slots: 0x00007ffd4b2ab0f7 owe-client-x64.dll
stack at sp + 7 slots: 0x00000284d1601280 points into unknown readable memory: 0x00007ffd4b55e300 | 00 e3 55 4b fd 7f 00 00

VM_Operation (0x00000092e05fe360): Exit, mode: safepoint, requested by thread 0x000002848b781280


---------------  P R O C E S S  ---------------

Threads class SMR info:
_java_thread_list=0x00000284d1404c80, length=18, elements={
0x00000284ffe7df80, 0x000002848b622090, 0x000002848b6227f0, 0x000002848b625fc0,
0x000002848b627680, 0x000002848b62b1e0, 0x000002848b62d1f0, 0x000002848b64e250,
0x000002848b77f840, 0x000002848b782630, 0x000002848b77f1b0, 0x000002848b77fed0,
0x000002848b781280, 0x000002848b780560, 0x000002848b781910, 0x00000284d7d286b0,
0x00000284d7d293d0, 0x00000284d7d2a0f0
}

Java Threads: ( => current thread )
  0x00000284ffe7df80 JavaThread "Reference Handler"          daemon [_thread_blocked, id=39436, stack(0x00000092df800000,0x00000092df900000) (1024K)]
  0x000002848b622090 JavaThread "Finalizer"                  daemon [_thread_blocked, id=23768, stack(0x00000092df900000,0x00000092dfa00000) (1024K)]
  0x000002848b6227f0 JavaThread "Signal Dispatcher"          daemon [_thread_blocked, id=14236, stack(0x00000092dfa00000,0x00000092dfb00000) (1024K)]
  0x000002848b625fc0 JavaThread "Attach Listener"            daemon [_thread_blocked, id=17108, stack(0x00000092dfb00000,0x00000092dfc00000) (1024K)]
  0x000002848b627680 JavaThread "Service Thread"             daemon [_thread_blocked, id=23564, stack(0x00000092dfc00000,0x00000092dfd00000) (1024K)]
  0x000002848b62b1e0 JavaThread "Monitor Deflation Thread"   daemon [_thread_blocked, id=24084, stack(0x00000092dfd00000,0x00000092dfe00000) (1024K)]
  0x000002848b62d1f0 JavaThread "C2 CompilerThread0"         daemon [_thread_blocked, id=28544, stack(0x00000092dfe00000,0x00000092dff00000) (1024K)]
  0x000002848b64e250 JavaThread "C1 CompilerThread0"         daemon [_thread_blocked, id=41364, stack(0x00000092dff00000,0x00000092e0000000) (1024K)]
  0x000002848b77f840 JavaThread "Notification Thread"        daemon [_thread_blocked, id=25076, stack(0x00000092e0000000,0x00000092e0100000) (1024K)]
  0x000002848b782630 JavaThread "Common-Cleaner"             daemon [_thread_blocked, id=36296, stack(0x00000092e0100000,0x00000092e0200000) (1024K)]
  0x000002848b77f1b0 JavaThread "Java2D Disposer"            daemon [_thread_blocked, id=4032, stack(0x00000092e0200000,0x00000092e0300000) (1024K)]
  0x000002848b77fed0 JavaThread "AWT-Shutdown"                      [_thread_blocked, id=14900, stack(0x00000092e0300000,0x00000092e0400000) (1024K)]
  0x000002848b781280 JavaThread "AWT-EventQueue-0"                  [_thread_blocked, id=27176, stack(0x00000092e0500000,0x00000092e0600000) (1024K)]
  0x000002848b780560 JavaThread "Timer hack thread"          daemon [_thread_blocked, id=30432, stack(0x00000092e0600000,0x00000092e0700000) (1024K)]
  0x000002848b781910 JavaThread "DestroyJavaVM"                     [_thread_blocked, id=38988, stack(0x00000092df000000,0x00000092df100000) (1024K)]
  0x00000284d7d286b0 JavaThread "Thread-2"                   daemon [_thread_in_native, id=17124, stack(0x00000092e1000000,0x00000092e1100000) (1024K)]
  0x00000284d7d293d0 JavaThread "Thread-3"                          [_thread_blocked, id=25612, stack(0x00000092e1300000,0x00000092e1400000) (1024K)]
  0x00000284d7d2a0f0 JavaThread "Thread-4"                          [_thread_blocked, id=31484, stack(0x00000092e1600000,0x00000092e1700000) (1024K)]
Total: 18

Other Threads:
=>0x00000284ffe659a0 VMThread "VM Thread"                           [id=29308, stack(0x00000092df700000,0x00000092df800000) (1024K)]
  0x00000284ebb31a30 WorkerThread "GC Thread#0"                     [id=33716, stack(0x00000092df100000,0x00000092df200000) (1024K)]
  0x00000284d36543d0 WorkerThread "GC Thread#1"                     [id=31308, stack(0x00000092e1c00000,0x00000092e1d00000) (1024K)]
  0x00000284d3229080 WorkerThread "GC Thread#2"                     [id=41768, stack(0x00000092e1d00000,0x00000092e1e00000) (1024K)]
  0x00000284d3229420 WorkerThread "GC Thread#3"                     [id=21940, stack(0x00000092e1e00000,0x00000092e1f00000) (1024K)]
  0x00000284d3228940 WorkerThread "GC Thread#4"                     [id=29964, stack(0x00000092e1f00000,0x00000092e2000000) (1024K)]
  0x00000284d3227e60 WorkerThread "GC Thread#5"                     [id=37224, stack(0x00000092e2000000,0x00000092e2100000) (1024K)]
  0x00000284d3227ac0 WorkerThread "GC Thread#6"                     [id=39676, stack(0x00000092e2100000,0x00000092e2200000) (1024K)]
  0x00000284d3228200 WorkerThread "GC Thread#7"                     [id=40260, stack(0x00000092e2200000,0x00000092e2300000) (1024K)]
  0x00000284d32285a0 WorkerThread "GC Thread#8"                     [id=31492, stack(0x00000092e2300000,0x00000092e2400000) (1024K)]
  0x00000284d3228ce0 WorkerThread "GC Thread#9"                     [id=19472, stack(0x00000092e2400000,0x00000092e2500000) (1024K)]
  0x00000284d312e3e0 WorkerThread "GC Thread#10"                    [id=8056, stack(0x00000092e2500000,0x00000092e2600000) (1024K)]
  0x00000284ebb425a0 ConcurrentGCThread "G1 Main Marker"            terminated
  0x00000284ebb43f20 WorkerThread "G1 Conc#0"                       [id=36772, stack(0x00000092df300000,0x00000092df400000) (1024K)]
  0x00000284d312e040 WorkerThread "G1 Conc#1"                       [id=38636, stack(0x00000092e1a00000,0x00000092e1b00000) (1024K)]
  0x00000284d312e780 WorkerThread "G1 Conc#2"                       [id=31200, stack(0x00000092e1b00000,0x00000092e1c00000) (1024K)]
  0x00000284ffd20e10 ConcurrentGCThread "G1 Refine#0"               terminated
  0x00000284ffd21980 ConcurrentGCThread "G1 Service"                terminated
Total: 18

Threads with active compile tasks:
Total: 0

VM state: at safepoint (shutting down)

VM Mutex/Monitor currently owned by a thread:  ([mutex/lock_event])
[0x00007ffd340c5458] Threads_lock - owner thread: 0x00000284ffe659a0
[0x00007ffd340c5558] Heap_lock - owner thread: 0x000002848b781280

Heap address: 0x0000000608c00000, size: 8052 MB, Compressed Oops mode: Zero based, Oop shift amount: 3

CDS archive(s) mapped at: [0x000002848c000000-0x000002848cc80000-0x000002848cc80000), size 13107200, SharedBaseAddress: 0x000002848c000000, ArchiveRelocationMode: 1.
Compressed class space mapped at: 0x000002848d000000-0x00000284cd000000, reserved size: 1073741824
Narrow klass base: 0x000002848c000000, Narrow klass shift: 0, Narrow klass range: 0x100000000

GC Precious Log:
 CardTable entry size: 512
 Card Set container configuration: InlinePtr #cards 4 size 8 Array Of Cards #cards 32 size 80 Howl #buckets 8 coarsen threshold 7372 Howl Bitmap #cards 1024 size 144 coarsen threshold 921 Card regions per heap region 1 cards per card region 8192
 CPUs: 14 total, 14 available
 Memory: 32203M
 Large Page Support: Disabled
 NUMA Support: Disabled
 Compressed Oops: Enabled (Zero based)
 Heap Region Size: 4M
 Heap Min Capacity: 8M
 Heap Initial Capacity: 504M
 Heap Max Capacity: 8052M
 Pre-touch: Disabled
 Parallel Workers: 11
 Concurrent Workers: 3
 Concurrent Refinement Workers: 11
 Periodic GC: Disabled

Heap:
 garbage-first heap   total 286720K, used 72882K [0x0000000608c00000, 0x0000000800000000)
  region size 4096K, 2 young (8192K), 0 survivors (0K)
 Metaspace       used 13927K, committed 14272K, reserved 1114112K
  class space    used 1276K, committed 1472K, reserved 1048576K

Heap Regions: E=young(eden), S=young(survivor), O=old, HS=humongous(starts), HC=humongous(continues), CS=collection set, F=free, TAMS=top-at-mark-start, PB=parsable bottom
|   0|0x0000000608c00000, 0x0000000609000000, 0x0000000609000000|100%|HS|  |TAMS 0x0000000608c00000| PB 0x0000000608c00000| Untracked 
|   1|0x0000000609000000, 0x0000000609400000, 0x0000000609400000|100%|HC|  |TAMS 0x0000000609000000| PB 0x0000000609000000| Untracked 
|   2|0x0000000609400000, 0x0000000609800000, 0x0000000609800000|100%|HC|  |TAMS 0x0000000609400000| PB 0x0000000609400000| Untracked 
|   3|0x0000000609800000, 0x0000000609bfffc8, 0x0000000609c00000| 99%| O|  |TAMS 0x0000000609800000| PB 0x0000000609800000| Untracked 
|   4|0x0000000609c00000, 0x0000000609ffffa8, 0x000000060a000000| 99%| O|  |TAMS 0x0000000609c00000| PB 0x0000000609c00000| Untracked 
|   5|0x000000060a000000, 0x000000060a1f7708, 0x000000060a400000| 49%| O|  |TAMS 0x000000060a000000| PB 0x000000060a000000| Untracked 
|   6|0x000000060a400000, 0x000000060a800000, 0x000000060a800000|100%| O|  |TAMS 0x000000060a400000| PB 0x000000060a400000| Untracked 
|   7|0x000000060a800000, 0x000000060ac00000, 0x000000060ac00000|100%| O|  |TAMS 0x000000060a800000| PB 0x000000060a800000| Untracked 
|   8|0x000000060ac00000, 0x000000060b000000, 0x000000060b000000|100%| O|  |TAMS 0x000000060ac00000| PB 0x000000060ac00000| Untracked 
|   9|0x000000060b000000, 0x000000060b400000, 0x000000060b400000|100%| O|  |TAMS 0x000000060b000000| PB 0x000000060b000000| Untracked 
|  10|0x000000060b400000, 0x000000060b47bfa0, 0x000000060b800000| 12%| O|  |TAMS 0x000000060b400000| PB 0x000000060b400000| Untracked 
|  11|0x000000060b800000, 0x000000060bc00000, 0x000000060bc00000|100%| O|  |TAMS 0x000000060b800000| PB 0x000000060b800000| Untracked 
|  12|0x000000060bc00000, 0x000000060c000000, 0x000000060c000000|100%| O|  |TAMS 0x000000060bc00000| PB 0x000000060bc00000| Untracked 
|  13|0x000000060c000000, 0x000000060c400000, 0x000000060c400000|100%| O|  |TAMS 0x000000060c000000| PB 0x000000060c000000| Untracked 
|  14|0x000000060c400000, 0x000000060c5752b8, 0x000000060c800000| 36%| O|  |TAMS 0x000000060c400000| PB 0x000000060c400000| Untracked 
|  15|0x000000060c800000, 0x000000060c86e848, 0x000000060cc00000| 10%| O|  |TAMS 0x000000060c800000| PB 0x000000060c800000| Untracked 
|  16|0x000000060cc00000, 0x000000060ce59c58, 0x000000060d000000| 58%| O|  |TAMS 0x000000060cc00000| PB 0x000000060cc00000| Untracked 
|  17|0x000000060d000000, 0x000000060d3fce58, 0x000000060d400000| 99%| O|  |TAMS 0x000000060d000000| PB 0x000000060d000000| Untracked 
|  18|0x000000060d400000, 0x000000060d400000, 0x000000060d800000|  0%| F|  |TAMS 0x000000060d400000| PB 0x000000060d400000| Untracked 
|  19|0x000000060d800000, 0x000000060d800000, 0x000000060dc00000|  0%| F|  |TAMS 0x000000060d800000| PB 0x000000060d800000| Untracked 
|  20|0x000000060dc00000, 0x000000060dc00000, 0x000000060e000000|  0%| F|  |TAMS 0x000000060dc00000| PB 0x000000060dc00000| Untracked 
|  21|0x000000060e000000, 0x000000060e000000, 0x000000060e400000|  0%| F|  |TAMS 0x000000060e000000| PB 0x000000060e000000| Untracked 
|  22|0x000000060e400000, 0x000000060e400000, 0x000000060e800000|  0%| F|  |TAMS 0x000000060e400000| PB 0x000000060e400000| Untracked 
|  23|0x000000060e800000, 0x000000060e87ef78, 0x000000060ec00000| 12%| O|  |TAMS 0x000000060e800000| PB 0x000000060e800000| Untracked 
|  24|0x000000060ec00000, 0x000000060ec00000, 0x000000060f000000|  0%| F|  |TAMS 0x000000060ec00000| PB 0x000000060ec00000| Untracked 
|  25|0x000000060f000000, 0x000000060f000000, 0x000000060f400000|  0%| F|  |TAMS 0x000000060f000000| PB 0x000000060f000000| Untracked 
|  26|0x000000060f400000, 0x000000060f400000, 0x000000060f800000|  0%| F|  |TAMS 0x000000060f400000| PB 0x000000060f400000| Untracked 
|  27|0x000000060f800000, 0x000000060f800000, 0x000000060fc00000|  0%| F|  |TAMS 0x000000060f800000| PB 0x000000060f800000| Untracked 
|  28|0x000000060fc00000, 0x000000060fc00000, 0x0000000610000000|  0%| F|  |TAMS 0x000000060fc00000| PB 0x000000060fc00000| Untracked 
|  29|0x0000000610000000, 0x0000000610000000, 0x0000000610400000|  0%| F|  |TAMS 0x0000000610000000| PB 0x0000000610000000| Untracked 
|  30|0x0000000610400000, 0x0000000610400000, 0x0000000610800000|  0%| F|  |TAMS 0x0000000610400000| PB 0x0000000610400000| Untracked 
|  31|0x0000000610800000, 0x0000000610800000, 0x0000000610c00000|  0%| F|  |TAMS 0x0000000610800000| PB 0x0000000610800000| Untracked 
|  32|0x0000000610c00000, 0x0000000610c00000, 0x0000000611000000|  0%| F|  |TAMS 0x0000000610c00000| PB 0x0000000610c00000| Untracked 
|  33|0x0000000611000000, 0x0000000611000000, 0x0000000611400000|  0%| F|  |TAMS 0x0000000611000000| PB 0x0000000611000000| Untracked 
|  34|0x0000000611400000, 0x0000000611400000, 0x0000000611800000|  0%| F|  |TAMS 0x0000000611400000| PB 0x0000000611400000| Untracked 
|  35|0x0000000611800000, 0x0000000611800000, 0x0000000611c00000|  0%| F|  |TAMS 0x0000000611800000| PB 0x0000000611800000| Untracked 
|  36|0x0000000611c00000, 0x0000000611c00000, 0x0000000612000000|  0%| F|  |TAMS 0x0000000611c00000| PB 0x0000000611c00000| Untracked 
|  37|0x0000000612000000, 0x0000000612000000, 0x0000000612400000|  0%| F|  |TAMS 0x0000000612000000| PB 0x0000000612000000| Untracked 
|  38|0x0000000612400000, 0x0000000612400000, 0x0000000612800000|  0%| F|  |TAMS 0x0000000612400000| PB 0x0000000612400000| Untracked 
|  39|0x0000000612800000, 0x0000000612800000, 0x0000000612c00000|  0%| F|  |TAMS 0x0000000612800000| PB 0x0000000612800000| Untracked 
|  40|0x0000000612c00000, 0x0000000612c00000, 0x0000000613000000|  0%| F|  |TAMS 0x0000000612c00000| PB 0x0000000612c00000| Untracked 
|  41|0x0000000613000000, 0x0000000613400000, 0x0000000613400000|100%| O|  |TAMS 0x0000000613000000| PB 0x0000000613000000| Untracked 
|  42|0x0000000613400000, 0x0000000613800000, 0x0000000613800000|100%| O|  |TAMS 0x0000000613400000| PB 0x0000000613400000| Untracked 
|  43|0x0000000613800000, 0x0000000613800000, 0x0000000613c00000|  0%| F|  |TAMS 0x0000000613800000| PB 0x0000000613800000| Untracked 
|  44|0x0000000613c00000, 0x0000000613c00000, 0x0000000614000000|  0%| F|  |TAMS 0x0000000613c00000| PB 0x0000000613c00000| Untracked 
|  45|0x0000000614000000, 0x0000000614000000, 0x0000000614400000|  0%| F|  |TAMS 0x0000000614000000| PB 0x0000000614000000| Untracked 
|  46|0x0000000614400000, 0x0000000614400000, 0x0000000614800000|  0%| F|  |TAMS 0x0000000614400000| PB 0x0000000614400000| Untracked 
|  47|0x0000000614800000, 0x0000000614800000, 0x0000000614c00000|  0%| F|  |TAMS 0x0000000614800000| PB 0x0000000614800000| Untracked 
|  48|0x0000000614c00000, 0x0000000614c00000, 0x0000000615000000|  0%| F|  |TAMS 0x0000000614c00000| PB 0x0000000614c00000| Untracked 
|  49|0x0000000615000000, 0x0000000615000000, 0x0000000615400000|  0%| F|  |TAMS 0x0000000615000000| PB 0x0000000615000000| Untracked 
|  50|0x0000000615400000, 0x0000000615400000, 0x0000000615800000|  0%| F|  |TAMS 0x0000000615400000| PB 0x0000000615400000| Untracked 
|  51|0x0000000615800000, 0x0000000615800000, 0x0000000615c00000|  0%| F|  |TAMS 0x0000000615800000| PB 0x0000000615800000| Untracked 
|  52|0x0000000615c00000, 0x0000000615c00000, 0x0000000616000000|  0%| F|  |TAMS 0x0000000615c00000| PB 0x0000000615c00000| Untracked 
|  53|0x0000000616000000, 0x0000000616000000, 0x0000000616400000|  0%| F|  |TAMS 0x0000000616000000| PB 0x0000000616000000| Untracked 
|  54|0x0000000616400000, 0x0000000616400000, 0x0000000616800000|  0%| F|  |TAMS 0x0000000616400000| PB 0x0000000616400000| Untracked 
|  55|0x0000000616800000, 0x0000000616800000, 0x0000000616c00000|  0%| F|  |TAMS 0x0000000616800000| PB 0x0000000616800000| Untracked 
|  56|0x0000000616c00000, 0x0000000616c00000, 0x0000000617000000|  0%| F|  |TAMS 0x0000000616c00000| PB 0x0000000616c00000| Untracked 
|  57|0x0000000617000000, 0x0000000617000000, 0x0000000617400000|  0%| F|  |TAMS 0x0000000617000000| PB 0x0000000617000000| Untracked 
|  58|0x0000000617400000, 0x0000000617400000, 0x0000000617800000|  0%| F|  |TAMS 0x0000000617400000| PB 0x0000000617400000| Untracked 
|  59|0x0000000617800000, 0x0000000617800000, 0x0000000617c00000|  0%| F|  |TAMS 0x0000000617800000| PB 0x0000000617800000| Untracked 
|  60|0x0000000617c00000, 0x0000000617c00000, 0x0000000618000000|  0%| F|  |TAMS 0x0000000617c00000| PB 0x0000000617c00000| Untracked 
|  61|0x0000000618000000, 0x0000000618000000, 0x0000000618400000|  0%| F|  |TAMS 0x0000000618000000| PB 0x0000000618000000| Untracked 
|  62|0x0000000618400000, 0x0000000618400000, 0x0000000618800000|  0%| F|  |TAMS 0x0000000618400000| PB 0x0000000618400000| Untracked 
|  63|0x0000000618800000, 0x0000000618800000, 0x0000000618c00000|  0%| F|  |TAMS 0x0000000618800000| PB 0x0000000618800000| Untracked 
|  64|0x0000000618c00000, 0x0000000618c00000, 0x0000000619000000|  0%| F|  |TAMS 0x0000000618c00000| PB 0x0000000618c00000| Untracked 
|  65|0x0000000619000000, 0x0000000619000000, 0x0000000619400000|  0%| F|  |TAMS 0x0000000619000000| PB 0x0000000619000000| Untracked 
|  66|0x0000000619400000, 0x0000000619400000, 0x0000000619800000|  0%| F|  |TAMS 0x0000000619400000| PB 0x0000000619400000| Untracked 
|  67|0x0000000619800000, 0x0000000619800000, 0x0000000619c00000|  0%| F|  |TAMS 0x0000000619800000| PB 0x0000000619800000| Untracked 
|  68|0x0000000619c00000, 0x0000000619e2ad08, 0x000000061a000000| 54%| E|  |TAMS 0x0000000619c00000| PB 0x0000000619c00000| Complete 
|  69|0x000000061a000000, 0x000000061a400000, 0x000000061a400000|100%| E|CS|TAMS 0x000000061a000000| PB 0x000000061a000000| Complete 

Card table byte_map: [0x0000028480000000,0x0000028480fc0000] _byte_map_base: 0x000002847cfba000

Marking Bits: (CMBitMap*) 0x00000284ebb32130
 Bits: [0x0000028480fc0000, 0x0000028488d90000)

Polling page: 0x00000284e96f0000

Metaspace:

Usage:
  Non-class:     12.35 MB used.
      Class:      1.25 MB used.
       Both:     13.60 MB used.

Virtual space:
  Non-class space:       64.00 MB reserved,      12.50 MB ( 20%) committed,  1 nodes.
      Class space:        1.00 GB reserved,       1.44 MB ( <1%) committed,  1 nodes.
             Both:        1.06 GB reserved,      13.94 MB (  1%) committed. 

Chunk freelists:
   Non-Class:  2.69 MB
       Class:  14.56 MB
        Both:  17.25 MB

MaxMetaspaceSize: unlimited
CompressedClassSpaceSize: 1.00 GB
Initial GC threshold: 21.00 MB
Current GC threshold: 23.12 MB
CDS: on
 - commit_granule_bytes: 65536.
 - commit_granule_words: 8192.
 - virtual_space_node_default_size: 8388608.
 - enlarge_chunks_in_place: 1.
 - use_allocation_guard: 0.


Internal statistics:

num_allocs_failed_limit: 0.
num_arena_births: 302.
num_arena_deaths: 0.
num_vsnodes_births: 2.
num_vsnodes_deaths: 0.
num_space_committed: 221.
num_space_uncommitted: 0.
num_chunks_returned_to_freelist: 0.
num_chunks_taken_from_freelist: 603.
num_chunk_merges: 0.
num_chunk_splits: 355.
num_chunks_enlarged: 173.
num_inconsistent_stats: 0.

CodeHeap 'non-profiled nmethods': size=120000Kb used=4566Kb max_used=4866Kb free=115433Kb
 bounds [0x00000284f6f00000, 0x00000284f73d0000, 0x00000284fe430000]
CodeHeap 'profiled nmethods': size=120000Kb used=5934Kb max_used=6578Kb free=114065Kb
 bounds [0x00000284ef430000, 0x00000284efaa0000, 0x00000284f6960000]
CodeHeap 'non-nmethods': size=5760Kb used=1747Kb max_used=1803Kb free=4013Kb
 bounds [0x00000284f6960000, 0x00000284f6bd0000, 0x00000284f6f00000]
CodeCache: size=245760Kb, used=12247Kb, max_used=13247Kb, free=233511Kb
 total_blobs=4138, nmethods=3357, adapters=685, full_count=0
Compilation: enabled, stopped_count=0, restarted_count=0

Compilation events (20 events):
Event: 73.347 Thread 0x000002848b62d1f0 3914       4       jdk.internal.misc.Unsafe::checkPrimitiveArray (22 bytes)
Event: 73.350 Thread 0x000002848b62d1f0 nmethod 3914 0x00000284f6f60010 code [0x00000284f6f601a0, 0x00000284f6f602a8]
Event: 73.951 Thread 0x000002848b64e250 3915       3       java.security.AccessControlContext::optimize (319 bytes)
Event: 73.953 Thread 0x000002848b64e250 nmethod 3915 0x00000284ef763690 code [0x00000284ef763980, 0x00000284ef7647e0]
Event: 73.956 Thread 0x000002848b64e250 3916   !   3       jdk.internal.logger.LazyLoggers$LazyLoggerAccessor::platform (107 bytes)
Event: 73.957 Thread 0x000002848b64e250 nmethod 3916 0x00000284ef464f10 code [0x00000284ef465160, 0x00000284ef465e58]
Event: 73.957 Thread 0x000002848b64e250 3918       3       sun.util.logging.PlatformLogger::isLoggable (23 bytes)
Event: 73.957 Thread 0x000002848b64e250 nmethod 3918 0x00000284ef5ce190 code [0x00000284ef5ce360, 0x00000284ef5ce640]
Event: 73.957 Thread 0x000002848b64e250 3917       3       sun.awt.AppContext::getAppContext (51 bytes)
Event: 73.958 Thread 0x000002848b64e250 nmethod 3917 0x00000284ef44a590 code [0x00000284ef44a7c0, 0x00000284ef44af88]
Event: 73.958 Thread 0x000002848b64e250 3919       1       java.util.logging.Level::intValue (5 bytes)
Event: 73.958 Thread 0x000002848b64e250 nmethod 3919 0x00000284f7052110 code [0x00000284f70522a0, 0x00000284f7052368]
Event: 74.079 Thread 0x000002848b62d1f0 3920       4       jdk.internal.misc.Unsafe::checkOffset (32 bytes)
Event: 74.080 Thread 0x000002848b62d1f0 nmethod 3920 0x00000284f7025690 code [0x00000284f7025820, 0x00000284f70258d8]
Event: 74.175 Thread 0x000002848b64e250 3921       3       org.lwjgl.opengl.Display::update (5 bytes)
Event: 74.175 Thread 0x000002848b64e250 nmethod 3921 0x00000284ef449310 code [0x00000284ef4494c0, 0x00000284ef4495e0]
Event: 74.290 Thread 0x000002848b64e250 3922       3       net.minecraft.src.GuiButton::drawButton (419 bytes)
Event: 74.290 Thread 0x000002848b64e250 nmethod 3922 0x00000284ef466790 code [0x00000284ef466ae0, 0x00000284ef4675b0]
Event: 74.507 Thread 0x000002848b62d1f0 3923       4       net.minecraft.src.EntityRenderer::updateCameraAndRender (367 bytes)
Event: 74.574 Thread 0x000002848b62d1f0 nmethod 3923 0x00000284f701f410 code [0x00000284f701f8e0, 0x00000284f7021738]

GC Heap History (20 events):
Event: 5.236 GC heap before
{Heap before GC invocations=2 (full 1):
 garbage-first heap   total 98304K, used 17386K [0x0000000608c00000, 0x0000000800000000)
  region size 4096K, 0 young (0K), 0 survivors (0K)
 Metaspace       used 12386K, committed 12672K, reserved 1114112K
  class space    used 1200K, committed 1344K, reserved 1048576K
}
Event: 5.248 GC heap after
{Heap after GC invocations=3 (full 2):
 garbage-first heap   total 81920K, used 17385K [0x0000000608c00000, 0x0000000800000000)
  region size 4096K, 0 young (0K), 0 survivors (0K)
 Metaspace       used 12386K, committed 12672K, reserved 1114112K
  class space    used 1200K, committed 1344K, reserved 1048576K
}
Event: 8.470 GC heap before
{Heap before GC invocations=3 (full 2):
 garbage-first heap   total 81920K, used 37865K [0x0000000608c00000, 0x0000000800000000)
  region size 4096K, 6 young (24576K), 0 survivors (0K)
 Metaspace       used 12569K, committed 12800K, reserved 1114112K
  class space    used 1211K, committed 1344K, reserved 1048576K
}
Event: 8.480 GC heap after
{Heap after GC invocations=4 (full 2):
 garbage-first heap   total 81920K, used 39535K [0x0000000608c00000, 0x0000000800000000)
  region size 4096K, 1 young (4096K), 1 survivors (4096K)
 Metaspace       used 12569K, committed 12800K, reserved 1114112K
  class space    used 1211K, committed 1344K, reserved 1048576K
}
Event: 8.808 GC heap before
{Heap before GC invocations=4 (full 2):
 garbage-first heap   total 81920K, used 43631K [0x0000000608c00000, 0x0000000800000000)
  region size 4096K, 3 young (12288K), 1 survivors (4096K)
 Metaspace       used 12639K, committed 12864K, reserved 1114112K
  class space    used 1219K, committed 1344K, reserved 1048576K
}
Event: 8.829 GC heap after
{Heap after GC invocations=5 (full 3):
 garbage-first heap   total 81920K, used 42938K [0x0000000608c00000, 0x0000000800000000)
  region size 4096K, 0 young (0K), 0 survivors (0K)
 Metaspace       used 12639K, committed 12864K, reserved 1114112K
  class space    used 1219K, committed 1344K, reserved 1048576K
}
Event: 9.325 GC heap before
{Heap before GC invocations=5 (full 3):
 garbage-first heap   total 81920K, used 47034K [0x0000000608c00000, 0x0000000800000000)
  region size 4096K, 2 young (8192K), 0 survivors (0K)
 Metaspace       used 12840K, committed 13056K, reserved 1114112K
  class space    used 1235K, committed 1344K, reserved 1048576K
}
Event: 9.326 GC heap after
{Heap after GC invocations=6 (full 3):
 garbage-first heap   total 81920K, used 46581K [0x0000000608c00000, 0x0000000800000000)
  region size 4096K, 1 young (4096K), 1 survivors (4096K)
 Metaspace       used 12840K, committed 13056K, reserved 1114112K
  class space    used 1235K, committed 1344K, reserved 1048576K
}
Event: 10.247 GC heap before
{Heap before GC invocations=7 (full 3):
 garbage-first heap   total 90112K, used 54773K [0x0000000608c00000, 0x0000000800000000)
  region size 4096K, 3 young (12288K), 1 survivors (4096K)
 Metaspace       used 13050K, committed 13376K, reserved 1114112K
  class space    used 1240K, committed 1408K, reserved 1048576K
}
Event: 10.251 GC heap after
{Heap after GC invocations=8 (full 3):
 garbage-first heap   total 90112K, used 50544K [0x0000000608c00000, 0x0000000800000000)
  region size 4096K, 1 young (4096K), 1 survivors (4096K)
 Metaspace       used 13050K, committed 13376K, reserved 1114112K
  class space    used 1240K, committed 1408K, reserved 1048576K
}
Event: 11.844 GC heap before
{Heap before GC invocations=8 (full 3):
 garbage-first heap   total 90112K, used 58736K [0x0000000608c00000, 0x0000000800000000)
  region size 4096K, 3 young (12288K), 1 survivors (4096K)
 Metaspace       used 13411K, committed 13824K, reserved 1114112K
  class space    used 1271K, committed 1472K, reserved 1048576K
}
Event: 11.847 GC heap after
{Heap after GC invocations=9 (full 3):
 garbage-first heap   total 90112K, used 51477K [0x0000000608c00000, 0x0000000800000000)
  region size 4096K, 1 young (4096K), 1 survivors (4096K)
 Metaspace       used 13411K, committed 13824K, reserved 1114112K
  class space    used 1271K, committed 1472K, reserved 1048576K
}
Event: 14.028 GC heap before
{Heap before GC invocations=9 (full 3):
 garbage-first heap   total 90112K, used 59669K [0x0000000608c00000, 0x0000000800000000)
  region size 4096K, 3 young (12288K), 1 survivors (4096K)
 Metaspace       used 13541K, committed 13888K, reserved 1114112K
  class space    used 1272K, committed 1472K, reserved 1048576K
}
Event: 14.029 GC heap after
{Heap after GC invocations=10 (full 3):
 garbage-first heap   total 90112K, used 52099K [0x0000000608c00000, 0x0000000800000000)
  region size 4096K, 1 young (4096K), 1 survivors (4096K)
 Metaspace       used 13541K, committed 13888K, reserved 1114112K
  class space    used 1272K, committed 1472K, reserved 1048576K
}
Event: 15.932 GC heap before
{Heap before GC invocations=11 (full 3):
 garbage-first heap   total 102400K, used 60291K [0x0000000608c00000, 0x0000000800000000)
  region size 4096K, 3 young (12288K), 1 survivors (4096K)
 Metaspace       used 13595K, committed 13952K, reserved 1114112K
  class space    used 1272K, committed 1472K, reserved 1048576K
}
Event: 15.934 GC heap after
{Heap after GC invocations=12 (full 3):
 garbage-first heap   total 311296K, used 53262K [0x0000000608c00000, 0x0000000800000000)
  region size 4096K, 1 young (4096K), 1 survivors (4096K)
 Metaspace       used 13595K, committed 13952K, reserved 1114112K
  class space    used 1272K, committed 1472K, reserved 1048576K
}
Event: 55.144 GC heap before
{Heap before GC invocations=12 (full 3):
 garbage-first heap   total 311296K, used 180238K [0x0000000608c00000, 0x0000000800000000)
  region size 4096K, 33 young (135168K), 1 survivors (4096K)
 Metaspace       used 13857K, committed 14208K, reserved 1114112K
  class space    used 1274K, committed 1472K, reserved 1048576K
}
Event: 55.154 GC heap after
{Heap after GC invocations=13 (full 3):
 garbage-first heap   total 311296K, used 64515K [0x0000000608c00000, 0x0000000800000000)
  region size 4096K, 4 young (16384K), 4 survivors (16384K)
 Metaspace       used 13857K, committed 14208K, reserved 1114112K
  class space    used 1274K, committed 1472K, reserved 1048576K
}
Event: 65.838 GC heap before
{Heap before GC invocations=13 (full 3):
 garbage-first heap   total 311296K, used 97283K [0x0000000608c00000, 0x0000000800000000)
  region size 4096K, 13 young (53248K), 4 survivors (16384K)
 Metaspace       used 13906K, committed 14208K, reserved 1114112K
  class space    used 1274K, committed 1472K, reserved 1048576K
}
Event: 65.853 GC heap after
{Heap after GC invocations=14 (full 4):
 garbage-first heap   total 286720K, used 68786K [0x0000000608c00000, 0x0000000800000000)
  region size 4096K, 0 young (0K), 0 survivors (0K)
 Metaspace       used 13906K, committed 14208K, reserved 1114112K
  class space    used 1274K, committed 1472K, reserved 1048576K
}

Dll operation events (15 events):
Event: 0.012 Loaded shared library C:\Users\gagek\.p2\pool\plugins\org.eclipse.justj.openjdk.hotspot.jre.full.win32.x86_64_21.0.8.v20250724-1412\jre\bin\java.dll
Event: 0.053 Loaded shared library C:\Users\gagek\.p2\pool\plugins\org.eclipse.justj.openjdk.hotspot.jre.full.win32.x86_64_21.0.8.v20250724-1412\jre\bin\zip.dll
Event: 0.104 Loaded shared library C:\Users\gagek\.p2\pool\plugins\org.eclipse.justj.openjdk.hotspot.jre.full.win32.x86_64_21.0.8.v20250724-1412\jre\bin\net.dll
Event: 0.107 Loaded shared library C:\Users\gagek\.p2\pool\plugins\org.eclipse.justj.openjdk.hotspot.jre.full.win32.x86_64_21.0.8.v20250724-1412\jre\bin\nio.dll
Event: 0.115 Loaded shared library C:\Users\gagek\.p2\pool\plugins\org.eclipse.justj.openjdk.hotspot.jre.full.win32.x86_64_21.0.8.v20250724-1412\jre\bin\zip.dll
Event: 0.179 Loaded shared library C:\Users\gagek\.p2\pool\plugins\org.eclipse.justj.openjdk.hotspot.jre.full.win32.x86_64_21.0.8.v20250724-1412\jre\bin\jimage.dll
Event: 0.202 Loaded shared library C:\Users\gagek\.p2\pool\plugins\org.eclipse.justj.openjdk.hotspot.jre.full.win32.x86_64_21.0.8.v20250724-1412\jre\bin\awt.dll
Event: 0.328 Loaded shared library C:\Users\gagek\.p2\pool\plugins\org.eclipse.justj.openjdk.hotspot.jre.full.win32.x86_64_21.0.8.v20250724-1412\jre\bin\freetype.dll
Event: 0.328 Loaded shared library C:\Users\gagek\.p2\pool\plugins\org.eclipse.justj.openjdk.hotspot.jre.full.win32.x86_64_21.0.8.v20250724-1412\jre\bin\fontmanager.dll
Event: 0.488 Loaded shared library C:\Users\gagek\.p2\pool\plugins\org.eclipse.justj.openjdk.hotspot.jre.full.win32.x86_64_21.0.8.v20250724-1412\jre\bin\verify.dll
Event: 0.498 Loaded shared library C:\MinecraftAlphaDev\libraries\natives\lwjgl64.dll
Event: 0.515 Loaded shared library C:\Users\gagek\.p2\pool\plugins\org.eclipse.justj.openjdk.hotspot.jre.full.win32.x86_64_21.0.8.v20250724-1412\jre\bin\jawt.dll
Event: 1.523 Loaded shared library C:\MinecraftAlphaDev\libraries\natives\jinput-dx8_64.dll
Event: 1.743 Loaded shared library C:\MinecraftAlphaDev\libraries\natives\jinput-raw_64.dll
Event: 2.521 Loaded shared library C:\Users\gagek\.p2\pool\plugins\org.eclipse.justj.openjdk.hotspot.jre.full.win32.x86_64_21.0.8.v20250724-1412\jre\bin\extnet.dll

Deoptimization events (20 events):
Event: 66.007 Thread 0x000002848b781fa0 DEOPT PACKING pc=0x00000284ef840bce sp=0x00000092e07fece0
Event: 66.007 Thread 0x000002848b781fa0 DEOPT UNPACKING pc=0x00000284f69b4e42 sp=0x00000092e07fe1d8 mode 0
Event: 66.020 Thread 0x000002848b781fa0 DEOPT PACKING pc=0x00000284ef840bce sp=0x00000092e07fece0
Event: 66.021 Thread 0x000002848b781fa0 DEOPT UNPACKING pc=0x00000284f69b4e42 sp=0x00000092e07fe1d8 mode 0
Event: 66.622 Thread 0x000002848b781fa0 Uncommon trap: trap_request=0xffffff45 fr.pc=0x00000284f709b024 relative=0x0000000000000084
Event: 66.622 Thread 0x000002848b781fa0 Uncommon trap: reason=unstable_if action=reinterpret pc=0x00000284f709b024 method=org.lwjgl.opengl.WindowsDisplay.update()V @ 7 c2
Event: 66.622 Thread 0x000002848b781fa0 DEOPT PACKING pc=0x00000284f709b024 sp=0x00000092e07feff0
Event: 66.622 Thread 0x000002848b781fa0 DEOPT UNPACKING pc=0x00000284f69b46a2 sp=0x00000092e07fef80 mode 2
Event: 73.951 Thread 0x000002848b781280 Uncommon trap: trap_request=0xffffffcc fr.pc=0x00000284f72140c4 relative=0x0000000000000204
Event: 73.951 Thread 0x000002848b781280 Uncommon trap: reason=intrinsic_or_type_checked_inlining action=make_not_entrant pc=0x00000284f72140c4 method=java.util.Arrays.copyOf([Ljava/lang/Object;ILjava/lang/Class;)[Ljava/lang/Object; @ 35 c2
Event: 73.951 Thread 0x000002848b781280 DEOPT PACKING pc=0x00000284f72140c4 sp=0x00000092e05fdc70
Event: 73.951 Thread 0x000002848b781280 DEOPT UNPACKING pc=0x00000284f69b46a2 sp=0x00000092e05fdc18 mode 2
Event: 73.964 Thread 0x000002848b781fa0 Uncommon trap: trap_request=0xffffff45 fr.pc=0x00000284f70de65c relative=0x0000000000000afc
Event: 73.964 Thread 0x000002848b781fa0 Uncommon trap: reason=unstable_if action=reinterpret pc=0x00000284f70de65c method=org.lwjgl.opengl.WindowsDisplay.update()V @ 26 c2
Event: 73.964 Thread 0x000002848b781fa0 DEOPT PACKING pc=0x00000284f70de65c sp=0x00000092e07ff0a0
Event: 73.964 Thread 0x000002848b781fa0 DEOPT UNPACKING pc=0x00000284f69b46a2 sp=0x00000092e07fef88 mode 2
Event: 74.249 Thread 0x000002848b781fa0 Uncommon trap: trap_request=0xffffff45 fr.pc=0x00000284f6fc49e4 relative=0x00000000000018c4
Event: 74.249 Thread 0x000002848b781fa0 Uncommon trap: reason=unstable_if action=reinterpret pc=0x00000284f6fc49e4 method=net.minecraft.src.GuiButton.drawButton(Lnet/minecraft/client/Minecraft;II)V @ 40 c2
Event: 74.249 Thread 0x000002848b781fa0 DEOPT PACKING pc=0x00000284f6fc49e4 sp=0x00000092e07fed20
Event: 74.249 Thread 0x000002848b781fa0 DEOPT UNPACKING pc=0x00000284f69b46a2 sp=0x00000092e07fecb0 mode 2

Classes loaded (20 events):
Event: 8.950 Loading class sun/net/www/http/KeepAliveCache$1
Event: 8.950 Loading class sun/net/www/http/KeepAliveCache$1 done
Event: 8.951 Loading class sun/net/www/http/KeepAliveCache$ClientVector
Event: 8.951 Loading class sun/net/www/http/KeepAliveCache$ClientVector done
Event: 8.952 Loading class sun/net/www/http/KeepAliveEntry
Event: 8.952 Loading class sun/net/www/http/KeepAliveEntry done
Event: 8.953 Loading class sun/net/www/protocol/http/EmptyInputStream
Event: 8.953 Loading class sun/net/www/protocol/http/EmptyInputStream done
Event: 9.858 Loading class java/util/zip/Deflater
Event: 9.858 Loading class java/util/zip/Deflater done
Event: 9.859 Loading class java/util/zip/Deflater$DeflaterZStreamRef
Event: 9.859 Loading class java/util/zip/Deflater$DeflaterZStreamRef done
Event: 11.178 Loading class jdk/internal/math/FormattedFPDecimal
Event: 11.178 Loading class jdk/internal/math/FormattedFPDecimal done
Event: 24.139 Loading class java/lang/FdLibm$Log
Event: 24.139 Loading class java/lang/FdLibm$Log done
Event: 74.942 Loading class java/util/WeakHashMap$KeyIterator
Event: 74.942 Loading class java/util/WeakHashMap$HashIterator
Event: 74.942 Loading class java/util/WeakHashMap$HashIterator done
Event: 74.942 Loading class java/util/WeakHashMap$KeyIterator done

Classes unloaded (0 events):
No events

Classes redefined (0 events):
No events

Internal exceptions (20 events):
Event: 63.750 Thread 0x00000284d7d293d0 Exception <a 'java/lang/InterruptedException'{0x000000061a40e710}: sleep interrupted> (0x000000061a40e710) 
thrown [s\src\hotspot\share\prims\jvm.cpp, line 3074]
Event: 63.796 Thread 0x00000284d7d293d0 Exception <a 'java/lang/InterruptedException'{0x000000061a40ea28}: sleep interrupted> (0x000000061a40ea28) 
thrown [s\src\hotspot\share\prims\jvm.cpp, line 3074]
Event: 63.848 Thread 0x00000284d7d293d0 Exception <a 'java/lang/InterruptedException'{0x000000061a40ed40}: sleep interrupted> (0x000000061a40ed40) 
thrown [s\src\hotspot\share\prims\jvm.cpp, line 3074]
Event: 63.895 Thread 0x00000284d7d293d0 Exception <a 'java/lang/InterruptedException'{0x000000061a40f058}: sleep interrupted> (0x000000061a40f058) 
thrown [s\src\hotspot\share\prims\jvm.cpp, line 3074]
Event: 63.945 Thread 0x00000284d7d293d0 Exception <a 'java/lang/InterruptedException'{0x000000061a40f370}: sleep interrupted> (0x000000061a40f370) 
thrown [s\src\hotspot\share\prims\jvm.cpp, line 3074]
Event: 63.990 Thread 0x00000284d7d293d0 Exception <a 'java/lang/InterruptedException'{0x000000061a40f688}: sleep interrupted> (0x000000061a40f688) 
thrown [s\src\hotspot\share\prims\jvm.cpp, line 3074]
Event: 64.041 Thread 0x00000284d7d293d0 Exception <a 'java/lang/InterruptedException'{0x000000061a40f9a0}: sleep interrupted> (0x000000061a40f9a0) 
thrown [s\src\hotspot\share\prims\jvm.cpp, line 3074]
Event: 64.083 Thread 0x00000284d7d293d0 Exception <a 'java/lang/InterruptedException'{0x000000061a40fcb8}: sleep interrupted> (0x000000061a40fcb8) 
thrown [s\src\hotspot\share\prims\jvm.cpp, line 3074]
Event: 64.148 Thread 0x00000284d7d293d0 Exception <a 'java/lang/InterruptedException'{0x000000061a40ffd0}: sleep interrupted> (0x000000061a40ffd0) 
thrown [s\src\hotspot\share\prims\jvm.cpp, line 3074]
Event: 64.209 Thread 0x00000284d7d293d0 Exception <a 'java/lang/InterruptedException'{0x000000061a4102e8}: sleep interrupted> (0x000000061a4102e8) 
thrown [s\src\hotspot\share\prims\jvm.cpp, line 3074]
Event: 64.259 Thread 0x00000284d7d293d0 Exception <a 'java/lang/InterruptedException'{0x000000061a410600}: sleep interrupted> (0x000000061a410600) 
thrown [s\src\hotspot\share\prims\jvm.cpp, line 3074]
Event: 64.317 Thread 0x00000284d7d293d0 Exception <a 'java/lang/InterruptedException'{0x000000061a410918}: sleep interrupted> (0x000000061a410918) 
thrown [s\src\hotspot\share\prims\jvm.cpp, line 3074]
Event: 64.373 Thread 0x00000284d7d293d0 Exception <a 'java/lang/InterruptedException'{0x000000061a410c30}: sleep interrupted> (0x000000061a410c30) 
thrown [s\src\hotspot\share\prims\jvm.cpp, line 3074]
Event: 64.424 Thread 0x00000284d7d293d0 Exception <a 'java/lang/InterruptedException'{0x000000061a410f48}: sleep interrupted> (0x000000061a410f48) 
thrown [s\src\hotspot\share\prims\jvm.cpp, line 3074]
Event: 64.475 Thread 0x00000284d7d293d0 Exception <a 'java/lang/InterruptedException'{0x000000061a411260}: sleep interrupted> (0x000000061a411260) 
thrown [s\src\hotspot\share\prims\jvm.cpp, line 3074]
Event: 64.554 Thread 0x00000284d7d293d0 Exception <a 'java/lang/InterruptedException'{0x000000061a411578}: sleep interrupted> (0x000000061a411578) 
thrown [s\src\hotspot\share\prims\jvm.cpp, line 3074]
Event: 64.618 Thread 0x00000284d7d293d0 Exception <a 'java/lang/InterruptedException'{0x000000061a411890}: sleep interrupted> (0x000000061a411890) 
thrown [s\src\hotspot\share\prims\jvm.cpp, line 3074]
Event: 64.662 Thread 0x00000284d7d293d0 Exception <a 'java/lang/InterruptedException'{0x000000061a411ba8}: sleep interrupted> (0x000000061a411ba8) 
thrown [s\src\hotspot\share\prims\jvm.cpp, line 3074]
Event: 64.720 Thread 0x00000284d7d293d0 Exception <a 'java/lang/InterruptedException'{0x000000061a411ec0}: sleep interrupted> (0x000000061a411ec0) 
thrown [s\src\hotspot\share\prims\jvm.cpp, line 3074]
Event: 64.774 Thread 0x00000284d7d293d0 Exception <a 'java/lang/InterruptedException'{0x000000061a4121d8}: sleep interrupted> (0x000000061a4121d8) 
thrown [s\src\hotspot\share\prims\jvm.cpp, line 3074]

ZGC Phase Switch (0 events):
No events

VM Operations (20 events):
Event: 60.044 Executing VM operation: Cleanup done
Event: 60.214 Executing VM operation: HandshakeAllThreads (HandshakeForDeflation)
Event: 60.214 Executing VM operation: HandshakeAllThreads (HandshakeForDeflation) done
Event: 60.214 Executing VM operation: RendezvousGCThreads
Event: 60.214 Executing VM operation: RendezvousGCThreads done
Event: 61.215 Executing VM operation: Cleanup
Event: 61.215 Executing VM operation: Cleanup done
Event: 62.216 Executing VM operation: Cleanup
Event: 62.216 Executing VM operation: Cleanup done
Event: 64.216 Executing VM operation: Cleanup
Event: 64.216 Executing VM operation: Cleanup done
Event: 65.216 Executing VM operation: Cleanup
Event: 65.216 Executing VM operation: Cleanup done
Event: 65.838 Executing VM operation: G1CollectFull (System.gc())
Event: 65.853 Executing VM operation: G1CollectFull (System.gc()) done
Event: 66.853 Executing VM operation: Cleanup
Event: 66.853 Executing VM operation: Cleanup done
Event: 74.858 Executing VM operation: Cleanup
Event: 74.858 Executing VM operation: Cleanup done
Event: 75.045 Executing VM operation: Exit

Memory protections (0 events):
No events

Nmethod flushes (20 events):
Event: 65.843 Thread 0x00000284ffe659a0 flushing  nmethod 0x00000284ef6e4710
Event: 65.843 Thread 0x00000284ffe659a0 flushing  nmethod 0x00000284ef6fe890
Event: 65.843 Thread 0x00000284ffe659a0 flushing  nmethod 0x00000284ef708910
Event: 65.843 Thread 0x00000284ffe659a0 flushing  nmethod 0x00000284ef709010
Event: 65.843 Thread 0x00000284ffe659a0 flushing  nmethod 0x00000284ef75f410
Event: 65.843 Thread 0x00000284ffe659a0 flushing  nmethod 0x00000284ef75f890
Event: 65.843 Thread 0x00000284ffe659a0 flushing  nmethod 0x00000284ef75fd90
Event: 65.843 Thread 0x00000284ffe659a0 flushing  nmethod 0x00000284ef763690
Event: 65.843 Thread 0x00000284ffe659a0 flushing  nmethod 0x00000284ef765110
Event: 65.843 Thread 0x00000284ffe659a0 flushing  nmethod 0x00000284ef767610
Event: 65.843 Thread 0x00000284ffe659a0 flushing  nmethod 0x00000284ef76b410
Event: 65.843 Thread 0x00000284ffe659a0 flushing  nmethod 0x00000284ef785e10
Event: 65.843 Thread 0x00000284ffe659a0 flushing  nmethod 0x00000284ef791b90
Event: 65.843 Thread 0x00000284ffe659a0 flushing  nmethod 0x00000284ef7af510
Event: 65.843 Thread 0x00000284ffe659a0 flushing  nmethod 0x00000284ef7af990
Event: 65.843 Thread 0x00000284ffe659a0 flushing  nmethod 0x00000284ef7afe10
Event: 65.843 Thread 0x00000284ffe659a0 flushing  nmethod 0x00000284ef7bbe10
Event: 65.843 Thread 0x00000284ffe659a0 flushing  nmethod 0x00000284ef7f3e10
Event: 65.843 Thread 0x00000284ffe659a0 flushing  nmethod 0x00000284ef873b10
Event: 65.843 Thread 0x00000284ffe659a0 flushing  nmethod 0x00000284ef87d110

Events (20 events):
Event: 16.959 Thread 0x000002848b64e250 Thread added: 0x00000284dcd46df0
Event: 17.015 Thread 0x000002848b64e250 Thread added: 0x00000284dcd48260
Event: 17.882 Thread 0x00000284dcd48260 Thread exited: 0x00000284dcd48260
Event: 17.882 Thread 0x00000284dcd46df0 Thread exited: 0x00000284dcd46df0
Event: 23.954 Thread 0x00000284d30be050 Thread exited: 0x00000284d30be050
Event: 74.940 Thread 0x000002848b781fa0 Thread exited: 0x000002848b781fa0
Event: 74.940 Thread 0x000002848b781280 Thread added: 0x00000284d30bc610
Event: 74.940 Thread 0x000002848b781280 Thread added: 0x00000284d30bd330
Event: 74.940 Thread 0x000002848b781280 Thread added: 0x00000284d30bf400
Event: 74.940 Thread 0x000002848b781280 Thread added: 0x00000284d7d29a60
Event: 74.940 Thread 0x000002848b781280 Thread added: 0x000002848b781fa0
Event: 74.940 Thread 0x000002848b781280 Thread added: 0x00000284dd069140
Event: 74.941 Thread 0x00000284d30bc610 Thread exited: 0x00000284d30bc610
Event: 74.941 Thread 0x00000284d30bf400 Thread exited: 0x00000284d30bf400
Event: 74.942 Thread 0x000002848b781fa0 Thread exited: 0x000002848b781fa0
Event: 74.944 Thread 0x00000284d30bd330 Thread exited: 0x00000284d30bd330
Event: 74.946 Thread 0x00000284dd069140 Thread exited: 0x00000284dd069140
Event: 75.003 Thread 0x000002848b780bf0 Thread exited: 0x000002848b780bf0
Event: 75.045 Thread 0x00000284d7d29a60 Thread exited: 0x00000284d7d29a60
Event: 75.045 Thread 0x000002848b781280 Before exit entered


Dynamic libraries:
0x00007ff7d8d50000 - 0x00007ff7d8d5e000 	C:\Users\gagek\.p2\pool\plugins\org.eclipse.justj.openjdk.hotspot.jre.full.win32.x86_64_21.0.8.v20250724-1412\jre\bin\javaw.exe
0x00007ffe18220000 - 0x00007ffe18487000 	C:\windows\SYSTEM32\ntdll.dll
0x00007ffe17580000 - 0x00007ffe17649000 	C:\windows\System32\KERNEL32.DLL
0x00007ffe15590000 - 0x00007ffe15980000 	C:\windows\System32\KERNELBASE.dll
0x00007ffe15e60000 - 0x00007ffe15fab000 	C:\windows\System32\ucrtbase.dll
0x00007ffdf3590000 - 0x00007ffdf35a8000 	C:\Users\gagek\.p2\pool\plugins\org.eclipse.justj.openjdk.hotspot.jre.full.win32.x86_64_21.0.8.v20250724-1412\jre\bin\jli.dll
0x00007ffdee9f0000 - 0x00007ffdeea0e000 	C:\Users\gagek\.p2\pool\plugins\org.eclipse.justj.openjdk.hotspot.jre.full.win32.x86_64_21.0.8.v20250724-1412\jre\bin\VCRUNTIME140.dll
0x00007ffe15fb0000 - 0x00007ffe16175000 	C:\windows\System32\USER32.dll
0x00007ffe15560000 - 0x00007ffe15587000 	C:\windows\System32\win32u.dll
0x00007ffdf38e0000 - 0x00007ffdf3b7a000 	C:\windows\WinSxS\amd64_microsoft.windows.common-controls_6595b64144ccf1df_6.0.26100.4768_none_3e0c112ce331287c\COMCTL32.dll
0x00007ffe17be0000 - 0x00007ffe17c0b000 	C:\windows\System32\GDI32.dll
0x00007ffe15b10000 - 0x00007ffe15c48000 	C:\windows\System32\gdi32full.dll
0x00007ffe17860000 - 0x00007ffe17909000 	C:\windows\System32\msvcrt.dll
0x00007ffe154b0000 - 0x00007ffe15553000 	C:\windows\System32\msvcp_win.dll
0x00007ffe17c10000 - 0x00007ffe17c3f000 	C:\windows\System32\IMM32.DLL
0x00007ffe10b20000 - 0x00007ffe10b2c000 	C:\Users\gagek\.p2\pool\plugins\org.eclipse.justj.openjdk.hotspot.jre.full.win32.x86_64_21.0.8.v20250724-1412\jre\bin\vcruntime140_1.dll
0x00007ffdc9240000 - 0x00007ffdc92cd000 	C:\Users\gagek\.p2\pool\plugins\org.eclipse.justj.openjdk.hotspot.jre.full.win32.x86_64_21.0.8.v20250724-1412\jre\bin\msvcp140.dll
0x00007ffd33410000 - 0x00007ffd341a7000 	C:\Users\gagek\.p2\pool\plugins\org.eclipse.justj.openjdk.hotspot.jre.full.win32.x86_64_21.0.8.v20250724-1412\jre\bin\server\jvm.dll
0x00007ffe16b50000 - 0x00007ffe16c04000 	C:\windows\System32\ADVAPI32.dll
0x00007ffe17910000 - 0x00007ffe179b6000 	C:\windows\System32\sechost.dll
0x00007ffe179c0000 - 0x00007ffe17ad8000 	C:\windows\System32\RPCRT4.dll
0x00007ffe16720000 - 0x00007ffe16794000 	C:\windows\System32\WS2_32.dll
0x00007ffe151b0000 - 0x00007ffe1520e000 	C:\windows\SYSTEM32\POWRPROF.dll
0x00007ffe0d720000 - 0x00007ffe0d755000 	C:\windows\SYSTEM32\WINMM.dll
0x00007ffe0a3a0000 - 0x00007ffe0a3ab000 	C:\windows\SYSTEM32\VERSION.dll
0x00007ffe15190000 - 0x00007ffe151a4000 	C:\windows\SYSTEM32\UMPDC.dll
0x00007ffe14090000 - 0x00007ffe140ab000 	C:\windows\SYSTEM32\kernel.appcore.dll
0x00007ffe11210000 - 0x00007ffe1121a000 	C:\Users\gagek\.p2\pool\plugins\org.eclipse.justj.openjdk.hotspot.jre.full.win32.x86_64_21.0.8.v20250724-1412\jre\bin\jimage.dll
0x00007ffe12700000 - 0x00007ffe12941000 	C:\windows\SYSTEM32\DBGHELP.DLL
0x00007ffe167c0000 - 0x00007ffe16b45000 	C:\windows\System32\combase.dll
0x00007ffe173f0000 - 0x00007ffe174d0000 	C:\windows\System32\OLEAUT32.dll
0x00007ffdf4390000 - 0x00007ffdf43d3000 	C:\windows\SYSTEM32\dbgcore.DLL
0x00007ffe15410000 - 0x00007ffe154a9000 	C:\windows\System32\bcryptPrimitives.dll
0x00007ffe10f30000 - 0x00007ffe10f4f000 	C:\Users\gagek\.p2\pool\plugins\org.eclipse.justj.openjdk.hotspot.jre.full.win32.x86_64_21.0.8.v20250724-1412\jre\bin\java.dll
0x00007ffe16c10000 - 0x00007ffe1735d000 	C:\windows\System32\SHELL32.dll
0x00007ffe15990000 - 0x00007ffe15b03000 	C:\windows\System32\wintypes.dll
0x00007ffe12ef0000 - 0x00007ffe13750000 	C:\windows\SYSTEM32\windows.storage.dll
0x00007ffe17ae0000 - 0x00007ffe17bd5000 	C:\windows\System32\SHCORE.dll
0x00007ffe17cb0000 - 0x00007ffe17d1a000 	C:\windows\System32\shlwapi.dll
0x00007ffe15270000 - 0x00007ffe15299000 	C:\windows\SYSTEM32\profapi.dll
0x00007ffe10ed0000 - 0x00007ffe10ee8000 	C:\Users\gagek\.p2\pool\plugins\org.eclipse.justj.openjdk.hotspot.jre.full.win32.x86_64_21.0.8.v20250724-1412\jre\bin\zip.dll
0x00007ffe11200000 - 0x00007ffe11210000 	C:\Users\gagek\.p2\pool\plugins\org.eclipse.justj.openjdk.hotspot.jre.full.win32.x86_64_21.0.8.v20250724-1412\jre\bin\net.dll
0x00007ffe0e680000 - 0x00007ffe0e79e000 	C:\windows\SYSTEM32\WINHTTP.dll
0x00007ffe14600000 - 0x00007ffe1466b000 	C:\windows\system32\mswsock.dll
0x00007ffe111c0000 - 0x00007ffe111d6000 	C:\Users\gagek\.p2\pool\plugins\org.eclipse.justj.openjdk.hotspot.jre.full.win32.x86_64_21.0.8.v20250724-1412\jre\bin\nio.dll
0x00007ffdbe4a0000 - 0x00007ffdbe62e000 	C:\Users\gagek\.p2\pool\plugins\org.eclipse.justj.openjdk.hotspot.jre.full.win32.x86_64_21.0.8.v20250724-1412\jre\bin\awt.dll
0x00007ffe11250000 - 0x00007ffe112ee000 	C:\windows\SYSTEM32\apphelp.dll
0x00007ffe11730000 - 0x00007ffe11765000 	C:\windows\system32\DWMAPI.DLL
0x00007ffe115c0000 - 0x00007ffe1166f000 	C:\windows\system32\uxtheme.dll
0x00007ffdb5e30000 - 0x00007ffdb5f48000 	C:\windows\system32\opengl32.dll
0x00007ffdee8d0000 - 0x00007ffdee8fd000 	C:\windows\SYSTEM32\GLU32.dll
0x00007ffe11c50000 - 0x00007ffe11c9d000 	C:\windows\SYSTEM32\dxcore.dll
0x00007ffe165b0000 - 0x00007ffe16711000 	C:\windows\System32\MSCTF.dll
0x00007ffe16400000 - 0x00007ffe165a0000 	C:\windows\System32\ole32.dll
0x00007ffdca8c0000 - 0x00007ffdca947000 	C:\Users\gagek\.p2\pool\plugins\org.eclipse.justj.openjdk.hotspot.jre.full.win32.x86_64_21.0.8.v20250724-1412\jre\bin\freetype.dll
0x00007ffdb5680000 - 0x00007ffdb576b000 	C:\Users\gagek\.p2\pool\plugins\org.eclipse.justj.openjdk.hotspot.jre.full.win32.x86_64_21.0.8.v20250724-1412\jre\bin\fontmanager.dll
0x00007ffe06dc0000 - 0x00007ffe06f11000 	C:\windows\SYSTEM32\textinputframework.dll
0x00007ffdcf690000 - 0x00007ffdcf70d000 	C:\windows\system32\Oleacc.dll
0x00007ffe17750000 - 0x00007ffe177f8000 	C:\windows\System32\clbcatq.dll
0x00007ffdd46f0000 - 0x00007ffdd474e000 	C:\windows\system32\ApplicationTargetedFeatureDatabase.dll
0x00007ffe0ac30000 - 0x00007ffe0ae68000 	C:\Windows\System32\twinapi.appcore.dll
0x00007ffe10e30000 - 0x00007ffe10e40000 	C:\Users\gagek\.p2\pool\plugins\org.eclipse.justj.openjdk.hotspot.jre.full.win32.x86_64_21.0.8.v20250724-1412\jre\bin\verify.dll
0x0000000180000000 - 0x0000000180053000 	C:\MinecraftAlphaDev\libraries\natives\lwjgl64.dll
0x00007ffe0dec0000 - 0x00007ffe0df89000 	C:\windows\SYSTEM32\mscms.dll
0x00007ffdf7470000 - 0x00007ffdf74e0000 	C:\Windows\System32\Windows.Internal.Graphics.Display.DisplayColorManagement.dll
0x00007ffe14f10000 - 0x00007ffe14f67000 	C:\windows\SYSTEM32\cfgmgr32.dll
0x00007ffe0fee0000 - 0x00007ffe0fee7000 	C:\Users\gagek\.p2\pool\plugins\org.eclipse.justj.openjdk.hotspot.jre.full.win32.x86_64_21.0.8.v20250724-1412\jre\bin\jawt.dll
0x00007ffe0b360000 - 0x00007ffe0b3ca000 	C:\windows\SYSTEM32\directxdatabasehelper.dll
0x00007ffdf9260000 - 0x00007ffdf927a000 	C:\windows\SYSTEM32\windows.staterepositorycore.dll
0x00007ffd11d00000 - 0x00007ffd132cb000 	C:\windows\System32\DriverStore\FileRepository\iigd_dch.inf_amd64_9ce4d8a46710e0e5\igxelpgicd64.dll
0x00007ffe12bf0000 - 0x00007ffe12d2e000 	C:\windows\SYSTEM32\dxgi.dll
0x00007ffd69440000 - 0x00007ffd69463000 	C:\windows\SYSTEM32\d3d12.dll
0x00007ffdfab90000 - 0x00007ffdfad37000 	C:\windows\System32\DriverStore\FileRepository\iigd_dch.inf_amd64_9ce4d8a46710e0e5\igdml64.dll
0x00007ffe04790000 - 0x00007ffe04d23000 	C:\windows\System32\DriverStore\FileRepository\iigd_dch.inf_amd64_9ce4d8a46710e0e5\igdgmm64.dll
0x00007ffd96ac0000 - 0x00007ffd96d37000 	C:\windows\SYSTEM32\D3D12Core.dll
0x00007ffe15240000 - 0x00007ffe15266000 	C:\windows\SYSTEM32\bcrypt.dll
0x00007ffe0aea0000 - 0x00007ffe0b01c000 	C:\windows\SYSTEM32\drvstore.dll
0x00007ffdfdf10000 - 0x00007ffe03036000 	C:\windows\System32\DriverStore\FileRepository\iigd_dch.inf_amd64_9ce4d8a46710e0e5\igc64.dll
0x00007ffe0daa0000 - 0x00007ffe0dace000 	C:\windows\SYSTEM32\D3DSCache.dll
0x00007ffe146a0000 - 0x00007ffe146cb000 	C:\windows\SYSTEM32\USERENV.dll
0x00007ffd4b1f0000 - 0x00007ffd4b66e000 	C:\Users\gagek\AppData\Roaming\ow-electron\jilehohlakeokncafogkgnicgndeecdiengddbcc\packages\emifmpeaagaaglhaimndbhcpkjfmjhfnjjpoibdo\1.8.21\owe-client-x64.dll
0x00007ffe141c0000 - 0x00007ffe141f6000 	C:\windows\SYSTEM32\ntmarta.dll
0x00007ffe108d0000 - 0x00007ffe10afa000 	C:\windows\SYSTEM32\dcomp.dll
0x00007ffe101d0000 - 0x00007ffe101e9000 	C:\windows\SYSTEM32\Microsoft.Internal.WarpPal.dll
0x00007ffe10f50000 - 0x00007ffe11075000 	C:\windows\SYSTEM32\CoreMessaging.dll
0x00007ffe08f90000 - 0x00007ffe09273000 	C:\windows\SYSTEM32\CoreUIComponents.dll
0x00007ffe14840000 - 0x00007ffe1484c000 	C:\windows\SYSTEM32\CRYPTBASE.DLL
0x00007ffe149e0000 - 0x00007ffe149fb000 	C:\windows\SYSTEM32\CRYPTSP.dll
0x00007ffe13ff0000 - 0x00007ffe1402b000 	C:\windows\system32\rsaenh.dll
0x00007ffe13a20000 - 0x00007ffe13a53000 	C:\windows\SYSTEM32\IPHLPAPI.DLL
0x00007ffe17800000 - 0x00007ffe1780a000 	C:\windows\System32\NSI.dll
0x000002848bfd0000 - 0x000002848bfe6000 	C:\MinecraftAlphaDev\libraries\natives\jinput-dx8_64.dll
0x00007ffdbe950000 - 0x00007ffdbe99b000 	C:\windows\SYSTEM32\DINPUT8.dll
0x00007ffdfd840000 - 0x00007ffdfda22000 	C:\windows\SYSTEM32\inputhost.dll
0x00007ffe13760000 - 0x00007ffe1376f000 	C:\windows\SYSTEM32\HID.DLL
0x00007ffe17d50000 - 0x00007ffe181d6000 	C:\windows\System32\SETUPAPI.DLL
0x00007ffe14f70000 - 0x00007ffe14f9d000 	C:\windows\SYSTEM32\DEVOBJ.dll
0x00000284d2410000 - 0x00000284d2494000 	C:\windows\System32\WINTRUST.dll
0x00007ffe15ce0000 - 0x00007ffe15e57000 	C:\windows\System32\CRYPT32.dll
0x00007ffe14a50000 - 0x00007ffe14a63000 	C:\windows\SYSTEM32\MSASN1.dll
0x00000284d2070000 - 0x00000284d2084000 	C:\MinecraftAlphaDev\libraries\natives\jinput-raw_64.dll
0x00000284d2540000 - 0x00000284d25a4000 	C:\MinecraftAlphaDev\libraries\natives\OpenAL64.dll
0x00007ffe0c5a0000 - 0x00007ffe0c642000 	C:\windows\System32\MMDevApi.dll
0x00007ffdbde50000 - 0x00007ffdbdee4000 	C:\windows\SYSTEM32\dsound.dll
0x00007ffd98640000 - 0x00007ffd98671000 	C:\windows\SYSTEM32\winmmbase.dll
0x00007ffd99dd0000 - 0x00007ffd99e81000 	C:\windows\SYSTEM32\ResampleDmo.DLL
0x00007ffdfcc60000 - 0x00007ffdfcc6e000 	C:\windows\SYSTEM32\msdmo.dll
0x00007ffdfa140000 - 0x00007ffdfa302000 	C:\windows\SYSTEM32\AUDIOSES.DLL
0x00007ffe11ae0000 - 0x00007ffe11af4000 	C:\windows\SYSTEM32\resourcepolicyclient.dll
0x00007ffe13a60000 - 0x00007ffe13b86000 	C:\windows\SYSTEM32\DNSAPI.dll
0x00007ffe0e2e0000 - 0x00007ffe0e2eb000 	C:\Windows\System32\rasadhlp.dll
0x00007ffe0ec90000 - 0x00007ffe0ed16000 	C:\windows\System32\fwpuclnt.dll
0x00007ffe0db30000 - 0x00007ffe0db39000 	C:\Users\gagek\.p2\pool\plugins\org.eclipse.justj.openjdk.hotspot.jre.full.win32.x86_64_21.0.8.v20250724-1412\jre\bin\extnet.dll

JVMTI agents: none

dbghelp: loaded successfully - version: 4.0.5 - missing functions: none
symbol engine: initialized successfully - sym options: 0x614 - pdb path: .;C:\Users\gagek\.p2\pool\plugins\org.eclipse.justj.openjdk.hotspot.jre.full.win32.x86_64_21.0.8.v20250724-1412\jre\bin;C:\windows\SYSTEM32;C:\windows\WinSxS\amd64_microsoft.windows.common-controls_6595b64144ccf1df_6.0.26100.4768_none_3e0c112ce331287c;C:\Users\gagek\.p2\pool\plugins\org.eclipse.justj.openjdk.hotspot.jre.full.win32.x86_64_21.0.8.v20250724-1412\jre\bin\server;C:\MinecraftAlphaDev\libraries\natives;C:\windows\System32\DriverStore\FileRepository\iigd_dch.inf_amd64_9ce4d8a46710e0e5;C:\Users\gagek\AppData\Roaming\ow-electron\jilehohlakeokncafogkgnicgndeecdiengddbcc\packages\emifmpeaagaaglhaimndbhcpkjfmjhfnjjpoibdo\1.8.21

VM Arguments:
jvm_args: -Djava.library.path=C:\MinecraftAlphaDev\libraries\natives -Dfile.encoding=UTF-8 -Dstdout.encoding=UTF-8 -Dstderr.encoding=UTF-8 -XX:+ShowCodeDetailsInExceptionMessages 
java_command: net.minecraft.client.Minecraft
java_class_path (initial): C:\MinecraftAlphaDev\minecraft\output;C:\MinecraftAlphaDev\libraries\net\java\jinput\jinput\2.0.5\jinput-2.0.5.jar;C:\MinecraftAlphaDev\libraries\net\java\jutils\jutils\1.0.0\jutils-1.0.0.jar;C:\MinecraftAlphaDev\libraries\org\lwjgl\lwjgl\lwjgl\2.9.4-nightly-20150209\lwjgl-2.9.4-nightly-20150209.jar;C:\MinecraftAlphaDev\libraries\org\lwjgl\lwjgl\lwjgl_util\2.9.4-nightly-20150209\lwjgl_util-2.9.4-nightly-20150209.jar;C:\MinecraftAlphaDev\libraries\org\lwjgl\lwjgl\lwjgl-platform\2.9.4-nightly-20150209\lwjgl-platform-2.9.4-nightly-20150209.jar;C:\MinecraftAlphaDev\libraries\com\paulscode\codecjorbis\20230120\codecjorbis-20230120.jar;C:\MinecraftAlphaDev\libraries\com\paulscode\codecwav\20101023\codecwav-20101023.jar;C:\MinecraftAlphaDev\libraries\com\paulscode\libraryjavasound\20101123\libraryjavasound-20101123.jar;C:\MinecraftAlphaDev\libraries\com\paulscode\librarylwjglopenal\20100824\librarylwjglopenal-20100824.jar;C:\MinecraftAlphaDev\libraries\com\paulscode\soundsystem\20120107\soundsystem-20120107.jar;C:\MinecraftAlphaDev\libraries\org\mcphackers\launchwrapper\1.1.3\launchwrapper-1.1.3.jar;C:\MinecraftAlphaDev\libraries\org\json\json\20230311\json-20230311.jar;C:\MinecraftAlphaDev\libraries\org\ow2\asm\asm\9.7\asm-9.7.jar;C:\MinecraftAlphaDev\libraries\org\ow2\asm\asm-tree\9.7\asm-tree-9.7.jar;C:\MinecraftAlphaDev\minecraft\jars\deobfuscated.jar
Launcher Type: SUN_STANDARD

[Global flags]
     intx CICompilerCount                          = 4                                         {product} {ergonomic}
     uint ConcGCThreads                            = 3                                         {product} {ergonomic}
     uint G1ConcRefinementThreads                  = 11                                        {product} {ergonomic}
   size_t G1HeapRegionSize                         = 4194304                                   {product} {ergonomic}
    uintx GCDrainStackTargetSize                   = 64                                        {product} {ergonomic}
   size_t InitialHeapSize                          = 528482304                                 {product} {ergonomic}
   size_t MarkStackSize                            = 4194304                                   {product} {ergonomic}
   size_t MaxHeapSize                              = 8443133952                                {product} {ergonomic}
   size_t MaxNewSize                               = 5062524928                                {product} {ergonomic}
   size_t MinHeapDeltaBytes                        = 4194304                                   {product} {ergonomic}
   size_t MinHeapSize                              = 8388608                                   {product} {ergonomic}
    uintx NonNMethodCodeHeapSize                   = 5839372                                {pd product} {ergonomic}
    uintx NonProfiledCodeHeapSize                  = 122909434                              {pd product} {ergonomic}
    uintx ProfiledCodeHeapSize                     = 122909434                              {pd product} {ergonomic}
    uintx ReservedCodeCacheSize                    = 251658240                              {pd product} {ergonomic}
     bool SegmentedCodeCache                       = true                                      {product} {ergonomic}
     bool ShowCodeDetailsInExceptionMessages       = true                                   {manageable} {command line}
   size_t SoftMaxHeapSize                          = 8443133952                             {manageable} {ergonomic}
     bool UseCompressedOops                        = true                           {product lp64_product} {ergonomic}
     bool UseG1GC                                  = true                                      {product} {ergonomic}
     bool UseLargePagesIndividualAllocation        = false                                  {pd product} {ergonomic}

Logging:
Log output configuration:
 #0: stdout all=off uptime,level,tags foldmultilines=false
 #1: stderr all=off uptime,level,tags foldmultilines=false

Environment Variables:
PATH=C:/Users/gagek/.p2/pool/plugins/org.eclipse.justj.openjdk.hotspot.jre.full.win32.x86_64_21.0.8.v20250724-1412/jre/bin/server;C:/Users/gagek/.p2/pool/plugins/org.eclipse.justj.openjdk.hotspot.jre.full.win32.x86_64_21.0.8.v20250724-1412/jre/bin;C:\Program Files\Zulu\zulu-21\bin\;C:\Program Files (x86)\Common Files\Oracle\Java\java8path;C:\Program Files (x86)\Common Files\Oracle\Java\javapath;C:\Program Files\Oculus\Support\oculus-runtime;c:\devkitPro\msys2\usr\bin;C:\windows\system32;C:\windows;C:\windows\System32\Wbem;C:\windows\System32\WindowsPowerShell\v1.0\;C:\windows\System32\OpenSSH\;C:\Program Files\HP\HP One Agent;C:\Program Files\dotnet\;C:\Program Files (x86)\Microsoft SQL Server\160\Tools\Binn\;C:\Program Files\Microsoft SQL Server\160\Tools\Binn\;C:\Program Files\Microsoft SQL Server\Client SDK\ODBC\170\Tools\Binn\;C:\Program Files\Microsoft SQL Server\160\DTS\Binn\;C:\Program Files (x86)\Windows Kits\8.1\Windows Performance Toolkit\;C:\Program Files\Docker\Docker\resources\bin;C:\Program Files (x86)\Gpg4win\..\GnuPG\bin;C:\Users\gagek\AppData\Local\Microsoft\WindowsApps;C:\Users\gagek\AppData\Local\Programs\Microsoft VS Code\bin;C:\msys64\mingw64\bin;C:\Users\gagek\.aftman\bin;C:\Users\gagek\AppData\Local\GitHubDesktop\bin;C:\Users\gagek\AppData\Local\Muse Hub\lib;C:\Users\gagek\OneDrive\Desktop;
USERNAME=gagek
OS=Windows_NT
PROCESSOR_IDENTIFIER=Intel64 Family 6 Model 170 Stepping 4, GenuineIntel
TMP=C:\Users\gagek\AppData\Local\Temp
TEMP=C:\Users\gagek\AppData\Local\Temp




Periodic native trim disabled

---------------  S Y S T E M  ---------------

OS:
 Windows 11 , 64 bit Build 26100 (10.0.26100.4768)
OS uptime: 5 days 4:53 hours
Hyper-V role detected

CPU: total 14 (initial active 14) (7 cores per cpu, 2 threads per core) family 6 model 170 stepping 4 microcode 0x1f, cx8, cmov, fxsr, ht, mmx, 3dnowpref, sse, sse2, sse3, ssse3, sse4.1, sse4.2, popcnt, lzcnt, tsc, tscinvbit, avx, avx2, aes, erms, clmul, bmi1, bmi2, adx, sha, fma, vzeroupper, clflush, clflushopt, clwb, hv, serialize, rdtscp, rdpid, fsrm, f16c, cet_ibt, cet_ss
Processor Information for processor 0
  Max Mhz: 1700, Current Mhz: 1700, Mhz Limit: 1700
Processor Information for processor 1
  Max Mhz: 1700, Current Mhz: 1700, Mhz Limit: 1700
Processor Information for processor 2
  Max Mhz: 1200, Current Mhz: 1200, Mhz Limit: 1200
Processor Information for processor 3
  Max Mhz: 1200, Current Mhz: 1200, Mhz Limit: 1200
Processor Information for processor 4
  Max Mhz: 1200, Current Mhz: 1200, Mhz Limit: 1200
Processor Information for processor 5
  Max Mhz: 1200, Current Mhz: 1200, Mhz Limit: 1200
Processor Information for processor 6
  Max Mhz: 1200, Current Mhz: 1200, Mhz Limit: 1200
Processor Information for processor 7
  Max Mhz: 1200, Current Mhz: 1200, Mhz Limit: 1200
Processor Information for processor 8
  Max Mhz: 1200, Current Mhz: 1200, Mhz Limit: 1200
Processor Information for processor 9
  Max Mhz: 1200, Current Mhz: 1200, Mhz Limit: 1200
Processor Information for processor 10
  Max Mhz: 1700, Current Mhz: 1700, Mhz Limit: 1700
Processor Information for processor 11
  Max Mhz: 1700, Current Mhz: 1700, Mhz Limit: 1700
Processor Information for processor 12
  Max Mhz: 700, Current Mhz: 700, Mhz Limit: 700
Processor Information for processor 13
  Max Mhz: 700, Current Mhz: 700, Mhz Limit: 700

Memory: 4k page, system-wide physical 32203M (11856M free)
TotalPageFile size 37835M (AvailPageFile size 8868M)
current process WorkingSet (physical memory assigned to process): 880M, peak: 1010M
current process commit charge ("private bytes"): 991M, peak: 1122M

vm_info: OpenJDK 64-Bit Server VM (21.0.8+9-LTS) for windows-amd64 JRE (21.0.8+9-LTS), built on 2025-07-15T00:00:00Z by "admin" with MS VC++ 17.7 (VS2022)

END.
