#
# A fatal error has been detected by the Java Runtime Environment:
#
#  EXCEPTION_ACCESS_VIOLATION (0xc0000005) at pc=0x00007ffd4b5b8c80, pid=24448, tid=23052
#
# JRE version: OpenJDK Runtime Environment Temurin-21.0.8+9 (21.0.8+9) (build 21.0.8+9-LTS)
# Java VM: OpenJDK 64-Bit Server VM Temurin-21.0.8+9 (21.0.8+9-LTS, mixed mode, sharing, tiered, compressed oops, compressed class ptrs, g1 gc, windows-amd64)
# Problematic frame:
# C  [owe-client-x64.dll+0x3c8c80]
#
# No core dump will be written. Minidumps are not enabled by default on client versions of Windows
#
# If you would like to submit a bug report, please visit:
#   https://github.com/adoptium/adoptium-support/issues
#

---------------  S U M M A R Y ------------

Command Line: -Djava.library.path=C:\MinecraftAlphaDev\libraries\natives -Dfile.encoding=UTF-8 -Dstdout.encoding=UTF-8 -Dstderr.encoding=UTF-8 -XX:+ShowCodeDetailsInExceptionMessages net.minecraft.client.Minecraft

Host: Intel(R) Core(TM) Ultra 7 155U, 14 cores, 31G,  Windows 11 , 64 bit Build 26100 (10.0.26100.4768)
Time: Mon Sep  8 18:30:29 2025 Central Daylight Time elapsed time: 333.829181 seconds (0d 0h 5m 33s)

---------------  T H R E A D  ---------------

Current thread (0x000001ebde7654e0):  VMThread "VM Thread"          [id=23052, stack(0x0000005246400000,0x0000005246500000) (1024K)]

Stack: [0x0000005246400000,0x0000005246500000],  sp=0x00000052464ff228,  free space=1020k
Native frames: (J=compiled Java code, j=interpreted, Vv=VM code, C=native code)
C  [owe-client-x64.dll+0x3c8c80]


siginfo: EXCEPTION_ACCESS_VIOLATION (0xc0000005), data execution prevention violation at address 0x00007ffd4b5b8c80


Registers:
RAX=0x00007ffd4b55e300, RBX=0x0000000000000000, RCX=0x000001ec240711a0, RDX=0x00007ffd4b625018
RSP=0x00000052464ff228, RBP=0x00000052464ff720, RSI=0x00007ffdaf840000, RDI=0x0000000000000001
R8 =0x000001ebbc6302c0, R9 =0x00000052458af000, R10=0x00007ffe183eeea0, R11=0x000001ec240171b0
R12=0x0000000000000001, R13=0x00007ffdaf89bdf0, R14=0x0000000000000000, R15=0x00007ffdaf840000
RIP=0x00007ffd4b5b8c80, EFLAGS=0x0000000000010206

XMM[0]=0x0000000000000000 0x0000000000000000
XMM[1]=0x0000000000000000 0x0000000000000000
XMM[2]=0x0000000000000000 0x0000000000000000
XMM[3]=0x0000000000000000 0x0000000000000000
XMM[4]=0x0000000000000000 0x0000000000000000
XMM[5]=0x0000000000000000 0x0000000000000000
XMM[6]=0x0000000000000000 0x0000000000000000
XMM[7]=0x0000000000000000 0x404e000000000000
XMM[8]=0x0000000000000000 0x0000000000000000
XMM[9]=0x0000000000000000 0x0000000000000000
XMM[10]=0x0000000000000000 0x0000000000000000
XMM[11]=0x0000000000000000 0x0000000000000000
XMM[12]=0x0000000000000000 0x0000000000000000
XMM[13]=0x0000000000000000 0x0000000000000000
XMM[14]=0x0000000000000000 0x0000000000000000
XMM[15]=0x0000000000000000 0x0000000000000000
  MXCSR=0x00001fa3


Register to memory mapping:

RAX=0x00007ffd4b55e300 owe-client-x64.dll
RBX=0x0 is null
RCX=0x000001ec240711a0 points into unknown readable memory: 0x00007ffd4b55e300 | 00 e3 55 4b fd 7f 00 00
RDX=0x00007ffd4b625018 owe-client-x64.dll
RSP=0x00000052464ff228 points into unknown readable memory: 0x00007ffd4b2aac99 | 99 ac 2a 4b fd 7f 00 00
RBP=0x00000052464ff720 points into unknown readable memory: 0x000001ebdddb9b40 | 40 9b db dd eb 01 00 00
RSI=0x00007ffdaf840000 opengl32.dll
RDI=0x0000000000000001 is an unknown value
R8 =0x000001ebbc6302c0 points into unknown readable memory: 0x00007ffd340c5460 | 60 54 0c 34 fd 7f 00 00
R9 =0x00000052458af000 points into unknown readable memory: 0x0000000000000000 | 00 00 00 00 00 00 00 00
R10=0x00007ffe183eeea0 ntdll.dll
R11=0x000001ec240171b0 points into unknown readable memory: 0x000001ec240170a0 | a0 70 01 24 ec 01 00 00
R12=0x0000000000000001 is an unknown value
R13=0x00007ffdaf89bdf0 opengl32.dll
R14=0x0 is null
R15=0x00007ffdaf840000 opengl32.dll

Top of Stack: (sp=0x00000052464ff228)
0x00000052464ff228:   00007ffd4b2aac99 00007ffd4b62c7b8
0x00000052464ff238:   00007ffd4b625018 000001ec240a5950
0x00000052464ff248:   0000000000000000 fffffffffffffffe
0x00000052464ff258:   00007ffd4b2ab0f7 000001ec240711a0
0x00000052464ff268:   00007ffd4b625018 000001ebbcb5b178
0x00000052464ff278:   0000000000000000 0000000000000000
0x00000052464ff288:   000001ec240711a0 00007ffdaf89bdf0
0x00000052464ff298:   000001ec265842e0 000001ec24018270
0x00000052464ff2a8:   00007ffe182243e1 0000000000000001
0x00000052464ff2b8:   00007ffdaf84ca16 0000000000010000
0x00000052464ff2c8:   000001ebbcb5b0d8 000001ec240171b0
0x00000052464ff2d8:   00007ffe18224273 0000000000000001
0x00000052464ff2e8:   00007ffdaf84c7d0 00000052464ff720
0x00000052464ff2f8:   0000000000000000 00007ffdaf840000
0x00000052464ff308:   0000000000000000 0000000000000000
0x00000052464ff318:   00007ffdaf84c255 0000000000000000
0x00000052464ff328:   00000052464ff720 00007ffdaf840000
0x00000052464ff338:   0000000000000000 0000000000000000
0x00000052464ff348:   00007ffdaf89bf19 0000000000000001
0x00000052464ff358:   00000052464ff720 00007ffe165b0000
0x00000052464ff368:   00007ffe15f988c0 0000005200000001
0x00000052464ff378:   00007ffe15eab8aa 00000052464f0101
0x00000052464ff388:   00000052464ff408 00000052464ff720
0x00000052464ff398:   00000000c0000005 00007ffe00000000
0x00000052464ff3a8:   00007ffe15eab84d 0000000000000001
0x00000052464ff3b8:   00007ffe15f125ec 00000052464ff720
0x00000052464ff3c8:   00000052464ff3f8 fffffffffffffffe
0x00000052464ff3d8:   00007ffe15eab84d 0000000000000001
0x00000052464ff3e8:   00007ffe16446693 00007ffe16512c60
0x00000052464ff3f8:   c00000050000000d ffffffff0000000d
0x00000052464ff408:   00000052464ff3f0 0000000000000000
0x00000052464ff418:   00007ffe1644633f 0000000000000000 

Instructions: (pc=0x00007ffd4b5b8c80)
0x00007ffd4b5b8b80:   00 00 00 00 00 00 00 00 00 00 00 00 00 00 00 00
0x00007ffd4b5b8b90:   40 e5 42 00 01 00 00 00 00 00 00 00 ff ff ff ff
0x00007ffd4b5b8ba0:   00 00 00 00 40 00 00 00 60 8b 3c 00 00 00 00 00
0x00007ffd4b5b8bb0:   00 00 00 00 00 00 00 00 00 00 00 00 00 00 00 00
0x00007ffd4b5b8bc0:   01 00 00 00 d0 8b 3c 00 00 00 00 00 00 00 00 00
0x00007ffd4b5b8bd0:   e0 8b 3c 00 00 00 00 00 00 00 00 00 00 00 00 00
0x00007ffd4b5b8be0:   e8 e5 42 00 00 00 00 00 00 00 00 00 ff ff ff ff
0x00007ffd4b5b8bf0:   00 00 00 00 40 00 00 00 b8 8b 3c 00 00 00 00 00
0x00007ffd4b5b8c00:   00 00 00 00 00 00 00 00 01 00 00 00 00 00 00 00
0x00007ffd4b5b8c10:   00 00 00 00 18 e6 42 00 30 8c 3c 00 08 8c 3c 00
0x00007ffd4b5b8c20:   00 00 00 00 00 00 00 00 00 00 00 00 00 00 00 00
0x00007ffd4b5b8c30:   00 00 00 00 00 00 00 00 01 00 00 00 48 8c 3c 00
0x00007ffd4b5b8c40:   00 00 00 00 00 00 00 00 58 8c 3c 00 00 00 00 00
0x00007ffd4b5b8c50:   00 00 00 00 00 00 00 00 18 e6 42 00 00 00 00 00
0x00007ffd4b5b8c60:   00 00 00 00 ff ff ff ff 00 00 00 00 40 00 00 00
0x00007ffd4b5b8c70:   30 8c 3c 00 00 00 00 00 00 00 00 00 00 00 00 00
0x00007ffd4b5b8c80:   01 00 00 00 00 00 00 00 00 00 00 00 40 e6 42 00
0x00007ffd4b5b8c90:   a8 8c 3c 00 80 8c 3c 00 00 00 00 00 00 00 00 00
0x00007ffd4b5b8ca0:   00 00 00 00 00 00 00 00 00 00 00 00 01 00 00 00
0x00007ffd4b5b8cb0:   03 00 00 00 c0 8c 3c 00 00 00 00 00 00 00 00 00
0x00007ffd4b5b8cc0:   e0 8c 3c 00 58 8c 3c 00 08 8d 3c 00 00 00 00 00
0x00007ffd4b5b8cd0:   00 00 00 00 00 00 00 00 00 00 00 00 00 00 00 00
0x00007ffd4b5b8ce0:   40 e6 42 00 02 00 00 00 00 00 00 00 ff ff ff ff
0x00007ffd4b5b8cf0:   00 00 00 00 40 00 00 00 a8 8c 3c 00 00 00 00 00
0x00007ffd4b5b8d00:   00 00 00 00 00 00 00 00 60 e6 42 00 00 00 00 00
0x00007ffd4b5b8d10:   10 00 00 00 ff ff ff ff 00 00 00 00 40 00 00 00
0x00007ffd4b5b8d20:   30 8d 3c 00 00 00 00 00 00 00 00 00 00 00 00 00
0x00007ffd4b5b8d30:   00 00 00 00 00 00 00 00 01 00 00 00 48 8d 3c 00
0x00007ffd4b5b8d40:   00 00 00 00 00 00 00 00 58 8d 3c 00 00 00 00 00
0x00007ffd4b5b8d50:   00 00 00 00 00 00 00 00 60 e6 42 00 00 00 00 00
0x00007ffd4b5b8d60:   00 00 00 00 ff ff ff ff 00 00 00 00 40 00 00 00
0x00007ffd4b5b8d70:   30 8d 3c 00 00 00 00 00 00 00 00 00 00 00 00 00 


Stack slot to memory mapping:

stack at sp + 0 slots: 0x00007ffd4b2aac99 owe-client-x64.dll
stack at sp + 1 slots: 0x00007ffd4b62c7b8 owe-client-x64.dll
stack at sp + 2 slots: 0x00007ffd4b625018 owe-client-x64.dll
stack at sp + 3 slots: 0x000001ec240a5950 points into unknown readable memory: 0x00007ffe166d0150 | 50 01 6d 16 fe 7f 00 00
stack at sp + 4 slots: 0x0 is null
stack at sp + 5 slots: 0xfffffffffffffffe is an unknown value
stack at sp + 6 slots: 0x00007ffd4b2ab0f7 owe-client-x64.dll
stack at sp + 7 slots: 0x000001ec240711a0 points into unknown readable memory: 0x00007ffd4b55e300 | 00 e3 55 4b fd 7f 00 00

VM_Operation (0x00000052472fe7c0): Exit, mode: safepoint, requested by thread 0x000001ec2403fda0


---------------  P R O C E S S  ---------------

Threads class SMR info:
_java_thread_list=0x000001ec26758020, length=18, elements={
0x000001ebde77cca0, 0x000001ebde77fa30, 0x000001ebde782fe0, 0x000001ebde785a40,
0x000001ebde78e4a0, 0x000001ebde795670, 0x000001ebde7b6530, 0x000001ebde7c8fe0,
0x000001ebde900eb0, 0x000001ebde9046f0, 0x000001ec2401fbb0, 0x000001ec24022cd0,
0x000001ec2403fda0, 0x000001ec240744e0, 0x000001ebbc82ef40, 0x000001ec2683da00,
0x000001ec2b2c0e60, 0x000001ec2ad6e920
}

Java Threads: ( => current thread )
  0x000001ebde77cca0 JavaThread "Reference Handler"          daemon [_thread_blocked, id=20788, stack(0x0000005246500000,0x0000005246600000) (1024K)]
  0x000001ebde77fa30 JavaThread "Finalizer"                  daemon [_thread_blocked, id=34244, stack(0x0000005246600000,0x0000005246700000) (1024K)]
  0x000001ebde782fe0 JavaThread "Signal Dispatcher"          daemon [_thread_blocked, id=39692, stack(0x0000005246700000,0x0000005246800000) (1024K)]
  0x000001ebde785a40 JavaThread "Attach Listener"            daemon [_thread_blocked, id=41184, stack(0x0000005246800000,0x0000005246900000) (1024K)]
  0x000001ebde78e4a0 JavaThread "Service Thread"             daemon [_thread_blocked, id=18764, stack(0x0000005246900000,0x0000005246a00000) (1024K)]
  0x000001ebde795670 JavaThread "Monitor Deflation Thread"   daemon [_thread_blocked, id=6764, stack(0x0000005246a00000,0x0000005246b00000) (1024K)]
  0x000001ebde7b6530 JavaThread "C2 CompilerThread0"         daemon [_thread_blocked, id=16452, stack(0x0000005246b00000,0x0000005246c00000) (1024K)]
  0x000001ebde7c8fe0 JavaThread "C1 CompilerThread0"         daemon [_thread_blocked, id=8540, stack(0x0000005246c00000,0x0000005246d00000) (1024K)]
  0x000001ebde900eb0 JavaThread "Notification Thread"        daemon [_thread_blocked, id=39036, stack(0x0000005246d00000,0x0000005246e00000) (1024K)]
  0x000001ebde9046f0 JavaThread "Common-Cleaner"             daemon [_thread_blocked, id=39636, stack(0x0000005246e00000,0x0000005246f00000) (1024K)]
  0x000001ec2401fbb0 JavaThread "Java2D Disposer"            daemon [_thread_blocked, id=3612, stack(0x0000005246f00000,0x0000005247000000) (1024K)]
  0x000001ec24022cd0 JavaThread "AWT-Shutdown"                      [_thread_blocked, id=37668, stack(0x0000005247000000,0x0000005247100000) (1024K)]
  0x000001ec2403fda0 JavaThread "AWT-EventQueue-0"                  [_thread_blocked, id=17020, stack(0x0000005247200000,0x0000005247300000) (1024K)]
  0x000001ec240744e0 JavaThread "Timer hack thread"          daemon [_thread_blocked, id=35988, stack(0x0000005247300000,0x0000005247400000) (1024K)]
  0x000001ebbc82ef40 JavaThread "DestroyJavaVM"                     [_thread_blocked, id=31676, stack(0x0000005245d00000,0x0000005245e00000) (1024K)]
  0x000001ec2683da00 JavaThread "Thread-2"                   daemon [_thread_in_native, id=35040, stack(0x0000005247f00000,0x0000005248000000) (1024K)]
  0x000001ec2b2c0e60 JavaThread "Thread-3"                          [_thread_blocked, id=26924, stack(0x0000005248000000,0x0000005248100000) (1024K)]
  0x000001ec2ad6e920 JavaThread "Thread-4"                          [_thread_blocked, id=27996, stack(0x0000005248300000,0x0000005248400000) (1024K)]
Total: 18

Other Threads:
=>0x000001ebde7654e0 VMThread "VM Thread"                           [id=23052, stack(0x0000005246400000,0x0000005246500000) (1024K)]
  0x000001ebbecf22a0 WorkerThread "GC Thread#0"                     [id=13512, stack(0x0000005245e00000,0x0000005245f00000) (1024K)]
  0x000001ec269f1fa0 WorkerThread "GC Thread#1"                     [id=25772, stack(0x0000005248a00000,0x0000005248b00000) (1024K)]
  0x000001ec269f2340 WorkerThread "GC Thread#2"                     [id=14540, stack(0x0000005248b00000,0x0000005248c00000) (1024K)]
  0x000001ec269f1c00 WorkerThread "GC Thread#3"                     [id=36308, stack(0x0000005248c00000,0x0000005248d00000) (1024K)]
  0x000001ec269f2a80 WorkerThread "GC Thread#4"                     [id=23148, stack(0x0000005248d00000,0x0000005248e00000) (1024K)]
  0x000001ec269f31c0 WorkerThread "GC Thread#5"                     [id=32524, stack(0x0000005248e00000,0x0000005248f00000) (1024K)]
  0x000001ec262b1370 WorkerThread "GC Thread#6"                     [id=26288, stack(0x0000005248f00000,0x0000005249000000) (1024K)]
  0x000001ec262b0fd0 WorkerThread "GC Thread#7"                     [id=41108, stack(0x0000005249000000,0x0000005249100000) (1024K)]
  0x000001ec262aef30 WorkerThread "GC Thread#8"                     [id=15356, stack(0x0000005249100000,0x0000005249200000) (1024K)]
  0x000001ec262b1710 WorkerThread "GC Thread#9"                     [id=29744, stack(0x0000005249200000,0x0000005249300000) (1024K)]
  0x000001ec262b1ab0 WorkerThread "GC Thread#10"                    [id=14624, stack(0x0000005249300000,0x0000005249400000) (1024K)]
  0x000001ebbed02e10 ConcurrentGCThread "G1 Main Marker"            terminated
  0x000001ebbed03910 WorkerThread "G1 Conc#0"                       [id=40424, stack(0x0000005246000000,0x0000005246100000) (1024K)]
  0x000001ec262aeb90 WorkerThread "G1 Conc#1"                       [id=11564, stack(0x0000005249400000,0x0000005249500000) (1024K)]
  0x000001ec262af670 WorkerThread "G1 Conc#2"                       [id=9848, stack(0x0000005249600000,0x0000005249700000) (1024K)]
  0x000001ebddc84320 ConcurrentGCThread "G1 Refine#0"               terminated
  0x000001ebddc84d30 ConcurrentGCThread "G1 Service"                terminated
Total: 18

Threads with active compile tasks:
Total: 0

VM state: at safepoint (shutting down)

VM Mutex/Monitor currently owned by a thread:  ([mutex/lock_event])
[0x00007ffd340c5458] Threads_lock - owner thread: 0x000001ebde7654e0
[0x00007ffd340c5558] Heap_lock - owner thread: 0x000001ec2403fda0

Heap address: 0x0000000608c00000, size: 8052 MB, Compressed Oops mode: Zero based, Oop shift amount: 3

CDS archive(s) mapped at: [0x000001ebdf000000-0x000001ebdfc80000-0x000001ebdfc80000), size 13107200, SharedBaseAddress: 0x000001ebdf000000, ArchiveRelocationMode: 1.
Compressed class space mapped at: 0x000001ebe0000000-0x000001ec20000000, reserved size: 1073741824
Narrow klass base: 0x000001ebdf000000, Narrow klass shift: 0, Narrow klass range: 0x100000000

GC Precious Log:
 CardTable entry size: 512
 Card Set container configuration: InlinePtr #cards 4 size 8 Array Of Cards #cards 32 size 80 Howl #buckets 8 coarsen threshold 7372 Howl Bitmap #cards 1024 size 144 coarsen threshold 921 Card regions per heap region 1 cards per card region 8192
 CPUs: 14 total, 14 available
 Memory: 32203M
 Large Page Support: Disabled
 NUMA Support: Disabled
 Compressed Oops: Enabled (Zero based)
 Heap Region Size: 4M
 Heap Min Capacity: 8M
 Heap Initial Capacity: 504M
 Heap Max Capacity: 8052M
 Pre-touch: Disabled
 Parallel Workers: 11
 Concurrent Workers: 3
 Concurrent Refinement Workers: 11
 Periodic GC: Disabled

Heap:
 garbage-first heap   total 245760K, used 68481K [0x0000000608c00000, 0x0000000800000000)
  region size 4096K, 3 young (12288K), 0 survivors (0K)
 Metaspace       used 14624K, committed 14848K, reserved 1114112K
  class space    used 1322K, committed 1408K, reserved 1048576K

Heap Regions: E=young(eden), S=young(survivor), O=old, HS=humongous(starts), HC=humongous(continues), CS=collection set, F=free, TAMS=top-at-mark-start, PB=parsable bottom
|   0|0x0000000608c00000, 0x0000000609000000, 0x0000000609000000|100%|HS|  |TAMS 0x0000000608c00000| PB 0x0000000608c00000| Untracked 
|   1|0x0000000609000000, 0x0000000609400000, 0x0000000609400000|100%|HC|  |TAMS 0x0000000609000000| PB 0x0000000609000000| Untracked 
|   2|0x0000000609400000, 0x0000000609800000, 0x0000000609800000|100%|HC|  |TAMS 0x0000000609400000| PB 0x0000000609400000| Untracked 
|   3|0x0000000609800000, 0x0000000609be74e8, 0x0000000609c00000| 97%| O|  |TAMS 0x0000000609800000| PB 0x0000000609800000| Untracked 
|   4|0x0000000609c00000, 0x0000000609ffeae8, 0x000000060a000000| 99%| O|  |TAMS 0x0000000609c00000| PB 0x0000000609c00000| Untracked 
|   5|0x000000060a000000, 0x000000060a26ce18, 0x000000060a400000| 60%| O|  |TAMS 0x000000060a000000| PB 0x000000060a000000| Untracked 
|   6|0x000000060a400000, 0x000000060a7fb718, 0x000000060a800000| 99%| O|  |TAMS 0x000000060a400000| PB 0x000000060a400000| Untracked 
|   7|0x000000060a800000, 0x000000060abf8050, 0x000000060ac00000| 99%| O|  |TAMS 0x000000060a800000| PB 0x000000060a800000| Untracked 
|   8|0x000000060ac00000, 0x000000060afff188, 0x000000060b000000| 99%| O|  |TAMS 0x000000060ac00000| PB 0x000000060ac00000| Untracked 
|   9|0x000000060b000000, 0x000000060b3fffa0, 0x000000060b400000| 99%| O|  |TAMS 0x000000060b000000| PB 0x000000060b000000| Untracked 
|  10|0x000000060b400000, 0x000000060b7fd350, 0x000000060b800000| 99%| O|  |TAMS 0x000000060b400000| PB 0x000000060b400000| Untracked 
|  11|0x000000060b800000, 0x000000060b800000, 0x000000060bc00000|  0%| F|  |TAMS 0x000000060b800000| PB 0x000000060b800000| Untracked 
|  12|0x000000060bc00000, 0x000000060bd06788, 0x000000060c000000| 25%| O|  |TAMS 0x000000060bc00000| PB 0x000000060bc00000| Untracked 
|  13|0x000000060c000000, 0x000000060c0cd790, 0x000000060c400000| 20%| O|  |TAMS 0x000000060c000000| PB 0x000000060c000000| Untracked 
|  14|0x000000060c400000, 0x000000060c74cf90, 0x000000060c800000| 82%| O|  |TAMS 0x000000060c400000| PB 0x000000060c400000| Untracked 
|  15|0x000000060c800000, 0x000000060cbfd4b0, 0x000000060cc00000| 99%| O|  |TAMS 0x000000060c800000| PB 0x000000060c800000| Untracked 
|  16|0x000000060cc00000, 0x000000060ccdc720, 0x000000060d000000| 21%| O|  |TAMS 0x000000060cc00000| PB 0x000000060cc00000| Untracked 
|  17|0x000000060d000000, 0x000000060d000000, 0x000000060d400000|  0%| F|  |TAMS 0x000000060d000000| PB 0x000000060d000000| Untracked 
|  18|0x000000060d400000, 0x000000060d400000, 0x000000060d800000|  0%| F|  |TAMS 0x000000060d400000| PB 0x000000060d400000| Untracked 
|  19|0x000000060d800000, 0x000000060d800000, 0x000000060dc00000|  0%| F|  |TAMS 0x000000060d800000| PB 0x000000060d800000| Untracked 
|  20|0x000000060dc00000, 0x000000060dc00000, 0x000000060e000000|  0%| F|  |TAMS 0x000000060dc00000| PB 0x000000060dc00000| Untracked 
|  21|0x000000060e000000, 0x000000060e2a2fc8, 0x000000060e400000| 65%| O|  |TAMS 0x000000060e000000| PB 0x000000060e000000| Untracked 
|  22|0x000000060e400000, 0x000000060e400000, 0x000000060e800000|  0%| F|  |TAMS 0x000000060e400000| PB 0x000000060e400000| Untracked 
|  23|0x000000060e800000, 0x000000060e800000, 0x000000060ec00000|  0%| F|  |TAMS 0x000000060e800000| PB 0x000000060e800000| Untracked 
|  24|0x000000060ec00000, 0x000000060ec00000, 0x000000060f000000|  0%| F|  |TAMS 0x000000060ec00000| PB 0x000000060ec00000| Untracked 
|  25|0x000000060f000000, 0x000000060f000000, 0x000000060f400000|  0%| F|  |TAMS 0x000000060f000000| PB 0x000000060f000000| Untracked 
|  26|0x000000060f400000, 0x000000060f400000, 0x000000060f800000|  0%| F|  |TAMS 0x000000060f400000| PB 0x000000060f400000| Untracked 
|  27|0x000000060f800000, 0x000000060f800000, 0x000000060fc00000|  0%| F|  |TAMS 0x000000060f800000| PB 0x000000060f800000| Untracked 
|  28|0x000000060fc00000, 0x000000060fc00000, 0x0000000610000000|  0%| F|  |TAMS 0x000000060fc00000| PB 0x000000060fc00000| Untracked 
|  29|0x0000000610000000, 0x0000000610000000, 0x0000000610400000|  0%| F|  |TAMS 0x0000000610000000| PB 0x0000000610000000| Untracked 
|  30|0x0000000610400000, 0x0000000610400000, 0x0000000610800000|  0%| F|  |TAMS 0x0000000610400000| PB 0x0000000610400000| Untracked 
|  31|0x0000000610800000, 0x0000000610800000, 0x0000000610c00000|  0%| F|  |TAMS 0x0000000610800000| PB 0x0000000610800000| Untracked 
|  32|0x0000000610c00000, 0x0000000610c00000, 0x0000000611000000|  0%| F|  |TAMS 0x0000000610c00000| PB 0x0000000610c00000| Untracked 
|  33|0x0000000611000000, 0x0000000611000000, 0x0000000611400000|  0%| F|  |TAMS 0x0000000611000000| PB 0x0000000611000000| Untracked 
|  34|0x0000000611400000, 0x0000000611400000, 0x0000000611800000|  0%| F|  |TAMS 0x0000000611400000| PB 0x0000000611400000| Untracked 
|  35|0x0000000611800000, 0x0000000611800000, 0x0000000611c00000|  0%| F|  |TAMS 0x0000000611800000| PB 0x0000000611800000| Untracked 
|  36|0x0000000611c00000, 0x0000000611c00000, 0x0000000612000000|  0%| F|  |TAMS 0x0000000611c00000| PB 0x0000000611c00000| Untracked 
|  37|0x0000000612000000, 0x0000000612000000, 0x0000000612400000|  0%| F|  |TAMS 0x0000000612000000| PB 0x0000000612000000| Untracked 
|  38|0x0000000612400000, 0x0000000612400000, 0x0000000612800000|  0%| F|  |TAMS 0x0000000612400000| PB 0x0000000612400000| Untracked 
|  39|0x0000000612800000, 0x0000000612c00000, 0x0000000612c00000|100%| O|  |TAMS 0x0000000612800000| PB 0x0000000612800000| Untracked 
|  40|0x0000000612c00000, 0x0000000612c00000, 0x0000000613000000|  0%| F|  |TAMS 0x0000000612c00000| PB 0x0000000612c00000| Untracked 
|  41|0x0000000613000000, 0x0000000613000000, 0x0000000613400000|  0%| F|  |TAMS 0x0000000613000000| PB 0x0000000613000000| Untracked 
|  42|0x0000000613400000, 0x0000000613400000, 0x0000000613800000|  0%| F|  |TAMS 0x0000000613400000| PB 0x0000000613400000| Untracked 
|  43|0x0000000613800000, 0x0000000613800000, 0x0000000613c00000|  0%| F|  |TAMS 0x0000000613800000| PB 0x0000000613800000| Untracked 
|  44|0x0000000613c00000, 0x0000000613c00000, 0x0000000614000000|  0%| F|  |TAMS 0x0000000613c00000| PB 0x0000000613c00000| Untracked 
|  45|0x0000000614000000, 0x0000000614000000, 0x0000000614400000|  0%| F|  |TAMS 0x0000000614000000| PB 0x0000000614000000| Untracked 
|  46|0x0000000614400000, 0x0000000614400000, 0x0000000614800000|  0%| F|  |TAMS 0x0000000614400000| PB 0x0000000614400000| Untracked 
|  47|0x0000000614800000, 0x0000000614800000, 0x0000000614c00000|  0%| F|  |TAMS 0x0000000614800000| PB 0x0000000614800000| Untracked 
|  48|0x0000000614c00000, 0x0000000614c00000, 0x0000000615000000|  0%| F|  |TAMS 0x0000000614c00000| PB 0x0000000614c00000| Untracked 
|  49|0x0000000615000000, 0x0000000615000000, 0x0000000615400000|  0%| F|  |TAMS 0x0000000615000000| PB 0x0000000615000000| Untracked 
|  50|0x0000000615400000, 0x0000000615400000, 0x0000000615800000|  0%| F|  |TAMS 0x0000000615400000| PB 0x0000000615400000| Untracked 
|  51|0x0000000615800000, 0x0000000615800000, 0x0000000615c00000|  0%| F|  |TAMS 0x0000000615800000| PB 0x0000000615800000| Untracked 
|  52|0x0000000615c00000, 0x0000000615c00000, 0x0000000616000000|  0%| F|  |TAMS 0x0000000615c00000| PB 0x0000000615c00000| Untracked 
|  53|0x0000000616000000, 0x0000000616000000, 0x0000000616400000|  0%| F|  |TAMS 0x0000000616000000| PB 0x0000000616000000| Untracked 
|  54|0x0000000616400000, 0x0000000616400000, 0x0000000616800000|  0%| F|  |TAMS 0x0000000616400000| PB 0x0000000616400000| Untracked 
|  55|0x0000000616800000, 0x0000000616800000, 0x0000000616c00000|  0%| F|  |TAMS 0x0000000616800000| PB 0x0000000616800000| Untracked 
|  56|0x0000000616c00000, 0x0000000616c00000, 0x0000000617000000|  0%| F|  |TAMS 0x0000000616c00000| PB 0x0000000616c00000| Untracked 
|  57|0x0000000617000000, 0x00000006170aaac0, 0x0000000617400000| 16%| E|  |TAMS 0x0000000617000000| PB 0x0000000617000000| Complete 
|  58|0x0000000617400000, 0x0000000617800000, 0x0000000617800000|100%| E|CS|TAMS 0x0000000617400000| PB 0x0000000617400000| Complete 
|  59|0x0000000617800000, 0x0000000617c00000, 0x0000000617c00000|100%| E|CS|TAMS 0x0000000617800000| PB 0x0000000617800000| Complete 

Card table byte_map: [0x000001ebd2c10000,0x000001ebd3bd0000] _byte_map_base: 0x000001ebcfbca000

Marking Bits: (CMBitMap*) 0x000001ebbecf29a0
 Bits: [0x000001ebd3bd0000, 0x000001ebdb9a0000)

Polling page: 0x000001ebbca70000

Metaspace:

Usage:
  Non-class:     12.99 MB used.
      Class:      1.29 MB used.
       Both:     14.28 MB used.

Virtual space:
  Non-class space:       64.00 MB reserved,      13.12 MB ( 21%) committed,  1 nodes.
      Class space:        1.00 GB reserved,       1.38 MB ( <1%) committed,  1 nodes.
             Both:        1.06 GB reserved,      14.50 MB (  1%) committed. 

Chunk freelists:
   Non-Class:  2.48 MB
       Class:  14.57 MB
        Both:  17.05 MB

MaxMetaspaceSize: unlimited
CompressedClassSpaceSize: 1.00 GB
Initial GC threshold: 21.00 MB
Current GC threshold: 24.00 MB
CDS: on
 - commit_granule_bytes: 65536.
 - commit_granule_words: 8192.
 - virtual_space_node_default_size: 8388608.
 - enlarge_chunks_in_place: 1.
 - use_allocation_guard: 0.


Internal statistics:

num_allocs_failed_limit: 0.
num_arena_births: 218.
num_arena_deaths: 0.
num_vsnodes_births: 2.
num_vsnodes_deaths: 0.
num_space_committed: 230.
num_space_uncommitted: 0.
num_chunks_returned_to_freelist: 0.
num_chunks_taken_from_freelist: 498.
num_chunk_merges: 0.
num_chunk_splits: 300.
num_chunks_enlarged: 171.
num_inconsistent_stats: 0.

CodeHeap 'non-profiled nmethods': size=120000Kb used=5388Kb max_used=5635Kb free=114611Kb
 bounds [0x000001ebca0c0000, 0x000001ebca650000, 0x000001ebd15f0000]
CodeHeap 'profiled nmethods': size=120000Kb used=5792Kb max_used=6000Kb free=114207Kb
 bounds [0x000001ebc25f0000, 0x000001ebc2be0000, 0x000001ebc9b20000]
CodeHeap 'non-nmethods': size=5760Kb used=1743Kb max_used=1811Kb free=4016Kb
 bounds [0x000001ebc9b20000, 0x000001ebc9d90000, 0x000001ebca0c0000]
CodeCache: size=245760Kb, used=12923Kb, max_used=13446Kb, free=232834Kb
 total_blobs=4449, nmethods=3675, adapters=677, full_count=0
Compilation: enabled, stopped_count=0, restarted_count=0

Compilation events (20 events):
Event: 269.301 Thread 0x000001ebde7b6530 4977   !   4       org.lwjgl.input.Keyboard::next (60 bytes)
Event: 269.343 Thread 0x000001ebde7b6530 nmethod 4977 0x000001ebca4ba310 code [0x000001ebca4ba500, 0x000001ebca4bad98]
Event: 282.651 Thread 0x000001ebde7b6530 4978       4       net.minecraft.client.Minecraft::runTick (1014 bytes)
Event: 283.212 Thread 0x000001ebde7b6530 nmethod 4978 0x000001ebca36ff90 code [0x000001ebca370a40, 0x000001ebca377660]
Event: 321.483 Thread 0x000001ebde7c8fe0 4980       3       jdk.internal.logger.AbstractLoggerWrapper::isLoggable (26 bytes)
Event: 321.484 Thread 0x000001ebde7c8fe0 nmethod 4980 0x000001ebc2992f10 code [0x000001ebc2993100, 0x000001ebc29936a0]
Event: 325.290 Thread 0x000001ebde7c8fe0 4981       3       net.minecraft.src.GuiButton::<init> (71 bytes)
Event: 325.290 Thread 0x000001ebde7c8fe0 nmethod 4981 0x000001ebc2a80990 code [0x000001ebc2a80b40, 0x000001ebc2a80db8]
Event: 326.138 Thread 0x000001ebde7c8fe0 4982       3       net.minecraft.src.GuiButton::mousePressed (53 bytes)
Event: 326.138 Thread 0x000001ebde7c8fe0 nmethod 4982 0x000001ebc2603f90 code [0x000001ebc2604140, 0x000001ebc2604380]
Event: 328.875 Thread 0x000001ebde7b6530 4983       4       sun.awt.AWTAutoShutdown::notifyToolkitThreadBusy (8 bytes)
Event: 328.878 Thread 0x000001ebde7b6530 nmethod 4983 0x000001ebca205510 code [0x000001ebca2056c0, 0x000001ebca205b60]
Event: 328.893 Thread 0x000001ebde7b6530 4984       4       sun.awt.AWTAutoShutdown::notifyToolkitThreadFree (8 bytes)
Event: 328.896 Thread 0x000001ebde7b6530 nmethod 4984 0x000001ebca15ee10 code [0x000001ebca15efc0, 0x000001ebca15f428]
Event: 330.787 Thread 0x000001ebde7c8fe0 4985       3       java.util.Calendar::internalSet (8 bytes)
Event: 330.788 Thread 0x000001ebde7c8fe0 nmethod 4985 0x000001ebc2b7c310 code [0x000001ebc2b7c4c0, 0x000001ebc2b7c600]
Event: 332.232 Thread 0x000001ebde7c8fe0 4986       3       jdk.internal.misc.VM::isSystemDomainLoader (17 bytes)
Event: 332.232 Thread 0x000001ebde7c8fe0 nmethod 4986 0x000001ebc297dc90 code [0x000001ebc297de60, 0x000001ebc297e1c8]
Event: 332.232 Thread 0x000001ebde7c8fe0 4987       3       java.util.logging.LogManager::getProperty (9 bytes)
Event: 332.233 Thread 0x000001ebde7c8fe0 nmethod 4987 0x000001ebc2619690 code [0x000001ebc2619840, 0x000001ebc2619a20]

GC Heap History (20 events):
Event: 53.222 GC heap before
{Heap before GC invocations=20 (full 10):
 garbage-first heap   total 204800K, used 111885K [0x0000000608c00000, 0x0000000800000000)
  region size 4096K, 10 young (40960K), 0 survivors (0K)
 Metaspace       used 14090K, committed 14336K, reserved 1114112K
  class space    used 1299K, committed 1408K, reserved 1048576K
}
Event: 53.226 GC heap after
{Heap after GC invocations=21 (full 10):
 garbage-first heap   total 204800K, used 101459K [0x0000000608c00000, 0x0000000800000000)
  region size 4096K, 2 young (8192K), 2 survivors (8192K)
 Metaspace       used 14090K, committed 14336K, reserved 1114112K
  class space    used 1299K, committed 1408K, reserved 1048576K
}
Event: 71.215 GC heap before
{Heap before GC invocations=21 (full 10):
 garbage-first heap   total 204800K, used 130131K [0x0000000608c00000, 0x0000000800000000)
  region size 4096K, 9 young (36864K), 2 survivors (8192K)
 Metaspace       used 14214K, committed 14400K, reserved 1114112K
  class space    used 1305K, committed 1408K, reserved 1048576K
}
Event: 71.217 GC heap after
{Heap after GC invocations=22 (full 10):
 garbage-first heap   total 204800K, used 102577K [0x0000000608c00000, 0x0000000800000000)
  region size 4096K, 1 young (4096K), 1 survivors (4096K)
 Metaspace       used 14214K, committed 14400K, reserved 1114112K
  class space    used 1305K, committed 1408K, reserved 1048576K
}
Event: 90.200 GC heap before
{Heap before GC invocations=23 (full 10):
 garbage-first heap   total 204800K, used 135345K [0x0000000608c00000, 0x0000000800000000)
  region size 4096K, 9 young (36864K), 1 survivors (4096K)
 Metaspace       used 14236K, committed 14464K, reserved 1114112K
  class space    used 1305K, committed 1408K, reserved 1048576K
}
Event: 90.203 GC heap after
{Heap after GC invocations=24 (full 10):
 garbage-first heap   total 299008K, used 103972K [0x0000000608c00000, 0x0000000800000000)
  region size 4096K, 1 young (4096K), 1 survivors (4096K)
 Metaspace       used 14236K, committed 14464K, reserved 1114112K
  class space    used 1305K, committed 1408K, reserved 1048576K
}
Event: 91.557 GC heap before
{Heap before GC invocations=24 (full 10):
 garbage-first heap   total 299008K, used 103972K [0x0000000608c00000, 0x0000000800000000)
  region size 4096K, 2 young (8192K), 1 survivors (4096K)
 Metaspace       used 14261K, committed 14528K, reserved 1114112K
  class space    used 1305K, committed 1408K, reserved 1048576K
}
Event: 91.580 GC heap after
{Heap after GC invocations=25 (full 11):
 garbage-first heap   total 286720K, used 71349K [0x0000000608c00000, 0x0000000800000000)
  region size 4096K, 0 young (0K), 0 survivors (0K)
 Metaspace       used 14261K, committed 14528K, reserved 1114112K
  class space    used 1305K, committed 1408K, reserved 1048576K
}
Event: 102.400 GC heap before
{Heap before GC invocations=25 (full 11):
 garbage-first heap   total 286720K, used 153269K [0x0000000608c00000, 0x0000000800000000)
  region size 4096K, 21 young (86016K), 0 survivors (0K)
 Metaspace       used 14408K, committed 14656K, reserved 1114112K
  class space    used 1305K, committed 1408K, reserved 1048576K
}
Event: 102.403 GC heap after
{Heap after GC invocations=26 (full 11):
 garbage-first heap   total 286720K, used 72414K [0x0000000608c00000, 0x0000000800000000)
  region size 4096K, 1 young (4096K), 1 survivors (4096K)
 Metaspace       used 14408K, committed 14656K, reserved 1114112K
  class space    used 1305K, committed 1408K, reserved 1048576K
}
Event: 118.179 GC heap before
{Heap before GC invocations=26 (full 11):
 garbage-first heap   total 286720K, used 117470K [0x0000000608c00000, 0x0000000800000000)
  region size 4096K, 14 young (57344K), 1 survivors (4096K)
 Metaspace       used 14486K, committed 14720K, reserved 1114112K
  class space    used 1305K, committed 1408K, reserved 1048576K
}
Event: 118.199 GC heap after
{Heap after GC invocations=27 (full 12):
 garbage-first heap   total 286720K, used 71676K [0x0000000608c00000, 0x0000000800000000)
  region size 4096K, 0 young (0K), 0 survivors (0K)
 Metaspace       used 14486K, committed 14720K, reserved 1114112K
  class space    used 1305K, committed 1408K, reserved 1048576K
}
Event: 118.199 GC heap before
{Heap before GC invocations=27 (full 12):
 garbage-first heap   total 286720K, used 71676K [0x0000000608c00000, 0x0000000800000000)
  region size 4096K, 0 young (0K), 0 survivors (0K)
 Metaspace       used 14486K, committed 14720K, reserved 1114112K
  class space    used 1305K, committed 1408K, reserved 1048576K
}
Event: 118.217 GC heap after
{Heap after GC invocations=28 (full 13):
 garbage-first heap   total 286720K, used 71676K [0x0000000608c00000, 0x0000000800000000)
  region size 4096K, 0 young (0K), 0 survivors (0K)
 Metaspace       used 14486K, committed 14720K, reserved 1114112K
  class space    used 1305K, committed 1408K, reserved 1048576K
}
Event: 122.998 GC heap before
{Heap before GC invocations=28 (full 13):
 garbage-first heap   total 286720K, used 120828K [0x0000000608c00000, 0x0000000800000000)
  region size 4096K, 13 young (53248K), 0 survivors (0K)
 Metaspace       used 14585K, committed 14784K, reserved 1114112K
  class space    used 1320K, committed 1408K, reserved 1048576K
}
Event: 123.028 GC heap after
{Heap after GC invocations=29 (full 14):
 garbage-first heap   total 286720K, used 108645K [0x0000000608c00000, 0x0000000800000000)
  region size 4096K, 0 young (0K), 0 survivors (0K)
 Metaspace       used 14585K, committed 14784K, reserved 1114112K
  class space    used 1320K, committed 1408K, reserved 1048576K
}
Event: 153.587 GC heap before
{Heap before GC invocations=29 (full 14):
 garbage-first heap   total 286720K, used 223333K [0x0000000608c00000, 0x0000000800000000)
  region size 4096K, 28 young (114688K), 0 survivors (0K)
 Metaspace       used 14607K, committed 14848K, reserved 1114112K
  class space    used 1320K, committed 1408K, reserved 1048576K
}
Event: 153.594 GC heap after
{Heap after GC invocations=30 (full 14):
 garbage-first heap   total 286720K, used 123374K [0x0000000608c00000, 0x0000000800000000)
  region size 4096K, 4 young (16384K), 4 survivors (16384K)
 Metaspace       used 14607K, committed 14848K, reserved 1114112K
  class space    used 1320K, committed 1408K, reserved 1048576K
}
Event: 158.631 GC heap before
{Heap before GC invocations=30 (full 14):
 garbage-first heap   total 286720K, used 131566K [0x0000000608c00000, 0x0000000800000000)
  region size 4096K, 7 young (28672K), 4 survivors (16384K)
 Metaspace       used 14607K, committed 14848K, reserved 1114112K
  class space    used 1320K, committed 1408K, reserved 1048576K
}
Event: 158.656 GC heap after
{Heap after GC invocations=31 (full 15):
 garbage-first heap   total 245760K, used 60289K [0x0000000608c00000, 0x0000000800000000)
  region size 4096K, 0 young (0K), 0 survivors (0K)
 Metaspace       used 14607K, committed 14848K, reserved 1114112K
  class space    used 1320K, committed 1408K, reserved 1048576K
}

Dll operation events (15 events):
Event: 0.019 Loaded shared library C:\Users\gagek\.p2\pool\plugins\org.eclipse.justj.openjdk.hotspot.jre.full.win32.x86_64_21.0.8.v20250724-1412\jre\bin\java.dll
Event: 0.081 Loaded shared library C:\Users\gagek\.p2\pool\plugins\org.eclipse.justj.openjdk.hotspot.jre.full.win32.x86_64_21.0.8.v20250724-1412\jre\bin\zip.dll
Event: 0.180 Loaded shared library C:\Users\gagek\.p2\pool\plugins\org.eclipse.justj.openjdk.hotspot.jre.full.win32.x86_64_21.0.8.v20250724-1412\jre\bin\net.dll
Event: 0.184 Loaded shared library C:\Users\gagek\.p2\pool\plugins\org.eclipse.justj.openjdk.hotspot.jre.full.win32.x86_64_21.0.8.v20250724-1412\jre\bin\nio.dll
Event: 0.191 Loaded shared library C:\Users\gagek\.p2\pool\plugins\org.eclipse.justj.openjdk.hotspot.jre.full.win32.x86_64_21.0.8.v20250724-1412\jre\bin\zip.dll
Event: 0.261 Loaded shared library C:\Users\gagek\.p2\pool\plugins\org.eclipse.justj.openjdk.hotspot.jre.full.win32.x86_64_21.0.8.v20250724-1412\jre\bin\jimage.dll
Event: 0.306 Loaded shared library C:\Users\gagek\.p2\pool\plugins\org.eclipse.justj.openjdk.hotspot.jre.full.win32.x86_64_21.0.8.v20250724-1412\jre\bin\awt.dll
Event: 0.538 Loaded shared library C:\Users\gagek\.p2\pool\plugins\org.eclipse.justj.openjdk.hotspot.jre.full.win32.x86_64_21.0.8.v20250724-1412\jre\bin\freetype.dll
Event: 0.540 Loaded shared library C:\Users\gagek\.p2\pool\plugins\org.eclipse.justj.openjdk.hotspot.jre.full.win32.x86_64_21.0.8.v20250724-1412\jre\bin\fontmanager.dll
Event: 0.792 Loaded shared library C:\Users\gagek\.p2\pool\plugins\org.eclipse.justj.openjdk.hotspot.jre.full.win32.x86_64_21.0.8.v20250724-1412\jre\bin\verify.dll
Event: 0.813 Loaded shared library C:\MinecraftAlphaDev\libraries\natives\lwjgl64.dll
Event: 0.843 Loaded shared library C:\Users\gagek\.p2\pool\plugins\org.eclipse.justj.openjdk.hotspot.jre.full.win32.x86_64_21.0.8.v20250724-1412\jre\bin\jawt.dll
Event: 1.905 Loaded shared library C:\MinecraftAlphaDev\libraries\natives\jinput-dx8_64.dll
Event: 2.155 Loaded shared library C:\MinecraftAlphaDev\libraries\natives\jinput-raw_64.dll
Event: 3.001 Loaded shared library C:\Users\gagek\.p2\pool\plugins\org.eclipse.justj.openjdk.hotspot.jre.full.win32.x86_64_21.0.8.v20250724-1412\jre\bin\extnet.dll

Deoptimization events (20 events):
Event: 139.198 Thread 0x000001ec240b1fc0 Uncommon trap: trap_request=0xffffffd6 fr.pc=0x000001ebca453b44 relative=0x0000000000001fc4
Event: 139.199 Thread 0x000001ec240b1fc0 Uncommon trap: reason=array_check action=maybe_recompile pc=0x000001ebca453b44 method=java.util.TimSort.mergeHi(IIII)V @ 171 c2
Event: 139.199 Thread 0x000001ec240b1fc0 DEOPT PACKING pc=0x000001ebca453b44 sp=0x00000052474ff020
Event: 139.199 Thread 0x000001ec240b1fc0 DEOPT UNPACKING pc=0x000001ebc9b746a2 sp=0x00000052474ff018 mode 2
Event: 141.627 Thread 0x000001ec240b1fc0 DEOPT PACKING pc=0x000001ebc2b028a7 sp=0x00000052474ff240
Event: 141.627 Thread 0x000001ec240b1fc0 DEOPT UNPACKING pc=0x000001ebc9b74e42 sp=0x00000052474fe698 mode 0
Event: 142.560 Thread 0x000001ec240b1fc0 Uncommon trap: trap_request=0xffffffd6 fr.pc=0x000001ebca453b44 relative=0x0000000000001fc4
Event: 142.560 Thread 0x000001ec240b1fc0 Uncommon trap: reason=array_check action=maybe_recompile pc=0x000001ebca453b44 method=java.util.TimSort.mergeHi(IIII)V @ 171 c2
Event: 142.560 Thread 0x000001ec240b1fc0 DEOPT PACKING pc=0x000001ebca453b44 sp=0x00000052474ff020
Event: 142.560 Thread 0x000001ec240b1fc0 DEOPT UNPACKING pc=0x000001ebc9b746a2 sp=0x00000052474ff018 mode 2
Event: 143.417 Thread 0x000001ec240b1fc0 Uncommon trap: trap_request=0xffffffc6 fr.pc=0x000001ebca256ce0 relative=0x0000000000002ea0
Event: 143.417 Thread 0x000001ec240b1fc0 Uncommon trap: reason=bimorphic_or_optimized_type_check action=maybe_recompile pc=0x000001ebca256ce0 method=net.minecraft.src.BlockStationary.updateTick(Lnet/minecraft/src/World;IIILjava/util/Random;)V @ 175 c2
Event: 143.417 Thread 0x000001ec240b1fc0 DEOPT PACKING pc=0x000001ebca256ce0 sp=0x00000052474ff210
Event: 143.417 Thread 0x000001ec240b1fc0 DEOPT UNPACKING pc=0x000001ebc9b746a2 sp=0x00000052474ff208 mode 2
Event: 158.687 Thread 0x000001ec240b1fc0 DEOPT PACKING pc=0x000001ebc292fb64 sp=0x00000052474ff3a0
Event: 158.687 Thread 0x000001ec240b1fc0 DEOPT UNPACKING pc=0x000001ebc9b74e42 sp=0x00000052474fe830 mode 0
Event: 321.481 Thread 0x000001ec2403fda0 Uncommon trap: trap_request=0xffffffcc fr.pc=0x000001ebca2f0144 relative=0x0000000000000204
Event: 321.481 Thread 0x000001ec2403fda0 Uncommon trap: reason=intrinsic_or_type_checked_inlining action=make_not_entrant pc=0x000001ebca2f0144 method=java.util.Arrays.copyOf([Ljava/lang/Object;ILjava/lang/Class;)[Ljava/lang/Object; @ 35 c2
Event: 321.481 Thread 0x000001ec2403fda0 DEOPT PACKING pc=0x000001ebca2f0144 sp=0x00000052472fe0d0
Event: 321.481 Thread 0x000001ec2403fda0 DEOPT UNPACKING pc=0x000001ebc9b746a2 sp=0x00000052472fe078 mode 2

Classes loaded (20 events):
Event: 120.414 Loading class sun/reflect/generics/tree/BaseType
Event: 120.415 Loading class sun/reflect/generics/tree/TypeSignature
Event: 120.415 Loading class sun/reflect/generics/tree/ReturnType
Event: 120.415 Loading class sun/reflect/generics/tree/ReturnType done
Event: 120.415 Loading class sun/reflect/generics/tree/TypeSignature done
Event: 120.415 Loading class sun/reflect/generics/tree/BaseType done
Event: 120.415 Loading class sun/reflect/generics/tree/FieldTypeSignature done
Event: 120.415 Loading class sun/reflect/generics/tree/SimpleClassTypeSignature done
Event: 120.415 Loading class sun/reflect/generics/tree/ClassTypeSignature
Event: 120.415 Loading class sun/reflect/generics/tree/ClassTypeSignature done
Event: 120.415 Loading class sun/reflect/generics/tree/ClassSignature
Event: 120.415 Loading class sun/reflect/generics/tree/Signature
Event: 120.415 Loading class sun/reflect/generics/tree/Signature done
Event: 120.415 Loading class sun/reflect/generics/tree/ClassSignature done
Event: 120.415 Loading class java/lang/reflect/ParameterizedType
Event: 120.415 Loading class java/lang/reflect/ParameterizedType done
Event: 332.233 Loading class java/util/WeakHashMap$KeyIterator
Event: 332.234 Loading class java/util/WeakHashMap$HashIterator
Event: 332.234 Loading class java/util/WeakHashMap$HashIterator done
Event: 332.234 Loading class java/util/WeakHashMap$KeyIterator done

Classes unloaded (0 events):
No events

Classes redefined (0 events):
No events

Internal exceptions (20 events):
Event: 156.191 Thread 0x000001ec2b2c0e60 Exception <a 'java/lang/InterruptedException'{0x0000000619de2bb0}: sleep interrupted> (0x0000000619de2bb0) 
thrown [s\src\hotspot\share\prims\jvm.cpp, line 3074]
Event: 156.264 Thread 0x000001ec2b2c0e60 Exception <a 'java/lang/InterruptedException'{0x0000000619de2ec8}: sleep interrupted> (0x0000000619de2ec8) 
thrown [s\src\hotspot\share\prims\jvm.cpp, line 3074]
Event: 156.317 Thread 0x000001ec2b2c0e60 Exception <a 'java/lang/InterruptedException'{0x0000000619de31e0}: sleep interrupted> (0x0000000619de31e0) 
thrown [s\src\hotspot\share\prims\jvm.cpp, line 3074]
Event: 156.364 Thread 0x000001ec2b2c0e60 Exception <a 'java/lang/InterruptedException'{0x0000000619de34f8}: sleep interrupted> (0x0000000619de34f8) 
thrown [s\src\hotspot\share\prims\jvm.cpp, line 3074]
Event: 156.406 Thread 0x000001ec2b2c0e60 Exception <a 'java/lang/InterruptedException'{0x0000000619de3810}: sleep interrupted> (0x0000000619de3810) 
thrown [s\src\hotspot\share\prims\jvm.cpp, line 3074]
Event: 156.406 Thread 0x000001ec2b2c0e60 Exception <a 'java/lang/InterruptedException'{0x0000000619de3b28}: sleep interrupted> (0x0000000619de3b28) 
thrown [s\src\hotspot\share\prims\jvm.cpp, line 3052]
Event: 156.451 Thread 0x000001ec2b2c0e60 Exception <a 'java/lang/InterruptedException'{0x0000000619de3e40}: sleep interrupted> (0x0000000619de3e40) 
thrown [s\src\hotspot\share\prims\jvm.cpp, line 3074]
Event: 156.500 Thread 0x000001ec2b2c0e60 Exception <a 'java/lang/InterruptedException'{0x0000000619de4158}: sleep interrupted> (0x0000000619de4158) 
thrown [s\src\hotspot\share\prims\jvm.cpp, line 3074]
Event: 156.548 Thread 0x000001ec2b2c0e60 Exception <a 'java/lang/InterruptedException'{0x0000000619de4470}: sleep interrupted> (0x0000000619de4470) 
thrown [s\src\hotspot\share\prims\jvm.cpp, line 3074]
Event: 156.595 Thread 0x000001ec2b2c0e60 Exception <a 'java/lang/InterruptedException'{0x0000000619de4788}: sleep interrupted> (0x0000000619de4788) 
thrown [s\src\hotspot\share\prims\jvm.cpp, line 3074]
Event: 156.647 Thread 0x000001ec2b2c0e60 Exception <a 'java/lang/InterruptedException'{0x0000000619de4aa0}: sleep interrupted> (0x0000000619de4aa0) 
thrown [s\src\hotspot\share\prims\jvm.cpp, line 3074]
Event: 156.694 Thread 0x000001ec2b2c0e60 Exception <a 'java/lang/InterruptedException'{0x0000000619de4db8}: sleep interrupted> (0x0000000619de4db8) 
thrown [s\src\hotspot\share\prims\jvm.cpp, line 3074]
Event: 156.741 Thread 0x000001ec2b2c0e60 Exception <a 'java/lang/InterruptedException'{0x0000000619de50d0}: sleep interrupted> (0x0000000619de50d0) 
thrown [s\src\hotspot\share\prims\jvm.cpp, line 3074]
Event: 156.788 Thread 0x000001ec2b2c0e60 Exception <a 'java/lang/InterruptedException'{0x0000000619de53e8}: sleep interrupted> (0x0000000619de53e8) 
thrown [s\src\hotspot\share\prims\jvm.cpp, line 3074]
Event: 156.834 Thread 0x000001ec2b2c0e60 Exception <a 'java/lang/InterruptedException'{0x0000000619de5700}: sleep interrupted> (0x0000000619de5700) 
thrown [s\src\hotspot\share\prims\jvm.cpp, line 3074]
Event: 156.885 Thread 0x000001ec2b2c0e60 Exception <a 'java/lang/InterruptedException'{0x0000000619de5a18}: sleep interrupted> (0x0000000619de5a18) 
thrown [s\src\hotspot\share\prims\jvm.cpp, line 3074]
Event: 156.933 Thread 0x000001ec2b2c0e60 Exception <a 'java/lang/InterruptedException'{0x0000000619de5d30}: sleep interrupted> (0x0000000619de5d30) 
thrown [s\src\hotspot\share\prims\jvm.cpp, line 3074]
Event: 156.979 Thread 0x000001ec2b2c0e60 Exception <a 'java/lang/InterruptedException'{0x0000000619de6048}: sleep interrupted> (0x0000000619de6048) 
thrown [s\src\hotspot\share\prims\jvm.cpp, line 3074]
Event: 157.026 Thread 0x000001ec2b2c0e60 Exception <a 'java/lang/InterruptedException'{0x0000000619de6360}: sleep interrupted> (0x0000000619de6360) 
thrown [s\src\hotspot\share\prims\jvm.cpp, line 3074]
Event: 157.075 Thread 0x000001ec2b2c0e60 Exception <a 'java/lang/InterruptedException'{0x0000000619de6678}: sleep interrupted> (0x0000000619de6678) 
thrown [s\src\hotspot\share\prims\jvm.cpp, line 3074]

ZGC Phase Switch (0 events):
No events

VM Operations (20 events):
Event: 156.597 Executing VM operation: Cleanup done
Event: 157.597 Executing VM operation: Cleanup
Event: 157.597 Executing VM operation: Cleanup done
Event: 158.598 Executing VM operation: Cleanup
Event: 158.598 Executing VM operation: Cleanup done
Event: 158.631 Executing VM operation: G1CollectFull (System.gc())
Event: 158.656 Executing VM operation: G1CollectFull (System.gc()) done
Event: 159.656 Executing VM operation: Cleanup
Event: 159.656 Executing VM operation: Cleanup done
Event: 180.499 Executing VM operation: HandshakeAllThreads (HandshakeForDeflation)
Event: 180.499 Executing VM operation: HandshakeAllThreads (HandshakeForDeflation) done
Event: 180.499 Executing VM operation: RendezvousGCThreads
Event: 180.499 Executing VM operation: RendezvousGCThreads done
Event: 321.575 Executing VM operation: Cleanup
Event: 321.575 Executing VM operation: Cleanup done
Event: 325.577 Executing VM operation: Cleanup
Event: 325.577 Executing VM operation: Cleanup done
Event: 330.579 Executing VM operation: Cleanup
Event: 330.579 Executing VM operation: Cleanup done
Event: 332.446 Executing VM operation: Exit

Memory protections (0 events):
No events

Nmethod flushes (20 events):
Event: 158.637 Thread 0x000001ebde7654e0 flushing  nmethod 0x000001ebca476110
Event: 158.637 Thread 0x000001ebde7654e0 flushing  nmethod 0x000001ebc26a0f90
Event: 158.637 Thread 0x000001ebde7654e0 flushing  nmethod 0x000001ebc26ed510
Event: 158.637 Thread 0x000001ebde7654e0 flushing  nmethod 0x000001ebc297dc90
Event: 158.637 Thread 0x000001ebde7654e0 flushing  nmethod 0x000001ebc2980290
Event: 158.637 Thread 0x000001ebde7654e0 flushing osr nmethod 0x000001ebc2b0a610
Event: 158.637 Thread 0x000001ebde7654e0 flushing  nmethod 0x000001ebc2b0c790
Event: 158.637 Thread 0x000001ebde7654e0 flushing  nmethod 0x000001ebca23d390
Event: 158.637 Thread 0x000001ebde7654e0 flushing  nmethod 0x000001ebca3a1390
Event: 158.637 Thread 0x000001ebde7654e0 flushing osr nmethod 0x000001ebca45e390
Event: 158.637 Thread 0x000001ebde7654e0 flushing osr nmethod 0x000001ebca4eea10
Event: 158.637 Thread 0x000001ebde7654e0 flushing osr nmethod 0x000001ebca4f3e90
Event: 158.637 Thread 0x000001ebde7654e0 flushing  nmethod 0x000001ebca4fb510
Event: 158.637 Thread 0x000001ebde7654e0 flushing  nmethod 0x000001ebc2730610
Event: 158.637 Thread 0x000001ebde7654e0 flushing  nmethod 0x000001ebc286de10
Event: 158.637 Thread 0x000001ebde7654e0 flushing osr nmethod 0x000001ebc2950810
Event: 158.637 Thread 0x000001ebde7654e0 flushing  nmethod 0x000001ebc2ad9c10
Event: 158.637 Thread 0x000001ebde7654e0 flushing  nmethod 0x000001ebc2b21c90
Event: 158.637 Thread 0x000001ebde7654e0 flushing  nmethod 0x000001ebc2b22c90
Event: 158.637 Thread 0x000001ebde7654e0 flushing  nmethod 0x000001ebc2b7c310

Events (20 events):
Event: 119.062 Thread 0x000001ec269c7be0 Thread exited: 0x000001ec269c7be0
Event: 123.715 Thread 0x000001ebde7c8fe0 Thread added: 0x000001ec269c7be0
Event: 123.734 Thread 0x000001ebde7c8fe0 Thread added: 0x000001ec431c4060
Event: 124.978 Thread 0x000001ec431c4060 Thread exited: 0x000001ec431c4060
Event: 125.472 Thread 0x000001ec269c7be0 Thread exited: 0x000001ec269c7be0
Event: 332.231 Thread 0x000001ec240b1fc0 Thread exited: 0x000001ec240b1fc0
Event: 332.232 Thread 0x000001ec2403fda0 Thread added: 0x000001ec2630d0f0
Event: 332.232 Thread 0x000001ec2403fda0 Thread added: 0x000001ec2630de10
Event: 332.232 Thread 0x000001ec2403fda0 Thread added: 0x000001ec2e23d500
Event: 332.232 Thread 0x000001ec2403fda0 Thread added: 0x000001ec2d604430
Event: 332.232 Thread 0x000001ec2403fda0 Thread added: 0x000001ec2d604ac0
Event: 332.232 Thread 0x000001ec2403fda0 Thread added: 0x000001ec2d6057e0
Event: 332.233 Thread 0x000001ec2630d0f0 Thread exited: 0x000001ec2630d0f0
Event: 332.234 Thread 0x000001ec2e23d500 Thread exited: 0x000001ec2e23d500
Event: 332.234 Thread 0x000001ec2d604ac0 Thread exited: 0x000001ec2d604ac0
Event: 332.237 Thread 0x000001ec2630de10 Thread exited: 0x000001ec2630de10
Event: 332.254 Thread 0x000001ec2d6057e0 Thread exited: 0x000001ec2d6057e0
Event: 332.353 Thread 0x000001ec24023330 Thread exited: 0x000001ec24023330
Event: 332.445 Thread 0x000001ec2d604430 Thread exited: 0x000001ec2d604430
Event: 332.445 Thread 0x000001ec2403fda0 Before exit entered


Dynamic libraries:
0x00007ff7d8d50000 - 0x00007ff7d8d5e000 	C:\Users\gagek\.p2\pool\plugins\org.eclipse.justj.openjdk.hotspot.jre.full.win32.x86_64_21.0.8.v20250724-1412\jre\bin\javaw.exe
0x00007ffe18220000 - 0x00007ffe18487000 	C:\windows\SYSTEM32\ntdll.dll
0x00007ffe17580000 - 0x00007ffe17649000 	C:\windows\System32\KERNEL32.DLL
0x00007ffe15590000 - 0x00007ffe15980000 	C:\windows\System32\KERNELBASE.dll
0x00007ffe15e60000 - 0x00007ffe15fab000 	C:\windows\System32\ucrtbase.dll
0x00007ffe10d60000 - 0x00007ffe10d78000 	C:\Users\gagek\.p2\pool\plugins\org.eclipse.justj.openjdk.hotspot.jre.full.win32.x86_64_21.0.8.v20250724-1412\jre\bin\jli.dll
0x00007ffe15fb0000 - 0x00007ffe16175000 	C:\windows\System32\USER32.dll
0x00007ffdf8ee0000 - 0x00007ffdf8efe000 	C:\Users\gagek\.p2\pool\plugins\org.eclipse.justj.openjdk.hotspot.jre.full.win32.x86_64_21.0.8.v20250724-1412\jre\bin\VCRUNTIME140.dll
0x00007ffe15560000 - 0x00007ffe15587000 	C:\windows\System32\win32u.dll
0x00007ffe17be0000 - 0x00007ffe17c0b000 	C:\windows\System32\GDI32.dll
0x00007ffdf38e0000 - 0x00007ffdf3b7a000 	C:\windows\WinSxS\amd64_microsoft.windows.common-controls_6595b64144ccf1df_6.0.26100.4768_none_3e0c112ce331287c\COMCTL32.dll
0x00007ffe15b10000 - 0x00007ffe15c48000 	C:\windows\System32\gdi32full.dll
0x00007ffe154b0000 - 0x00007ffe15553000 	C:\windows\System32\msvcp_win.dll
0x00007ffe17860000 - 0x00007ffe17909000 	C:\windows\System32\msvcrt.dll
0x00007ffe17c10000 - 0x00007ffe17c3f000 	C:\windows\System32\IMM32.DLL
0x00007ffe10b20000 - 0x00007ffe10b2c000 	C:\Users\gagek\.p2\pool\plugins\org.eclipse.justj.openjdk.hotspot.jre.full.win32.x86_64_21.0.8.v20250724-1412\jre\bin\vcruntime140_1.dll
0x00007ffdc9240000 - 0x00007ffdc92cd000 	C:\Users\gagek\.p2\pool\plugins\org.eclipse.justj.openjdk.hotspot.jre.full.win32.x86_64_21.0.8.v20250724-1412\jre\bin\msvcp140.dll
0x00007ffd33410000 - 0x00007ffd341a7000 	C:\Users\gagek\.p2\pool\plugins\org.eclipse.justj.openjdk.hotspot.jre.full.win32.x86_64_21.0.8.v20250724-1412\jre\bin\server\jvm.dll
0x00007ffe16b50000 - 0x00007ffe16c04000 	C:\windows\System32\ADVAPI32.dll
0x00007ffe17910000 - 0x00007ffe179b6000 	C:\windows\System32\sechost.dll
0x00007ffe179c0000 - 0x00007ffe17ad8000 	C:\windows\System32\RPCRT4.dll
0x00007ffe16720000 - 0x00007ffe16794000 	C:\windows\System32\WS2_32.dll
0x00007ffe0d720000 - 0x00007ffe0d755000 	C:\windows\SYSTEM32\WINMM.dll
0x00007ffe0a3a0000 - 0x00007ffe0a3ab000 	C:\windows\SYSTEM32\VERSION.dll
0x00007ffe151b0000 - 0x00007ffe1520e000 	C:\windows\SYSTEM32\POWRPROF.dll
0x00007ffe15190000 - 0x00007ffe151a4000 	C:\windows\SYSTEM32\UMPDC.dll
0x00007ffe14090000 - 0x00007ffe140ab000 	C:\windows\SYSTEM32\kernel.appcore.dll
0x00007ffe11210000 - 0x00007ffe1121a000 	C:\Users\gagek\.p2\pool\plugins\org.eclipse.justj.openjdk.hotspot.jre.full.win32.x86_64_21.0.8.v20250724-1412\jre\bin\jimage.dll
0x00007ffe12700000 - 0x00007ffe12941000 	C:\windows\SYSTEM32\DBGHELP.DLL
0x00007ffe167c0000 - 0x00007ffe16b45000 	C:\windows\System32\combase.dll
0x00007ffe173f0000 - 0x00007ffe174d0000 	C:\windows\System32\OLEAUT32.dll
0x00007ffdf4390000 - 0x00007ffdf43d3000 	C:\windows\SYSTEM32\dbgcore.DLL
0x00007ffe15410000 - 0x00007ffe154a9000 	C:\windows\System32\bcryptPrimitives.dll
0x00007ffe10f30000 - 0x00007ffe10f4f000 	C:\Users\gagek\.p2\pool\plugins\org.eclipse.justj.openjdk.hotspot.jre.full.win32.x86_64_21.0.8.v20250724-1412\jre\bin\java.dll
0x00007ffe16c10000 - 0x00007ffe1735d000 	C:\windows\System32\SHELL32.dll
0x00007ffe15990000 - 0x00007ffe15b03000 	C:\windows\System32\wintypes.dll
0x00007ffe12ef0000 - 0x00007ffe13750000 	C:\windows\SYSTEM32\windows.storage.dll
0x00007ffe17ae0000 - 0x00007ffe17bd5000 	C:\windows\System32\SHCORE.dll
0x00007ffe17cb0000 - 0x00007ffe17d1a000 	C:\windows\System32\shlwapi.dll
0x00007ffe15270000 - 0x00007ffe15299000 	C:\windows\SYSTEM32\profapi.dll
0x00007ffe10ed0000 - 0x00007ffe10ee8000 	C:\Users\gagek\.p2\pool\plugins\org.eclipse.justj.openjdk.hotspot.jre.full.win32.x86_64_21.0.8.v20250724-1412\jre\bin\zip.dll
0x00007ffe11200000 - 0x00007ffe11210000 	C:\Users\gagek\.p2\pool\plugins\org.eclipse.justj.openjdk.hotspot.jre.full.win32.x86_64_21.0.8.v20250724-1412\jre\bin\net.dll
0x00007ffe0e680000 - 0x00007ffe0e79e000 	C:\windows\SYSTEM32\WINHTTP.dll
0x00007ffe14600000 - 0x00007ffe1466b000 	C:\windows\system32\mswsock.dll
0x00007ffe111c0000 - 0x00007ffe111d6000 	C:\Users\gagek\.p2\pool\plugins\org.eclipse.justj.openjdk.hotspot.jre.full.win32.x86_64_21.0.8.v20250724-1412\jre\bin\nio.dll
0x00007ffdbe4a0000 - 0x00007ffdbe62e000 	C:\Users\gagek\.p2\pool\plugins\org.eclipse.justj.openjdk.hotspot.jre.full.win32.x86_64_21.0.8.v20250724-1412\jre\bin\awt.dll
0x00007ffe11250000 - 0x00007ffe112ee000 	C:\windows\SYSTEM32\apphelp.dll
0x00007ffe11730000 - 0x00007ffe11765000 	C:\windows\system32\DWMAPI.DLL
0x00007ffe115c0000 - 0x00007ffe1166f000 	C:\windows\system32\uxtheme.dll
0x00007ffdaf840000 - 0x00007ffdaf958000 	C:\windows\system32\opengl32.dll
0x00007ffdee9e0000 - 0x00007ffdeea0d000 	C:\windows\SYSTEM32\GLU32.dll
0x00007ffe11c50000 - 0x00007ffe11c9d000 	C:\windows\SYSTEM32\dxcore.dll
0x00007ffe165b0000 - 0x00007ffe16711000 	C:\windows\System32\MSCTF.dll
0x00007ffe16400000 - 0x00007ffe165a0000 	C:\windows\System32\ole32.dll
0x00007ffdca8c0000 - 0x00007ffdca947000 	C:\Users\gagek\.p2\pool\plugins\org.eclipse.justj.openjdk.hotspot.jre.full.win32.x86_64_21.0.8.v20250724-1412\jre\bin\freetype.dll
0x00007ffdb5680000 - 0x00007ffdb576b000 	C:\Users\gagek\.p2\pool\plugins\org.eclipse.justj.openjdk.hotspot.jre.full.win32.x86_64_21.0.8.v20250724-1412\jre\bin\fontmanager.dll
0x00007ffe06dc0000 - 0x00007ffe06f11000 	C:\windows\SYSTEM32\textinputframework.dll
0x00007ffdcf690000 - 0x00007ffdcf70d000 	C:\windows\system32\Oleacc.dll
0x00007ffe17750000 - 0x00007ffe177f8000 	C:\windows\System32\clbcatq.dll
0x00007ffdd46f0000 - 0x00007ffdd474e000 	C:\windows\system32\ApplicationTargetedFeatureDatabase.dll
0x00007ffe0ac30000 - 0x00007ffe0ae68000 	C:\Windows\System32\twinapi.appcore.dll
0x00007ffe10e30000 - 0x00007ffe10e40000 	C:\Users\gagek\.p2\pool\plugins\org.eclipse.justj.openjdk.hotspot.jre.full.win32.x86_64_21.0.8.v20250724-1412\jre\bin\verify.dll
0x0000000180000000 - 0x0000000180053000 	C:\MinecraftAlphaDev\libraries\natives\lwjgl64.dll
0x00007ffe0dec0000 - 0x00007ffe0df89000 	C:\windows\SYSTEM32\mscms.dll
0x00007ffdf7470000 - 0x00007ffdf74e0000 	C:\Windows\System32\Windows.Internal.Graphics.Display.DisplayColorManagement.dll
0x00007ffe14f10000 - 0x00007ffe14f67000 	C:\windows\SYSTEM32\cfgmgr32.dll
0x00007ffe0fee0000 - 0x00007ffe0fee7000 	C:\Users\gagek\.p2\pool\plugins\org.eclipse.justj.openjdk.hotspot.jre.full.win32.x86_64_21.0.8.v20250724-1412\jre\bin\jawt.dll
0x00007ffe0b360000 - 0x00007ffe0b3ca000 	C:\windows\SYSTEM32\directxdatabasehelper.dll
0x00007ffdf9260000 - 0x00007ffdf927a000 	C:\windows\SYSTEM32\windows.staterepositorycore.dll
0x00007ffd11d00000 - 0x00007ffd132cb000 	C:\windows\System32\DriverStore\FileRepository\iigd_dch.inf_amd64_9ce4d8a46710e0e5\igxelpgicd64.dll
0x00007ffe12bf0000 - 0x00007ffe12d2e000 	C:\windows\SYSTEM32\dxgi.dll
0x00007ffd69440000 - 0x00007ffd69463000 	C:\windows\SYSTEM32\d3d12.dll
0x00007ffdfab90000 - 0x00007ffdfad37000 	C:\windows\System32\DriverStore\FileRepository\iigd_dch.inf_amd64_9ce4d8a46710e0e5\igdml64.dll
0x00007ffe04790000 - 0x00007ffe04d23000 	C:\windows\System32\DriverStore\FileRepository\iigd_dch.inf_amd64_9ce4d8a46710e0e5\igdgmm64.dll
0x00007ffd4b1f0000 - 0x00007ffd4b66e000 	C:\Users\gagek\AppData\Roaming\ow-electron\jilehohlakeokncafogkgnicgndeecdiengddbcc\packages\emifmpeaagaaglhaimndbhcpkjfmjhfnjjpoibdo\1.8.21\owe-client-x64.dll
0x00007ffd96ac0000 - 0x00007ffd96d37000 	C:\windows\SYSTEM32\D3D12Core.dll
0x00007ffe15240000 - 0x00007ffe15266000 	C:\windows\SYSTEM32\bcrypt.dll
0x00007ffe141c0000 - 0x00007ffe141f6000 	C:\windows\SYSTEM32\ntmarta.dll
0x00007ffe0aea0000 - 0x00007ffe0b01c000 	C:\windows\SYSTEM32\drvstore.dll
0x00007ffdfdf10000 - 0x00007ffe03036000 	C:\windows\System32\DriverStore\FileRepository\iigd_dch.inf_amd64_9ce4d8a46710e0e5\igc64.dll
0x00007ffe0daa0000 - 0x00007ffe0dace000 	C:\windows\SYSTEM32\D3DSCache.dll
0x00007ffe146a0000 - 0x00007ffe146cb000 	C:\windows\SYSTEM32\USERENV.dll
0x00007ffe108d0000 - 0x00007ffe10afa000 	C:\windows\SYSTEM32\dcomp.dll
0x00007ffe101d0000 - 0x00007ffe101e9000 	C:\windows\SYSTEM32\Microsoft.Internal.WarpPal.dll
0x00007ffe10f50000 - 0x00007ffe11075000 	C:\windows\SYSTEM32\CoreMessaging.dll
0x00007ffe08f90000 - 0x00007ffe09273000 	C:\windows\SYSTEM32\CoreUIComponents.dll
0x00007ffe14840000 - 0x00007ffe1484c000 	C:\windows\SYSTEM32\CRYPTBASE.DLL
0x00007ffe149e0000 - 0x00007ffe149fb000 	C:\windows\SYSTEM32\CRYPTSP.dll
0x00007ffe13ff0000 - 0x00007ffe1402b000 	C:\windows\system32\rsaenh.dll
0x00007ffe13a20000 - 0x00007ffe13a53000 	C:\windows\SYSTEM32\IPHLPAPI.DLL
0x00007ffe17800000 - 0x00007ffe1780a000 	C:\windows\System32\NSI.dll
0x000001ec24f70000 - 0x000001ec24f86000 	C:\MinecraftAlphaDev\libraries\natives\jinput-dx8_64.dll
0x00007ffdeb1c0000 - 0x00007ffdeb20b000 	C:\windows\SYSTEM32\DINPUT8.dll
0x00007ffdfd840000 - 0x00007ffdfda22000 	C:\windows\SYSTEM32\inputhost.dll
0x00007ffe13760000 - 0x00007ffe1376f000 	C:\windows\SYSTEM32\HID.DLL
0x00007ffe17d50000 - 0x00007ffe181d6000 	C:\windows\System32\SETUPAPI.DLL
0x00007ffe14f70000 - 0x00007ffe14f9d000 	C:\windows\SYSTEM32\DEVOBJ.dll
0x000001ec25520000 - 0x000001ec255a4000 	C:\windows\System32\WINTRUST.dll
0x00007ffe15ce0000 - 0x00007ffe15e57000 	C:\windows\System32\CRYPT32.dll
0x00007ffe14a50000 - 0x00007ffe14a63000 	C:\windows\SYSTEM32\MSASN1.dll
0x000001ec25020000 - 0x000001ec25034000 	C:\MinecraftAlphaDev\libraries\natives\jinput-raw_64.dll
0x000001ec256c0000 - 0x000001ec25724000 	C:\MinecraftAlphaDev\libraries\natives\OpenAL64.dll
0x00007ffe0c5a0000 - 0x00007ffe0c642000 	C:\windows\System32\MMDevApi.dll
0x00007ffdbde50000 - 0x00007ffdbdee4000 	C:\windows\SYSTEM32\dsound.dll
0x00007ffd98640000 - 0x00007ffd98671000 	C:\windows\SYSTEM32\winmmbase.dll
0x00007ffd99dd0000 - 0x00007ffd99e81000 	C:\windows\SYSTEM32\ResampleDmo.DLL
0x00007ffdfcc60000 - 0x00007ffdfcc6e000 	C:\windows\SYSTEM32\msdmo.dll
0x00007ffdfa140000 - 0x00007ffdfa302000 	C:\windows\SYSTEM32\AUDIOSES.DLL
0x00007ffe11ae0000 - 0x00007ffe11af4000 	C:\windows\SYSTEM32\resourcepolicyclient.dll
0x00007ffe13a60000 - 0x00007ffe13b86000 	C:\windows\SYSTEM32\DNSAPI.dll
0x00007ffe0e2e0000 - 0x00007ffe0e2eb000 	C:\Windows\System32\rasadhlp.dll
0x00007ffe0ec90000 - 0x00007ffe0ed16000 	C:\windows\System32\fwpuclnt.dll
0x00007ffe0db30000 - 0x00007ffe0db39000 	C:\Users\gagek\.p2\pool\plugins\org.eclipse.justj.openjdk.hotspot.jre.full.win32.x86_64_21.0.8.v20250724-1412\jre\bin\extnet.dll

JVMTI agents: none

dbghelp: loaded successfully - version: 4.0.5 - missing functions: none
symbol engine: initialized successfully - sym options: 0x614 - pdb path: .;C:\Users\gagek\.p2\pool\plugins\org.eclipse.justj.openjdk.hotspot.jre.full.win32.x86_64_21.0.8.v20250724-1412\jre\bin;C:\windows\SYSTEM32;C:\windows\WinSxS\amd64_microsoft.windows.common-controls_6595b64144ccf1df_6.0.26100.4768_none_3e0c112ce331287c;C:\Users\gagek\.p2\pool\plugins\org.eclipse.justj.openjdk.hotspot.jre.full.win32.x86_64_21.0.8.v20250724-1412\jre\bin\server;C:\MinecraftAlphaDev\libraries\natives;C:\windows\System32\DriverStore\FileRepository\iigd_dch.inf_amd64_9ce4d8a46710e0e5;C:\Users\gagek\AppData\Roaming\ow-electron\jilehohlakeokncafogkgnicgndeecdiengddbcc\packages\emifmpeaagaaglhaimndbhcpkjfmjhfnjjpoibdo\1.8.21

VM Arguments:
jvm_args: -Djava.library.path=C:\MinecraftAlphaDev\libraries\natives -Dfile.encoding=UTF-8 -Dstdout.encoding=UTF-8 -Dstderr.encoding=UTF-8 -XX:+ShowCodeDetailsInExceptionMessages 
java_command: net.minecraft.client.Minecraft
java_class_path (initial): C:\MinecraftAlphaDev\minecraft\output;C:\MinecraftAlphaDev\libraries\net\java\jinput\jinput\2.0.5\jinput-2.0.5.jar;C:\MinecraftAlphaDev\libraries\net\java\jutils\jutils\1.0.0\jutils-1.0.0.jar;C:\MinecraftAlphaDev\libraries\org\lwjgl\lwjgl\lwjgl\2.9.4-nightly-20150209\lwjgl-2.9.4-nightly-20150209.jar;C:\MinecraftAlphaDev\libraries\org\lwjgl\lwjgl\lwjgl_util\2.9.4-nightly-20150209\lwjgl_util-2.9.4-nightly-20150209.jar;C:\MinecraftAlphaDev\libraries\org\lwjgl\lwjgl\lwjgl-platform\2.9.4-nightly-20150209\lwjgl-platform-2.9.4-nightly-20150209.jar;C:\MinecraftAlphaDev\libraries\com\paulscode\codecjorbis\20230120\codecjorbis-20230120.jar;C:\MinecraftAlphaDev\libraries\com\paulscode\codecwav\20101023\codecwav-20101023.jar;C:\MinecraftAlphaDev\libraries\com\paulscode\libraryjavasound\20101123\libraryjavasound-20101123.jar;C:\MinecraftAlphaDev\libraries\com\paulscode\librarylwjglopenal\20100824\librarylwjglopenal-20100824.jar;C:\MinecraftAlphaDev\libraries\com\paulscode\soundsystem\20120107\soundsystem-20120107.jar;C:\MinecraftAlphaDev\libraries\org\mcphackers\launchwrapper\1.1.3\launchwrapper-1.1.3.jar;C:\MinecraftAlphaDev\libraries\org\json\json\20230311\json-20230311.jar;C:\MinecraftAlphaDev\libraries\org\ow2\asm\asm\9.7\asm-9.7.jar;C:\MinecraftAlphaDev\libraries\org\ow2\asm\asm-tree\9.7\asm-tree-9.7.jar;C:\MinecraftAlphaDev\minecraft\jars\deobfuscated.jar
Launcher Type: SUN_STANDARD

[Global flags]
     intx CICompilerCount                          = 4                                         {product} {ergonomic}
     uint ConcGCThreads                            = 3                                         {product} {ergonomic}
     uint G1ConcRefinementThreads                  = 11                                        {product} {ergonomic}
   size_t G1HeapRegionSize                         = 4194304                                   {product} {ergonomic}
    uintx GCDrainStackTargetSize                   = 64                                        {product} {ergonomic}
   size_t InitialHeapSize                          = 528482304                                 {product} {ergonomic}
   size_t MarkStackSize                            = 4194304                                   {product} {ergonomic}
   size_t MaxHeapSize                              = 8443133952                                {product} {ergonomic}
   size_t MaxNewSize                               = 5062524928                                {product} {ergonomic}
   size_t MinHeapDeltaBytes                        = 4194304                                   {product} {ergonomic}
   size_t MinHeapSize                              = 8388608                                   {product} {ergonomic}
    uintx NonNMethodCodeHeapSize                   = 5839372                                {pd product} {ergonomic}
    uintx NonProfiledCodeHeapSize                  = 122909434                              {pd product} {ergonomic}
    uintx ProfiledCodeHeapSize                     = 122909434                              {pd product} {ergonomic}
    uintx ReservedCodeCacheSize                    = 251658240                              {pd product} {ergonomic}
     bool SegmentedCodeCache                       = true                                      {product} {ergonomic}
     bool ShowCodeDetailsInExceptionMessages       = true                                   {manageable} {command line}
   size_t SoftMaxHeapSize                          = 8443133952                             {manageable} {ergonomic}
     bool UseCompressedOops                        = true                           {product lp64_product} {ergonomic}
     bool UseG1GC                                  = true                                      {product} {ergonomic}
     bool UseLargePagesIndividualAllocation        = false                                  {pd product} {ergonomic}

Logging:
Log output configuration:
 #0: stdout all=off uptime,level,tags foldmultilines=false
 #1: stderr all=off uptime,level,tags foldmultilines=false

Environment Variables:
PATH=C:/Users/gagek/.p2/pool/plugins/org.eclipse.justj.openjdk.hotspot.jre.full.win32.x86_64_21.0.8.v20250724-1412/jre/bin/server;C:/Users/gagek/.p2/pool/plugins/org.eclipse.justj.openjdk.hotspot.jre.full.win32.x86_64_21.0.8.v20250724-1412/jre/bin;C:\Program Files\Zulu\zulu-21\bin\;C:\Program Files (x86)\Common Files\Oracle\Java\java8path;C:\Program Files (x86)\Common Files\Oracle\Java\javapath;C:\Program Files\Oculus\Support\oculus-runtime;c:\devkitPro\msys2\usr\bin;C:\windows\system32;C:\windows;C:\windows\System32\Wbem;C:\windows\System32\WindowsPowerShell\v1.0\;C:\windows\System32\OpenSSH\;C:\Program Files\HP\HP One Agent;C:\Program Files\dotnet\;C:\Program Files (x86)\Microsoft SQL Server\160\Tools\Binn\;C:\Program Files\Microsoft SQL Server\160\Tools\Binn\;C:\Program Files\Microsoft SQL Server\Client SDK\ODBC\170\Tools\Binn\;C:\Program Files\Microsoft SQL Server\160\DTS\Binn\;C:\Program Files (x86)\Windows Kits\8.1\Windows Performance Toolkit\;C:\Program Files\Docker\Docker\resources\bin;C:\Program Files (x86)\Gpg4win\..\GnuPG\bin;C:\Users\gagek\AppData\Local\Microsoft\WindowsApps;C:\Users\gagek\AppData\Local\Programs\Microsoft VS Code\bin;C:\msys64\mingw64\bin;C:\Users\gagek\.aftman\bin;C:\Users\gagek\AppData\Local\GitHubDesktop\bin;C:\Users\gagek\AppData\Local\Muse Hub\lib;C:\Users\gagek\OneDrive\Desktop;
USERNAME=gagek
OS=Windows_NT
PROCESSOR_IDENTIFIER=Intel64 Family 6 Model 170 Stepping 4, GenuineIntel
TMP=C:\Users\gagek\AppData\Local\Temp
TEMP=C:\Users\gagek\AppData\Local\Temp




Periodic native trim disabled

---------------  S Y S T E M  ---------------

OS:
 Windows 11 , 64 bit Build 26100 (10.0.26100.4768)
OS uptime: 5 days 4:28 hours
Hyper-V role detected

CPU: total 14 (initial active 14) (7 cores per cpu, 2 threads per core) family 6 model 170 stepping 4 microcode 0x1f, cx8, cmov, fxsr, ht, mmx, 3dnowpref, sse, sse2, sse3, ssse3, sse4.1, sse4.2, popcnt, lzcnt, tsc, tscinvbit, avx, avx2, aes, erms, clmul, bmi1, bmi2, adx, sha, fma, vzeroupper, clflush, clflushopt, clwb, hv, serialize, rdtscp, rdpid, fsrm, f16c, cet_ibt, cet_ss
Processor Information for processor 0
  Max Mhz: 1700, Current Mhz: 1700, Mhz Limit: 1700
Processor Information for processor 1
  Max Mhz: 1700, Current Mhz: 1700, Mhz Limit: 1700
Processor Information for processor 2
  Max Mhz: 1200, Current Mhz: 1200, Mhz Limit: 1200
Processor Information for processor 3
  Max Mhz: 1200, Current Mhz: 1200, Mhz Limit: 1200
Processor Information for processor 4
  Max Mhz: 1200, Current Mhz: 1200, Mhz Limit: 1200
Processor Information for processor 5
  Max Mhz: 1200, Current Mhz: 1200, Mhz Limit: 1200
Processor Information for processor 6
  Max Mhz: 1200, Current Mhz: 1200, Mhz Limit: 1200
Processor Information for processor 7
  Max Mhz: 1200, Current Mhz: 1200, Mhz Limit: 1200
Processor Information for processor 8
  Max Mhz: 1200, Current Mhz: 1200, Mhz Limit: 1200
Processor Information for processor 9
  Max Mhz: 1200, Current Mhz: 1200, Mhz Limit: 1200
Processor Information for processor 10
  Max Mhz: 1700, Current Mhz: 1700, Mhz Limit: 1700
Processor Information for processor 11
  Max Mhz: 1700, Current Mhz: 1700, Mhz Limit: 1700
Processor Information for processor 12
  Max Mhz: 700, Current Mhz: 700, Mhz Limit: 700
Processor Information for processor 13
  Max Mhz: 700, Current Mhz: 700, Mhz Limit: 700

Memory: 4k page, system-wide physical 32203M (12882M free)
TotalPageFile size 37835M (AvailPageFile size 9479M)
current process WorkingSet (physical memory assigned to process): 777M, peak: 912M
current process commit charge ("private bytes"): 854M, peak: 1027M

vm_info: OpenJDK 64-Bit Server VM (21.0.8+9-LTS) for windows-amd64 JRE (21.0.8+9-LTS), built on 2025-07-15T00:00:00Z by "admin" with MS VC++ 17.7 (VS2022)

END.
