#
# A fatal error has been detected by the Java Runtime Environment:
#
#  EXCEPTION_ACCESS_VIOLATION (0xc0000005) at pc=0x00007ffd33358c80, pid=29900, tid=25668
#
# JRE version: OpenJDK Runtime Environment Temurin-21.0.8+9 (21.0.8+9) (build 21.0.8+9-LTS)
# Java VM: OpenJDK 64-Bit Server VM Temurin-21.0.8+9 (21.0.8+9-LTS, mixed mode, sharing, tiered, compressed oops, compressed class ptrs, g1 gc, windows-amd64)
# Problematic frame:
# C  [owe-client-x64.dll+0x3c8c80]
#
# No core dump will be written. Minidumps are not enabled by default on client versions of Windows
#
# If you would like to submit a bug report, please visit:
#   https://github.com/adoptium/adoptium-support/issues
#

---------------  S U M M A R Y ------------

Command Line: -Djava.library.path=C:\MinecraftAlphaDev\libraries\natives -Dfile.encoding=UTF-8 -Dstdout.encoding=UTF-8 -Dstderr.encoding=UTF-8 -XX:+ShowCodeDetailsInExceptionMessages net.minecraft.client.Minecraft

Host: Intel(R) Core(TM) Ultra 7 155U, 14 cores, 31G,  Windows 11 , 64 bit Build 26100 (10.0.26100.4768)
Time: Mon Sep  8 19:43:55 2025 Central Daylight Time elapsed time: 34.403119 seconds (0d 0h 0m 34s)

---------------  T H R E A D  ---------------

Current thread (0x000002a97fbe12b0):  VMThread "VM Thread"          [id=25668, stack(0x000000b7ba100000,0x000000b7ba200000) (1024K)]

Stack: [0x000000b7ba100000,0x000000b7ba200000],  sp=0x000000b7ba1ff2b8,  free space=1020k
Native frames: (J=compiled Java code, j=interpreted, Vv=VM code, C=native code)
C  [owe-client-x64.dll+0x3c8c80]


siginfo: EXCEPTION_ACCESS_VIOLATION (0xc0000005), data execution prevention violation at address 0x00007ffd33358c80


Registers:
RAX=0x00007ffd332fe300, RBX=0x0000000000000000, RCX=0x000002a966adf590, RDX=0x00007ffd333c5018
RSP=0x000000b7ba1ff2b8, RBP=0x000000b7ba1ff7b0, RSI=0x00007ffdb5e30000, RDI=0x0000000000000001
R8 =0x000002a97c8c0280, R9 =0x000000b7b96dc000, R10=0x00007ffe183eeea0, R11=0x000002a91ee58af0
R12=0x0000000000000001, R13=0x00007ffdb5e8bdf0, R14=0x0000000000000000, R15=0x00007ffdb5e30000
RIP=0x00007ffd33358c80, EFLAGS=0x0000000000010206

XMM[0]=0x0000000000000000 0x0000000000000000
XMM[1]=0x0000000000000000 0x0000000000000000
XMM[2]=0x0000000000000000 0x0000000000000000
XMM[3]=0x0000000000000000 0x0000000000000000
XMM[4]=0x0000000000000000 0x0000000000000000
XMM[5]=0x0000000000000000 0x0000000000000000
XMM[6]=0x0000000000000000 0x0000000000000000
XMM[7]=0x0000000000000000 0x404e000000000000
XMM[8]=0x0000000000000000 0x0000000000000000
XMM[9]=0x0000000000000000 0x0000000000000000
XMM[10]=0x0000000000000000 0x0000000000000000
XMM[11]=0x0000000000000000 0x0000000000000000
XMM[12]=0x0000000000000000 0x0000000000000000
XMM[13]=0x0000000000000000 0x0000000000000000
XMM[14]=0x0000000000000000 0x0000000000000000
XMM[15]=0x0000000000000000 0x0000000000000000
  MXCSR=0x00001fa0


Register to memory mapping:

RAX=0x00007ffd332fe300 owe-client-x64.dll
RBX=0x0 is null
RCX=0x000002a966adf590 points into unknown readable memory: 0x00007ffd332fe300 | 00 e3 2f 33 fd 7f 00 00
RDX=0x00007ffd333c5018 owe-client-x64.dll
RSP=0x000000b7ba1ff2b8 points into unknown readable memory: 0x00007ffd3304ac99 | 99 ac 04 33 fd 7f 00 00
RBP=0x000000b7ba1ff7b0 points into unknown readable memory: 0x000002a97fbd5570 | 70 55 bd 7f a9 02 00 00
RSI=0x00007ffdb5e30000 opengl32.dll
RDI=0x0000000000000001 is an unknown value
R8 =0x000002a97c8c0280 points into unknown readable memory: 0x00007ffd340c5460 | 60 54 0c 34 fd 7f 00 00
R9 =0x000000b7b96dc000 points into unknown readable memory: 0x0000000000000000 | 00 00 00 00 00 00 00 00
R10=0x00007ffe183eeea0 ntdll.dll
R11=0x000002a91ee58af0 points into unknown readable memory: 0x000002a91ee59590 | 90 95 e5 1e a9 02 00 00
R12=0x0000000000000001 is an unknown value
R13=0x00007ffdb5e8bdf0 opengl32.dll
R14=0x0 is null
R15=0x00007ffdb5e30000 opengl32.dll

Top of Stack: (sp=0x000000b7ba1ff2b8)
0x000000b7ba1ff2b8:   00007ffd3304ac99 00007ffd333cc7b8
0x000000b7ba1ff2c8:   00007ffd333c5018 000002a96437ba30
0x000000b7ba1ff2d8:   0000000000000000 fffffffffffffffe
0x000000b7ba1ff2e8:   00007ffd3304b0f7 000002a966adf590
0x000000b7ba1ff2f8:   00007ffd333c5018 000002a97cdcb178
0x000000b7ba1ff308:   0000000000000000 0000000000000000
0x000000b7ba1ff318:   000002a966adf590 00007ffdb5e8bdf0
0x000000b7ba1ff328:   000002a96b0bab10 000002a96436b870
0x000000b7ba1ff338:   00007ffe182243e1 0000000000000001
0x000000b7ba1ff348:   00007ffdb5e3ca16 0000000000010000
0x000000b7ba1ff358:   000002a97cdcb0d8 000002a91ee58af0
0x000000b7ba1ff368:   00007ffe18224273 0000000000000001
0x000000b7ba1ff378:   00007ffdb5e3c7d0 000000b7ba1ff7b0
0x000000b7ba1ff388:   0000000000000000 00007ffdb5e30000
0x000000b7ba1ff398:   0000000000000000 0000000000000000
0x000000b7ba1ff3a8:   00007ffdb5e3c255 0000000000000000
0x000000b7ba1ff3b8:   000000b7ba1ff7b0 00007ffdb5e30000
0x000000b7ba1ff3c8:   0000000000000000 0000000000000000
0x000000b7ba1ff3d8:   00007ffdb5e8bf19 0000000000000001
0x000000b7ba1ff3e8:   000000b7ba1ff7b0 00007ffe165b0000
0x000000b7ba1ff3f8:   00007ffe15f988c0 000000b700000001
0x000000b7ba1ff408:   00007ffe15eab8aa 000000b7ba1f0101
0x000000b7ba1ff418:   000000b7ba1ff498 000000b7ba1ff7b0
0x000000b7ba1ff428:   00000000c0000005 00007ffe00000000
0x000000b7ba1ff438:   00007ffe15eab84d 0000000000000001
0x000000b7ba1ff448:   00007ffe15f125ec 000000b7ba1ff7b0
0x000000b7ba1ff458:   000000b7ba1ff488 fffffffffffffffe
0x000000b7ba1ff468:   00007ffe15eab84d 0000000000000001
0x000000b7ba1ff478:   00007ffe16446693 00007ffe16512c60
0x000000b7ba1ff488:   c00000050000000d ffffffff0000000d
0x000000b7ba1ff498:   000000b7ba1ff480 0000000000000000
0x000000b7ba1ff4a8:   00007ffe1644633f 0000000000000000 

Instructions: (pc=0x00007ffd33358c80)
0x00007ffd33358b80:   00 00 00 00 00 00 00 00 00 00 00 00 00 00 00 00
0x00007ffd33358b90:   40 e5 42 00 01 00 00 00 00 00 00 00 ff ff ff ff
0x00007ffd33358ba0:   00 00 00 00 40 00 00 00 60 8b 3c 00 00 00 00 00
0x00007ffd33358bb0:   00 00 00 00 00 00 00 00 00 00 00 00 00 00 00 00
0x00007ffd33358bc0:   01 00 00 00 d0 8b 3c 00 00 00 00 00 00 00 00 00
0x00007ffd33358bd0:   e0 8b 3c 00 00 00 00 00 00 00 00 00 00 00 00 00
0x00007ffd33358be0:   e8 e5 42 00 00 00 00 00 00 00 00 00 ff ff ff ff
0x00007ffd33358bf0:   00 00 00 00 40 00 00 00 b8 8b 3c 00 00 00 00 00
0x00007ffd33358c00:   00 00 00 00 00 00 00 00 01 00 00 00 00 00 00 00
0x00007ffd33358c10:   00 00 00 00 18 e6 42 00 30 8c 3c 00 08 8c 3c 00
0x00007ffd33358c20:   00 00 00 00 00 00 00 00 00 00 00 00 00 00 00 00
0x00007ffd33358c30:   00 00 00 00 00 00 00 00 01 00 00 00 48 8c 3c 00
0x00007ffd33358c40:   00 00 00 00 00 00 00 00 58 8c 3c 00 00 00 00 00
0x00007ffd33358c50:   00 00 00 00 00 00 00 00 18 e6 42 00 00 00 00 00
0x00007ffd33358c60:   00 00 00 00 ff ff ff ff 00 00 00 00 40 00 00 00
0x00007ffd33358c70:   30 8c 3c 00 00 00 00 00 00 00 00 00 00 00 00 00
0x00007ffd33358c80:   01 00 00 00 00 00 00 00 00 00 00 00 40 e6 42 00
0x00007ffd33358c90:   a8 8c 3c 00 80 8c 3c 00 00 00 00 00 00 00 00 00
0x00007ffd33358ca0:   00 00 00 00 00 00 00 00 00 00 00 00 01 00 00 00
0x00007ffd33358cb0:   03 00 00 00 c0 8c 3c 00 00 00 00 00 00 00 00 00
0x00007ffd33358cc0:   e0 8c 3c 00 58 8c 3c 00 08 8d 3c 00 00 00 00 00
0x00007ffd33358cd0:   00 00 00 00 00 00 00 00 00 00 00 00 00 00 00 00
0x00007ffd33358ce0:   40 e6 42 00 02 00 00 00 00 00 00 00 ff ff ff ff
0x00007ffd33358cf0:   00 00 00 00 40 00 00 00 a8 8c 3c 00 00 00 00 00
0x00007ffd33358d00:   00 00 00 00 00 00 00 00 60 e6 42 00 00 00 00 00
0x00007ffd33358d10:   10 00 00 00 ff ff ff ff 00 00 00 00 40 00 00 00
0x00007ffd33358d20:   30 8d 3c 00 00 00 00 00 00 00 00 00 00 00 00 00
0x00007ffd33358d30:   00 00 00 00 00 00 00 00 01 00 00 00 48 8d 3c 00
0x00007ffd33358d40:   00 00 00 00 00 00 00 00 58 8d 3c 00 00 00 00 00
0x00007ffd33358d50:   00 00 00 00 00 00 00 00 60 e6 42 00 00 00 00 00
0x00007ffd33358d60:   00 00 00 00 ff ff ff ff 00 00 00 00 40 00 00 00
0x00007ffd33358d70:   30 8d 3c 00 00 00 00 00 00 00 00 00 00 00 00 00 


Stack slot to memory mapping:

stack at sp + 0 slots: 0x00007ffd3304ac99 owe-client-x64.dll
stack at sp + 1 slots: 0x00007ffd333cc7b8 owe-client-x64.dll
stack at sp + 2 slots: 0x00007ffd333c5018 owe-client-x64.dll
stack at sp + 3 slots: 0x000002a96437ba30 points into unknown readable memory: 0x00007ffe166d0150 | 50 01 6d 16 fe 7f 00 00
stack at sp + 4 slots: 0x0 is null
stack at sp + 5 slots: 0xfffffffffffffffe is an unknown value
stack at sp + 6 slots: 0x00007ffd3304b0f7 owe-client-x64.dll
stack at sp + 7 slots: 0x000002a966adf590 points into unknown readable memory: 0x00007ffd332fe300 | 00 e3 2f 33 fd 7f 00 00

VM_Operation (0x000000b7baffe270): Exit, mode: safepoint, requested by thread 0x000002a964320080


---------------  P R O C E S S  ---------------

Threads class SMR info:
_java_thread_list=0x000002a966a85940, length=18, elements={
0x000002a97fbfd6c0, 0x000002a97fbfe210, 0x000002a91eb90080, 0x000002a91eb92ae0,
0x000002a91eb93530, 0x000002a91eb93f80, 0x000002a91eb96d20, 0x000002a91ec06b30,
0x000002a91ecdc890, 0x000002a91ecebb00, 0x000002a91ef6b100, 0x000002a91ef70230,
0x000002a964320080, 0x000002a96435a7e0, 0x000002a97ca01250, 0x000002a965d2c8d0,
0x000002a9646637c0, 0x000002a96aed7b10
}

Java Threads: ( => current thread )
  0x000002a97fbfd6c0 JavaThread "Reference Handler"          daemon [_thread_blocked, id=38464, stack(0x000000b7ba200000,0x000000b7ba300000) (1024K)]
  0x000002a97fbfe210 JavaThread "Finalizer"                  daemon [_thread_blocked, id=9924, stack(0x000000b7ba300000,0x000000b7ba400000) (1024K)]
  0x000002a91eb90080 JavaThread "Signal Dispatcher"          daemon [_thread_blocked, id=37244, stack(0x000000b7ba400000,0x000000b7ba500000) (1024K)]
  0x000002a91eb92ae0 JavaThread "Attach Listener"            daemon [_thread_blocked, id=27664, stack(0x000000b7ba500000,0x000000b7ba600000) (1024K)]
  0x000002a91eb93530 JavaThread "Service Thread"             daemon [_thread_blocked, id=39016, stack(0x000000b7ba600000,0x000000b7ba700000) (1024K)]
  0x000002a91eb93f80 JavaThread "Monitor Deflation Thread"   daemon [_thread_blocked, id=33812, stack(0x000000b7ba700000,0x000000b7ba800000) (1024K)]
  0x000002a91eb96d20 JavaThread "C2 CompilerThread0"         daemon [_thread_blocked, id=29200, stack(0x000000b7ba800000,0x000000b7ba900000) (1024K)]
  0x000002a91ec06b30 JavaThread "C1 CompilerThread0"         daemon [_thread_blocked, id=784, stack(0x000000b7ba900000,0x000000b7baa00000) (1024K)]
  0x000002a91ecdc890 JavaThread "Notification Thread"        daemon [_thread_blocked, id=24876, stack(0x000000b7baa00000,0x000000b7bab00000) (1024K)]
  0x000002a91ecebb00 JavaThread "Common-Cleaner"             daemon [_thread_blocked, id=5156, stack(0x000000b7bab00000,0x000000b7bac00000) (1024K)]
  0x000002a91ef6b100 JavaThread "Java2D Disposer"            daemon [_thread_blocked, id=28360, stack(0x000000b7bac00000,0x000000b7bad00000) (1024K)]
  0x000002a91ef70230 JavaThread "AWT-Shutdown"                      [_thread_blocked, id=35024, stack(0x000000b7bad00000,0x000000b7bae00000) (1024K)]
  0x000002a964320080 JavaThread "AWT-EventQueue-0"                  [_thread_blocked, id=36264, stack(0x000000b7baf00000,0x000000b7bb000000) (1024K)]
  0x000002a96435a7e0 JavaThread "Timer hack thread"          daemon [_thread_blocked, id=21104, stack(0x000000b7bb000000,0x000000b7bb100000) (1024K)]
  0x000002a97ca01250 JavaThread "DestroyJavaVM"                     [_thread_blocked, id=16260, stack(0x000000b7b9a00000,0x000000b7b9b00000) (1024K)]
  0x000002a965d2c8d0 JavaThread "Thread-2"                   daemon [_thread_in_native, id=33424, stack(0x000000b7bb700000,0x000000b7bb800000) (1024K)]
  0x000002a9646637c0 JavaThread "Thread-3"                          [_thread_blocked, id=19572, stack(0x000000b7bba00000,0x000000b7bbb00000) (1024K)]
  0x000002a96aed7b10 JavaThread "Thread-4"                          [_thread_blocked, id=2864, stack(0x000000b7bc100000,0x000000b7bc200000) (1024K)]
Total: 18

Other Threads:
=>0x000002a97fbe12b0 VMThread "VM Thread"                           [id=25668, stack(0x000000b7ba100000,0x000000b7ba200000) (1024K)]
  0x000002a97f051540 WorkerThread "GC Thread#0"                     [id=25196, stack(0x000000b7b9b00000,0x000000b7b9c00000) (1024K)]
  0x000002a966ae9190 WorkerThread "GC Thread#1"                     [id=18156, stack(0x000000b7bc800000,0x000000b7bc900000) (1024K)]
  0x000002a966ae9c70 WorkerThread "GC Thread#2"                     [id=39744, stack(0x000000b7bc900000,0x000000b7bca00000) (1024K)]
  0x000002a966aea010 WorkerThread "GC Thread#3"                     [id=1324, stack(0x000000b7bca00000,0x000000b7bcb00000) (1024K)]
  0x000002a966ae9530 WorkerThread "GC Thread#4"                     [id=13756, stack(0x000000b7bcb00000,0x000000b7bcc00000) (1024K)]
  0x000002a9663dab20 WorkerThread "GC Thread#5"                     [id=35580, stack(0x000000b7bcc00000,0x000000b7bcd00000) (1024K)]
  0x000002a9663db260 WorkerThread "GC Thread#6"                     [id=9516, stack(0x000000b7bcd00000,0x000000b7bce00000) (1024K)]
  0x000002a9663da780 WorkerThread "GC Thread#7"                     [id=21588, stack(0x000000b7bce00000,0x000000b7bcf00000) (1024K)]
  0x000002a9663da040 WorkerThread "GC Thread#8"                     [id=33936, stack(0x000000b7bcf00000,0x000000b7bd000000) (1024K)]
  0x000002a9663d91c0 WorkerThread "GC Thread#9"                     [id=12200, stack(0x000000b7bd000000,0x000000b7bd100000) (1024K)]
  0x000002a9663db600 WorkerThread "GC Thread#10"                    [id=39500, stack(0x000000b7bd100000,0x000000b7bd200000) (1024K)]
  0x000002a97f0620b0 ConcurrentGCThread "G1 Main Marker"            terminated
  0x000002a97f0641d0 WorkerThread "G1 Conc#0"                       [id=26556, stack(0x000000b7b9d00000,0x000000b7b9e00000) (1024K)]
  0x000002a9663dc480 WorkerThread "G1 Conc#1"                       [id=11844, stack(0x000000b7bb600000,0x000000b7bb700000) (1024K)]
  0x000002a9663d9900 WorkerThread "G1 Conc#2"                       [id=19736, stack(0x000000b7bc500000,0x000000b7bc600000) (1024K)]
  0x000002a97fa9a4f0 ConcurrentGCThread "G1 Refine#0"               terminated
  0x000002a97fa9c680 ConcurrentGCThread "G1 Service"                terminated
Total: 18

Threads with active compile tasks:
Total: 0

VM state: at safepoint (shutting down)

VM Mutex/Monitor currently owned by a thread:  ([mutex/lock_event])
[0x00007ffd340c5458] Threads_lock - owner thread: 0x000002a97fbe12b0
[0x00007ffd340c5558] Heap_lock - owner thread: 0x000002a964320080

Heap address: 0x0000000608c00000, size: 8052 MB, Compressed Oops mode: Zero based, Oop shift amount: 3

CDS archive(s) mapped at: [0x000002a91f000000-0x000002a91fc80000-0x000002a91fc80000), size 13107200, SharedBaseAddress: 0x000002a91f000000, ArchiveRelocationMode: 1.
Compressed class space mapped at: 0x000002a920000000-0x000002a960000000, reserved size: 1073741824
Narrow klass base: 0x000002a91f000000, Narrow klass shift: 0, Narrow klass range: 0x100000000

GC Precious Log:
 CardTable entry size: 512
 Card Set container configuration: InlinePtr #cards 4 size 8 Array Of Cards #cards 32 size 80 Howl #buckets 8 coarsen threshold 7372 Howl Bitmap #cards 1024 size 144 coarsen threshold 921 Card regions per heap region 1 cards per card region 8192
 CPUs: 14 total, 14 available
 Memory: 32203M
 Large Page Support: Disabled
 NUMA Support: Disabled
 Compressed Oops: Enabled (Zero based)
 Heap Region Size: 4M
 Heap Min Capacity: 8M
 Heap Initial Capacity: 504M
 Heap Max Capacity: 8052M
 Pre-touch: Disabled
 Parallel Workers: 11
 Concurrent Workers: 3
 Concurrent Refinement Workers: 11
 Periodic GC: Disabled

Heap:
 garbage-first heap   total 118784K, used 81715K [0x0000000608c00000, 0x0000000800000000)
  region size 4096K, 5 young (20480K), 1 survivors (4096K)
 Metaspace       used 13529K, committed 13824K, reserved 1114112K
  class space    used 1252K, committed 1408K, reserved 1048576K

Heap Regions: E=young(eden), S=young(survivor), O=old, HS=humongous(starts), HC=humongous(continues), CS=collection set, F=free, TAMS=top-at-mark-start, PB=parsable bottom
|   0|0x0000000608c00000, 0x0000000609000000, 0x0000000609000000|100%|HS|  |TAMS 0x0000000608c00000| PB 0x0000000608c00000| Complete 
|   1|0x0000000609000000, 0x0000000609400000, 0x0000000609400000|100%|HC|  |TAMS 0x0000000609000000| PB 0x0000000609000000| Complete 
|   2|0x0000000609400000, 0x0000000609800000, 0x0000000609800000|100%|HC|  |TAMS 0x0000000609400000| PB 0x0000000609400000| Complete 
|   3|0x0000000609800000, 0x0000000609bfffe8, 0x0000000609c00000| 99%| O|  |TAMS 0x0000000609800000| PB 0x0000000609800000| Untracked 
|   4|0x0000000609c00000, 0x0000000609ffffc8, 0x000000060a000000| 99%| O|  |TAMS 0x0000000609c00000| PB 0x0000000609c00000| Untracked 
|   5|0x000000060a000000, 0x000000060a3cccb0, 0x000000060a400000| 94%| O|  |TAMS 0x000000060a000000| PB 0x000000060a000000| Untracked 
|   6|0x000000060a400000, 0x000000060a800000, 0x000000060a800000|100%| O|  |TAMS 0x000000060a400000| PB 0x000000060a400000| Untracked 
|   7|0x000000060a800000, 0x000000060ac00000, 0x000000060ac00000|100%| O|  |TAMS 0x000000060a800000| PB 0x000000060a800000| Untracked 
|   8|0x000000060ac00000, 0x000000060b000000, 0x000000060b000000|100%| O|  |TAMS 0x000000060ac00000| PB 0x000000060ac00000| Untracked 
|   9|0x000000060b000000, 0x000000060b400000, 0x000000060b400000|100%| O|  |TAMS 0x000000060b000000| PB 0x000000060b000000| Untracked 
|  10|0x000000060b400000, 0x000000060b800000, 0x000000060b800000|100%| O|  |TAMS 0x000000060b400000| PB 0x000000060b400000| Untracked 
|  11|0x000000060b800000, 0x000000060bc00000, 0x000000060bc00000|100%| O|  |TAMS 0x000000060b800000| PB 0x000000060b800000| Untracked 
|  12|0x000000060bc00000, 0x000000060c000000, 0x000000060c000000|100%| O|  |TAMS 0x000000060bc00000| PB 0x000000060bc00000| Untracked 
|  13|0x000000060c000000, 0x000000060c400000, 0x000000060c400000|100%| O|  |TAMS 0x000000060c000000| PB 0x000000060c000000| Untracked 
|  14|0x000000060c400000, 0x000000060c800000, 0x000000060c800000|100%| O|  |TAMS 0x000000060c400000| PB 0x000000060c400000| Untracked 
|  15|0x000000060c800000, 0x000000060cc00000, 0x000000060cc00000|100%| O|  |TAMS 0x000000060c800000| PB 0x000000060c800000| Untracked 
|  16|0x000000060cc00000, 0x000000060cc00000, 0x000000060d000000|  0%| F|  |TAMS 0x000000060cc00000| PB 0x000000060cc00000| Untracked 
|  17|0x000000060d000000, 0x000000060d000000, 0x000000060d400000|  0%| F|  |TAMS 0x000000060d000000| PB 0x000000060d000000| Untracked 
|  18|0x000000060d400000, 0x000000060d400000, 0x000000060d800000|  0%| F|  |TAMS 0x000000060d400000| PB 0x000000060d400000| Untracked 
|  19|0x000000060d800000, 0x000000060d800000, 0x000000060dc00000|  0%| F|  |TAMS 0x000000060d800000| PB 0x000000060d800000| Untracked 
|  20|0x000000060dc00000, 0x000000060dc00000, 0x000000060e000000|  0%| F|  |TAMS 0x000000060dc00000| PB 0x000000060dc00000| Untracked 
|  21|0x000000060e000000, 0x000000060e400000, 0x000000060e400000|100%| S|CS|TAMS 0x000000060e000000| PB 0x000000060e000000| Complete 
|  22|0x000000060e400000, 0x000000060e400000, 0x000000060e800000|  0%| F|  |TAMS 0x000000060e400000| PB 0x000000060e400000| Untracked 
|  23|0x000000060e800000, 0x000000060e800000, 0x000000060ec00000|  0%| F|  |TAMS 0x000000060e800000| PB 0x000000060e800000| Untracked 
|  24|0x000000060ec00000, 0x000000060ec00000, 0x000000060f000000|  0%| F|  |TAMS 0x000000060ec00000| PB 0x000000060ec00000| Untracked 
|  25|0x000000060f000000, 0x000000060f2e9468, 0x000000060f400000| 72%| E|  |TAMS 0x000000060f000000| PB 0x000000060f000000| Complete 
|  26|0x000000060f400000, 0x000000060f800000, 0x000000060f800000|100%| E|CS|TAMS 0x000000060f400000| PB 0x000000060f400000| Complete 
|  27|0x000000060f800000, 0x000000060fc00000, 0x000000060fc00000|100%| E|CS|TAMS 0x000000060f800000| PB 0x000000060f800000| Complete 
|  28|0x000000060fc00000, 0x0000000610000000, 0x0000000610000000|100%| E|CS|TAMS 0x000000060fc00000| PB 0x000000060fc00000| Complete 

Card table byte_map: [0x000002a9138a0000,0x000002a914860000] _byte_map_base: 0x000002a91085a000

Marking Bits: (CMBitMap*) 0x000002a97f051c40
 Bits: [0x000002a914860000, 0x000002a91c630000)

Polling page: 0x000002a97cd00000

Metaspace:

Usage:
  Non-class:     11.99 MB used.
      Class:      1.22 MB used.
       Both:     13.21 MB used.

Virtual space:
  Non-class space:       64.00 MB reserved,      12.12 MB ( 19%) committed,  1 nodes.
      Class space:        1.00 GB reserved,       1.38 MB ( <1%) committed,  1 nodes.
             Both:        1.06 GB reserved,      13.50 MB (  1%) committed. 

Chunk freelists:
   Non-Class:  3.89 MB
       Class:  14.61 MB
        Both:  18.50 MB

MaxMetaspaceSize: unlimited
CompressedClassSpaceSize: 1.00 GB
Initial GC threshold: 21.00 MB
Current GC threshold: 22.44 MB
CDS: on
 - commit_granule_bytes: 65536.
 - commit_granule_words: 8192.
 - virtual_space_node_default_size: 8388608.
 - enlarge_chunks_in_place: 1.
 - use_allocation_guard: 0.


Internal statistics:

num_allocs_failed_limit: 0.
num_arena_births: 204.
num_arena_deaths: 0.
num_vsnodes_births: 2.
num_vsnodes_deaths: 0.
num_space_committed: 214.
num_space_uncommitted: 0.
num_chunks_returned_to_freelist: 0.
num_chunks_taken_from_freelist: 445.
num_chunk_merges: 0.
num_chunk_splits: 276.
num_chunks_enlarged: 159.
num_inconsistent_stats: 0.

CodeHeap 'non-profiled nmethods': size=120000Kb used=2698Kb max_used=2904Kb free=117301Kb
 bounds [0x000002a90b3b0000, 0x000002a90b690000, 0x000002a9128e0000]
CodeHeap 'profiled nmethods': size=120000Kb used=4466Kb max_used=4979Kb free=115533Kb
 bounds [0x000002a9038e0000, 0x000002a903dc0000, 0x000002a90ae10000]
CodeHeap 'non-nmethods': size=5760Kb used=1731Kb max_used=1763Kb free=4028Kb
 bounds [0x000002a90ae10000, 0x000002a90b080000, 0x000002a90b3b0000]
CodeCache: size=245760Kb, used=8895Kb, max_used=9646Kb, free=236862Kb
 total_blobs=3490, nmethods=2722, adapters=672, full_count=0
Compilation: enabled, stopped_count=0, restarted_count=0

Compilation events (20 events):
Event: 32.587 Thread 0x000002a91eb96d20 3261       4       net.minecraft.src.EntityLiving::getPosition (87 bytes)
Event: 32.593 Thread 0x000002a91eb96d20 nmethod 3261 0x000002a90b519b90 code [0x000002a90b519da0, 0x000002a90b51a420]
Event: 32.623 Thread 0x000002a91ec06b30 3262       3       java.io.OutputStream::<init> (5 bytes)
Event: 32.623 Thread 0x000002a91ec06b30 nmethod 3262 0x000002a903aebf10 code [0x000002a903aec0c0, 0x000002a903aec228]
Event: 32.795 Thread 0x000002a91ec06b30 3263       3       net.minecraft.src.NBTTagFloat::<init> (10 bytes)
Event: 32.795 Thread 0x000002a91ec06b30 nmethod 3263 0x000002a903beda90 code [0x000002a903bedc40, 0x000002a903bede40]
Event: 32.796 Thread 0x000002a91ec06b30 3264       3       net.minecraft.src.NBTTagFloat::writeTagContents (11 bytes)
Event: 32.796 Thread 0x000002a91ec06b30 nmethod 3264 0x000002a903bed610 code [0x000002a903bed7c0, 0x000002a903bed9a0]
Event: 32.796 Thread 0x000002a91ec06b30 3265       3       java.io.DataOutputStream::writeFloat (28 bytes)
Event: 32.796 Thread 0x000002a91ec06b30 nmethod 3265 0x000002a903b7f890 code [0x000002a903b7fac0, 0x000002a903b803c0]
Event: 32.882 Thread 0x000002a91ec06b30 3266       3       net.minecraft.src.RenderCow::doRender (18 bytes)
Event: 32.884 Thread 0x000002a91ec06b30 nmethod 3266 0x000002a903a33c90 code [0x000002a903a33e40, 0x000002a903a34088]
Event: 32.884 Thread 0x000002a91ec06b30 3267       3       net.minecraft.src.RenderCow::renderCow (15 bytes)
Event: 32.884 Thread 0x000002a91ec06b30 nmethod 3267 0x000002a903b89b90 code [0x000002a903b89d40, 0x000002a903b89e80]
Event: 32.884 Thread 0x000002a91ec06b30 3268       3       net.minecraft.src.ModelCow::render (41 bytes)
Event: 32.884 Thread 0x000002a91ec06b30 nmethod 3268 0x000002a903c34310 code [0x000002a903c34500, 0x000002a903c34788]
Event: 32.893 Thread 0x000002a91ec06b30 3269       3       java.lang.invoke.DirectMethodHandle$Holder::invokeStatic (15 bytes)
Event: 32.893 Thread 0x000002a91ec06b30 nmethod 3269 0x000002a903c71710 code [0x000002a903c718e0, 0x000002a903c71d40]
Event: 32.895 Thread 0x000002a91ec06b30 3270       3       java.util.concurrent.ConcurrentHashMap$ValueIterator::<init> (12 bytes)
Event: 32.895 Thread 0x000002a91ec06b30 nmethod 3270 0x000002a903b61390 code [0x000002a903b61540, 0x000002a903b61678]

GC Heap History (20 events):
Event: 5.778 GC heap before
{Heap before GC invocations=2 (full 1):
 garbage-first heap   total 98304K, used 17389K [0x0000000608c00000, 0x0000000800000000)
  region size 4096K, 0 young (0K), 0 survivors (0K)
 Metaspace       used 12354K, committed 12672K, reserved 1114112K
  class space    used 1203K, committed 1344K, reserved 1048576K
}
Event: 5.789 GC heap after
{Heap after GC invocations=3 (full 2):
 garbage-first heap   total 81920K, used 17358K [0x0000000608c00000, 0x0000000800000000)
  region size 4096K, 0 young (0K), 0 survivors (0K)
 Metaspace       used 12354K, committed 12672K, reserved 1114112K
  class space    used 1203K, committed 1344K, reserved 1048576K
}
Event: 7.042 GC heap before
{Heap before GC invocations=3 (full 2):
 garbage-first heap   total 81920K, used 37838K [0x0000000608c00000, 0x0000000800000000)
  region size 4096K, 6 young (24576K), 0 survivors (0K)
 Metaspace       used 12542K, committed 12800K, reserved 1114112K
  class space    used 1213K, committed 1344K, reserved 1048576K
}
Event: 7.051 GC heap after
{Heap after GC invocations=4 (full 2):
 garbage-first heap   total 81920K, used 39112K [0x0000000608c00000, 0x0000000800000000)
  region size 4096K, 1 young (4096K), 1 survivors (4096K)
 Metaspace       used 12542K, committed 12800K, reserved 1114112K
  class space    used 1213K, committed 1344K, reserved 1048576K
}
Event: 7.211 GC heap before
{Heap before GC invocations=4 (full 2):
 garbage-first heap   total 81920K, used 43208K [0x0000000608c00000, 0x0000000800000000)
  region size 4096K, 3 young (12288K), 1 survivors (4096K)
 Metaspace       used 12610K, committed 12864K, reserved 1114112K
  class space    used 1221K, committed 1344K, reserved 1048576K
}
Event: 7.223 GC heap after
{Heap after GC invocations=5 (full 3):
 garbage-first heap   total 81920K, used 42979K [0x0000000608c00000, 0x0000000800000000)
  region size 4096K, 0 young (0K), 0 survivors (0K)
 Metaspace       used 12610K, committed 12864K, reserved 1114112K
  class space    used 1221K, committed 1344K, reserved 1048576K
}
Event: 7.599 GC heap before
{Heap before GC invocations=5 (full 3):
 garbage-first heap   total 81920K, used 47075K [0x0000000608c00000, 0x0000000800000000)
  region size 4096K, 2 young (8192K), 0 survivors (0K)
 Metaspace       used 12813K, committed 13056K, reserved 1114112K
  class space    used 1236K, committed 1344K, reserved 1048576K
}
Event: 7.601 GC heap after
{Heap after GC invocations=6 (full 3):
 garbage-first heap   total 81920K, used 46860K [0x0000000608c00000, 0x0000000800000000)
  region size 4096K, 1 young (4096K), 1 survivors (4096K)
 Metaspace       used 12813K, committed 13056K, reserved 1114112K
  class space    used 1236K, committed 1344K, reserved 1048576K
}
Event: 8.574 GC heap before
{Heap before GC invocations=7 (full 3):
 garbage-first heap   total 90112K, used 50956K [0x0000000608c00000, 0x0000000800000000)
  region size 4096K, 3 young (12288K), 1 survivors (4096K)
 Metaspace       used 12920K, committed 13184K, reserved 1114112K
  class space    used 1239K, committed 1344K, reserved 1048576K
}
Event: 8.578 GC heap after
{Heap after GC invocations=8 (full 3):
 garbage-first heap   total 90112K, used 53919K [0x0000000608c00000, 0x0000000800000000)
  region size 4096K, 1 young (4096K), 1 survivors (4096K)
 Metaspace       used 12920K, committed 13184K, reserved 1114112K
  class space    used 1239K, committed 1344K, reserved 1048576K
}
Event: 10.406 GC heap before
{Heap before GC invocations=8 (full 3):
 garbage-first heap   total 90112K, used 62111K [0x0000000608c00000, 0x0000000800000000)
  region size 4096K, 3 young (12288K), 1 survivors (4096K)
 Metaspace       used 13171K, committed 13440K, reserved 1114112K
  class space    used 1243K, committed 1408K, reserved 1048576K
}
Event: 10.408 GC heap after
{Heap after GC invocations=9 (full 3):
 garbage-first heap   total 90112K, used 57362K [0x0000000608c00000, 0x0000000800000000)
  region size 4096K, 1 young (4096K), 1 survivors (4096K)
 Metaspace       used 13171K, committed 13440K, reserved 1114112K
  class space    used 1243K, committed 1408K, reserved 1048576K
}
Event: 12.546 GC heap before
{Heap before GC invocations=9 (full 3):
 garbage-first heap   total 90112K, used 65554K [0x0000000608c00000, 0x0000000800000000)
  region size 4096K, 3 young (12288K), 1 survivors (4096K)
 Metaspace       used 13237K, committed 13568K, reserved 1114112K
  class space    used 1244K, committed 1408K, reserved 1048576K
}
Event: 12.548 GC heap after
{Heap after GC invocations=10 (full 3):
 garbage-first heap   total 90112K, used 61484K [0x0000000608c00000, 0x0000000800000000)
  region size 4096K, 1 young (4096K), 1 survivors (4096K)
 Metaspace       used 13237K, committed 13568K, reserved 1114112K
  class space    used 1244K, committed 1408K, reserved 1048576K
}
Event: 14.010 GC heap before
{Heap before GC invocations=11 (full 3):
 garbage-first heap   total 110592K, used 65580K [0x0000000608c00000, 0x0000000800000000)
  region size 4096K, 2 young (8192K), 1 survivors (4096K)
 Metaspace       used 13279K, committed 13568K, reserved 1114112K
  class space    used 1244K, committed 1408K, reserved 1048576K
}
Event: 14.012 GC heap after
{Heap after GC invocations=12 (full 3):
 garbage-first heap   total 110592K, used 63284K [0x0000000608c00000, 0x0000000800000000)
  region size 4096K, 1 young (4096K), 1 survivors (4096K)
 Metaspace       used 13279K, committed 13568K, reserved 1114112K
  class space    used 1244K, committed 1408K, reserved 1048576K
}
Event: 20.020 GC heap before
{Heap before GC invocations=12 (full 3):
 garbage-first heap   total 110592K, used 75572K [0x0000000608c00000, 0x0000000800000000)
  region size 4096K, 4 young (16384K), 1 survivors (4096K)
 Metaspace       used 13433K, committed 13696K, reserved 1114112K
  class space    used 1250K, committed 1408K, reserved 1048576K
}
Event: 20.025 GC heap after
{Heap after GC invocations=13 (full 3):
 garbage-first heap   total 110592K, used 65120K [0x0000000608c00000, 0x0000000800000000)
  region size 4096K, 1 young (4096K), 1 survivors (4096K)
 Metaspace       used 13433K, committed 13696K, reserved 1114112K
  class space    used 1250K, committed 1408K, reserved 1048576K
}
Event: 27.627 GC heap before
{Heap before GC invocations=13 (full 3):
 garbage-first heap   total 110592K, used 81504K [0x0000000608c00000, 0x0000000800000000)
  region size 4096K, 5 young (20480K), 1 survivors (4096K)
 Metaspace       used 13485K, committed 13760K, reserved 1114112K
  class space    used 1250K, committed 1408K, reserved 1048576K
}
Event: 27.630 GC heap after
{Heap after GC invocations=14 (full 3):
 garbage-first heap   total 110592K, used 69427K [0x0000000608c00000, 0x0000000800000000)
  region size 4096K, 1 young (4096K), 1 survivors (4096K)
 Metaspace       used 13485K, committed 13760K, reserved 1114112K
  class space    used 1250K, committed 1408K, reserved 1048576K
}

Dll operation events (15 events):
Event: 0.007 Loaded shared library C:\Users\gagek\.p2\pool\plugins\org.eclipse.justj.openjdk.hotspot.jre.full.win32.x86_64_21.0.8.v20250724-1412\jre\bin\java.dll
Event: 0.041 Loaded shared library C:\Users\gagek\.p2\pool\plugins\org.eclipse.justj.openjdk.hotspot.jre.full.win32.x86_64_21.0.8.v20250724-1412\jre\bin\zip.dll
Event: 0.082 Loaded shared library C:\Users\gagek\.p2\pool\plugins\org.eclipse.justj.openjdk.hotspot.jre.full.win32.x86_64_21.0.8.v20250724-1412\jre\bin\net.dll
Event: 0.086 Loaded shared library C:\Users\gagek\.p2\pool\plugins\org.eclipse.justj.openjdk.hotspot.jre.full.win32.x86_64_21.0.8.v20250724-1412\jre\bin\nio.dll
Event: 0.089 Loaded shared library C:\Users\gagek\.p2\pool\plugins\org.eclipse.justj.openjdk.hotspot.jre.full.win32.x86_64_21.0.8.v20250724-1412\jre\bin\zip.dll
Event: 0.142 Loaded shared library C:\Users\gagek\.p2\pool\plugins\org.eclipse.justj.openjdk.hotspot.jre.full.win32.x86_64_21.0.8.v20250724-1412\jre\bin\jimage.dll
Event: 0.163 Loaded shared library C:\Users\gagek\.p2\pool\plugins\org.eclipse.justj.openjdk.hotspot.jre.full.win32.x86_64_21.0.8.v20250724-1412\jre\bin\awt.dll
Event: 0.265 Loaded shared library C:\Users\gagek\.p2\pool\plugins\org.eclipse.justj.openjdk.hotspot.jre.full.win32.x86_64_21.0.8.v20250724-1412\jre\bin\freetype.dll
Event: 0.265 Loaded shared library C:\Users\gagek\.p2\pool\plugins\org.eclipse.justj.openjdk.hotspot.jre.full.win32.x86_64_21.0.8.v20250724-1412\jre\bin\fontmanager.dll
Event: 0.408 Loaded shared library C:\Users\gagek\.p2\pool\plugins\org.eclipse.justj.openjdk.hotspot.jre.full.win32.x86_64_21.0.8.v20250724-1412\jre\bin\verify.dll
Event: 0.420 Loaded shared library C:\MinecraftAlphaDev\libraries\natives\lwjgl64.dll
Event: 0.434 Loaded shared library C:\Users\gagek\.p2\pool\plugins\org.eclipse.justj.openjdk.hotspot.jre.full.win32.x86_64_21.0.8.v20250724-1412\jre\bin\jawt.dll
Event: 1.159 Loaded shared library C:\MinecraftAlphaDev\libraries\natives\jinput-dx8_64.dll
Event: 1.266 Loaded shared library C:\MinecraftAlphaDev\libraries\natives\jinput-raw_64.dll
Event: 2.082 Loaded shared library C:\Users\gagek\.p2\pool\plugins\org.eclipse.justj.openjdk.hotspot.jre.full.win32.x86_64_21.0.8.v20250724-1412\jre\bin\extnet.dll

Deoptimization events (20 events):
Event: 30.315 Thread 0x000002a96436d2b0 Uncommon trap: trap_request=0xffffff45 fr.pc=0x000002a90b676120 relative=0x0000000000001020
Event: 30.315 Thread 0x000002a96436d2b0 Uncommon trap: reason=unstable_if action=reinterpret pc=0x000002a90b676120 method=net.minecraft.src.EntityLiving.onLivingUpdate()V @ 203 c2
Event: 30.315 Thread 0x000002a96436d2b0 DEOPT PACKING pc=0x000002a90b676120 sp=0x000000b7bb1ff1d0
Event: 30.315 Thread 0x000002a96436d2b0 DEOPT UNPACKING pc=0x000002a90ae646a2 sp=0x000000b7bb1ff198 mode 2
Event: 30.315 Thread 0x000002a96436d2b0 Uncommon trap: trap_request=0xffffff45 fr.pc=0x000002a90b65049c relative=0x00000000000005dc
Event: 30.315 Thread 0x000002a96436d2b0 Uncommon trap: reason=unstable_if action=reinterpret pc=0x000002a90b65049c method=net.minecraft.src.EntityItem.onUpdate()V @ 8 c2
Event: 30.315 Thread 0x000002a96436d2b0 DEOPT PACKING pc=0x000002a90b65049c sp=0x000000b7bb1ff2f0
Event: 30.315 Thread 0x000002a96436d2b0 DEOPT UNPACKING pc=0x000002a90ae646a2 sp=0x000000b7bb1ff288 mode 2
Event: 30.315 Thread 0x000002a96436d2b0 Uncommon trap: trap_request=0xffffff45 fr.pc=0x000002a90b43b2ac relative=0x000000000000034c
Event: 30.315 Thread 0x000002a96436d2b0 Uncommon trap: reason=unstable_if action=reinterpret pc=0x000002a90b43b2ac method=net.minecraft.src.EntityItem.pushOutOfBlocks(DDD)Z @ 58 c2
Event: 30.315 Thread 0x000002a96436d2b0 DEOPT PACKING pc=0x000002a90b43b2ac sp=0x000000b7bb1ff220
Event: 30.315 Thread 0x000002a96436d2b0 DEOPT UNPACKING pc=0x000002a90ae646a2 sp=0x000000b7bb1ff158 mode 2
Event: 31.764 Thread 0x000002a96436d2b0 Uncommon trap: trap_request=0xffffff45 fr.pc=0x000002a90b681bd8 relative=0x0000000000002a18
Event: 31.764 Thread 0x000002a96436d2b0 Uncommon trap: reason=unstable_if action=reinterpret pc=0x000002a90b681bd8 method=net.minecraft.src.EntityRenderer.updateCameraAndRender(F)V @ 263 c2
Event: 31.764 Thread 0x000002a96436d2b0 DEOPT PACKING pc=0x000002a90b681bd8 sp=0x000000b7bb1ff470
Event: 31.764 Thread 0x000002a96436d2b0 DEOPT UNPACKING pc=0x000002a90ae646a2 sp=0x000000b7bb1ff448 mode 2
Event: 32.894 Thread 0x000002a9706d57c0 Uncommon trap: trap_request=0xffffffcc fr.pc=0x000002a90b5b96c4 relative=0x0000000000000204
Event: 32.894 Thread 0x000002a9706d57c0 Uncommon trap: reason=intrinsic_or_type_checked_inlining action=make_not_entrant pc=0x000002a90b5b96c4 method=java.util.Arrays.copyOf([Ljava/lang/Object;ILjava/lang/Class;)[Ljava/lang/Object; @ 35 c2
Event: 32.894 Thread 0x000002a9706d57c0 DEOPT PACKING pc=0x000002a90b5b96c4 sp=0x000000b7bc6ff160
Event: 32.894 Thread 0x000002a9706d57c0 DEOPT UNPACKING pc=0x000002a90ae646a2 sp=0x000000b7bc6ff108 mode 2

Classes loaded (20 events):
Event: 7.284 Loading class sun/net/www/protocol/https/Handler
Event: 7.284 Loading class sun/net/www/protocol/https/Handler done
Event: 7.284 Loading class sun/net/www/http/KeepAliveCache$1
Event: 7.284 Loading class sun/net/www/http/KeepAliveCache$1 done
Event: 7.285 Loading class sun/net/www/http/KeepAliveCache$ClientVector
Event: 7.285 Loading class sun/net/www/http/KeepAliveCache$ClientVector done
Event: 7.322 Loading class sun/net/www/http/KeepAliveEntry
Event: 7.322 Loading class sun/net/www/http/KeepAliveEntry done
Event: 7.322 Loading class sun/net/www/protocol/http/EmptyInputStream
Event: 7.322 Loading class sun/net/www/protocol/http/EmptyInputStream done
Event: 8.510 Loading class java/util/zip/Deflater
Event: 8.510 Loading class java/util/zip/Deflater done
Event: 8.511 Loading class java/util/zip/Deflater$DeflaterZStreamRef
Event: 8.511 Loading class java/util/zip/Deflater$DeflaterZStreamRef done
Event: 31.320 Loading class java/lang/FdLibm$Log
Event: 31.320 Loading class java/lang/FdLibm$Log done
Event: 32.895 Loading class java/util/WeakHashMap$KeyIterator
Event: 32.895 Loading class java/util/WeakHashMap$HashIterator
Event: 32.895 Loading class java/util/WeakHashMap$HashIterator done
Event: 32.895 Loading class java/util/WeakHashMap$KeyIterator done

Classes unloaded (0 events):
No events

Classes redefined (0 events):
No events

Internal exceptions (20 events):
Event: 31.946 Thread 0x000002a9646637c0 Exception <a 'java/lang/InterruptedException'{0x000000060f0526c8}: sleep interrupted> (0x000000060f0526c8) 
thrown [s\src\hotspot\share\prims\jvm.cpp, line 3074]
Event: 32.001 Thread 0x000002a9646637c0 Exception <a 'java/lang/InterruptedException'{0x000000060f052a20}: sleep interrupted> (0x000000060f052a20) 
thrown [s\src\hotspot\share\prims\jvm.cpp, line 3074]
Event: 32.042 Thread 0x000002a9646637c0 Exception <a 'java/lang/InterruptedException'{0x000000060f052d78}: sleep interrupted> (0x000000060f052d78) 
thrown [s\src\hotspot\share\prims\jvm.cpp, line 3074]
Event: 32.080 Thread 0x000002a9646637c0 Exception <a 'java/lang/InterruptedException'{0x000000060f0530d0}: sleep interrupted> (0x000000060f0530d0) 
thrown [s\src\hotspot\share\prims\jvm.cpp, line 3074]
Event: 32.125 Thread 0x000002a9646637c0 Exception <a 'java/lang/InterruptedException'{0x000000060f053428}: sleep interrupted> (0x000000060f053428) 
thrown [s\src\hotspot\share\prims\jvm.cpp, line 3074]
Event: 32.175 Thread 0x000002a9646637c0 Exception <a 'java/lang/InterruptedException'{0x000000060f140268}: sleep interrupted> (0x000000060f140268) 
thrown [s\src\hotspot\share\prims\jvm.cpp, line 3074]
Event: 32.220 Thread 0x000002a9646637c0 Exception <a 'java/lang/InterruptedException'{0x000000060f1405c0}: sleep interrupted> (0x000000060f1405c0) 
thrown [s\src\hotspot\share\prims\jvm.cpp, line 3074]
Event: 32.265 Thread 0x000002a9646637c0 Exception <a 'java/lang/InterruptedException'{0x000000060f140918}: sleep interrupted> (0x000000060f140918) 
thrown [s\src\hotspot\share\prims\jvm.cpp, line 3074]
Event: 32.311 Thread 0x000002a9646637c0 Exception <a 'java/lang/InterruptedException'{0x000000060f140c70}: sleep interrupted> (0x000000060f140c70) 
thrown [s\src\hotspot\share\prims\jvm.cpp, line 3074]
Event: 32.391 Thread 0x000002a9646637c0 Exception <a 'java/lang/InterruptedException'{0x000000060f140fc8}: sleep interrupted> (0x000000060f140fc8) 
thrown [s\src\hotspot\share\prims\jvm.cpp, line 3074]
Event: 32.439 Thread 0x000002a9646637c0 Exception <a 'java/lang/InterruptedException'{0x000000060f141320}: sleep interrupted> (0x000000060f141320) 
thrown [s\src\hotspot\share\prims\jvm.cpp, line 3074]
Event: 32.486 Thread 0x000002a9646637c0 Exception <a 'java/lang/InterruptedException'{0x000000060f141678}: sleep interrupted> (0x000000060f141678) 
thrown [s\src\hotspot\share\prims\jvm.cpp, line 3074]
Event: 32.541 Thread 0x000002a9646637c0 Exception <a 'java/lang/InterruptedException'{0x000000060f1419d0}: sleep interrupted> (0x000000060f1419d0) 
thrown [s\src\hotspot\share\prims\jvm.cpp, line 3074]
Event: 32.587 Thread 0x000002a9646637c0 Exception <a 'java/lang/InterruptedException'{0x000000060f141d28}: sleep interrupted> (0x000000060f141d28) 
thrown [s\src\hotspot\share\prims\jvm.cpp, line 3074]
Event: 32.626 Thread 0x000002a9646637c0 Exception <a 'java/lang/InterruptedException'{0x000000060f142080}: sleep interrupted> (0x000000060f142080) 
thrown [s\src\hotspot\share\prims\jvm.cpp, line 3074]
Event: 32.666 Thread 0x000002a9646637c0 Exception <a 'java/lang/InterruptedException'{0x000000060f1423d8}: sleep interrupted> (0x000000060f1423d8) 
thrown [s\src\hotspot\share\prims\jvm.cpp, line 3074]
Event: 32.708 Thread 0x000002a9646637c0 Exception <a 'java/lang/InterruptedException'{0x000000060f142730}: sleep interrupted> (0x000000060f142730) 
thrown [s\src\hotspot\share\prims\jvm.cpp, line 3074]
Event: 32.753 Thread 0x000002a9646637c0 Exception <a 'java/lang/InterruptedException'{0x000000060f142a88}: sleep interrupted> (0x000000060f142a88) 
thrown [s\src\hotspot\share\prims\jvm.cpp, line 3074]
Event: 32.799 Thread 0x000002a9646637c0 Exception <a 'java/lang/InterruptedException'{0x000000060f142de0}: sleep interrupted> (0x000000060f142de0) 
thrown [s\src\hotspot\share\prims\jvm.cpp, line 3074]
Event: 32.845 Thread 0x000002a9646637c0 Exception <a 'java/lang/InterruptedException'{0x000000060f143138}: sleep interrupted> (0x000000060f143138) 
thrown [s\src\hotspot\share\prims\jvm.cpp, line 3074]

ZGC Phase Switch (0 events):
No events

VM Operations (20 events):
Event: 25.028 Executing VM operation: Cleanup done
Event: 26.028 Executing VM operation: Cleanup
Event: 26.028 Executing VM operation: Cleanup done
Event: 27.029 Executing VM operation: Cleanup
Event: 27.029 Executing VM operation: Cleanup done
Event: 27.627 Executing VM operation: G1CollectForAllocation (G1 Evacuation Pause)
Event: 27.630 Executing VM operation: G1CollectForAllocation (G1 Evacuation Pause) done
Event: 27.636 Executing VM operation: G1PauseRemark
Event: 27.639 Executing VM operation: G1PauseRemark done
Event: 27.640 Executing VM operation: G1PauseCleanup
Event: 27.640 Executing VM operation: G1PauseCleanup done
Event: 29.641 Executing VM operation: Cleanup
Event: 29.641 Executing VM operation: Cleanup done
Event: 30.641 Executing VM operation: Cleanup
Event: 30.642 Executing VM operation: Cleanup done
Event: 31.642 Executing VM operation: Cleanup
Event: 31.642 Executing VM operation: Cleanup done
Event: 32.643 Executing VM operation: Cleanup
Event: 32.643 Executing VM operation: Cleanup done
Event: 33.002 Executing VM operation: Exit

Memory protections (0 events):
No events

Nmethod flushes (20 events):
Event: 27.639 Thread 0x000002a97fbe12b0 flushing  nmethod 0x000002a903bdfb90
Event: 27.639 Thread 0x000002a97fbe12b0 flushing  nmethod 0x000002a903be2390
Event: 27.639 Thread 0x000002a97fbe12b0 flushing  nmethod 0x000002a903be8f10
Event: 27.639 Thread 0x000002a97fbe12b0 flushing  nmethod 0x000002a903c1f490
Event: 27.639 Thread 0x000002a97fbe12b0 flushing  nmethod 0x000002a903c1f810
Event: 27.639 Thread 0x000002a97fbe12b0 flushing  nmethod 0x000002a903c21310
Event: 27.639 Thread 0x000002a97fbe12b0 flushing  nmethod 0x000002a903c21d10
Event: 27.639 Thread 0x000002a97fbe12b0 flushing osr nmethod 0x000002a903c22110
Event: 27.639 Thread 0x000002a97fbe12b0 flushing  nmethod 0x000002a903c24810
Event: 27.639 Thread 0x000002a97fbe12b0 flushing  nmethod 0x000002a903c26d10
Event: 27.639 Thread 0x000002a97fbe12b0 flushing  nmethod 0x000002a903c27090
Event: 27.639 Thread 0x000002a97fbe12b0 flushing  nmethod 0x000002a903c33f10
Event: 27.639 Thread 0x000002a97fbe12b0 flushing  nmethod 0x000002a903c34510
Event: 27.639 Thread 0x000002a97fbe12b0 flushing  nmethod 0x000002a903c35590
Event: 27.639 Thread 0x000002a97fbe12b0 flushing  nmethod 0x000002a903c36390
Event: 27.639 Thread 0x000002a97fbe12b0 flushing  nmethod 0x000002a903c39b10
Event: 27.639 Thread 0x000002a97fbe12b0 flushing  nmethod 0x000002a903c3b390
Event: 27.639 Thread 0x000002a97fbe12b0 flushing osr nmethod 0x000002a903ccc290
Event: 27.639 Thread 0x000002a97fbe12b0 flushing  nmethod 0x000002a903ccf510
Event: 27.639 Thread 0x000002a97fbe12b0 flushing  nmethod 0x000002a903cf5d90

Events (20 events):
Event: 15.951 Thread 0x000002a91ec06b30 Thread added: 0x000002a9701bd640
Event: 15.951 Thread 0x000002a91ec06b30 Thread added: 0x000002a97361c890
Event: 16.461 Thread 0x000002a97361c890 Thread exited: 0x000002a97361c890
Event: 16.461 Thread 0x000002a9701bd640 Thread exited: 0x000002a9701bd640
Event: 22.303 Thread 0x000002a96aedc340 Thread exited: 0x000002a96aedc340
Event: 32.893 Thread 0x000002a96436d2b0 Thread exited: 0x000002a96436d2b0
Event: 32.894 Thread 0x000002a964320080 Thread added: 0x000002a9706d3d80
Event: 32.894 Thread 0x000002a964320080 Thread added: 0x000002a9706d57c0
Event: 32.894 Thread 0x000002a964320080 Thread added: 0x000002a9706d7890
Event: 32.894 Thread 0x000002a964320080 Thread added: 0x000002a9706d7f20
Event: 32.894 Thread 0x000002a964320080 Thread added: 0x000002a9706d9960
Event: 32.894 Thread 0x000002a964320080 Thread added: 0x000002a9706d85b0
Event: 32.894 Thread 0x000002a9706d3d80 Thread exited: 0x000002a9706d3d80
Event: 32.895 Thread 0x000002a9706d57c0 Thread exited: 0x000002a9706d57c0
Event: 32.895 Thread 0x000002a9706d7f20 Thread exited: 0x000002a9706d7f20
Event: 32.900 Thread 0x000002a9706d85b0 Thread exited: 0x000002a9706d85b0
Event: 32.902 Thread 0x000002a9706d7890 Thread exited: 0x000002a9706d7890
Event: 32.937 Thread 0x000002a91ef73b20 Thread exited: 0x000002a91ef73b20
Event: 33.002 Thread 0x000002a9706d9960 Thread exited: 0x000002a9706d9960
Event: 33.002 Thread 0x000002a964320080 Before exit entered


Dynamic libraries:
0x00007ff7d8d50000 - 0x00007ff7d8d5e000 	C:\Users\gagek\.p2\pool\plugins\org.eclipse.justj.openjdk.hotspot.jre.full.win32.x86_64_21.0.8.v20250724-1412\jre\bin\javaw.exe
0x00007ffe18220000 - 0x00007ffe18487000 	C:\windows\SYSTEM32\ntdll.dll
0x00007ffe17580000 - 0x00007ffe17649000 	C:\windows\System32\KERNEL32.DLL
0x00007ffe15590000 - 0x00007ffe15980000 	C:\windows\System32\KERNELBASE.dll
0x00007ffe15e60000 - 0x00007ffe15fab000 	C:\windows\System32\ucrtbase.dll
0x00007ffdf3590000 - 0x00007ffdf35a8000 	C:\Users\gagek\.p2\pool\plugins\org.eclipse.justj.openjdk.hotspot.jre.full.win32.x86_64_21.0.8.v20250724-1412\jre\bin\jli.dll
0x00007ffe15fb0000 - 0x00007ffe16175000 	C:\windows\System32\USER32.dll
0x00007ffe15560000 - 0x00007ffe15587000 	C:\windows\System32\win32u.dll
0x00007ffe17be0000 - 0x00007ffe17c0b000 	C:\windows\System32\GDI32.dll
0x00007ffe15b10000 - 0x00007ffe15c48000 	C:\windows\System32\gdi32full.dll
0x00007ffe154b0000 - 0x00007ffe15553000 	C:\windows\System32\msvcp_win.dll
0x00007ffdee9f0000 - 0x00007ffdeea0e000 	C:\Users\gagek\.p2\pool\plugins\org.eclipse.justj.openjdk.hotspot.jre.full.win32.x86_64_21.0.8.v20250724-1412\jre\bin\VCRUNTIME140.dll
0x00007ffdf38e0000 - 0x00007ffdf3b7a000 	C:\windows\WinSxS\amd64_microsoft.windows.common-controls_6595b64144ccf1df_6.0.26100.4768_none_3e0c112ce331287c\COMCTL32.dll
0x00007ffe17860000 - 0x00007ffe17909000 	C:\windows\System32\msvcrt.dll
0x00007ffe17c10000 - 0x00007ffe17c3f000 	C:\windows\System32\IMM32.DLL
0x00007ffe10b20000 - 0x00007ffe10b2c000 	C:\Users\gagek\.p2\pool\plugins\org.eclipse.justj.openjdk.hotspot.jre.full.win32.x86_64_21.0.8.v20250724-1412\jre\bin\vcruntime140_1.dll
0x00007ffdc9240000 - 0x00007ffdc92cd000 	C:\Users\gagek\.p2\pool\plugins\org.eclipse.justj.openjdk.hotspot.jre.full.win32.x86_64_21.0.8.v20250724-1412\jre\bin\msvcp140.dll
0x00007ffd33410000 - 0x00007ffd341a7000 	C:\Users\gagek\.p2\pool\plugins\org.eclipse.justj.openjdk.hotspot.jre.full.win32.x86_64_21.0.8.v20250724-1412\jre\bin\server\jvm.dll
0x00007ffe16b50000 - 0x00007ffe16c04000 	C:\windows\System32\ADVAPI32.dll
0x00007ffe17910000 - 0x00007ffe179b6000 	C:\windows\System32\sechost.dll
0x00007ffe179c0000 - 0x00007ffe17ad8000 	C:\windows\System32\RPCRT4.dll
0x00007ffe16720000 - 0x00007ffe16794000 	C:\windows\System32\WS2_32.dll
0x00007ffe151b0000 - 0x00007ffe1520e000 	C:\windows\SYSTEM32\POWRPROF.dll
0x00007ffe0d720000 - 0x00007ffe0d755000 	C:\windows\SYSTEM32\WINMM.dll
0x00007ffe0a3a0000 - 0x00007ffe0a3ab000 	C:\windows\SYSTEM32\VERSION.dll
0x00007ffe15190000 - 0x00007ffe151a4000 	C:\windows\SYSTEM32\UMPDC.dll
0x00007ffe14090000 - 0x00007ffe140ab000 	C:\windows\SYSTEM32\kernel.appcore.dll
0x00007ffe11210000 - 0x00007ffe1121a000 	C:\Users\gagek\.p2\pool\plugins\org.eclipse.justj.openjdk.hotspot.jre.full.win32.x86_64_21.0.8.v20250724-1412\jre\bin\jimage.dll
0x00007ffe12700000 - 0x00007ffe12941000 	C:\windows\SYSTEM32\DBGHELP.DLL
0x00007ffe167c0000 - 0x00007ffe16b45000 	C:\windows\System32\combase.dll
0x00007ffe173f0000 - 0x00007ffe174d0000 	C:\windows\System32\OLEAUT32.dll
0x00007ffdf4390000 - 0x00007ffdf43d3000 	C:\windows\SYSTEM32\dbgcore.DLL
0x00007ffe15410000 - 0x00007ffe154a9000 	C:\windows\System32\bcryptPrimitives.dll
0x00007ffe10f30000 - 0x00007ffe10f4f000 	C:\Users\gagek\.p2\pool\plugins\org.eclipse.justj.openjdk.hotspot.jre.full.win32.x86_64_21.0.8.v20250724-1412\jre\bin\java.dll
0x00007ffe16c10000 - 0x00007ffe1735d000 	C:\windows\System32\SHELL32.dll
0x00007ffe15990000 - 0x00007ffe15b03000 	C:\windows\System32\wintypes.dll
0x00007ffe12ef0000 - 0x00007ffe13750000 	C:\windows\SYSTEM32\windows.storage.dll
0x00007ffe17ae0000 - 0x00007ffe17bd5000 	C:\windows\System32\SHCORE.dll
0x00007ffe17cb0000 - 0x00007ffe17d1a000 	C:\windows\System32\shlwapi.dll
0x00007ffe15270000 - 0x00007ffe15299000 	C:\windows\SYSTEM32\profapi.dll
0x00007ffe10ed0000 - 0x00007ffe10ee8000 	C:\Users\gagek\.p2\pool\plugins\org.eclipse.justj.openjdk.hotspot.jre.full.win32.x86_64_21.0.8.v20250724-1412\jre\bin\zip.dll
0x00007ffe11200000 - 0x00007ffe11210000 	C:\Users\gagek\.p2\pool\plugins\org.eclipse.justj.openjdk.hotspot.jre.full.win32.x86_64_21.0.8.v20250724-1412\jre\bin\net.dll
0x00007ffe0e680000 - 0x00007ffe0e79e000 	C:\windows\SYSTEM32\WINHTTP.dll
0x00007ffe14600000 - 0x00007ffe1466b000 	C:\windows\system32\mswsock.dll
0x00007ffe111c0000 - 0x00007ffe111d6000 	C:\Users\gagek\.p2\pool\plugins\org.eclipse.justj.openjdk.hotspot.jre.full.win32.x86_64_21.0.8.v20250724-1412\jre\bin\nio.dll
0x00007ffdbe4a0000 - 0x00007ffdbe62e000 	C:\Users\gagek\.p2\pool\plugins\org.eclipse.justj.openjdk.hotspot.jre.full.win32.x86_64_21.0.8.v20250724-1412\jre\bin\awt.dll
0x00007ffe11250000 - 0x00007ffe112ee000 	C:\windows\SYSTEM32\apphelp.dll
0x00007ffe11730000 - 0x00007ffe11765000 	C:\windows\system32\DWMAPI.DLL
0x00007ffe115c0000 - 0x00007ffe1166f000 	C:\windows\system32\uxtheme.dll
0x00007ffdb5e30000 - 0x00007ffdb5f48000 	C:\windows\system32\opengl32.dll
0x00007ffdee8d0000 - 0x00007ffdee8fd000 	C:\windows\SYSTEM32\GLU32.dll
0x00007ffe11c50000 - 0x00007ffe11c9d000 	C:\windows\SYSTEM32\dxcore.dll
0x00007ffe165b0000 - 0x00007ffe16711000 	C:\windows\System32\MSCTF.dll
0x00007ffe16400000 - 0x00007ffe165a0000 	C:\windows\System32\ole32.dll
0x00007ffdca8c0000 - 0x00007ffdca947000 	C:\Users\gagek\.p2\pool\plugins\org.eclipse.justj.openjdk.hotspot.jre.full.win32.x86_64_21.0.8.v20250724-1412\jre\bin\freetype.dll
0x00007ffdb5680000 - 0x00007ffdb576b000 	C:\Users\gagek\.p2\pool\plugins\org.eclipse.justj.openjdk.hotspot.jre.full.win32.x86_64_21.0.8.v20250724-1412\jre\bin\fontmanager.dll
0x00007ffe06dc0000 - 0x00007ffe06f11000 	C:\windows\SYSTEM32\textinputframework.dll
0x00007ffdcf690000 - 0x00007ffdcf70d000 	C:\windows\system32\Oleacc.dll
0x00007ffe17750000 - 0x00007ffe177f8000 	C:\windows\System32\clbcatq.dll
0x00007ffdd46f0000 - 0x00007ffdd474e000 	C:\windows\system32\ApplicationTargetedFeatureDatabase.dll
0x00007ffe0ac30000 - 0x00007ffe0ae68000 	C:\Windows\System32\twinapi.appcore.dll
0x00007ffe10e30000 - 0x00007ffe10e40000 	C:\Users\gagek\.p2\pool\plugins\org.eclipse.justj.openjdk.hotspot.jre.full.win32.x86_64_21.0.8.v20250724-1412\jre\bin\verify.dll
0x0000000180000000 - 0x0000000180053000 	C:\MinecraftAlphaDev\libraries\natives\lwjgl64.dll
0x00007ffe0dec0000 - 0x00007ffe0df89000 	C:\windows\SYSTEM32\mscms.dll
0x00007ffdf7470000 - 0x00007ffdf74e0000 	C:\Windows\System32\Windows.Internal.Graphics.Display.DisplayColorManagement.dll
0x00007ffe14f10000 - 0x00007ffe14f67000 	C:\windows\SYSTEM32\cfgmgr32.dll
0x00007ffe0fee0000 - 0x00007ffe0fee7000 	C:\Users\gagek\.p2\pool\plugins\org.eclipse.justj.openjdk.hotspot.jre.full.win32.x86_64_21.0.8.v20250724-1412\jre\bin\jawt.dll
0x00007ffe0b360000 - 0x00007ffe0b3ca000 	C:\windows\SYSTEM32\directxdatabasehelper.dll
0x00007ffdf9260000 - 0x00007ffdf927a000 	C:\windows\SYSTEM32\windows.staterepositorycore.dll
0x00007ffd11d00000 - 0x00007ffd132cb000 	C:\windows\System32\DriverStore\FileRepository\iigd_dch.inf_amd64_9ce4d8a46710e0e5\igxelpgicd64.dll
0x00007ffd69440000 - 0x00007ffd69463000 	C:\windows\SYSTEM32\d3d12.dll
0x00007ffe12bf0000 - 0x00007ffe12d2e000 	C:\windows\SYSTEM32\dxgi.dll
0x00007ffdfab90000 - 0x00007ffdfad37000 	C:\windows\System32\DriverStore\FileRepository\iigd_dch.inf_amd64_9ce4d8a46710e0e5\igdml64.dll
0x00007ffe04790000 - 0x00007ffe04d23000 	C:\windows\System32\DriverStore\FileRepository\iigd_dch.inf_amd64_9ce4d8a46710e0e5\igdgmm64.dll
0x00007ffd96ac0000 - 0x00007ffd96d37000 	C:\windows\SYSTEM32\D3D12Core.dll
0x00007ffe15240000 - 0x00007ffe15266000 	C:\windows\SYSTEM32\bcrypt.dll
0x00007ffe0aea0000 - 0x00007ffe0b01c000 	C:\windows\SYSTEM32\drvstore.dll
0x00007ffdfdf10000 - 0x00007ffe03036000 	C:\windows\System32\DriverStore\FileRepository\iigd_dch.inf_amd64_9ce4d8a46710e0e5\igc64.dll
0x00007ffe0daa0000 - 0x00007ffe0dace000 	C:\windows\SYSTEM32\D3DSCache.dll
0x00007ffe146a0000 - 0x00007ffe146cb000 	C:\windows\SYSTEM32\USERENV.dll
0x00007ffe108d0000 - 0x00007ffe10afa000 	C:\windows\SYSTEM32\dcomp.dll
0x00007ffe101d0000 - 0x00007ffe101e9000 	C:\windows\SYSTEM32\Microsoft.Internal.WarpPal.dll
0x00007ffd32f90000 - 0x00007ffd3340e000 	C:\Users\gagek\AppData\Roaming\ow-electron\jilehohlakeokncafogkgnicgndeecdiengddbcc\packages\emifmpeaagaaglhaimndbhcpkjfmjhfnjjpoibdo\1.8.21\owe-client-x64.dll
0x00007ffe141c0000 - 0x00007ffe141f6000 	C:\windows\SYSTEM32\ntmarta.dll
0x00007ffe10f50000 - 0x00007ffe11075000 	C:\windows\SYSTEM32\CoreMessaging.dll
0x00007ffe08f90000 - 0x00007ffe09273000 	C:\windows\SYSTEM32\CoreUIComponents.dll
0x00007ffe14840000 - 0x00007ffe1484c000 	C:\windows\SYSTEM32\CRYPTBASE.DLL
0x00007ffe149e0000 - 0x00007ffe149fb000 	C:\windows\SYSTEM32\CRYPTSP.dll
0x00007ffe13ff0000 - 0x00007ffe1402b000 	C:\windows\system32\rsaenh.dll
0x00007ffe13a20000 - 0x00007ffe13a53000 	C:\windows\SYSTEM32\IPHLPAPI.DLL
0x00007ffe17800000 - 0x00007ffe1780a000 	C:\windows\System32\NSI.dll
0x000002a965070000 - 0x000002a965086000 	C:\MinecraftAlphaDev\libraries\natives\jinput-dx8_64.dll
0x00007ffdbe950000 - 0x00007ffdbe99b000 	C:\windows\SYSTEM32\DINPUT8.dll
0x00007ffdfd840000 - 0x00007ffdfda22000 	C:\windows\SYSTEM32\inputhost.dll
0x00007ffe13760000 - 0x00007ffe1376f000 	C:\windows\SYSTEM32\HID.DLL
0x00007ffe17d50000 - 0x00007ffe181d6000 	C:\windows\System32\SETUPAPI.DLL
0x00007ffe14f70000 - 0x00007ffe14f9d000 	C:\windows\SYSTEM32\DEVOBJ.dll
0x000002a9659a0000 - 0x000002a965a24000 	C:\windows\System32\WINTRUST.dll
0x00007ffe15ce0000 - 0x00007ffe15e57000 	C:\windows\System32\CRYPT32.dll
0x00007ffe14a50000 - 0x00007ffe14a63000 	C:\windows\SYSTEM32\MSASN1.dll
0x000002a965920000 - 0x000002a965934000 	C:\MinecraftAlphaDev\libraries\natives\jinput-raw_64.dll
0x000002a965aa0000 - 0x000002a965b04000 	C:\MinecraftAlphaDev\libraries\natives\OpenAL64.dll
0x00007ffe0c5a0000 - 0x00007ffe0c642000 	C:\windows\System32\MMDevApi.dll
0x00007ffdbde50000 - 0x00007ffdbdee4000 	C:\windows\SYSTEM32\dsound.dll
0x00007ffdb5d70000 - 0x00007ffdb5e21000 	C:\windows\SYSTEM32\ResampleDmo.DLL
0x00007ffd98640000 - 0x00007ffd98671000 	C:\windows\SYSTEM32\winmmbase.dll
0x00007ffdfcc60000 - 0x00007ffdfcc6e000 	C:\windows\SYSTEM32\msdmo.dll
0x00007ffdfa140000 - 0x00007ffdfa302000 	C:\windows\SYSTEM32\AUDIOSES.DLL
0x00007ffe11ae0000 - 0x00007ffe11af4000 	C:\windows\SYSTEM32\resourcepolicyclient.dll
0x00007ffe13a60000 - 0x00007ffe13b86000 	C:\windows\SYSTEM32\DNSAPI.dll
0x00007ffe0e2e0000 - 0x00007ffe0e2eb000 	C:\Windows\System32\rasadhlp.dll
0x00007ffe0ec90000 - 0x00007ffe0ed16000 	C:\windows\System32\fwpuclnt.dll
0x00007ffe0db30000 - 0x00007ffe0db39000 	C:\Users\gagek\.p2\pool\plugins\org.eclipse.justj.openjdk.hotspot.jre.full.win32.x86_64_21.0.8.v20250724-1412\jre\bin\extnet.dll

JVMTI agents: none

dbghelp: loaded successfully - version: 4.0.5 - missing functions: none
symbol engine: initialized successfully - sym options: 0x614 - pdb path: .;C:\Users\gagek\.p2\pool\plugins\org.eclipse.justj.openjdk.hotspot.jre.full.win32.x86_64_21.0.8.v20250724-1412\jre\bin;C:\windows\SYSTEM32;C:\windows\WinSxS\amd64_microsoft.windows.common-controls_6595b64144ccf1df_6.0.26100.4768_none_3e0c112ce331287c;C:\Users\gagek\.p2\pool\plugins\org.eclipse.justj.openjdk.hotspot.jre.full.win32.x86_64_21.0.8.v20250724-1412\jre\bin\server;C:\MinecraftAlphaDev\libraries\natives;C:\windows\System32\DriverStore\FileRepository\iigd_dch.inf_amd64_9ce4d8a46710e0e5;C:\Users\gagek\AppData\Roaming\ow-electron\jilehohlakeokncafogkgnicgndeecdiengddbcc\packages\emifmpeaagaaglhaimndbhcpkjfmjhfnjjpoibdo\1.8.21

VM Arguments:
jvm_args: -Djava.library.path=C:\MinecraftAlphaDev\libraries\natives -Dfile.encoding=UTF-8 -Dstdout.encoding=UTF-8 -Dstderr.encoding=UTF-8 -XX:+ShowCodeDetailsInExceptionMessages 
java_command: net.minecraft.client.Minecraft
java_class_path (initial): C:\MinecraftAlphaDev\minecraft\output;C:\MinecraftAlphaDev\libraries\net\java\jinput\jinput\2.0.5\jinput-2.0.5.jar;C:\MinecraftAlphaDev\libraries\net\java\jutils\jutils\1.0.0\jutils-1.0.0.jar;C:\MinecraftAlphaDev\libraries\org\lwjgl\lwjgl\lwjgl\2.9.4-nightly-20150209\lwjgl-2.9.4-nightly-20150209.jar;C:\MinecraftAlphaDev\libraries\org\lwjgl\lwjgl\lwjgl_util\2.9.4-nightly-20150209\lwjgl_util-2.9.4-nightly-20150209.jar;C:\MinecraftAlphaDev\libraries\org\lwjgl\lwjgl\lwjgl-platform\2.9.4-nightly-20150209\lwjgl-platform-2.9.4-nightly-20150209.jar;C:\MinecraftAlphaDev\libraries\com\paulscode\codecjorbis\20230120\codecjorbis-20230120.jar;C:\MinecraftAlphaDev\libraries\com\paulscode\codecwav\20101023\codecwav-20101023.jar;C:\MinecraftAlphaDev\libraries\com\paulscode\libraryjavasound\20101123\libraryjavasound-20101123.jar;C:\MinecraftAlphaDev\libraries\com\paulscode\librarylwjglopenal\20100824\librarylwjglopenal-20100824.jar;C:\MinecraftAlphaDev\libraries\com\paulscode\soundsystem\20120107\soundsystem-20120107.jar;C:\MinecraftAlphaDev\libraries\org\mcphackers\launchwrapper\1.1.3\launchwrapper-1.1.3.jar;C:\MinecraftAlphaDev\libraries\org\json\json\20230311\json-20230311.jar;C:\MinecraftAlphaDev\libraries\org\ow2\asm\asm\9.7\asm-9.7.jar;C:\MinecraftAlphaDev\libraries\org\ow2\asm\asm-tree\9.7\asm-tree-9.7.jar;C:\MinecraftAlphaDev\minecraft\jars\deobfuscated.jar
Launcher Type: SUN_STANDARD

[Global flags]
     intx CICompilerCount                          = 4                                         {product} {ergonomic}
     uint ConcGCThreads                            = 3                                         {product} {ergonomic}
     uint G1ConcRefinementThreads                  = 11                                        {product} {ergonomic}
   size_t G1HeapRegionSize                         = 4194304                                   {product} {ergonomic}
    uintx GCDrainStackTargetSize                   = 64                                        {product} {ergonomic}
   size_t InitialHeapSize                          = 528482304                                 {product} {ergonomic}
   size_t MarkStackSize                            = 4194304                                   {product} {ergonomic}
   size_t MaxHeapSize                              = 8443133952                                {product} {ergonomic}
   size_t MaxNewSize                               = 5062524928                                {product} {ergonomic}
   size_t MinHeapDeltaBytes                        = 4194304                                   {product} {ergonomic}
   size_t MinHeapSize                              = 8388608                                   {product} {ergonomic}
    uintx NonNMethodCodeHeapSize                   = 5839372                                {pd product} {ergonomic}
    uintx NonProfiledCodeHeapSize                  = 122909434                              {pd product} {ergonomic}
    uintx ProfiledCodeHeapSize                     = 122909434                              {pd product} {ergonomic}
    uintx ReservedCodeCacheSize                    = 251658240                              {pd product} {ergonomic}
     bool SegmentedCodeCache                       = true                                      {product} {ergonomic}
     bool ShowCodeDetailsInExceptionMessages       = true                                   {manageable} {command line}
   size_t SoftMaxHeapSize                          = 8443133952                             {manageable} {ergonomic}
     bool UseCompressedOops                        = true                           {product lp64_product} {ergonomic}
     bool UseG1GC                                  = true                                      {product} {ergonomic}
     bool UseLargePagesIndividualAllocation        = false                                  {pd product} {ergonomic}

Logging:
Log output configuration:
 #0: 
[error occurred during error reporting (printing log configuration), id 0xc0000005, EXCEPTION_ACCESS_VIOLATION (0xc0000005) at pc=0x000002a979661030]
Environment Variables:
PATH=C:/Users/gagek/.p2/pool/plugins/org.eclipse.justj.openjdk.hotspot.jre.full.win32.x86_64_21.0.8.v20250724-1412/jre/bin/server;C:/Users/gagek/.p2/pool/plugins/org.eclipse.justj.openjdk.hotspot.jre.full.win32.x86_64_21.0.8.v20250724-1412/jre/bin;C:\Program Files\Zulu\zulu-21\bin\;C:\Program Files (x86)\Common Files\Oracle\Java\java8path;C:\Program Files (x86)\Common Files\Oracle\Java\javapath;C:\Program Files\Oculus\Support\oculus-runtime;c:\devkitPro\msys2\usr\bin;C:\windows\system32;C:\windows;C:\windows\System32\Wbem;C:\windows\System32\WindowsPowerShell\v1.0\;C:\windows\System32\OpenSSH\;C:\Program Files\HP\HP One Agent;C:\Program Files\dotnet\;C:\Program Files (x86)\Microsoft SQL Server\160\Tools\Binn\;C:\Program Files\Microsoft SQL Server\160\Tools\Binn\;C:\Program Files\Microsoft SQL Server\Client SDK\ODBC\170\Tools\Binn\;C:\Program Files\Microsoft SQL Server\160\DTS\Binn\;C:\Program Files (x86)\Windows Kits\8.1\Windows Performance Toolkit\;C:\Program Files\Docker\Docker\resources\bin;C:\Program Files (x86)\Gpg4win\..\GnuPG\bin;C:\Users\gagek\AppData\Local\Microsoft\WindowsApps;C:\Users\gagek\AppData\Local\Programs\Microsoft VS Code\bin;C:\msys64\mingw64\bin;C:\Users\gagek\.aftman\bin;C:\Users\gagek\AppData\Local\GitHubDesktop\bin;C:\Users\gagek\AppData\Local\Muse Hub\lib;C:\Users\gagek\OneDrive\Desktop;
USERNAME=gagek
OS=Windows_NT
PROCESSOR_IDENTIFIER=Intel64 Family 6 Model 170 Stepping 4, GenuineIntel
TMP=C:\Users\gagek\AppData\Local\Temp
TEMP=C:\Users\gagek\AppData\Local\Temp




Periodic native trim disabled

---------------  S Y S T E M  ---------------

OS:
 Windows 11 , 64 bit Build 26100 (10.0.26100.4768)
OS uptime: 5 days 5:41 hours
Hyper-V role detected

CPU: total 14 (initial active 14) (7 cores per cpu, 2 threads per core) family 6 model 170 stepping 4 microcode 0x1f, cx8, cmov, fxsr, ht, mmx, 3dnowpref, sse, sse2, sse3, ssse3, sse4.1, sse4.2, popcnt, lzcnt, tsc, tscinvbit, avx, avx2, aes, erms, clmul, bmi1, bmi2, adx, sha, fma, vzeroupper, clflush, clflushopt, clwb, hv, serialize, rdtscp, rdpid, fsrm, f16c, cet_ibt, cet_ss
Processor Information for processor 0
  Max Mhz: 1700, Current Mhz: 1700, Mhz Limit: 1700
Processor Information for processor 1
  Max Mhz: 1700, Current Mhz: 1700, Mhz Limit: 1700
Processor Information for processor 2
  Max Mhz: 1200, Current Mhz: 1200, Mhz Limit: 1200
Processor Information for processor 3
  Max Mhz: 1200, Current Mhz: 1200, Mhz Limit: 1200
Processor Information for processor 4
  Max Mhz: 1200, Current Mhz: 1200, Mhz Limit: 1200
Processor Information for processor 5
  Max Mhz: 1200, Current Mhz: 1200, Mhz Limit: 1200
Processor Information for processor 6
  Max Mhz: 1200, Current Mhz: 1200, Mhz Limit: 1200
Processor Information for processor 7
  Max Mhz: 1200, Current Mhz: 1200, Mhz Limit: 1200
Processor Information for processor 8
  Max Mhz: 1200, Current Mhz: 1200, Mhz Limit: 1200
Processor Information for processor 9
  Max Mhz: 1200, Current Mhz: 1200, Mhz Limit: 1200
Processor Information for processor 10
  Max Mhz: 1700, Current Mhz: 1700, Mhz Limit: 1700
Processor Information for processor 11
  Max Mhz: 1700, Current Mhz: 1700, Mhz Limit: 1700
Processor Information for processor 12
  Max Mhz: 700, Current Mhz: 700, Mhz Limit: 700
Processor Information for processor 13
  Max Mhz: 700, Current Mhz: 700, Mhz Limit: 700

Memory: 4k page, system-wide physical 32203M (12068M free)
TotalPageFile size 37835M (AvailPageFile size 8668M)
current process WorkingSet (physical memory assigned to process): 804M, peak: 813M
current process commit charge ("private bytes"): 848M, peak: 851M

vm_info: OpenJDK 64-Bit Server VM (21.0.8+9-LTS) for windows-amd64 JRE (21.0.8+9-LTS), built on 2025-07-15T00:00:00Z by "admin" with MS VC++ 17.7 (VS2022)

END.
