#
# A fatal error has been detected by the Java Runtime Environment:
#
#  EXCEPTION_ACCESS_VIOLATION (0xc0000005) at pc=0x00007ffd22318c80, pid=35784, tid=14132
#
# JRE version: OpenJDK Runtime Environment Temurin-21.0.8+9 (21.0.8+9) (build 21.0.8+9-LTS)
# Java VM: OpenJDK 64-Bit Server VM Temurin-21.0.8+9 (21.0.8+9-LTS, mixed mode, sharing, tiered, compressed oops, compressed class ptrs, g1 gc, windows-amd64)
# Problematic frame:
# C  [owe-client-x64.dll+0x3c8c80]
#
# No core dump will be written. Minidumps are not enabled by default on client versions of Windows
#
# If you would like to submit a bug report, please visit:
#   https://github.com/adoptium/adoptium-support/issues
#

---------------  S U M M A R Y ------------

Command Line: -Djava.library.path=C:\MinecraftAlphaDev\libraries\natives -Dfile.encoding=UTF-8 -Dstdout.encoding=UTF-8 -Dstderr.encoding=UTF-8 -XX:+ShowCodeDetailsInExceptionMessages net.minecraft.client.Minecraft

Host: Intel(R) Core(TM) Ultra 7 155U, 14 cores, 31G,  Windows 11 , 64 bit Build 26100 (10.0.26100.4768)
Time: Mon Sep  8 21:42:30 2025 Central Daylight Time elapsed time: 121.111923 seconds (0d 0h 2m 1s)

---------------  T H R E A D  ---------------

Current thread (0x0000011ef93c6700):  VMThread "VM Thread"          [id=14132, stack(0x0000001537700000,0x0000001537800000) (1024K)]

Stack: [0x0000001537700000,0x0000001537800000],  sp=0x00000015377fef48,  free space=1019k
Native frames: (J=compiled Java code, j=interpreted, Vv=VM code, C=native code)
C  [owe-client-x64.dll+0x3c8c80]


siginfo: EXCEPTION_ACCESS_VIOLATION (0xc0000005), data execution prevention violation at address 0x00007ffd22318c80


Registers:
RAX=0x00007ffd222be300, RBX=0x0000000000000000, RCX=0x0000011efe4f8b80, RDX=0x00007ffd22385018
RSP=0x00000015377fef48, RBP=0x00000015377ff440, RSI=0x00007ffd8fd90000, RDI=0x0000000000000001
R8 =0x0000011ed7c602c0, R9 =0x0000001536aed000, R10=0x00007ffe183eeea0, R11=0x0000011efe2abfd0
R12=0x0000000000000001, R13=0x00007ffd8fdebdf0, R14=0x0000000000000000, R15=0x00007ffd8fd90000
RIP=0x00007ffd22318c80, EFLAGS=0x0000000000010206

XMM[0]=0x0000000000000000 0x0000000000000000
XMM[1]=0x0000000000000000 0x0000000000000000
XMM[2]=0x0000000000000000 0x0000000000000000
XMM[3]=0x0000000000000000 0x0000000000000000
XMM[4]=0x0000000000000000 0x0000000000000000
XMM[5]=0x0000000000000000 0x0000000000000000
XMM[6]=0x0000000000000000 0x0000000000000000
XMM[7]=0x0000000000000000 0x404e000000000000
XMM[8]=0x0000000000000000 0x0000000000000000
XMM[9]=0x0000000000000000 0x0000000000000000
XMM[10]=0x0000000000000000 0x0000000000000000
XMM[11]=0x0000000000000000 0x0000000000000000
XMM[12]=0x0000000000000000 0x0000000000000000
XMM[13]=0x0000000000000000 0x0000000000000000
XMM[14]=0x0000000000000000 0x0000000000000000
XMM[15]=0x0000000000000000 0x0000000000000000
  MXCSR=0x00001fa2


Register to memory mapping:

RAX=0x00007ffd222be300 owe-client-x64.dll
RBX=0x0 is null
RCX=0x0000011efe4f8b80 points into unknown readable memory: 0x00007ffd222be300 | 00 e3 2b 22 fd 7f 00 00
RDX=0x00007ffd22385018 owe-client-x64.dll
RSP=0x00000015377fef48 points into unknown readable memory: 0x00007ffd2200ac99 | 99 ac 00 22 fd 7f 00 00
RBP=0x00000015377ff440 points into unknown readable memory: 0x0000011ef93be130 | 30 e1 3b f9 1e 01 00 00
RSI=0x00007ffd8fd90000 opengl32.dll
RDI=0x0000000000000001 is an unknown value
R8 =0x0000011ed7c602c0 points into unknown readable memory: 0x00007ffd340c5460 | 60 54 0c 34 fd 7f 00 00
R9 =0x0000001536aed000 points into unknown readable memory: 0x0000000000000000 | 00 00 00 00 00 00 00 00
R10=0x00007ffe183eeea0 ntdll.dll
R11=0x0000011efe2abfd0 points into unknown readable memory: 0x0000011efe2ac300 | 00 c3 2a fe 1e 01 00 00
R12=0x0000000000000001 is an unknown value
R13=0x00007ffd8fdebdf0 opengl32.dll
R14=0x0 is null
R15=0x00007ffd8fd90000 opengl32.dll

Top of Stack: (sp=0x00000015377fef48)
0x00000015377fef48:   00007ffd2200ac99 00007ffd2238c7b8
0x00000015377fef58:   00007ffd22385018 0000011efe4911c0
0x00000015377fef68:   0000000000000000 fffffffffffffffe
0x00000015377fef78:   00007ffd2200b0f7 0000011efe4f8b80
0x00000015377fef88:   00007ffd22385018 0000011ed814b170
0x00000015377fef98:   0000000000000000 0000000000000000
0x00000015377fefa8:   0000011efe4f8b80 00007ffd8fdebdf0
0x00000015377fefb8:   0000011efe4f36a0 0000011efe4c9f80
0x00000015377fefc8:   00007ffe182243e1 0000000000000001
0x00000015377fefd8:   00007ffd8fd9ca16 0000000000010000
0x00000015377fefe8:   0000011ed814b0d8 0000011efe2abfd0
0x00000015377feff8:   00007ffe18224273 0000000000000001
0x00000015377ff008:   00007ffd8fd9c7d0 00000015377ff440
0x00000015377ff018:   0000000000000000 00007ffd8fd90000
0x00000015377ff028:   0000000000000000 0000000000000000
0x00000015377ff038:   00007ffd8fd9c255 0000000000000000
0x00000015377ff048:   00000015377ff440 00007ffd8fd90000
0x00000015377ff058:   0000000000000000 0000000000000000
0x00000015377ff068:   00007ffd8fdebf19 0000000000000001
0x00000015377ff078:   00000015377ff440 00007ffe165b0000
0x00000015377ff088:   00007ffe15f988c0 0000001500000001
0x00000015377ff098:   00007ffe15eab8aa 00000015377f0101
0x00000015377ff0a8:   00000015377ff128 00000015377ff440
0x00000015377ff0b8:   00000000c0000005 00007ffe00000000
0x00000015377ff0c8:   00007ffe15eab84d 0000000000000001
0x00000015377ff0d8:   00007ffe15f125ec 00000015377ff440
0x00000015377ff0e8:   00000015377ff118 fffffffffffffffe
0x00000015377ff0f8:   00007ffe15eab84d 0000000000000001
0x00000015377ff108:   00007ffe16446693 00007ffe16512c60
0x00000015377ff118:   c00000050000000d ffffffff0000000d
0x00000015377ff128:   00000015377ff110 0000000000000000
0x00000015377ff138:   00007ffe1644633f 0000000000000000 

Instructions: (pc=0x00007ffd22318c80)
0x00007ffd22318b80:   00 00 00 00 00 00 00 00 00 00 00 00 00 00 00 00
0x00007ffd22318b90:   40 e5 42 00 01 00 00 00 00 00 00 00 ff ff ff ff
0x00007ffd22318ba0:   00 00 00 00 40 00 00 00 60 8b 3c 00 00 00 00 00
0x00007ffd22318bb0:   00 00 00 00 00 00 00 00 00 00 00 00 00 00 00 00
0x00007ffd22318bc0:   01 00 00 00 d0 8b 3c 00 00 00 00 00 00 00 00 00
0x00007ffd22318bd0:   e0 8b 3c 00 00 00 00 00 00 00 00 00 00 00 00 00
0x00007ffd22318be0:   e8 e5 42 00 00 00 00 00 00 00 00 00 ff ff ff ff
0x00007ffd22318bf0:   00 00 00 00 40 00 00 00 b8 8b 3c 00 00 00 00 00
0x00007ffd22318c00:   00 00 00 00 00 00 00 00 01 00 00 00 00 00 00 00
0x00007ffd22318c10:   00 00 00 00 18 e6 42 00 30 8c 3c 00 08 8c 3c 00
0x00007ffd22318c20:   00 00 00 00 00 00 00 00 00 00 00 00 00 00 00 00
0x00007ffd22318c30:   00 00 00 00 00 00 00 00 01 00 00 00 48 8c 3c 00
0x00007ffd22318c40:   00 00 00 00 00 00 00 00 58 8c 3c 00 00 00 00 00
0x00007ffd22318c50:   00 00 00 00 00 00 00 00 18 e6 42 00 00 00 00 00
0x00007ffd22318c60:   00 00 00 00 ff ff ff ff 00 00 00 00 40 00 00 00
0x00007ffd22318c70:   30 8c 3c 00 00 00 00 00 00 00 00 00 00 00 00 00
0x00007ffd22318c80:   01 00 00 00 00 00 00 00 00 00 00 00 40 e6 42 00
0x00007ffd22318c90:   a8 8c 3c 00 80 8c 3c 00 00 00 00 00 00 00 00 00
0x00007ffd22318ca0:   00 00 00 00 00 00 00 00 00 00 00 00 01 00 00 00
0x00007ffd22318cb0:   03 00 00 00 c0 8c 3c 00 00 00 00 00 00 00 00 00
0x00007ffd22318cc0:   e0 8c 3c 00 58 8c 3c 00 08 8d 3c 00 00 00 00 00
0x00007ffd22318cd0:   00 00 00 00 00 00 00 00 00 00 00 00 00 00 00 00
0x00007ffd22318ce0:   40 e6 42 00 02 00 00 00 00 00 00 00 ff ff ff ff
0x00007ffd22318cf0:   00 00 00 00 40 00 00 00 a8 8c 3c 00 00 00 00 00
0x00007ffd22318d00:   00 00 00 00 00 00 00 00 60 e6 42 00 00 00 00 00
0x00007ffd22318d10:   10 00 00 00 ff ff ff ff 00 00 00 00 40 00 00 00
0x00007ffd22318d20:   30 8d 3c 00 00 00 00 00 00 00 00 00 00 00 00 00
0x00007ffd22318d30:   00 00 00 00 00 00 00 00 01 00 00 00 48 8d 3c 00
0x00007ffd22318d40:   00 00 00 00 00 00 00 00 58 8d 3c 00 00 00 00 00
0x00007ffd22318d50:   00 00 00 00 00 00 00 00 60 e6 42 00 00 00 00 00
0x00007ffd22318d60:   00 00 00 00 ff ff ff ff 00 00 00 00 40 00 00 00
0x00007ffd22318d70:   30 8d 3c 00 00 00 00 00 00 00 00 00 00 00 00 00 


Stack slot to memory mapping:

stack at sp + 0 slots: 0x00007ffd2200ac99 owe-client-x64.dll
stack at sp + 1 slots: 0x00007ffd2238c7b8 owe-client-x64.dll
stack at sp + 2 slots: 0x00007ffd22385018 owe-client-x64.dll
stack at sp + 3 slots: 0x0000011efe4911c0 points into unknown readable memory: 0x00007ffe166d0150 | 50 01 6d 16 fe 7f 00 00
stack at sp + 4 slots: 0x0 is null
stack at sp + 5 slots: 0xfffffffffffffffe is an unknown value
stack at sp + 6 slots: 0x00007ffd2200b0f7 owe-client-x64.dll
stack at sp + 7 slots: 0x0000011efe4f8b80 points into unknown readable memory: 0x00007ffd222be300 | 00 e3 2b 22 fd 7f 00 00

VM_Operation (0x00000015385fe5a0): Exit, mode: safepoint, requested by thread 0x0000011efe43a470


---------------  P R O C E S S  ---------------

Threads class SMR info:
_java_thread_list=0x0000011ed0668c50, length=18, elements={
0x0000011ef93dcc10, 0x0000011ef93dd760, 0x0000011efe007a00, 0x0000011efe00b6f0,
0x0000011efe00fdf0, 0x0000011efe011850, 0x0000011efe013900, 0x0000011efe022820,
0x0000011efe15d140, 0x0000011efe167990, 0x0000011efe417930, 0x0000011efe418fd0,
0x0000011efe43a470, 0x0000011efe464be0, 0x0000011eda25f570, 0x0000011ec6fb1a80,
0x0000011ec69c6480, 0x0000011ec688b970
}

Java Threads: ( => current thread )
  0x0000011ef93dcc10 JavaThread "Reference Handler"          daemon [_thread_blocked, id=34260, stack(0x0000001537800000,0x0000001537900000) (1024K)]
  0x0000011ef93dd760 JavaThread "Finalizer"                  daemon [_thread_blocked, id=32588, stack(0x0000001537900000,0x0000001537a00000) (1024K)]
  0x0000011efe007a00 JavaThread "Signal Dispatcher"          daemon [_thread_blocked, id=7860, stack(0x0000001537a00000,0x0000001537b00000) (1024K)]
  0x0000011efe00b6f0 JavaThread "Attach Listener"            daemon [_thread_blocked, id=41612, stack(0x0000001537b00000,0x0000001537c00000) (1024K)]
  0x0000011efe00fdf0 JavaThread "Service Thread"             daemon [_thread_blocked, id=17084, stack(0x0000001537c00000,0x0000001537d00000) (1024K)]
  0x0000011efe011850 JavaThread "Monitor Deflation Thread"   daemon [_thread_blocked, id=30144, stack(0x0000001537d00000,0x0000001537e00000) (1024K)]
  0x0000011efe013900 JavaThread "C2 CompilerThread0"         daemon [_thread_blocked, id=21184, stack(0x0000001537e00000,0x0000001537f00000) (1024K)]
  0x0000011efe022820 JavaThread "C1 CompilerThread0"         daemon [_thread_blocked, id=3828, stack(0x0000001537f00000,0x0000001538000000) (1024K)]
  0x0000011efe15d140 JavaThread "Notification Thread"        daemon [_thread_blocked, id=9912, stack(0x0000001538000000,0x0000001538100000) (1024K)]
  0x0000011efe167990 JavaThread "Common-Cleaner"             daemon [_thread_blocked, id=20620, stack(0x0000001538100000,0x0000001538200000) (1024K)]
  0x0000011efe417930 JavaThread "Java2D Disposer"            daemon [_thread_blocked, id=39288, stack(0x0000001538200000,0x0000001538300000) (1024K)]
  0x0000011efe418fd0 JavaThread "AWT-Shutdown"                      [_thread_blocked, id=26576, stack(0x0000001538300000,0x0000001538400000) (1024K)]
  0x0000011efe43a470 JavaThread "AWT-EventQueue-0"                  [_thread_blocked, id=24204, stack(0x0000001538500000,0x0000001538600000) (1024K)]
  0x0000011efe464be0 JavaThread "Timer hack thread"          daemon [_thread_blocked, id=38480, stack(0x0000001538600000,0x0000001538700000) (1024K)]
  0x0000011eda25f570 JavaThread "DestroyJavaVM"                     [_thread_blocked, id=5148, stack(0x0000001537000000,0x0000001537100000) (1024K)]
  0x0000011ec6fb1a80 JavaThread "Thread-2"                   daemon [_thread_in_native, id=19892, stack(0x0000001539300000,0x0000001539400000) (1024K)]
  0x0000011ec69c6480 JavaThread "Thread-3"                          [_thread_blocked, id=29836, stack(0x0000001539500000,0x0000001539600000) (1024K)]
  0x0000011ec688b970 JavaThread "Thread-4"                          [_thread_blocked, id=27488, stack(0x0000001539600000,0x0000001539700000) (1024K)]
Total: 18

Other Threads:
=>0x0000011ef93c6700 VMThread "VM Thread"                           [id=14132, stack(0x0000001537700000,0x0000001537800000) (1024K)]
  0x0000011eda301150 WorkerThread "GC Thread#0"                     [id=24740, stack(0x0000001537100000,0x0000001537200000) (1024K)]
  0x0000011ec1aad850 WorkerThread "GC Thread#1"                     [id=5484, stack(0x0000001539c00000,0x0000001539d00000) (1024K)]
  0x0000011ec1aadbf0 WorkerThread "GC Thread#2"                     [id=20156, stack(0x0000001539d00000,0x0000001539e00000) (1024K)]
  0x0000011ec1aadf90 WorkerThread "GC Thread#3"                     [id=25284, stack(0x0000001539e00000,0x0000001539f00000) (1024K)]
  0x0000011ec1aae330 WorkerThread "GC Thread#4"                     [id=39144, stack(0x0000001539f00000,0x000000153a000000) (1024K)]
  0x0000011ec1aae6d0 WorkerThread "GC Thread#5"                     [id=35480, stack(0x000000153a000000,0x000000153a100000) (1024K)]
  0x0000011ec16f7e30 WorkerThread "GC Thread#6"                     [id=35640, stack(0x000000153a100000,0x000000153a200000) (1024K)]
  0x0000011ec16f7350 WorkerThread "GC Thread#7"                     [id=26392, stack(0x000000153a200000,0x000000153a300000) (1024K)]
  0x0000011ec16f64d0 WorkerThread "GC Thread#8"                     [id=3908, stack(0x000000153a300000,0x000000153a400000) (1024K)]
  0x0000011ec16f6870 WorkerThread "GC Thread#9"                     [id=40404, stack(0x000000153a400000,0x000000153a500000) (1024K)]
  0x0000011ec16f6c10 WorkerThread "GC Thread#10"                    [id=38896, stack(0x000000153a500000,0x000000153a600000) (1024K)]
  0x0000011eda311cc0 ConcurrentGCThread "G1 Main Marker"            terminated
  0x0000011eda3127c0 WorkerThread "G1 Conc#0"                       [id=31912, stack(0x0000001537300000,0x0000001537400000) (1024K)]
  0x0000011ec16f6fb0 WorkerThread "G1 Conc#1"                       [id=7212, stack(0x0000001539000000,0x0000001539100000) (1024K)]
  0x0000011ec16f7a90 WorkerThread "G1 Conc#2"                       [id=21948, stack(0x0000001539a00000,0x0000001539b00000) (1024K)]
  0x0000011ef927d770 ConcurrentGCThread "G1 Refine#0"               terminated
  0x0000011ef927e2e0 ConcurrentGCThread "G1 Service"                terminated
Total: 18

Threads with active compile tasks:
Total: 0

VM state: at safepoint (shutting down)

VM Mutex/Monitor currently owned by a thread:  ([mutex/lock_event])
[0x00007ffd340c5458] Threads_lock - owner thread: 0x0000011ef93c6700
[0x00007ffd340c5558] Heap_lock - owner thread: 0x0000011efe43a470

Heap address: 0x0000000608c00000, size: 8052 MB, Compressed Oops mode: Zero based, Oop shift amount: 3

CDS archive(s) mapped at: [0x0000011e80000000-0x0000011e80c80000-0x0000011e80c80000), size 13107200, SharedBaseAddress: 0x0000011e80000000, ArchiveRelocationMode: 1.
Compressed class space mapped at: 0x0000011e81000000-0x0000011ec1000000, reserved size: 1073741824
Narrow klass base: 0x0000011e80000000, Narrow klass shift: 0, Narrow klass range: 0x100000000

GC Precious Log:
 CardTable entry size: 512
 Card Set container configuration: InlinePtr #cards 4 size 8 Array Of Cards #cards 32 size 80 Howl #buckets 8 coarsen threshold 7372 Howl Bitmap #cards 1024 size 144 coarsen threshold 921 Card regions per heap region 1 cards per card region 8192
 CPUs: 14 total, 14 available
 Memory: 32203M
 Large Page Support: Disabled
 NUMA Support: Disabled
 Compressed Oops: Enabled (Zero based)
 Heap Region Size: 4M
 Heap Min Capacity: 8M
 Heap Initial Capacity: 504M
 Heap Max Capacity: 8052M
 Pre-touch: Disabled
 Parallel Workers: 11
 Concurrent Workers: 3
 Concurrent Refinement Workers: 11
 Periodic GC: Disabled

Heap:
 garbage-first heap   total 192512K, used 57382K [0x0000000608c00000, 0x0000000800000000)
  region size 4096K, 2 young (8192K), 0 survivors (0K)
 Metaspace       used 13380K, committed 13696K, reserved 1114112K
  class space    used 1247K, committed 1408K, reserved 1048576K

Heap Regions: E=young(eden), S=young(survivor), O=old, HS=humongous(starts), HC=humongous(continues), CS=collection set, F=free, TAMS=top-at-mark-start, PB=parsable bottom
|   0|0x0000000608c00000, 0x0000000609000000, 0x0000000609000000|100%|HS|  |TAMS 0x0000000608c00000| PB 0x0000000608c00000| Untracked 
|   1|0x0000000609000000, 0x0000000609400000, 0x0000000609400000|100%|HC|  |TAMS 0x0000000609000000| PB 0x0000000609000000| Untracked 
|   2|0x0000000609400000, 0x0000000609800000, 0x0000000609800000|100%|HC|  |TAMS 0x0000000609400000| PB 0x0000000609400000| Untracked 
|   3|0x0000000609800000, 0x0000000609bffff0, 0x0000000609c00000| 99%| O|  |TAMS 0x0000000609800000| PB 0x0000000609800000| Untracked 
|   4|0x0000000609c00000, 0x000000060a000000, 0x000000060a000000|100%| O|  |TAMS 0x0000000609c00000| PB 0x0000000609c00000| Untracked 
|   5|0x000000060a000000, 0x000000060a3cb710, 0x000000060a400000| 94%| O|  |TAMS 0x000000060a000000| PB 0x000000060a000000| Untracked 
|   6|0x000000060a400000, 0x000000060a800000, 0x000000060a800000|100%| O|  |TAMS 0x000000060a400000| PB 0x000000060a400000| Untracked 
|   7|0x000000060a800000, 0x000000060ac00000, 0x000000060ac00000|100%| O|  |TAMS 0x000000060a800000| PB 0x000000060a800000| Untracked 
|   8|0x000000060ac00000, 0x000000060b000000, 0x000000060b000000|100%| O|  |TAMS 0x000000060ac00000| PB 0x000000060ac00000| Untracked 
|   9|0x000000060b000000, 0x000000060b400000, 0x000000060b400000|100%| O|  |TAMS 0x000000060b000000| PB 0x000000060b000000| Untracked 
|  10|0x000000060b400000, 0x000000060b7a4368, 0x000000060b800000| 91%| O|  |TAMS 0x000000060b400000| PB 0x000000060b400000| Untracked 
|  11|0x000000060b800000, 0x000000060bbddc00, 0x000000060bc00000| 96%| O|  |TAMS 0x000000060b800000| PB 0x000000060b800000| Untracked 
|  12|0x000000060bc00000, 0x000000060bdc43d8, 0x000000060c000000| 44%| O|  |TAMS 0x000000060bc00000| PB 0x000000060bc00000| Untracked 
|  13|0x000000060c000000, 0x000000060c2f80c0, 0x000000060c400000| 74%| O|  |TAMS 0x000000060c000000| PB 0x000000060c000000| Untracked 
|  14|0x000000060c400000, 0x000000060c400000, 0x000000060c800000|  0%| F|  |TAMS 0x000000060c400000| PB 0x000000060c400000| Untracked 
|  15|0x000000060c800000, 0x000000060c800000, 0x000000060cc00000|  0%| F|  |TAMS 0x000000060c800000| PB 0x000000060c800000| Untracked 
|  16|0x000000060cc00000, 0x000000060cc00000, 0x000000060d000000|  0%| F|  |TAMS 0x000000060cc00000| PB 0x000000060cc00000| Untracked 
|  17|0x000000060d000000, 0x000000060d000000, 0x000000060d400000|  0%| F|  |TAMS 0x000000060d000000| PB 0x000000060d000000| Untracked 
|  18|0x000000060d400000, 0x000000060d400000, 0x000000060d800000|  0%| F|  |TAMS 0x000000060d400000| PB 0x000000060d400000| Untracked 
|  19|0x000000060d800000, 0x000000060d800000, 0x000000060dc00000|  0%| F|  |TAMS 0x000000060d800000| PB 0x000000060d800000| Untracked 
|  20|0x000000060dc00000, 0x000000060dc00000, 0x000000060e000000|  0%| F|  |TAMS 0x000000060dc00000| PB 0x000000060dc00000| Untracked 
|  21|0x000000060e000000, 0x000000060e000000, 0x000000060e400000|  0%| F|  |TAMS 0x000000060e000000| PB 0x000000060e000000| Untracked 
|  22|0x000000060e400000, 0x000000060e400000, 0x000000060e800000|  0%| F|  |TAMS 0x000000060e400000| PB 0x000000060e400000| Untracked 
|  23|0x000000060e800000, 0x000000060e800000, 0x000000060ec00000|  0%| F|  |TAMS 0x000000060e800000| PB 0x000000060e800000| Untracked 
|  24|0x000000060ec00000, 0x000000060ec00000, 0x000000060f000000|  0%| F|  |TAMS 0x000000060ec00000| PB 0x000000060ec00000| Untracked 
|  25|0x000000060f000000, 0x000000060f000000, 0x000000060f400000|  0%| F|  |TAMS 0x000000060f000000| PB 0x000000060f000000| Untracked 
|  26|0x000000060f400000, 0x000000060f400000, 0x000000060f800000|  0%| F|  |TAMS 0x000000060f400000| PB 0x000000060f400000| Untracked 
|  27|0x000000060f800000, 0x000000060f800000, 0x000000060fc00000|  0%| F|  |TAMS 0x000000060f800000| PB 0x000000060f800000| Untracked 
|  28|0x000000060fc00000, 0x000000060fc00000, 0x0000000610000000|  0%| F|  |TAMS 0x000000060fc00000| PB 0x000000060fc00000| Untracked 
|  29|0x0000000610000000, 0x0000000610000000, 0x0000000610400000|  0%| F|  |TAMS 0x0000000610000000| PB 0x0000000610000000| Untracked 
|  30|0x0000000610400000, 0x0000000610400000, 0x0000000610800000|  0%| F|  |TAMS 0x0000000610400000| PB 0x0000000610400000| Untracked 
|  31|0x0000000610800000, 0x0000000610800000, 0x0000000610c00000|  0%| F|  |TAMS 0x0000000610800000| PB 0x0000000610800000| Untracked 
|  32|0x0000000610c00000, 0x0000000610c00000, 0x0000000611000000|  0%| F|  |TAMS 0x0000000610c00000| PB 0x0000000610c00000| Untracked 
|  33|0x0000000611000000, 0x0000000611000000, 0x0000000611400000|  0%| F|  |TAMS 0x0000000611000000| PB 0x0000000611000000| Untracked 
|  34|0x0000000611400000, 0x0000000611400000, 0x0000000611800000|  0%| F|  |TAMS 0x0000000611400000| PB 0x0000000611400000| Untracked 
|  35|0x0000000611800000, 0x0000000611800000, 0x0000000611c00000|  0%| F|  |TAMS 0x0000000611800000| PB 0x0000000611800000| Untracked 
|  36|0x0000000611c00000, 0x0000000611c00000, 0x0000000612000000|  0%| F|  |TAMS 0x0000000611c00000| PB 0x0000000611c00000| Untracked 
|  37|0x0000000612000000, 0x0000000612000000, 0x0000000612400000|  0%| F|  |TAMS 0x0000000612000000| PB 0x0000000612000000| Untracked 
|  38|0x0000000612400000, 0x0000000612400000, 0x0000000612800000|  0%| F|  |TAMS 0x0000000612400000| PB 0x0000000612400000| Untracked 
|  39|0x0000000612800000, 0x0000000612800000, 0x0000000612c00000|  0%| F|  |TAMS 0x0000000612800000| PB 0x0000000612800000| Untracked 
|  40|0x0000000612c00000, 0x0000000612c00000, 0x0000000613000000|  0%| F|  |TAMS 0x0000000612c00000| PB 0x0000000612c00000| Untracked 
|  41|0x0000000613000000, 0x0000000613000000, 0x0000000613400000|  0%| F|  |TAMS 0x0000000613000000| PB 0x0000000613000000| Untracked 
|  42|0x0000000613400000, 0x0000000613400000, 0x0000000613800000|  0%| F|  |TAMS 0x0000000613400000| PB 0x0000000613400000| Untracked 
|  43|0x0000000613800000, 0x0000000613800000, 0x0000000613c00000|  0%| F|  |TAMS 0x0000000613800000| PB 0x0000000613800000| Untracked 
|  44|0x0000000613c00000, 0x0000000613c00000, 0x0000000614000000|  0%| F|  |TAMS 0x0000000613c00000| PB 0x0000000613c00000| Untracked 
|  45|0x0000000614000000, 0x000000061428f658, 0x0000000614400000| 64%| E|  |TAMS 0x0000000614000000| PB 0x0000000614000000| Complete 
|  46|0x0000000614400000, 0x0000000614800000, 0x0000000614800000|100%| E|CS|TAMS 0x0000000614400000| PB 0x0000000614400000| Complete 

Card table byte_map: [0x0000011eee230000,0x0000011eef1f0000] _byte_map_base: 0x0000011eeb1ea000

Marking Bits: (CMBitMap*) 0x0000011eda301850
 Bits: [0x0000011eef1f0000, 0x0000011ef6fc0000)

Polling page: 0x0000011ed80a0000

Metaspace:

Usage:
  Non-class:     11.85 MB used.
      Class:      1.22 MB used.
       Both:     13.07 MB used.

Virtual space:
  Non-class space:       64.00 MB reserved,      12.00 MB ( 19%) committed,  1 nodes.
      Class space:        1.00 GB reserved,       1.38 MB ( <1%) committed,  1 nodes.
             Both:        1.06 GB reserved,      13.38 MB (  1%) committed. 

Chunk freelists:
   Non-Class:  4.05 MB
       Class:  14.61 MB
        Both:  18.66 MB

MaxMetaspaceSize: unlimited
CompressedClassSpaceSize: 1.00 GB
Initial GC threshold: 21.00 MB
Current GC threshold: 22.12 MB
CDS: on
 - commit_granule_bytes: 65536.
 - commit_granule_words: 8192.
 - virtual_space_node_default_size: 8388608.
 - enlarge_chunks_in_place: 1.
 - use_allocation_guard: 0.


Internal statistics:

num_allocs_failed_limit: 0.
num_arena_births: 204.
num_arena_deaths: 0.
num_vsnodes_births: 2.
num_vsnodes_deaths: 0.
num_space_committed: 212.
num_space_uncommitted: 0.
num_chunks_returned_to_freelist: 0.
num_chunks_taken_from_freelist: 442.
num_chunk_merges: 0.
num_chunk_splits: 268.
num_chunks_enlarged: 152.
num_inconsistent_stats: 0.

CodeHeap 'non-profiled nmethods': size=120000Kb used=2217Kb max_used=2217Kb free=117782Kb
 bounds [0x0000011ee56d0000, 0x0000011ee5940000, 0x0000011eecc00000]
CodeHeap 'profiled nmethods': size=120000Kb used=4697Kb max_used=4697Kb free=115302Kb
 bounds [0x0000011eddc00000, 0x0000011ede0a0000, 0x0000011ee5130000]
CodeHeap 'non-nmethods': size=5760Kb used=1728Kb max_used=1789Kb free=4031Kb
 bounds [0x0000011ee5130000, 0x0000011ee53a0000, 0x0000011ee56d0000]
CodeCache: size=245760Kb, used=8642Kb, max_used=8703Kb, free=237115Kb
 total_blobs=3503, nmethods=2736, adapters=671, full_count=0
Compilation: enabled, stopped_count=0, restarted_count=0

Compilation events (20 events):
Event: 118.874 Thread 0x0000011efe022820 3024       3       net.minecraft.src.GuiButton::drawButton (419 bytes)
Event: 118.875 Thread 0x0000011efe022820 nmethod 3024 0x0000011edde63010 code [0x0000011edde63360, 0x0000011edde63e30]
Event: 119.173 Thread 0x0000011efe022820 3025       3       java.nio.ByteBuffer::clear (5 bytes)
Event: 119.174 Thread 0x0000011efe022820 nmethod 3025 0x0000011eddebce90 code [0x0000011eddebd040, 0x0000011eddebd208]
Event: 119.219 Thread 0x0000011efe022820 3026       3       java.nio.HeapByteBuffer::putLong (32 bytes)
Event: 119.220 Thread 0x0000011efe022820 nmethod 3026 0x0000011eddd8c510 code [0x0000011eddd8c780, 0x0000011eddd8d1b8]
Event: 119.220 Thread 0x0000011efe022820 3027   !   3       jdk.internal.misc.ScopedMemoryAccess::putLongUnaligned (23 bytes)
Event: 119.220 Thread 0x0000011efe022820 nmethod 3027 0x0000011edde62510 code [0x0000011edde62700, 0x0000011edde62c58]
Event: 119.220 Thread 0x0000011efe022820 3028   !   3       jdk.internal.misc.ScopedMemoryAccess::putLongUnalignedInternal (37 bytes)
Event: 119.220 Thread 0x0000011efe022820 nmethod 3028 0x0000011eddd8bd90 code [0x0000011eddd8bf60, 0x0000011eddd8c338]
Event: 119.323 Thread 0x0000011efe022820 3029       3       java.nio.HeapByteBuffer::getLong (30 bytes)
Event: 119.323 Thread 0x0000011efe022820 nmethod 3029 0x0000011eddd8ad10 code [0x0000011eddd8af80, 0x0000011eddd8b970]
Event: 119.324 Thread 0x0000011efe022820 3030   !   3       jdk.internal.misc.ScopedMemoryAccess::getLongUnaligned (18 bytes)
Event: 119.324 Thread 0x0000011efe022820 nmethod 3030 0x0000011eddd8a310 code [0x0000011eddd8a500, 0x0000011eddd8aa18]
Event: 119.324 Thread 0x0000011efe022820 3031   !   3       jdk.internal.misc.ScopedMemoryAccess::getLongUnalignedInternal (36 bytes)
Event: 119.324 Thread 0x0000011efe022820 nmethod 3031 0x0000011eddd89910 code [0x0000011eddd89ae0, 0x0000011eddd89e90]
Event: 119.375 Thread 0x0000011efe022820 3032   !   3       org.lwjgl.input.Mouse::getEventX (17 bytes)
Event: 119.376 Thread 0x0000011efe022820 nmethod 3032 0x0000011eddedf010 code [0x0000011eddedf1c0, 0x0000011eddedf358]
Event: 119.376 Thread 0x0000011efe022820 3033   !   3       org.lwjgl.input.Mouse::getEventY (17 bytes)
Event: 119.376 Thread 0x0000011efe022820 nmethod 3033 0x0000011ede096e10 code [0x0000011ede096fc0, 0x0000011ede097158]

GC Heap History (20 events):
Event: 3.294 GC heap before
{Heap before GC invocations=0 (full 0):
 garbage-first heap   total 516096K, used 32768K [0x0000000608c00000, 0x0000000800000000)
  region size 4096K, 6 young (24576K), 0 survivors (0K)
 Metaspace       used 11852K, committed 12096K, reserved 1114112K
  class space    used 1156K, committed 1280K, reserved 1048576K
}
Event: 3.305 GC heap after
{Heap after GC invocations=1 (full 0):
 garbage-first heap   total 516096K, used 17664K [0x0000000608c00000, 0x0000000800000000)
  region size 4096K, 1 young (4096K), 1 survivors (4096K)
 Metaspace       used 11852K, committed 12096K, reserved 1114112K
  class space    used 1156K, committed 1280K, reserved 1048576K
}
Event: 5.856 GC heap before
{Heap before GC invocations=1 (full 0):
 garbage-first heap   total 516096K, used 17664K [0x0000000608c00000, 0x0000000800000000)
  region size 4096K, 2 young (8192K), 1 survivors (4096K)
 Metaspace       used 12399K, committed 12672K, reserved 1114112K
  class space    used 1201K, committed 1344K, reserved 1048576K
}
Event: 5.874 GC heap after
{Heap after GC invocations=2 (full 1):
 garbage-first heap   total 69632K, used 17421K [0x0000000608c00000, 0x0000000800000000)
  region size 4096K, 0 young (0K), 0 survivors (0K)
 Metaspace       used 12399K, committed 12672K, reserved 1114112K
  class space    used 1201K, committed 1344K, reserved 1048576K
}
Event: 5.876 GC heap before
{Heap before GC invocations=2 (full 1):
 garbage-first heap   total 69632K, used 17421K [0x0000000608c00000, 0x0000000800000000)
  region size 4096K, 0 young (0K), 0 survivors (0K)
 Metaspace       used 12399K, committed 12672K, reserved 1114112K
  class space    used 1201K, committed 1344K, reserved 1048576K
}
Event: 5.898 GC heap after
{Heap after GC invocations=3 (full 2):
 garbage-first heap   total 69632K, used 17420K [0x0000000608c00000, 0x0000000800000000)
  region size 4096K, 0 young (0K), 0 survivors (0K)
 Metaspace       used 12399K, committed 12672K, reserved 1114112K
  class space    used 1201K, committed 1344K, reserved 1048576K
}
Event: 10.087 GC heap before
{Heap before GC invocations=3 (full 2):
 garbage-first heap   total 69632K, used 33804K [0x0000000608c00000, 0x0000000800000000)
  region size 4096K, 5 young (20480K), 0 survivors (0K)
 Metaspace       used 12570K, committed 12800K, reserved 1114112K
  class space    used 1212K, committed 1344K, reserved 1048576K
}
Event: 10.098 GC heap after
{Heap after GC invocations=4 (full 2):
 garbage-first heap   total 69632K, used 35476K [0x0000000608c00000, 0x0000000800000000)
  region size 4096K, 1 young (4096K), 1 survivors (4096K)
 Metaspace       used 12570K, committed 12800K, reserved 1114112K
  class space    used 1212K, committed 1344K, reserved 1048576K
}
Event: 10.658 GC heap before
{Heap before GC invocations=4 (full 2):
 garbage-first heap   total 69632K, used 39572K [0x0000000608c00000, 0x0000000800000000)
  region size 4096K, 2 young (8192K), 1 survivors (4096K)
 Metaspace       used 12589K, committed 12800K, reserved 1114112K
  class space    used 1212K, committed 1344K, reserved 1048576K
}
Event: 10.662 GC heap after
{Heap after GC invocations=5 (full 2):
 garbage-first heap   total 69632K, used 39232K [0x0000000608c00000, 0x0000000800000000)
  region size 4096K, 1 young (4096K), 1 survivors (4096K)
 Metaspace       used 12589K, committed 12800K, reserved 1114112K
  class space    used 1212K, committed 1344K, reserved 1048576K
}
Event: 11.013 GC heap before
{Heap before GC invocations=6 (full 2):
 garbage-first heap   total 77824K, used 43328K [0x0000000608c00000, 0x0000000800000000)
  region size 4096K, 2 young (8192K), 1 survivors (4096K)
 Metaspace       used 12634K, committed 12864K, reserved 1114112K
  class space    used 1217K, committed 1344K, reserved 1048576K
}
Event: 11.017 GC heap after
{Heap after GC invocations=7 (full 2):
 garbage-first heap   total 77824K, used 42992K [0x0000000608c00000, 0x0000000800000000)
  region size 4096K, 1 young (4096K), 1 survivors (4096K)
 Metaspace       used 12634K, committed 12864K, reserved 1114112K
  class space    used 1217K, committed 1344K, reserved 1048576K
}
Event: 11.095 GC heap before
{Heap before GC invocations=7 (full 2):
 garbage-first heap   total 77824K, used 42992K [0x0000000608c00000, 0x0000000800000000)
  region size 4096K, 2 young (8192K), 1 survivors (4096K)
 Metaspace       used 12656K, committed 12928K, reserved 1114112K
  class space    used 1220K, committed 1344K, reserved 1048576K
}
Event: 11.130 GC heap after
{Heap after GC invocations=8 (full 3):
 garbage-first heap   total 77824K, used 43328K [0x0000000608c00000, 0x0000000800000000)
  region size 4096K, 0 young (0K), 0 survivors (0K)
 Metaspace       used 12656K, committed 12928K, reserved 1114112K
  class space    used 1220K, committed 1344K, reserved 1048576K
}
Event: 12.074 GC heap before
{Heap before GC invocations=8 (full 3):
 garbage-first heap   total 77824K, used 47424K [0x0000000608c00000, 0x0000000800000000)
  region size 4096K, 2 young (8192K), 0 survivors (0K)
 Metaspace       used 12846K, committed 13120K, reserved 1114112K
  class space    used 1232K, committed 1408K, reserved 1048576K
}
Event: 12.076 GC heap after
{Heap after GC invocations=9 (full 3):
 garbage-first heap   total 77824K, used 47381K [0x0000000608c00000, 0x0000000800000000)
  region size 4096K, 1 young (4096K), 1 survivors (4096K)
 Metaspace       used 12846K, committed 13120K, reserved 1114112K
  class space    used 1232K, committed 1408K, reserved 1048576K
}
Event: 12.731 GC heap before
{Heap before GC invocations=10 (full 3):
 garbage-first heap   total 81920K, used 47381K [0x0000000608c00000, 0x0000000800000000)
  region size 4096K, 2 young (8192K), 1 survivors (4096K)
 Metaspace       used 12957K, committed 13312K, reserved 1114112K
  class space    used 1236K, committed 1408K, reserved 1048576K
}
Event: 12.735 GC heap after
{Heap after GC invocations=11 (full 3):
 garbage-first heap   total 299008K, used 50479K [0x0000000608c00000, 0x0000000800000000)
  region size 4096K, 1 young (4096K), 1 survivors (4096K)
 Metaspace       used 12957K, committed 13312K, reserved 1114112K
  class space    used 1236K, committed 1408K, reserved 1048576K
}
Event: 16.955 GC heap before
{Heap before GC invocations=11 (full 3):
 garbage-first heap   total 299008K, used 58671K [0x0000000608c00000, 0x0000000800000000)
  region size 4096K, 4 young (16384K), 1 survivors (4096K)
 Metaspace       used 13298K, committed 13568K, reserved 1114112K
  class space    used 1246K, committed 1408K, reserved 1048576K
}
Event: 16.976 GC heap after
{Heap after GC invocations=12 (full 4):
 garbage-first heap   total 192512K, used 53286K [0x0000000608c00000, 0x0000000800000000)
  region size 4096K, 0 young (0K), 0 survivors (0K)
 Metaspace       used 13298K, committed 13568K, reserved 1114112K
  class space    used 1246K, committed 1408K, reserved 1048576K
}

Dll operation events (15 events):
Event: 0.013 Loaded shared library C:\Users\gagek\.p2\pool\plugins\org.eclipse.justj.openjdk.hotspot.jre.full.win32.x86_64_21.0.8.v20250724-1412\jre\bin\java.dll
Event: 0.059 Loaded shared library C:\Users\gagek\.p2\pool\plugins\org.eclipse.justj.openjdk.hotspot.jre.full.win32.x86_64_21.0.8.v20250724-1412\jre\bin\zip.dll
Event: 0.164 Loaded shared library C:\Users\gagek\.p2\pool\plugins\org.eclipse.justj.openjdk.hotspot.jre.full.win32.x86_64_21.0.8.v20250724-1412\jre\bin\net.dll
Event: 0.168 Loaded shared library C:\Users\gagek\.p2\pool\plugins\org.eclipse.justj.openjdk.hotspot.jre.full.win32.x86_64_21.0.8.v20250724-1412\jre\bin\nio.dll
Event: 0.174 Loaded shared library C:\Users\gagek\.p2\pool\plugins\org.eclipse.justj.openjdk.hotspot.jre.full.win32.x86_64_21.0.8.v20250724-1412\jre\bin\zip.dll
Event: 0.241 Loaded shared library C:\Users\gagek\.p2\pool\plugins\org.eclipse.justj.openjdk.hotspot.jre.full.win32.x86_64_21.0.8.v20250724-1412\jre\bin\jimage.dll
Event: 0.278 Loaded shared library C:\Users\gagek\.p2\pool\plugins\org.eclipse.justj.openjdk.hotspot.jre.full.win32.x86_64_21.0.8.v20250724-1412\jre\bin\awt.dll
Event: 0.525 Loaded shared library C:\Users\gagek\.p2\pool\plugins\org.eclipse.justj.openjdk.hotspot.jre.full.win32.x86_64_21.0.8.v20250724-1412\jre\bin\freetype.dll
Event: 0.527 Loaded shared library C:\Users\gagek\.p2\pool\plugins\org.eclipse.justj.openjdk.hotspot.jre.full.win32.x86_64_21.0.8.v20250724-1412\jre\bin\fontmanager.dll
Event: 0.801 Loaded shared library C:\Users\gagek\.p2\pool\plugins\org.eclipse.justj.openjdk.hotspot.jre.full.win32.x86_64_21.0.8.v20250724-1412\jre\bin\verify.dll
Event: 0.822 Loaded shared library C:\MinecraftAlphaDev\libraries\natives\lwjgl64.dll
Event: 0.852 Loaded shared library C:\Users\gagek\.p2\pool\plugins\org.eclipse.justj.openjdk.hotspot.jre.full.win32.x86_64_21.0.8.v20250724-1412\jre\bin\jawt.dll
Event: 2.176 Loaded shared library C:\MinecraftAlphaDev\libraries\natives\jinput-dx8_64.dll
Event: 2.405 Loaded shared library C:\MinecraftAlphaDev\libraries\natives\jinput-raw_64.dll
Event: 3.315 Loaded shared library C:\Users\gagek\.p2\pool\plugins\org.eclipse.justj.openjdk.hotspot.jre.full.win32.x86_64_21.0.8.v20250724-1412\jre\bin\extnet.dll

Deoptimization events (20 events):
Event: 23.570 Thread 0x0000011efe49ee00 DEOPT PACKING pc=0x0000011ee5748acc sp=0x00000015387ff340
Event: 23.570 Thread 0x0000011efe49ee00 DEOPT UNPACKING pc=0x0000011ee51846a2 sp=0x00000015387ff2b8 mode 2
Event: 30.875 Thread 0x0000011efe49ee00 DEOPT PACKING pc=0x0000011eddc193e4 sp=0x00000015387ff560
Event: 30.875 Thread 0x0000011efe49ee00 DEOPT UNPACKING pc=0x0000011ee5184e42 sp=0x00000015387fe9f0 mode 0
Event: 40.482 Thread 0x0000011efe49ee00 DEOPT PACKING pc=0x0000011eddefd7fb sp=0x00000015387ff550
Event: 40.482 Thread 0x0000011efe49ee00 DEOPT UNPACKING pc=0x0000011ee5184e42 sp=0x00000015387fe9d0 mode 0
Event: 48.014 Thread 0x0000011efe49ee00 DEOPT PACKING pc=0x0000011eddee244a sp=0x00000015387ff510
Event: 48.014 Thread 0x0000011efe49ee00 DEOPT UNPACKING pc=0x0000011ee5184e42 sp=0x00000015387fea00 mode 0
Event: 118.304 Thread 0x0000011efe43a470 Uncommon trap: trap_request=0xffffff45 fr.pc=0x0000011ee580ee40 relative=0x00000000000000a0
Event: 118.304 Thread 0x0000011efe43a470 Uncommon trap: reason=unstable_if action=reinterpret pc=0x0000011ee580ee40 method=java.util.ArrayList.indexOfRange(Ljava/lang/Object;II)I @ 45 c2
Event: 118.304 Thread 0x0000011efe43a470 DEOPT PACKING pc=0x0000011ee580ee40 sp=0x00000015385fe270
Event: 118.304 Thread 0x0000011efe43a470 DEOPT UNPACKING pc=0x0000011ee51846a2 sp=0x00000015385fe1e8 mode 2
Event: 118.305 Thread 0x0000011efe49ee00 Uncommon trap: trap_request=0xffffff45 fr.pc=0x0000011ee58dfe00 relative=0x0000000000001420
Event: 118.305 Thread 0x0000011efe49ee00 Uncommon trap: reason=unstable_if action=reinterpret pc=0x0000011ee58dfe00 method=org.lwjgl.opengl.WindowsDisplay.update()V @ 26 c2
Event: 118.305 Thread 0x0000011efe49ee00 DEOPT PACKING pc=0x0000011ee58dfe00 sp=0x00000015387ff620
Event: 118.305 Thread 0x0000011efe49ee00 DEOPT UNPACKING pc=0x0000011ee51846a2 sp=0x00000015387ff508 mode 2
Event: 118.838 Thread 0x0000011efe49ee00 Uncommon trap: trap_request=0xffffff45 fr.pc=0x0000011ee5787248 relative=0x00000000000018e8
Event: 118.838 Thread 0x0000011efe49ee00 Uncommon trap: reason=unstable_if action=reinterpret pc=0x0000011ee5787248 method=net.minecraft.src.GuiButton.drawButton(Lnet/minecraft/client/Minecraft;II)V @ 40 c2
Event: 118.839 Thread 0x0000011efe49ee00 DEOPT PACKING pc=0x0000011ee5787248 sp=0x00000015387ff520
Event: 118.839 Thread 0x0000011efe49ee00 DEOPT UNPACKING pc=0x0000011ee51846a2 sp=0x00000015387ff4b0 mode 2

Classes loaded (20 events):
Event: 11.254 Loading class java/util/OptionalInt
Event: 11.254 Loading class java/util/OptionalInt done
Event: 11.255 Loading class sun/net/www/protocol/https/Handler
Event: 11.255 Loading class sun/net/www/protocol/https/Handler done
Event: 11.256 Loading class sun/net/www/http/KeepAliveCache$1
Event: 11.256 Loading class sun/net/www/http/KeepAliveCache$1 done
Event: 11.257 Loading class sun/net/www/http/KeepAliveCache$ClientVector
Event: 11.257 Loading class sun/net/www/http/KeepAliveCache$ClientVector done
Event: 11.323 Loading class sun/net/www/http/KeepAliveEntry
Event: 11.323 Loading class sun/net/www/http/KeepAliveEntry done
Event: 11.323 Loading class sun/net/www/protocol/http/EmptyInputStream
Event: 11.324 Loading class sun/net/www/protocol/http/EmptyInputStream done
Event: 13.447 Loading class java/util/zip/Deflater
Event: 13.448 Loading class java/util/zip/Deflater done
Event: 13.449 Loading class java/util/zip/Deflater$DeflaterZStreamRef
Event: 13.449 Loading class java/util/zip/Deflater$DeflaterZStreamRef done
Event: 119.644 Loading class java/util/WeakHashMap$KeyIterator
Event: 119.644 Loading class java/util/WeakHashMap$HashIterator
Event: 119.645 Loading class java/util/WeakHashMap$HashIterator done
Event: 119.645 Loading class java/util/WeakHashMap$KeyIterator done

Classes unloaded (0 events):
No events

Classes redefined (0 events):
No events

Internal exceptions (20 events):
Event: 14.721 Thread 0x0000011ec69c6480 Exception <a 'java/lang/InterruptedException'{0x000000061aab6968}: sleep interrupted> (0x000000061aab6968) 
thrown [s\src\hotspot\share\prims\jvm.cpp, line 3052]
Event: 14.759 Thread 0x0000011ec69c6480 Exception <a 'java/lang/InterruptedException'{0x000000061aab6c80}: sleep interrupted> (0x000000061aab6c80) 
thrown [s\src\hotspot\share\prims\jvm.cpp, line 3074]
Event: 14.794 Thread 0x0000011ec69c6480 Exception <a 'java/lang/InterruptedException'{0x000000061aab6fd8}: sleep interrupted> (0x000000061aab6fd8) 
thrown [s\src\hotspot\share\prims\jvm.cpp, line 3074]
Event: 14.831 Thread 0x0000011ec69c6480 Exception <a 'java/lang/InterruptedException'{0x000000061aab7330}: sleep interrupted> (0x000000061aab7330) 
thrown [s\src\hotspot\share\prims\jvm.cpp, line 3074]
Event: 14.868 Thread 0x0000011ec69c6480 Exception <a 'java/lang/InterruptedException'{0x000000061aab7688}: sleep interrupted> (0x000000061aab7688) 
thrown [s\src\hotspot\share\prims\jvm.cpp, line 3074]
Event: 14.902 Thread 0x0000011ec69c6480 Exception <a 'java/lang/InterruptedException'{0x000000061aab79e0}: sleep interrupted> (0x000000061aab79e0) 
thrown [s\src\hotspot\share\prims\jvm.cpp, line 3074]
Event: 14.946 Thread 0x0000011ec69c6480 Exception <a 'java/lang/InterruptedException'{0x000000061aab7d38}: sleep interrupted> (0x000000061aab7d38) 
thrown [s\src\hotspot\share\prims\jvm.cpp, line 3074]
Event: 14.983 Thread 0x0000011ec69c6480 Exception <a 'java/lang/InterruptedException'{0x000000061aab8090}: sleep interrupted> (0x000000061aab8090) 
thrown [s\src\hotspot\share\prims\jvm.cpp, line 3074]
Event: 15.027 Thread 0x0000011ec69c6480 Exception <a 'java/lang/InterruptedException'{0x000000061aab83e8}: sleep interrupted> (0x000000061aab83e8) 
thrown [s\src\hotspot\share\prims\jvm.cpp, line 3074]
Event: 15.074 Thread 0x0000011ec69c6480 Exception <a 'java/lang/InterruptedException'{0x000000061aab8740}: sleep interrupted> (0x000000061aab8740) 
thrown [s\src\hotspot\share\prims\jvm.cpp, line 3074]
Event: 15.118 Thread 0x0000011ec69c6480 Exception <a 'java/lang/InterruptedException'{0x000000061a411b80}: sleep interrupted> (0x000000061a411b80) 
thrown [s\src\hotspot\share\prims\jvm.cpp, line 3074]
Event: 15.159 Thread 0x0000011ec69c6480 Exception <a 'java/lang/InterruptedException'{0x000000061a411ed8}: sleep interrupted> (0x000000061a411ed8) 
thrown [s\src\hotspot\share\prims\jvm.cpp, line 3074]
Event: 15.210 Thread 0x0000011ec69c6480 Exception <a 'java/lang/InterruptedException'{0x000000061a412230}: sleep interrupted> (0x000000061a412230) 
thrown [s\src\hotspot\share\prims\jvm.cpp, line 3074]
Event: 15.259 Thread 0x0000011ec69c6480 Exception <a 'java/lang/InterruptedException'{0x000000061a412588}: sleep interrupted> (0x000000061a412588) 
thrown [s\src\hotspot\share\prims\jvm.cpp, line 3074]
Event: 15.313 Thread 0x0000011ec69c6480 Exception <a 'java/lang/InterruptedException'{0x000000061a4128e0}: sleep interrupted> (0x000000061a4128e0) 
thrown [s\src\hotspot\share\prims\jvm.cpp, line 3074]
Event: 15.358 Thread 0x0000011ec69c6480 Exception <a 'java/lang/InterruptedException'{0x000000061a412c38}: sleep interrupted> (0x000000061a412c38) 
thrown [s\src\hotspot\share\prims\jvm.cpp, line 3074]
Event: 15.396 Thread 0x0000011ec69c6480 Exception <a 'java/lang/InterruptedException'{0x000000061a412f90}: sleep interrupted> (0x000000061a412f90) 
thrown [s\src\hotspot\share\prims\jvm.cpp, line 3074]
Event: 15.441 Thread 0x0000011ec69c6480 Exception <a 'java/lang/InterruptedException'{0x000000061a4132e8}: sleep interrupted> (0x000000061a4132e8) 
thrown [s\src\hotspot\share\prims\jvm.cpp, line 3074]
Event: 15.475 Thread 0x0000011ec69c6480 Exception <a 'java/lang/InterruptedException'{0x000000061a413640}: sleep interrupted> (0x000000061a413640) 
thrown [s\src\hotspot\share\prims\jvm.cpp, line 3074]
Event: 15.522 Thread 0x0000011ec69c6480 Exception <a 'java/lang/InterruptedException'{0x000000061a413998}: sleep interrupted> (0x000000061a413998) 
thrown [s\src\hotspot\share\prims\jvm.cpp, line 3074]

ZGC Phase Switch (0 events):
No events

VM Operations (20 events):
Event: 16.721 Executing VM operation: Cleanup done
Event: 16.955 Executing VM operation: G1CollectFull (System.gc())
Event: 16.976 Executing VM operation: G1CollectFull (System.gc()) done
Event: 21.978 Executing VM operation: Cleanup
Event: 21.978 Executing VM operation: Cleanup done
Event: 30.984 Executing VM operation: Cleanup
Event: 30.984 Executing VM operation: Cleanup done
Event: 32.985 Executing VM operation: Cleanup
Event: 32.985 Executing VM operation: Cleanup done
Event: 44.990 Executing VM operation: Cleanup
Event: 44.990 Executing VM operation: Cleanup done
Event: 60.211 Executing VM operation: HandshakeAllThreads (HandshakeForDeflation)
Event: 60.211 Executing VM operation: HandshakeAllThreads (HandshakeForDeflation) done
Event: 60.211 Executing VM operation: RendezvousGCThreads
Event: 60.211 Executing VM operation: RendezvousGCThreads done
Event: 66.214 Executing VM operation: Cleanup
Event: 66.214 Executing VM operation: Cleanup done
Event: 119.242 Executing VM operation: Cleanup
Event: 119.242 Executing VM operation: Cleanup done
Event: 119.747 Executing VM operation: Exit

Memory protections (0 events):
No events

Nmethod flushes (20 events):
Event: 16.962 Thread 0x0000011ef93c6700 flushing  nmethod 0x0000011eddebce90
Event: 16.962 Thread 0x0000011ef93c6700 flushing  nmethod 0x0000011eddd4ee90
Event: 16.962 Thread 0x0000011ef93c6700 flushing osr nmethod 0x0000011eddd89910
Event: 16.962 Thread 0x0000011ef93c6700 flushing  nmethod 0x0000011eddea7e90
Event: 16.962 Thread 0x0000011ef93c6700 flushing  nmethod 0x0000011ee5793110
Event: 16.962 Thread 0x0000011ef93c6700 flushing  nmethod 0x0000011eddc0b610
Event: 16.962 Thread 0x0000011ef93c6700 flushing  nmethod 0x0000011eddc20290
Event: 16.962 Thread 0x0000011ef93c6700 flushing  nmethod 0x0000011eddc21110
Event: 16.962 Thread 0x0000011ef93c6700 flushing  nmethod 0x0000011eddd61310
Event: 16.962 Thread 0x0000011ef93c6700 flushing  nmethod 0x0000011edde10990
Event: 16.962 Thread 0x0000011ef93c6700 flushing  nmethod 0x0000011eddef1a10
Event: 16.962 Thread 0x0000011ef93c6700 flushing  nmethod 0x0000011ee5783210
Event: 16.962 Thread 0x0000011ef93c6700 flushing  nmethod 0x0000011eddc11e90
Event: 16.962 Thread 0x0000011ef93c6700 flushing  nmethod 0x0000011eddc13510
Event: 16.962 Thread 0x0000011ef93c6700 flushing osr nmethod 0x0000011eddc15090
Event: 16.962 Thread 0x0000011ef93c6700 flushing  nmethod 0x0000011eddc2c390
Event: 16.962 Thread 0x0000011ef93c6700 flushing  nmethod 0x0000011eddc2c790
Event: 16.962 Thread 0x0000011ef93c6700 flushing  nmethod 0x0000011eddca0190
Event: 16.962 Thread 0x0000011ef93c6700 flushing  nmethod 0x0000011eddddb690
Event: 16.962 Thread 0x0000011ef93c6700 flushing  nmethod 0x0000011eddddbc90

Events (20 events):
Event: 12.683 Thread 0x0000011efe022820 Thread added: 0x0000011ec1719ec0
Event: 12.797 Thread 0x0000011efe022820 Thread added: 0x0000011ec9f88ec0
Event: 15.804 Thread 0x0000011ec9f88ec0 Thread exited: 0x0000011ec9f88ec0
Event: 15.805 Thread 0x0000011ec1719ec0 Thread exited: 0x0000011ec1719ec0
Event: 26.260 Thread 0x0000011ec688d3b0 Thread exited: 0x0000011ec688d3b0
Event: 119.643 Thread 0x0000011efe49ee00 Thread exited: 0x0000011efe49ee00
Event: 119.643 Thread 0x0000011efe43a470 Thread added: 0x0000011ecae62270
Event: 119.643 Thread 0x0000011efe43a470 Thread added: 0x0000011ecae656f0
Event: 119.643 Thread 0x0000011efe43a470 Thread added: 0x0000011ecae649d0
Event: 119.643 Thread 0x0000011efe43a470 Thread added: 0x0000011ecae66aa0
Event: 119.644 Thread 0x0000011efe43a470 Thread added: 0x0000011ecae65060
Event: 119.644 Thread 0x0000011efe43a470 Thread added: 0x0000011ecae65d80
Event: 119.644 Thread 0x0000011ecae62270 Thread exited: 0x0000011ecae62270
Event: 119.644 Thread 0x0000011ecae649d0 Thread exited: 0x0000011ecae649d0
Event: 119.645 Thread 0x0000011ecae65d80 Thread exited: 0x0000011ecae65d80
Event: 119.647 Thread 0x0000011ecae66aa0 Thread exited: 0x0000011ecae66aa0
Event: 119.659 Thread 0x0000011ecae656f0 Thread exited: 0x0000011ecae656f0
Event: 119.710 Thread 0x0000011efe41c0f0 Thread exited: 0x0000011efe41c0f0
Event: 119.747 Thread 0x0000011ecae65060 Thread exited: 0x0000011ecae65060
Event: 119.747 Thread 0x0000011efe43a470 Before exit entered


Dynamic libraries:
0x00007ff7d8d50000 - 0x00007ff7d8d5e000 	C:\Users\gagek\.p2\pool\plugins\org.eclipse.justj.openjdk.hotspot.jre.full.win32.x86_64_21.0.8.v20250724-1412\jre\bin\javaw.exe
0x00007ffe18220000 - 0x00007ffe18487000 	C:\windows\SYSTEM32\ntdll.dll
0x00007ffe17580000 - 0x00007ffe17649000 	C:\windows\System32\KERNEL32.DLL
0x00007ffe15590000 - 0x00007ffe15980000 	C:\windows\System32\KERNELBASE.dll
0x00007ffe15e60000 - 0x00007ffe15fab000 	C:\windows\System32\ucrtbase.dll
0x00007ffdeb340000 - 0x00007ffdeb35e000 	C:\Users\gagek\.p2\pool\plugins\org.eclipse.justj.openjdk.hotspot.jre.full.win32.x86_64_21.0.8.v20250724-1412\jre\bin\VCRUNTIME140.dll
0x00007ffdee8c0000 - 0x00007ffdee8d8000 	C:\Users\gagek\.p2\pool\plugins\org.eclipse.justj.openjdk.hotspot.jre.full.win32.x86_64_21.0.8.v20250724-1412\jre\bin\jli.dll
0x00007ffe15fb0000 - 0x00007ffe16175000 	C:\windows\System32\USER32.dll
0x00007ffe15560000 - 0x00007ffe15587000 	C:\windows\System32\win32u.dll
0x00007ffe17be0000 - 0x00007ffe17c0b000 	C:\windows\System32\GDI32.dll
0x00007ffe15b10000 - 0x00007ffe15c48000 	C:\windows\System32\gdi32full.dll
0x00007ffe154b0000 - 0x00007ffe15553000 	C:\windows\System32\msvcp_win.dll
0x00007ffdf38e0000 - 0x00007ffdf3b7a000 	C:\windows\WinSxS\amd64_microsoft.windows.common-controls_6595b64144ccf1df_6.0.26100.4768_none_3e0c112ce331287c\COMCTL32.dll
0x00007ffe17860000 - 0x00007ffe17909000 	C:\windows\System32\msvcrt.dll
0x00007ffe17c10000 - 0x00007ffe17c3f000 	C:\windows\System32\IMM32.DLL
0x00007ffe08930000 - 0x00007ffe0893c000 	C:\Users\gagek\.p2\pool\plugins\org.eclipse.justj.openjdk.hotspot.jre.full.win32.x86_64_21.0.8.v20250724-1412\jre\bin\vcruntime140_1.dll
0x00007ffdbdb10000 - 0x00007ffdbdb9d000 	C:\Users\gagek\.p2\pool\plugins\org.eclipse.justj.openjdk.hotspot.jre.full.win32.x86_64_21.0.8.v20250724-1412\jre\bin\msvcp140.dll
0x00007ffd33410000 - 0x00007ffd341a7000 	C:\Users\gagek\.p2\pool\plugins\org.eclipse.justj.openjdk.hotspot.jre.full.win32.x86_64_21.0.8.v20250724-1412\jre\bin\server\jvm.dll
0x00007ffe16b50000 - 0x00007ffe16c04000 	C:\windows\System32\ADVAPI32.dll
0x00007ffe17910000 - 0x00007ffe179b6000 	C:\windows\System32\sechost.dll
0x00007ffe179c0000 - 0x00007ffe17ad8000 	C:\windows\System32\RPCRT4.dll
0x00007ffe16720000 - 0x00007ffe16794000 	C:\windows\System32\WS2_32.dll
0x00007ffe0d720000 - 0x00007ffe0d755000 	C:\windows\SYSTEM32\WINMM.dll
0x00007ffe151b0000 - 0x00007ffe1520e000 	C:\windows\SYSTEM32\POWRPROF.dll
0x00007ffe0a3a0000 - 0x00007ffe0a3ab000 	C:\windows\SYSTEM32\VERSION.dll
0x00007ffe15190000 - 0x00007ffe151a4000 	C:\windows\SYSTEM32\UMPDC.dll
0x00007ffe14090000 - 0x00007ffe140ab000 	C:\windows\SYSTEM32\kernel.appcore.dll
0x00007ffe11210000 - 0x00007ffe1121a000 	C:\Users\gagek\.p2\pool\plugins\org.eclipse.justj.openjdk.hotspot.jre.full.win32.x86_64_21.0.8.v20250724-1412\jre\bin\jimage.dll
0x00007ffe12700000 - 0x00007ffe12941000 	C:\windows\SYSTEM32\DBGHELP.DLL
0x00007ffe167c0000 - 0x00007ffe16b45000 	C:\windows\System32\combase.dll
0x00007ffe173f0000 - 0x00007ffe174d0000 	C:\windows\System32\OLEAUT32.dll
0x00007ffdf4390000 - 0x00007ffdf43d3000 	C:\windows\SYSTEM32\dbgcore.DLL
0x00007ffe15410000 - 0x00007ffe154a9000 	C:\windows\System32\bcryptPrimitives.dll
0x00007ffe10f30000 - 0x00007ffe10f4f000 	C:\Users\gagek\.p2\pool\plugins\org.eclipse.justj.openjdk.hotspot.jre.full.win32.x86_64_21.0.8.v20250724-1412\jre\bin\java.dll
0x00007ffe16c10000 - 0x00007ffe1735d000 	C:\windows\System32\SHELL32.dll
0x00007ffe15990000 - 0x00007ffe15b03000 	C:\windows\System32\wintypes.dll
0x00007ffe12ef0000 - 0x00007ffe13750000 	C:\windows\SYSTEM32\windows.storage.dll
0x00007ffe17ae0000 - 0x00007ffe17bd5000 	C:\windows\System32\SHCORE.dll
0x00007ffe17cb0000 - 0x00007ffe17d1a000 	C:\windows\System32\shlwapi.dll
0x00007ffe15270000 - 0x00007ffe15299000 	C:\windows\SYSTEM32\profapi.dll
0x00007ffe10ed0000 - 0x00007ffe10ee8000 	C:\Users\gagek\.p2\pool\plugins\org.eclipse.justj.openjdk.hotspot.jre.full.win32.x86_64_21.0.8.v20250724-1412\jre\bin\zip.dll
0x00007ffe11200000 - 0x00007ffe11210000 	C:\Users\gagek\.p2\pool\plugins\org.eclipse.justj.openjdk.hotspot.jre.full.win32.x86_64_21.0.8.v20250724-1412\jre\bin\net.dll
0x00007ffe0e680000 - 0x00007ffe0e79e000 	C:\windows\SYSTEM32\WINHTTP.dll
0x00007ffe14600000 - 0x00007ffe1466b000 	C:\windows\system32\mswsock.dll
0x00007ffe111c0000 - 0x00007ffe111d6000 	C:\Users\gagek\.p2\pool\plugins\org.eclipse.justj.openjdk.hotspot.jre.full.win32.x86_64_21.0.8.v20250724-1412\jre\bin\nio.dll
0x00007ffdbe4a0000 - 0x00007ffdbe62e000 	C:\Users\gagek\.p2\pool\plugins\org.eclipse.justj.openjdk.hotspot.jre.full.win32.x86_64_21.0.8.v20250724-1412\jre\bin\awt.dll
0x00007ffe11250000 - 0x00007ffe112ee000 	C:\windows\SYSTEM32\apphelp.dll
0x00007ffe11730000 - 0x00007ffe11765000 	C:\windows\system32\DWMAPI.DLL
0x00007ffe115c0000 - 0x00007ffe1166f000 	C:\windows\system32\uxtheme.dll
0x00007ffd8fd90000 - 0x00007ffd8fea8000 	C:\windows\system32\opengl32.dll
0x00007ffde63c0000 - 0x00007ffde63ed000 	C:\windows\SYSTEM32\GLU32.dll
0x00007ffe11c50000 - 0x00007ffe11c9d000 	C:\windows\SYSTEM32\dxcore.dll
0x00007ffe165b0000 - 0x00007ffe16711000 	C:\windows\System32\MSCTF.dll
0x00007ffe16400000 - 0x00007ffe165a0000 	C:\windows\System32\ole32.dll
0x00007ffdca8c0000 - 0x00007ffdca947000 	C:\Users\gagek\.p2\pool\plugins\org.eclipse.justj.openjdk.hotspot.jre.full.win32.x86_64_21.0.8.v20250724-1412\jre\bin\freetype.dll
0x00007ffdb5680000 - 0x00007ffdb576b000 	C:\Users\gagek\.p2\pool\plugins\org.eclipse.justj.openjdk.hotspot.jre.full.win32.x86_64_21.0.8.v20250724-1412\jre\bin\fontmanager.dll
0x00007ffe06dc0000 - 0x00007ffe06f11000 	C:\windows\SYSTEM32\textinputframework.dll
0x00007ffdcf690000 - 0x00007ffdcf70d000 	C:\windows\system32\Oleacc.dll
0x00007ffe17750000 - 0x00007ffe177f8000 	C:\windows\System32\clbcatq.dll
0x00007ffdd46f0000 - 0x00007ffdd474e000 	C:\windows\system32\ApplicationTargetedFeatureDatabase.dll
0x00007ffe0ac30000 - 0x00007ffe0ae68000 	C:\Windows\System32\twinapi.appcore.dll
0x00007ffe10e30000 - 0x00007ffe10e40000 	C:\Users\gagek\.p2\pool\plugins\org.eclipse.justj.openjdk.hotspot.jre.full.win32.x86_64_21.0.8.v20250724-1412\jre\bin\verify.dll
0x0000000180000000 - 0x0000000180053000 	C:\MinecraftAlphaDev\libraries\natives\lwjgl64.dll
0x00007ffe0dec0000 - 0x00007ffe0df89000 	C:\windows\SYSTEM32\mscms.dll
0x00007ffdf7470000 - 0x00007ffdf74e0000 	C:\Windows\System32\Windows.Internal.Graphics.Display.DisplayColorManagement.dll
0x00007ffe14f10000 - 0x00007ffe14f67000 	C:\windows\SYSTEM32\cfgmgr32.dll
0x00007ffe08860000 - 0x00007ffe08867000 	C:\Users\gagek\.p2\pool\plugins\org.eclipse.justj.openjdk.hotspot.jre.full.win32.x86_64_21.0.8.v20250724-1412\jre\bin\jawt.dll
0x00007ffe0b360000 - 0x00007ffe0b3ca000 	C:\windows\SYSTEM32\directxdatabasehelper.dll
0x00007ffdf9260000 - 0x00007ffdf927a000 	C:\windows\SYSTEM32\windows.staterepositorycore.dll
0x00007ffd08120000 - 0x00007ffd096eb000 	C:\windows\System32\DriverStore\FileRepository\iigd_dch.inf_amd64_9ce4d8a46710e0e5\igxelpgicd64.dll
0x00007ffd69440000 - 0x00007ffd69463000 	C:\windows\SYSTEM32\d3d12.dll
0x00007ffe12bf0000 - 0x00007ffe12d2e000 	C:\windows\SYSTEM32\dxgi.dll
0x00007ffdfab90000 - 0x00007ffdfad37000 	C:\windows\System32\DriverStore\FileRepository\iigd_dch.inf_amd64_9ce4d8a46710e0e5\igdml64.dll
0x00007ffe04790000 - 0x00007ffe04d23000 	C:\windows\System32\DriverStore\FileRepository\iigd_dch.inf_amd64_9ce4d8a46710e0e5\igdgmm64.dll
0x00007ffd21f50000 - 0x00007ffd223ce000 	C:\Users\gagek\AppData\Roaming\ow-electron\jilehohlakeokncafogkgnicgndeecdiengddbcc\packages\emifmpeaagaaglhaimndbhcpkjfmjhfnjjpoibdo\1.8.21\owe-client-x64.dll
0x00007ffe141c0000 - 0x00007ffe141f6000 	C:\windows\SYSTEM32\ntmarta.dll
0x00007ffd96ac0000 - 0x00007ffd96d37000 	C:\windows\SYSTEM32\D3D12Core.dll
0x00007ffe15240000 - 0x00007ffe15266000 	C:\windows\SYSTEM32\bcrypt.dll
0x00007ffe0aea0000 - 0x00007ffe0b01c000 	C:\windows\SYSTEM32\drvstore.dll
0x00007ffdfdf10000 - 0x00007ffe03036000 	C:\windows\System32\DriverStore\FileRepository\iigd_dch.inf_amd64_9ce4d8a46710e0e5\igc64.dll
0x00007ffe0daa0000 - 0x00007ffe0dace000 	C:\windows\SYSTEM32\D3DSCache.dll
0x00007ffe146a0000 - 0x00007ffe146cb000 	C:\windows\SYSTEM32\USERENV.dll
0x00007ffe108d0000 - 0x00007ffe10afa000 	C:\windows\SYSTEM32\dcomp.dll
0x00007ffe101d0000 - 0x00007ffe101e9000 	C:\windows\SYSTEM32\Microsoft.Internal.WarpPal.dll
0x00007ffe10f50000 - 0x00007ffe11075000 	C:\windows\SYSTEM32\CoreMessaging.dll
0x00007ffe08f90000 - 0x00007ffe09273000 	C:\windows\SYSTEM32\CoreUIComponents.dll
0x00007ffe14840000 - 0x00007ffe1484c000 	C:\windows\SYSTEM32\CRYPTBASE.DLL
0x00007ffe149e0000 - 0x00007ffe149fb000 	C:\windows\SYSTEM32\CRYPTSP.dll
0x00007ffe13ff0000 - 0x00007ffe1402b000 	C:\windows\system32\rsaenh.dll
0x00007ffe13a20000 - 0x00007ffe13a53000 	C:\windows\SYSTEM32\IPHLPAPI.DLL
0x00007ffe17800000 - 0x00007ffe1780a000 	C:\windows\System32\NSI.dll
0x0000011ec2140000 - 0x0000011ec2156000 	C:\MinecraftAlphaDev\libraries\natives\jinput-dx8_64.dll
0x00007ffdbdca0000 - 0x00007ffdbdceb000 	C:\windows\SYSTEM32\DINPUT8.dll
0x00007ffdfd840000 - 0x00007ffdfda22000 	C:\windows\SYSTEM32\inputhost.dll
0x00007ffe13760000 - 0x00007ffe1376f000 	C:\windows\SYSTEM32\HID.DLL
0x00007ffe17d50000 - 0x00007ffe181d6000 	C:\windows\System32\SETUPAPI.DLL
0x00007ffe14f70000 - 0x00007ffe14f9d000 	C:\windows\SYSTEM32\DEVOBJ.dll
0x0000011ec6240000 - 0x0000011ec62c4000 	C:\windows\System32\WINTRUST.dll
0x00007ffe15ce0000 - 0x00007ffe15e57000 	C:\windows\System32\CRYPT32.dll
0x00007ffe14a50000 - 0x00007ffe14a63000 	C:\windows\SYSTEM32\MSASN1.dll
0x0000011ec2180000 - 0x0000011ec2194000 	C:\MinecraftAlphaDev\libraries\natives\jinput-raw_64.dll
0x0000011ec6480000 - 0x0000011ec64e4000 	C:\MinecraftAlphaDev\libraries\natives\OpenAL64.dll
0x00007ffe0c5a0000 - 0x00007ffe0c642000 	C:\windows\System32\MMDevApi.dll
0x00007ffdb5cb0000 - 0x00007ffdb5d44000 	C:\windows\SYSTEM32\dsound.dll
0x00007ffd98640000 - 0x00007ffd98671000 	C:\windows\SYSTEM32\winmmbase.dll
0x00007ffd99dd0000 - 0x00007ffd99e81000 	C:\windows\SYSTEM32\ResampleDmo.DLL
0x00007ffdfcc60000 - 0x00007ffdfcc6e000 	C:\windows\SYSTEM32\msdmo.dll
0x00007ffdfa140000 - 0x00007ffdfa302000 	C:\windows\SYSTEM32\AUDIOSES.DLL
0x00007ffe11ae0000 - 0x00007ffe11af4000 	C:\windows\SYSTEM32\resourcepolicyclient.dll
0x00007ffe13a60000 - 0x00007ffe13b86000 	C:\windows\SYSTEM32\DNSAPI.dll
0x00007ffe0e2e0000 - 0x00007ffe0e2eb000 	C:\Windows\System32\rasadhlp.dll
0x00007ffe0ec90000 - 0x00007ffe0ed16000 	C:\windows\System32\fwpuclnt.dll
0x00007ffe0db30000 - 0x00007ffe0db39000 	C:\Users\gagek\.p2\pool\plugins\org.eclipse.justj.openjdk.hotspot.jre.full.win32.x86_64_21.0.8.v20250724-1412\jre\bin\extnet.dll

JVMTI agents: none

dbghelp: loaded successfully - version: 4.0.5 - missing functions: none
symbol engine: initialized successfully - sym options: 0x614 - pdb path: .;C:\Users\gagek\.p2\pool\plugins\org.eclipse.justj.openjdk.hotspot.jre.full.win32.x86_64_21.0.8.v20250724-1412\jre\bin;C:\windows\SYSTEM32;C:\windows\WinSxS\amd64_microsoft.windows.common-controls_6595b64144ccf1df_6.0.26100.4768_none_3e0c112ce331287c;C:\Users\gagek\.p2\pool\plugins\org.eclipse.justj.openjdk.hotspot.jre.full.win32.x86_64_21.0.8.v20250724-1412\jre\bin\server;C:\MinecraftAlphaDev\libraries\natives;C:\windows\System32\DriverStore\FileRepository\iigd_dch.inf_amd64_9ce4d8a46710e0e5;C:\Users\gagek\AppData\Roaming\ow-electron\jilehohlakeokncafogkgnicgndeecdiengddbcc\packages\emifmpeaagaaglhaimndbhcpkjfmjhfnjjpoibdo\1.8.21

VM Arguments:
jvm_args: -Djava.library.path=C:\MinecraftAlphaDev\libraries\natives -Dfile.encoding=UTF-8 -Dstdout.encoding=UTF-8 -Dstderr.encoding=UTF-8 -XX:+ShowCodeDetailsInExceptionMessages 
java_command: net.minecraft.client.Minecraft
java_class_path (initial): C:\MinecraftAlphaDev\minecraft\output;C:\MinecraftAlphaDev\libraries\net\java\jinput\jinput\2.0.5\jinput-2.0.5.jar;C:\MinecraftAlphaDev\libraries\net\java\jutils\jutils\1.0.0\jutils-1.0.0.jar;C:\MinecraftAlphaDev\libraries\org\lwjgl\lwjgl\lwjgl\2.9.4-nightly-20150209\lwjgl-2.9.4-nightly-20150209.jar;C:\MinecraftAlphaDev\libraries\org\lwjgl\lwjgl\lwjgl_util\2.9.4-nightly-20150209\lwjgl_util-2.9.4-nightly-20150209.jar;C:\MinecraftAlphaDev\libraries\org\lwjgl\lwjgl\lwjgl-platform\2.9.4-nightly-20150209\lwjgl-platform-2.9.4-nightly-20150209.jar;C:\MinecraftAlphaDev\libraries\com\paulscode\codecjorbis\20230120\codecjorbis-20230120.jar;C:\MinecraftAlphaDev\libraries\com\paulscode\codecwav\20101023\codecwav-20101023.jar;C:\MinecraftAlphaDev\libraries\com\paulscode\libraryjavasound\20101123\libraryjavasound-20101123.jar;C:\MinecraftAlphaDev\libraries\com\paulscode\librarylwjglopenal\20100824\librarylwjglopenal-20100824.jar;C:\MinecraftAlphaDev\libraries\com\paulscode\soundsystem\20120107\soundsystem-20120107.jar;C:\MinecraftAlphaDev\libraries\org\mcphackers\launchwrapper\1.1.3\launchwrapper-1.1.3.jar;C:\MinecraftAlphaDev\libraries\org\json\json\20230311\json-20230311.jar;C:\MinecraftAlphaDev\libraries\org\ow2\asm\asm\9.7\asm-9.7.jar;C:\MinecraftAlphaDev\libraries\org\ow2\asm\asm-tree\9.7\asm-tree-9.7.jar;C:\MinecraftAlphaDev\minecraft\jars\deobfuscated.jar
Launcher Type: SUN_STANDARD

[Global flags]
     intx CICompilerCount                          = 4                                         {product} {ergonomic}
     uint ConcGCThreads                            = 3                                         {product} {ergonomic}
     uint G1ConcRefinementThreads                  = 11                                        {product} {ergonomic}
   size_t G1HeapRegionSize                         = 4194304                                   {product} {ergonomic}
    uintx GCDrainStackTargetSize                   = 64                                        {product} {ergonomic}
   size_t InitialHeapSize                          = 528482304                                 {product} {ergonomic}
   size_t MarkStackSize                            = 4194304                                   {product} {ergonomic}
   size_t MaxHeapSize                              = 8443133952                                {product} {ergonomic}
   size_t MaxNewSize                               = 5062524928                                {product} {ergonomic}
   size_t MinHeapDeltaBytes                        = 4194304                                   {product} {ergonomic}
   size_t MinHeapSize                              = 8388608                                   {product} {ergonomic}
    uintx NonNMethodCodeHeapSize                   = 5839372                                {pd product} {ergonomic}
    uintx NonProfiledCodeHeapSize                  = 122909434                              {pd product} {ergonomic}
    uintx ProfiledCodeHeapSize                     = 122909434                              {pd product} {ergonomic}
    uintx ReservedCodeCacheSize                    = 251658240                              {pd product} {ergonomic}
     bool SegmentedCodeCache                       = true                                      {product} {ergonomic}
     bool ShowCodeDetailsInExceptionMessages       = true                                   {manageable} {command line}
   size_t SoftMaxHeapSize                          = 8443133952                             {manageable} {ergonomic}
     bool UseCompressedOops                        = true                           {product lp64_product} {ergonomic}
     bool UseG1GC                                  = true                                      {product} {ergonomic}
     bool UseLargePagesIndividualAllocation        = false                                  {pd product} {ergonomic}

Logging:
Log output configuration:
 #0: stdout all=off uptime,level,tags foldmultilines=false
 #1: stderr all=off uptime,level,tags foldmultilines=false

Environment Variables:
PATH=C:/Users/gagek/.p2/pool/plugins/org.eclipse.justj.openjdk.hotspot.jre.full.win32.x86_64_21.0.8.v20250724-1412/jre/bin/server;C:/Users/gagek/.p2/pool/plugins/org.eclipse.justj.openjdk.hotspot.jre.full.win32.x86_64_21.0.8.v20250724-1412/jre/bin;C:\Program Files\Zulu\zulu-21\bin\;C:\Program Files (x86)\Common Files\Oracle\Java\java8path;C:\Program Files (x86)\Common Files\Oracle\Java\javapath;C:\Program Files\Oculus\Support\oculus-runtime;c:\devkitPro\msys2\usr\bin;C:\windows\system32;C:\windows;C:\windows\System32\Wbem;C:\windows\System32\WindowsPowerShell\v1.0\;C:\windows\System32\OpenSSH\;C:\Program Files\HP\HP One Agent;C:\Program Files\dotnet\;C:\Program Files (x86)\Microsoft SQL Server\160\Tools\Binn\;C:\Program Files\Microsoft SQL Server\160\Tools\Binn\;C:\Program Files\Microsoft SQL Server\Client SDK\ODBC\170\Tools\Binn\;C:\Program Files\Microsoft SQL Server\160\DTS\Binn\;C:\Program Files (x86)\Windows Kits\8.1\Windows Performance Toolkit\;C:\Program Files\Docker\Docker\resources\bin;C:\Program Files (x86)\Gpg4win\..\GnuPG\bin;C:\Users\gagek\AppData\Local\Microsoft\WindowsApps;C:\Users\gagek\AppData\Local\Programs\Microsoft VS Code\bin;C:\msys64\mingw64\bin;C:\Users\gagek\.aftman\bin;C:\Users\gagek\AppData\Local\GitHubDesktop\bin;C:\Users\gagek\AppData\Local\Muse Hub\lib;C:\Users\gagek\OneDrive\Desktop;
USERNAME=gagek
OS=Windows_NT
PROCESSOR_IDENTIFIER=Intel64 Family 6 Model 170 Stepping 4, GenuineIntel
TMP=C:\Users\gagek\AppData\Local\Temp
TEMP=C:\Users\gagek\AppData\Local\Temp




Periodic native trim disabled

---------------  S Y S T E M  ---------------

OS:
 Windows 11 , 64 bit Build 26100 (10.0.26100.4768)
OS uptime: 5 days 7:40 hours
Hyper-V role detected

CPU: total 14 (initial active 14) (7 cores per cpu, 2 threads per core) family 6 model 170 stepping 4 microcode 0x1f, cx8, cmov, fxsr, ht, mmx, 3dnowpref, sse, sse2, sse3, ssse3, sse4.1, sse4.2, popcnt, lzcnt, tsc, tscinvbit, avx, avx2, aes, erms, clmul, bmi1, bmi2, adx, sha, fma, vzeroupper, clflush, clflushopt, clwb, hv, serialize, rdtscp, rdpid, fsrm, f16c, cet_ibt, cet_ss
Processor Information for processor 0
  Max Mhz: 1700, Current Mhz: 1700, Mhz Limit: 1700
Processor Information for processor 1
  Max Mhz: 1700, Current Mhz: 1700, Mhz Limit: 1700
Processor Information for processor 2
  Max Mhz: 1200, Current Mhz: 1200, Mhz Limit: 1200
Processor Information for processor 3
  Max Mhz: 1200, Current Mhz: 1200, Mhz Limit: 1200
Processor Information for processor 4
  Max Mhz: 1200, Current Mhz: 1200, Mhz Limit: 1200
Processor Information for processor 5
  Max Mhz: 1200, Current Mhz: 1200, Mhz Limit: 1200
Processor Information for processor 6
  Max Mhz: 1200, Current Mhz: 1200, Mhz Limit: 1200
Processor Information for processor 7
  Max Mhz: 1200, Current Mhz: 1200, Mhz Limit: 1200
Processor Information for processor 8
  Max Mhz: 1200, Current Mhz: 1200, Mhz Limit: 1200
Processor Information for processor 9
  Max Mhz: 1200, Current Mhz: 1200, Mhz Limit: 1200
Processor Information for processor 10
  Max Mhz: 1700, Current Mhz: 1700, Mhz Limit: 1700
Processor Information for processor 11
  Max Mhz: 1700, Current Mhz: 1700, Mhz Limit: 1700
Processor Information for processor 12
  Max Mhz: 700, Current Mhz: 700, Mhz Limit: 700
Processor Information for processor 13
  Max Mhz: 700, Current Mhz: 700, Mhz Limit: 700

Memory: 4k page, system-wide physical 32203M (11600M free)
TotalPageFile size 37835M (AvailPageFile size 7224M)
current process WorkingSet (physical memory assigned to process): 339M, peak: 397M
current process commit charge ("private bytes"): 486M, peak: 727M

vm_info: OpenJDK 64-Bit Server VM (21.0.8+9-LTS) for windows-amd64 JRE (21.0.8+9-LTS), built on 2025-07-15T00:00:00Z by "admin" with MS VC++ 17.7 (VS2022)

END.
