#
# A fatal error has been detected by the Java Runtime Environment:
#
#  EXCEPTION_ACCESS_VIOLATION (0xc0000005) at pc=0x00007ffd4a568c80, pid=28960, tid=31280
#
# JRE version: OpenJDK Runtime Environment Temurin-21.0.8+9 (21.0.8+9) (build 21.0.8+9-LTS)
# Java VM: OpenJDK 64-Bit Server VM Temurin-21.0.8+9 (21.0.8+9-LTS, mixed mode, sharing, tiered, compressed oops, compressed class ptrs, g1 gc, windows-amd64)
# Problematic frame:
# C  [owe-client-x64.dll+0x3c8c80]
#
# No core dump will be written. Minidumps are not enabled by default on client versions of Windows
#
# If you would like to submit a bug report, please visit:
#   https://github.com/adoptium/adoptium-support/issues
#

---------------  S U M M A R Y ------------

Command Line: -Djava.library.path=C:\MinecraftAlphaDev\libraries\natives -Dfile.encoding=UTF-8 -Dstdout.encoding=UTF-8 -Dstderr.encoding=UTF-8 -XX:+ShowCodeDetailsInExceptionMessages net.minecraft.client.Minecraft

Host: Intel(R) Core(TM) Ultra 7 155U, 14 cores, 31G,  Windows 11 , 64 bit Build 26100 (10.0.26100.4768)
Time: Sun Sep  7 21:42:19 2025 Central Daylight Time elapsed time: 18.015372 seconds (0d 0h 0m 18s)

---------------  T H R E A D  ---------------

Current thread (0x0000021bc5d5b2f0):  VMThread "VM Thread"          [id=31280, stack(0x000000fe22d00000,0x000000fe22e00000) (1024K)]

Stack: [0x000000fe22d00000,0x000000fe22e00000],  sp=0x000000fe22dfee98,  free space=1019k
Native frames: (J=compiled Java code, j=interpreted, Vv=VM code, C=native code)
C  [owe-client-x64.dll+0x3c8c80]


siginfo: EXCEPTION_ACCESS_VIOLATION (0xc0000005), data execution prevention violation at address 0x00007ffd4a568c80


Registers:
RAX=0x00007ffd4a50e300, RBX=0x0000000000000000, RCX=0x0000021c0e279c40, RDX=0x00007ffd4a5d5018
RSP=0x000000fe22dfee98, RBP=0x000000fe22dff390, RSI=0x00007ffd9a180000, RDI=0x0000000000000001
R8 =0x0000021ba67502c0, R9 =0x000000fe22165000, R10=0x00007ffe183eeea0, R11=0x0000021bc8b9b480
R12=0x0000000000000001, R13=0x00007ffd9a1dbdf0, R14=0x0000000000000000, R15=0x00007ffd9a180000
RIP=0x00007ffd4a568c80, EFLAGS=0x0000000000010206

XMM[0]=0x0000000000000000 0x0000000000000000
XMM[1]=0x0000000000000000 0x0000000000000000
XMM[2]=0x0000000000000000 0x0000000000000000
XMM[3]=0x0000000000000000 0x0000000000000000
XMM[4]=0x0000000000000000 0x0000000000000000
XMM[5]=0x0000000000000000 0x0000000000000000
XMM[6]=0x0000000000000000 0x0000000000000000
XMM[7]=0x0000000000000000 0x404e000000000000
XMM[8]=0x0000000000000000 0x0000000000000000
XMM[9]=0x0000000000000000 0x0000000000000000
XMM[10]=0x0000000000000000 0x0000000000000000
XMM[11]=0x0000000000000000 0x0000000000000000
XMM[12]=0x0000000000000000 0x0000000000000000
XMM[13]=0x0000000000000000 0x0000000000000000
XMM[14]=0x0000000000000000 0x0000000000000000
XMM[15]=0x0000000000000000 0x0000000000000000
  MXCSR=0x00001fa0


Register to memory mapping:

RAX=0x00007ffd4a50e300 owe-client-x64.dll
RBX=0x0 is null
RCX=0x0000021c0e279c40 points into unknown readable memory: 0x00007ffd4a50e300 | 00 e3 50 4a fd 7f 00 00
RDX=0x00007ffd4a5d5018 owe-client-x64.dll
RSP=0x000000fe22dfee98 points into unknown readable memory: 0x00007ffd4a25ac99 | 99 ac 25 4a fd 7f 00 00
RBP=0x000000fe22dff390 points into unknown readable memory: 0x0000021ba8df4de0 | e0 4d df a8 1b 02 00 00
RSI=0x00007ffd9a180000 opengl32.dll
RDI=0x0000000000000001 is an unknown value
R8 =0x0000021ba67502c0 points into unknown readable memory: 0x00007ffd03dc5460 | 60 54 dc 03 fd 7f 00 00
R9 =0x000000fe22165000 points into unknown readable memory: 0x0000000000000000 | 00 00 00 00 00 00 00 00
R10=0x00007ffe183eeea0 ntdll.dll
R11=0x0000021bc8b9b480 points into unknown readable memory: 0x0000021bc8b9be10 | 10 be b9 c8 1b 02 00 00
R12=0x0000000000000001 is an unknown value
R13=0x00007ffd9a1dbdf0 opengl32.dll
R14=0x0 is null
R15=0x00007ffd9a180000 opengl32.dll

Top of Stack: (sp=0x000000fe22dfee98)
0x000000fe22dfee98:   00007ffd4a25ac99 00007ffd4a5dc7b8
0x000000fe22dfeea8:   00007ffd4a5d5018 0000021c0e1c8000
0x000000fe22dfeeb8:   0000000000000000 fffffffffffffffe
0x000000fe22dfeec8:   00007ffd4a25b0f7 0000021c0e279c40
0x000000fe22dfeed8:   00007ffd4a5d5018 0000021ba6bfb0f0
0x000000fe22dfeee8:   0000000000000000 0000000000000000
0x000000fe22dfeef8:   0000021c0e279c40 00007ffd9a1dbdf0
0x000000fe22dfef08:   0000021c0e1ff510 0000021c0e342b30
0x000000fe22dfef18:   00007ffe182243e1 0000000000000001
0x000000fe22dfef28:   00007ffd9a18ca16 0000000000010000
0x000000fe22dfef38:   0000021ba6bfb058 0000021bc8b9b480
0x000000fe22dfef48:   00007ffe18224273 0000000000000001
0x000000fe22dfef58:   00007ffd9a18c7d0 000000fe22dff390
0x000000fe22dfef68:   0000000000000000 00007ffd9a180000
0x000000fe22dfef78:   0000000000000000 0000000000000000
0x000000fe22dfef88:   00007ffd9a18c255 0000000000000000
0x000000fe22dfef98:   000000fe22dff390 00007ffd9a180000
0x000000fe22dfefa8:   0000000000000000 0000000000000000
0x000000fe22dfefb8:   00007ffd9a1dbf19 0000000000000001
0x000000fe22dfefc8:   000000fe22dff390 00007ffe165b0000
0x000000fe22dfefd8:   00007ffe15f988c0 000000fe00000001
0x000000fe22dfefe8:   00007ffe15eab8aa 000000fe22df0101
0x000000fe22dfeff8:   000000fe22dff078 000000fe22dff390
0x000000fe22dff008:   00000000c0000005 00007ffe00000000
0x000000fe22dff018:   00007ffe15eab84d 0000000000000001
0x000000fe22dff028:   00007ffe15f125ec 000000fe22dff390
0x000000fe22dff038:   000000fe22dff068 fffffffffffffffe
0x000000fe22dff048:   00007ffe15eab84d 0000000000000001
0x000000fe22dff058:   00007ffe16446693 00007ffe16512c60
0x000000fe22dff068:   c00000050000000d ffffffff0000000d
0x000000fe22dff078:   000000fe22dff060 0000000000000000
0x000000fe22dff088:   00007ffe1644633f 0000000000000000 

Instructions: (pc=0x00007ffd4a568c80)
0x00007ffd4a568b80:   00 00 00 00 00 00 00 00 00 00 00 00 00 00 00 00
0x00007ffd4a568b90:   40 e5 42 00 01 00 00 00 00 00 00 00 ff ff ff ff
0x00007ffd4a568ba0:   00 00 00 00 40 00 00 00 60 8b 3c 00 00 00 00 00
0x00007ffd4a568bb0:   00 00 00 00 00 00 00 00 00 00 00 00 00 00 00 00
0x00007ffd4a568bc0:   01 00 00 00 d0 8b 3c 00 00 00 00 00 00 00 00 00
0x00007ffd4a568bd0:   e0 8b 3c 00 00 00 00 00 00 00 00 00 00 00 00 00
0x00007ffd4a568be0:   e8 e5 42 00 00 00 00 00 00 00 00 00 ff ff ff ff
0x00007ffd4a568bf0:   00 00 00 00 40 00 00 00 b8 8b 3c 00 00 00 00 00
0x00007ffd4a568c00:   00 00 00 00 00 00 00 00 01 00 00 00 00 00 00 00
0x00007ffd4a568c10:   00 00 00 00 18 e6 42 00 30 8c 3c 00 08 8c 3c 00
0x00007ffd4a568c20:   00 00 00 00 00 00 00 00 00 00 00 00 00 00 00 00
0x00007ffd4a568c30:   00 00 00 00 00 00 00 00 01 00 00 00 48 8c 3c 00
0x00007ffd4a568c40:   00 00 00 00 00 00 00 00 58 8c 3c 00 00 00 00 00
0x00007ffd4a568c50:   00 00 00 00 00 00 00 00 18 e6 42 00 00 00 00 00
0x00007ffd4a568c60:   00 00 00 00 ff ff ff ff 00 00 00 00 40 00 00 00
0x00007ffd4a568c70:   30 8c 3c 00 00 00 00 00 00 00 00 00 00 00 00 00
0x00007ffd4a568c80:   01 00 00 00 00 00 00 00 00 00 00 00 40 e6 42 00
0x00007ffd4a568c90:   a8 8c 3c 00 80 8c 3c 00 00 00 00 00 00 00 00 00
0x00007ffd4a568ca0:   00 00 00 00 00 00 00 00 00 00 00 00 01 00 00 00
0x00007ffd4a568cb0:   03 00 00 00 c0 8c 3c 00 00 00 00 00 00 00 00 00
0x00007ffd4a568cc0:   e0 8c 3c 00 58 8c 3c 00 08 8d 3c 00 00 00 00 00
0x00007ffd4a568cd0:   00 00 00 00 00 00 00 00 00 00 00 00 00 00 00 00
0x00007ffd4a568ce0:   40 e6 42 00 02 00 00 00 00 00 00 00 ff ff ff ff
0x00007ffd4a568cf0:   00 00 00 00 40 00 00 00 a8 8c 3c 00 00 00 00 00
0x00007ffd4a568d00:   00 00 00 00 00 00 00 00 60 e6 42 00 00 00 00 00
0x00007ffd4a568d10:   10 00 00 00 ff ff ff ff 00 00 00 00 40 00 00 00
0x00007ffd4a568d20:   30 8d 3c 00 00 00 00 00 00 00 00 00 00 00 00 00
0x00007ffd4a568d30:   00 00 00 00 00 00 00 00 01 00 00 00 48 8d 3c 00
0x00007ffd4a568d40:   00 00 00 00 00 00 00 00 58 8d 3c 00 00 00 00 00
0x00007ffd4a568d50:   00 00 00 00 00 00 00 00 60 e6 42 00 00 00 00 00
0x00007ffd4a568d60:   00 00 00 00 ff ff ff ff 00 00 00 00 40 00 00 00
0x00007ffd4a568d70:   30 8d 3c 00 00 00 00 00 00 00 00 00 00 00 00 00 


Stack slot to memory mapping:

stack at sp + 0 slots: 0x00007ffd4a25ac99 owe-client-x64.dll
stack at sp + 1 slots: 0x00007ffd4a5dc7b8 owe-client-x64.dll
stack at sp + 2 slots: 0x00007ffd4a5d5018 owe-client-x64.dll
stack at sp + 3 slots: 0x0000021c0e1c8000 points into unknown readable memory: 0x00007ffe166d0150 | 50 01 6d 16 fe 7f 00 00
stack at sp + 4 slots: 0x0 is null
stack at sp + 5 slots: 0xfffffffffffffffe is an unknown value
stack at sp + 6 slots: 0x00007ffd4a25b0f7 owe-client-x64.dll
stack at sp + 7 slots: 0x0000021c0e279c40 points into unknown readable memory: 0x00007ffd4a50e300 | 00 e3 50 4a fd 7f 00 00

VM_Operation (0x000000fe23bfe520): Exit, mode: safepoint, requested by thread 0x0000021bc8d0d860


---------------  P R O C E S S  ---------------

Threads class SMR info:
_java_thread_list=0x0000021c108ef410, length=17, elements={
0x0000021bc5d6dc70, 0x0000021bc5d6e2d0, 0x0000021bc8926d40, 0x0000021bc892bee0,
0x0000021bc892cf40, 0x0000021bc8934240, 0x0000021bc894e070, 0x0000021bc8a81ab0,
0x0000021bc8a88330, 0x0000021bc8ce0320, 0x0000021bc8cefd30, 0x0000021bc8d0d860,
0x0000021c0e1b58f0, 0x0000021ba6a20af0, 0x0000021c14f564a0, 0x0000021c14f57ee0,
0x0000021c14f57850
}

Java Threads: ( => current thread )
  0x0000021bc5d6dc70 JavaThread "Reference Handler"          daemon [_thread_blocked, id=38800, stack(0x000000fe22e00000,0x000000fe22f00000) (1024K)]
  0x0000021bc5d6e2d0 JavaThread "Finalizer"                  daemon [_thread_blocked, id=41888, stack(0x000000fe22f00000,0x000000fe23000000) (1024K)]
  0x0000021bc8926d40 JavaThread "Attach Listener"            daemon [_thread_blocked, id=6192, stack(0x000000fe23100000,0x000000fe23200000) (1024K)]
  0x0000021bc892bee0 JavaThread "Service Thread"             daemon [_thread_blocked, id=30272, stack(0x000000fe23200000,0x000000fe23300000) (1024K)]
  0x0000021bc892cf40 JavaThread "Monitor Deflation Thread"   daemon [_thread_blocked, id=21704, stack(0x000000fe23300000,0x000000fe23400000) (1024K)]
  0x0000021bc8934240 JavaThread "C2 CompilerThread0"         daemon [_thread_blocked, id=38632, stack(0x000000fe23400000,0x000000fe23500000) (1024K)]
  0x0000021bc894e070 JavaThread "C1 CompilerThread0"         daemon [_thread_blocked, id=25632, stack(0x000000fe23500000,0x000000fe23600000) (1024K)]
  0x0000021bc8a81ab0 JavaThread "Notification Thread"        daemon [_thread_blocked, id=37264, stack(0x000000fe23600000,0x000000fe23700000) (1024K)]
  0x0000021bc8a88330 JavaThread "Common-Cleaner"             daemon [_thread_blocked, id=18848, stack(0x000000fe23700000,0x000000fe23800000) (1024K)]
  0x0000021bc8ce0320 JavaThread "Java2D Disposer"            daemon [_thread_blocked, id=37336, stack(0x000000fe23800000,0x000000fe23900000) (1024K)]
  0x0000021bc8cefd30 JavaThread "AWT-Shutdown"                      [_thread_blocked, id=19928, stack(0x000000fe23900000,0x000000fe23a00000) (1024K)]
  0x0000021bc8d0d860 JavaThread "AWT-EventQueue-0"                  [_thread_blocked, id=32208, stack(0x000000fe23b00000,0x000000fe23c00000) (1024K)]
  0x0000021c0e1b58f0 JavaThread "Timer hack thread"          daemon [_thread_blocked, id=23824, stack(0x000000fe23c00000,0x000000fe23d00000) (1024K)]
  0x0000021ba6a20af0 JavaThread "DestroyJavaVM"                     [_thread_blocked, id=3212, stack(0x000000fe22600000,0x000000fe22700000) (1024K)]
  0x0000021c14f564a0 JavaThread "Thread-2"                   daemon [_thread_in_native, id=23860, stack(0x000000fe24900000,0x000000fe24a00000) (1024K)]
  0x0000021c14f57ee0 JavaThread "Thread-3"                          [_thread_blocked, id=28164, stack(0x000000fe24b00000,0x000000fe24c00000) (1024K)]
  0x0000021c14f57850 JavaThread "Thread-4"                          [_thread_blocked, id=35320, stack(0x000000fe24c00000,0x000000fe24d00000) (1024K)]
Total: 17

Other Threads:
=>0x0000021bc5d5b2f0 VMThread "VM Thread"                           [id=31280, stack(0x000000fe22d00000,0x000000fe22e00000) (1024K)]
  0x0000021ba8de1d50 WorkerThread "GC Thread#0"                     [id=35208, stack(0x000000fe22700000,0x000000fe22800000) (1024K)]
  0x0000021c15502680 WorkerThread "GC Thread#1"                     [id=36904, stack(0x000000fe25200000,0x000000fe25300000) (1024K)]
  0x0000021c15502a20 WorkerThread "GC Thread#2"                     [id=30420, stack(0x000000fe25300000,0x000000fe25400000) (1024K)]
  0x0000021c10b92e00 WorkerThread "GC Thread#3"                     [id=32196, stack(0x000000fe25400000,0x000000fe25500000) (1024K)]
  0x0000021c10b926c0 WorkerThread "GC Thread#4"                     [id=32084, stack(0x000000fe25500000,0x000000fe25600000) (1024K)]
  0x0000021c10b93c80 WorkerThread "GC Thread#5"                     [id=30112, stack(0x000000fe25600000,0x000000fe25700000) (1024K)]
  0x0000021c10b92320 WorkerThread "GC Thread#6"                     [id=12600, stack(0x000000fe25700000,0x000000fe25800000) (1024K)]
  0x0000021c10b931a0 WorkerThread "GC Thread#7"                     [id=6140, stack(0x000000fe25800000,0x000000fe25900000) (1024K)]
  0x0000021c10b92a60 WorkerThread "GC Thread#8"                     [id=34120, stack(0x000000fe25900000,0x000000fe25a00000) (1024K)]
  0x0000021c10b93540 WorkerThread "GC Thread#9"                     [id=31704, stack(0x000000fe25a00000,0x000000fe25b00000) (1024K)]
  0x0000021c10b938e0 WorkerThread "GC Thread#10"                    [id=10052, stack(0x000000fe25b00000,0x000000fe25c00000) (1024K)]
  0x0000021ba8df28c0 ConcurrentGCThread "G1 Main Marker"            terminated
  0x0000021ba8df49e0 WorkerThread "G1 Conc#0"                       [id=32940, stack(0x000000fe22900000,0x000000fe22a00000) (1024K)]
  0x0000021bc5c18df0 ConcurrentGCThread "G1 Refine#0"               terminated
  0x0000021bc5c19470 ConcurrentGCThread "G1 Service"                terminated
Total: 16

Threads with active compile tasks:
Total: 0

VM state: at safepoint (shutting down)

VM Mutex/Monitor currently owned by a thread:  ([mutex/lock_event])
[0x00007ffd03dc5458] Threads_lock - owner thread: 0x0000021bc5d5b2f0
[0x00007ffd03dc5558] Heap_lock - owner thread: 0x0000021bc8d0d860

Heap address: 0x0000000608c00000, size: 8052 MB, Compressed Oops mode: Zero based, Oop shift amount: 3

CDS archive(s) mapped at: [0x0000021bc9000000-0x0000021bc9c80000-0x0000021bc9c80000), size 13107200, SharedBaseAddress: 0x0000021bc9000000, ArchiveRelocationMode: 1.
Compressed class space mapped at: 0x0000021bca000000-0x0000021c0a000000, reserved size: 1073741824
Narrow klass base: 0x0000021bc9000000, Narrow klass shift: 0, Narrow klass range: 0x100000000

GC Precious Log:
 CardTable entry size: 512
 Card Set container configuration: InlinePtr #cards 4 size 8 Array Of Cards #cards 32 size 80 Howl #buckets 8 coarsen threshold 7372 Howl Bitmap #cards 1024 size 144 coarsen threshold 921 Card regions per heap region 1 cards per card region 8192
 CPUs: 14 total, 14 available
 Memory: 32203M
 Large Page Support: Disabled
 NUMA Support: Disabled
 Compressed Oops: Enabled (Zero based)
 Heap Region Size: 4M
 Heap Min Capacity: 8M
 Heap Initial Capacity: 504M
 Heap Max Capacity: 8052M
 Pre-touch: Disabled
 Parallel Workers: 11
 Concurrent Workers: 3
 Concurrent Refinement Workers: 11
 Periodic GC: Disabled

Heap:
 garbage-first heap   total 516096K, used 21992K [0x0000000608c00000, 0x0000000800000000)
  region size 4096K, 3 young (12288K), 1 survivors (4096K)
 Metaspace       used 12408K, committed 12672K, reserved 1114112K
  class space    used 1190K, committed 1344K, reserved 1048576K

Heap Regions: E=young(eden), S=young(survivor), O=old, HS=humongous(starts), HC=humongous(continues), CS=collection set, F=free, TAMS=top-at-mark-start, PB=parsable bottom
|   0|0x0000000608c00000, 0x0000000609000000, 0x0000000609000000|100%|HS|  |TAMS 0x0000000608c00000| PB 0x0000000608c00000| Complete 
|   1|0x0000000609000000, 0x0000000609400000, 0x0000000609400000|100%|HC|  |TAMS 0x0000000609000000| PB 0x0000000609000000| Complete 
|   2|0x0000000609400000, 0x0000000609800000, 0x0000000609800000|100%|HC|  |TAMS 0x0000000609400000| PB 0x0000000609400000| Complete 
|   3|0x0000000609800000, 0x000000060997a078, 0x0000000609c00000| 36%| O|  |TAMS 0x0000000609800000| PB 0x0000000609800000| Untracked 
|   4|0x0000000609c00000, 0x0000000609c00000, 0x000000060a000000|  0%| F|  |TAMS 0x0000000609c00000| PB 0x0000000609c00000| Untracked 
|   5|0x000000060a000000, 0x000000060a000000, 0x000000060a400000|  0%| F|  |TAMS 0x000000060a000000| PB 0x000000060a000000| Untracked 
|   6|0x000000060a400000, 0x000000060a400000, 0x000000060a800000|  0%| F|  |TAMS 0x000000060a400000| PB 0x000000060a400000| Untracked 
|   7|0x000000060a800000, 0x000000060a800000, 0x000000060ac00000|  0%| F|  |TAMS 0x000000060a800000| PB 0x000000060a800000| Untracked 
|   8|0x000000060ac00000, 0x000000060ac00000, 0x000000060b000000|  0%| F|  |TAMS 0x000000060ac00000| PB 0x000000060ac00000| Untracked 
|   9|0x000000060b000000, 0x000000060b000000, 0x000000060b400000|  0%| F|  |TAMS 0x000000060b000000| PB 0x000000060b000000| Untracked 
|  10|0x000000060b400000, 0x000000060b400000, 0x000000060b800000|  0%| F|  |TAMS 0x000000060b400000| PB 0x000000060b400000| Untracked 
|  11|0x000000060b800000, 0x000000060b800000, 0x000000060bc00000|  0%| F|  |TAMS 0x000000060b800000| PB 0x000000060b800000| Untracked 
|  12|0x000000060bc00000, 0x000000060bc00000, 0x000000060c000000|  0%| F|  |TAMS 0x000000060bc00000| PB 0x000000060bc00000| Untracked 
|  13|0x000000060c000000, 0x000000060c000000, 0x000000060c400000|  0%| F|  |TAMS 0x000000060c000000| PB 0x000000060c000000| Untracked 
|  14|0x000000060c400000, 0x000000060c400000, 0x000000060c800000|  0%| F|  |TAMS 0x000000060c400000| PB 0x000000060c400000| Untracked 
|  15|0x000000060c800000, 0x000000060c800000, 0x000000060cc00000|  0%| F|  |TAMS 0x000000060c800000| PB 0x000000060c800000| Untracked 
|  16|0x000000060cc00000, 0x000000060cc00000, 0x000000060d000000|  0%| F|  |TAMS 0x000000060cc00000| PB 0x000000060cc00000| Untracked 
|  17|0x000000060d000000, 0x000000060d000000, 0x000000060d400000|  0%| F|  |TAMS 0x000000060d000000| PB 0x000000060d000000| Untracked 
|  18|0x000000060d400000, 0x000000060d400000, 0x000000060d800000|  0%| F|  |TAMS 0x000000060d400000| PB 0x000000060d400000| Untracked 
|  19|0x000000060d800000, 0x000000060d800000, 0x000000060dc00000|  0%| F|  |TAMS 0x000000060d800000| PB 0x000000060d800000| Untracked 
|  20|0x000000060dc00000, 0x000000060dc00000, 0x000000060e000000|  0%| F|  |TAMS 0x000000060dc00000| PB 0x000000060dc00000| Untracked 
|  21|0x000000060e000000, 0x000000060e000000, 0x000000060e400000|  0%| F|  |TAMS 0x000000060e000000| PB 0x000000060e000000| Untracked 
|  22|0x000000060e400000, 0x000000060e400000, 0x000000060e800000|  0%| F|  |TAMS 0x000000060e400000| PB 0x000000060e400000| Untracked 
|  23|0x000000060e800000, 0x000000060e800000, 0x000000060ec00000|  0%| F|  |TAMS 0x000000060e800000| PB 0x000000060e800000| Untracked 
|  24|0x000000060ec00000, 0x000000060ec00000, 0x000000060f000000|  0%| F|  |TAMS 0x000000060ec00000| PB 0x000000060ec00000| Untracked 
|  25|0x000000060f000000, 0x000000060f000000, 0x000000060f400000|  0%| F|  |TAMS 0x000000060f000000| PB 0x000000060f000000| Untracked 
|  26|0x000000060f400000, 0x000000060f400000, 0x000000060f800000|  0%| F|  |TAMS 0x000000060f400000| PB 0x000000060f400000| Untracked 
|  27|0x000000060f800000, 0x000000060f800000, 0x000000060fc00000|  0%| F|  |TAMS 0x000000060f800000| PB 0x000000060f800000| Untracked 
|  28|0x000000060fc00000, 0x000000060fc00000, 0x0000000610000000|  0%| F|  |TAMS 0x000000060fc00000| PB 0x000000060fc00000| Untracked 
|  29|0x0000000610000000, 0x0000000610000000, 0x0000000610400000|  0%| F|  |TAMS 0x0000000610000000| PB 0x0000000610000000| Untracked 
|  30|0x0000000610400000, 0x0000000610400000, 0x0000000610800000|  0%| F|  |TAMS 0x0000000610400000| PB 0x0000000610400000| Untracked 
|  31|0x0000000610800000, 0x0000000610800000, 0x0000000610c00000|  0%| F|  |TAMS 0x0000000610800000| PB 0x0000000610800000| Untracked 
|  32|0x0000000610c00000, 0x0000000610c00000, 0x0000000611000000|  0%| F|  |TAMS 0x0000000610c00000| PB 0x0000000610c00000| Untracked 
|  33|0x0000000611000000, 0x0000000611000000, 0x0000000611400000|  0%| F|  |TAMS 0x0000000611000000| PB 0x0000000611000000| Untracked 
|  34|0x0000000611400000, 0x0000000611400000, 0x0000000611800000|  0%| F|  |TAMS 0x0000000611400000| PB 0x0000000611400000| Untracked 
|  35|0x0000000611800000, 0x0000000611800000, 0x0000000611c00000|  0%| F|  |TAMS 0x0000000611800000| PB 0x0000000611800000| Untracked 
|  36|0x0000000611c00000, 0x0000000611c00000, 0x0000000612000000|  0%| F|  |TAMS 0x0000000611c00000| PB 0x0000000611c00000| Untracked 
|  37|0x0000000612000000, 0x0000000612000000, 0x0000000612400000|  0%| F|  |TAMS 0x0000000612000000| PB 0x0000000612000000| Untracked 
|  38|0x0000000612400000, 0x0000000612400000, 0x0000000612800000|  0%| F|  |TAMS 0x0000000612400000| PB 0x0000000612400000| Untracked 
|  39|0x0000000612800000, 0x0000000612800000, 0x0000000612c00000|  0%| F|  |TAMS 0x0000000612800000| PB 0x0000000612800000| Untracked 
|  40|0x0000000612c00000, 0x0000000612c00000, 0x0000000613000000|  0%| F|  |TAMS 0x0000000612c00000| PB 0x0000000612c00000| Untracked 
|  41|0x0000000613000000, 0x0000000613000000, 0x0000000613400000|  0%| F|  |TAMS 0x0000000613000000| PB 0x0000000613000000| Untracked 
|  42|0x0000000613400000, 0x0000000613400000, 0x0000000613800000|  0%| F|  |TAMS 0x0000000613400000| PB 0x0000000613400000| Untracked 
|  43|0x0000000613800000, 0x0000000613800000, 0x0000000613c00000|  0%| F|  |TAMS 0x0000000613800000| PB 0x0000000613800000| Untracked 
|  44|0x0000000613c00000, 0x0000000613c00000, 0x0000000614000000|  0%| F|  |TAMS 0x0000000613c00000| PB 0x0000000613c00000| Untracked 
|  45|0x0000000614000000, 0x0000000614000000, 0x0000000614400000|  0%| F|  |TAMS 0x0000000614000000| PB 0x0000000614000000| Untracked 
|  46|0x0000000614400000, 0x0000000614400000, 0x0000000614800000|  0%| F|  |TAMS 0x0000000614400000| PB 0x0000000614400000| Untracked 
|  47|0x0000000614800000, 0x0000000614800000, 0x0000000614c00000|  0%| F|  |TAMS 0x0000000614800000| PB 0x0000000614800000| Untracked 
|  48|0x0000000614c00000, 0x0000000614c00000, 0x0000000615000000|  0%| F|  |TAMS 0x0000000614c00000| PB 0x0000000614c00000| Untracked 
|  49|0x0000000615000000, 0x0000000615000000, 0x0000000615400000|  0%| F|  |TAMS 0x0000000615000000| PB 0x0000000615000000| Untracked 
|  50|0x0000000615400000, 0x0000000615400000, 0x0000000615800000|  0%| F|  |TAMS 0x0000000615400000| PB 0x0000000615400000| Untracked 
|  51|0x0000000615800000, 0x0000000615800000, 0x0000000615c00000|  0%| F|  |TAMS 0x0000000615800000| PB 0x0000000615800000| Untracked 
|  52|0x0000000615c00000, 0x0000000615c00000, 0x0000000616000000|  0%| F|  |TAMS 0x0000000615c00000| PB 0x0000000615c00000| Untracked 
|  53|0x0000000616000000, 0x0000000616000000, 0x0000000616400000|  0%| F|  |TAMS 0x0000000616000000| PB 0x0000000616000000| Untracked 
|  54|0x0000000616400000, 0x0000000616400000, 0x0000000616800000|  0%| F|  |TAMS 0x0000000616400000| PB 0x0000000616400000| Untracked 
|  55|0x0000000616800000, 0x0000000616800000, 0x0000000616c00000|  0%| F|  |TAMS 0x0000000616800000| PB 0x0000000616800000| Untracked 
|  56|0x0000000616c00000, 0x0000000616c00000, 0x0000000617000000|  0%| F|  |TAMS 0x0000000616c00000| PB 0x0000000616c00000| Untracked 
|  57|0x0000000617000000, 0x0000000617000000, 0x0000000617400000|  0%| F|  |TAMS 0x0000000617000000| PB 0x0000000617000000| Untracked 
|  58|0x0000000617400000, 0x0000000617400000, 0x0000000617800000|  0%| F|  |TAMS 0x0000000617400000| PB 0x0000000617400000| Untracked 
|  59|0x0000000617800000, 0x0000000617800000, 0x0000000617c00000|  0%| F|  |TAMS 0x0000000617800000| PB 0x0000000617800000| Untracked 
|  60|0x0000000617c00000, 0x0000000617c00000, 0x0000000618000000|  0%| F|  |TAMS 0x0000000617c00000| PB 0x0000000617c00000| Untracked 
|  61|0x0000000618000000, 0x0000000618000000, 0x0000000618400000|  0%| F|  |TAMS 0x0000000618000000| PB 0x0000000618000000| Untracked 
|  62|0x0000000618400000, 0x0000000618400000, 0x0000000618800000|  0%| F|  |TAMS 0x0000000618400000| PB 0x0000000618400000| Untracked 
|  63|0x0000000618800000, 0x0000000618800000, 0x0000000618c00000|  0%| F|  |TAMS 0x0000000618800000| PB 0x0000000618800000| Untracked 
|  64|0x0000000618c00000, 0x0000000618c00000, 0x0000000619000000|  0%| F|  |TAMS 0x0000000618c00000| PB 0x0000000618c00000| Untracked 
|  65|0x0000000619000000, 0x0000000619000000, 0x0000000619400000|  0%| F|  |TAMS 0x0000000619000000| PB 0x0000000619000000| Untracked 
|  66|0x0000000619400000, 0x0000000619400000, 0x0000000619800000|  0%| F|  |TAMS 0x0000000619400000| PB 0x0000000619400000| Untracked 
|  67|0x0000000619800000, 0x0000000619800000, 0x0000000619c00000|  0%| F|  |TAMS 0x0000000619800000| PB 0x0000000619800000| Untracked 
|  68|0x0000000619c00000, 0x0000000619c00000, 0x000000061a000000|  0%| F|  |TAMS 0x0000000619c00000| PB 0x0000000619c00000| Untracked 
|  69|0x000000061a000000, 0x000000061a000000, 0x000000061a400000|  0%| F|  |TAMS 0x000000061a000000| PB 0x000000061a000000| Untracked 
|  70|0x000000061a400000, 0x000000061a400000, 0x000000061a800000|  0%| F|  |TAMS 0x000000061a400000| PB 0x000000061a400000| Untracked 
|  71|0x000000061a800000, 0x000000061a800000, 0x000000061ac00000|  0%| F|  |TAMS 0x000000061a800000| PB 0x000000061a800000| Untracked 
|  72|0x000000061ac00000, 0x000000061ac00000, 0x000000061b000000|  0%| F|  |TAMS 0x000000061ac00000| PB 0x000000061ac00000| Untracked 
|  73|0x000000061b000000, 0x000000061b000000, 0x000000061b400000|  0%| F|  |TAMS 0x000000061b000000| PB 0x000000061b000000| Untracked 
|  74|0x000000061b400000, 0x000000061b400000, 0x000000061b800000|  0%| F|  |TAMS 0x000000061b400000| PB 0x000000061b400000| Untracked 
|  75|0x000000061b800000, 0x000000061b800000, 0x000000061bc00000|  0%| F|  |TAMS 0x000000061b800000| PB 0x000000061b800000| Untracked 
|  76|0x000000061bc00000, 0x000000061bc00000, 0x000000061c000000|  0%| F|  |TAMS 0x000000061bc00000| PB 0x000000061bc00000| Untracked 
|  77|0x000000061c000000, 0x000000061c000000, 0x000000061c400000|  0%| F|  |TAMS 0x000000061c000000| PB 0x000000061c000000| Untracked 
|  78|0x000000061c400000, 0x000000061c400000, 0x000000061c800000|  0%| F|  |TAMS 0x000000061c400000| PB 0x000000061c400000| Untracked 
|  79|0x000000061c800000, 0x000000061c800000, 0x000000061cc00000|  0%| F|  |TAMS 0x000000061c800000| PB 0x000000061c800000| Untracked 
|  80|0x000000061cc00000, 0x000000061cc00000, 0x000000061d000000|  0%| F|  |TAMS 0x000000061cc00000| PB 0x000000061cc00000| Untracked 
|  81|0x000000061d000000, 0x000000061d000000, 0x000000061d400000|  0%| F|  |TAMS 0x000000061d000000| PB 0x000000061d000000| Untracked 
|  82|0x000000061d400000, 0x000000061d400000, 0x000000061d800000|  0%| F|  |TAMS 0x000000061d400000| PB 0x000000061d400000| Untracked 
|  83|0x000000061d800000, 0x000000061d800000, 0x000000061dc00000|  0%| F|  |TAMS 0x000000061d800000| PB 0x000000061d800000| Untracked 
|  84|0x000000061dc00000, 0x000000061dc00000, 0x000000061e000000|  0%| F|  |TAMS 0x000000061dc00000| PB 0x000000061dc00000| Untracked 
|  85|0x000000061e000000, 0x000000061e000000, 0x000000061e400000|  0%| F|  |TAMS 0x000000061e000000| PB 0x000000061e000000| Untracked 
|  86|0x000000061e400000, 0x000000061e400000, 0x000000061e800000|  0%| F|  |TAMS 0x000000061e400000| PB 0x000000061e400000| Untracked 
|  87|0x000000061e800000, 0x000000061e800000, 0x000000061ec00000|  0%| F|  |TAMS 0x000000061e800000| PB 0x000000061e800000| Untracked 
|  88|0x000000061ec00000, 0x000000061ec00000, 0x000000061f000000|  0%| F|  |TAMS 0x000000061ec00000| PB 0x000000061ec00000| Untracked 
|  89|0x000000061f000000, 0x000000061f000000, 0x000000061f400000|  0%| F|  |TAMS 0x000000061f000000| PB 0x000000061f000000| Untracked 
|  90|0x000000061f400000, 0x000000061f400000, 0x000000061f800000|  0%| F|  |TAMS 0x000000061f400000| PB 0x000000061f400000| Untracked 
|  91|0x000000061f800000, 0x000000061f800000, 0x000000061fc00000|  0%| F|  |TAMS 0x000000061f800000| PB 0x000000061f800000| Untracked 
|  92|0x000000061fc00000, 0x000000061fc00000, 0x0000000620000000|  0%| F|  |TAMS 0x000000061fc00000| PB 0x000000061fc00000| Untracked 
|  93|0x0000000620000000, 0x0000000620000000, 0x0000000620400000|  0%| F|  |TAMS 0x0000000620000000| PB 0x0000000620000000| Untracked 
|  94|0x0000000620400000, 0x0000000620400000, 0x0000000620800000|  0%| F|  |TAMS 0x0000000620400000| PB 0x0000000620400000| Untracked 
|  95|0x0000000620800000, 0x0000000620800000, 0x0000000620c00000|  0%| F|  |TAMS 0x0000000620800000| PB 0x0000000620800000| Untracked 
|  96|0x0000000620c00000, 0x0000000620c00000, 0x0000000621000000|  0%| F|  |TAMS 0x0000000620c00000| PB 0x0000000620c00000| Untracked 
|  97|0x0000000621000000, 0x0000000621000000, 0x0000000621400000|  0%| F|  |TAMS 0x0000000621000000| PB 0x0000000621000000| Untracked 
|  98|0x0000000621400000, 0x0000000621400000, 0x0000000621800000|  0%| F|  |TAMS 0x0000000621400000| PB 0x0000000621400000| Untracked 
|  99|0x0000000621800000, 0x0000000621800000, 0x0000000621c00000|  0%| F|  |TAMS 0x0000000621800000| PB 0x0000000621800000| Untracked 
| 100|0x0000000621c00000, 0x0000000621c00000, 0x0000000622000000|  0%| F|  |TAMS 0x0000000621c00000| PB 0x0000000621c00000| Untracked 
| 101|0x0000000622000000, 0x0000000622000000, 0x0000000622400000|  0%| F|  |TAMS 0x0000000622000000| PB 0x0000000622000000| Untracked 
| 102|0x0000000622400000, 0x0000000622400000, 0x0000000622800000|  0%| F|  |TAMS 0x0000000622400000| PB 0x0000000622400000| Untracked 
| 103|0x0000000622800000, 0x0000000622800000, 0x0000000622c00000|  0%| F|  |TAMS 0x0000000622800000| PB 0x0000000622800000| Untracked 
| 104|0x0000000622c00000, 0x0000000622c00000, 0x0000000623000000|  0%| F|  |TAMS 0x0000000622c00000| PB 0x0000000622c00000| Untracked 
| 105|0x0000000623000000, 0x0000000623000000, 0x0000000623400000|  0%| F|  |TAMS 0x0000000623000000| PB 0x0000000623000000| Untracked 
| 106|0x0000000623400000, 0x0000000623400000, 0x0000000623800000|  0%| F|  |TAMS 0x0000000623400000| PB 0x0000000623400000| Untracked 
| 107|0x0000000623800000, 0x0000000623800000, 0x0000000623c00000|  0%| F|  |TAMS 0x0000000623800000| PB 0x0000000623800000| Untracked 
| 108|0x0000000623c00000, 0x0000000623c00000, 0x0000000624000000|  0%| F|  |TAMS 0x0000000623c00000| PB 0x0000000623c00000| Untracked 
| 109|0x0000000624000000, 0x0000000624000000, 0x0000000624400000|  0%| F|  |TAMS 0x0000000624000000| PB 0x0000000624000000| Untracked 
| 110|0x0000000624400000, 0x0000000624400000, 0x0000000624800000|  0%| F|  |TAMS 0x0000000624400000| PB 0x0000000624400000| Untracked 
| 111|0x0000000624800000, 0x0000000624800000, 0x0000000624c00000|  0%| F|  |TAMS 0x0000000624800000| PB 0x0000000624800000| Untracked 
| 112|0x0000000624c00000, 0x0000000624c00000, 0x0000000625000000|  0%| F|  |TAMS 0x0000000624c00000| PB 0x0000000624c00000| Untracked 
| 113|0x0000000625000000, 0x0000000625000000, 0x0000000625400000|  0%| F|  |TAMS 0x0000000625000000| PB 0x0000000625000000| Untracked 
| 114|0x0000000625400000, 0x0000000625400000, 0x0000000625800000|  0%| F|  |TAMS 0x0000000625400000| PB 0x0000000625400000| Untracked 
| 115|0x0000000625800000, 0x0000000625800000, 0x0000000625c00000|  0%| F|  |TAMS 0x0000000625800000| PB 0x0000000625800000| Untracked 
| 116|0x0000000625c00000, 0x0000000625c00000, 0x0000000626000000|  0%| F|  |TAMS 0x0000000625c00000| PB 0x0000000625c00000| Untracked 
| 117|0x0000000626000000, 0x0000000626000000, 0x0000000626400000|  0%| F|  |TAMS 0x0000000626000000| PB 0x0000000626000000| Untracked 
| 118|0x0000000626400000, 0x0000000626400000, 0x0000000626800000|  0%| F|  |TAMS 0x0000000626400000| PB 0x0000000626400000| Untracked 
| 119|0x0000000626800000, 0x0000000626c00000, 0x0000000626c00000|100%| S|CS|TAMS 0x0000000626800000| PB 0x0000000626800000| Complete 
| 120|0x0000000626c00000, 0x0000000626c00000, 0x0000000627000000|  0%| F|  |TAMS 0x0000000626c00000| PB 0x0000000626c00000| Untracked 
| 121|0x0000000627000000, 0x0000000627000000, 0x0000000627400000|  0%| F|  |TAMS 0x0000000627000000| PB 0x0000000627000000| Untracked 
| 122|0x0000000627400000, 0x0000000627400000, 0x0000000627800000|  0%| F|  |TAMS 0x0000000627400000| PB 0x0000000627400000| Untracked 
| 123|0x0000000627800000, 0x0000000627800000, 0x0000000627c00000|  0%| F|  |TAMS 0x0000000627800000| PB 0x0000000627800000| Untracked 
| 124|0x0000000627c00000, 0x0000000627f7cdb0, 0x0000000628000000| 87%| E|  |TAMS 0x0000000627c00000| PB 0x0000000627c00000| Complete 
| 125|0x0000000628000000, 0x0000000628400000, 0x0000000628400000|100%| E|CS|TAMS 0x0000000628000000| PB 0x0000000628000000| Complete 

Card table byte_map: [0x0000021bbcd10000,0x0000021bbdcd0000] _byte_map_base: 0x0000021bb9cca000

Marking Bits: (CMBitMap*) 0x0000021ba8de2450
 Bits: [0x0000021bbdcd0000, 0x0000021bc5aa0000)

Polling page: 0x0000021ba6b90000

Metaspace:

Usage:
  Non-class:     10.96 MB used.
      Class:      1.16 MB used.
       Both:     12.12 MB used.

Virtual space:
  Non-class space:       64.00 MB reserved,      11.06 MB ( 17%) committed,  1 nodes.
      Class space:        1.00 GB reserved,       1.31 MB ( <1%) committed,  1 nodes.
             Both:        1.06 GB reserved,      12.38 MB (  1%) committed. 

Chunk freelists:
   Non-Class:  4.73 MB
       Class:  14.66 MB
        Both:  19.39 MB

MaxMetaspaceSize: unlimited
CompressedClassSpaceSize: 1.00 GB
Initial GC threshold: 21.00 MB
Current GC threshold: 21.00 MB
CDS: on
 - commit_granule_bytes: 65536.
 - commit_granule_words: 8192.
 - virtual_space_node_default_size: 8388608.
 - enlarge_chunks_in_place: 1.
 - use_allocation_guard: 0.


Internal statistics:

num_allocs_failed_limit: 0.
num_arena_births: 198.
num_arena_deaths: 0.
num_vsnodes_births: 2.
num_vsnodes_deaths: 0.
num_space_committed: 196.
num_space_uncommitted: 0.
num_chunks_returned_to_freelist: 0.
num_chunks_taken_from_freelist: 399.
num_chunk_merges: 0.
num_chunk_splits: 242.
num_chunks_enlarged: 130.
num_inconsistent_stats: 0.

CodeHeap 'non-profiled nmethods': size=120000Kb used=953Kb max_used=953Kb free=119047Kb
 bounds [0x0000021bb41b0000, 0x0000021bb4420000, 0x0000021bbb6e0000]
CodeHeap 'profiled nmethods': size=120000Kb used=3399Kb max_used=3399Kb free=116601Kb
 bounds [0x0000021bac6e0000, 0x0000021baca40000, 0x0000021bb3c10000]
CodeHeap 'non-nmethods': size=5760Kb used=1709Kb max_used=1734Kb free=4051Kb
 bounds [0x0000021bb3c10000, 0x0000021bb3e80000, 0x0000021bb41b0000]
CodeCache: size=245760Kb, used=6061Kb, max_used=6086Kb, free=239699Kb
 total_blobs=2715, nmethods=1966, adapters=654, full_count=0
Compilation: enabled, stopped_count=0, restarted_count=0

Compilation events (20 events):
Event: 15.175 Thread 0x0000021bc8934240 1957       4       net.minecraft.src.GuiOptions::drawScreen (34 bytes)
Event: 15.297 Thread 0x0000021bc8934240 nmethod 1957 0x0000021bb4296590 code [0x0000021bb4296980, 0x0000021bb4297ff0]
Event: 15.486 Thread 0x0000021bc894e070 1958       3       net.minecraft.client.Minecraft::runTick (1014 bytes)
Event: 15.493 Thread 0x0000021bc894e070 nmethod 1958 0x0000021baca29510 code [0x0000021baca29e40, 0x0000021baca2f818]
Event: 15.494 Thread 0x0000021bc894e070 1959       3       net.minecraft.src.GuiIngame::updateTick (71 bytes)
Event: 15.494 Thread 0x0000021bc894e070 nmethod 1959 0x0000021baca31310 code [0x0000021baca31500, 0x0000021baca31a50]
Event: 16.012 Thread 0x0000021bc8934240 1960       4       org.lwjgl.opengl.Display::update (5 bytes)
Event: 16.016 Thread 0x0000021bc8934240 nmethod 1960 0x0000021bb4299390 code [0x0000021bb4299560, 0x0000021bb4299938]
Event: 16.016 Thread 0x0000021bc8934240 1961   !   4       org.lwjgl.opengl.Display::update (154 bytes)
Event: 16.019 Thread 0x0000021bc8934240 nmethod 1961 0x0000021bb4299b10 code [0x0000021bb4299ce0, 0x0000021bb429a0e0]
Event: 16.019 Thread 0x0000021bc8934240 1962       4       net.minecraft.client.Minecraft::isMultiplayerWorld (21 bytes)
Event: 16.019 Thread 0x0000021bc8934240 nmethod 1962 0x0000021bb429a310 code [0x0000021bb429a4a0, 0x0000021bb429a550]
Event: 16.194 Thread 0x0000021bc8934240 1963   !   4       org.lwjgl.input.Keyboard::isKeyDown (45 bytes)
Event: 16.196 Thread 0x0000021bc8934240 nmethod 1963 0x0000021bb429a610 code [0x0000021bb429a7c0, 0x0000021bb429aa50]
Event: 16.375 Thread 0x0000021bc8934240 1964       4       net.minecraft.src.SoundManager::setListener (178 bytes)
Event: 16.377 Thread 0x0000021bc8934240 nmethod 1964 0x0000021bb429ac10 code [0x0000021bb429adc0, 0x0000021bb429aef0]
Event: 16.377 Thread 0x0000021bc8934240 1965       4       net.minecraft.src.EntityRenderer::updateCameraAndRender (367 bytes)
Event: 16.483 Thread 0x0000021bc8934240 nmethod 1965 0x0000021bb429b010 code [0x0000021bb429b420, 0x0000021bb429cc58]
Event: 16.483 Thread 0x0000021bc8934240 1966       4       java.lang.Thread::yield (27 bytes)
Event: 16.484 Thread 0x0000021bc8934240 nmethod 1966 0x0000021bb429e110 code [0x0000021bb429e2a0, 0x0000021bb429e360]

GC Heap History (2 events):
Event: 3.274 GC heap before
{Heap before GC invocations=0 (full 0):
 garbage-first heap   total 516096K, used 36864K [0x0000000608c00000, 0x0000000800000000)
  region size 4096K, 6 young (24576K), 0 survivors (0K)
 Metaspace       used 11841K, committed 12096K, reserved 1114112K
  class space    used 1154K, committed 1280K, reserved 1048576K
}
Event: 3.285 GC heap after
{Heap after GC invocations=1 (full 0):
 garbage-first heap   total 516096K, used 17896K [0x0000000608c00000, 0x0000000800000000)
  region size 4096K, 1 young (4096K), 1 survivors (4096K)
 Metaspace       used 11841K, committed 12096K, reserved 1114112K
  class space    used 1154K, committed 1280K, reserved 1048576K
}

Dll operation events (15 events):
Event: 0.015 Loaded shared library C:\Users\gagek\.p2\pool\plugins\org.eclipse.justj.openjdk.hotspot.jre.full.win32.x86_64_21.0.8.v20250724-1412\jre\bin\java.dll
Event: 0.067 Loaded shared library C:\Users\gagek\.p2\pool\plugins\org.eclipse.justj.openjdk.hotspot.jre.full.win32.x86_64_21.0.8.v20250724-1412\jre\bin\zip.dll
Event: 0.129 Loaded shared library C:\Users\gagek\.p2\pool\plugins\org.eclipse.justj.openjdk.hotspot.jre.full.win32.x86_64_21.0.8.v20250724-1412\jre\bin\net.dll
Event: 0.132 Loaded shared library C:\Users\gagek\.p2\pool\plugins\org.eclipse.justj.openjdk.hotspot.jre.full.win32.x86_64_21.0.8.v20250724-1412\jre\bin\nio.dll
Event: 0.138 Loaded shared library C:\Users\gagek\.p2\pool\plugins\org.eclipse.justj.openjdk.hotspot.jre.full.win32.x86_64_21.0.8.v20250724-1412\jre\bin\zip.dll
Event: 0.232 Loaded shared library C:\Users\gagek\.p2\pool\plugins\org.eclipse.justj.openjdk.hotspot.jre.full.win32.x86_64_21.0.8.v20250724-1412\jre\bin\jimage.dll
Event: 0.271 Loaded shared library C:\Users\gagek\.p2\pool\plugins\org.eclipse.justj.openjdk.hotspot.jre.full.win32.x86_64_21.0.8.v20250724-1412\jre\bin\awt.dll
Event: 0.541 Loaded shared library C:\Users\gagek\.p2\pool\plugins\org.eclipse.justj.openjdk.hotspot.jre.full.win32.x86_64_21.0.8.v20250724-1412\jre\bin\freetype.dll
Event: 0.543 Loaded shared library C:\Users\gagek\.p2\pool\plugins\org.eclipse.justj.openjdk.hotspot.jre.full.win32.x86_64_21.0.8.v20250724-1412\jre\bin\fontmanager.dll
Event: 0.836 Loaded shared library C:\Users\gagek\.p2\pool\plugins\org.eclipse.justj.openjdk.hotspot.jre.full.win32.x86_64_21.0.8.v20250724-1412\jre\bin\verify.dll
Event: 0.858 Loaded shared library C:\MinecraftAlphaDev\libraries\natives\lwjgl64.dll
Event: 0.893 Loaded shared library C:\Users\gagek\.p2\pool\plugins\org.eclipse.justj.openjdk.hotspot.jre.full.win32.x86_64_21.0.8.v20250724-1412\jre\bin\jawt.dll
Event: 2.173 Loaded shared library C:\MinecraftAlphaDev\libraries\natives\jinput-dx8_64.dll
Event: 2.393 Loaded shared library C:\MinecraftAlphaDev\libraries\natives\jinput-raw_64.dll
Event: 3.307 Loaded shared library C:\Users\gagek\.p2\pool\plugins\org.eclipse.justj.openjdk.hotspot.jre.full.win32.x86_64_21.0.8.v20250724-1412\jre\bin\extnet.dll

Deoptimization events (20 events):
Event: 9.132 Thread 0x0000021c0e1fb5a0 Uncommon trap: trap_request=0xffffffde fr.pc=0x0000021bb42839cc relative=0x000000000000012c
Event: 9.132 Thread 0x0000021c0e1fb5a0 Uncommon trap: reason=class_check action=maybe_recompile pc=0x0000021bb42839cc method=jdk.internal.misc.Unsafe.allocateUninitializedArray(Ljava/lang/Class;I)Ljava/lang/Object; @ 51 c2
Event: 9.132 Thread 0x0000021c0e1fb5a0 DEOPT PACKING pc=0x0000021bb42839cc sp=0x000000fe23dfe9b0
Event: 9.132 Thread 0x0000021c0e1fb5a0 DEOPT UNPACKING pc=0x0000021bb3c646a2 sp=0x000000fe23dfe928 mode 2
Event: 9.132 Thread 0x0000021c0e1fb5a0 Uncommon trap: trap_request=0xffffffde fr.pc=0x0000021bb42839cc relative=0x000000000000012c
Event: 9.132 Thread 0x0000021c0e1fb5a0 Uncommon trap: reason=class_check action=maybe_recompile pc=0x0000021bb42839cc method=jdk.internal.misc.Unsafe.allocateUninitializedArray(Ljava/lang/Class;I)Ljava/lang/Object; @ 51 c2
Event: 9.132 Thread 0x0000021c0e1fb5a0 DEOPT PACKING pc=0x0000021bb42839cc sp=0x000000fe23dfe9b0
Event: 9.132 Thread 0x0000021c0e1fb5a0 DEOPT UNPACKING pc=0x0000021bb3c646a2 sp=0x000000fe23dfe928 mode 2
Event: 9.139 Thread 0x0000021c0e1fb5a0 Uncommon trap: trap_request=0xffffffde fr.pc=0x0000021bb42839cc relative=0x000000000000012c
Event: 9.139 Thread 0x0000021c0e1fb5a0 Uncommon trap: reason=class_check action=maybe_recompile pc=0x0000021bb42839cc method=jdk.internal.misc.Unsafe.allocateUninitializedArray(Ljava/lang/Class;I)Ljava/lang/Object; @ 51 c2
Event: 9.139 Thread 0x0000021c0e1fb5a0 DEOPT PACKING pc=0x0000021bb42839cc sp=0x000000fe23dfe9b0
Event: 9.139 Thread 0x0000021c0e1fb5a0 DEOPT UNPACKING pc=0x0000021bb3c646a2 sp=0x000000fe23dfe928 mode 2
Event: 9.139 Thread 0x0000021c0e1fb5a0 Uncommon trap: trap_request=0xffffffde fr.pc=0x0000021bb42839cc relative=0x000000000000012c
Event: 9.139 Thread 0x0000021c0e1fb5a0 Uncommon trap: reason=class_check action=maybe_recompile pc=0x0000021bb42839cc method=jdk.internal.misc.Unsafe.allocateUninitializedArray(Ljava/lang/Class;I)Ljava/lang/Object; @ 51 c2
Event: 9.139 Thread 0x0000021c0e1fb5a0 DEOPT PACKING pc=0x0000021bb42839cc sp=0x000000fe23dfe9b0
Event: 9.139 Thread 0x0000021c0e1fb5a0 DEOPT UNPACKING pc=0x0000021bb3c646a2 sp=0x000000fe23dfe928 mode 2
Event: 11.200 Thread 0x0000021c0e1fb5a0 DEOPT PACKING pc=0x0000021bac9d896b sp=0x000000fe23dfed70
Event: 11.200 Thread 0x0000021c0e1fb5a0 DEOPT UNPACKING pc=0x0000021bb3c64e42 sp=0x000000fe23dfe1f0 mode 0
Event: 12.058 Thread 0x0000021c0e1fb5a0 DEOPT PACKING pc=0x0000021bac9ac8ca sp=0x000000fe23dfed30
Event: 12.058 Thread 0x0000021c0e1fb5a0 DEOPT UNPACKING pc=0x0000021bb3c64e42 sp=0x000000fe23dfe220 mode 0

Classes loaded (20 events):
Event: 3.357 Loading class sun/nio/ch/Util$1
Event: 3.357 Loading class sun/nio/ch/Util$1 done
Event: 3.357 Loading class sun/nio/ch/Util$BufferCache
Event: 3.357 Loading class sun/nio/ch/Util$BufferCache done
Event: 3.358 Loading class sun/nio/ch/IOStatus
Event: 3.358 Loading class sun/nio/ch/IOStatus done
Event: 3.358 Loading class java/net/Socket$SocketInputStream
Event: 3.358 Loading class java/net/Socket$SocketInputStream done
Event: 3.358 Loading class sun/nio/ch/NioSocketImpl$1
Event: 3.358 Loading class sun/nio/ch/NioSocketImpl$1 done
Event: 3.410 Loading class sun/net/www/http/ChunkedInputStream
Event: 3.410 Loading class sun/net/www/http/Hurryable
Event: 3.411 Loading class sun/net/www/http/Hurryable done
Event: 3.411 Loading class sun/net/www/http/ChunkedInputStream done
Event: 3.411 Loading class sun/net/www/protocol/http/HttpURLConnection$HttpInputStream
Event: 3.411 Loading class sun/net/www/protocol/http/HttpURLConnection$HttpInputStream done
Event: 16.425 Loading class java/util/WeakHashMap$KeyIterator
Event: 16.425 Loading class java/util/WeakHashMap$HashIterator
Event: 16.425 Loading class java/util/WeakHashMap$HashIterator done
Event: 16.425 Loading class java/util/WeakHashMap$KeyIterator done

Classes unloaded (0 events):
No events

Classes redefined (0 events):
No events

Internal exceptions (20 events):
Event: 14.551 Thread 0x0000021c14f57ee0 Exception <a 'java/lang/InterruptedException'{0x0000000627e4b9b8}: sleep interrupted> (0x0000000627e4b9b8) 
thrown [s\src\hotspot\share\prims\jvm.cpp, line 3074]
Event: 14.552 Thread 0x0000021c14f57ee0 Exception <a 'java/lang/InterruptedException'{0x0000000627e4bcd0}: sleep interrupted> (0x0000000627e4bcd0) 
thrown [s\src\hotspot\share\prims\jvm.cpp, line 3074]
Event: 14.553 Thread 0x0000021c14f57ee0 Exception <a 'java/lang/InterruptedException'{0x0000000627e4bfe8}: sleep interrupted> (0x0000000627e4bfe8) 
thrown [s\src\hotspot\share\prims\jvm.cpp, line 3074]
Event: 14.554 Thread 0x0000021c14f57ee0 Exception <a 'java/lang/InterruptedException'{0x0000000627e4c300}: sleep interrupted> (0x0000000627e4c300) 
thrown [s\src\hotspot\share\prims\jvm.cpp, line 3074]
Event: 14.556 Thread 0x0000021c14f57ee0 Exception <a 'java/lang/InterruptedException'{0x0000000627e4c618}: sleep interrupted> (0x0000000627e4c618) 
thrown [s\src\hotspot\share\prims\jvm.cpp, line 3074]
Event: 14.557 Thread 0x0000021c14f57ee0 Exception <a 'java/lang/InterruptedException'{0x0000000627e4c930}: sleep interrupted> (0x0000000627e4c930) 
thrown [s\src\hotspot\share\prims\jvm.cpp, line 3074]
Event: 14.558 Thread 0x0000021c14f57ee0 Exception <a 'java/lang/InterruptedException'{0x0000000627e4cc48}: sleep interrupted> (0x0000000627e4cc48) 
thrown [s\src\hotspot\share\prims\jvm.cpp, line 3074]
Event: 14.559 Thread 0x0000021c14f57ee0 Exception <a 'java/lang/InterruptedException'{0x0000000627e4cf60}: sleep interrupted> (0x0000000627e4cf60) 
thrown [s\src\hotspot\share\prims\jvm.cpp, line 3074]
Event: 14.560 Thread 0x0000021c14f57ee0 Exception <a 'java/lang/InterruptedException'{0x0000000627e4d278}: sleep interrupted> (0x0000000627e4d278) 
thrown [s\src\hotspot\share\prims\jvm.cpp, line 3074]
Event: 14.562 Thread 0x0000021c14f57ee0 Exception <a 'java/lang/InterruptedException'{0x0000000627e4d590}: sleep interrupted> (0x0000000627e4d590) 
thrown [s\src\hotspot\share\prims\jvm.cpp, line 3074]
Event: 14.563 Thread 0x0000021c14f57ee0 Exception <a 'java/lang/InterruptedException'{0x0000000627e4d8a8}: sleep interrupted> (0x0000000627e4d8a8) 
thrown [s\src\hotspot\share\prims\jvm.cpp, line 3074]
Event: 14.565 Thread 0x0000021c14f57ee0 Exception <a 'java/lang/InterruptedException'{0x0000000627e4dbc0}: sleep interrupted> (0x0000000627e4dbc0) 
thrown [s\src\hotspot\share\prims\jvm.cpp, line 3074]
Event: 14.566 Thread 0x0000021c14f57ee0 Exception <a 'java/lang/InterruptedException'{0x0000000627e4ded8}: sleep interrupted> (0x0000000627e4ded8) 
thrown [s\src\hotspot\share\prims\jvm.cpp, line 3074]
Event: 14.567 Thread 0x0000021c14f57ee0 Exception <a 'java/lang/InterruptedException'{0x0000000627e4e1f0}: sleep interrupted> (0x0000000627e4e1f0) 
thrown [s\src\hotspot\share\prims\jvm.cpp, line 3074]
Event: 14.569 Thread 0x0000021c14f57ee0 Exception <a 'java/lang/InterruptedException'{0x0000000627e4e508}: sleep interrupted> (0x0000000627e4e508) 
thrown [s\src\hotspot\share\prims\jvm.cpp, line 3074]
Event: 14.571 Thread 0x0000021c14f57ee0 Exception <a 'java/lang/InterruptedException'{0x0000000627e4e820}: sleep interrupted> (0x0000000627e4e820) 
thrown [s\src\hotspot\share\prims\jvm.cpp, line 3074]
Event: 14.572 Thread 0x0000021c14f57ee0 Exception <a 'java/lang/InterruptedException'{0x0000000627e4eb38}: sleep interrupted> (0x0000000627e4eb38) 
thrown [s\src\hotspot\share\prims\jvm.cpp, line 3074]
Event: 14.573 Thread 0x0000021c14f57ee0 Exception <a 'java/lang/InterruptedException'{0x0000000627e4ee50}: sleep interrupted> (0x0000000627e4ee50) 
thrown [s\src\hotspot\share\prims\jvm.cpp, line 3074]
Event: 14.583 Thread 0x0000021c14f57ee0 Exception <a 'java/lang/InterruptedException'{0x0000000627e4f168}: sleep interrupted> (0x0000000627e4f168) 
thrown [s\src\hotspot\share\prims\jvm.cpp, line 3074]
Event: 14.585 Thread 0x0000021c14f57ee0 Exception <a 'java/lang/InterruptedException'{0x0000000627e4f480}: sleep interrupted> (0x0000000627e4f480) 
thrown [s\src\hotspot\share\prims\jvm.cpp, line 3074]

ZGC Phase Switch (0 events):
No events

VM Operations (20 events):
Event: 5.140 Executing VM operation: HandshakeAllThreads (Deoptimize) done
Event: 6.140 Executing VM operation: Cleanup
Event: 6.209 Executing VM operation: Cleanup done
Event: 7.210 Executing VM operation: Cleanup
Event: 7.210 Executing VM operation: Cleanup done
Event: 8.211 Executing VM operation: Cleanup
Event: 8.211 Executing VM operation: Cleanup done
Event: 9.211 Executing VM operation: Cleanup
Event: 9.211 Executing VM operation: Cleanup done
Event: 10.212 Executing VM operation: Cleanup
Event: 10.212 Executing VM operation: Cleanup done
Event: 11.212 Executing VM operation: Cleanup
Event: 11.212 Executing VM operation: Cleanup done
Event: 12.213 Executing VM operation: Cleanup
Event: 12.213 Executing VM operation: Cleanup done
Event: 14.213 Executing VM operation: Cleanup
Event: 14.213 Executing VM operation: Cleanup done
Event: 16.214 Executing VM operation: Cleanup
Event: 16.214 Executing VM operation: Cleanup done
Event: 16.632 Executing VM operation: Exit

Memory protections (0 events):
No events

Nmethod flushes (0 events):
No events

Events (20 events):
Event: 3.303 Thread 0x0000021bc894e070 Thread added: 0x0000021c1567cd30
Event: 3.412 Thread 0x0000021c14f56b30 Thread exited: 0x0000021c14f56b30
Event: 3.908 Thread 0x0000021c1567cd30 Thread exited: 0x0000021c1567cd30
Event: 3.908 Thread 0x0000021c10795740 Thread exited: 0x0000021c10795740
Event: 16.423 Thread 0x0000021c0e1fb5a0 Thread exited: 0x0000021c0e1fb5a0
Event: 16.424 Thread 0x0000021bc8d0d860 Thread added: 0x0000021c14f56b30
Event: 16.424 Thread 0x0000021bc8d0d860 Thread added: 0x0000021c14f59920
Event: 16.424 Thread 0x0000021bc8d0d860 Thread added: 0x0000021c14f5b360
Event: 16.424 Thread 0x0000021bc8d0d860 Thread added: 0x0000021c14f5a640
Event: 16.424 Thread 0x0000021bc8d0d860 Thread added: 0x0000021c14f5b9f0
Event: 16.424 Thread 0x0000021bc8d0d860 Thread added: 0x0000021c10665df0
Event: 16.425 Thread 0x0000021c14f5b360 Thread exited: 0x0000021c14f5b360
Event: 16.425 Thread 0x0000021c14f5b9f0 Thread exited: 0x0000021c14f5b9f0
Event: 16.425 Thread 0x0000021c14f59920 Thread exited: 0x0000021c14f59920
Event: 16.429 Thread 0x0000021c14f56b30 Thread exited: 0x0000021c14f56b30
Event: 16.446 Thread 0x0000021c10665df0 Thread exited: 0x0000021c10665df0
Event: 16.536 Thread 0x0000021bc8cf0390 Thread exited: 0x0000021bc8cf0390
Event: 16.631 Thread 0x0000021c14f5a640 Thread exited: 0x0000021c14f5a640
Event: 16.631 Thread 0x0000021bc8d0d860 Before exit entered
Event: 16.632 Thread 0x0000021bc5d6e930 Thread exited: 0x0000021bc5d6e930


Dynamic libraries:
0x00007ff7d8d50000 - 0x00007ff7d8d5e000 	C:\Users\gagek\.p2\pool\plugins\org.eclipse.justj.openjdk.hotspot.jre.full.win32.x86_64_21.0.8.v20250724-1412\jre\bin\javaw.exe
0x00007ffe18220000 - 0x00007ffe18487000 	C:\windows\SYSTEM32\ntdll.dll
0x00007ffe17580000 - 0x00007ffe17649000 	C:\windows\System32\KERNEL32.DLL
0x00007ffe15590000 - 0x00007ffe15980000 	C:\windows\System32\KERNELBASE.dll
0x00007ffe15e60000 - 0x00007ffe15fab000 	C:\windows\System32\ucrtbase.dll
0x00007ffe0e070000 - 0x00007ffe0e088000 	C:\Users\gagek\.p2\pool\plugins\org.eclipse.justj.openjdk.hotspot.jre.full.win32.x86_64_21.0.8.v20250724-1412\jre\bin\jli.dll
0x00007ffe101a0000 - 0x00007ffe101be000 	C:\Users\gagek\.p2\pool\plugins\org.eclipse.justj.openjdk.hotspot.jre.full.win32.x86_64_21.0.8.v20250724-1412\jre\bin\VCRUNTIME140.dll
0x00007ffe15fb0000 - 0x00007ffe16175000 	C:\windows\System32\USER32.dll
0x00007ffdf38e0000 - 0x00007ffdf3b7a000 	C:\windows\WinSxS\amd64_microsoft.windows.common-controls_6595b64144ccf1df_6.0.26100.4768_none_3e0c112ce331287c\COMCTL32.dll
0x00007ffe15560000 - 0x00007ffe15587000 	C:\windows\System32\win32u.dll
0x00007ffe17be0000 - 0x00007ffe17c0b000 	C:\windows\System32\GDI32.dll
0x00007ffe17860000 - 0x00007ffe17909000 	C:\windows\System32\msvcrt.dll
0x00007ffe15b10000 - 0x00007ffe15c48000 	C:\windows\System32\gdi32full.dll
0x00007ffe154b0000 - 0x00007ffe15553000 	C:\windows\System32\msvcp_win.dll
0x00007ffe17c10000 - 0x00007ffe17c3f000 	C:\windows\System32\IMM32.DLL
0x00007ffe10ba0000 - 0x00007ffe10bac000 	C:\Users\gagek\.p2\pool\plugins\org.eclipse.justj.openjdk.hotspot.jre.full.win32.x86_64_21.0.8.v20250724-1412\jre\bin\vcruntime140_1.dll
0x00007ffdce9b0000 - 0x00007ffdcea3d000 	C:\Users\gagek\.p2\pool\plugins\org.eclipse.justj.openjdk.hotspot.jre.full.win32.x86_64_21.0.8.v20250724-1412\jre\bin\msvcp140.dll
0x00007ffd03110000 - 0x00007ffd03ea7000 	C:\Users\gagek\.p2\pool\plugins\org.eclipse.justj.openjdk.hotspot.jre.full.win32.x86_64_21.0.8.v20250724-1412\jre\bin\server\jvm.dll
0x00007ffe16b50000 - 0x00007ffe16c04000 	C:\windows\System32\ADVAPI32.dll
0x00007ffe17910000 - 0x00007ffe179b6000 	C:\windows\System32\sechost.dll
0x00007ffe179c0000 - 0x00007ffe17ad8000 	C:\windows\System32\RPCRT4.dll
0x00007ffe16720000 - 0x00007ffe16794000 	C:\windows\System32\WS2_32.dll
0x00007ffe151b0000 - 0x00007ffe1520e000 	C:\windows\SYSTEM32\POWRPROF.dll
0x00007ffe0a3a0000 - 0x00007ffe0a3ab000 	C:\windows\SYSTEM32\VERSION.dll
0x00007ffe0d720000 - 0x00007ffe0d755000 	C:\windows\SYSTEM32\WINMM.dll
0x00007ffe15190000 - 0x00007ffe151a4000 	C:\windows\SYSTEM32\UMPDC.dll
0x00007ffe14090000 - 0x00007ffe140ab000 	C:\windows\SYSTEM32\kernel.appcore.dll
0x00007ffe10f40000 - 0x00007ffe10f4a000 	C:\Users\gagek\.p2\pool\plugins\org.eclipse.justj.openjdk.hotspot.jre.full.win32.x86_64_21.0.8.v20250724-1412\jre\bin\jimage.dll
0x00007ffe12700000 - 0x00007ffe12941000 	C:\windows\SYSTEM32\DBGHELP.DLL
0x00007ffe167c0000 - 0x00007ffe16b45000 	C:\windows\System32\combase.dll
0x00007ffe173f0000 - 0x00007ffe174d0000 	C:\windows\System32\OLEAUT32.dll
0x00007ffdf4390000 - 0x00007ffdf43d3000 	C:\windows\SYSTEM32\dbgcore.DLL
0x00007ffe15410000 - 0x00007ffe154a9000 	C:\windows\System32\bcryptPrimitives.dll
0x00007ffdf5db0000 - 0x00007ffdf5dcf000 	C:\Users\gagek\.p2\pool\plugins\org.eclipse.justj.openjdk.hotspot.jre.full.win32.x86_64_21.0.8.v20250724-1412\jre\bin\java.dll
0x00007ffe16c10000 - 0x00007ffe1735d000 	C:\windows\System32\SHELL32.dll
0x00007ffe15990000 - 0x00007ffe15b03000 	C:\windows\System32\wintypes.dll
0x00007ffe12ef0000 - 0x00007ffe13750000 	C:\windows\SYSTEM32\windows.storage.dll
0x00007ffe17ae0000 - 0x00007ffe17bd5000 	C:\windows\System32\SHCORE.dll
0x00007ffe17cb0000 - 0x00007ffe17d1a000 	C:\windows\System32\shlwapi.dll
0x00007ffe15270000 - 0x00007ffe15299000 	C:\windows\SYSTEM32\profapi.dll
0x00007ffdf3740000 - 0x00007ffdf3758000 	C:\Users\gagek\.p2\pool\plugins\org.eclipse.justj.openjdk.hotspot.jre.full.win32.x86_64_21.0.8.v20250724-1412\jre\bin\zip.dll
0x00007ffe08820000 - 0x00007ffe08830000 	C:\Users\gagek\.p2\pool\plugins\org.eclipse.justj.openjdk.hotspot.jre.full.win32.x86_64_21.0.8.v20250724-1412\jre\bin\net.dll
0x00007ffe0e680000 - 0x00007ffe0e79e000 	C:\windows\SYSTEM32\WINHTTP.dll
0x00007ffe14600000 - 0x00007ffe1466b000 	C:\windows\system32\mswsock.dll
0x00007ffdf3720000 - 0x00007ffdf3736000 	C:\Users\gagek\.p2\pool\plugins\org.eclipse.justj.openjdk.hotspot.jre.full.win32.x86_64_21.0.8.v20250724-1412\jre\bin\nio.dll
0x00007ffdbcef0000 - 0x00007ffdbd07e000 	C:\Users\gagek\.p2\pool\plugins\org.eclipse.justj.openjdk.hotspot.jre.full.win32.x86_64_21.0.8.v20250724-1412\jre\bin\awt.dll
0x00007ffe11250000 - 0x00007ffe112ee000 	C:\windows\SYSTEM32\apphelp.dll
0x00007ffe11730000 - 0x00007ffe11765000 	C:\windows\system32\DWMAPI.DLL
0x00007ffe115c0000 - 0x00007ffe1166f000 	C:\windows\system32\uxtheme.dll
0x00007ffd9a180000 - 0x00007ffd9a298000 	C:\windows\system32\opengl32.dll
0x00007ffdead80000 - 0x00007ffdeadad000 	C:\windows\SYSTEM32\GLU32.dll
0x00007ffe11c50000 - 0x00007ffe11c9d000 	C:\windows\SYSTEM32\dxcore.dll
0x00007ffe165b0000 - 0x00007ffe16711000 	C:\windows\System32\MSCTF.dll
0x00007ffe16400000 - 0x00007ffe165a0000 	C:\windows\System32\ole32.dll
0x00007ffdbfb10000 - 0x00007ffdbfb97000 	C:\Users\gagek\.p2\pool\plugins\org.eclipse.justj.openjdk.hotspot.jre.full.win32.x86_64_21.0.8.v20250724-1412\jre\bin\freetype.dll
0x00007ffdbdf60000 - 0x00007ffdbe04b000 	C:\Users\gagek\.p2\pool\plugins\org.eclipse.justj.openjdk.hotspot.jre.full.win32.x86_64_21.0.8.v20250724-1412\jre\bin\fontmanager.dll
0x00007ffe06dc0000 - 0x00007ffe06f11000 	C:\windows\SYSTEM32\textinputframework.dll
0x00007ffdcf690000 - 0x00007ffdcf70d000 	C:\windows\system32\Oleacc.dll
0x00007ffe17750000 - 0x00007ffe177f8000 	C:\windows\System32\clbcatq.dll
0x00007ffdd46f0000 - 0x00007ffdd474e000 	C:\windows\system32\ApplicationTargetedFeatureDatabase.dll
0x00007ffe0ac30000 - 0x00007ffe0ae68000 	C:\Windows\System32\twinapi.appcore.dll
0x00007ffe10f30000 - 0x00007ffe10f40000 	C:\Users\gagek\.p2\pool\plugins\org.eclipse.justj.openjdk.hotspot.jre.full.win32.x86_64_21.0.8.v20250724-1412\jre\bin\verify.dll
0x0000000180000000 - 0x0000000180053000 	C:\MinecraftAlphaDev\libraries\natives\lwjgl64.dll
0x00007ffe0dec0000 - 0x00007ffe0df89000 	C:\windows\SYSTEM32\mscms.dll
0x00007ffdf7470000 - 0x00007ffdf74e0000 	C:\Windows\System32\Windows.Internal.Graphics.Display.DisplayColorManagement.dll
0x00007ffe14f10000 - 0x00007ffe14f67000 	C:\windows\SYSTEM32\cfgmgr32.dll
0x00007ffe0e060000 - 0x00007ffe0e067000 	C:\Users\gagek\.p2\pool\plugins\org.eclipse.justj.openjdk.hotspot.jre.full.win32.x86_64_21.0.8.v20250724-1412\jre\bin\jawt.dll
0x00007ffe0b360000 - 0x00007ffe0b3ca000 	C:\windows\SYSTEM32\directxdatabasehelper.dll
0x00007ffdf9260000 - 0x00007ffdf927a000 	C:\windows\SYSTEM32\windows.staterepositorycore.dll
0x00007ffcf01c0000 - 0x00007ffcf178b000 	C:\windows\System32\DriverStore\FileRepository\iigd_dch.inf_amd64_9ce4d8a46710e0e5\igxelpgicd64.dll
0x00007ffd69440000 - 0x00007ffd69463000 	C:\windows\SYSTEM32\d3d12.dll
0x00007ffe12bf0000 - 0x00007ffe12d2e000 	C:\windows\SYSTEM32\dxgi.dll
0x00007ffdfab90000 - 0x00007ffdfad37000 	C:\windows\System32\DriverStore\FileRepository\iigd_dch.inf_amd64_9ce4d8a46710e0e5\igdml64.dll
0x00007ffe04790000 - 0x00007ffe04d23000 	C:\windows\System32\DriverStore\FileRepository\iigd_dch.inf_amd64_9ce4d8a46710e0e5\igdgmm64.dll
0x00007ffd4a1a0000 - 0x00007ffd4a61e000 	C:\Users\gagek\AppData\Roaming\ow-electron\jilehohlakeokncafogkgnicgndeecdiengddbcc\packages\emifmpeaagaaglhaimndbhcpkjfmjhfnjjpoibdo\1.8.21\owe-client-x64.dll
0x00007ffe141c0000 - 0x00007ffe141f6000 	C:\windows\SYSTEM32\ntmarta.dll
0x00007ffd96ac0000 - 0x00007ffd96d37000 	C:\windows\SYSTEM32\D3D12Core.dll
0x00007ffe15240000 - 0x00007ffe15266000 	C:\windows\SYSTEM32\bcrypt.dll
0x00007ffe0aea0000 - 0x00007ffe0b01c000 	C:\windows\SYSTEM32\drvstore.dll
0x00007ffdfdf10000 - 0x00007ffe03036000 	C:\windows\System32\DriverStore\FileRepository\iigd_dch.inf_amd64_9ce4d8a46710e0e5\igc64.dll
0x00007ffe0daa0000 - 0x00007ffe0dace000 	C:\windows\SYSTEM32\D3DSCache.dll
0x00007ffe146a0000 - 0x00007ffe146cb000 	C:\windows\SYSTEM32\USERENV.dll
0x00007ffe108d0000 - 0x00007ffe10afa000 	C:\windows\SYSTEM32\dcomp.dll
0x00007ffe101d0000 - 0x00007ffe101e9000 	C:\windows\SYSTEM32\Microsoft.Internal.WarpPal.dll
0x00007ffe10f50000 - 0x00007ffe11075000 	C:\windows\SYSTEM32\CoreMessaging.dll
0x00007ffe08f90000 - 0x00007ffe09273000 	C:\windows\SYSTEM32\CoreUIComponents.dll
0x00007ffe14840000 - 0x00007ffe1484c000 	C:\windows\SYSTEM32\CRYPTBASE.DLL
0x00007ffe149e0000 - 0x00007ffe149fb000 	C:\windows\SYSTEM32\CRYPTSP.dll
0x00007ffe13ff0000 - 0x00007ffe1402b000 	C:\windows\system32\rsaenh.dll
0x00007ffe13a20000 - 0x00007ffe13a53000 	C:\windows\SYSTEM32\IPHLPAPI.DLL
0x00007ffe17800000 - 0x00007ffe1780a000 	C:\windows\System32\NSI.dll
0x0000021c0f1a0000 - 0x0000021c0f1b6000 	C:\MinecraftAlphaDev\libraries\natives\jinput-dx8_64.dll
0x00007ffe0db20000 - 0x00007ffe0db6b000 	C:\windows\SYSTEM32\DINPUT8.dll
0x00007ffdfd840000 - 0x00007ffdfda22000 	C:\windows\SYSTEM32\inputhost.dll
0x00007ffe13760000 - 0x00007ffe1376f000 	C:\windows\SYSTEM32\HID.DLL
0x00007ffe17d50000 - 0x00007ffe181d6000 	C:\windows\System32\SETUPAPI.DLL
0x00007ffe14f70000 - 0x00007ffe14f9d000 	C:\windows\SYSTEM32\DEVOBJ.dll
0x0000021c0f5b0000 - 0x0000021c0f634000 	C:\windows\System32\WINTRUST.dll
0x00007ffe15ce0000 - 0x00007ffe15e57000 	C:\windows\System32\CRYPT32.dll
0x00007ffe14a50000 - 0x00007ffe14a63000 	C:\windows\SYSTEM32\MSASN1.dll
0x0000021c0f650000 - 0x0000021c0f664000 	C:\MinecraftAlphaDev\libraries\natives\jinput-raw_64.dll
0x0000021c0f6e0000 - 0x0000021c0f744000 	C:\MinecraftAlphaDev\libraries\natives\OpenAL64.dll
0x00007ffe0c5a0000 - 0x00007ffe0c642000 	C:\windows\System32\MMDevApi.dll
0x00007ffd32760000 - 0x00007ffd327f4000 	C:\windows\SYSTEM32\dsound.dll
0x00007ffd326a0000 - 0x00007ffd32751000 	C:\windows\SYSTEM32\ResampleDmo.DLL
0x00007ffd98640000 - 0x00007ffd98671000 	C:\windows\SYSTEM32\winmmbase.dll
0x00007ffdfcc60000 - 0x00007ffdfcc6e000 	C:\windows\SYSTEM32\msdmo.dll
0x00007ffdfa140000 - 0x00007ffdfa302000 	C:\windows\SYSTEM32\AUDIOSES.DLL
0x00007ffe11ae0000 - 0x00007ffe11af4000 	C:\windows\SYSTEM32\resourcepolicyclient.dll
0x00007ffe13a60000 - 0x00007ffe13b86000 	C:\windows\SYSTEM32\DNSAPI.dll
0x00007ffe0e2e0000 - 0x00007ffe0e2eb000 	C:\Windows\System32\rasadhlp.dll
0x00007ffe0ec90000 - 0x00007ffe0ed16000 	C:\windows\System32\fwpuclnt.dll
0x00007ffe10e20000 - 0x00007ffe10e29000 	C:\Users\gagek\.p2\pool\plugins\org.eclipse.justj.openjdk.hotspot.jre.full.win32.x86_64_21.0.8.v20250724-1412\jre\bin\extnet.dll

JVMTI agents: none

dbghelp: loaded successfully - version: 4.0.5 - missing functions: none
symbol engine: initialized successfully - sym options: 0x614 - pdb path: .;C:\Users\gagek\.p2\pool\plugins\org.eclipse.justj.openjdk.hotspot.jre.full.win32.x86_64_21.0.8.v20250724-1412\jre\bin;C:\windows\SYSTEM32;C:\windows\WinSxS\amd64_microsoft.windows.common-controls_6595b64144ccf1df_6.0.26100.4768_none_3e0c112ce331287c;C:\Users\gagek\.p2\pool\plugins\org.eclipse.justj.openjdk.hotspot.jre.full.win32.x86_64_21.0.8.v20250724-1412\jre\bin\server;C:\MinecraftAlphaDev\libraries\natives;C:\windows\System32\DriverStore\FileRepository\iigd_dch.inf_amd64_9ce4d8a46710e0e5;C:\Users\gagek\AppData\Roaming\ow-electron\jilehohlakeokncafogkgnicgndeecdiengddbcc\packages\emifmpeaagaaglhaimndbhcpkjfmjhfnjjpoibdo\1.8.21

VM Arguments:
jvm_args: -Djava.library.path=C:\MinecraftAlphaDev\libraries\natives -Dfile.encoding=UTF-8 -Dstdout.encoding=UTF-8 -Dstderr.encoding=UTF-8 -XX:+ShowCodeDetailsInExceptionMessages 
java_command: net.minecraft.client.Minecraft
java_class_path (initial): C:\MinecraftAlphaDev\minecraft\output;C:\MinecraftAlphaDev\libraries\net\java\jinput\jinput\2.0.5\jinput-2.0.5.jar;C:\MinecraftAlphaDev\libraries\net\java\jutils\jutils\1.0.0\jutils-1.0.0.jar;C:\MinecraftAlphaDev\libraries\org\lwjgl\lwjgl\lwjgl\2.9.4-nightly-20150209\lwjgl-2.9.4-nightly-20150209.jar;C:\MinecraftAlphaDev\libraries\org\lwjgl\lwjgl\lwjgl_util\2.9.4-nightly-20150209\lwjgl_util-2.9.4-nightly-20150209.jar;C:\MinecraftAlphaDev\libraries\org\lwjgl\lwjgl\lwjgl-platform\2.9.4-nightly-20150209\lwjgl-platform-2.9.4-nightly-20150209.jar;C:\MinecraftAlphaDev\libraries\com\paulscode\codecjorbis\20230120\codecjorbis-20230120.jar;C:\MinecraftAlphaDev\libraries\com\paulscode\codecwav\20101023\codecwav-20101023.jar;C:\MinecraftAlphaDev\libraries\com\paulscode\libraryjavasound\20101123\libraryjavasound-20101123.jar;C:\MinecraftAlphaDev\libraries\com\paulscode\librarylwjglopenal\20100824\librarylwjglopenal-20100824.jar;C:\MinecraftAlphaDev\libraries\com\paulscode\soundsystem\20120107\soundsystem-20120107.jar;C:\MinecraftAlphaDev\libraries\org\mcphackers\launchwrapper\1.1.3\launchwrapper-1.1.3.jar;C:\MinecraftAlphaDev\libraries\org\json\json\20230311\json-20230311.jar;C:\MinecraftAlphaDev\libraries\org\ow2\asm\asm\9.7\asm-9.7.jar;C:\MinecraftAlphaDev\libraries\org\ow2\asm\asm-tree\9.7\asm-tree-9.7.jar;C:\MinecraftAlphaDev\minecraft\jars\deobfuscated.jar
Launcher Type: SUN_STANDARD

[Global flags]
     intx CICompilerCount                          = 4                                         {product} {ergonomic}
     uint ConcGCThreads                            = 3                                         {product} {ergonomic}
     uint G1ConcRefinementThreads                  = 11                                        {product} {ergonomic}
   size_t G1HeapRegionSize                         = 4194304                                   {product} {ergonomic}
    uintx GCDrainStackTargetSize                   = 64                                        {product} {ergonomic}
   size_t InitialHeapSize                          = 528482304                                 {product} {ergonomic}
   size_t MarkStackSize                            = 4194304                                   {product} {ergonomic}
   size_t MaxHeapSize                              = 8443133952                                {product} {ergonomic}
   size_t MaxNewSize                               = 5062524928                                {product} {ergonomic}
   size_t MinHeapDeltaBytes                        = 4194304                                   {product} {ergonomic}
   size_t MinHeapSize                              = 8388608                                   {product} {ergonomic}
    uintx NonNMethodCodeHeapSize                   = 5839372                                {pd product} {ergonomic}
    uintx NonProfiledCodeHeapSize                  = 122909434                              {pd product} {ergonomic}
    uintx ProfiledCodeHeapSize                     = 122909434                              {pd product} {ergonomic}
    uintx ReservedCodeCacheSize                    = 251658240                              {pd product} {ergonomic}
     bool SegmentedCodeCache                       = true                                      {product} {ergonomic}
     bool ShowCodeDetailsInExceptionMessages       = true                                   {manageable} {command line}
   size_t SoftMaxHeapSize                          = 8443133952                             {manageable} {ergonomic}
     bool UseCompressedOops                        = true                           {product lp64_product} {ergonomic}
     bool UseG1GC                                  = true                                      {product} {ergonomic}
     bool UseLargePagesIndividualAllocation        = false                                  {pd product} {ergonomic}

Logging:
Log output configuration:
 #0: stdout all=off uptime,level,tags foldmultilines=false
 #1: stderr all=off uptime,level,tags foldmultilines=false

Environment Variables:
PATH=C:/Users/gagek/.p2/pool/plugins/org.eclipse.justj.openjdk.hotspot.jre.full.win32.x86_64_21.0.8.v20250724-1412/jre/bin/server;C:/Users/gagek/.p2/pool/plugins/org.eclipse.justj.openjdk.hotspot.jre.full.win32.x86_64_21.0.8.v20250724-1412/jre/bin;C:\Program Files\Zulu\zulu-21\bin\;C:\Program Files (x86)\Common Files\Oracle\Java\java8path;C:\Program Files (x86)\Common Files\Oracle\Java\javapath;C:\Program Files\Oculus\Support\oculus-runtime;c:\devkitPro\msys2\usr\bin;C:\windows\system32;C:\windows;C:\windows\System32\Wbem;C:\windows\System32\WindowsPowerShell\v1.0\;C:\windows\System32\OpenSSH\;C:\Program Files\HP\HP One Agent;C:\Program Files\dotnet\;C:\Program Files (x86)\Microsoft SQL Server\160\Tools\Binn\;C:\Program Files\Microsoft SQL Server\160\Tools\Binn\;C:\Program Files\Microsoft SQL Server\Client SDK\ODBC\170\Tools\Binn\;C:\Program Files\Microsoft SQL Server\160\DTS\Binn\;C:\Program Files (x86)\Windows Kits\8.1\Windows Performance Toolkit\;C:\Program Files\Docker\Docker\resources\bin;C:\Program Files (x86)\Gpg4win\..\GnuPG\bin;C:\Users\gagek\AppData\Local\Microsoft\WindowsApps;C:\Users\gagek\AppData\Local\Programs\Microsoft VS Code\bin;C:\msys64\mingw64\bin;C:\Users\gagek\.aftman\bin;C:\Users\gagek\AppData\Local\GitHubDesktop\bin;C:\Users\gagek\AppData\Local\Muse Hub\lib;C:\Users\gagek\OneDrive\Desktop;
USERNAME=gagek
OS=Windows_NT
PROCESSOR_IDENTIFIER=Intel64 Family 6 Model 170 Stepping 4, GenuineIntel
TMP=C:\Users\gagek\AppData\Local\Temp
TEMP=C:\Users\gagek\AppData\Local\Temp




Periodic native trim disabled

---------------  S Y S T E M  ---------------

OS:
 Windows 11 , 64 bit Build 26100 (10.0.26100.4768)
OS uptime: 4 days 7:40 hours
Hyper-V role detected

CPU: total 14 (initial active 14) (7 cores per cpu, 2 threads per core) family 6 model 170 stepping 4 microcode 0x1f, cx8, cmov, fxsr, ht, mmx, 3dnowpref, sse, sse2, sse3, ssse3, sse4.1, sse4.2, popcnt, lzcnt, tsc, tscinvbit, avx, avx2, aes, erms, clmul, bmi1, bmi2, adx, sha, fma, vzeroupper, clflush, clflushopt, clwb, hv, serialize, rdtscp, rdpid, fsrm, f16c, cet_ibt, cet_ss
Processor Information for processor 0
  Max Mhz: 1700, Current Mhz: 1700, Mhz Limit: 1700
Processor Information for processor 1
  Max Mhz: 1700, Current Mhz: 1700, Mhz Limit: 1700
Processor Information for processor 2
  Max Mhz: 1200, Current Mhz: 1200, Mhz Limit: 1200
Processor Information for processor 3
  Max Mhz: 1200, Current Mhz: 1200, Mhz Limit: 1200
Processor Information for processor 4
  Max Mhz: 1200, Current Mhz: 1200, Mhz Limit: 1200
Processor Information for processor 5
  Max Mhz: 1200, Current Mhz: 1200, Mhz Limit: 1200
Processor Information for processor 6
  Max Mhz: 1200, Current Mhz: 1200, Mhz Limit: 1200
Processor Information for processor 7
  Max Mhz: 1200, Current Mhz: 1200, Mhz Limit: 1200
Processor Information for processor 8
  Max Mhz: 1200, Current Mhz: 1200, Mhz Limit: 1200
Processor Information for processor 9
  Max Mhz: 1200, Current Mhz: 1200, Mhz Limit: 1200
Processor Information for processor 10
  Max Mhz: 1700, Current Mhz: 1700, Mhz Limit: 1700
Processor Information for processor 11
  Max Mhz: 1700, Current Mhz: 1700, Mhz Limit: 1700
Processor Information for processor 12
  Max Mhz: 700, Current Mhz: 700, Mhz Limit: 700
Processor Information for processor 13
  Max Mhz: 700, Current Mhz: 700, Mhz Limit: 700

Memory: 4k page, system-wide physical 32203M (12960M free)
TotalPageFile size 37835M (AvailPageFile size 8926M)
current process WorkingSet (physical memory assigned to process): 184M, peak: 213M
current process commit charge ("private bytes"): 690M, peak: 712M

vm_info: OpenJDK 64-Bit Server VM (21.0.8+9-LTS) for windows-amd64 JRE (21.0.8+9-LTS), built on 2025-07-15T00:00:00Z by "admin" with MS VC++ 17.7 (VS2022)

END.
