#
# A fatal error has been detected by the Java Runtime Environment:
#
#  EXCEPTION_ACCESS_VIOLATION (0xc0000005) at pc=0x00007ffd4b9b8c80, pid=24500, tid=5424
#
# JRE version: OpenJDK Runtime Environment Temurin-21.0.8+9 (21.0.8+9) (build 21.0.8+9-LTS)
# Java VM: OpenJDK 64-Bit Server VM Temurin-21.0.8+9 (21.0.8+9-LTS, mixed mode, sharing, tiered, compressed oops, compressed class ptrs, g1 gc, windows-amd64)
# Problematic frame:
# C  [owe-client-x64.dll+0x3c8c80]
#
# No core dump will be written. Minidumps are not enabled by default on client versions of Windows
#
# If you would like to submit a bug report, please visit:
#   https://github.com/adoptium/adoptium-support/issues
#

---------------  S U M M A R Y ------------

Command Line: -Djava.library.path=C:\MinecraftAlphaDev\libraries\natives -Dfile.encoding=UTF-8 -Dstdout.encoding=UTF-8 -Dstderr.encoding=UTF-8 -XX:+ShowCodeDetailsInExceptionMessages net.minecraft.client.Minecraft

Host: Intel(R) Core(TM) Ultra 7 155U, 14 cores, 31G,  Windows 11 , 64 bit Build 26100 (10.0.26100.4768)
Time: Mon Sep  8 22:05:17 2025 Central Daylight Time elapsed time: 128.816025 seconds (0d 0h 2m 8s)

---------------  T H R E A D  ---------------

Current thread (0x000002416dc56750):  VMThread "VM Thread"          [id=5424, stack(0x00000090cd600000,0x00000090cd700000) (1024K)]

Stack: [0x00000090cd600000,0x00000090cd700000],  sp=0x00000090cd6fec88,  free space=1019k
Native frames: (J=compiled Java code, j=interpreted, Vv=VM code, C=native code)
C  [owe-client-x64.dll+0x3c8c80]


siginfo: EXCEPTION_ACCESS_VIOLATION (0xc0000005), data execution prevention violation at address 0x00007ffd4b9b8c80


Registers:
RAX=0x00007ffd4b95e300, RBX=0x0000000000000000, RCX=0x00000241730dc1c0, RDX=0x00007ffd4ba25018
RSP=0x00000090cd6fec88, RBP=0x00000090cd6ff180, RSI=0x00007ffd999d0000, RDI=0x0000000000000001
R8 =0x000002414c4002c0, R9 =0x00000090cca26000, R10=0x00007ffe183eeea0, R11=0x000002416e9ec7c0
R12=0x0000000000000001, R13=0x00007ffd99a2bdf0, R14=0x0000000000000000, R15=0x00007ffd999d0000
RIP=0x00007ffd4b9b8c80, EFLAGS=0x0000000000010206

XMM[0]=0x0000000000000000 0x0000000000000000
XMM[1]=0x0000000000000000 0x0000000000000000
XMM[2]=0x0000000000000000 0x0000000000000000
XMM[3]=0x0000000000000000 0x0000000000000000
XMM[4]=0x0000000000000000 0x0000000000000000
XMM[5]=0x0000000000000000 0x0000000000000000
XMM[6]=0x0000000000000000 0x0000000000000000
XMM[7]=0x0000000000000000 0x404e000000000000
XMM[8]=0x0000000000000000 0x0000000000000000
XMM[9]=0x0000000000000000 0x0000000000000000
XMM[10]=0x0000000000000000 0x0000000000000000
XMM[11]=0x0000000000000000 0x0000000000000000
XMM[12]=0x0000000000000000 0x0000000000000000
XMM[13]=0x0000000000000000 0x0000000000000000
XMM[14]=0x0000000000000000 0x0000000000000000
XMM[15]=0x0000000000000000 0x0000000000000000
  MXCSR=0x00001fa0


Register to memory mapping:

RAX=0x00007ffd4b95e300 owe-client-x64.dll
RBX=0x0 is null
RCX=0x00000241730dc1c0 points into unknown readable memory: 0x00007ffd4b95e300 | 00 e3 95 4b fd 7f 00 00
RDX=0x00007ffd4ba25018 owe-client-x64.dll
RSP=0x00000090cd6fec88 points into unknown readable memory: 0x00007ffd4b6aac99 | 99 ac 6a 4b fd 7f 00 00
RBP=0x00000090cd6ff180 points into unknown readable memory: 0x000002416dc4c840 | 40 c8 c4 6d 41 02 00 00
RSI=0x00007ffd999d0000 opengl32.dll
RDI=0x0000000000000001 is an unknown value
R8 =0x000002414c4002c0 points into unknown readable memory: 0x00007ffd340c5460 | 60 54 0c 34 fd 7f 00 00
R9 =0x00000090cca26000 points into unknown readable memory: 0x0000000000000000 | 00 00 00 00 00 00 00 00
R10=0x00007ffe183eeea0 ntdll.dll
R11=0x000002416e9ec7c0 points into unknown readable memory: 0x000002416e9eb6c0 | c0 b6 9e 6e 41 02 00 00
R12=0x0000000000000001 is an unknown value
R13=0x00007ffd99a2bdf0 opengl32.dll
R14=0x0 is null
R15=0x00007ffd999d0000 opengl32.dll

Top of Stack: (sp=0x00000090cd6fec88)
0x00000090cd6fec88:   00007ffd4b6aac99 00007ffd4ba2c7b8
0x00000090cd6fec98:   00007ffd4ba25018 0000024173073ae0
0x00000090cd6feca8:   0000000000000000 fffffffffffffffe
0x00000090cd6fecb8:   00007ffd4b6ab0f7 00000241730dc1c0
0x00000090cd6fecc8:   00007ffd4ba25018 000002414c91b178
0x00000090cd6fecd8:   0000000000000000 0000000000000000
0x00000090cd6fece8:   00000241730dc1c0 00007ffd99a2bdf0
0x00000090cd6fecf8:   0000024173096480 00000241730a7990
0x00000090cd6fed08:   00007ffe182243e1 0000000000000001
0x00000090cd6fed18:   00007ffd999dca16 0000000000010000
0x00000090cd6fed28:   000002414c91b0d8 000002416e9ec7c0
0x00000090cd6fed38:   00007ffe18224273 0000000000000001
0x00000090cd6fed48:   00007ffd999dc7d0 00000090cd6ff180
0x00000090cd6fed58:   0000000000000000 00007ffd999d0000
0x00000090cd6fed68:   0000000000000000 0000000000000000
0x00000090cd6fed78:   00007ffd999dc255 0000000000000000
0x00000090cd6fed88:   00000090cd6ff180 00007ffd999d0000
0x00000090cd6fed98:   0000000000000000 0000000000000000
0x00000090cd6feda8:   00007ffd99a2bf19 0000000000000001
0x00000090cd6fedb8:   00000090cd6ff180 00007ffe165b0000
0x00000090cd6fedc8:   00007ffe15f988c0 0000009000000001
0x00000090cd6fedd8:   00007ffe15eab8aa 00000090cd6f0101
0x00000090cd6fede8:   00000090cd6fee68 00000090cd6ff180
0x00000090cd6fedf8:   00000000c0000005 00007ffe00000000
0x00000090cd6fee08:   00007ffe15eab84d 0000000000000001
0x00000090cd6fee18:   00007ffe15f125ec 00000090cd6ff180
0x00000090cd6fee28:   00000090cd6fee58 fffffffffffffffe
0x00000090cd6fee38:   00007ffe15eab84d 0000000000000001
0x00000090cd6fee48:   00007ffe16446693 00007ffe16512c60
0x00000090cd6fee58:   c00000050000000d ffffffff0000000d
0x00000090cd6fee68:   00000090cd6fee50 0000000000000000
0x00000090cd6fee78:   00007ffe1644633f 0000000000000000 

Instructions: (pc=0x00007ffd4b9b8c80)
0x00007ffd4b9b8b80:   00 00 00 00 00 00 00 00 00 00 00 00 00 00 00 00
0x00007ffd4b9b8b90:   40 e5 42 00 01 00 00 00 00 00 00 00 ff ff ff ff
0x00007ffd4b9b8ba0:   00 00 00 00 40 00 00 00 60 8b 3c 00 00 00 00 00
0x00007ffd4b9b8bb0:   00 00 00 00 00 00 00 00 00 00 00 00 00 00 00 00
0x00007ffd4b9b8bc0:   01 00 00 00 d0 8b 3c 00 00 00 00 00 00 00 00 00
0x00007ffd4b9b8bd0:   e0 8b 3c 00 00 00 00 00 00 00 00 00 00 00 00 00
0x00007ffd4b9b8be0:   e8 e5 42 00 00 00 00 00 00 00 00 00 ff ff ff ff
0x00007ffd4b9b8bf0:   00 00 00 00 40 00 00 00 b8 8b 3c 00 00 00 00 00
0x00007ffd4b9b8c00:   00 00 00 00 00 00 00 00 01 00 00 00 00 00 00 00
0x00007ffd4b9b8c10:   00 00 00 00 18 e6 42 00 30 8c 3c 00 08 8c 3c 00
0x00007ffd4b9b8c20:   00 00 00 00 00 00 00 00 00 00 00 00 00 00 00 00
0x00007ffd4b9b8c30:   00 00 00 00 00 00 00 00 01 00 00 00 48 8c 3c 00
0x00007ffd4b9b8c40:   00 00 00 00 00 00 00 00 58 8c 3c 00 00 00 00 00
0x00007ffd4b9b8c50:   00 00 00 00 00 00 00 00 18 e6 42 00 00 00 00 00
0x00007ffd4b9b8c60:   00 00 00 00 ff ff ff ff 00 00 00 00 40 00 00 00
0x00007ffd4b9b8c70:   30 8c 3c 00 00 00 00 00 00 00 00 00 00 00 00 00
0x00007ffd4b9b8c80:   01 00 00 00 00 00 00 00 00 00 00 00 40 e6 42 00
0x00007ffd4b9b8c90:   a8 8c 3c 00 80 8c 3c 00 00 00 00 00 00 00 00 00
0x00007ffd4b9b8ca0:   00 00 00 00 00 00 00 00 00 00 00 00 01 00 00 00
0x00007ffd4b9b8cb0:   03 00 00 00 c0 8c 3c 00 00 00 00 00 00 00 00 00
0x00007ffd4b9b8cc0:   e0 8c 3c 00 58 8c 3c 00 08 8d 3c 00 00 00 00 00
0x00007ffd4b9b8cd0:   00 00 00 00 00 00 00 00 00 00 00 00 00 00 00 00
0x00007ffd4b9b8ce0:   40 e6 42 00 02 00 00 00 00 00 00 00 ff ff ff ff
0x00007ffd4b9b8cf0:   00 00 00 00 40 00 00 00 a8 8c 3c 00 00 00 00 00
0x00007ffd4b9b8d00:   00 00 00 00 00 00 00 00 60 e6 42 00 00 00 00 00
0x00007ffd4b9b8d10:   10 00 00 00 ff ff ff ff 00 00 00 00 40 00 00 00
0x00007ffd4b9b8d20:   30 8d 3c 00 00 00 00 00 00 00 00 00 00 00 00 00
0x00007ffd4b9b8d30:   00 00 00 00 00 00 00 00 01 00 00 00 48 8d 3c 00
0x00007ffd4b9b8d40:   00 00 00 00 00 00 00 00 58 8d 3c 00 00 00 00 00
0x00007ffd4b9b8d50:   00 00 00 00 00 00 00 00 60 e6 42 00 00 00 00 00
0x00007ffd4b9b8d60:   00 00 00 00 ff ff ff ff 00 00 00 00 40 00 00 00
0x00007ffd4b9b8d70:   30 8d 3c 00 00 00 00 00 00 00 00 00 00 00 00 00 


Stack slot to memory mapping:

stack at sp + 0 slots: 0x00007ffd4b6aac99 owe-client-x64.dll
stack at sp + 1 slots: 0x00007ffd4ba2c7b8 owe-client-x64.dll
stack at sp + 2 slots: 0x00007ffd4ba25018 owe-client-x64.dll
stack at sp + 3 slots: 0x0000024173073ae0 points into unknown readable memory: 0x00007ffe166d0150 | 50 01 6d 16 fe 7f 00 00
stack at sp + 4 slots: 0x0 is null
stack at sp + 5 slots: 0xfffffffffffffffe is an unknown value
stack at sp + 6 slots: 0x00007ffd4b6ab0f7 owe-client-x64.dll
stack at sp + 7 slots: 0x00000241730dc1c0 points into unknown readable memory: 0x00007ffd4b95e300 | 00 e3 95 4b fd 7f 00 00

VM_Operation (0x00000090ce4fe510): Exit, mode: safepoint, requested by thread 0x0000024173018560


---------------  P R O C E S S  ---------------

Threads class SMR info:
_java_thread_list=0x000002417320e900, length=18, elements={
0x000002416e614310, 0x000002416e614e60, 0x000002416e621a00, 0x000002416e624270,
0x000002416e6269e0, 0x000002416e628450, 0x000002416e639b40, 0x000002416e63c1f0,
0x000002416e7766d0, 0x000002416e779510, 0x000002416e9f0e60, 0x000002416e9f2870,
0x0000024173018560, 0x0000024173032fa0, 0x000002414c4f27a0, 0x000002417a4bef60,
0x000002417559a1a0, 0x000002417587f420
}

Java Threads: ( => current thread )
  0x000002416e614310 JavaThread "Reference Handler"          daemon [_thread_blocked, id=36164, stack(0x00000090cd700000,0x00000090cd800000) (1024K)]
  0x000002416e614e60 JavaThread "Finalizer"                  daemon [_thread_blocked, id=38116, stack(0x00000090cd800000,0x00000090cd900000) (1024K)]
  0x000002416e621a00 JavaThread "Signal Dispatcher"          daemon [_thread_blocked, id=14116, stack(0x00000090cd900000,0x00000090cda00000) (1024K)]
  0x000002416e624270 JavaThread "Attach Listener"            daemon [_thread_blocked, id=2192, stack(0x00000090cda00000,0x00000090cdb00000) (1024K)]
  0x000002416e6269e0 JavaThread "Service Thread"             daemon [_thread_blocked, id=40404, stack(0x00000090cdb00000,0x00000090cdc00000) (1024K)]
  0x000002416e628450 JavaThread "Monitor Deflation Thread"   daemon [_thread_blocked, id=40584, stack(0x00000090cdc00000,0x00000090cdd00000) (1024K)]
  0x000002416e639b40 JavaThread "C2 CompilerThread0"         daemon [_thread_blocked, id=28568, stack(0x00000090cdd00000,0x00000090cde00000) (1024K)]
  0x000002416e63c1f0 JavaThread "C1 CompilerThread0"         daemon [_thread_blocked, id=32232, stack(0x00000090cde00000,0x00000090cdf00000) (1024K)]
  0x000002416e7766d0 JavaThread "Notification Thread"        daemon [_thread_blocked, id=10084, stack(0x00000090cdf00000,0x00000090ce000000) (1024K)]
  0x000002416e779510 JavaThread "Common-Cleaner"             daemon [_thread_blocked, id=41424, stack(0x00000090ce000000,0x00000090ce100000) (1024K)]
  0x000002416e9f0e60 JavaThread "Java2D Disposer"            daemon [_thread_blocked, id=34232, stack(0x00000090ce100000,0x00000090ce200000) (1024K)]
  0x000002416e9f2870 JavaThread "AWT-Shutdown"                      [_thread_blocked, id=12324, stack(0x00000090ce200000,0x00000090ce300000) (1024K)]
  0x0000024173018560 JavaThread "AWT-EventQueue-0"                  [_thread_blocked, id=16268, stack(0x00000090ce400000,0x00000090ce500000) (1024K)]
  0x0000024173032fa0 JavaThread "Timer hack thread"          daemon [_thread_blocked, id=18564, stack(0x00000090ce500000,0x00000090ce600000) (1024K)]
  0x000002414c4f27a0 JavaThread "DestroyJavaVM"                     [_thread_blocked, id=29476, stack(0x00000090ccf00000,0x00000090cd000000) (1024K)]
  0x000002417a4bef60 JavaThread "Thread-2"                   daemon [_thread_in_native, id=32840, stack(0x00000090cf300000,0x00000090cf400000) (1024K)]
  0x000002417559a1a0 JavaThread "Thread-3"                          [_thread_blocked, id=40888, stack(0x00000090cf400000,0x00000090cf500000) (1024K)]
  0x000002417587f420 JavaThread "Thread-4"                          [_thread_blocked, id=35640, stack(0x00000090cf500000,0x00000090cf600000) (1024K)]
Total: 18

Other Threads:
=>0x000002416dc56750 VMThread "VM Thread"                           [id=5424, stack(0x00000090cd600000,0x00000090cd700000) (1024K)]
  0x000002414eac1a80 WorkerThread "GC Thread#0"                     [id=31860, stack(0x00000090cd000000,0x00000090cd100000) (1024K)]
  0x000002416dc563b0 WorkerThread "GC Thread#1"                     [id=21856, stack(0x00000090cfc00000,0x00000090cfd00000) (1024K)]
  0x0000024175333b00 WorkerThread "GC Thread#2"                     [id=14168, stack(0x00000090cfd00000,0x00000090cfe00000) (1024K)]
  0x00000241753321a0 WorkerThread "GC Thread#3"                     [id=34812, stack(0x00000090cfe00000,0x00000090cff00000) (1024K)]
  0x00000241753316c0 WorkerThread "GC Thread#4"                     [id=39232, stack(0x00000090cff00000,0x00000090d0000000) (1024K)]
  0x00000241753345e0 WorkerThread "GC Thread#5"                     [id=26028, stack(0x00000090d0000000,0x00000090d0100000) (1024K)]
  0x0000024175332540 WorkerThread "GC Thread#6"                     [id=3568, stack(0x00000090d0100000,0x00000090d0200000) (1024K)]
  0x00000241753350c0 WorkerThread "GC Thread#7"                     [id=25080, stack(0x00000090d0200000,0x00000090d0300000) (1024K)]
  0x0000024175331a60 WorkerThread "GC Thread#8"                     [id=15288, stack(0x00000090d0300000,0x00000090d0400000) (1024K)]
  0x0000024175333020 WorkerThread "GC Thread#9"                     [id=8460, stack(0x00000090d0400000,0x00000090d0500000) (1024K)]
  0x00000241753328e0 WorkerThread "GC Thread#10"                    [id=3304, stack(0x00000090d0500000,0x00000090d0600000) (1024K)]
  0x000002414ead25f0 ConcurrentGCThread "G1 Main Marker"            terminated
  0x000002414ead5590 WorkerThread "G1 Conc#0"                       [id=23448, stack(0x00000090cd200000,0x00000090cd300000) (1024K)]
  0x0000024175332c80 WorkerThread "G1 Conc#1"                       [id=10228, stack(0x00000090cf900000,0x00000090cfa00000) (1024K)]
  0x00000241753333c0 WorkerThread "G1 Conc#2"                       [id=33612, stack(0x00000090cfa00000,0x00000090cfb00000) (1024K)]
  0x000002416db0ef80 ConcurrentGCThread "G1 Refine#0"               terminated
  0x000002416db0f990 ConcurrentGCThread "G1 Service"                terminated
Total: 18

Threads with active compile tasks:
Total: 0

VM state: at safepoint (shutting down)

VM Mutex/Monitor currently owned by a thread:  ([mutex/lock_event])
[0x00007ffd340c5458] Threads_lock - owner thread: 0x000002416dc56750
[0x00007ffd340c5558] Heap_lock - owner thread: 0x0000024173018560

Heap address: 0x0000000608c00000, size: 8052 MB, Compressed Oops mode: Zero based, Oop shift amount: 3

CDS archive(s) mapped at: [0x0000024100000000-0x0000024100c80000-0x0000024100c80000), size 13107200, SharedBaseAddress: 0x0000024100000000, ArchiveRelocationMode: 1.
Compressed class space mapped at: 0x0000024101000000-0x0000024141000000, reserved size: 1073741824
Narrow klass base: 0x0000024100000000, Narrow klass shift: 0, Narrow klass range: 0x100000000

GC Precious Log:
 CardTable entry size: 512
 Card Set container configuration: InlinePtr #cards 4 size 8 Array Of Cards #cards 32 size 80 Howl #buckets 8 coarsen threshold 7372 Howl Bitmap #cards 1024 size 144 coarsen threshold 921 Card regions per heap region 1 cards per card region 8192
 CPUs: 14 total, 14 available
 Memory: 32203M
 Large Page Support: Disabled
 NUMA Support: Disabled
 Compressed Oops: Enabled (Zero based)
 Heap Region Size: 4M
 Heap Min Capacity: 8M
 Heap Initial Capacity: 504M
 Heap Max Capacity: 8052M
 Pre-touch: Disabled
 Parallel Workers: 11
 Concurrent Workers: 3
 Concurrent Refinement Workers: 11
 Periodic GC: Disabled

Heap:
 garbage-first heap   total 163840K, used 60588K [0x0000000608c00000, 0x0000000800000000)
  region size 4096K, 2 young (8192K), 0 survivors (0K)
 Metaspace       used 13435K, committed 13760K, reserved 1114112K
  class space    used 1243K, committed 1408K, reserved 1048576K

Heap Regions: E=young(eden), S=young(survivor), O=old, HS=humongous(starts), HC=humongous(continues), CS=collection set, F=free, TAMS=top-at-mark-start, PB=parsable bottom
|   0|0x0000000608c00000, 0x0000000609000000, 0x0000000609000000|100%|HS|  |TAMS 0x0000000608c00000| PB 0x0000000608c00000| Untracked 
|   1|0x0000000609000000, 0x0000000609400000, 0x0000000609400000|100%|HC|  |TAMS 0x0000000609000000| PB 0x0000000609000000| Untracked 
|   2|0x0000000609400000, 0x0000000609800000, 0x0000000609800000|100%|HC|  |TAMS 0x0000000609400000| PB 0x0000000609400000| Untracked 
|   3|0x0000000609800000, 0x0000000609bffff0, 0x0000000609c00000| 99%| O|  |TAMS 0x0000000609800000| PB 0x0000000609800000| Untracked 
|   4|0x0000000609c00000, 0x0000000609ffc248, 0x000000060a000000| 99%| O|  |TAMS 0x0000000609c00000| PB 0x0000000609c00000| Untracked 
|   5|0x000000060a000000, 0x000000060a400000, 0x000000060a400000|100%| O|  |TAMS 0x000000060a000000| PB 0x000000060a000000| Untracked 
|   6|0x000000060a400000, 0x000000060a800000, 0x000000060a800000|100%| O|  |TAMS 0x000000060a400000| PB 0x000000060a400000| Untracked 
|   7|0x000000060a800000, 0x000000060ac00000, 0x000000060ac00000|100%| O|  |TAMS 0x000000060a800000| PB 0x000000060a800000| Untracked 
|   8|0x000000060ac00000, 0x000000060b000000, 0x000000060b000000|100%| O|  |TAMS 0x000000060ac00000| PB 0x000000060ac00000| Untracked 
|   9|0x000000060b000000, 0x000000060b400000, 0x000000060b400000|100%| O|  |TAMS 0x000000060b000000| PB 0x000000060b000000| Untracked 
|  10|0x000000060b400000, 0x000000060b7ff568, 0x000000060b800000| 99%| O|  |TAMS 0x000000060b400000| PB 0x000000060b400000| Untracked 
|  11|0x000000060b800000, 0x000000060bbbc4b0, 0x000000060bc00000| 93%| O|  |TAMS 0x000000060b800000| PB 0x000000060b800000| Untracked 
|  12|0x000000060bc00000, 0x000000060bfff130, 0x000000060c000000| 99%| O|  |TAMS 0x000000060bc00000| PB 0x000000060bc00000| Untracked 
|  13|0x000000060c000000, 0x000000060c153438, 0x000000060c400000| 33%| O|  |TAMS 0x000000060c000000| PB 0x000000060c000000| Untracked 
|  14|0x000000060c400000, 0x000000060c48c880, 0x000000060c800000| 13%| O|  |TAMS 0x000000060c400000| PB 0x000000060c400000| Untracked 
|  15|0x000000060c800000, 0x000000060c800000, 0x000000060cc00000|  0%| F|  |TAMS 0x000000060c800000| PB 0x000000060c800000| Untracked 
|  16|0x000000060cc00000, 0x000000060cd948a8, 0x000000060d000000| 39%| O|  |TAMS 0x000000060cc00000| PB 0x000000060cc00000| Untracked 
|  17|0x000000060d000000, 0x000000060d000000, 0x000000060d400000|  0%| F|  |TAMS 0x000000060d000000| PB 0x000000060d000000| Untracked 
|  18|0x000000060d400000, 0x000000060d400000, 0x000000060d800000|  0%| F|  |TAMS 0x000000060d400000| PB 0x000000060d400000| Untracked 
|  19|0x000000060d800000, 0x000000060d800000, 0x000000060dc00000|  0%| F|  |TAMS 0x000000060d800000| PB 0x000000060d800000| Untracked 
|  20|0x000000060dc00000, 0x000000060dc00000, 0x000000060e000000|  0%| F|  |TAMS 0x000000060dc00000| PB 0x000000060dc00000| Untracked 
|  21|0x000000060e000000, 0x000000060e000000, 0x000000060e400000|  0%| F|  |TAMS 0x000000060e000000| PB 0x000000060e000000| Untracked 
|  22|0x000000060e400000, 0x000000060e400000, 0x000000060e800000|  0%| F|  |TAMS 0x000000060e400000| PB 0x000000060e400000| Untracked 
|  23|0x000000060e800000, 0x000000060e800000, 0x000000060ec00000|  0%| F|  |TAMS 0x000000060e800000| PB 0x000000060e800000| Untracked 
|  24|0x000000060ec00000, 0x000000060ec00000, 0x000000060f000000|  0%| F|  |TAMS 0x000000060ec00000| PB 0x000000060ec00000| Untracked 
|  25|0x000000060f000000, 0x000000060f000000, 0x000000060f400000|  0%| F|  |TAMS 0x000000060f000000| PB 0x000000060f000000| Untracked 
|  26|0x000000060f400000, 0x000000060f400000, 0x000000060f800000|  0%| F|  |TAMS 0x000000060f400000| PB 0x000000060f400000| Untracked 
|  27|0x000000060f800000, 0x000000060f800000, 0x000000060fc00000|  0%| F|  |TAMS 0x000000060f800000| PB 0x000000060f800000| Untracked 
|  28|0x000000060fc00000, 0x000000060fc00000, 0x0000000610000000|  0%| F|  |TAMS 0x000000060fc00000| PB 0x000000060fc00000| Untracked 
|  29|0x0000000610000000, 0x0000000610000000, 0x0000000610400000|  0%| F|  |TAMS 0x0000000610000000| PB 0x0000000610000000| Untracked 
|  30|0x0000000610400000, 0x0000000610400000, 0x0000000610800000|  0%| F|  |TAMS 0x0000000610400000| PB 0x0000000610400000| Untracked 
|  31|0x0000000610800000, 0x0000000610800000, 0x0000000610c00000|  0%| F|  |TAMS 0x0000000610800000| PB 0x0000000610800000| Untracked 
|  32|0x0000000610c00000, 0x0000000610c00000, 0x0000000611000000|  0%| F|  |TAMS 0x0000000610c00000| PB 0x0000000610c00000| Untracked 
|  33|0x0000000611000000, 0x0000000611000000, 0x0000000611400000|  0%| F|  |TAMS 0x0000000611000000| PB 0x0000000611000000| Untracked 
|  34|0x0000000611400000, 0x0000000611400000, 0x0000000611800000|  0%| F|  |TAMS 0x0000000611400000| PB 0x0000000611400000| Untracked 
|  35|0x0000000611800000, 0x0000000611800000, 0x0000000611c00000|  0%| F|  |TAMS 0x0000000611800000| PB 0x0000000611800000| Untracked 
|  36|0x0000000611c00000, 0x0000000611c00000, 0x0000000612000000|  0%| F|  |TAMS 0x0000000611c00000| PB 0x0000000611c00000| Untracked 
|  37|0x0000000612000000, 0x0000000612000000, 0x0000000612400000|  0%| F|  |TAMS 0x0000000612000000| PB 0x0000000612000000| Untracked 
|  38|0x0000000612400000, 0x0000000612483198, 0x0000000612800000| 12%| E|  |TAMS 0x0000000612400000| PB 0x0000000612400000| Complete 
|  72|0x000000061ac00000, 0x000000061b000000, 0x000000061b000000|100%| E|CS|TAMS 0x000000061ac00000| PB 0x000000061ac00000| Complete 

Card table byte_map: [0x00000241629e0000,0x00000241639a0000] _byte_map_base: 0x000002415f99a000

Marking Bits: (CMBitMap*) 0x000002414eac2180
 Bits: [0x00000241639a0000, 0x000002416b770000)

Polling page: 0x000002414c840000

Metaspace:

Usage:
  Non-class:     11.91 MB used.
      Class:      1.21 MB used.
       Both:     13.12 MB used.

Virtual space:
  Non-class space:       64.00 MB reserved,      12.06 MB ( 19%) committed,  1 nodes.
      Class space:        1.00 GB reserved,       1.38 MB ( <1%) committed,  1 nodes.
             Both:        1.06 GB reserved,      13.44 MB (  1%) committed. 

Chunk freelists:
   Non-Class:  3.98 MB
       Class:  14.62 MB
        Both:  18.61 MB

MaxMetaspaceSize: unlimited
CompressedClassSpaceSize: 1.00 GB
Initial GC threshold: 21.00 MB
Current GC threshold: 22.31 MB
CDS: on
 - commit_granule_bytes: 65536.
 - commit_granule_words: 8192.
 - virtual_space_node_default_size: 8388608.
 - enlarge_chunks_in_place: 1.
 - use_allocation_guard: 0.


Internal statistics:

num_allocs_failed_limit: 0.
num_arena_births: 206.
num_arena_deaths: 0.
num_vsnodes_births: 2.
num_vsnodes_deaths: 0.
num_space_committed: 213.
num_space_uncommitted: 0.
num_chunks_returned_to_freelist: 0.
num_chunks_taken_from_freelist: 454.
num_chunk_merges: 0.
num_chunk_splits: 271.
num_chunks_enlarged: 152.
num_inconsistent_stats: 0.

CodeHeap 'non-profiled nmethods': size=120000Kb used=2706Kb max_used=2706Kb free=117293Kb
 bounds [0x0000024159e90000, 0x000002415a140000, 0x00000241613c0000]
CodeHeap 'profiled nmethods': size=120000Kb used=5016Kb max_used=5016Kb free=114984Kb
 bounds [0x00000241523c0000, 0x00000241528c0000, 0x00000241598f0000]
CodeHeap 'non-nmethods': size=5760Kb used=1731Kb max_used=1779Kb free=4028Kb
 bounds [0x00000241598f0000, 0x0000024159b60000, 0x0000024159e90000]
CodeCache: size=245760Kb, used=9453Kb, max_used=9501Kb, free=236305Kb
 total_blobs=3617, nmethods=2850, adapters=671, full_count=0
Compilation: enabled, stopped_count=0, restarted_count=0

Compilation events (20 events):
Event: 95.871 Thread 0x000002416e63c1f0 3119       3       jdk.internal.logger.AbstractLoggerWrapper::isLoggable (26 bytes)
Event: 95.871 Thread 0x000002416e63c1f0 nmethod 3119 0x0000024152517f10 code [0x0000024152518100, 0x00000241525186a0]
Event: 95.894 Thread 0x000002416e63c1f0 3120       3       java.util.concurrent.locks.ReentrantLock$Sync::isHeldExclusively (16 bytes)
Event: 95.895 Thread 0x000002416e63c1f0 nmethod 3120 0x000002415242a790 code [0x000002415242a940, 0x000002415242aad8]
Event: 96.705 Thread 0x000002416e639b40 3121       4       net.minecraft.src.EntityRenderer::updateCameraAndRender (385 bytes)
Event: 96.862 Thread 0x000002416e639b40 nmethod 3121 0x000002415a12fa90 code [0x000002415a12ff60, 0x000002415a131d38]
Event: 96.863 Thread 0x000002416e639b40 3122       4       net.minecraft.src.EntityRenderer::setupOverlayRendering (80 bytes)
Event: 96.948 Thread 0x000002416e639b40 nmethod 3122 0x000002415a133590 code [0x000002415a133840, 0x000002415a134058]
Event: 100.711 Thread 0x000002416e63c1f0 3123       3       java.lang.invoke.DirectMethodHandle$Holder::invokeStatic (17 bytes)
Event: 100.712 Thread 0x000002416e63c1f0 nmethod 3123 0x0000024152675190 code [0x0000024152675360, 0x0000024152675750]
Event: 100.712 Thread 0x000002416e63c1f0 3124       3       java.lang.invoke.LambdaForm$MH/0x0000024101010800::invoke (32 bytes)
Event: 100.712 Thread 0x000002416e63c1f0 nmethod 3124 0x000002415240ef10 code [0x000002415240f0e0, 0x000002415240f5a8]
Event: 105.711 Thread 0x000002416e63c1f0 3125       3       java.lang.StringConcatHelper::mix (11 bytes)
Event: 105.712 Thread 0x000002416e63c1f0 nmethod 3125 0x00000241525db790 code [0x00000241525db960, 0x00000241525dbbd0]
Event: 105.712 Thread 0x000002416e63c1f0 3126       3       java.lang.StringConcatHelper::prepend (22 bytes)
Event: 105.712 Thread 0x000002416e63c1f0 nmethod 3126 0x00000241525a4490 code [0x00000241525a4660, 0x00000241525a48f0]
Event: 105.712 Thread 0x000002416e63c1f0 3127       3       java.lang.StringConcatHelper::prepend (30 bytes)
Event: 105.712 Thread 0x000002416e63c1f0 nmethod 3127 0x0000024152517a90 code [0x0000024152517c60, 0x0000024152517e38]
Event: 127.343 Thread 0x000002416e63c1f0 3128       3       java.security.AccessControlContext::combine (205 bytes)
Event: 127.343 Thread 0x000002416e63c1f0 nmethod 3128 0x0000024152630d10 code [0x0000024152630f60, 0x0000024152631a60]

GC Heap History (18 events):
Event: 4.866 GC heap before
{Heap before GC invocations=0 (full 0):
 garbage-first heap   total 516096K, used 32768K [0x0000000608c00000, 0x0000000800000000)
  region size 4096K, 6 young (24576K), 0 survivors (0K)
 Metaspace       used 11963K, committed 12160K, reserved 1114112K
  class space    used 1167K, committed 1280K, reserved 1048576K
}
Event: 4.874 GC heap after
{Heap after GC invocations=1 (full 0):
 garbage-first heap   total 516096K, used 17723K [0x0000000608c00000, 0x0000000800000000)
  region size 4096K, 1 young (4096K), 1 survivors (4096K)
 Metaspace       used 11963K, committed 12160K, reserved 1114112K
  class space    used 1167K, committed 1280K, reserved 1048576K
}
Event: 6.307 GC heap before
{Heap before GC invocations=1 (full 0):
 garbage-first heap   total 516096K, used 17723K [0x0000000608c00000, 0x0000000800000000)
  region size 4096K, 2 young (8192K), 1 survivors (4096K)
 Metaspace       used 12391K, committed 12672K, reserved 1114112K
  class space    used 1201K, committed 1344K, reserved 1048576K
}
Event: 6.323 GC heap after
{Heap after GC invocations=2 (full 1):
 garbage-first heap   total 69632K, used 17421K [0x0000000608c00000, 0x0000000800000000)
  region size 4096K, 0 young (0K), 0 survivors (0K)
 Metaspace       used 12391K, committed 12672K, reserved 1114112K
  class space    used 1201K, committed 1344K, reserved 1048576K
}
Event: 6.325 GC heap before
{Heap before GC invocations=2 (full 1):
 garbage-first heap   total 69632K, used 17421K [0x0000000608c00000, 0x0000000800000000)
  region size 4096K, 0 young (0K), 0 survivors (0K)
 Metaspace       used 12391K, committed 12672K, reserved 1114112K
  class space    used 1201K, committed 1344K, reserved 1048576K
}
Event: 6.355 GC heap after
{Heap after GC invocations=3 (full 2):
 garbage-first heap   total 69632K, used 17420K [0x0000000608c00000, 0x0000000800000000)
  region size 4096K, 0 young (0K), 0 survivors (0K)
 Metaspace       used 12391K, committed 12672K, reserved 1114112K
  class space    used 1201K, committed 1344K, reserved 1048576K
}
Event: 6.612 GC heap before
{Heap before GC invocations=3 (full 2):
 garbage-first heap   total 69632K, used 37900K [0x0000000608c00000, 0x0000000800000000)
  region size 4096K, 5 young (20480K), 0 survivors (0K)
 Metaspace       used 12564K, committed 12864K, reserved 1114112K
  class space    used 1212K, committed 1344K, reserved 1048576K
}
Event: 6.621 GC heap after
{Heap after GC invocations=4 (full 2):
 garbage-first heap   total 69632K, used 35380K [0x0000000608c00000, 0x0000000800000000)
  region size 4096K, 1 young (4096K), 1 survivors (4096K)
 Metaspace       used 12564K, committed 12864K, reserved 1114112K
  class space    used 1212K, committed 1344K, reserved 1048576K
}
Event: 6.654 GC heap before
{Heap before GC invocations=4 (full 2):
 garbage-first heap   total 69632K, used 39476K [0x0000000608c00000, 0x0000000800000000)
  region size 4096K, 2 young (8192K), 1 survivors (4096K)
 Metaspace       used 12576K, committed 12864K, reserved 1114112K
  class space    used 1212K, committed 1344K, reserved 1048576K
}
Event: 6.659 GC heap after
{Heap after GC invocations=5 (full 2):
 garbage-first heap   total 69632K, used 39107K [0x0000000608c00000, 0x0000000800000000)
  region size 4096K, 1 young (4096K), 1 survivors (4096K)
 Metaspace       used 12576K, committed 12864K, reserved 1114112K
  class space    used 1212K, committed 1344K, reserved 1048576K
}
Event: 6.730 GC heap before
{Heap before GC invocations=6 (full 2):
 garbage-first heap   total 77824K, used 43203K [0x0000000608c00000, 0x0000000800000000)
  region size 4096K, 2 young (8192K), 1 survivors (4096K)
 Metaspace       used 12623K, committed 12928K, reserved 1114112K
  class space    used 1217K, committed 1344K, reserved 1048576K
}
Event: 6.735 GC heap after
{Heap after GC invocations=7 (full 2):
 garbage-first heap   total 77824K, used 42892K [0x0000000608c00000, 0x0000000800000000)
  region size 4096K, 1 young (4096K), 1 survivors (4096K)
 Metaspace       used 12623K, committed 12928K, reserved 1114112K
  class space    used 1217K, committed 1344K, reserved 1048576K
}
Event: 6.812 GC heap before
{Heap before GC invocations=7 (full 2):
 garbage-first heap   total 77824K, used 42892K [0x0000000608c00000, 0x0000000800000000)
  region size 4096K, 2 young (8192K), 1 survivors (4096K)
 Metaspace       used 12645K, committed 12928K, reserved 1114112K
  class space    used 1220K, committed 1344K, reserved 1048576K
}
Event: 6.848 GC heap after
{Heap after GC invocations=8 (full 3):
 garbage-first heap   total 77824K, used 43280K [0x0000000608c00000, 0x0000000800000000)
  region size 4096K, 0 young (0K), 0 survivors (0K)
 Metaspace       used 12645K, committed 12928K, reserved 1114112K
  class space    used 1220K, committed 1344K, reserved 1048576K
}
Event: 7.320 GC heap before
{Heap before GC invocations=8 (full 3):
 garbage-first heap   total 77824K, used 51472K [0x0000000608c00000, 0x0000000800000000)
  region size 4096K, 2 young (8192K), 0 survivors (0K)
 Metaspace       used 12848K, committed 13120K, reserved 1114112K
  class space    used 1235K, committed 1344K, reserved 1048576K
}
Event: 7.323 GC heap after
{Heap after GC invocations=9 (full 3):
 garbage-first heap   total 299008K, used 47315K [0x0000000608c00000, 0x0000000800000000)
  region size 4096K, 1 young (4096K), 1 survivors (4096K)
 Metaspace       used 12848K, committed 13120K, reserved 1114112K
  class space    used 1235K, committed 1344K, reserved 1048576K
}
Event: 17.016 GC heap before
{Heap before GC invocations=10 (full 3):
 garbage-first heap   total 163840K, used 63699K [0x0000000608c00000, 0x0000000800000000)
  region size 4096K, 7 young (28672K), 1 survivors (4096K)
 Metaspace       used 13382K, committed 13696K, reserved 1114112K
  class space    used 1241K, committed 1408K, reserved 1048576K
}
Event: 17.034 GC heap after
{Heap after GC invocations=11 (full 4):
 garbage-first heap   total 163840K, used 56492K [0x0000000608c00000, 0x0000000800000000)
  region size 4096K, 0 young (0K), 0 survivors (0K)
 Metaspace       used 13382K, committed 13696K, reserved 1114112K
  class space    used 1241K, committed 1408K, reserved 1048576K
}

Dll operation events (15 events):
Event: 0.013 Loaded shared library C:\Users\gagek\.p2\pool\plugins\org.eclipse.justj.openjdk.hotspot.jre.full.win32.x86_64_21.0.8.v20250724-1412\jre\bin\java.dll
Event: 0.053 Loaded shared library C:\Users\gagek\.p2\pool\plugins\org.eclipse.justj.openjdk.hotspot.jre.full.win32.x86_64_21.0.8.v20250724-1412\jre\bin\zip.dll
Event: 0.118 Loaded shared library C:\Users\gagek\.p2\pool\plugins\org.eclipse.justj.openjdk.hotspot.jre.full.win32.x86_64_21.0.8.v20250724-1412\jre\bin\net.dll
Event: 0.122 Loaded shared library C:\Users\gagek\.p2\pool\plugins\org.eclipse.justj.openjdk.hotspot.jre.full.win32.x86_64_21.0.8.v20250724-1412\jre\bin\nio.dll
Event: 0.127 Loaded shared library C:\Users\gagek\.p2\pool\plugins\org.eclipse.justj.openjdk.hotspot.jre.full.win32.x86_64_21.0.8.v20250724-1412\jre\bin\zip.dll
Event: 0.189 Loaded shared library C:\Users\gagek\.p2\pool\plugins\org.eclipse.justj.openjdk.hotspot.jre.full.win32.x86_64_21.0.8.v20250724-1412\jre\bin\jimage.dll
Event: 0.235 Loaded shared library C:\Users\gagek\.p2\pool\plugins\org.eclipse.justj.openjdk.hotspot.jre.full.win32.x86_64_21.0.8.v20250724-1412\jre\bin\awt.dll
Event: 0.447 Loaded shared library C:\Users\gagek\.p2\pool\plugins\org.eclipse.justj.openjdk.hotspot.jre.full.win32.x86_64_21.0.8.v20250724-1412\jre\bin\freetype.dll
Event: 0.449 Loaded shared library C:\Users\gagek\.p2\pool\plugins\org.eclipse.justj.openjdk.hotspot.jre.full.win32.x86_64_21.0.8.v20250724-1412\jre\bin\fontmanager.dll
Event: 0.711 Loaded shared library C:\Users\gagek\.p2\pool\plugins\org.eclipse.justj.openjdk.hotspot.jre.full.win32.x86_64_21.0.8.v20250724-1412\jre\bin\verify.dll
Event: 0.738 Loaded shared library C:\MinecraftAlphaDev\libraries\natives\lwjgl64.dll
Event: 0.777 Loaded shared library C:\Users\gagek\.p2\pool\plugins\org.eclipse.justj.openjdk.hotspot.jre.full.win32.x86_64_21.0.8.v20250724-1412\jre\bin\jawt.dll
Event: 2.085 Loaded shared library C:\MinecraftAlphaDev\libraries\natives\jinput-dx8_64.dll
Event: 2.343 Loaded shared library C:\MinecraftAlphaDev\libraries\natives\jinput-raw_64.dll
Event: 4.757 Loaded shared library C:\Users\gagek\.p2\pool\plugins\org.eclipse.justj.openjdk.hotspot.jre.full.win32.x86_64_21.0.8.v20250724-1412\jre\bin\extnet.dll

Deoptimization events (20 events):
Event: 23.183 Thread 0x000002417307cfd0 DEOPT PACKING pc=0x0000024159f0c04c sp=0x00000090ce6ff1a0
Event: 23.183 Thread 0x000002417307cfd0 DEOPT UNPACKING pc=0x00000241599446a2 sp=0x00000090ce6ff118 mode 2
Event: 23.197 Thread 0x000002417307cfd0 Uncommon trap: trap_request=0xffffffde fr.pc=0x0000024159f0c04c relative=0x000000000000012c
Event: 23.197 Thread 0x000002417307cfd0 Uncommon trap: reason=class_check action=maybe_recompile pc=0x0000024159f0c04c method=jdk.internal.misc.Unsafe.allocateUninitializedArray(Ljava/lang/Class;I)Ljava/lang/Object; @ 51 c2
Event: 23.197 Thread 0x000002417307cfd0 DEOPT PACKING pc=0x0000024159f0c04c sp=0x00000090ce6ff1a0
Event: 23.197 Thread 0x000002417307cfd0 DEOPT UNPACKING pc=0x00000241599446a2 sp=0x00000090ce6ff118 mode 2
Event: 23.197 Thread 0x000002417307cfd0 Uncommon trap: trap_request=0xffffffde fr.pc=0x0000024159f0c04c relative=0x000000000000012c
Event: 23.197 Thread 0x000002417307cfd0 Uncommon trap: reason=class_check action=maybe_recompile pc=0x0000024159f0c04c method=jdk.internal.misc.Unsafe.allocateUninitializedArray(Ljava/lang/Class;I)Ljava/lang/Object; @ 51 c2
Event: 23.197 Thread 0x000002417307cfd0 DEOPT PACKING pc=0x0000024159f0c04c sp=0x00000090ce6ff1a0
Event: 23.197 Thread 0x000002417307cfd0 DEOPT UNPACKING pc=0x00000241599446a2 sp=0x00000090ce6ff118 mode 2
Event: 30.955 Thread 0x000002417307cfd0 DEOPT PACKING pc=0x00000241525751e4 sp=0x00000090ce6ff3c0
Event: 30.955 Thread 0x000002417307cfd0 DEOPT UNPACKING pc=0x0000024159944e42 sp=0x00000090ce6fe850 mode 0
Event: 51.785 Thread 0x000002417307cfd0 DEOPT PACKING pc=0x00000241526cb8eb sp=0x00000090ce6ff3b0
Event: 51.785 Thread 0x000002417307cfd0 DEOPT UNPACKING pc=0x0000024159944e42 sp=0x00000090ce6fe830 mode 0
Event: 59.352 Thread 0x000002417307cfd0 DEOPT PACKING pc=0x00000241526a9dca sp=0x00000090ce6ff370
Event: 59.352 Thread 0x000002417307cfd0 DEOPT UNPACKING pc=0x0000024159944e42 sp=0x00000090ce6fe860 mode 0
Event: 59.514 Thread 0x0000024173018560 Uncommon trap: trap_request=0xffffff76 fr.pc=0x0000024159fbb7cc relative=0x000000000000012c
Event: 59.514 Thread 0x0000024173018560 Uncommon trap: reason=predicate action=maybe_recompile pc=0x0000024159fbb7cc method=java.util.ArrayList.indexOfRange(Ljava/lang/Object;II)I @ 45 c2
Event: 59.514 Thread 0x0000024173018560 DEOPT PACKING pc=0x0000024159fbb7cc sp=0x00000090ce4fe1b0
Event: 59.514 Thread 0x0000024173018560 DEOPT UNPACKING pc=0x00000241599446a2 sp=0x00000090ce4fe148 mode 2

Classes loaded (20 events):
Event: 6.977 Loading class java/util/OptionalInt
Event: 6.977 Loading class java/util/OptionalInt done
Event: 6.977 Loading class sun/net/www/protocol/https/Handler
Event: 6.977 Loading class sun/net/www/protocol/https/Handler done
Event: 6.979 Loading class sun/net/www/http/KeepAliveCache$1
Event: 6.979 Loading class sun/net/www/http/KeepAliveCache$1 done
Event: 6.980 Loading class sun/net/www/http/KeepAliveCache$ClientVector
Event: 6.980 Loading class sun/net/www/http/KeepAliveCache$ClientVector done
Event: 7.008 Loading class sun/net/www/http/KeepAliveEntry
Event: 7.008 Loading class sun/net/www/http/KeepAliveEntry done
Event: 7.008 Loading class sun/net/www/protocol/http/EmptyInputStream
Event: 7.008 Loading class sun/net/www/protocol/http/EmptyInputStream done
Event: 7.871 Loading class java/util/zip/Deflater
Event: 7.871 Loading class java/util/zip/Deflater done
Event: 7.872 Loading class java/util/zip/Deflater$DeflaterZStreamRef
Event: 7.873 Loading class java/util/zip/Deflater$DeflaterZStreamRef done
Event: 127.346 Loading class java/util/WeakHashMap$KeyIterator
Event: 127.346 Loading class java/util/WeakHashMap$HashIterator
Event: 127.346 Loading class java/util/WeakHashMap$HashIterator done
Event: 127.346 Loading class java/util/WeakHashMap$KeyIterator done

Classes unloaded (0 events):
No events

Classes redefined (0 events):
No events

Internal exceptions (20 events):
Event: 14.743 Thread 0x000002417559a1a0 Exception <a 'java/lang/InterruptedException'{0x000000061155ee38}: sleep interrupted> (0x000000061155ee38) 
thrown [s\src\hotspot\share\prims\jvm.cpp, line 3074]
Event: 14.796 Thread 0x000002417559a1a0 Exception <a 'java/lang/InterruptedException'{0x000000061155f190}: sleep interrupted> (0x000000061155f190) 
thrown [s\src\hotspot\share\prims\jvm.cpp, line 3074]
Event: 14.847 Thread 0x000002417559a1a0 Exception <a 'java/lang/InterruptedException'{0x000000061155f4e8}: sleep interrupted> (0x000000061155f4e8) 
thrown [s\src\hotspot\share\prims\jvm.cpp, line 3074]
Event: 14.848 Thread 0x000002417559a1a0 Exception <a 'java/lang/InterruptedException'{0x000000061155f840}: sleep interrupted> (0x000000061155f840) 
thrown [s\src\hotspot\share\prims\jvm.cpp, line 3052]
Event: 14.900 Thread 0x000002417559a1a0 Exception <a 'java/lang/InterruptedException'{0x000000061155fb58}: sleep interrupted> (0x000000061155fb58) 
thrown [s\src\hotspot\share\prims\jvm.cpp, line 3074]
Event: 14.900 Thread 0x000002417559a1a0 Exception <a 'java/lang/InterruptedException'{0x000000061155feb0}: sleep interrupted> (0x000000061155feb0) 
thrown [s\src\hotspot\share\prims\jvm.cpp, line 3052]
Event: 14.953 Thread 0x000002417559a1a0 Exception <a 'java/lang/InterruptedException'{0x00000006115601c8}: sleep interrupted> (0x00000006115601c8) 
thrown [s\src\hotspot\share\prims\jvm.cpp, line 3074]
Event: 15.007 Thread 0x000002417559a1a0 Exception <a 'java/lang/InterruptedException'{0x0000000611560520}: sleep interrupted> (0x0000000611560520) 
thrown [s\src\hotspot\share\prims\jvm.cpp, line 3074]
Event: 15.057 Thread 0x000002417559a1a0 Exception <a 'java/lang/InterruptedException'{0x0000000611560878}: sleep interrupted> (0x0000000611560878) 
thrown [s\src\hotspot\share\prims\jvm.cpp, line 3074]
Event: 15.107 Thread 0x000002417559a1a0 Exception <a 'java/lang/InterruptedException'{0x0000000611560bd0}: sleep interrupted> (0x0000000611560bd0) 
thrown [s\src\hotspot\share\prims\jvm.cpp, line 3074]
Event: 15.161 Thread 0x000002417559a1a0 Exception <a 'java/lang/InterruptedException'{0x0000000611560f28}: sleep interrupted> (0x0000000611560f28) 
thrown [s\src\hotspot\share\prims\jvm.cpp, line 3074]
Event: 15.214 Thread 0x000002417559a1a0 Exception <a 'java/lang/InterruptedException'{0x00000006115e28e0}: sleep interrupted> (0x00000006115e28e0) 
thrown [s\src\hotspot\share\prims\jvm.cpp, line 3074]
Event: 15.273 Thread 0x000002417559a1a0 Exception <a 'java/lang/InterruptedException'{0x00000006115e2c38}: sleep interrupted> (0x00000006115e2c38) 
thrown [s\src\hotspot\share\prims\jvm.cpp, line 3074]
Event: 15.325 Thread 0x000002417559a1a0 Exception <a 'java/lang/InterruptedException'{0x00000006115e2f90}: sleep interrupted> (0x00000006115e2f90) 
thrown [s\src\hotspot\share\prims\jvm.cpp, line 3074]
Event: 15.382 Thread 0x000002417559a1a0 Exception <a 'java/lang/InterruptedException'{0x00000006115e32e8}: sleep interrupted> (0x00000006115e32e8) 
thrown [s\src\hotspot\share\prims\jvm.cpp, line 3074]
Event: 15.441 Thread 0x000002417559a1a0 Exception <a 'java/lang/InterruptedException'{0x00000006115e3640}: sleep interrupted> (0x00000006115e3640) 
thrown [s\src\hotspot\share\prims\jvm.cpp, line 3074]
Event: 15.490 Thread 0x000002417559a1a0 Exception <a 'java/lang/InterruptedException'{0x00000006115e3998}: sleep interrupted> (0x00000006115e3998) 
thrown [s\src\hotspot\share\prims\jvm.cpp, line 3074]
Event: 15.490 Thread 0x000002417559a1a0 Exception <a 'java/lang/InterruptedException'{0x00000006115e3cf0}: sleep interrupted> (0x00000006115e3cf0) 
thrown [s\src\hotspot\share\prims\jvm.cpp, line 3052]
Event: 15.545 Thread 0x000002417559a1a0 Exception <a 'java/lang/InterruptedException'{0x00000006115e4008}: sleep interrupted> (0x00000006115e4008) 
thrown [s\src\hotspot\share\prims\jvm.cpp, line 3074]
Event: 15.597 Thread 0x000002417559a1a0 Exception <a 'java/lang/InterruptedException'{0x00000006115e4360}: sleep interrupted> (0x00000006115e4360) 
thrown [s\src\hotspot\share\prims\jvm.cpp, line 3074]

ZGC Phase Switch (0 events):
No events

VM Operations (20 events):
Event: 25.040 Executing VM operation: Cleanup done
Event: 31.043 Executing VM operation: Cleanup
Event: 31.043 Executing VM operation: Cleanup done
Event: 43.051 Executing VM operation: Cleanup
Event: 43.052 Executing VM operation: Cleanup done
Event: 44.052 Executing VM operation: Cleanup
Event: 44.052 Executing VM operation: Cleanup done
Event: 56.058 Executing VM operation: Cleanup
Event: 56.058 Executing VM operation: Cleanup done
Event: 60.060 Executing VM operation: Cleanup
Event: 60.060 Executing VM operation: Cleanup done
Event: 60.228 Executing VM operation: HandshakeAllThreads (HandshakeForDeflation)
Event: 60.229 Executing VM operation: HandshakeAllThreads (HandshakeForDeflation) done
Event: 60.229 Executing VM operation: RendezvousGCThreads
Event: 60.229 Executing VM operation: RendezvousGCThreads done
Event: 67.230 Executing VM operation: Cleanup
Event: 67.231 Executing VM operation: Cleanup done
Event: 96.244 Executing VM operation: Cleanup
Event: 96.244 Executing VM operation: Cleanup done
Event: 127.451 Executing VM operation: Exit

Memory protections (0 events):
No events

Nmethod flushes (20 events):
Event: 17.023 Thread 0x000002416dc56750 flushing  nmethod 0x0000024159f4a090
Event: 17.023 Thread 0x000002416dc56750 flushing  nmethod 0x00000241524cb110
Event: 17.023 Thread 0x000002416dc56750 flushing  nmethod 0x00000241524cb510
Event: 17.023 Thread 0x000002416dc56750 flushing  nmethod 0x0000024152516b90
Event: 17.023 Thread 0x000002416dc56750 flushing  nmethod 0x0000024152574d10
Event: 17.023 Thread 0x000002416dc56750 flushing  nmethod 0x00000241525db790
Event: 17.023 Thread 0x000002416dc56750 flushing  nmethod 0x000002415264f210
Event: 17.023 Thread 0x000002416dc56750 flushing  nmethod 0x0000024159f45e10
Event: 17.023 Thread 0x000002416dc56750 flushing  nmethod 0x00000241523e6810
Event: 17.023 Thread 0x000002416dc56750 flushing  nmethod 0x000002415240dd90
Event: 17.023 Thread 0x000002416dc56750 flushing  nmethod 0x000002415240e490
Event: 17.023 Thread 0x000002416dc56750 flushing  nmethod 0x000002415240ef10
Event: 17.023 Thread 0x000002416dc56750 flushing  nmethod 0x0000024152474c90
Event: 17.023 Thread 0x000002416dc56750 flushing  nmethod 0x0000024152479190
Event: 17.023 Thread 0x000002416dc56750 flushing  nmethod 0x000002415256ef90
Event: 17.023 Thread 0x000002416dc56750 flushing  nmethod 0x000002415256f410
Event: 17.023 Thread 0x000002416dc56750 flushing  nmethod 0x00000241525a4f90
Event: 17.023 Thread 0x000002416dc56750 flushing osr nmethod 0x0000024152638390
Event: 17.023 Thread 0x000002416dc56750 flushing  nmethod 0x0000024152675190
Event: 17.023 Thread 0x000002416dc56750 flushing  nmethod 0x00000241526b3b90

Events (20 events):
Event: 9.010 Thread 0x0000024179d56f40 Thread exited: 0x0000024179d56f40
Event: 9.705 Thread 0x000002416e63c1f0 Thread added: 0x0000024179d56f40
Event: 10.280 Thread 0x0000024179d56f40 Thread exited: 0x0000024179d56f40
Event: 10.856 Thread 0x000002417549bff0 Thread exited: 0x000002417549bff0
Event: 21.984 Thread 0x000002417a55b380 Thread exited: 0x000002417a55b380
Event: 127.345 Thread 0x000002417307cfd0 Thread exited: 0x000002417307cfd0
Event: 127.346 Thread 0x0000024173018560 Thread added: 0x000002417a55a660
Event: 127.346 Thread 0x0000024173018560 Thread added: 0x000002417a55c730
Event: 127.346 Thread 0x0000024173018560 Thread added: 0x000002417a55dae0
Event: 127.346 Thread 0x0000024173018560 Thread added: 0x000002417a55cdc0
Event: 127.346 Thread 0x0000024173018560 Thread added: 0x000002417a55b380
Event: 127.346 Thread 0x0000024173018560 Thread added: 0x000002417a55d450
Event: 127.346 Thread 0x000002417a55a660 Thread exited: 0x000002417a55a660
Event: 127.347 Thread 0x000002417a55c730 Thread exited: 0x000002417a55c730
Event: 127.347 Thread 0x000002417a55d450 Thread exited: 0x000002417a55d450
Event: 127.350 Thread 0x000002417a55b380 Thread exited: 0x000002417a55b380
Event: 127.361 Thread 0x000002417a55cdc0 Thread exited: 0x000002417a55cdc0
Event: 127.415 Thread 0x000002416e9f5990 Thread exited: 0x000002416e9f5990
Event: 127.451 Thread 0x000002417a55dae0 Thread exited: 0x000002417a55dae0
Event: 127.451 Thread 0x0000024173018560 Before exit entered


Dynamic libraries:
0x00007ff7d8d50000 - 0x00007ff7d8d5e000 	C:\Users\gagek\.p2\pool\plugins\org.eclipse.justj.openjdk.hotspot.jre.full.win32.x86_64_21.0.8.v20250724-1412\jre\bin\javaw.exe
0x00007ffe18220000 - 0x00007ffe18487000 	C:\windows\SYSTEM32\ntdll.dll
0x00007ffe17580000 - 0x00007ffe17649000 	C:\windows\System32\KERNEL32.DLL
0x00007ffe15590000 - 0x00007ffe15980000 	C:\windows\System32\KERNELBASE.dll
0x00007ffe15e60000 - 0x00007ffe15fab000 	C:\windows\System32\ucrtbase.dll
0x00007ffddad60000 - 0x00007ffddad7e000 	C:\Users\gagek\.p2\pool\plugins\org.eclipse.justj.openjdk.hotspot.jre.full.win32.x86_64_21.0.8.v20250724-1412\jre\bin\VCRUNTIME140.dll
0x00007ffddad40000 - 0x00007ffddad58000 	C:\Users\gagek\.p2\pool\plugins\org.eclipse.justj.openjdk.hotspot.jre.full.win32.x86_64_21.0.8.v20250724-1412\jre\bin\jli.dll
0x00007ffe15fb0000 - 0x00007ffe16175000 	C:\windows\System32\USER32.dll
0x00007ffe15560000 - 0x00007ffe15587000 	C:\windows\System32\win32u.dll
0x00007ffdf38e0000 - 0x00007ffdf3b7a000 	C:\windows\WinSxS\amd64_microsoft.windows.common-controls_6595b64144ccf1df_6.0.26100.4768_none_3e0c112ce331287c\COMCTL32.dll
0x00007ffe17be0000 - 0x00007ffe17c0b000 	C:\windows\System32\GDI32.dll
0x00007ffe17860000 - 0x00007ffe17909000 	C:\windows\System32\msvcrt.dll
0x00007ffe15b10000 - 0x00007ffe15c48000 	C:\windows\System32\gdi32full.dll
0x00007ffe154b0000 - 0x00007ffe15553000 	C:\windows\System32\msvcp_win.dll
0x00007ffe17c10000 - 0x00007ffe17c3f000 	C:\windows\System32\IMM32.DLL
0x00007ffdf3500000 - 0x00007ffdf350c000 	C:\Users\gagek\.p2\pool\plugins\org.eclipse.justj.openjdk.hotspot.jre.full.win32.x86_64_21.0.8.v20250724-1412\jre\bin\vcruntime140_1.dll
0x00007ffdb66e0000 - 0x00007ffdb676d000 	C:\Users\gagek\.p2\pool\plugins\org.eclipse.justj.openjdk.hotspot.jre.full.win32.x86_64_21.0.8.v20250724-1412\jre\bin\msvcp140.dll
0x00007ffd33410000 - 0x00007ffd341a7000 	C:\Users\gagek\.p2\pool\plugins\org.eclipse.justj.openjdk.hotspot.jre.full.win32.x86_64_21.0.8.v20250724-1412\jre\bin\server\jvm.dll
0x00007ffe16b50000 - 0x00007ffe16c04000 	C:\windows\System32\ADVAPI32.dll
0x00007ffe17910000 - 0x00007ffe179b6000 	C:\windows\System32\sechost.dll
0x00007ffe179c0000 - 0x00007ffe17ad8000 	C:\windows\System32\RPCRT4.dll
0x00007ffe16720000 - 0x00007ffe16794000 	C:\windows\System32\WS2_32.dll
0x00007ffe151b0000 - 0x00007ffe1520e000 	C:\windows\SYSTEM32\POWRPROF.dll
0x00007ffe0d720000 - 0x00007ffe0d755000 	C:\windows\SYSTEM32\WINMM.dll
0x00007ffe0a3a0000 - 0x00007ffe0a3ab000 	C:\windows\SYSTEM32\VERSION.dll
0x00007ffe15190000 - 0x00007ffe151a4000 	C:\windows\SYSTEM32\UMPDC.dll
0x00007ffe14090000 - 0x00007ffe140ab000 	C:\windows\SYSTEM32\kernel.appcore.dll
0x00007ffe11210000 - 0x00007ffe1121a000 	C:\Users\gagek\.p2\pool\plugins\org.eclipse.justj.openjdk.hotspot.jre.full.win32.x86_64_21.0.8.v20250724-1412\jre\bin\jimage.dll
0x00007ffe12700000 - 0x00007ffe12941000 	C:\windows\SYSTEM32\DBGHELP.DLL
0x00007ffe167c0000 - 0x00007ffe16b45000 	C:\windows\System32\combase.dll
0x00007ffe173f0000 - 0x00007ffe174d0000 	C:\windows\System32\OLEAUT32.dll
0x00007ffdf4390000 - 0x00007ffdf43d3000 	C:\windows\SYSTEM32\dbgcore.DLL
0x00007ffe15410000 - 0x00007ffe154a9000 	C:\windows\System32\bcryptPrimitives.dll
0x00007ffe10f30000 - 0x00007ffe10f4f000 	C:\Users\gagek\.p2\pool\plugins\org.eclipse.justj.openjdk.hotspot.jre.full.win32.x86_64_21.0.8.v20250724-1412\jre\bin\java.dll
0x00007ffe16c10000 - 0x00007ffe1735d000 	C:\windows\System32\SHELL32.dll
0x00007ffe15990000 - 0x00007ffe15b03000 	C:\windows\System32\wintypes.dll
0x00007ffe12ef0000 - 0x00007ffe13750000 	C:\windows\SYSTEM32\windows.storage.dll
0x00007ffe17ae0000 - 0x00007ffe17bd5000 	C:\windows\System32\SHCORE.dll
0x00007ffe17cb0000 - 0x00007ffe17d1a000 	C:\windows\System32\shlwapi.dll
0x00007ffe15270000 - 0x00007ffe15299000 	C:\windows\SYSTEM32\profapi.dll
0x00007ffe10ed0000 - 0x00007ffe10ee8000 	C:\Users\gagek\.p2\pool\plugins\org.eclipse.justj.openjdk.hotspot.jre.full.win32.x86_64_21.0.8.v20250724-1412\jre\bin\zip.dll
0x00007ffe11200000 - 0x00007ffe11210000 	C:\Users\gagek\.p2\pool\plugins\org.eclipse.justj.openjdk.hotspot.jre.full.win32.x86_64_21.0.8.v20250724-1412\jre\bin\net.dll
0x00007ffe0e680000 - 0x00007ffe0e79e000 	C:\windows\SYSTEM32\WINHTTP.dll
0x00007ffe14600000 - 0x00007ffe1466b000 	C:\windows\system32\mswsock.dll
0x00007ffe111c0000 - 0x00007ffe111d6000 	C:\Users\gagek\.p2\pool\plugins\org.eclipse.justj.openjdk.hotspot.jre.full.win32.x86_64_21.0.8.v20250724-1412\jre\bin\nio.dll
0x00007ffdbe4a0000 - 0x00007ffdbe62e000 	C:\Users\gagek\.p2\pool\plugins\org.eclipse.justj.openjdk.hotspot.jre.full.win32.x86_64_21.0.8.v20250724-1412\jre\bin\awt.dll
0x00007ffe11250000 - 0x00007ffe112ee000 	C:\windows\SYSTEM32\apphelp.dll
0x00007ffe11730000 - 0x00007ffe11765000 	C:\windows\system32\DWMAPI.DLL
0x00007ffe115c0000 - 0x00007ffe1166f000 	C:\windows\system32\uxtheme.dll
0x00007ffd999d0000 - 0x00007ffd99ae8000 	C:\windows\system32\opengl32.dll
0x00007ffdbdcc0000 - 0x00007ffdbdced000 	C:\windows\SYSTEM32\GLU32.dll
0x00007ffe11c50000 - 0x00007ffe11c9d000 	C:\windows\SYSTEM32\dxcore.dll
0x00007ffe165b0000 - 0x00007ffe16711000 	C:\windows\System32\MSCTF.dll
0x00007ffe16400000 - 0x00007ffe165a0000 	C:\windows\System32\ole32.dll
0x00007ffdca8c0000 - 0x00007ffdca947000 	C:\Users\gagek\.p2\pool\plugins\org.eclipse.justj.openjdk.hotspot.jre.full.win32.x86_64_21.0.8.v20250724-1412\jre\bin\freetype.dll
0x00007ffdb5680000 - 0x00007ffdb576b000 	C:\Users\gagek\.p2\pool\plugins\org.eclipse.justj.openjdk.hotspot.jre.full.win32.x86_64_21.0.8.v20250724-1412\jre\bin\fontmanager.dll
0x00007ffe06dc0000 - 0x00007ffe06f11000 	C:\windows\SYSTEM32\textinputframework.dll
0x00007ffdcf690000 - 0x00007ffdcf70d000 	C:\windows\system32\Oleacc.dll
0x00007ffe17750000 - 0x00007ffe177f8000 	C:\windows\System32\clbcatq.dll
0x00007ffdd46f0000 - 0x00007ffdd474e000 	C:\windows\system32\ApplicationTargetedFeatureDatabase.dll
0x00007ffe0ac30000 - 0x00007ffe0ae68000 	C:\Windows\System32\twinapi.appcore.dll
0x00007ffe10e30000 - 0x00007ffe10e40000 	C:\Users\gagek\.p2\pool\plugins\org.eclipse.justj.openjdk.hotspot.jre.full.win32.x86_64_21.0.8.v20250724-1412\jre\bin\verify.dll
0x0000000180000000 - 0x0000000180053000 	C:\MinecraftAlphaDev\libraries\natives\lwjgl64.dll
0x00007ffe0dec0000 - 0x00007ffe0df89000 	C:\windows\SYSTEM32\mscms.dll
0x00007ffdf7470000 - 0x00007ffdf74e0000 	C:\Windows\System32\Windows.Internal.Graphics.Display.DisplayColorManagement.dll
0x00007ffe14f10000 - 0x00007ffe14f67000 	C:\windows\SYSTEM32\cfgmgr32.dll
0x00007ffdf3330000 - 0x00007ffdf3337000 	C:\Users\gagek\.p2\pool\plugins\org.eclipse.justj.openjdk.hotspot.jre.full.win32.x86_64_21.0.8.v20250724-1412\jre\bin\jawt.dll
0x00007ffd4b5f0000 - 0x00007ffd4ba6e000 	C:\Users\gagek\AppData\Roaming\ow-electron\jilehohlakeokncafogkgnicgndeecdiengddbcc\packages\emifmpeaagaaglhaimndbhcpkjfmjhfnjjpoibdo\1.8.21\owe-client-x64.dll
0x00007ffe0b360000 - 0x00007ffe0b3ca000 	C:\windows\SYSTEM32\directxdatabasehelper.dll
0x00007ffdf9260000 - 0x00007ffdf927a000 	C:\windows\SYSTEM32\windows.staterepositorycore.dll
0x00007ffd14d90000 - 0x00007ffd1635b000 	C:\windows\System32\DriverStore\FileRepository\iigd_dch.inf_amd64_9ce4d8a46710e0e5\igxelpgicd64.dll
0x00007ffd69440000 - 0x00007ffd69463000 	C:\windows\SYSTEM32\d3d12.dll
0x00007ffe12bf0000 - 0x00007ffe12d2e000 	C:\windows\SYSTEM32\dxgi.dll
0x00007ffdfab90000 - 0x00007ffdfad37000 	C:\windows\System32\DriverStore\FileRepository\iigd_dch.inf_amd64_9ce4d8a46710e0e5\igdml64.dll
0x00007ffe141c0000 - 0x00007ffe141f6000 	C:\windows\SYSTEM32\ntmarta.dll
0x00007ffe04790000 - 0x00007ffe04d23000 	C:\windows\System32\DriverStore\FileRepository\iigd_dch.inf_amd64_9ce4d8a46710e0e5\igdgmm64.dll
0x00007ffd96ac0000 - 0x00007ffd96d37000 	C:\windows\SYSTEM32\D3D12Core.dll
0x00007ffe15240000 - 0x00007ffe15266000 	C:\windows\SYSTEM32\bcrypt.dll
0x00007ffe0aea0000 - 0x00007ffe0b01c000 	C:\windows\SYSTEM32\drvstore.dll
0x00007ffdfdf10000 - 0x00007ffe03036000 	C:\windows\System32\DriverStore\FileRepository\iigd_dch.inf_amd64_9ce4d8a46710e0e5\igc64.dll
0x00007ffe0daa0000 - 0x00007ffe0dace000 	C:\windows\SYSTEM32\D3DSCache.dll
0x00007ffe146a0000 - 0x00007ffe146cb000 	C:\windows\SYSTEM32\USERENV.dll
0x00007ffe108d0000 - 0x00007ffe10afa000 	C:\windows\SYSTEM32\dcomp.dll
0x00007ffe101d0000 - 0x00007ffe101e9000 	C:\windows\SYSTEM32\Microsoft.Internal.WarpPal.dll
0x00007ffe10f50000 - 0x00007ffe11075000 	C:\windows\SYSTEM32\CoreMessaging.dll
0x00007ffe08f90000 - 0x00007ffe09273000 	C:\windows\SYSTEM32\CoreUIComponents.dll
0x00007ffe14840000 - 0x00007ffe1484c000 	C:\windows\SYSTEM32\CRYPTBASE.DLL
0x00007ffe149e0000 - 0x00007ffe149fb000 	C:\windows\SYSTEM32\CRYPTSP.dll
0x00007ffe13ff0000 - 0x00007ffe1402b000 	C:\windows\system32\rsaenh.dll
0x00007ffe13a20000 - 0x00007ffe13a53000 	C:\windows\SYSTEM32\IPHLPAPI.DLL
0x00007ffe17800000 - 0x00007ffe1780a000 	C:\windows\System32\NSI.dll
0x000002416efa0000 - 0x000002416efb6000 	C:\MinecraftAlphaDev\libraries\natives\jinput-dx8_64.dll
0x00007ffdbee80000 - 0x00007ffdbeecb000 	C:\windows\SYSTEM32\DINPUT8.dll
0x00007ffdfd840000 - 0x00007ffdfda22000 	C:\windows\SYSTEM32\inputhost.dll
0x00007ffe13760000 - 0x00007ffe1376f000 	C:\windows\SYSTEM32\HID.DLL
0x00007ffe17d50000 - 0x00007ffe181d6000 	C:\windows\System32\SETUPAPI.DLL
0x00007ffe14f70000 - 0x00007ffe14f9d000 	C:\windows\SYSTEM32\DEVOBJ.dll
0x0000024173f60000 - 0x0000024173fe4000 	C:\windows\System32\WINTRUST.dll
0x00007ffe15ce0000 - 0x00007ffe15e57000 	C:\windows\System32\CRYPT32.dll
0x00007ffe14a50000 - 0x00007ffe14a63000 	C:\windows\SYSTEM32\MSASN1.dll
0x000002416efe0000 - 0x000002416eff4000 	C:\MinecraftAlphaDev\libraries\natives\jinput-raw_64.dll
0x0000024174410000 - 0x0000024174474000 	C:\MinecraftAlphaDev\libraries\natives\OpenAL64.dll
0x00007ffe0c5a0000 - 0x00007ffe0c642000 	C:\windows\System32\MMDevApi.dll
0x00007ffdb5cb0000 - 0x00007ffdb5d44000 	C:\windows\SYSTEM32\dsound.dll
0x00007ffd98640000 - 0x00007ffd98671000 	C:\windows\SYSTEM32\winmmbase.dll
0x00007ffd99dd0000 - 0x00007ffd99e81000 	C:\windows\SYSTEM32\ResampleDmo.DLL
0x00007ffdfcc60000 - 0x00007ffdfcc6e000 	C:\windows\SYSTEM32\msdmo.dll
0x00007ffdfa140000 - 0x00007ffdfa302000 	C:\windows\SYSTEM32\AUDIOSES.DLL
0x00007ffe11ae0000 - 0x00007ffe11af4000 	C:\windows\SYSTEM32\resourcepolicyclient.dll
0x00007ffe13a60000 - 0x00007ffe13b86000 	C:\windows\SYSTEM32\DNSAPI.dll
0x00007ffe0e2e0000 - 0x00007ffe0e2eb000 	C:\Windows\System32\rasadhlp.dll
0x00007ffe0ec90000 - 0x00007ffe0ed16000 	C:\windows\System32\fwpuclnt.dll
0x00007ffe0db30000 - 0x00007ffe0db39000 	C:\Users\gagek\.p2\pool\plugins\org.eclipse.justj.openjdk.hotspot.jre.full.win32.x86_64_21.0.8.v20250724-1412\jre\bin\extnet.dll

JVMTI agents: none

dbghelp: loaded successfully - version: 4.0.5 - missing functions: none
symbol engine: initialized successfully - sym options: 0x614 - pdb path: .;C:\Users\gagek\.p2\pool\plugins\org.eclipse.justj.openjdk.hotspot.jre.full.win32.x86_64_21.0.8.v20250724-1412\jre\bin;C:\windows\SYSTEM32;C:\windows\WinSxS\amd64_microsoft.windows.common-controls_6595b64144ccf1df_6.0.26100.4768_none_3e0c112ce331287c;C:\Users\gagek\.p2\pool\plugins\org.eclipse.justj.openjdk.hotspot.jre.full.win32.x86_64_21.0.8.v20250724-1412\jre\bin\server;C:\MinecraftAlphaDev\libraries\natives;C:\Users\gagek\AppData\Roaming\ow-electron\jilehohlakeokncafogkgnicgndeecdiengddbcc\packages\emifmpeaagaaglhaimndbhcpkjfmjhfnjjpoibdo\1.8.21;C:\windows\System32\DriverStore\FileRepository\iigd_dch.inf_amd64_9ce4d8a46710e0e5

VM Arguments:
jvm_args: -Djava.library.path=C:\MinecraftAlphaDev\libraries\natives -Dfile.encoding=UTF-8 -Dstdout.encoding=UTF-8 -Dstderr.encoding=UTF-8 -XX:+ShowCodeDetailsInExceptionMessages 
java_command: net.minecraft.client.Minecraft
java_class_path (initial): C:\MinecraftAlphaDev\minecraft\output;C:\MinecraftAlphaDev\libraries\net\java\jinput\jinput\2.0.5\jinput-2.0.5.jar;C:\MinecraftAlphaDev\libraries\net\java\jutils\jutils\1.0.0\jutils-1.0.0.jar;C:\MinecraftAlphaDev\libraries\org\lwjgl\lwjgl\lwjgl\2.9.4-nightly-20150209\lwjgl-2.9.4-nightly-20150209.jar;C:\MinecraftAlphaDev\libraries\org\lwjgl\lwjgl\lwjgl_util\2.9.4-nightly-20150209\lwjgl_util-2.9.4-nightly-20150209.jar;C:\MinecraftAlphaDev\libraries\org\lwjgl\lwjgl\lwjgl-platform\2.9.4-nightly-20150209\lwjgl-platform-2.9.4-nightly-20150209.jar;C:\MinecraftAlphaDev\libraries\com\paulscode\codecjorbis\20230120\codecjorbis-20230120.jar;C:\MinecraftAlphaDev\libraries\com\paulscode\codecwav\20101023\codecwav-20101023.jar;C:\MinecraftAlphaDev\libraries\com\paulscode\libraryjavasound\20101123\libraryjavasound-20101123.jar;C:\MinecraftAlphaDev\libraries\com\paulscode\librarylwjglopenal\20100824\librarylwjglopenal-20100824.jar;C:\MinecraftAlphaDev\libraries\com\paulscode\soundsystem\20120107\soundsystem-20120107.jar;C:\MinecraftAlphaDev\libraries\org\mcphackers\launchwrapper\1.1.3\launchwrapper-1.1.3.jar;C:\MinecraftAlphaDev\libraries\org\json\json\20230311\json-20230311.jar;C:\MinecraftAlphaDev\libraries\org\ow2\asm\asm\9.7\asm-9.7.jar;C:\MinecraftAlphaDev\libraries\org\ow2\asm\asm-tree\9.7\asm-tree-9.7.jar;C:\MinecraftAlphaDev\minecraft\jars\deobfuscated.jar
Launcher Type: SUN_STANDARD

[Global flags]
     intx CICompilerCount                          = 4                                         {product} {ergonomic}
     uint ConcGCThreads                            = 3                                         {product} {ergonomic}
     uint G1ConcRefinementThreads                  = 11                                        {product} {ergonomic}
   size_t G1HeapRegionSize                         = 4194304                                   {product} {ergonomic}
    uintx GCDrainStackTargetSize                   = 64                                        {product} {ergonomic}
   size_t InitialHeapSize                          = 528482304                                 {product} {ergonomic}
   size_t MarkStackSize                            = 4194304                                   {product} {ergonomic}
   size_t MaxHeapSize                              = 8443133952                                {product} {ergonomic}
   size_t MaxNewSize                               = 5062524928                                {product} {ergonomic}
   size_t MinHeapDeltaBytes                        = 4194304                                   {product} {ergonomic}
   size_t MinHeapSize                              = 8388608                                   {product} {ergonomic}
    uintx NonNMethodCodeHeapSize                   = 5839372                                {pd product} {ergonomic}
    uintx NonProfiledCodeHeapSize                  = 122909434                              {pd product} {ergonomic}
    uintx ProfiledCodeHeapSize                     = 122909434                              {pd product} {ergonomic}
    uintx ReservedCodeCacheSize                    = 251658240                              {pd product} {ergonomic}
     bool SegmentedCodeCache                       = true                                      {product} {ergonomic}
     bool ShowCodeDetailsInExceptionMessages       = true                                   {manageable} {command line}
   size_t SoftMaxHeapSize                          = 8443133952                             {manageable} {ergonomic}
     bool UseCompressedOops                        = true                           {product lp64_product} {ergonomic}
     bool UseG1GC                                  = true                                      {product} {ergonomic}
     bool UseLargePagesIndividualAllocation        = false                                  {pd product} {ergonomic}

Logging:
Log output configuration:
 #0: stdout all=off uptime,level,tags foldmultilines=false
 #1: stderr all=off uptime,level,tags foldmultilines=false

Environment Variables:
PATH=C:/Users/gagek/.p2/pool/plugins/org.eclipse.justj.openjdk.hotspot.jre.full.win32.x86_64_21.0.8.v20250724-1412/jre/bin/server;C:/Users/gagek/.p2/pool/plugins/org.eclipse.justj.openjdk.hotspot.jre.full.win32.x86_64_21.0.8.v20250724-1412/jre/bin;C:\Program Files\Zulu\zulu-21\bin\;C:\Program Files (x86)\Common Files\Oracle\Java\java8path;C:\Program Files (x86)\Common Files\Oracle\Java\javapath;C:\Program Files\Oculus\Support\oculus-runtime;c:\devkitPro\msys2\usr\bin;C:\windows\system32;C:\windows;C:\windows\System32\Wbem;C:\windows\System32\WindowsPowerShell\v1.0\;C:\windows\System32\OpenSSH\;C:\Program Files\HP\HP One Agent;C:\Program Files\dotnet\;C:\Program Files (x86)\Microsoft SQL Server\160\Tools\Binn\;C:\Program Files\Microsoft SQL Server\160\Tools\Binn\;C:\Program Files\Microsoft SQL Server\Client SDK\ODBC\170\Tools\Binn\;C:\Program Files\Microsoft SQL Server\160\DTS\Binn\;C:\Program Files (x86)\Windows Kits\8.1\Windows Performance Toolkit\;C:\Program Files\Docker\Docker\resources\bin;C:\Program Files (x86)\Gpg4win\..\GnuPG\bin;C:\Users\gagek\AppData\Local\Microsoft\WindowsApps;C:\Users\gagek\AppData\Local\Programs\Microsoft VS Code\bin;C:\msys64\mingw64\bin;C:\Users\gagek\.aftman\bin;C:\Users\gagek\AppData\Local\GitHubDesktop\bin;C:\Users\gagek\AppData\Local\Muse Hub\lib;C:\Users\gagek\OneDrive\Desktop;
USERNAME=gagek
OS=Windows_NT
PROCESSOR_IDENTIFIER=Intel64 Family 6 Model 170 Stepping 4, GenuineIntel
TMP=C:\Users\gagek\AppData\Local\Temp
TEMP=C:\Users\gagek\AppData\Local\Temp




Periodic native trim disabled

---------------  S Y S T E M  ---------------

OS:
 Windows 11 , 64 bit Build 26100 (10.0.26100.4768)
OS uptime: 5 days 8:03 hours
Hyper-V role detected

CPU: total 14 (initial active 14) (7 cores per cpu, 2 threads per core) family 6 model 170 stepping 4 microcode 0x1f, cx8, cmov, fxsr, ht, mmx, 3dnowpref, sse, sse2, sse3, ssse3, sse4.1, sse4.2, popcnt, lzcnt, tsc, tscinvbit, avx, avx2, aes, erms, clmul, bmi1, bmi2, adx, sha, fma, vzeroupper, clflush, clflushopt, clwb, hv, serialize, rdtscp, rdpid, fsrm, f16c, cet_ibt, cet_ss
Processor Information for processor 0
  Max Mhz: 1700, Current Mhz: 1700, Mhz Limit: 1700
Processor Information for processor 1
  Max Mhz: 1700, Current Mhz: 1700, Mhz Limit: 1700
Processor Information for processor 2
  Max Mhz: 1200, Current Mhz: 1200, Mhz Limit: 1200
Processor Information for processor 3
  Max Mhz: 1200, Current Mhz: 1200, Mhz Limit: 1200
Processor Information for processor 4
  Max Mhz: 1200, Current Mhz: 1200, Mhz Limit: 1200
Processor Information for processor 5
  Max Mhz: 1200, Current Mhz: 1200, Mhz Limit: 1200
Processor Information for processor 6
  Max Mhz: 1200, Current Mhz: 1200, Mhz Limit: 1200
Processor Information for processor 7
  Max Mhz: 1200, Current Mhz: 1200, Mhz Limit: 1200
Processor Information for processor 8
  Max Mhz: 1200, Current Mhz: 1200, Mhz Limit: 1200
Processor Information for processor 9
  Max Mhz: 1200, Current Mhz: 1200, Mhz Limit: 1200
Processor Information for processor 10
  Max Mhz: 1700, Current Mhz: 1700, Mhz Limit: 1700
Processor Information for processor 11
  Max Mhz: 1700, Current Mhz: 1457, Mhz Limit: 1700
Processor Information for processor 12
  Max Mhz: 700, Current Mhz: 700, Mhz Limit: 700
Processor Information for processor 13
  Max Mhz: 700, Current Mhz: 700, Mhz Limit: 700

Memory: 4k page, system-wide physical 32203M (12502M free)
TotalPageFile size 37835M (AvailPageFile size 8332M)
current process WorkingSet (physical memory assigned to process): 388M, peak: 453M
current process commit charge ("private bytes"): 483M, peak: 729M

vm_info: OpenJDK 64-Bit Server VM (21.0.8+9-LTS) for windows-amd64 JRE (21.0.8+9-LTS), built on 2025-07-15T00:00:00Z by "admin" with MS VC++ 17.7 (VS2022)

END.
