#
# A fatal error has been detected by the Java Runtime Environment:
#
#  EXCEPTION_ACCESS_VIOLATION (0xc0000005) at pc=0x00007ffd22318c80, pid=5644, tid=38612
#
# JRE version: OpenJDK Runtime Environment Temurin-21.0.8+9 (21.0.8+9) (build 21.0.8+9-LTS)
# Java VM: OpenJDK 64-Bit Server VM Temurin-21.0.8+9 (21.0.8+9-LTS, mixed mode, sharing, tiered, compressed oops, compressed class ptrs, g1 gc, windows-amd64)
# Problematic frame:
# C  [owe-client-x64.dll+0x3c8c80]
#
# No core dump will be written. Minidumps are not enabled by default on client versions of Windows
#
# If you would like to submit a bug report, please visit:
#   https://github.com/adoptium/adoptium-support/issues
#

---------------  S U M M A R Y ------------

Command Line: -Djava.library.path=C:\MinecraftAlphaDev\libraries\natives -Dfile.encoding=UTF-8 -Dstdout.encoding=UTF-8 -Dstderr.encoding=UTF-8 -XX:+ShowCodeDetailsInExceptionMessages net.minecraft.client.Minecraft

Host: Intel(R) Core(TM) Ultra 7 155U, 14 cores, 31G,  Windows 11 , 64 bit Build 26100 (10.0.26100.4768)
Time: Mon Sep  8 21:32:32 2025 Central Daylight Time elapsed time: 38.464146 seconds (0d 0h 0m 38s)

---------------  T H R E A D  ---------------

Current thread (0x0000018ee6ae8750):  VMThread "VM Thread"          [id=38612, stack(0x000000888fd00000,0x000000888fe00000) (1024K)]

Stack: [0x000000888fd00000,0x000000888fe00000],  sp=0x000000888fdff358,  free space=1020k
Native frames: (J=compiled Java code, j=interpreted, Vv=VM code, C=native code)
C  [owe-client-x64.dll+0x3c8c80]


siginfo: EXCEPTION_ACCESS_VIOLATION (0xc0000005), data execution prevention violation at address 0x00007ffd22318c80


Registers:
RAX=0x00007ffd222be300, RBX=0x0000000000000000, RCX=0x0000018eec0970c0, RDX=0x00007ffd22385018
RSP=0x000000888fdff358, RBP=0x000000888fdff850, RSI=0x00007ffd999d0000, RDI=0x0000000000000001
R8 =0x0000018ec54302c0, R9 =0x000000888f1b7000, R10=0x00007ffe183eeea0, R11=0x0000018ee798dff0
R12=0x0000000000000001, R13=0x00007ffd99a2bdf0, R14=0x0000000000000000, R15=0x00007ffd999d0000
RIP=0x00007ffd22318c80, EFLAGS=0x0000000000010206

XMM[0]=0x0000000000000000 0x0000000000000000
XMM[1]=0x0000000000000000 0x0000000000000000
XMM[2]=0x0000000000000000 0x0000000000000000
XMM[3]=0x0000000000000000 0x0000000000000000
XMM[4]=0x0000000000000000 0x0000000000000000
XMM[5]=0x0000000000000000 0x0000000000000000
XMM[6]=0x0000000000000000 0x0000000000000000
XMM[7]=0x0000000000000000 0x404e000000000000
XMM[8]=0x0000000000000000 0x0000000000000000
XMM[9]=0x0000000000000000 0x0000000000000000
XMM[10]=0x0000000000000000 0x0000000000000000
XMM[11]=0x0000000000000000 0x0000000000000000
XMM[12]=0x0000000000000000 0x0000000000000000
XMM[13]=0x0000000000000000 0x0000000000000000
XMM[14]=0x0000000000000000 0x0000000000000000
XMM[15]=0x0000000000000000 0x0000000000000000
  MXCSR=0x00001fa0


Register to memory mapping:

RAX=0x00007ffd222be300 owe-client-x64.dll
RBX=0x0 is null
RCX=0x0000018eec0970c0 points into unknown readable memory: 0x00007ffd222be300 | 00 e3 2b 22 fd 7f 00 00
RDX=0x00007ffd22385018 owe-client-x64.dll
RSP=0x000000888fdff358 points into unknown readable memory: 0x00007ffd2200ac99 | 99 ac 00 22 fd 7f 00 00
RBP=0x000000888fdff850 points into unknown readable memory: 0x0000018ec7a79000 | 00 90 a7 c7 8e 01 00 00
RSI=0x00007ffd999d0000 opengl32.dll
RDI=0x0000000000000001 is an unknown value
R8 =0x0000018ec54302c0 points into unknown readable memory: 0x00007ffd340c5460 | 60 54 0c 34 fd 7f 00 00
R9 =0x000000888f1b7000 points into unknown readable memory: 0x0000000000000000 | 00 00 00 00 00 00 00 00
R10=0x00007ffe183eeea0 ntdll.dll
R11=0x0000018ee798dff0 points into unknown readable memory: 0x0000018ee798dee0 | e0 de 98 e7 8e 01 00 00
R12=0x0000000000000001 is an unknown value
R13=0x00007ffd99a2bdf0 opengl32.dll
R14=0x0 is null
R15=0x00007ffd999d0000 opengl32.dll

Top of Stack: (sp=0x000000888fdff358)
0x000000888fdff358:   00007ffd2200ac99 00007ffd2238c7b8
0x000000888fdff368:   00007ffd22385018 0000018eec09afd0
0x000000888fdff378:   0000000000000000 fffffffffffffffe
0x000000888fdff388:   00007ffd2200b0f7 0000018eec0970c0
0x000000888fdff398:   00007ffd22385018 0000018ec581b178
0x000000888fdff3a8:   0000000000000000 0000000000000000
0x000000888fdff3b8:   0000018eec0970c0 00007ffd99a2bdf0
0x000000888fdff3c8:   0000018eec0ad0e0 0000018eec055d40
0x000000888fdff3d8:   00007ffe182243e1 0000000000000001
0x000000888fdff3e8:   00007ffd999dca16 0000000000010000
0x000000888fdff3f8:   0000018ec581b0d8 0000018ee798dff0
0x000000888fdff408:   00007ffe18224273 0000000000000001
0x000000888fdff418:   00007ffd999dc7d0 000000888fdff850
0x000000888fdff428:   0000000000000000 00007ffd999d0000
0x000000888fdff438:   0000000000000000 0000000000000000
0x000000888fdff448:   00007ffd999dc255 0000000000000000
0x000000888fdff458:   000000888fdff850 00007ffd999d0000
0x000000888fdff468:   0000000000000000 0000000000000000
0x000000888fdff478:   00007ffd99a2bf19 0000000000000001
0x000000888fdff488:   000000888fdff850 00007ffe165b0000
0x000000888fdff498:   00007ffe15f988c0 0000008800000001
0x000000888fdff4a8:   00007ffe15eab8aa 000000888fdf0101
0x000000888fdff4b8:   000000888fdff538 000000888fdff850
0x000000888fdff4c8:   00000000c0000005 00007ffe00000000
0x000000888fdff4d8:   00007ffe15eab84d 0000000000000001
0x000000888fdff4e8:   00007ffe15f125ec 000000888fdff850
0x000000888fdff4f8:   000000888fdff528 fffffffffffffffe
0x000000888fdff508:   00007ffe15eab84d 0000000000000001
0x000000888fdff518:   00007ffe16446693 00007ffe16512c60
0x000000888fdff528:   c00000050000000d ffffffff0000000d
0x000000888fdff538:   000000888fdff520 0000000000000000
0x000000888fdff548:   00007ffe1644633f 0000000000000000 

Instructions: (pc=0x00007ffd22318c80)
0x00007ffd22318b80:   00 00 00 00 00 00 00 00 00 00 00 00 00 00 00 00
0x00007ffd22318b90:   40 e5 42 00 01 00 00 00 00 00 00 00 ff ff ff ff
0x00007ffd22318ba0:   00 00 00 00 40 00 00 00 60 8b 3c 00 00 00 00 00
0x00007ffd22318bb0:   00 00 00 00 00 00 00 00 00 00 00 00 00 00 00 00
0x00007ffd22318bc0:   01 00 00 00 d0 8b 3c 00 00 00 00 00 00 00 00 00
0x00007ffd22318bd0:   e0 8b 3c 00 00 00 00 00 00 00 00 00 00 00 00 00
0x00007ffd22318be0:   e8 e5 42 00 00 00 00 00 00 00 00 00 ff ff ff ff
0x00007ffd22318bf0:   00 00 00 00 40 00 00 00 b8 8b 3c 00 00 00 00 00
0x00007ffd22318c00:   00 00 00 00 00 00 00 00 01 00 00 00 00 00 00 00
0x00007ffd22318c10:   00 00 00 00 18 e6 42 00 30 8c 3c 00 08 8c 3c 00
0x00007ffd22318c20:   00 00 00 00 00 00 00 00 00 00 00 00 00 00 00 00
0x00007ffd22318c30:   00 00 00 00 00 00 00 00 01 00 00 00 48 8c 3c 00
0x00007ffd22318c40:   00 00 00 00 00 00 00 00 58 8c 3c 00 00 00 00 00
0x00007ffd22318c50:   00 00 00 00 00 00 00 00 18 e6 42 00 00 00 00 00
0x00007ffd22318c60:   00 00 00 00 ff ff ff ff 00 00 00 00 40 00 00 00
0x00007ffd22318c70:   30 8c 3c 00 00 00 00 00 00 00 00 00 00 00 00 00
0x00007ffd22318c80:   01 00 00 00 00 00 00 00 00 00 00 00 40 e6 42 00
0x00007ffd22318c90:   a8 8c 3c 00 80 8c 3c 00 00 00 00 00 00 00 00 00
0x00007ffd22318ca0:   00 00 00 00 00 00 00 00 00 00 00 00 01 00 00 00
0x00007ffd22318cb0:   03 00 00 00 c0 8c 3c 00 00 00 00 00 00 00 00 00
0x00007ffd22318cc0:   e0 8c 3c 00 58 8c 3c 00 08 8d 3c 00 00 00 00 00
0x00007ffd22318cd0:   00 00 00 00 00 00 00 00 00 00 00 00 00 00 00 00
0x00007ffd22318ce0:   40 e6 42 00 02 00 00 00 00 00 00 00 ff ff ff ff
0x00007ffd22318cf0:   00 00 00 00 40 00 00 00 a8 8c 3c 00 00 00 00 00
0x00007ffd22318d00:   00 00 00 00 00 00 00 00 60 e6 42 00 00 00 00 00
0x00007ffd22318d10:   10 00 00 00 ff ff ff ff 00 00 00 00 40 00 00 00
0x00007ffd22318d20:   30 8d 3c 00 00 00 00 00 00 00 00 00 00 00 00 00
0x00007ffd22318d30:   00 00 00 00 00 00 00 00 01 00 00 00 48 8d 3c 00
0x00007ffd22318d40:   00 00 00 00 00 00 00 00 58 8d 3c 00 00 00 00 00
0x00007ffd22318d50:   00 00 00 00 00 00 00 00 60 e6 42 00 00 00 00 00
0x00007ffd22318d60:   00 00 00 00 ff ff ff ff 00 00 00 00 40 00 00 00
0x00007ffd22318d70:   30 8d 3c 00 00 00 00 00 00 00 00 00 00 00 00 00 


Stack slot to memory mapping:

stack at sp + 0 slots: 0x00007ffd2200ac99 owe-client-x64.dll
stack at sp + 1 slots: 0x00007ffd2238c7b8 owe-client-x64.dll
stack at sp + 2 slots: 0x00007ffd22385018 owe-client-x64.dll
stack at sp + 3 slots: 0x0000018eec09afd0 points into unknown readable memory: 0x00007ffe166d0150 | 50 01 6d 16 fe 7f 00 00
stack at sp + 4 slots: 0x0 is null
stack at sp + 5 slots: 0xfffffffffffffffe is an unknown value
stack at sp + 6 slots: 0x00007ffd2200b0f7 owe-client-x64.dll
stack at sp + 7 slots: 0x0000018eec0970c0 points into unknown readable memory: 0x00007ffd222be300 | 00 e3 2b 22 fd 7f 00 00

VM_Operation (0x0000008890bfe430): Exit, mode: safepoint, requested by thread 0x0000018ee799e490


---------------  P R O C E S S  ---------------

Threads class SMR info:
_java_thread_list=0x0000018eee601a90, length=18, elements={
0x0000018ee75ad3e0, 0x0000018ee75ada40, 0x0000018ee75af980, 0x0000018ee75b05a0,
0x0000018ee75b54e0, 0x0000018ee75dd4e0, 0x0000018ee75de740, 0x0000018ee75f3a30,
0x0000018ee77270b0, 0x0000018ee772c100, 0x0000018ee7991b90, 0x0000018ee7998a30,
0x0000018ee799e490, 0x0000018eec069bf0, 0x0000018eec092ad0, 0x0000018eec4a0810,
0x0000018eec4a1ce0, 0x0000018ef2b39de0
}

Java Threads: ( => current thread )
  0x0000018ee75ad3e0 JavaThread "Reference Handler"          daemon [_thread_blocked, id=38184, stack(0x000000888fe00000,0x000000888ff00000) (1024K)]
  0x0000018ee75ada40 JavaThread "Finalizer"                  daemon [_thread_blocked, id=10548, stack(0x000000888ff00000,0x0000008890000000) (1024K)]
  0x0000018ee75af980 JavaThread "Signal Dispatcher"          daemon [_thread_blocked, id=40784, stack(0x0000008890000000,0x0000008890100000) (1024K)]
  0x0000018ee75b05a0 JavaThread "Attach Listener"            daemon [_thread_blocked, id=29168, stack(0x0000008890100000,0x0000008890200000) (1024K)]
  0x0000018ee75b54e0 JavaThread "Service Thread"             daemon [_thread_blocked, id=13524, stack(0x0000008890200000,0x0000008890300000) (1024K)]
  0x0000018ee75dd4e0 JavaThread "Monitor Deflation Thread"   daemon [_thread_blocked, id=14164, stack(0x0000008890300000,0x0000008890400000) (1024K)]
  0x0000018ee75de740 JavaThread "C2 CompilerThread0"         daemon [_thread_blocked, id=40556, stack(0x0000008890400000,0x0000008890500000) (1024K)]
  0x0000018ee75f3a30 JavaThread "C1 CompilerThread0"         daemon [_thread_blocked, id=27740, stack(0x0000008890500000,0x0000008890600000) (1024K)]
  0x0000018ee77270b0 JavaThread "Notification Thread"        daemon [_thread_blocked, id=41716, stack(0x0000008890600000,0x0000008890700000) (1024K)]
  0x0000018ee772c100 JavaThread "Common-Cleaner"             daemon [_thread_blocked, id=10916, stack(0x0000008890700000,0x0000008890800000) (1024K)]
  0x0000018ee7991b90 JavaThread "Java2D Disposer"            daemon [_thread_blocked, id=34940, stack(0x0000008890800000,0x0000008890900000) (1024K)]
  0x0000018ee7998a30 JavaThread "AWT-Shutdown"                      [_thread_blocked, id=26676, stack(0x0000008890900000,0x0000008890a00000) (1024K)]
  0x0000018ee799e490 JavaThread "AWT-EventQueue-0"                  [_thread_blocked, id=32100, stack(0x0000008890b00000,0x0000008890c00000) (1024K)]
  0x0000018eec069bf0 JavaThread "Timer hack thread"          daemon [_thread_blocked, id=18292, stack(0x0000008890c00000,0x0000008890d00000) (1024K)]
  0x0000018eec092ad0 JavaThread "DestroyJavaVM"                     [_thread_blocked, id=32412, stack(0x000000888f600000,0x000000888f700000) (1024K)]
  0x0000018eec4a0810 JavaThread "Thread-2"                   daemon [_thread_in_native, id=28044, stack(0x0000008891800000,0x0000008891900000) (1024K)]
  0x0000018eec4a1ce0 JavaThread "Thread-3"                          [_thread_blocked, id=2832, stack(0x0000008891900000,0x0000008891a00000) (1024K)]
  0x0000018ef2b39de0 JavaThread "Thread-4"                          [_thread_blocked, id=16228, stack(0x0000008891c00000,0x0000008891d00000) (1024K)]
Total: 18

Other Threads:
=>0x0000018ee6ae8750 VMThread "VM Thread"                           [id=38612, stack(0x000000888fd00000,0x000000888fe00000) (1024K)]
  0x0000018ec7a63b00 WorkerThread "GC Thread#0"                     [id=37944, stack(0x000000888f700000,0x000000888f800000) (1024K)]
  0x0000018ef325d9f0 WorkerThread "GC Thread#1"                     [id=17092, stack(0x0000008892300000,0x0000008892400000) (1024K)]
  0x0000018eee3e2970 WorkerThread "GC Thread#2"                     [id=35000, stack(0x0000008892400000,0x0000008892500000) (1024K)]
  0x0000018ef325a3f0 WorkerThread "GC Thread#3"                     [id=19060, stack(0x0000008892500000,0x0000008892600000) (1024K)]
  0x0000018eedf5e080 WorkerThread "GC Thread#4"                     [id=30144, stack(0x0000008892600000,0x0000008892700000) (1024K)]
  0x0000018ef32adcb0 WorkerThread "GC Thread#5"                     [id=6512, stack(0x0000008892700000,0x0000008892800000) (1024K)]
  0x0000018eee0d8a80 WorkerThread "GC Thread#6"                     [id=22420, stack(0x0000008892800000,0x0000008892900000) (1024K)]
  0x0000018eee0d9ca0 WorkerThread "GC Thread#7"                     [id=33108, stack(0x0000008892900000,0x0000008892a00000) (1024K)]
  0x0000018eee0d9560 WorkerThread "GC Thread#8"                     [id=33488, stack(0x0000008892a00000,0x0000008892b00000) (1024K)]
  0x0000018eee0d8340 WorkerThread "GC Thread#9"                     [id=19684, stack(0x0000008892b00000,0x0000008892c00000) (1024K)]
  0x0000018eee0d8e20 WorkerThread "GC Thread#10"                    [id=1816, stack(0x0000008892c00000,0x0000008892d00000) (1024K)]
  0x0000018ec7a74580 ConcurrentGCThread "G1 Main Marker"            terminated
  0x0000018ec7a77460 WorkerThread "G1 Conc#0"                       [id=36072, stack(0x000000888f900000,0x000000888fa00000) (1024K)]
  0x0000018eee0d86e0 WorkerThread "G1 Conc#1"                       [id=8472, stack(0x0000008891500000,0x0000008891600000) (1024K)]
  0x0000018eee0d91c0 WorkerThread "G1 Conc#2"                       [id=7860, stack(0x0000008892000000,0x0000008892100000) (1024K)]
  0x0000018ee69a1f50 ConcurrentGCThread "G1 Refine#0"               terminated
  0x0000018ee69a4390 ConcurrentGCThread "G1 Service"                terminated
Total: 18

Threads with active compile tasks:
Total: 0

VM state: at safepoint (shutting down)

VM Mutex/Monitor currently owned by a thread:  ([mutex/lock_event])
[0x00007ffd340c5458] Threads_lock - owner thread: 0x0000018ee6ae8750
[0x00007ffd340c5558] Heap_lock - owner thread: 0x0000018ee799e490

Heap address: 0x0000000608c00000, size: 8052 MB, Compressed Oops mode: Zero based, Oop shift amount: 3

CDS archive(s) mapped at: [0x0000018e80000000-0x0000018e80c80000-0x0000018e80c80000), size 13107200, SharedBaseAddress: 0x0000018e80000000, ArchiveRelocationMode: 1.
Compressed class space mapped at: 0x0000018e81000000-0x0000018ec1000000, reserved size: 1073741824
Narrow klass base: 0x0000018e80000000, Narrow klass shift: 0, Narrow klass range: 0x100000000

GC Precious Log:
 CardTable entry size: 512
 Card Set container configuration: InlinePtr #cards 4 size 8 Array Of Cards #cards 32 size 80 Howl #buckets 8 coarsen threshold 7372 Howl Bitmap #cards 1024 size 144 coarsen threshold 921 Card regions per heap region 1 cards per card region 8192
 CPUs: 14 total, 14 available
 Memory: 32203M
 Large Page Support: Disabled
 NUMA Support: Disabled
 Compressed Oops: Enabled (Zero based)
 Heap Region Size: 4M
 Heap Min Capacity: 8M
 Heap Initial Capacity: 504M
 Heap Max Capacity: 8052M
 Pre-touch: Disabled
 Parallel Workers: 11
 Concurrent Workers: 3
 Concurrent Refinement Workers: 11
 Periodic GC: Disabled

Heap:
 garbage-first heap   total 233472K, used 57552K [0x0000000608c00000, 0x0000000800000000)
  region size 4096K, 1 young (4096K), 0 survivors (0K)
 Metaspace       used 13646K, committed 13952K, reserved 1114112K
  class space    used 1264K, committed 1408K, reserved 1048576K

Heap Regions: E=young(eden), S=young(survivor), O=old, HS=humongous(starts), HC=humongous(continues), CS=collection set, F=free, TAMS=top-at-mark-start, PB=parsable bottom
|   0|0x0000000608c00000, 0x0000000609000000, 0x0000000609000000|100%|HS|  |TAMS 0x0000000608c00000| PB 0x0000000608c00000| Untracked 
|   1|0x0000000609000000, 0x0000000609400000, 0x0000000609400000|100%|HC|  |TAMS 0x0000000609000000| PB 0x0000000609000000| Untracked 
|   2|0x0000000609400000, 0x0000000609800000, 0x0000000609800000|100%|HC|  |TAMS 0x0000000609400000| PB 0x0000000609400000| Untracked 
|   3|0x0000000609800000, 0x0000000609bffff0, 0x0000000609c00000| 99%| O|  |TAMS 0x0000000609800000| PB 0x0000000609800000| Untracked 
|   4|0x0000000609c00000, 0x0000000609ffe048, 0x000000060a000000| 99%| O|  |TAMS 0x0000000609c00000| PB 0x0000000609c00000| Untracked 
|   5|0x000000060a000000, 0x000000060a3f8578, 0x000000060a400000| 99%| O|  |TAMS 0x000000060a000000| PB 0x000000060a000000| Untracked 
|   6|0x000000060a400000, 0x000000060a7fb840, 0x000000060a800000| 99%| O|  |TAMS 0x000000060a400000| PB 0x000000060a400000| Untracked 
|   7|0x000000060a800000, 0x000000060abfe4d8, 0x000000060ac00000| 99%| O|  |TAMS 0x000000060a800000| PB 0x000000060a800000| Untracked 
|   8|0x000000060ac00000, 0x000000060affff50, 0x000000060b000000| 99%| O|  |TAMS 0x000000060ac00000| PB 0x000000060ac00000| Untracked 
|   9|0x000000060b000000, 0x000000060b300ea0, 0x000000060b400000| 75%| O|  |TAMS 0x000000060b000000| PB 0x000000060b000000| Untracked 
|  10|0x000000060b400000, 0x000000060b4f0940, 0x000000060b800000| 23%| O|  |TAMS 0x000000060b400000| PB 0x000000060b400000| Untracked 
|  11|0x000000060b800000, 0x000000060bbfd8e0, 0x000000060bc00000| 99%| O|  |TAMS 0x000000060b800000| PB 0x000000060b800000| Untracked 
|  12|0x000000060bc00000, 0x000000060be31bd8, 0x000000060c000000| 54%| O|  |TAMS 0x000000060bc00000| PB 0x000000060bc00000| Untracked 
|  13|0x000000060c000000, 0x000000060c385600, 0x000000060c400000| 88%| O|  |TAMS 0x000000060c000000| PB 0x000000060c000000| Untracked 
|  14|0x000000060c400000, 0x000000060c599af0, 0x000000060c800000| 40%| O|  |TAMS 0x000000060c400000| PB 0x000000060c400000| Untracked 
|  15|0x000000060c800000, 0x000000060c800000, 0x000000060cc00000|  0%| F|  |TAMS 0x000000060c800000| PB 0x000000060c800000| Untracked 
|  16|0x000000060cc00000, 0x000000060cc00000, 0x000000060d000000|  0%| F|  |TAMS 0x000000060cc00000| PB 0x000000060cc00000| Untracked 
|  17|0x000000060d000000, 0x000000060d400000, 0x000000060d400000|100%| O|  |TAMS 0x000000060d000000| PB 0x000000060d000000| Untracked 
|  18|0x000000060d400000, 0x000000060d504360, 0x000000060d800000| 25%| O|  |TAMS 0x000000060d400000| PB 0x000000060d400000| Untracked 
|  19|0x000000060d800000, 0x000000060d800000, 0x000000060dc00000|  0%| F|  |TAMS 0x000000060d800000| PB 0x000000060d800000| Untracked 
|  20|0x000000060dc00000, 0x000000060dc00000, 0x000000060e000000|  0%| F|  |TAMS 0x000000060dc00000| PB 0x000000060dc00000| Untracked 
|  21|0x000000060e000000, 0x000000060e000000, 0x000000060e400000|  0%| F|  |TAMS 0x000000060e000000| PB 0x000000060e000000| Untracked 
|  22|0x000000060e400000, 0x000000060e400000, 0x000000060e800000|  0%| F|  |TAMS 0x000000060e400000| PB 0x000000060e400000| Untracked 
|  23|0x000000060e800000, 0x000000060e800000, 0x000000060ec00000|  0%| F|  |TAMS 0x000000060e800000| PB 0x000000060e800000| Untracked 
|  24|0x000000060ec00000, 0x000000060ec00000, 0x000000060f000000|  0%| F|  |TAMS 0x000000060ec00000| PB 0x000000060ec00000| Untracked 
|  25|0x000000060f000000, 0x000000060f000000, 0x000000060f400000|  0%| F|  |TAMS 0x000000060f000000| PB 0x000000060f000000| Untracked 
|  26|0x000000060f400000, 0x000000060f400000, 0x000000060f800000|  0%| F|  |TAMS 0x000000060f400000| PB 0x000000060f400000| Untracked 
|  27|0x000000060f800000, 0x000000060f800000, 0x000000060fc00000|  0%| F|  |TAMS 0x000000060f800000| PB 0x000000060f800000| Untracked 
|  28|0x000000060fc00000, 0x000000060fc00000, 0x0000000610000000|  0%| F|  |TAMS 0x000000060fc00000| PB 0x000000060fc00000| Untracked 
|  29|0x0000000610000000, 0x0000000610000000, 0x0000000610400000|  0%| F|  |TAMS 0x0000000610000000| PB 0x0000000610000000| Untracked 
|  30|0x0000000610400000, 0x0000000610400000, 0x0000000610800000|  0%| F|  |TAMS 0x0000000610400000| PB 0x0000000610400000| Untracked 
|  31|0x0000000610800000, 0x0000000610800000, 0x0000000610c00000|  0%| F|  |TAMS 0x0000000610800000| PB 0x0000000610800000| Untracked 
|  32|0x0000000610c00000, 0x0000000610c00000, 0x0000000611000000|  0%| F|  |TAMS 0x0000000610c00000| PB 0x0000000610c00000| Untracked 
|  33|0x0000000611000000, 0x0000000611000000, 0x0000000611400000|  0%| F|  |TAMS 0x0000000611000000| PB 0x0000000611000000| Untracked 
|  34|0x0000000611400000, 0x0000000611400000, 0x0000000611800000|  0%| F|  |TAMS 0x0000000611400000| PB 0x0000000611400000| Untracked 
|  35|0x0000000611800000, 0x0000000611800000, 0x0000000611c00000|  0%| F|  |TAMS 0x0000000611800000| PB 0x0000000611800000| Untracked 
|  36|0x0000000611c00000, 0x0000000611c00000, 0x0000000612000000|  0%| F|  |TAMS 0x0000000611c00000| PB 0x0000000611c00000| Untracked 
|  37|0x0000000612000000, 0x0000000612000000, 0x0000000612400000|  0%| F|  |TAMS 0x0000000612000000| PB 0x0000000612000000| Untracked 
|  38|0x0000000612400000, 0x0000000612400000, 0x0000000612800000|  0%| F|  |TAMS 0x0000000612400000| PB 0x0000000612400000| Untracked 
|  39|0x0000000612800000, 0x0000000612800000, 0x0000000612c00000|  0%| F|  |TAMS 0x0000000612800000| PB 0x0000000612800000| Untracked 
|  40|0x0000000612c00000, 0x0000000612c00000, 0x0000000613000000|  0%| F|  |TAMS 0x0000000612c00000| PB 0x0000000612c00000| Untracked 
|  41|0x0000000613000000, 0x0000000613000000, 0x0000000613400000|  0%| F|  |TAMS 0x0000000613000000| PB 0x0000000613000000| Untracked 
|  42|0x0000000613400000, 0x0000000613400000, 0x0000000613800000|  0%| F|  |TAMS 0x0000000613400000| PB 0x0000000613400000| Untracked 
|  43|0x0000000613800000, 0x0000000613800000, 0x0000000613c00000|  0%| F|  |TAMS 0x0000000613800000| PB 0x0000000613800000| Untracked 
|  44|0x0000000613c00000, 0x0000000613c00000, 0x0000000614000000|  0%| F|  |TAMS 0x0000000613c00000| PB 0x0000000613c00000| Untracked 
|  45|0x0000000614000000, 0x0000000614000000, 0x0000000614400000|  0%| F|  |TAMS 0x0000000614000000| PB 0x0000000614000000| Untracked 
|  46|0x0000000614400000, 0x0000000614400000, 0x0000000614800000|  0%| F|  |TAMS 0x0000000614400000| PB 0x0000000614400000| Untracked 
|  47|0x0000000614800000, 0x0000000614800000, 0x0000000614c00000|  0%| F|  |TAMS 0x0000000614800000| PB 0x0000000614800000| Untracked 
|  48|0x0000000614c00000, 0x0000000614c00000, 0x0000000615000000|  0%| F|  |TAMS 0x0000000614c00000| PB 0x0000000614c00000| Untracked 
|  49|0x0000000615000000, 0x0000000615000000, 0x0000000615400000|  0%| F|  |TAMS 0x0000000615000000| PB 0x0000000615000000| Untracked 
|  50|0x0000000615400000, 0x0000000615400000, 0x0000000615800000|  0%| F|  |TAMS 0x0000000615400000| PB 0x0000000615400000| Untracked 
|  51|0x0000000615800000, 0x0000000615800000, 0x0000000615c00000|  0%| F|  |TAMS 0x0000000615800000| PB 0x0000000615800000| Untracked 
|  52|0x0000000615c00000, 0x0000000615c00000, 0x0000000616000000|  0%| F|  |TAMS 0x0000000615c00000| PB 0x0000000615c00000| Untracked 
|  53|0x0000000616000000, 0x0000000616000000, 0x0000000616400000|  0%| F|  |TAMS 0x0000000616000000| PB 0x0000000616000000| Untracked 
|  54|0x0000000616400000, 0x0000000616400000, 0x0000000616800000|  0%| F|  |TAMS 0x0000000616400000| PB 0x0000000616400000| Untracked 
|  55|0x0000000616800000, 0x0000000616800000, 0x0000000616c00000|  0%| F|  |TAMS 0x0000000616800000| PB 0x0000000616800000| Untracked 
|  56|0x0000000616c00000, 0x0000000616ef4be0, 0x0000000617000000| 73%| E|  |TAMS 0x0000000616c00000| PB 0x0000000616c00000| Complete 

Card table byte_map: [0x0000018edb990000,0x0000018edc950000] _byte_map_base: 0x0000018ed894a000

Marking Bits: (CMBitMap*) 0x0000018ec7a64110
 Bits: [0x0000018edc950000, 0x0000018ee4720000)

Polling page: 0x0000018ec5800000

Metaspace:

Usage:
  Non-class:     12.09 MB used.
      Class:      1.23 MB used.
       Both:     13.33 MB used.

Virtual space:
  Non-class space:       64.00 MB reserved,      12.25 MB ( 19%) committed,  1 nodes.
      Class space:        1.00 GB reserved,       1.38 MB ( <1%) committed,  1 nodes.
             Both:        1.06 GB reserved,      13.62 MB (  1%) committed. 

Chunk freelists:
   Non-Class:  2.84 MB
       Class:  14.61 MB
        Both:  17.45 MB

MaxMetaspaceSize: unlimited
CompressedClassSpaceSize: 1.00 GB
Initial GC threshold: 21.00 MB
Current GC threshold: 22.75 MB
CDS: on
 - commit_granule_bytes: 65536.
 - commit_granule_words: 8192.
 - virtual_space_node_default_size: 8388608.
 - enlarge_chunks_in_place: 1.
 - use_allocation_guard: 0.


Internal statistics:

num_allocs_failed_limit: 0.
num_arena_births: 204.
num_arena_deaths: 0.
num_vsnodes_births: 2.
num_vsnodes_deaths: 0.
num_space_committed: 216.
num_space_uncommitted: 0.
num_chunks_returned_to_freelist: 0.
num_chunks_taken_from_freelist: 451.
num_chunk_merges: 0.
num_chunk_splits: 274.
num_chunks_enlarged: 158.
num_inconsistent_stats: 0.

CodeHeap 'non-profiled nmethods': size=120000Kb used=4133Kb max_used=4387Kb free=115866Kb
 bounds [0x0000018ed2e30000, 0x0000018ed3280000, 0x0000018eda360000]
CodeHeap 'profiled nmethods': size=120000Kb used=5346Kb max_used=5665Kb free=114653Kb
 bounds [0x0000018ecb360000, 0x0000018ecb8f0000, 0x0000018ed2890000]
CodeHeap 'non-nmethods': size=5760Kb used=1732Kb max_used=1796Kb free=4027Kb
 bounds [0x0000018ed2890000, 0x0000018ed2b00000, 0x0000018ed2e30000]
CodeCache: size=245760Kb, used=11211Kb, max_used=11848Kb, free=234546Kb
 total_blobs=3811, nmethods=3043, adapters=672, full_count=0
Compilation: enabled, stopped_count=0, restarted_count=0

Compilation events (20 events):
Event: 36.382 Thread 0x0000018ee75de740 3534       4       java.lang.Integer::toString (128 bytes)
Event: 36.397 Thread 0x0000018ee75de740 nmethod 3534 0x0000018ed3278210 code [0x0000018ed32783e0, 0x0000018ed3278b88]
Event: 36.502 Thread 0x0000018ee75f3a30 3535       3       net.minecraft.src.NBTTagString::<init> (24 bytes)
Event: 36.502 Thread 0x0000018ee75f3a30 nmethod 3535 0x0000018ecb8e4390 code [0x0000018ecb8e4560, 0x0000018ecb8e48b8]
Event: 36.503 Thread 0x0000018ee75f3a30 3536       3       net.minecraft.src.NBTTagString::writeTagContents (11 bytes)
Event: 36.504 Thread 0x0000018ee75f3a30 nmethod 3536 0x0000018ecb8e4a10 code [0x0000018ecb8e4bc0, 0x0000018ecb8e4da8]
Event: 36.532 Thread 0x0000018ee75f3a30 3537       3       net.minecraft.src.NBTTagCompound::setString (24 bytes)
Event: 36.533 Thread 0x0000018ee75f3a30 nmethod 3537 0x0000018ecb8e4e90 code [0x0000018ecb8e5080, 0x0000018ecb8e5698]
Event: 36.560 Thread 0x0000018ee75f3a30 3538       3       net.minecraft.src.Entity::newFloatNBTList (51 bytes)
Event: 36.561 Thread 0x0000018ee75f3a30 nmethod 3538 0x0000018ecb8e5890 code [0x0000018ecb8e5ac0, 0x0000018ecb8e6420]
Event: 36.561 Thread 0x0000018ee75f3a30 3539       3       net.minecraft.src.NBTTagCompound::setFloat (24 bytes)
Event: 36.561 Thread 0x0000018ee75f3a30 nmethod 3539 0x0000018ecb8e6810 code [0x0000018ecb8e69e0, 0x0000018ecb8e6e88]
Event: 36.642 Thread 0x0000018ee75f3a30 3540   !   3       java.io.WinNTFileSystem::delete (27 bytes)
Event: 36.643 Thread 0x0000018ee75f3a30 nmethod 3540 0x0000018ecb8e7010 code [0x0000018ecb8e71e0, 0x0000018ecb8e7400]
Event: 36.804 Thread 0x0000018ee75f3a30 3541       3       net.minecraft.src.EntityFallingSand::writeEntityToNBT (12 bytes)
Event: 36.805 Thread 0x0000018ee75f3a30 nmethod 3541 0x0000018ecb8e7510 code [0x0000018ecb8e76c0, 0x0000018ecb8e7840]
Event: 36.906 Thread 0x0000018ee75f3a30 3542       3       net.minecraft.src.Entity::writeToNBT (150 bytes)
Event: 36.907 Thread 0x0000018ee75f3a30 nmethod 3542 0x0000018ecb8e7910 code [0x0000018ecb8e7be0, 0x0000018ecb8e8c70]
Event: 36.973 Thread 0x0000018ee75de740 3543       4       java.io.WinNTFileSystem::isSlash (18 bytes)
Event: 36.974 Thread 0x0000018ee75de740 nmethod 3543 0x0000018ed2ed0010 code [0x0000018ed2ed01a0, 0x0000018ed2ed0240]

GC Heap History (20 events):
Event: 11.303 GC heap before
{Heap before GC invocations=6 (full 2):
 garbage-first heap   total 77824K, used 43068K [0x0000000608c00000, 0x0000000800000000)
  region size 4096K, 2 young (8192K), 1 survivors (4096K)
 Metaspace       used 12638K, committed 12864K, reserved 1114112K
  class space    used 1218K, committed 1344K, reserved 1048576K
}
Event: 11.308 GC heap after
{Heap after GC invocations=7 (full 2):
 garbage-first heap   total 77824K, used 42745K [0x0000000608c00000, 0x0000000800000000)
  region size 4096K, 1 young (4096K), 1 survivors (4096K)
 Metaspace       used 12638K, committed 12864K, reserved 1114112K
  class space    used 1218K, committed 1344K, reserved 1048576K
}
Event: 11.411 GC heap before
{Heap before GC invocations=7 (full 2):
 garbage-first heap   total 77824K, used 42745K [0x0000000608c00000, 0x0000000800000000)
  region size 4096K, 2 young (8192K), 1 survivors (4096K)
 Metaspace       used 12664K, committed 12928K, reserved 1114112K
  class space    used 1220K, committed 1344K, reserved 1048576K
}
Event: 11.451 GC heap after
{Heap after GC invocations=8 (full 3):
 garbage-first heap   total 77824K, used 43277K [0x0000000608c00000, 0x0000000800000000)
  region size 4096K, 0 young (0K), 0 survivors (0K)
 Metaspace       used 12664K, committed 12928K, reserved 1114112K
  class space    used 1220K, committed 1344K, reserved 1048576K
}
Event: 12.019 GC heap before
{Heap before GC invocations=8 (full 3):
 garbage-first heap   total 77824K, used 47373K [0x0000000608c00000, 0x0000000800000000)
  region size 4096K, 2 young (8192K), 0 survivors (0K)
 Metaspace       used 12844K, committed 13120K, reserved 1114112K
  class space    used 1232K, committed 1344K, reserved 1048576K
}
Event: 12.053 GC heap after
{Heap after GC invocations=9 (full 4):
 garbage-first heap   total 81920K, used 45116K [0x0000000608c00000, 0x0000000800000000)
  region size 4096K, 0 young (0K), 0 survivors (0K)
 Metaspace       used 12844K, committed 13120K, reserved 1114112K
  class space    used 1232K, committed 1344K, reserved 1048576K
}
Event: 17.602 GC heap before
{Heap before GC invocations=9 (full 4):
 garbage-first heap   total 81920K, used 45116K [0x0000000608c00000, 0x0000000800000000)
  region size 4096K, 1 young (4096K), 0 survivors (0K)
 Metaspace       used 12874K, committed 13120K, reserved 1114112K
  class space    used 1232K, committed 1344K, reserved 1048576K
}
Event: 17.622 GC heap after
{Heap after GC invocations=10 (full 5):
 garbage-first heap   total 81920K, used 45097K [0x0000000608c00000, 0x0000000800000000)
  region size 4096K, 0 young (0K), 0 survivors (0K)
 Metaspace       used 12874K, committed 13120K, reserved 1114112K
  class space    used 1232K, committed 1344K, reserved 1048576K
}
Event: 17.622 GC heap before
{Heap before GC invocations=10 (full 5):
 garbage-first heap   total 81920K, used 45097K [0x0000000608c00000, 0x0000000800000000)
  region size 4096K, 0 young (0K), 0 survivors (0K)
 Metaspace       used 12874K, committed 13120K, reserved 1114112K
  class space    used 1232K, committed 1344K, reserved 1048576K
}
Event: 17.640 GC heap after
{Heap after GC invocations=11 (full 6):
 garbage-first heap   total 81920K, used 45097K [0x0000000608c00000, 0x0000000800000000)
  region size 4096K, 0 young (0K), 0 survivors (0K)
 Metaspace       used 12874K, committed 13120K, reserved 1114112K
  class space    used 1232K, committed 1344K, reserved 1048576K
}
Event: 18.359 GC heap before
{Heap before GC invocations=11 (full 6):
 garbage-first heap   total 81920K, used 53289K [0x0000000608c00000, 0x0000000800000000)
  region size 4096K, 2 young (8192K), 0 survivors (0K)
 Metaspace       used 12999K, committed 13184K, reserved 1114112K
  class space    used 1240K, committed 1344K, reserved 1048576K
}
Event: 18.361 GC heap after
{Heap after GC invocations=12 (full 6):
 garbage-first heap   total 81920K, used 50976K [0x0000000608c00000, 0x0000000800000000)
  region size 4096K, 1 young (4096K), 1 survivors (4096K)
 Metaspace       used 12999K, committed 13184K, reserved 1114112K
  class space    used 1240K, committed 1344K, reserved 1048576K
}
Event: 18.569 GC heap before
{Heap before GC invocations=13 (full 6):
 garbage-first heap   total 98304K, used 55072K [0x0000000608c00000, 0x0000000800000000)
  region size 4096K, 2 young (8192K), 1 survivors (4096K)
 Metaspace       used 13009K, committed 13248K, reserved 1114112K
  class space    used 1240K, committed 1344K, reserved 1048576K
}
Event: 18.573 GC heap after
{Heap after GC invocations=14 (full 6):
 garbage-first heap   total 307200K, used 53320K [0x0000000608c00000, 0x0000000800000000)
  region size 4096K, 1 young (4096K), 1 survivors (4096K)
 Metaspace       used 13009K, committed 13248K, reserved 1114112K
  class space    used 1240K, committed 1344K, reserved 1048576K
}
Event: 23.044 GC heap before
{Heap before GC invocations=14 (full 6):
 garbage-first heap   total 307200K, used 106568K [0x0000000608c00000, 0x0000000800000000)
  region size 4096K, 16 young (65536K), 1 survivors (4096K)
 Metaspace       used 13150K, committed 13376K, reserved 1114112K
  class space    used 1255K, committed 1344K, reserved 1048576K
}
Event: 23.083 GC heap after
{Heap after GC invocations=15 (full 7):
 garbage-first heap   total 245760K, used 60153K [0x0000000608c00000, 0x0000000800000000)
  region size 4096K, 0 young (0K), 0 survivors (0K)
 Metaspace       used 13150K, committed 13376K, reserved 1114112K
  class space    used 1255K, committed 1344K, reserved 1048576K
}
Event: 32.455 GC heap before
{Heap before GC invocations=15 (full 7):
 garbage-first heap   total 245760K, used 117497K [0x0000000608c00000, 0x0000000800000000)
  region size 4096K, 14 young (57344K), 0 survivors (0K)
 Metaspace       used 13593K, committed 13824K, reserved 1114112K
  class space    used 1262K, committed 1408K, reserved 1048576K
}
Event: 32.461 GC heap after
{Heap after GC invocations=16 (full 7):
 garbage-first heap   total 245760K, used 76151K [0x0000000608c00000, 0x0000000800000000)
  region size 4096K, 2 young (8192K), 2 survivors (8192K)
 Metaspace       used 13593K, committed 13824K, reserved 1114112K
  class space    used 1262K, committed 1408K, reserved 1048576K
}
Event: 36.950 GC heap before
{Heap before GC invocations=16 (full 7):
 garbage-first heap   total 245760K, used 84343K [0x0000000608c00000, 0x0000000800000000)
  region size 4096K, 5 young (20480K), 2 survivors (8192K)
 Metaspace       used 13637K, committed 13952K, reserved 1114112K
  class space    used 1262K, committed 1408K, reserved 1048576K
}
Event: 36.972 GC heap after
{Heap after GC invocations=17 (full 8):
 garbage-first heap   total 233472K, used 57552K [0x0000000608c00000, 0x0000000800000000)
  region size 4096K, 0 young (0K), 0 survivors (0K)
 Metaspace       used 13637K, committed 13952K, reserved 1114112K
  class space    used 1262K, committed 1408K, reserved 1048576K
}

Dll operation events (15 events):
Event: 0.010 Loaded shared library C:\Users\gagek\.p2\pool\plugins\org.eclipse.justj.openjdk.hotspot.jre.full.win32.x86_64_21.0.8.v20250724-1412\jre\bin\java.dll
Event: 0.045 Loaded shared library C:\Users\gagek\.p2\pool\plugins\org.eclipse.justj.openjdk.hotspot.jre.full.win32.x86_64_21.0.8.v20250724-1412\jre\bin\zip.dll
Event: 0.237 Loaded shared library C:\Users\gagek\.p2\pool\plugins\org.eclipse.justj.openjdk.hotspot.jre.full.win32.x86_64_21.0.8.v20250724-1412\jre\bin\net.dll
Event: 0.241 Loaded shared library C:\Users\gagek\.p2\pool\plugins\org.eclipse.justj.openjdk.hotspot.jre.full.win32.x86_64_21.0.8.v20250724-1412\jre\bin\nio.dll
Event: 0.247 Loaded shared library C:\Users\gagek\.p2\pool\plugins\org.eclipse.justj.openjdk.hotspot.jre.full.win32.x86_64_21.0.8.v20250724-1412\jre\bin\zip.dll
Event: 0.306 Loaded shared library C:\Users\gagek\.p2\pool\plugins\org.eclipse.justj.openjdk.hotspot.jre.full.win32.x86_64_21.0.8.v20250724-1412\jre\bin\jimage.dll
Event: 0.342 Loaded shared library C:\Users\gagek\.p2\pool\plugins\org.eclipse.justj.openjdk.hotspot.jre.full.win32.x86_64_21.0.8.v20250724-1412\jre\bin\awt.dll
Event: 0.543 Loaded shared library C:\Users\gagek\.p2\pool\plugins\org.eclipse.justj.openjdk.hotspot.jre.full.win32.x86_64_21.0.8.v20250724-1412\jre\bin\freetype.dll
Event: 0.544 Loaded shared library C:\Users\gagek\.p2\pool\plugins\org.eclipse.justj.openjdk.hotspot.jre.full.win32.x86_64_21.0.8.v20250724-1412\jre\bin\fontmanager.dll
Event: 0.774 Loaded shared library C:\Users\gagek\.p2\pool\plugins\org.eclipse.justj.openjdk.hotspot.jre.full.win32.x86_64_21.0.8.v20250724-1412\jre\bin\verify.dll
Event: 0.800 Loaded shared library C:\MinecraftAlphaDev\libraries\natives\lwjgl64.dll
Event: 0.839 Loaded shared library C:\Users\gagek\.p2\pool\plugins\org.eclipse.justj.openjdk.hotspot.jre.full.win32.x86_64_21.0.8.v20250724-1412\jre\bin\jawt.dll
Event: 1.817 Loaded shared library C:\MinecraftAlphaDev\libraries\natives\jinput-dx8_64.dll
Event: 2.039 Loaded shared library C:\MinecraftAlphaDev\libraries\natives\jinput-raw_64.dll
Event: 2.925 Loaded shared library C:\Users\gagek\.p2\pool\plugins\org.eclipse.justj.openjdk.hotspot.jre.full.win32.x86_64_21.0.8.v20250724-1412\jre\bin\extnet.dll

Deoptimization events (20 events):
Event: 33.839 Thread 0x0000018eec093340 DEOPT PACKING pc=0x0000018ecb8593e2 sp=0x0000008890dff100
Event: 33.839 Thread 0x0000018eec093340 DEOPT UNPACKING pc=0x0000018ed28e4e42 sp=0x0000008890dfe5c8 mode 0
Event: 33.842 Thread 0x0000018eec093340 Uncommon trap: trap_request=0xffffffc6 fr.pc=0x0000018ed324dc50 relative=0x0000000000002150
Event: 33.842 Thread 0x0000018eec093340 Uncommon trap: reason=bimorphic_or_optimized_type_check action=maybe_recompile pc=0x0000018ed324dc50 method=net.minecraft.src.BlockFlowing.blockBlocksFlow(Lnet/minecraft/src/World;III)Z @ 85 c2
Event: 33.842 Thread 0x0000018eec093340 DEOPT PACKING pc=0x0000018ed324dc50 sp=0x0000008890dfedb0
Event: 33.842 Thread 0x0000018eec093340 DEOPT UNPACKING pc=0x0000018ed28e46a2 sp=0x0000008890dfec38 mode 2
Event: 33.842 Thread 0x0000018eec093340 Uncommon trap: trap_request=0xffffffc6 fr.pc=0x0000018ed3071670 relative=0x00000000000002f0
Event: 33.842 Thread 0x0000018eec093340 Uncommon trap: reason=bimorphic_or_optimized_type_check action=maybe_recompile pc=0x0000018ed3071670 method=net.minecraft.src.BlockFlowing.blockBlocksFlow(Lnet/minecraft/src/World;III)Z @ 85 c2
Event: 33.842 Thread 0x0000018eec093340 DEOPT PACKING pc=0x0000018ed3071670 sp=0x0000008890dfec90
Event: 33.842 Thread 0x0000018eec093340 DEOPT UNPACKING pc=0x0000018ed28e46a2 sp=0x0000008890dfec30 mode 2
Event: 33.988 Thread 0x0000018eec093340 Uncommon trap: trap_request=0xffffffc6 fr.pc=0x0000018ed3242e18 relative=0x00000000000029b8
Event: 33.988 Thread 0x0000018eec093340 Uncommon trap: reason=bimorphic_or_optimized_type_check action=maybe_recompile pc=0x0000018ed3242e18 method=net.minecraft.src.Entity.moveEntity(DDD)V @ 1512 c2
Event: 33.988 Thread 0x0000018eec093340 DEOPT PACKING pc=0x0000018ed3242e18 sp=0x0000008890dfec40
Event: 33.988 Thread 0x0000018eec093340 DEOPT UNPACKING pc=0x0000018ed28e46a2 sp=0x0000008890dfeb78 mode 2
Event: 34.090 Thread 0x0000018eec093340 DEOPT PACKING pc=0x0000018ecb8c3243 sp=0x0000008890dfeda0
Event: 34.090 Thread 0x0000018eec093340 DEOPT UNPACKING pc=0x0000018ed28e4e42 sp=0x0000008890dfe270 mode 0
Event: 36.979 Thread 0x0000018eedf550a0 Uncommon trap: trap_request=0xffffffcc fr.pc=0x0000018ed2fe68c4 relative=0x0000000000000204
Event: 36.979 Thread 0x0000018eedf550a0 Uncommon trap: reason=intrinsic_or_type_checked_inlining action=make_not_entrant pc=0x0000018ed2fe68c4 method=java.util.Arrays.copyOf([Ljava/lang/Object;ILjava/lang/Class;)[Ljava/lang/Object; @ 35 c2
Event: 36.979 Thread 0x0000018eedf550a0 DEOPT PACKING pc=0x0000018ed2fe68c4 sp=0x00000088921fefc0
Event: 36.979 Thread 0x0000018eedf550a0 DEOPT UNPACKING pc=0x0000018ed28e46a2 sp=0x00000088921fef68 mode 2

Classes loaded (20 events):
Event: 20.034 Loading class sun/reflect/generics/tree/BaseType
Event: 20.034 Loading class sun/reflect/generics/tree/TypeSignature
Event: 20.034 Loading class sun/reflect/generics/tree/ReturnType
Event: 20.034 Loading class sun/reflect/generics/tree/ReturnType done
Event: 20.034 Loading class sun/reflect/generics/tree/TypeSignature done
Event: 20.034 Loading class sun/reflect/generics/tree/BaseType done
Event: 20.034 Loading class sun/reflect/generics/tree/FieldTypeSignature done
Event: 20.034 Loading class sun/reflect/generics/tree/SimpleClassTypeSignature done
Event: 20.034 Loading class sun/reflect/generics/tree/ClassTypeSignature
Event: 20.034 Loading class sun/reflect/generics/tree/ClassTypeSignature done
Event: 20.034 Loading class sun/reflect/generics/tree/ClassSignature
Event: 20.034 Loading class sun/reflect/generics/tree/Signature
Event: 20.034 Loading class sun/reflect/generics/tree/Signature done
Event: 20.034 Loading class sun/reflect/generics/tree/ClassSignature done
Event: 20.034 Loading class java/lang/reflect/ParameterizedType
Event: 20.034 Loading class java/lang/reflect/ParameterizedType done
Event: 36.980 Loading class java/util/WeakHashMap$KeyIterator
Event: 36.980 Loading class java/util/WeakHashMap$HashIterator
Event: 36.980 Loading class java/util/WeakHashMap$HashIterator done
Event: 36.980 Loading class java/util/WeakHashMap$KeyIterator done

Classes unloaded (0 events):
No events

Classes redefined (0 events):
No events

Internal exceptions (20 events):
Event: 34.576 Thread 0x0000018eec4a1ce0 Exception <a 'java/lang/InterruptedException'{0x00000006179f8018}: sleep interrupted> (0x00000006179f8018) 
thrown [s\src\hotspot\share\prims\jvm.cpp, line 3074]
Event: 34.614 Thread 0x0000018eec4a1ce0 Exception <a 'java/lang/InterruptedException'{0x00000006179f8370}: sleep interrupted> (0x00000006179f8370) 
thrown [s\src\hotspot\share\prims\jvm.cpp, line 3074]
Event: 34.649 Thread 0x0000018eec4a1ce0 Exception <a 'java/lang/InterruptedException'{0x00000006179f86c8}: sleep interrupted> (0x00000006179f86c8) 
thrown [s\src\hotspot\share\prims\jvm.cpp, line 3074]
Event: 34.680 Thread 0x0000018eec4a1ce0 Exception <a 'java/lang/InterruptedException'{0x00000006179f8a20}: sleep interrupted> (0x00000006179f8a20) 
thrown [s\src\hotspot\share\prims\jvm.cpp, line 3074]
Event: 34.713 Thread 0x0000018eec4a1ce0 Exception <a 'java/lang/InterruptedException'{0x00000006179f8d78}: sleep interrupted> (0x00000006179f8d78) 
thrown [s\src\hotspot\share\prims\jvm.cpp, line 3074]
Event: 34.746 Thread 0x0000018eec4a1ce0 Exception <a 'java/lang/InterruptedException'{0x00000006179f90d0}: sleep interrupted> (0x00000006179f90d0) 
thrown [s\src\hotspot\share\prims\jvm.cpp, line 3074]
Event: 34.784 Thread 0x0000018eec4a1ce0 Exception <a 'java/lang/InterruptedException'{0x00000006179f9428}: sleep interrupted> (0x00000006179f9428) 
thrown [s\src\hotspot\share\prims\jvm.cpp, line 3074]
Event: 34.821 Thread 0x0000018eec4a1ce0 Exception <a 'java/lang/InterruptedException'{0x00000006179f9780}: sleep interrupted> (0x00000006179f9780) 
thrown [s\src\hotspot\share\prims\jvm.cpp, line 3074]
Event: 34.858 Thread 0x0000018eec4a1ce0 Exception <a 'java/lang/InterruptedException'{0x00000006179f9ad8}: sleep interrupted> (0x00000006179f9ad8) 
thrown [s\src\hotspot\share\prims\jvm.cpp, line 3074]
Event: 34.892 Thread 0x0000018eec4a1ce0 Exception <a 'java/lang/InterruptedException'{0x00000006179f9e30}: sleep interrupted> (0x00000006179f9e30) 
thrown [s\src\hotspot\share\prims\jvm.cpp, line 3074]
Event: 34.927 Thread 0x0000018eec4a1ce0 Exception <a 'java/lang/InterruptedException'{0x00000006179fa188}: sleep interrupted> (0x00000006179fa188) 
thrown [s\src\hotspot\share\prims\jvm.cpp, line 3074]
Event: 34.963 Thread 0x0000018eec4a1ce0 Exception <a 'java/lang/InterruptedException'{0x00000006179fa4e0}: sleep interrupted> (0x00000006179fa4e0) 
thrown [s\src\hotspot\share\prims\jvm.cpp, line 3074]
Event: 35.003 Thread 0x0000018eec4a1ce0 Exception <a 'java/lang/InterruptedException'{0x00000006179fa838}: sleep interrupted> (0x00000006179fa838) 
thrown [s\src\hotspot\share\prims\jvm.cpp, line 3074]
Event: 35.039 Thread 0x0000018eec4a1ce0 Exception <a 'java/lang/InterruptedException'{0x00000006179fab90}: sleep interrupted> (0x00000006179fab90) 
thrown [s\src\hotspot\share\prims\jvm.cpp, line 3074]
Event: 35.071 Thread 0x0000018eec4a1ce0 Exception <a 'java/lang/InterruptedException'{0x00000006179faee8}: sleep interrupted> (0x00000006179faee8) 
thrown [s\src\hotspot\share\prims\jvm.cpp, line 3074]
Event: 35.071 Thread 0x0000018eec4a1ce0 Exception <a 'java/lang/InterruptedException'{0x00000006179fb240}: sleep interrupted> (0x00000006179fb240) 
thrown [s\src\hotspot\share\prims\jvm.cpp, line 3052]
Event: 35.107 Thread 0x0000018eec4a1ce0 Exception <a 'java/lang/InterruptedException'{0x00000006179fb558}: sleep interrupted> (0x00000006179fb558) 
thrown [s\src\hotspot\share\prims\jvm.cpp, line 3074]
Event: 35.107 Thread 0x0000018eec4a1ce0 Exception <a 'java/lang/InterruptedException'{0x00000006179fb8b0}: sleep interrupted> (0x00000006179fb8b0) 
thrown [s\src\hotspot\share\prims\jvm.cpp, line 3052]
Event: 35.144 Thread 0x0000018eec4a1ce0 Exception <a 'java/lang/InterruptedException'{0x00000006179fbbc8}: sleep interrupted> (0x00000006179fbbc8) 
thrown [s\src\hotspot\share\prims\jvm.cpp, line 3074]
Event: 35.180 Thread 0x0000018eec4a1ce0 Exception <a 'java/lang/InterruptedException'{0x00000006179fbf20}: sleep interrupted> (0x00000006179fbf20) 
thrown [s\src\hotspot\share\prims\jvm.cpp, line 3074]

ZGC Phase Switch (0 events):
No events

VM Operations (20 events):
Event: 26.039 Executing VM operation: Cleanup done
Event: 27.039 Executing VM operation: Cleanup
Event: 27.039 Executing VM operation: Cleanup done
Event: 28.040 Executing VM operation: Cleanup
Event: 28.040 Executing VM operation: Cleanup done
Event: 30.041 Executing VM operation: Cleanup
Event: 30.041 Executing VM operation: Cleanup done
Event: 32.042 Executing VM operation: Cleanup
Event: 32.042 Executing VM operation: Cleanup done
Event: 32.455 Executing VM operation: G1CollectForAllocation (G1 Evacuation Pause)
Event: 32.461 Executing VM operation: G1CollectForAllocation (G1 Evacuation Pause) done
Event: 34.461 Executing VM operation: Cleanup
Event: 34.461 Executing VM operation: Cleanup done
Event: 35.462 Executing VM operation: Cleanup
Event: 35.462 Executing VM operation: Cleanup done
Event: 36.462 Executing VM operation: Cleanup
Event: 36.462 Executing VM operation: Cleanup done
Event: 36.950 Executing VM operation: G1CollectFull (System.gc())
Event: 36.972 Executing VM operation: G1CollectFull (System.gc()) done
Event: 37.086 Executing VM operation: Exit

Memory protections (0 events):
No events

Nmethod flushes (20 events):
Event: 36.957 Thread 0x0000018ee6ae8750 flushing  nmethod 0x0000018ed2ecfa90
Event: 36.958 Thread 0x0000018ee6ae8750 flushing  nmethod 0x0000018ed2f9da10
Event: 36.958 Thread 0x0000018ee6ae8750 flushing  nmethod 0x0000018ed2fa2b90
Event: 36.958 Thread 0x0000018ee6ae8750 flushing  nmethod 0x0000018ed2fa3810
Event: 36.958 Thread 0x0000018ee6ae8750 flushing  nmethod 0x0000018ed2fa4490
Event: 36.958 Thread 0x0000018ee6ae8750 flushing  nmethod 0x0000018ed2fa5d90
Event: 36.958 Thread 0x0000018ee6ae8750 flushing  nmethod 0x0000018ed2fa9a90
Event: 36.958 Thread 0x0000018ee6ae8750 flushing  nmethod 0x0000018ecb3f9f10
Event: 36.958 Thread 0x0000018ee6ae8750 flushing  nmethod 0x0000018ecb3fb610
Event: 36.958 Thread 0x0000018ee6ae8750 flushing  nmethod 0x0000018ecb609c90
Event: 36.958 Thread 0x0000018ee6ae8750 flushing  nmethod 0x0000018ecb62bf90
Event: 36.958 Thread 0x0000018ee6ae8750 flushing  nmethod 0x0000018ecb687590
Event: 36.958 Thread 0x0000018ee6ae8750 flushing  nmethod 0x0000018ecb717790
Event: 36.958 Thread 0x0000018ee6ae8750 flushing  nmethod 0x0000018ecb718390
Event: 36.958 Thread 0x0000018ee6ae8750 flushing  nmethod 0x0000018ecb719190
Event: 36.958 Thread 0x0000018ee6ae8750 flushing  nmethod 0x0000018ecb719610
Event: 36.958 Thread 0x0000018ee6ae8750 flushing  nmethod 0x0000018ecb719c90
Event: 36.958 Thread 0x0000018ee6ae8750 flushing  nmethod 0x0000018ecb71a190
Event: 36.958 Thread 0x0000018ee6ae8750 flushing  nmethod 0x0000018ecb71a590
Event: 36.958 Thread 0x0000018ee6ae8750 flushing  nmethod 0x0000018ecb71e790

Events (20 events):
Event: 28.999 Thread 0x0000018ee75f3a30 Thread added: 0x0000018ee75f1820
Event: 29.347 Thread 0x0000018ee75f1820 Thread exited: 0x0000018ee75f1820
Event: 29.744 Thread 0x0000018ee75f3360 Thread exited: 0x0000018ee75f3360
Event: 33.343 Thread 0x0000018ee75de740 Thread added: 0x0000018ee75f2c90
Event: 33.766 Thread 0x0000018ee75f2c90 Thread exited: 0x0000018ee75f2c90
Event: 36.977 Thread 0x0000018eec093340 Thread exited: 0x0000018eec093340
Event: 36.978 Thread 0x0000018ee799e490 Thread added: 0x0000018eedf57170
Event: 36.978 Thread 0x0000018ee799e490 Thread added: 0x0000018eedf550a0
Event: 36.978 Thread 0x0000018ee799e490 Thread added: 0x0000018eedf58bb0
Event: 36.978 Thread 0x0000018ee799e490 Thread added: 0x0000018eedf55730
Event: 36.979 Thread 0x0000018ee799e490 Thread added: 0x0000018eedf5b310
Event: 36.979 Thread 0x0000018ee799e490 Thread added: 0x0000018eedf5b9a0
Event: 36.979 Thread 0x0000018eedf57170 Thread exited: 0x0000018eedf57170
Event: 36.979 Thread 0x0000018eedf550a0 Thread exited: 0x0000018eedf550a0
Event: 36.980 Thread 0x0000018eedf5b9a0 Thread exited: 0x0000018eedf5b9a0
Event: 36.982 Thread 0x0000018eedf58bb0 Thread exited: 0x0000018eedf58bb0
Event: 36.990 Thread 0x0000018eedf5b310 Thread exited: 0x0000018eedf5b310
Event: 37.050 Thread 0x0000018ee799cb70 Thread exited: 0x0000018ee799cb70
Event: 37.086 Thread 0x0000018eedf55730 Thread exited: 0x0000018eedf55730
Event: 37.086 Thread 0x0000018ee799e490 Before exit entered


Dynamic libraries:
0x00007ff7d8d50000 - 0x00007ff7d8d5e000 	C:\Users\gagek\.p2\pool\plugins\org.eclipse.justj.openjdk.hotspot.jre.full.win32.x86_64_21.0.8.v20250724-1412\jre\bin\javaw.exe
0x00007ffe18220000 - 0x00007ffe18487000 	C:\windows\SYSTEM32\ntdll.dll
0x00007ffe17580000 - 0x00007ffe17649000 	C:\windows\System32\KERNEL32.DLL
0x00007ffe15590000 - 0x00007ffe15980000 	C:\windows\System32\KERNELBASE.dll
0x00007ffe15e60000 - 0x00007ffe15fab000 	C:\windows\System32\ucrtbase.dll
0x00007ffdeb340000 - 0x00007ffdeb358000 	C:\Users\gagek\.p2\pool\plugins\org.eclipse.justj.openjdk.hotspot.jre.full.win32.x86_64_21.0.8.v20250724-1412\jre\bin\jli.dll
0x00007ffdee8c0000 - 0x00007ffdee8de000 	C:\Users\gagek\.p2\pool\plugins\org.eclipse.justj.openjdk.hotspot.jre.full.win32.x86_64_21.0.8.v20250724-1412\jre\bin\VCRUNTIME140.dll
0x00007ffe15fb0000 - 0x00007ffe16175000 	C:\windows\System32\USER32.dll
0x00007ffe15560000 - 0x00007ffe15587000 	C:\windows\System32\win32u.dll
0x00007ffe17be0000 - 0x00007ffe17c0b000 	C:\windows\System32\GDI32.dll
0x00007ffdf38e0000 - 0x00007ffdf3b7a000 	C:\windows\WinSxS\amd64_microsoft.windows.common-controls_6595b64144ccf1df_6.0.26100.4768_none_3e0c112ce331287c\COMCTL32.dll
0x00007ffe15b10000 - 0x00007ffe15c48000 	C:\windows\System32\gdi32full.dll
0x00007ffe154b0000 - 0x00007ffe15553000 	C:\windows\System32\msvcp_win.dll
0x00007ffe17860000 - 0x00007ffe17909000 	C:\windows\System32\msvcrt.dll
0x00007ffe17c10000 - 0x00007ffe17c3f000 	C:\windows\System32\IMM32.DLL
0x00007ffe10b20000 - 0x00007ffe10b2c000 	C:\Users\gagek\.p2\pool\plugins\org.eclipse.justj.openjdk.hotspot.jre.full.win32.x86_64_21.0.8.v20250724-1412\jre\bin\vcruntime140_1.dll
0x00007ffdbdb10000 - 0x00007ffdbdb9d000 	C:\Users\gagek\.p2\pool\plugins\org.eclipse.justj.openjdk.hotspot.jre.full.win32.x86_64_21.0.8.v20250724-1412\jre\bin\msvcp140.dll
0x00007ffd33410000 - 0x00007ffd341a7000 	C:\Users\gagek\.p2\pool\plugins\org.eclipse.justj.openjdk.hotspot.jre.full.win32.x86_64_21.0.8.v20250724-1412\jre\bin\server\jvm.dll
0x00007ffe16b50000 - 0x00007ffe16c04000 	C:\windows\System32\ADVAPI32.dll
0x00007ffe17910000 - 0x00007ffe179b6000 	C:\windows\System32\sechost.dll
0x00007ffe179c0000 - 0x00007ffe17ad8000 	C:\windows\System32\RPCRT4.dll
0x00007ffe16720000 - 0x00007ffe16794000 	C:\windows\System32\WS2_32.dll
0x00007ffe151b0000 - 0x00007ffe1520e000 	C:\windows\SYSTEM32\POWRPROF.dll
0x00007ffe0d720000 - 0x00007ffe0d755000 	C:\windows\SYSTEM32\WINMM.dll
0x00007ffe0a3a0000 - 0x00007ffe0a3ab000 	C:\windows\SYSTEM32\VERSION.dll
0x00007ffe15190000 - 0x00007ffe151a4000 	C:\windows\SYSTEM32\UMPDC.dll
0x00007ffe14090000 - 0x00007ffe140ab000 	C:\windows\SYSTEM32\kernel.appcore.dll
0x00007ffe11210000 - 0x00007ffe1121a000 	C:\Users\gagek\.p2\pool\plugins\org.eclipse.justj.openjdk.hotspot.jre.full.win32.x86_64_21.0.8.v20250724-1412\jre\bin\jimage.dll
0x00007ffe12700000 - 0x00007ffe12941000 	C:\windows\SYSTEM32\DBGHELP.DLL
0x00007ffe167c0000 - 0x00007ffe16b45000 	C:\windows\System32\combase.dll
0x00007ffe173f0000 - 0x00007ffe174d0000 	C:\windows\System32\OLEAUT32.dll
0x00007ffdf4390000 - 0x00007ffdf43d3000 	C:\windows\SYSTEM32\dbgcore.DLL
0x00007ffe15410000 - 0x00007ffe154a9000 	C:\windows\System32\bcryptPrimitives.dll
0x00007ffe10f30000 - 0x00007ffe10f4f000 	C:\Users\gagek\.p2\pool\plugins\org.eclipse.justj.openjdk.hotspot.jre.full.win32.x86_64_21.0.8.v20250724-1412\jre\bin\java.dll
0x00007ffe16c10000 - 0x00007ffe1735d000 	C:\windows\System32\SHELL32.dll
0x00007ffe15990000 - 0x00007ffe15b03000 	C:\windows\System32\wintypes.dll
0x00007ffe12ef0000 - 0x00007ffe13750000 	C:\windows\SYSTEM32\windows.storage.dll
0x00007ffe17ae0000 - 0x00007ffe17bd5000 	C:\windows\System32\SHCORE.dll
0x00007ffe17cb0000 - 0x00007ffe17d1a000 	C:\windows\System32\shlwapi.dll
0x00007ffe15270000 - 0x00007ffe15299000 	C:\windows\SYSTEM32\profapi.dll
0x00007ffe10ed0000 - 0x00007ffe10ee8000 	C:\Users\gagek\.p2\pool\plugins\org.eclipse.justj.openjdk.hotspot.jre.full.win32.x86_64_21.0.8.v20250724-1412\jre\bin\zip.dll
0x00007ffe11200000 - 0x00007ffe11210000 	C:\Users\gagek\.p2\pool\plugins\org.eclipse.justj.openjdk.hotspot.jre.full.win32.x86_64_21.0.8.v20250724-1412\jre\bin\net.dll
0x00007ffe0e680000 - 0x00007ffe0e79e000 	C:\windows\SYSTEM32\WINHTTP.dll
0x00007ffe14600000 - 0x00007ffe1466b000 	C:\windows\system32\mswsock.dll
0x00007ffe111c0000 - 0x00007ffe111d6000 	C:\Users\gagek\.p2\pool\plugins\org.eclipse.justj.openjdk.hotspot.jre.full.win32.x86_64_21.0.8.v20250724-1412\jre\bin\nio.dll
0x00007ffdbe4a0000 - 0x00007ffdbe62e000 	C:\Users\gagek\.p2\pool\plugins\org.eclipse.justj.openjdk.hotspot.jre.full.win32.x86_64_21.0.8.v20250724-1412\jre\bin\awt.dll
0x00007ffe11250000 - 0x00007ffe112ee000 	C:\windows\SYSTEM32\apphelp.dll
0x00007ffe11730000 - 0x00007ffe11765000 	C:\windows\system32\DWMAPI.DLL
0x00007ffe115c0000 - 0x00007ffe1166f000 	C:\windows\system32\uxtheme.dll
0x00007ffd999d0000 - 0x00007ffd99ae8000 	C:\windows\system32\opengl32.dll
0x00007ffde63c0000 - 0x00007ffde63ed000 	C:\windows\SYSTEM32\GLU32.dll
0x00007ffe11c50000 - 0x00007ffe11c9d000 	C:\windows\SYSTEM32\dxcore.dll
0x00007ffe165b0000 - 0x00007ffe16711000 	C:\windows\System32\MSCTF.dll
0x00007ffe16400000 - 0x00007ffe165a0000 	C:\windows\System32\ole32.dll
0x00007ffdca8c0000 - 0x00007ffdca947000 	C:\Users\gagek\.p2\pool\plugins\org.eclipse.justj.openjdk.hotspot.jre.full.win32.x86_64_21.0.8.v20250724-1412\jre\bin\freetype.dll
0x00007ffdb5680000 - 0x00007ffdb576b000 	C:\Users\gagek\.p2\pool\plugins\org.eclipse.justj.openjdk.hotspot.jre.full.win32.x86_64_21.0.8.v20250724-1412\jre\bin\fontmanager.dll
0x00007ffe06dc0000 - 0x00007ffe06f11000 	C:\windows\SYSTEM32\textinputframework.dll
0x00007ffdcf690000 - 0x00007ffdcf70d000 	C:\windows\system32\Oleacc.dll
0x00007ffe17750000 - 0x00007ffe177f8000 	C:\windows\System32\clbcatq.dll
0x00007ffdd46f0000 - 0x00007ffdd474e000 	C:\windows\system32\ApplicationTargetedFeatureDatabase.dll
0x00007ffe0ac30000 - 0x00007ffe0ae68000 	C:\Windows\System32\twinapi.appcore.dll
0x00007ffe10e30000 - 0x00007ffe10e40000 	C:\Users\gagek\.p2\pool\plugins\org.eclipse.justj.openjdk.hotspot.jre.full.win32.x86_64_21.0.8.v20250724-1412\jre\bin\verify.dll
0x0000000180000000 - 0x0000000180053000 	C:\MinecraftAlphaDev\libraries\natives\lwjgl64.dll
0x00007ffe0dec0000 - 0x00007ffe0df89000 	C:\windows\SYSTEM32\mscms.dll
0x00007ffdf7470000 - 0x00007ffdf74e0000 	C:\Windows\System32\Windows.Internal.Graphics.Display.DisplayColorManagement.dll
0x00007ffe14f10000 - 0x00007ffe14f67000 	C:\windows\SYSTEM32\cfgmgr32.dll
0x00007ffe0fee0000 - 0x00007ffe0fee7000 	C:\Users\gagek\.p2\pool\plugins\org.eclipse.justj.openjdk.hotspot.jre.full.win32.x86_64_21.0.8.v20250724-1412\jre\bin\jawt.dll
0x00007ffe0b360000 - 0x00007ffe0b3ca000 	C:\windows\SYSTEM32\directxdatabasehelper.dll
0x00007ffdf9260000 - 0x00007ffdf927a000 	C:\windows\SYSTEM32\windows.staterepositorycore.dll
0x00007ffd08120000 - 0x00007ffd096eb000 	C:\windows\System32\DriverStore\FileRepository\iigd_dch.inf_amd64_9ce4d8a46710e0e5\igxelpgicd64.dll
0x00007ffd69440000 - 0x00007ffd69463000 	C:\windows\SYSTEM32\d3d12.dll
0x00007ffe12bf0000 - 0x00007ffe12d2e000 	C:\windows\SYSTEM32\dxgi.dll
0x00007ffdfab90000 - 0x00007ffdfad37000 	C:\windows\System32\DriverStore\FileRepository\iigd_dch.inf_amd64_9ce4d8a46710e0e5\igdml64.dll
0x00007ffd21f50000 - 0x00007ffd223ce000 	C:\Users\gagek\AppData\Roaming\ow-electron\jilehohlakeokncafogkgnicgndeecdiengddbcc\packages\emifmpeaagaaglhaimndbhcpkjfmjhfnjjpoibdo\1.8.21\owe-client-x64.dll
0x00007ffe04790000 - 0x00007ffe04d23000 	C:\windows\System32\DriverStore\FileRepository\iigd_dch.inf_amd64_9ce4d8a46710e0e5\igdgmm64.dll
0x00007ffe141c0000 - 0x00007ffe141f6000 	C:\windows\SYSTEM32\ntmarta.dll
0x00007ffd96ac0000 - 0x00007ffd96d37000 	C:\windows\SYSTEM32\D3D12Core.dll
0x00007ffe15240000 - 0x00007ffe15266000 	C:\windows\SYSTEM32\bcrypt.dll
0x00007ffe0aea0000 - 0x00007ffe0b01c000 	C:\windows\SYSTEM32\drvstore.dll
0x00007ffdfdf10000 - 0x00007ffe03036000 	C:\windows\System32\DriverStore\FileRepository\iigd_dch.inf_amd64_9ce4d8a46710e0e5\igc64.dll
0x00007ffe0daa0000 - 0x00007ffe0dace000 	C:\windows\SYSTEM32\D3DSCache.dll
0x00007ffe146a0000 - 0x00007ffe146cb000 	C:\windows\SYSTEM32\USERENV.dll
0x00007ffe108d0000 - 0x00007ffe10afa000 	C:\windows\SYSTEM32\dcomp.dll
0x00007ffe101d0000 - 0x00007ffe101e9000 	C:\windows\SYSTEM32\Microsoft.Internal.WarpPal.dll
0x00007ffe10f50000 - 0x00007ffe11075000 	C:\windows\SYSTEM32\CoreMessaging.dll
0x00007ffe08f90000 - 0x00007ffe09273000 	C:\windows\SYSTEM32\CoreUIComponents.dll
0x00007ffe14840000 - 0x00007ffe1484c000 	C:\windows\SYSTEM32\CRYPTBASE.DLL
0x00007ffe149e0000 - 0x00007ffe149fb000 	C:\windows\SYSTEM32\CRYPTSP.dll
0x00007ffe13ff0000 - 0x00007ffe1402b000 	C:\windows\system32\rsaenh.dll
0x00007ffe13a20000 - 0x00007ffe13a53000 	C:\windows\SYSTEM32\IPHLPAPI.DLL
0x00007ffe17800000 - 0x00007ffe1780a000 	C:\windows\System32\NSI.dll
0x0000018eecfb0000 - 0x0000018eecfc6000 	C:\MinecraftAlphaDev\libraries\natives\jinput-dx8_64.dll
0x00007ffdbdca0000 - 0x00007ffdbdceb000 	C:\windows\SYSTEM32\DINPUT8.dll
0x00007ffdfd840000 - 0x00007ffdfda22000 	C:\windows\SYSTEM32\inputhost.dll
0x00007ffe13760000 - 0x00007ffe1376f000 	C:\windows\SYSTEM32\HID.DLL
0x00007ffe17d50000 - 0x00007ffe181d6000 	C:\windows\System32\SETUPAPI.DLL
0x00007ffe14f70000 - 0x00007ffe14f9d000 	C:\windows\SYSTEM32\DEVOBJ.dll
0x0000018eed2e0000 - 0x0000018eed364000 	C:\windows\System32\WINTRUST.dll
0x00007ffe15ce0000 - 0x00007ffe15e57000 	C:\windows\System32\CRYPT32.dll
0x00007ffe14a50000 - 0x00007ffe14a63000 	C:\windows\SYSTEM32\MSASN1.dll
0x0000018eed060000 - 0x0000018eed074000 	C:\MinecraftAlphaDev\libraries\natives\jinput-raw_64.dll
0x0000018eed450000 - 0x0000018eed4b4000 	C:\MinecraftAlphaDev\libraries\natives\OpenAL64.dll
0x00007ffe0c5a0000 - 0x00007ffe0c642000 	C:\windows\System32\MMDevApi.dll
0x00007ffdb5cb0000 - 0x00007ffdb5d44000 	C:\windows\SYSTEM32\dsound.dll
0x00007ffd98640000 - 0x00007ffd98671000 	C:\windows\SYSTEM32\winmmbase.dll
0x00007ffd99dd0000 - 0x00007ffd99e81000 	C:\windows\SYSTEM32\ResampleDmo.DLL
0x00007ffdfcc60000 - 0x00007ffdfcc6e000 	C:\windows\SYSTEM32\msdmo.dll
0x00007ffdfa140000 - 0x00007ffdfa302000 	C:\windows\SYSTEM32\AUDIOSES.DLL
0x00007ffe11ae0000 - 0x00007ffe11af4000 	C:\windows\SYSTEM32\resourcepolicyclient.dll
0x00007ffe13a60000 - 0x00007ffe13b86000 	C:\windows\SYSTEM32\DNSAPI.dll
0x00007ffe0e2e0000 - 0x00007ffe0e2eb000 	C:\Windows\System32\rasadhlp.dll
0x00007ffe0ec90000 - 0x00007ffe0ed16000 	C:\windows\System32\fwpuclnt.dll
0x00007ffe0db30000 - 0x00007ffe0db39000 	C:\Users\gagek\.p2\pool\plugins\org.eclipse.justj.openjdk.hotspot.jre.full.win32.x86_64_21.0.8.v20250724-1412\jre\bin\extnet.dll

JVMTI agents: none

dbghelp: loaded successfully - version: 4.0.5 - missing functions: none
symbol engine: initialized successfully - sym options: 0x614 - pdb path: .;C:\Users\gagek\.p2\pool\plugins\org.eclipse.justj.openjdk.hotspot.jre.full.win32.x86_64_21.0.8.v20250724-1412\jre\bin;C:\windows\SYSTEM32;C:\windows\WinSxS\amd64_microsoft.windows.common-controls_6595b64144ccf1df_6.0.26100.4768_none_3e0c112ce331287c;C:\Users\gagek\.p2\pool\plugins\org.eclipse.justj.openjdk.hotspot.jre.full.win32.x86_64_21.0.8.v20250724-1412\jre\bin\server;C:\MinecraftAlphaDev\libraries\natives;C:\windows\System32\DriverStore\FileRepository\iigd_dch.inf_amd64_9ce4d8a46710e0e5;C:\Users\gagek\AppData\Roaming\ow-electron\jilehohlakeokncafogkgnicgndeecdiengddbcc\packages\emifmpeaagaaglhaimndbhcpkjfmjhfnjjpoibdo\1.8.21

VM Arguments:
jvm_args: -Djava.library.path=C:\MinecraftAlphaDev\libraries\natives -Dfile.encoding=UTF-8 -Dstdout.encoding=UTF-8 -Dstderr.encoding=UTF-8 -XX:+ShowCodeDetailsInExceptionMessages 
java_command: net.minecraft.client.Minecraft
java_class_path (initial): C:\MinecraftAlphaDev\minecraft\output;C:\MinecraftAlphaDev\libraries\net\java\jinput\jinput\2.0.5\jinput-2.0.5.jar;C:\MinecraftAlphaDev\libraries\net\java\jutils\jutils\1.0.0\jutils-1.0.0.jar;C:\MinecraftAlphaDev\libraries\org\lwjgl\lwjgl\lwjgl\2.9.4-nightly-20150209\lwjgl-2.9.4-nightly-20150209.jar;C:\MinecraftAlphaDev\libraries\org\lwjgl\lwjgl\lwjgl_util\2.9.4-nightly-20150209\lwjgl_util-2.9.4-nightly-20150209.jar;C:\MinecraftAlphaDev\libraries\org\lwjgl\lwjgl\lwjgl-platform\2.9.4-nightly-20150209\lwjgl-platform-2.9.4-nightly-20150209.jar;C:\MinecraftAlphaDev\libraries\com\paulscode\codecjorbis\20230120\codecjorbis-20230120.jar;C:\MinecraftAlphaDev\libraries\com\paulscode\codecwav\20101023\codecwav-20101023.jar;C:\MinecraftAlphaDev\libraries\com\paulscode\libraryjavasound\20101123\libraryjavasound-20101123.jar;C:\MinecraftAlphaDev\libraries\com\paulscode\librarylwjglopenal\20100824\librarylwjglopenal-20100824.jar;C:\MinecraftAlphaDev\libraries\com\paulscode\soundsystem\20120107\soundsystem-20120107.jar;C:\MinecraftAlphaDev\libraries\org\mcphackers\launchwrapper\1.1.3\launchwrapper-1.1.3.jar;C:\MinecraftAlphaDev\libraries\org\json\json\20230311\json-20230311.jar;C:\MinecraftAlphaDev\libraries\org\ow2\asm\asm\9.7\asm-9.7.jar;C:\MinecraftAlphaDev\libraries\org\ow2\asm\asm-tree\9.7\asm-tree-9.7.jar;C:\MinecraftAlphaDev\minecraft\jars\deobfuscated.jar
Launcher Type: SUN_STANDARD

[Global flags]
     intx CICompilerCount                          = 4                                         {product} {ergonomic}
     uint ConcGCThreads                            = 3                                         {product} {ergonomic}
     uint G1ConcRefinementThreads                  = 11                                        {product} {ergonomic}
   size_t G1HeapRegionSize                         = 4194304                                   {product} {ergonomic}
    uintx GCDrainStackTargetSize                   = 64                                        {product} {ergonomic}
   size_t InitialHeapSize                          = 528482304                                 {product} {ergonomic}
   size_t MarkStackSize                            = 4194304                                   {product} {ergonomic}
   size_t MaxHeapSize                              = 8443133952                                {product} {ergonomic}
   size_t MaxNewSize                               = 5062524928                                {product} {ergonomic}
   size_t MinHeapDeltaBytes                        = 4194304                                   {product} {ergonomic}
   size_t MinHeapSize                              = 8388608                                   {product} {ergonomic}
    uintx NonNMethodCodeHeapSize                   = 5839372                                {pd product} {ergonomic}
    uintx NonProfiledCodeHeapSize                  = 122909434                              {pd product} {ergonomic}
    uintx ProfiledCodeHeapSize                     = 122909434                              {pd product} {ergonomic}
    uintx ReservedCodeCacheSize                    = 251658240                              {pd product} {ergonomic}
     bool SegmentedCodeCache                       = true                                      {product} {ergonomic}
     bool ShowCodeDetailsInExceptionMessages       = true                                   {manageable} {command line}
   size_t SoftMaxHeapSize                          = 8443133952                             {manageable} {ergonomic}
     bool UseCompressedOops                        = true                           {product lp64_product} {ergonomic}
     bool UseG1GC                                  = true                                      {product} {ergonomic}
     bool UseLargePagesIndividualAllocation        = false                                  {pd product} {ergonomic}

Logging:
Log output configuration:
 #0: stdout all=off uptime,level,tags foldmultilines=false
 #1: stderr all=off uptime,level,tags foldmultilines=false

Environment Variables:
PATH=C:/Users/gagek/.p2/pool/plugins/org.eclipse.justj.openjdk.hotspot.jre.full.win32.x86_64_21.0.8.v20250724-1412/jre/bin/server;C:/Users/gagek/.p2/pool/plugins/org.eclipse.justj.openjdk.hotspot.jre.full.win32.x86_64_21.0.8.v20250724-1412/jre/bin;C:\Program Files\Zulu\zulu-21\bin\;C:\Program Files (x86)\Common Files\Oracle\Java\java8path;C:\Program Files (x86)\Common Files\Oracle\Java\javapath;C:\Program Files\Oculus\Support\oculus-runtime;c:\devkitPro\msys2\usr\bin;C:\windows\system32;C:\windows;C:\windows\System32\Wbem;C:\windows\System32\WindowsPowerShell\v1.0\;C:\windows\System32\OpenSSH\;C:\Program Files\HP\HP One Agent;C:\Program Files\dotnet\;C:\Program Files (x86)\Microsoft SQL Server\160\Tools\Binn\;C:\Program Files\Microsoft SQL Server\160\Tools\Binn\;C:\Program Files\Microsoft SQL Server\Client SDK\ODBC\170\Tools\Binn\;C:\Program Files\Microsoft SQL Server\160\DTS\Binn\;C:\Program Files (x86)\Windows Kits\8.1\Windows Performance Toolkit\;C:\Program Files\Docker\Docker\resources\bin;C:\Program Files (x86)\Gpg4win\..\GnuPG\bin;C:\Users\gagek\AppData\Local\Microsoft\WindowsApps;C:\Users\gagek\AppData\Local\Programs\Microsoft VS Code\bin;C:\msys64\mingw64\bin;C:\Users\gagek\.aftman\bin;C:\Users\gagek\AppData\Local\GitHubDesktop\bin;C:\Users\gagek\AppData\Local\Muse Hub\lib;C:\Users\gagek\OneDrive\Desktop;
USERNAME=gagek
OS=Windows_NT
PROCESSOR_IDENTIFIER=Intel64 Family 6 Model 170 Stepping 4, GenuineIntel
TMP=C:\Users\gagek\AppData\Local\Temp
TEMP=C:\Users\gagek\AppData\Local\Temp




Periodic native trim disabled

---------------  S Y S T E M  ---------------

OS:
 Windows 11 , 64 bit Build 26100 (10.0.26100.4768)
OS uptime: 5 days 7:30 hours
Hyper-V role detected

CPU: total 14 (initial active 14) (7 cores per cpu, 2 threads per core) family 6 model 170 stepping 4 microcode 0x1f, cx8, cmov, fxsr, ht, mmx, 3dnowpref, sse, sse2, sse3, ssse3, sse4.1, sse4.2, popcnt, lzcnt, tsc, tscinvbit, avx, avx2, aes, erms, clmul, bmi1, bmi2, adx, sha, fma, vzeroupper, clflush, clflushopt, clwb, hv, serialize, rdtscp, rdpid, fsrm, f16c, cet_ibt, cet_ss
Processor Information for processor 0
  Max Mhz: 1700, Current Mhz: 1457, Mhz Limit: 1700
Processor Information for processor 1
  Max Mhz: 1700, Current Mhz: 1700, Mhz Limit: 1700
Processor Information for processor 2
  Max Mhz: 1200, Current Mhz: 1200, Mhz Limit: 1200
Processor Information for processor 3
  Max Mhz: 1200, Current Mhz: 1200, Mhz Limit: 1200
Processor Information for processor 4
  Max Mhz: 1200, Current Mhz: 1200, Mhz Limit: 1200
Processor Information for processor 5
  Max Mhz: 1200, Current Mhz: 1200, Mhz Limit: 1200
Processor Information for processor 6
  Max Mhz: 1200, Current Mhz: 1200, Mhz Limit: 1200
Processor Information for processor 7
  Max Mhz: 1200, Current Mhz: 1200, Mhz Limit: 1200
Processor Information for processor 8
  Max Mhz: 1200, Current Mhz: 1200, Mhz Limit: 1200
Processor Information for processor 9
  Max Mhz: 1200, Current Mhz: 1200, Mhz Limit: 1200
Processor Information for processor 10
  Max Mhz: 1700, Current Mhz: 1700, Mhz Limit: 1700
Processor Information for processor 11
  Max Mhz: 1700, Current Mhz: 1700, Mhz Limit: 1700
Processor Information for processor 12
  Max Mhz: 700, Current Mhz: 700, Mhz Limit: 700
Processor Information for processor 13
  Max Mhz: 700, Current Mhz: 700, Mhz Limit: 700

Memory: 4k page, system-wide physical 32203M (10928M free)
TotalPageFile size 37835M (AvailPageFile size 6735M)
current process WorkingSet (physical memory assigned to process): 443M, peak: 488M
current process commit charge ("private bytes"): 574M, peak: 730M

vm_info: OpenJDK 64-Bit Server VM (21.0.8+9-LTS) for windows-amd64 JRE (21.0.8+9-LTS), built on 2025-07-15T00:00:00Z by "admin" with MS VC++ 17.7 (VS2022)

END.
