#
# A fatal error has been detected by the Java Runtime Environment:
#
#  EXCEPTION_ACCESS_VIOLATION (0xc0000005) at pc=0x00007ffd4b5b8c80, pid=15424, tid=16084
#
# JRE version: OpenJDK Runtime Environment Temurin-21.0.8+9 (21.0.8+9) (build 21.0.8+9-LTS)
# Java VM: OpenJDK 64-Bit Server VM Temurin-21.0.8+9 (21.0.8+9-LTS, mixed mode, sharing, tiered, compressed oops, compressed class ptrs, g1 gc, windows-amd64)
# Problematic frame:
# C  [owe-client-x64.dll+0x3c8c80]
#
# No core dump will be written. Minidumps are not enabled by default on client versions of Windows
#
# If you would like to submit a bug report, please visit:
#   https://github.com/adoptium/adoptium-support/issues
#

---------------  S U M M A R Y ------------

Command Line: -Djava.library.path=C:\MinecraftAlphaDev\libraries\natives -Dfile.encoding=UTF-8 -Dstdout.encoding=UTF-8 -Dstderr.encoding=UTF-8 -XX:+ShowCodeDetailsInExceptionMessages net.minecraft.client.Minecraft

Host: Intel(R) Core(TM) Ultra 7 155U, 14 cores, 31G,  Windows 11 , 64 bit Build 26100 (10.0.26100.4768)
Time: Mon Sep  8 19:16:24 2025 Central Daylight Time elapsed time: 38.989874 seconds (0d 0h 0m 38s)

---------------  T H R E A D  ---------------

Current thread (0x000001d57f569f00):  VMThread "VM Thread"          [id=16084, stack(0x000000d020300000,0x000000d020400000) (1024K)]

Stack: [0x000000d020300000,0x000000d020400000],  sp=0x000000d0203fec78,  free space=1019k
Native frames: (J=compiled Java code, j=interpreted, Vv=VM code, C=native code)
C  [owe-client-x64.dll+0x3c8c80]


siginfo: EXCEPTION_ACCESS_VIOLATION (0xc0000005), data execution prevention violation at address 0x00007ffd4b5b8c80


Registers:
RAX=0x00007ffd4b55e300, RBX=0x0000000000000000, RCX=0x000001d565b52b50, RDX=0x00007ffd4b625018
RSP=0x000000d0203fec78, RBP=0x000000d0203ff170, RSI=0x00007ffdb5cd0000, RDI=0x0000000000000001
R8 =0x000001d57c5902c0, R9 =0x000000d01f7bd000, R10=0x00007ffe183eeea0, R11=0x000001d51eb391a0
R12=0x0000000000000001, R13=0x00007ffdb5d2bdf0, R14=0x0000000000000000, R15=0x00007ffdb5cd0000
RIP=0x00007ffd4b5b8c80, EFLAGS=0x0000000000010202

XMM[0]=0x0000000000000000 0x0000000000000000
XMM[1]=0x0000000000000000 0x0000000000000000
XMM[2]=0x0000000000000000 0x0000000000000000
XMM[3]=0x0000000000000000 0x0000000000000000
XMM[4]=0x0000000000000000 0x0000000000000000
XMM[5]=0x0000000000000000 0x0000000000000000
XMM[6]=0x0000000000000000 0x0000000000000000
XMM[7]=0x0000000000000000 0x404e000000000000
XMM[8]=0x0000000000000000 0x0000000000000000
XMM[9]=0x0000000000000000 0x0000000000000000
XMM[10]=0x0000000000000000 0x0000000000000000
XMM[11]=0x0000000000000000 0x0000000000000000
XMM[12]=0x0000000000000000 0x0000000000000000
XMM[13]=0x0000000000000000 0x0000000000000000
XMM[14]=0x0000000000000000 0x0000000000000000
XMM[15]=0x0000000000000000 0x0000000000000000
  MXCSR=0x00001fa0


Register to memory mapping:

RAX=0x00007ffd4b55e300 owe-client-x64.dll
RBX=0x0 is null
RCX=0x000001d565b52b50 points into unknown readable memory: 0x00007ffd4b55e300 | 00 e3 55 4b fd 7f 00 00
RDX=0x00007ffd4b625018 owe-client-x64.dll
RSP=0x000000d0203fec78 points into unknown readable memory: 0x00007ffd4b2aac99 | 99 ac 2a 4b fd 7f 00 00
RBP=0x000000d0203ff170 points into unknown readable memory: 0x000001d57f560780 | 80 07 56 7f d5 01 00 00
RSI=0x00007ffdb5cd0000 opengl32.dll
RDI=0x0000000000000001 is an unknown value
R8 =0x000001d57c5902c0 points into unknown readable memory: 0x00007ffd340c5460 | 60 54 0c 34 fd 7f 00 00
R9 =0x000000d01f7bd000 points into unknown readable memory: 0x0000000000000000 | 00 00 00 00 00 00 00 00
R10=0x00007ffe183eeea0 ntdll.dll
R11=0x000001d51eb391a0 points into unknown readable memory: 0x000001d51eb38d60 | 60 8d b3 1e d5 01 00 00
R12=0x0000000000000001 is an unknown value
R13=0x00007ffdb5d2bdf0 opengl32.dll
R14=0x0 is null
R15=0x00007ffdb5cd0000 opengl32.dll

Top of Stack: (sp=0x000000d0203fec78)
0x000000d0203fec78:   00007ffd4b2aac99 00007ffd4b62c7b8
0x000000d0203fec88:   00007ffd4b625018 000001d564067410
0x000000d0203fec98:   0000000000000000 fffffffffffffffe
0x000000d0203feca8:   00007ffd4b2ab0f7 000001d565b52b50
0x000000d0203fecb8:   00007ffd4b625018 000001d57cb4b178
0x000000d0203fecc8:   0000000000000000 0000000000000000
0x000000d0203fecd8:   000001d565b52b50 00007ffdb5d2bdf0
0x000000d0203fece8:   000001d566676f00 000001d56601f1e0
0x000000d0203fecf8:   00007ffe182243e1 0000000000000001
0x000000d0203fed08:   00007ffdb5cdca16 0000000000010000
0x000000d0203fed18:   000001d57cb4b0d8 000001d51eb391a0
0x000000d0203fed28:   00007ffe18224273 0000000000000001
0x000000d0203fed38:   00007ffdb5cdc7d0 000000d0203ff170
0x000000d0203fed48:   0000000000000000 00007ffdb5cd0000
0x000000d0203fed58:   0000000000000000 0000000000000000
0x000000d0203fed68:   00007ffdb5cdc255 0000000000000000
0x000000d0203fed78:   000000d0203ff170 00007ffdb5cd0000
0x000000d0203fed88:   0000000000000000 0000000000000000
0x000000d0203fed98:   00007ffdb5d2bf19 0000000000000001
0x000000d0203feda8:   000000d0203ff170 00007ffe165b0000
0x000000d0203fedb8:   00007ffe15f988c0 000000d000000001
0x000000d0203fedc8:   00007ffe15eab8aa 000000d0203f0101
0x000000d0203fedd8:   000000d0203fee58 000000d0203ff170
0x000000d0203fede8:   00000000c0000005 00007ffe00000000
0x000000d0203fedf8:   00007ffe15eab84d 0000000000000001
0x000000d0203fee08:   00007ffe15f125ec 000000d0203ff170
0x000000d0203fee18:   000000d0203fee48 fffffffffffffffe
0x000000d0203fee28:   00007ffe15eab84d 0000000000000001
0x000000d0203fee38:   00007ffe16446693 00007ffe16512c60
0x000000d0203fee48:   c00000050000000d ffffffff0000000d
0x000000d0203fee58:   000000d0203fee40 0000000000000000
0x000000d0203fee68:   00007ffe1644633f 0000000000000000 

Instructions: (pc=0x00007ffd4b5b8c80)
0x00007ffd4b5b8b80:   00 00 00 00 00 00 00 00 00 00 00 00 00 00 00 00
0x00007ffd4b5b8b90:   40 e5 42 00 01 00 00 00 00 00 00 00 ff ff ff ff
0x00007ffd4b5b8ba0:   00 00 00 00 40 00 00 00 60 8b 3c 00 00 00 00 00
0x00007ffd4b5b8bb0:   00 00 00 00 00 00 00 00 00 00 00 00 00 00 00 00
0x00007ffd4b5b8bc0:   01 00 00 00 d0 8b 3c 00 00 00 00 00 00 00 00 00
0x00007ffd4b5b8bd0:   e0 8b 3c 00 00 00 00 00 00 00 00 00 00 00 00 00
0x00007ffd4b5b8be0:   e8 e5 42 00 00 00 00 00 00 00 00 00 ff ff ff ff
0x00007ffd4b5b8bf0:   00 00 00 00 40 00 00 00 b8 8b 3c 00 00 00 00 00
0x00007ffd4b5b8c00:   00 00 00 00 00 00 00 00 01 00 00 00 00 00 00 00
0x00007ffd4b5b8c10:   00 00 00 00 18 e6 42 00 30 8c 3c 00 08 8c 3c 00
0x00007ffd4b5b8c20:   00 00 00 00 00 00 00 00 00 00 00 00 00 00 00 00
0x00007ffd4b5b8c30:   00 00 00 00 00 00 00 00 01 00 00 00 48 8c 3c 00
0x00007ffd4b5b8c40:   00 00 00 00 00 00 00 00 58 8c 3c 00 00 00 00 00
0x00007ffd4b5b8c50:   00 00 00 00 00 00 00 00 18 e6 42 00 00 00 00 00
0x00007ffd4b5b8c60:   00 00 00 00 ff ff ff ff 00 00 00 00 40 00 00 00
0x00007ffd4b5b8c70:   30 8c 3c 00 00 00 00 00 00 00 00 00 00 00 00 00
0x00007ffd4b5b8c80:   01 00 00 00 00 00 00 00 00 00 00 00 40 e6 42 00
0x00007ffd4b5b8c90:   a8 8c 3c 00 80 8c 3c 00 00 00 00 00 00 00 00 00
0x00007ffd4b5b8ca0:   00 00 00 00 00 00 00 00 00 00 00 00 01 00 00 00
0x00007ffd4b5b8cb0:   03 00 00 00 c0 8c 3c 00 00 00 00 00 00 00 00 00
0x00007ffd4b5b8cc0:   e0 8c 3c 00 58 8c 3c 00 08 8d 3c 00 00 00 00 00
0x00007ffd4b5b8cd0:   00 00 00 00 00 00 00 00 00 00 00 00 00 00 00 00
0x00007ffd4b5b8ce0:   40 e6 42 00 02 00 00 00 00 00 00 00 ff ff ff ff
0x00007ffd4b5b8cf0:   00 00 00 00 40 00 00 00 a8 8c 3c 00 00 00 00 00
0x00007ffd4b5b8d00:   00 00 00 00 00 00 00 00 60 e6 42 00 00 00 00 00
0x00007ffd4b5b8d10:   10 00 00 00 ff ff ff ff 00 00 00 00 40 00 00 00
0x00007ffd4b5b8d20:   30 8d 3c 00 00 00 00 00 00 00 00 00 00 00 00 00
0x00007ffd4b5b8d30:   00 00 00 00 00 00 00 00 01 00 00 00 48 8d 3c 00
0x00007ffd4b5b8d40:   00 00 00 00 00 00 00 00 58 8d 3c 00 00 00 00 00
0x00007ffd4b5b8d50:   00 00 00 00 00 00 00 00 60 e6 42 00 00 00 00 00
0x00007ffd4b5b8d60:   00 00 00 00 ff ff ff ff 00 00 00 00 40 00 00 00
0x00007ffd4b5b8d70:   30 8d 3c 00 00 00 00 00 00 00 00 00 00 00 00 00 


Stack slot to memory mapping:

stack at sp + 0 slots: 0x00007ffd4b2aac99 owe-client-x64.dll
stack at sp + 1 slots: 0x00007ffd4b62c7b8 owe-client-x64.dll
stack at sp + 2 slots: 0x00007ffd4b625018 owe-client-x64.dll
stack at sp + 3 slots: 0x000001d564067410 points into unknown readable memory: 0x00007ffe166d0150 | 50 01 6d 16 fe 7f 00 00
stack at sp + 4 slots: 0x0 is null
stack at sp + 5 slots: 0xfffffffffffffffe is an unknown value
stack at sp + 6 slots: 0x00007ffd4b2ab0f7 owe-client-x64.dll
stack at sp + 7 slots: 0x000001d565b52b50 points into unknown readable memory: 0x00007ffd4b55e300 | 00 e3 55 4b fd 7f 00 00

VM_Operation (0x000000d0211fe6b0): Exit, mode: safepoint, requested by thread 0x000001d51e9dbcb0


---------------  P R O C E S S  ---------------

Threads class SMR info:
_java_thread_list=0x000001d56b453510, length=18, elements={
0x000001d57f57d960, 0x000001d57f57e4b0, 0x000001d51e879060, 0x000001d51e879cb0,
0x000001d51e884820, 0x000001d51e889270, 0x000001d51e89a950, 0x000001d51e89d520,
0x000001d51e9dc340, 0x000001d51e9daf90, 0x000001d51e9db620, 0x000001d51e9dd060,
0x000001d51e9dbcb0, 0x000001d51e9d9be0, 0x000001d51e9da900, 0x000001d56ad7a320,
0x000001d56ad788e0, 0x000001d56ad7a9b0
}

Java Threads: ( => current thread )
  0x000001d57f57d960 JavaThread "Reference Handler"          daemon [_thread_blocked, id=6320, stack(0x000000d020400000,0x000000d020500000) (1024K)]
  0x000001d57f57e4b0 JavaThread "Finalizer"                  daemon [_thread_blocked, id=29732, stack(0x000000d020500000,0x000000d020600000) (1024K)]
  0x000001d51e879060 JavaThread "Signal Dispatcher"          daemon [_thread_blocked, id=37916, stack(0x000000d020600000,0x000000d020700000) (1024K)]
  0x000001d51e879cb0 JavaThread "Attach Listener"            daemon [_thread_blocked, id=19316, stack(0x000000d020700000,0x000000d020800000) (1024K)]
  0x000001d51e884820 JavaThread "Service Thread"             daemon [_thread_blocked, id=9740, stack(0x000000d020800000,0x000000d020900000) (1024K)]
  0x000001d51e889270 JavaThread "Monitor Deflation Thread"   daemon [_thread_blocked, id=6172, stack(0x000000d020900000,0x000000d020a00000) (1024K)]
  0x000001d51e89a950 JavaThread "C2 CompilerThread0"         daemon [_thread_blocked, id=24464, stack(0x000000d020a00000,0x000000d020b00000) (1024K)]
  0x000001d51e89d520 JavaThread "C1 CompilerThread0"         daemon [_thread_blocked, id=4932, stack(0x000000d020b00000,0x000000d020c00000) (1024K)]
  0x000001d51e9dc340 JavaThread "Notification Thread"        daemon [_thread_blocked, id=21228, stack(0x000000d020c00000,0x000000d020d00000) (1024K)]
  0x000001d51e9daf90 JavaThread "Common-Cleaner"             daemon [_thread_blocked, id=34112, stack(0x000000d020d00000,0x000000d020e00000) (1024K)]
  0x000001d51e9db620 JavaThread "Java2D Disposer"            daemon [_thread_blocked, id=37220, stack(0x000000d020e00000,0x000000d020f00000) (1024K)]
  0x000001d51e9dd060 JavaThread "AWT-Shutdown"                      [_thread_blocked, id=36720, stack(0x000000d020f00000,0x000000d021000000) (1024K)]
  0x000001d51e9dbcb0 JavaThread "AWT-EventQueue-0"                  [_thread_blocked, id=7860, stack(0x000000d021100000,0x000000d021200000) (1024K)]
  0x000001d51e9d9be0 JavaThread "Timer hack thread"          daemon [_thread_blocked, id=23900, stack(0x000000d021200000,0x000000d021300000) (1024K)]
  0x000001d51e9da900 JavaThread "DestroyJavaVM"                     [_thread_blocked, id=32032, stack(0x000000d01fc00000,0x000000d01fd00000) (1024K)]
  0x000001d56ad7a320 JavaThread "Thread-2"                   daemon [_thread_in_native, id=39364, stack(0x000000d021e00000,0x000000d021f00000) (1024K)]
  0x000001d56ad788e0 JavaThread "Thread-3"                          [_thread_blocked, id=12540, stack(0x000000d021f00000,0x000000d022000000) (1024K)]
  0x000001d56ad7a9b0 JavaThread "Thread-4"                          [_thread_blocked, id=32588, stack(0x000000d022200000,0x000000d022300000) (1024K)]
Total: 18

Other Threads:
=>0x000001d57f569f00 VMThread "VM Thread"                           [id=16084, stack(0x000000d020300000,0x000000d020400000) (1024K)]
  0x000001d57ece1a00 WorkerThread "GC Thread#0"                     [id=37524, stack(0x000000d01fd00000,0x000000d01fe00000) (1024K)]
  0x000001d5662793a0 WorkerThread "GC Thread#1"                     [id=18804, stack(0x000000d022800000,0x000000d022900000) (1024K)]
  0x000001d56602f810 WorkerThread "GC Thread#2"                     [id=39572, stack(0x000000d022900000,0x000000d022a00000) (1024K)]
  0x000001d5661f0d30 WorkerThread "GC Thread#3"                     [id=19284, stack(0x000000d022a00000,0x000000d022b00000) (1024K)]
  0x000001d5662745d0 WorkerThread "GC Thread#4"                     [id=12344, stack(0x000000d022b00000,0x000000d022c00000) (1024K)]
  0x000001d566274970 WorkerThread "GC Thread#5"                     [id=11980, stack(0x000000d022c00000,0x000000d022d00000) (1024K)]
  0x000001d5665807d0 WorkerThread "GC Thread#6"                     [id=5056, stack(0x000000d022d00000,0x000000d022e00000) (1024K)]
  0x000001d566580090 WorkerThread "GC Thread#7"                     [id=28568, stack(0x000000d022e00000,0x000000d022f00000) (1024K)]
  0x000001d566581650 WorkerThread "GC Thread#8"                     [id=38656, stack(0x000000d022f00000,0x000000d023000000) (1024K)]
  0x000001d56657fcf0 WorkerThread "GC Thread#9"                     [id=34932, stack(0x000000d023000000,0x000000d023100000) (1024K)]
  0x000001d566580430 WorkerThread "GC Thread#10"                    [id=39388, stack(0x000000d023100000,0x000000d023200000) (1024K)]
  0x000001d57ecf33f0 ConcurrentGCThread "G1 Main Marker"            terminated
  0x000001d57ecf4690 WorkerThread "G1 Conc#0"                       [id=29324, stack(0x000000d01ff00000,0x000000d020000000) (1024K)]
  0x000001d566580f10 WorkerThread "G1 Conc#1"                       [id=5904, stack(0x000000d022600000,0x000000d022700000) (1024K)]
  0x000001d566580b70 WorkerThread "G1 Conc#2"                       [id=5648, stack(0x000000d022700000,0x000000d022800000) (1024K)]
  0x000001d57f4288a0 ConcurrentGCThread "G1 Refine#0"               terminated
  0x000001d57f4292b0 ConcurrentGCThread "G1 Service"                terminated
Total: 18

Threads with active compile tasks:
Total: 0

VM state: at safepoint (shutting down)

VM Mutex/Monitor currently owned by a thread:  ([mutex/lock_event])
[0x00007ffd340c5458] Threads_lock - owner thread: 0x000001d57f569f00
[0x00007ffd340c5558] Heap_lock - owner thread: 0x000001d51e9dbcb0

Heap address: 0x0000000608c00000, size: 8052 MB, Compressed Oops mode: Zero based, Oop shift amount: 3

CDS archive(s) mapped at: [0x000001d51f000000-0x000001d51fc80000-0x000001d51fc80000), size 13107200, SharedBaseAddress: 0x000001d51f000000, ArchiveRelocationMode: 1.
Compressed class space mapped at: 0x000001d520000000-0x000001d560000000, reserved size: 1073741824
Narrow klass base: 0x000001d51f000000, Narrow klass shift: 0, Narrow klass range: 0x100000000

GC Precious Log:
 CardTable entry size: 512
 Card Set container configuration: InlinePtr #cards 4 size 8 Array Of Cards #cards 32 size 80 Howl #buckets 8 coarsen threshold 7372 Howl Bitmap #cards 1024 size 144 coarsen threshold 921 Card regions per heap region 1 cards per card region 8192
 CPUs: 14 total, 14 available
 Memory: 32203M
 Large Page Support: Disabled
 NUMA Support: Disabled
 Compressed Oops: Enabled (Zero based)
 Heap Region Size: 4M
 Heap Min Capacity: 8M
 Heap Initial Capacity: 504M
 Heap Max Capacity: 8052M
 Pre-touch: Disabled
 Parallel Workers: 11
 Concurrent Workers: 3
 Concurrent Refinement Workers: 11
 Periodic GC: Disabled

Heap:
 garbage-first heap   total 180224K, used 73704K [0x0000000608c00000, 0x0000000800000000)
  region size 4096K, 1 young (4096K), 0 survivors (0K)
 Metaspace       used 13521K, committed 13824K, reserved 1114112K
  class space    used 1245K, committed 1408K, reserved 1048576K

Heap Regions: E=young(eden), S=young(survivor), O=old, HS=humongous(starts), HC=humongous(continues), CS=collection set, F=free, TAMS=top-at-mark-start, PB=parsable bottom
|   0|0x0000000608c00000, 0x0000000609000000, 0x0000000609000000|100%|HS|  |TAMS 0x0000000608c00000| PB 0x0000000608c00000| Untracked 
|   1|0x0000000609000000, 0x0000000609400000, 0x0000000609400000|100%|HC|  |TAMS 0x0000000609000000| PB 0x0000000609000000| Untracked 
|   2|0x0000000609400000, 0x0000000609800000, 0x0000000609800000|100%|HC|  |TAMS 0x0000000609400000| PB 0x0000000609400000| Untracked 
|   3|0x0000000609800000, 0x0000000609bfe390, 0x0000000609c00000| 99%| O|  |TAMS 0x0000000609800000| PB 0x0000000609800000| Untracked 
|   4|0x0000000609c00000, 0x000000060a000000, 0x000000060a000000|100%| O|  |TAMS 0x0000000609c00000| PB 0x0000000609c00000| Untracked 
|   5|0x000000060a000000, 0x000000060a3fb678, 0x000000060a400000| 99%| O|  |TAMS 0x000000060a000000| PB 0x000000060a000000| Untracked 
|   6|0x000000060a400000, 0x000000060a800000, 0x000000060a800000|100%| O|  |TAMS 0x000000060a400000| PB 0x000000060a400000| Untracked 
|   7|0x000000060a800000, 0x000000060ac00000, 0x000000060ac00000|100%| O|  |TAMS 0x000000060a800000| PB 0x000000060a800000| Untracked 
|   8|0x000000060ac00000, 0x000000060b000000, 0x000000060b000000|100%| O|  |TAMS 0x000000060ac00000| PB 0x000000060ac00000| Untracked 
|   9|0x000000060b000000, 0x000000060b400000, 0x000000060b400000|100%| O|  |TAMS 0x000000060b000000| PB 0x000000060b000000| Untracked 
|  10|0x000000060b400000, 0x000000060b63d9a8, 0x000000060b800000| 56%| O|  |TAMS 0x000000060b400000| PB 0x000000060b400000| Untracked 
|  11|0x000000060b800000, 0x000000060b81c070, 0x000000060bc00000|  2%| O|  |TAMS 0x000000060b800000| PB 0x000000060b800000| Untracked 
|  12|0x000000060bc00000, 0x000000060c000000, 0x000000060c000000|100%| O|  |TAMS 0x000000060bc00000| PB 0x000000060bc00000| Untracked 
|  13|0x000000060c000000, 0x000000060c400000, 0x000000060c400000|100%| O|  |TAMS 0x000000060c000000| PB 0x000000060c000000| Untracked 
|  14|0x000000060c400000, 0x000000060c800000, 0x000000060c800000|100%| O|  |TAMS 0x000000060c400000| PB 0x000000060c400000| Untracked 
|  15|0x000000060c800000, 0x000000060cc00000, 0x000000060cc00000|100%| O|  |TAMS 0x000000060c800000| PB 0x000000060c800000| Untracked 
|  16|0x000000060cc00000, 0x000000060cc08a30, 0x000000060d000000|  0%| O|  |TAMS 0x000000060cc00000| PB 0x000000060cc00000| Untracked 
|  17|0x000000060d000000, 0x000000060d19e420, 0x000000060d400000| 40%| O|  |TAMS 0x000000060d000000| PB 0x000000060d000000| Untracked 
|  18|0x000000060d400000, 0x000000060d400000, 0x000000060d800000|  0%| F|  |TAMS 0x000000060d400000| PB 0x000000060d400000| Untracked 
|  19|0x000000060d800000, 0x000000060d800000, 0x000000060dc00000|  0%| F|  |TAMS 0x000000060d800000| PB 0x000000060d800000| Untracked 
|  20|0x000000060dc00000, 0x000000060dc00000, 0x000000060e000000|  0%| F|  |TAMS 0x000000060dc00000| PB 0x000000060dc00000| Untracked 
|  21|0x000000060e000000, 0x000000060e000000, 0x000000060e400000|  0%| F|  |TAMS 0x000000060e000000| PB 0x000000060e000000| Untracked 
|  22|0x000000060e400000, 0x000000060e400000, 0x000000060e800000|  0%| F|  |TAMS 0x000000060e400000| PB 0x000000060e400000| Untracked 
|  23|0x000000060e800000, 0x000000060ec00000, 0x000000060ec00000|100%| O|  |TAMS 0x000000060e800000| PB 0x000000060e800000| Untracked 
|  24|0x000000060ec00000, 0x000000060f000000, 0x000000060f000000|100%| O|  |TAMS 0x000000060ec00000| PB 0x000000060ec00000| Untracked 
|  25|0x000000060f000000, 0x000000060f400000, 0x000000060f400000|100%| O|  |TAMS 0x000000060f000000| PB 0x000000060f000000| Untracked 
|  26|0x000000060f400000, 0x000000060f400000, 0x000000060f800000|  0%| F|  |TAMS 0x000000060f400000| PB 0x000000060f400000| Untracked 
|  27|0x000000060f800000, 0x000000060f800000, 0x000000060fc00000|  0%| F|  |TAMS 0x000000060f800000| PB 0x000000060f800000| Untracked 
|  28|0x000000060fc00000, 0x000000060fc00000, 0x0000000610000000|  0%| F|  |TAMS 0x000000060fc00000| PB 0x000000060fc00000| Untracked 
|  29|0x0000000610000000, 0x0000000610000000, 0x0000000610400000|  0%| F|  |TAMS 0x0000000610000000| PB 0x0000000610000000| Untracked 
|  30|0x0000000610400000, 0x0000000610400000, 0x0000000610800000|  0%| F|  |TAMS 0x0000000610400000| PB 0x0000000610400000| Untracked 
|  31|0x0000000610800000, 0x0000000610800000, 0x0000000610c00000|  0%| F|  |TAMS 0x0000000610800000| PB 0x0000000610800000| Untracked 
|  32|0x0000000610c00000, 0x0000000610c00000, 0x0000000611000000|  0%| F|  |TAMS 0x0000000610c00000| PB 0x0000000610c00000| Untracked 
|  33|0x0000000611000000, 0x0000000611000000, 0x0000000611400000|  0%| F|  |TAMS 0x0000000611000000| PB 0x0000000611000000| Untracked 
|  34|0x0000000611400000, 0x0000000611400000, 0x0000000611800000|  0%| F|  |TAMS 0x0000000611400000| PB 0x0000000611400000| Untracked 
|  35|0x0000000611800000, 0x0000000611800000, 0x0000000611c00000|  0%| F|  |TAMS 0x0000000611800000| PB 0x0000000611800000| Untracked 
|  36|0x0000000611c00000, 0x0000000611c00000, 0x0000000612000000|  0%| F|  |TAMS 0x0000000611c00000| PB 0x0000000611c00000| Untracked 
|  37|0x0000000612000000, 0x0000000612000000, 0x0000000612400000|  0%| F|  |TAMS 0x0000000612000000| PB 0x0000000612000000| Untracked 
|  38|0x0000000612400000, 0x0000000612400000, 0x0000000612800000|  0%| F|  |TAMS 0x0000000612400000| PB 0x0000000612400000| Untracked 
|  39|0x0000000612800000, 0x0000000612800000, 0x0000000612c00000|  0%| F|  |TAMS 0x0000000612800000| PB 0x0000000612800000| Untracked 
|  40|0x0000000612c00000, 0x0000000612c00000, 0x0000000613000000|  0%| F|  |TAMS 0x0000000612c00000| PB 0x0000000612c00000| Untracked 
|  41|0x0000000613000000, 0x0000000613000000, 0x0000000613400000|  0%| F|  |TAMS 0x0000000613000000| PB 0x0000000613000000| Untracked 
|  42|0x0000000613400000, 0x0000000613400000, 0x0000000613800000|  0%| F|  |TAMS 0x0000000613400000| PB 0x0000000613400000| Untracked 
|  72|0x000000061ac00000, 0x000000061ae8e140, 0x000000061b000000| 63%| E|  |TAMS 0x000000061ac00000| PB 0x000000061ac00000| Complete 

Card table byte_map: [0x000001d5138a0000,0x000001d514860000] _byte_map_base: 0x000001d51085a000

Marking Bits: (CMBitMap*) 0x000001d57ece2100
 Bits: [0x000001d514860000, 0x000001d51c630000)

Polling page: 0x000001d57c9d0000

Metaspace:

Usage:
  Non-class:     11.99 MB used.
      Class:      1.22 MB used.
       Both:     13.20 MB used.

Virtual space:
  Non-class space:       64.00 MB reserved,      12.12 MB ( 19%) committed,  1 nodes.
      Class space:        1.00 GB reserved,       1.38 MB ( <1%) committed,  1 nodes.
             Both:        1.06 GB reserved,      13.50 MB (  1%) committed. 

Chunk freelists:
   Non-Class:  3.91 MB
       Class:  14.61 MB
        Both:  18.52 MB

MaxMetaspaceSize: unlimited
CompressedClassSpaceSize: 1.00 GB
Initial GC threshold: 21.00 MB
Current GC threshold: 22.50 MB
CDS: on
 - commit_granule_bytes: 65536.
 - commit_granule_words: 8192.
 - virtual_space_node_default_size: 8388608.
 - enlarge_chunks_in_place: 1.
 - use_allocation_guard: 0.


Internal statistics:

num_allocs_failed_limit: 0.
num_arena_births: 204.
num_arena_deaths: 0.
num_vsnodes_births: 2.
num_vsnodes_deaths: 0.
num_space_committed: 214.
num_space_uncommitted: 0.
num_chunks_returned_to_freelist: 0.
num_chunks_taken_from_freelist: 443.
num_chunk_merges: 0.
num_chunk_splits: 273.
num_chunks_enlarged: 159.
num_inconsistent_stats: 0.

CodeHeap 'non-profiled nmethods': size=120000Kb used=3250Kb max_used=3250Kb free=116750Kb
 bounds [0x000001d50b3b0000, 0x000001d50b6f0000, 0x000001d5128e0000]
CodeHeap 'profiled nmethods': size=120000Kb used=5675Kb max_used=5711Kb free=114324Kb
 bounds [0x000001d5038e0000, 0x000001d503e80000, 0x000001d50ae10000]
CodeHeap 'non-nmethods': size=5760Kb used=1735Kb max_used=1779Kb free=4024Kb
 bounds [0x000001d50ae10000, 0x000001d50b080000, 0x000001d50b3b0000]
CodeCache: size=245760Kb, used=10660Kb, max_used=10740Kb, free=235098Kb
 total_blobs=3850, nmethods=3083, adapters=671, full_count=0
Compilation: enabled, stopped_count=0, restarted_count=0

Compilation events (20 events):
Event: 36.242 Thread 0x000001d51e89a950 3381       4       java.lang.StringConcatHelper::newString (67 bytes)
Event: 36.243 Thread 0x000001d51e89a950 nmethod 3381 0x000001d50b489190 code [0x000001d50b489320, 0x000001d50b489438]
Event: 36.243 Thread 0x000001d51e89a950 3382   !   4       org.lwjgl.input.Mouse::getEventButton (17 bytes)
Event: 36.243 Thread 0x000001d51e89a950 nmethod 3382 0x000001d50b46ff10 code [0x000001d50b4700a0, 0x000001d50b470278]
Event: 36.304 Thread 0x000001d51e89d520 3383   !   3       org.lwjgl.opengl.Display::processMessages (44 bytes)
Event: 36.304 Thread 0x000001d51e89d520 nmethod 3383 0x000001d50391fe90 code [0x000001d503920100, 0x000001d503920980]
Event: 36.384 Thread 0x000001d51e89a950 3384       4       java.lang.Long::stringSize (55 bytes)
Event: 36.385 Thread 0x000001d51e89a950 nmethod 3384 0x000001d50b46f910 code [0x000001d50b46faa0, 0x000001d50b46fc70]
Event: 36.385 Thread 0x000001d51e89d520 3385       3       net.minecraft.src.GuiButton::drawButton (419 bytes)
Event: 36.386 Thread 0x000001d51e89d520 nmethod 3385 0x000001d503a67a90 code [0x000001d503a67de0, 0x000001d503a688b0]
Event: 36.433 Thread 0x000001d51e89a950 3386       4       java.lang.StringConcatHelper::prepend (22 bytes)
Event: 36.438 Thread 0x000001d51e89a950 nmethod 3386 0x000001d50b42a510 code [0x000001d50b42a6e0, 0x000001d50b42adf0]
Event: 36.614 Thread 0x000001d51e89a950 3387       4       java.nio.MappedByteBuffer::position (6 bytes)
Event: 36.615 Thread 0x000001d51e89a950 nmethod 3387 0x000001d50b483290 code [0x000001d50b483420, 0x000001d50b483530]
Event: 36.848 Thread 0x000001d51e89a950 3388   !   4       org.lwjgl.input.Keyboard::isKeyDown (45 bytes)
Event: 36.850 Thread 0x000001d51e89a950 nmethod 3388 0x000001d50b482c10 code [0x000001d50b482dc0, 0x000001d50b483038]
Event: 36.850 Thread 0x000001d51e89a950 3389       4       org.lwjgl.input.Controllers::poll (28 bytes)
Event: 36.851 Thread 0x000001d51e89a950 nmethod 3389 0x000001d50b47da10 code [0x000001d50b47dbc0, 0x000001d50b47dde8]
Event: 36.856 Thread 0x000001d51e89a950 3390       4       net.minecraft.src.Gui::drawString (11 bytes)
Event: 36.857 Thread 0x000001d51e89a950 nmethod 3390 0x000001d50b47d490 code [0x000001d50b47d640, 0x000001d50b47d778]

GC Heap History (20 events):
Event: 2.503 GC heap before
{Heap before GC invocations=0 (full 0):
 garbage-first heap   total 516096K, used 32768K [0x0000000608c00000, 0x0000000800000000)
  region size 4096K, 6 young (24576K), 0 survivors (0K)
 Metaspace       used 11822K, committed 12096K, reserved 1114112K
  class space    used 1154K, committed 1280K, reserved 1048576K
}
Event: 2.509 GC heap after
{Heap after GC invocations=1 (full 0):
 garbage-first heap   total 516096K, used 17638K [0x0000000608c00000, 0x0000000800000000)
  region size 4096K, 1 young (4096K), 1 survivors (4096K)
 Metaspace       used 11822K, committed 12096K, reserved 1114112K
  class space    used 1154K, committed 1280K, reserved 1048576K
}
Event: 5.053 GC heap before
{Heap before GC invocations=1 (full 0):
 garbage-first heap   total 516096K, used 17638K [0x0000000608c00000, 0x0000000800000000)
  region size 4096K, 2 young (8192K), 1 survivors (4096K)
 Metaspace       used 12379K, committed 12672K, reserved 1114112K
  class space    used 1202K, committed 1344K, reserved 1048576K
}
Event: 5.064 GC heap after
{Heap after GC invocations=2 (full 1):
 garbage-first heap   total 69632K, used 17387K [0x0000000608c00000, 0x0000000800000000)
  region size 4096K, 0 young (0K), 0 survivors (0K)
 Metaspace       used 12379K, committed 12672K, reserved 1114112K
  class space    used 1202K, committed 1344K, reserved 1048576K
}
Event: 5.065 GC heap before
{Heap before GC invocations=2 (full 1):
 garbage-first heap   total 69632K, used 17387K [0x0000000608c00000, 0x0000000800000000)
  region size 4096K, 0 young (0K), 0 survivors (0K)
 Metaspace       used 12379K, committed 12672K, reserved 1114112K
  class space    used 1202K, committed 1344K, reserved 1048576K
}
Event: 5.080 GC heap after
{Heap after GC invocations=3 (full 2):
 garbage-first heap   total 69632K, used 17386K [0x0000000608c00000, 0x0000000800000000)
  region size 4096K, 0 young (0K), 0 survivors (0K)
 Metaspace       used 12379K, committed 12672K, reserved 1114112K
  class space    used 1202K, committed 1344K, reserved 1048576K
}
Event: 5.216 GC heap before
{Heap before GC invocations=3 (full 2):
 garbage-first heap   total 69632K, used 33770K [0x0000000608c00000, 0x0000000800000000)
  region size 4096K, 5 young (20480K), 0 survivors (0K)
 Metaspace       used 12545K, committed 12800K, reserved 1114112K
  class space    used 1212K, committed 1344K, reserved 1048576K
}
Event: 5.222 GC heap after
{Heap after GC invocations=4 (full 2):
 garbage-first heap   total 69632K, used 35520K [0x0000000608c00000, 0x0000000800000000)
  region size 4096K, 1 young (4096K), 1 survivors (4096K)
 Metaspace       used 12545K, committed 12800K, reserved 1114112K
  class space    used 1212K, committed 1344K, reserved 1048576K
}
Event: 5.248 GC heap before
{Heap before GC invocations=4 (full 2):
 garbage-first heap   total 69632K, used 39616K [0x0000000608c00000, 0x0000000800000000)
  region size 4096K, 2 young (8192K), 1 survivors (4096K)
 Metaspace       used 12555K, committed 12800K, reserved 1114112K
  class space    used 1212K, committed 1344K, reserved 1048576K
}
Event: 5.250 GC heap after
{Heap after GC invocations=5 (full 2):
 garbage-first heap   total 69632K, used 39135K [0x0000000608c00000, 0x0000000800000000)
  region size 4096K, 1 young (4096K), 1 survivors (4096K)
 Metaspace       used 12555K, committed 12800K, reserved 1114112K
  class space    used 1212K, committed 1344K, reserved 1048576K
}
Event: 5.327 GC heap before
{Heap before GC invocations=6 (full 2):
 garbage-first heap   total 77824K, used 43231K [0x0000000608c00000, 0x0000000800000000)
  region size 4096K, 2 young (8192K), 1 survivors (4096K)
 Metaspace       used 12604K, committed 12864K, reserved 1114112K
  class space    used 1217K, committed 1344K, reserved 1048576K
}
Event: 5.329 GC heap after
{Heap after GC invocations=7 (full 2):
 garbage-first heap   total 77824K, used 42945K [0x0000000608c00000, 0x0000000800000000)
  region size 4096K, 1 young (4096K), 1 survivors (4096K)
 Metaspace       used 12604K, committed 12864K, reserved 1114112K
  class space    used 1217K, committed 1344K, reserved 1048576K
}
Event: 5.369 GC heap before
{Heap before GC invocations=7 (full 2):
 garbage-first heap   total 77824K, used 42945K [0x0000000608c00000, 0x0000000800000000)
  region size 4096K, 2 young (8192K), 1 survivors (4096K)
 Metaspace       used 12627K, committed 12928K, reserved 1114112K
  class space    used 1220K, committed 1344K, reserved 1048576K
}
Event: 5.387 GC heap after
{Heap after GC invocations=8 (full 3):
 garbage-first heap   total 77824K, used 43101K [0x0000000608c00000, 0x0000000800000000)
  region size 4096K, 0 young (0K), 0 survivors (0K)
 Metaspace       used 12627K, committed 12928K, reserved 1114112K
  class space    used 1220K, committed 1344K, reserved 1048576K
}
Event: 5.488 GC heap before
{Heap before GC invocations=8 (full 3):
 garbage-first heap   total 77824K, used 47197K [0x0000000608c00000, 0x0000000800000000)
  region size 4096K, 2 young (8192K), 0 survivors (0K)
 Metaspace       used 12752K, committed 12992K, reserved 1114112K
  class space    used 1226K, committed 1344K, reserved 1048576K
}
Event: 5.489 GC heap after
{Heap after GC invocations=9 (full 3):
 garbage-first heap   total 299008K, used 47309K [0x0000000608c00000, 0x0000000800000000)
  region size 4096K, 1 young (4096K), 1 survivors (4096K)
 Metaspace       used 12752K, committed 12992K, reserved 1114112K
  class space    used 1226K, committed 1344K, reserved 1048576K
}
Event: 34.200 GC heap before
{Heap before GC invocations=10 (full 3):
 garbage-first heap   total 180224K, used 116941K [0x0000000608c00000, 0x0000000800000000)
  region size 4096K, 19 young (77824K), 1 survivors (4096K)
 Metaspace       used 13469K, committed 13760K, reserved 1114112K
  class space    used 1243K, committed 1408K, reserved 1048576K
}
Event: 34.207 GC heap after
{Heap after GC invocations=11 (full 3):
 garbage-first heap   total 180224K, used 73753K [0x0000000608c00000, 0x0000000800000000)
  region size 4096K, 3 young (12288K), 3 survivors (12288K)
 Metaspace       used 13469K, committed 13760K, reserved 1114112K
  class space    used 1243K, committed 1408K, reserved 1048576K
}
Event: 36.045 GC heap before
{Heap before GC invocations=11 (full 3):
 garbage-first heap   total 180224K, used 73753K [0x0000000608c00000, 0x0000000800000000)
  region size 4096K, 4 young (16384K), 3 survivors (12288K)
 Metaspace       used 13511K, committed 13824K, reserved 1114112K
  class space    used 1243K, committed 1408K, reserved 1048576K
}
Event: 36.059 GC heap after
{Heap after GC invocations=12 (full 4):
 garbage-first heap   total 180224K, used 73704K [0x0000000608c00000, 0x0000000800000000)
  region size 4096K, 0 young (0K), 0 survivors (0K)
 Metaspace       used 13511K, committed 13824K, reserved 1114112K
  class space    used 1243K, committed 1408K, reserved 1048576K
}

Dll operation events (15 events):
Event: 0.009 Loaded shared library C:\Users\gagek\.p2\pool\plugins\org.eclipse.justj.openjdk.hotspot.jre.full.win32.x86_64_21.0.8.v20250724-1412\jre\bin\java.dll
Event: 0.044 Loaded shared library C:\Users\gagek\.p2\pool\plugins\org.eclipse.justj.openjdk.hotspot.jre.full.win32.x86_64_21.0.8.v20250724-1412\jre\bin\zip.dll
Event: 0.134 Loaded shared library C:\Users\gagek\.p2\pool\plugins\org.eclipse.justj.openjdk.hotspot.jre.full.win32.x86_64_21.0.8.v20250724-1412\jre\bin\net.dll
Event: 0.136 Loaded shared library C:\Users\gagek\.p2\pool\plugins\org.eclipse.justj.openjdk.hotspot.jre.full.win32.x86_64_21.0.8.v20250724-1412\jre\bin\nio.dll
Event: 0.140 Loaded shared library C:\Users\gagek\.p2\pool\plugins\org.eclipse.justj.openjdk.hotspot.jre.full.win32.x86_64_21.0.8.v20250724-1412\jre\bin\zip.dll
Event: 0.173 Loaded shared library C:\Users\gagek\.p2\pool\plugins\org.eclipse.justj.openjdk.hotspot.jre.full.win32.x86_64_21.0.8.v20250724-1412\jre\bin\jimage.dll
Event: 0.202 Loaded shared library C:\Users\gagek\.p2\pool\plugins\org.eclipse.justj.openjdk.hotspot.jre.full.win32.x86_64_21.0.8.v20250724-1412\jre\bin\awt.dll
Event: 0.308 Loaded shared library C:\Users\gagek\.p2\pool\plugins\org.eclipse.justj.openjdk.hotspot.jre.full.win32.x86_64_21.0.8.v20250724-1412\jre\bin\freetype.dll
Event: 0.308 Loaded shared library C:\Users\gagek\.p2\pool\plugins\org.eclipse.justj.openjdk.hotspot.jre.full.win32.x86_64_21.0.8.v20250724-1412\jre\bin\fontmanager.dll
Event: 0.475 Loaded shared library C:\Users\gagek\.p2\pool\plugins\org.eclipse.justj.openjdk.hotspot.jre.full.win32.x86_64_21.0.8.v20250724-1412\jre\bin\verify.dll
Event: 0.488 Loaded shared library C:\MinecraftAlphaDev\libraries\natives\lwjgl64.dll
Event: 0.505 Loaded shared library C:\Users\gagek\.p2\pool\plugins\org.eclipse.justj.openjdk.hotspot.jre.full.win32.x86_64_21.0.8.v20250724-1412\jre\bin\jawt.dll
Event: 1.442 Loaded shared library C:\MinecraftAlphaDev\libraries\natives\jinput-dx8_64.dll
Event: 1.657 Loaded shared library C:\MinecraftAlphaDev\libraries\natives\jinput-raw_64.dll
Event: 2.518 Loaded shared library C:\Users\gagek\.p2\pool\plugins\org.eclipse.justj.openjdk.hotspot.jre.full.win32.x86_64_21.0.8.v20250724-1412\jre\bin\extnet.dll

Deoptimization events (20 events):
Event: 36.179 Thread 0x000001d51e9da270 DEOPT PACKING pc=0x000001d503e761ce sp=0x000000d0213ff210
Event: 36.179 Thread 0x000001d51e9da270 DEOPT UNPACKING pc=0x000001d50ae64e42 sp=0x000000d0213fe708 mode 0
Event: 36.194 Thread 0x000001d51e9da270 DEOPT PACKING pc=0x000001d503e761ce sp=0x000000d0213ff210
Event: 36.194 Thread 0x000001d51e9da270 DEOPT UNPACKING pc=0x000001d50ae64e42 sp=0x000000d0213fe708 mode 0
Event: 36.211 Thread 0x000001d51e9da270 DEOPT PACKING pc=0x000001d503e761ce sp=0x000000d0213ff210
Event: 36.211 Thread 0x000001d51e9da270 DEOPT UNPACKING pc=0x000001d50ae64e42 sp=0x000000d0213fe708 mode 0
Event: 36.228 Thread 0x000001d51e9da270 DEOPT PACKING pc=0x000001d503e761ce sp=0x000000d0213ff210
Event: 36.228 Thread 0x000001d51e9da270 DEOPT UNPACKING pc=0x000001d50ae64e42 sp=0x000000d0213fe708 mode 0
Event: 36.303 Thread 0x000001d51e9da270 DEOPT PACKING pc=0x000001d503bd4f7b sp=0x000000d0213ff500
Event: 36.303 Thread 0x000001d51e9da270 DEOPT UNPACKING pc=0x000001d50ae64e42 sp=0x000000d0213fe980 mode 0
Event: 36.364 Thread 0x000001d51e9da270 Uncommon trap: trap_request=0xffffff45 fr.pc=0x000001d50b4785a8 relative=0x00000000000018c8
Event: 36.364 Thread 0x000001d51e9da270 Uncommon trap: reason=unstable_if action=reinterpret pc=0x000001d50b4785a8 method=net.minecraft.src.GuiButton.drawButton(Lnet/minecraft/client/Minecraft;II)V @ 40 c2
Event: 36.364 Thread 0x000001d51e9da270 DEOPT PACKING pc=0x000001d50b4785a8 sp=0x000000d0213ff240
Event: 36.364 Thread 0x000001d51e9da270 DEOPT UNPACKING pc=0x000001d50ae646a2 sp=0x000000d0213ff1d0 mode 2
Event: 36.849 Thread 0x000001d51e9da270 DEOPT PACKING pc=0x000001d503bc15ca sp=0x000000d0213ff4c0
Event: 36.849 Thread 0x000001d51e9da270 DEOPT UNPACKING pc=0x000001d50ae64e42 sp=0x000000d0213fe9b0 mode 0
Event: 37.527 Thread 0x000001d56ad7ca80 Uncommon trap: trap_request=0xffffffcc fr.pc=0x000001d50b49b7c4 relative=0x0000000000000204
Event: 37.527 Thread 0x000001d56ad7ca80 Uncommon trap: reason=intrinsic_or_type_checked_inlining action=make_not_entrant pc=0x000001d50b49b7c4 method=java.util.Arrays.copyOf([Ljava/lang/Object;ILjava/lang/Class;)[Ljava/lang/Object; @ 35 c2
Event: 37.527 Thread 0x000001d56ad7ca80 DEOPT PACKING pc=0x000001d50b49b7c4 sp=0x000000d021bfec90
Event: 37.527 Thread 0x000001d56ad7ca80 DEOPT UNPACKING pc=0x000001d50ae646a2 sp=0x000000d021bfec38 mode 2

Classes loaded (20 events):
Event: 5.543 Loading class sun/net/www/protocol/https/Handler
Event: 5.543 Loading class sun/net/www/protocol/https/Handler done
Event: 5.543 Loading class sun/net/www/http/KeepAliveCache$1
Event: 5.543 Loading class sun/net/www/http/KeepAliveCache$1 done
Event: 5.544 Loading class sun/net/www/http/KeepAliveCache$ClientVector
Event: 5.544 Loading class sun/net/www/http/KeepAliveCache$ClientVector done
Event: 5.544 Loading class sun/net/www/http/KeepAliveEntry
Event: 5.544 Loading class sun/net/www/http/KeepAliveEntry done
Event: 5.544 Loading class sun/net/www/protocol/http/EmptyInputStream
Event: 5.544 Loading class sun/net/www/protocol/http/EmptyInputStream done
Event: 7.064 Loading class java/util/zip/Deflater
Event: 7.064 Loading class java/util/zip/Deflater done
Event: 7.066 Loading class java/util/zip/Deflater$DeflaterZStreamRef
Event: 7.066 Loading class java/util/zip/Deflater$DeflaterZStreamRef done
Event: 30.113 Loading class java/lang/FdLibm$Log
Event: 30.113 Loading class java/lang/FdLibm$Log done
Event: 37.527 Loading class java/util/WeakHashMap$KeyIterator
Event: 37.527 Loading class java/util/WeakHashMap$HashIterator
Event: 37.527 Loading class java/util/WeakHashMap$HashIterator done
Event: 37.527 Loading class java/util/WeakHashMap$KeyIterator done

Classes unloaded (0 events):
No events

Classes redefined (0 events):
No events

Internal exceptions (20 events):
Event: 34.208 Thread 0x000001d56ad788e0 Exception <a 'java/lang/InterruptedException'{0x000000061ac683d0}: sleep interrupted> (0x000000061ac683d0) 
thrown [s\src\hotspot\share\prims\jvm.cpp, line 3074]
Event: 34.259 Thread 0x000001d56ad788e0 Exception <a 'java/lang/InterruptedException'{0x000000061ac68728}: sleep interrupted> (0x000000061ac68728) 
thrown [s\src\hotspot\share\prims\jvm.cpp, line 3074]
Event: 34.306 Thread 0x000001d56ad788e0 Exception <a 'java/lang/InterruptedException'{0x000000061ac68a80}: sleep interrupted> (0x000000061ac68a80) 
thrown [s\src\hotspot\share\prims\jvm.cpp, line 3074]
Event: 34.357 Thread 0x000001d56ad788e0 Exception <a 'java/lang/InterruptedException'{0x000000061ac68dd8}: sleep interrupted> (0x000000061ac68dd8) 
thrown [s\src\hotspot\share\prims\jvm.cpp, line 3074]
Event: 34.409 Thread 0x000001d56ad788e0 Exception <a 'java/lang/InterruptedException'{0x000000061ac69130}: sleep interrupted> (0x000000061ac69130) 
thrown [s\src\hotspot\share\prims\jvm.cpp, line 3074]
Event: 34.461 Thread 0x000001d56ad788e0 Exception <a 'java/lang/InterruptedException'{0x000000061ac69488}: sleep interrupted> (0x000000061ac69488) 
thrown [s\src\hotspot\share\prims\jvm.cpp, line 3074]
Event: 34.521 Thread 0x000001d56ad788e0 Exception <a 'java/lang/InterruptedException'{0x000000061ac697e0}: sleep interrupted> (0x000000061ac697e0) 
thrown [s\src\hotspot\share\prims\jvm.cpp, line 3074]
Event: 34.569 Thread 0x000001d56ad788e0 Exception <a 'java/lang/InterruptedException'{0x000000061ac69b38}: sleep interrupted> (0x000000061ac69b38) 
thrown [s\src\hotspot\share\prims\jvm.cpp, line 3074]
Event: 34.627 Thread 0x000001d56ad788e0 Exception <a 'java/lang/InterruptedException'{0x000000061ac69e90}: sleep interrupted> (0x000000061ac69e90) 
thrown [s\src\hotspot\share\prims\jvm.cpp, line 3074]
Event: 34.686 Thread 0x000001d56ad788e0 Exception <a 'java/lang/InterruptedException'{0x000000061ac6a1e8}: sleep interrupted> (0x000000061ac6a1e8) 
thrown [s\src\hotspot\share\prims\jvm.cpp, line 3074]
Event: 34.748 Thread 0x000001d56ad788e0 Exception <a 'java/lang/InterruptedException'{0x000000061ac6a540}: sleep interrupted> (0x000000061ac6a540) 
thrown [s\src\hotspot\share\prims\jvm.cpp, line 3074]
Event: 34.801 Thread 0x000001d56ad788e0 Exception <a 'java/lang/InterruptedException'{0x000000061ac6a898}: sleep interrupted> (0x000000061ac6a898) 
thrown [s\src\hotspot\share\prims\jvm.cpp, line 3074]
Event: 34.862 Thread 0x000001d56ad788e0 Exception <a 'java/lang/InterruptedException'{0x000000061ac6abf0}: sleep interrupted> (0x000000061ac6abf0) 
thrown [s\src\hotspot\share\prims\jvm.cpp, line 3074]
Event: 34.921 Thread 0x000001d56ad788e0 Exception <a 'java/lang/InterruptedException'{0x000000061ac6af48}: sleep interrupted> (0x000000061ac6af48) 
thrown [s\src\hotspot\share\prims\jvm.cpp, line 3074]
Event: 34.983 Thread 0x000001d56ad788e0 Exception <a 'java/lang/InterruptedException'{0x000000061ac6b2a0}: sleep interrupted> (0x000000061ac6b2a0) 
thrown [s\src\hotspot\share\prims\jvm.cpp, line 3074]
Event: 35.043 Thread 0x000001d56ad788e0 Exception <a 'java/lang/InterruptedException'{0x000000061ac6b5f8}: sleep interrupted> (0x000000061ac6b5f8) 
thrown [s\src\hotspot\share\prims\jvm.cpp, line 3074]
Event: 35.101 Thread 0x000001d56ad788e0 Exception <a 'java/lang/InterruptedException'{0x000000061ac6b950}: sleep interrupted> (0x000000061ac6b950) 
thrown [s\src\hotspot\share\prims\jvm.cpp, line 3074]
Event: 35.158 Thread 0x000001d56ad788e0 Exception <a 'java/lang/InterruptedException'{0x000000061ac6bca8}: sleep interrupted> (0x000000061ac6bca8) 
thrown [s\src\hotspot\share\prims\jvm.cpp, line 3074]
Event: 35.217 Thread 0x000001d56ad788e0 Exception <a 'java/lang/InterruptedException'{0x000000061ac6c000}: sleep interrupted> (0x000000061ac6c000) 
thrown [s\src\hotspot\share\prims\jvm.cpp, line 3074]
Event: 35.273 Thread 0x000001d56ad788e0 Exception <a 'java/lang/InterruptedException'{0x000000061ac6c358}: sleep interrupted> (0x000000061ac6c358) 
thrown [s\src\hotspot\share\prims\jvm.cpp, line 3074]

ZGC Phase Switch (0 events):
No events

VM Operations (20 events):
Event: 28.300 Executing VM operation: Cleanup done
Event: 29.300 Executing VM operation: Cleanup
Event: 29.300 Executing VM operation: Cleanup done
Event: 30.301 Executing VM operation: Cleanup
Event: 30.301 Executing VM operation: Cleanup done
Event: 31.301 Executing VM operation: Cleanup
Event: 31.301 Executing VM operation: Cleanup done
Event: 32.302 Executing VM operation: Cleanup
Event: 32.302 Executing VM operation: Cleanup done
Event: 33.302 Executing VM operation: Cleanup
Event: 33.303 Executing VM operation: Cleanup done
Event: 34.200 Executing VM operation: G1CollectForAllocation (G1 Evacuation Pause)
Event: 34.207 Executing VM operation: G1CollectForAllocation (G1 Evacuation Pause) done
Event: 35.207 Executing VM operation: Cleanup
Event: 35.207 Executing VM operation: Cleanup done
Event: 36.045 Executing VM operation: G1CollectFull (System.gc())
Event: 36.059 Executing VM operation: G1CollectFull (System.gc()) done
Event: 37.060 Executing VM operation: Cleanup
Event: 37.060 Executing VM operation: Cleanup done
Event: 37.630 Executing VM operation: Exit

Memory protections (0 events):
No events

Nmethod flushes (20 events):
Event: 36.049 Thread 0x000001d57f569f00 flushing  nmethod 0x000001d503bf7810
Event: 36.049 Thread 0x000001d57f569f00 flushing  nmethod 0x000001d503bf7d10
Event: 36.049 Thread 0x000001d57f569f00 flushing  nmethod 0x000001d50b46f910
Event: 36.049 Thread 0x000001d57f569f00 flushing  nmethod 0x000001d50b488e90
Event: 36.049 Thread 0x000001d57f569f00 flushing  nmethod 0x000001d50391fe90
Event: 36.049 Thread 0x000001d57f569f00 flushing  nmethod 0x000001d503996690
Event: 36.049 Thread 0x000001d57f569f00 flushing  nmethod 0x000001d5039c7710
Event: 36.049 Thread 0x000001d57f569f00 flushing  nmethod 0x000001d5039db110
Event: 36.049 Thread 0x000001d57f569f00 flushing  nmethod 0x000001d503a00110
Event: 36.049 Thread 0x000001d57f569f00 flushing  nmethod 0x000001d503a67a90
Event: 36.049 Thread 0x000001d57f569f00 flushing  nmethod 0x000001d503a67f10
Event: 36.049 Thread 0x000001d57f569f00 flushing  nmethod 0x000001d503b45590
Event: 36.049 Thread 0x000001d57f569f00 flushing  nmethod 0x000001d50b411690
Event: 36.049 Thread 0x000001d57f569f00 flushing  nmethod 0x000001d50b42a510
Event: 36.049 Thread 0x000001d57f569f00 flushing  nmethod 0x000001d50b47d490
Event: 36.049 Thread 0x000001d57f569f00 flushing  nmethod 0x000001d50b482c10
Event: 36.049 Thread 0x000001d57f569f00 flushing  nmethod 0x000001d5038fb310
Event: 36.049 Thread 0x000001d57f569f00 flushing  nmethod 0x000001d503a3ce10
Event: 36.049 Thread 0x000001d57f569f00 flushing  nmethod 0x000001d503a3ee10
Event: 36.049 Thread 0x000001d57f569f00 flushing  nmethod 0x000001d503a88a10

Events (20 events):
Event: 8.164 Thread 0x000001d51e89d520 Thread added: 0x000001d570151020
Event: 8.677 Thread 0x000001d570151020 Thread exited: 0x000001d570151020
Event: 14.473 Thread 0x000001d51e89a950 Thread added: 0x000001d56b86cea0
Event: 15.027 Thread 0x000001d56b86cea0 Thread exited: 0x000001d56b86cea0
Event: 15.547 Thread 0x000001d5667f22a0 Thread exited: 0x000001d5667f22a0
Event: 37.526 Thread 0x000001d51e9da270 Thread exited: 0x000001d51e9da270
Event: 37.527 Thread 0x000001d51e9dbcb0 Thread added: 0x000001d56ad7c3f0
Event: 37.527 Thread 0x000001d51e9dbcb0 Thread added: 0x000001d56ad7ca80
Event: 37.527 Thread 0x000001d51e9dbcb0 Thread added: 0x000001d5667f6440
Event: 37.527 Thread 0x000001d51e9dbcb0 Thread added: 0x000001d51e9da270
Event: 37.527 Thread 0x000001d51e9dbcb0 Thread added: 0x000001d56b747be0
Event: 37.527 Thread 0x000001d51e9dbcb0 Thread added: 0x000001d56b748f90
Event: 37.527 Thread 0x000001d56ad7c3f0 Thread exited: 0x000001d56ad7c3f0
Event: 37.527 Thread 0x000001d56ad7ca80 Thread exited: 0x000001d56ad7ca80
Event: 37.527 Thread 0x000001d51e9da270 Thread exited: 0x000001d51e9da270
Event: 37.529 Thread 0x000001d56b748f90 Thread exited: 0x000001d56b748f90
Event: 37.539 Thread 0x000001d5667f6440 Thread exited: 0x000001d5667f6440
Event: 37.568 Thread 0x000001d51e9dc9d0 Thread exited: 0x000001d51e9dc9d0
Event: 37.630 Thread 0x000001d56b747be0 Thread exited: 0x000001d56b747be0
Event: 37.630 Thread 0x000001d51e9dbcb0 Before exit entered


Dynamic libraries:
0x00007ff7d8d50000 - 0x00007ff7d8d5e000 	C:\Users\gagek\.p2\pool\plugins\org.eclipse.justj.openjdk.hotspot.jre.full.win32.x86_64_21.0.8.v20250724-1412\jre\bin\javaw.exe
0x00007ffe18220000 - 0x00007ffe18487000 	C:\windows\SYSTEM32\ntdll.dll
0x00007ffe17580000 - 0x00007ffe17649000 	C:\windows\System32\KERNEL32.DLL
0x00007ffe15590000 - 0x00007ffe15980000 	C:\windows\System32\KERNELBASE.dll
0x00007ffe15e60000 - 0x00007ffe15fab000 	C:\windows\System32\ucrtbase.dll
0x00007ffdee9f0000 - 0x00007ffdeea0e000 	C:\Users\gagek\.p2\pool\plugins\org.eclipse.justj.openjdk.hotspot.jre.full.win32.x86_64_21.0.8.v20250724-1412\jre\bin\VCRUNTIME140.dll
0x00007ffdf3590000 - 0x00007ffdf35a8000 	C:\Users\gagek\.p2\pool\plugins\org.eclipse.justj.openjdk.hotspot.jre.full.win32.x86_64_21.0.8.v20250724-1412\jre\bin\jli.dll
0x00007ffe15fb0000 - 0x00007ffe16175000 	C:\windows\System32\USER32.dll
0x00007ffe15560000 - 0x00007ffe15587000 	C:\windows\System32\win32u.dll
0x00007ffdf38e0000 - 0x00007ffdf3b7a000 	C:\windows\WinSxS\amd64_microsoft.windows.common-controls_6595b64144ccf1df_6.0.26100.4768_none_3e0c112ce331287c\COMCTL32.dll
0x00007ffe17be0000 - 0x00007ffe17c0b000 	C:\windows\System32\GDI32.dll
0x00007ffe15b10000 - 0x00007ffe15c48000 	C:\windows\System32\gdi32full.dll
0x00007ffe17860000 - 0x00007ffe17909000 	C:\windows\System32\msvcrt.dll
0x00007ffe154b0000 - 0x00007ffe15553000 	C:\windows\System32\msvcp_win.dll
0x00007ffe17c10000 - 0x00007ffe17c3f000 	C:\windows\System32\IMM32.DLL
0x00007ffe10b20000 - 0x00007ffe10b2c000 	C:\Users\gagek\.p2\pool\plugins\org.eclipse.justj.openjdk.hotspot.jre.full.win32.x86_64_21.0.8.v20250724-1412\jre\bin\vcruntime140_1.dll
0x00007ffdc9240000 - 0x00007ffdc92cd000 	C:\Users\gagek\.p2\pool\plugins\org.eclipse.justj.openjdk.hotspot.jre.full.win32.x86_64_21.0.8.v20250724-1412\jre\bin\msvcp140.dll
0x00007ffd33410000 - 0x00007ffd341a7000 	C:\Users\gagek\.p2\pool\plugins\org.eclipse.justj.openjdk.hotspot.jre.full.win32.x86_64_21.0.8.v20250724-1412\jre\bin\server\jvm.dll
0x00007ffe16b50000 - 0x00007ffe16c04000 	C:\windows\System32\ADVAPI32.dll
0x00007ffe17910000 - 0x00007ffe179b6000 	C:\windows\System32\sechost.dll
0x00007ffe179c0000 - 0x00007ffe17ad8000 	C:\windows\System32\RPCRT4.dll
0x00007ffe16720000 - 0x00007ffe16794000 	C:\windows\System32\WS2_32.dll
0x00007ffe151b0000 - 0x00007ffe1520e000 	C:\windows\SYSTEM32\POWRPROF.dll
0x00007ffe0a3a0000 - 0x00007ffe0a3ab000 	C:\windows\SYSTEM32\VERSION.dll
0x00007ffe0d720000 - 0x00007ffe0d755000 	C:\windows\SYSTEM32\WINMM.dll
0x00007ffe15190000 - 0x00007ffe151a4000 	C:\windows\SYSTEM32\UMPDC.dll
0x00007ffe14090000 - 0x00007ffe140ab000 	C:\windows\SYSTEM32\kernel.appcore.dll
0x00007ffe11210000 - 0x00007ffe1121a000 	C:\Users\gagek\.p2\pool\plugins\org.eclipse.justj.openjdk.hotspot.jre.full.win32.x86_64_21.0.8.v20250724-1412\jre\bin\jimage.dll
0x00007ffe12700000 - 0x00007ffe12941000 	C:\windows\SYSTEM32\DBGHELP.DLL
0x00007ffe167c0000 - 0x00007ffe16b45000 	C:\windows\System32\combase.dll
0x00007ffe173f0000 - 0x00007ffe174d0000 	C:\windows\System32\OLEAUT32.dll
0x00007ffdf4390000 - 0x00007ffdf43d3000 	C:\windows\SYSTEM32\dbgcore.DLL
0x00007ffe15410000 - 0x00007ffe154a9000 	C:\windows\System32\bcryptPrimitives.dll
0x00007ffe10f30000 - 0x00007ffe10f4f000 	C:\Users\gagek\.p2\pool\plugins\org.eclipse.justj.openjdk.hotspot.jre.full.win32.x86_64_21.0.8.v20250724-1412\jre\bin\java.dll
0x00007ffe16c10000 - 0x00007ffe1735d000 	C:\windows\System32\SHELL32.dll
0x00007ffe15990000 - 0x00007ffe15b03000 	C:\windows\System32\wintypes.dll
0x00007ffe12ef0000 - 0x00007ffe13750000 	C:\windows\SYSTEM32\windows.storage.dll
0x00007ffe17ae0000 - 0x00007ffe17bd5000 	C:\windows\System32\SHCORE.dll
0x00007ffe17cb0000 - 0x00007ffe17d1a000 	C:\windows\System32\shlwapi.dll
0x00007ffe15270000 - 0x00007ffe15299000 	C:\windows\SYSTEM32\profapi.dll
0x00007ffe10ed0000 - 0x00007ffe10ee8000 	C:\Users\gagek\.p2\pool\plugins\org.eclipse.justj.openjdk.hotspot.jre.full.win32.x86_64_21.0.8.v20250724-1412\jre\bin\zip.dll
0x00007ffe11200000 - 0x00007ffe11210000 	C:\Users\gagek\.p2\pool\plugins\org.eclipse.justj.openjdk.hotspot.jre.full.win32.x86_64_21.0.8.v20250724-1412\jre\bin\net.dll
0x00007ffe0e680000 - 0x00007ffe0e79e000 	C:\windows\SYSTEM32\WINHTTP.dll
0x00007ffe14600000 - 0x00007ffe1466b000 	C:\windows\system32\mswsock.dll
0x00007ffe111c0000 - 0x00007ffe111d6000 	C:\Users\gagek\.p2\pool\plugins\org.eclipse.justj.openjdk.hotspot.jre.full.win32.x86_64_21.0.8.v20250724-1412\jre\bin\nio.dll
0x00007ffdbe4a0000 - 0x00007ffdbe62e000 	C:\Users\gagek\.p2\pool\plugins\org.eclipse.justj.openjdk.hotspot.jre.full.win32.x86_64_21.0.8.v20250724-1412\jre\bin\awt.dll
0x00007ffe11250000 - 0x00007ffe112ee000 	C:\windows\SYSTEM32\apphelp.dll
0x00007ffe11730000 - 0x00007ffe11765000 	C:\windows\system32\DWMAPI.DLL
0x00007ffe115c0000 - 0x00007ffe1166f000 	C:\windows\system32\uxtheme.dll
0x00007ffdb5cd0000 - 0x00007ffdb5de8000 	C:\windows\system32\opengl32.dll
0x00007ffdec0f0000 - 0x00007ffdec11d000 	C:\windows\SYSTEM32\GLU32.dll
0x00007ffe11c50000 - 0x00007ffe11c9d000 	C:\windows\SYSTEM32\dxcore.dll
0x00007ffe165b0000 - 0x00007ffe16711000 	C:\windows\System32\MSCTF.dll
0x00007ffe16400000 - 0x00007ffe165a0000 	C:\windows\System32\ole32.dll
0x00007ffdca8c0000 - 0x00007ffdca947000 	C:\Users\gagek\.p2\pool\plugins\org.eclipse.justj.openjdk.hotspot.jre.full.win32.x86_64_21.0.8.v20250724-1412\jre\bin\freetype.dll
0x00007ffdb5680000 - 0x00007ffdb576b000 	C:\Users\gagek\.p2\pool\plugins\org.eclipse.justj.openjdk.hotspot.jre.full.win32.x86_64_21.0.8.v20250724-1412\jre\bin\fontmanager.dll
0x00007ffe06dc0000 - 0x00007ffe06f11000 	C:\windows\SYSTEM32\textinputframework.dll
0x00007ffdcf690000 - 0x00007ffdcf70d000 	C:\windows\system32\Oleacc.dll
0x00007ffe17750000 - 0x00007ffe177f8000 	C:\windows\System32\clbcatq.dll
0x00007ffdd46f0000 - 0x00007ffdd474e000 	C:\windows\system32\ApplicationTargetedFeatureDatabase.dll
0x00007ffe0ac30000 - 0x00007ffe0ae68000 	C:\Windows\System32\twinapi.appcore.dll
0x00007ffe10e30000 - 0x00007ffe10e40000 	C:\Users\gagek\.p2\pool\plugins\org.eclipse.justj.openjdk.hotspot.jre.full.win32.x86_64_21.0.8.v20250724-1412\jre\bin\verify.dll
0x0000000180000000 - 0x0000000180053000 	C:\MinecraftAlphaDev\libraries\natives\lwjgl64.dll
0x00007ffe0dec0000 - 0x00007ffe0df89000 	C:\windows\SYSTEM32\mscms.dll
0x00007ffdf7470000 - 0x00007ffdf74e0000 	C:\Windows\System32\Windows.Internal.Graphics.Display.DisplayColorManagement.dll
0x00007ffe14f10000 - 0x00007ffe14f67000 	C:\windows\SYSTEM32\cfgmgr32.dll
0x00007ffe0fee0000 - 0x00007ffe0fee7000 	C:\Users\gagek\.p2\pool\plugins\org.eclipse.justj.openjdk.hotspot.jre.full.win32.x86_64_21.0.8.v20250724-1412\jre\bin\jawt.dll
0x00007ffe0b360000 - 0x00007ffe0b3ca000 	C:\windows\SYSTEM32\directxdatabasehelper.dll
0x00007ffdf9260000 - 0x00007ffdf927a000 	C:\windows\SYSTEM32\windows.staterepositorycore.dll
0x00007ffd11d00000 - 0x00007ffd132cb000 	C:\windows\System32\DriverStore\FileRepository\iigd_dch.inf_amd64_9ce4d8a46710e0e5\igxelpgicd64.dll
0x00007ffe12bf0000 - 0x00007ffe12d2e000 	C:\windows\SYSTEM32\dxgi.dll
0x00007ffd69440000 - 0x00007ffd69463000 	C:\windows\SYSTEM32\d3d12.dll
0x00007ffdfab90000 - 0x00007ffdfad37000 	C:\windows\System32\DriverStore\FileRepository\iigd_dch.inf_amd64_9ce4d8a46710e0e5\igdml64.dll
0x00007ffe04790000 - 0x00007ffe04d23000 	C:\windows\System32\DriverStore\FileRepository\iigd_dch.inf_amd64_9ce4d8a46710e0e5\igdgmm64.dll
0x00007ffd96ac0000 - 0x00007ffd96d37000 	C:\windows\SYSTEM32\D3D12Core.dll
0x00007ffe15240000 - 0x00007ffe15266000 	C:\windows\SYSTEM32\bcrypt.dll
0x00007ffe0aea0000 - 0x00007ffe0b01c000 	C:\windows\SYSTEM32\drvstore.dll
0x00007ffdfdf10000 - 0x00007ffe03036000 	C:\windows\System32\DriverStore\FileRepository\iigd_dch.inf_amd64_9ce4d8a46710e0e5\igc64.dll
0x00007ffe0daa0000 - 0x00007ffe0dace000 	C:\windows\SYSTEM32\D3DSCache.dll
0x00007ffe146a0000 - 0x00007ffe146cb000 	C:\windows\SYSTEM32\USERENV.dll
0x00007ffd4b1f0000 - 0x00007ffd4b66e000 	C:\Users\gagek\AppData\Roaming\ow-electron\jilehohlakeokncafogkgnicgndeecdiengddbcc\packages\emifmpeaagaaglhaimndbhcpkjfmjhfnjjpoibdo\1.8.21\owe-client-x64.dll
0x00007ffe141c0000 - 0x00007ffe141f6000 	C:\windows\SYSTEM32\ntmarta.dll
0x00007ffe108d0000 - 0x00007ffe10afa000 	C:\windows\SYSTEM32\dcomp.dll
0x00007ffe101d0000 - 0x00007ffe101e9000 	C:\windows\SYSTEM32\Microsoft.Internal.WarpPal.dll
0x00007ffe10f50000 - 0x00007ffe11075000 	C:\windows\SYSTEM32\CoreMessaging.dll
0x00007ffe08f90000 - 0x00007ffe09273000 	C:\windows\SYSTEM32\CoreUIComponents.dll
0x00007ffe14840000 - 0x00007ffe1484c000 	C:\windows\SYSTEM32\CRYPTBASE.DLL
0x00007ffe149e0000 - 0x00007ffe149fb000 	C:\windows\SYSTEM32\CRYPTSP.dll
0x00007ffe13ff0000 - 0x00007ffe1402b000 	C:\windows\system32\rsaenh.dll
0x00007ffe13a20000 - 0x00007ffe13a53000 	C:\windows\SYSTEM32\IPHLPAPI.DLL
0x00007ffe17800000 - 0x00007ffe1780a000 	C:\windows\System32\NSI.dll
0x000001d565510000 - 0x000001d565526000 	C:\MinecraftAlphaDev\libraries\natives\jinput-dx8_64.dll
0x00007ffdbe950000 - 0x00007ffdbe99b000 	C:\windows\SYSTEM32\DINPUT8.dll
0x00007ffdfd840000 - 0x00007ffdfda22000 	C:\windows\SYSTEM32\inputhost.dll
0x00007ffe13760000 - 0x00007ffe1376f000 	C:\windows\SYSTEM32\HID.DLL
0x00007ffe17d50000 - 0x00007ffe181d6000 	C:\windows\System32\SETUPAPI.DLL
0x00007ffe14f70000 - 0x00007ffe14f9d000 	C:\windows\SYSTEM32\DEVOBJ.dll
0x000001d565630000 - 0x000001d5656b4000 	C:\windows\System32\WINTRUST.dll
0x00007ffe15ce0000 - 0x00007ffe15e57000 	C:\windows\System32\CRYPT32.dll
0x00007ffe14a50000 - 0x00007ffe14a63000 	C:\windows\SYSTEM32\MSASN1.dll
0x000001d5655c0000 - 0x000001d5655d4000 	C:\MinecraftAlphaDev\libraries\natives\jinput-raw_64.dll
0x000001d565730000 - 0x000001d565794000 	C:\MinecraftAlphaDev\libraries\natives\OpenAL64.dll
0x00007ffe0c5a0000 - 0x00007ffe0c642000 	C:\windows\System32\MMDevApi.dll
0x00007ffdbde50000 - 0x00007ffdbdee4000 	C:\windows\SYSTEM32\dsound.dll
0x00007ffd98640000 - 0x00007ffd98671000 	C:\windows\SYSTEM32\winmmbase.dll
0x00007ffd99dd0000 - 0x00007ffd99e81000 	C:\windows\SYSTEM32\ResampleDmo.DLL
0x00007ffdfcc60000 - 0x00007ffdfcc6e000 	C:\windows\SYSTEM32\msdmo.dll
0x00007ffdfa140000 - 0x00007ffdfa302000 	C:\windows\SYSTEM32\AUDIOSES.DLL
0x00007ffe11ae0000 - 0x00007ffe11af4000 	C:\windows\SYSTEM32\resourcepolicyclient.dll
0x00007ffe13a60000 - 0x00007ffe13b86000 	C:\windows\SYSTEM32\DNSAPI.dll
0x00007ffe0e2e0000 - 0x00007ffe0e2eb000 	C:\Windows\System32\rasadhlp.dll
0x00007ffe0ec90000 - 0x00007ffe0ed16000 	C:\windows\System32\fwpuclnt.dll
0x00007ffe0db30000 - 0x00007ffe0db39000 	C:\Users\gagek\.p2\pool\plugins\org.eclipse.justj.openjdk.hotspot.jre.full.win32.x86_64_21.0.8.v20250724-1412\jre\bin\extnet.dll

JVMTI agents: none

dbghelp: loaded successfully - version: 4.0.5 - missing functions: none
symbol engine: initialized successfully - sym options: 0x614 - pdb path: .;C:\Users\gagek\.p2\pool\plugins\org.eclipse.justj.openjdk.hotspot.jre.full.win32.x86_64_21.0.8.v20250724-1412\jre\bin;C:\windows\SYSTEM32;C:\windows\WinSxS\amd64_microsoft.windows.common-controls_6595b64144ccf1df_6.0.26100.4768_none_3e0c112ce331287c;C:\Users\gagek\.p2\pool\plugins\org.eclipse.justj.openjdk.hotspot.jre.full.win32.x86_64_21.0.8.v20250724-1412\jre\bin\server;C:\MinecraftAlphaDev\libraries\natives;C:\windows\System32\DriverStore\FileRepository\iigd_dch.inf_amd64_9ce4d8a46710e0e5;C:\Users\gagek\AppData\Roaming\ow-electron\jilehohlakeokncafogkgnicgndeecdiengddbcc\packages\emifmpeaagaaglhaimndbhcpkjfmjhfnjjpoibdo\1.8.21

VM Arguments:
jvm_args: -Djava.library.path=C:\MinecraftAlphaDev\libraries\natives -Dfile.encoding=UTF-8 -Dstdout.encoding=UTF-8 -Dstderr.encoding=UTF-8 -XX:+ShowCodeDetailsInExceptionMessages 
java_command: net.minecraft.client.Minecraft
java_class_path (initial): C:\MinecraftAlphaDev\minecraft\output;C:\MinecraftAlphaDev\libraries\net\java\jinput\jinput\2.0.5\jinput-2.0.5.jar;C:\MinecraftAlphaDev\libraries\net\java\jutils\jutils\1.0.0\jutils-1.0.0.jar;C:\MinecraftAlphaDev\libraries\org\lwjgl\lwjgl\lwjgl\2.9.4-nightly-20150209\lwjgl-2.9.4-nightly-20150209.jar;C:\MinecraftAlphaDev\libraries\org\lwjgl\lwjgl\lwjgl_util\2.9.4-nightly-20150209\lwjgl_util-2.9.4-nightly-20150209.jar;C:\MinecraftAlphaDev\libraries\org\lwjgl\lwjgl\lwjgl-platform\2.9.4-nightly-20150209\lwjgl-platform-2.9.4-nightly-20150209.jar;C:\MinecraftAlphaDev\libraries\com\paulscode\codecjorbis\20230120\codecjorbis-20230120.jar;C:\MinecraftAlphaDev\libraries\com\paulscode\codecwav\20101023\codecwav-20101023.jar;C:\MinecraftAlphaDev\libraries\com\paulscode\libraryjavasound\20101123\libraryjavasound-20101123.jar;C:\MinecraftAlphaDev\libraries\com\paulscode\librarylwjglopenal\20100824\librarylwjglopenal-20100824.jar;C:\MinecraftAlphaDev\libraries\com\paulscode\soundsystem\20120107\soundsystem-20120107.jar;C:\MinecraftAlphaDev\libraries\org\mcphackers\launchwrapper\1.1.3\launchwrapper-1.1.3.jar;C:\MinecraftAlphaDev\libraries\org\json\json\20230311\json-20230311.jar;C:\MinecraftAlphaDev\libraries\org\ow2\asm\asm\9.7\asm-9.7.jar;C:\MinecraftAlphaDev\libraries\org\ow2\asm\asm-tree\9.7\asm-tree-9.7.jar;C:\MinecraftAlphaDev\minecraft\jars\deobfuscated.jar
Launcher Type: SUN_STANDARD

[Global flags]
     intx CICompilerCount                          = 4                                         {product} {ergonomic}
     uint ConcGCThreads                            = 3                                         {product} {ergonomic}
     uint G1ConcRefinementThreads                  = 11                                        {product} {ergonomic}
   size_t G1HeapRegionSize                         = 4194304                                   {product} {ergonomic}
    uintx GCDrainStackTargetSize                   = 64                                        {product} {ergonomic}
   size_t InitialHeapSize                          = 528482304                                 {product} {ergonomic}
   size_t MarkStackSize                            = 4194304                                   {product} {ergonomic}
   size_t MaxHeapSize                              = 8443133952                                {product} {ergonomic}
   size_t MaxNewSize                               = 5062524928                                {product} {ergonomic}
   size_t MinHeapDeltaBytes                        = 4194304                                   {product} {ergonomic}
   size_t MinHeapSize                              = 8388608                                   {product} {ergonomic}
    uintx NonNMethodCodeHeapSize                   = 5839372                                {pd product} {ergonomic}
    uintx NonProfiledCodeHeapSize                  = 122909434                              {pd product} {ergonomic}
    uintx ProfiledCodeHeapSize                     = 122909434                              {pd product} {ergonomic}
    uintx ReservedCodeCacheSize                    = 251658240                              {pd product} {ergonomic}
     bool SegmentedCodeCache                       = true                                      {product} {ergonomic}
     bool ShowCodeDetailsInExceptionMessages       = true                                   {manageable} {command line}
   size_t SoftMaxHeapSize                          = 8443133952                             {manageable} {ergonomic}
     bool UseCompressedOops                        = true                           {product lp64_product} {ergonomic}
     bool UseG1GC                                  = true                                      {product} {ergonomic}
     bool UseLargePagesIndividualAllocation        = false                                  {pd product} {ergonomic}

Logging:
Log output configuration:
 #0: stdout all=off uptime,level,tags foldmultilines=false
 #1: stderr all=off uptime,level,tags foldmultilines=false

Environment Variables:
PATH=C:/Users/gagek/.p2/pool/plugins/org.eclipse.justj.openjdk.hotspot.jre.full.win32.x86_64_21.0.8.v20250724-1412/jre/bin/server;C:/Users/gagek/.p2/pool/plugins/org.eclipse.justj.openjdk.hotspot.jre.full.win32.x86_64_21.0.8.v20250724-1412/jre/bin;C:\Program Files\Zulu\zulu-21\bin\;C:\Program Files (x86)\Common Files\Oracle\Java\java8path;C:\Program Files (x86)\Common Files\Oracle\Java\javapath;C:\Program Files\Oculus\Support\oculus-runtime;c:\devkitPro\msys2\usr\bin;C:\windows\system32;C:\windows;C:\windows\System32\Wbem;C:\windows\System32\WindowsPowerShell\v1.0\;C:\windows\System32\OpenSSH\;C:\Program Files\HP\HP One Agent;C:\Program Files\dotnet\;C:\Program Files (x86)\Microsoft SQL Server\160\Tools\Binn\;C:\Program Files\Microsoft SQL Server\160\Tools\Binn\;C:\Program Files\Microsoft SQL Server\Client SDK\ODBC\170\Tools\Binn\;C:\Program Files\Microsoft SQL Server\160\DTS\Binn\;C:\Program Files (x86)\Windows Kits\8.1\Windows Performance Toolkit\;C:\Program Files\Docker\Docker\resources\bin;C:\Program Files (x86)\Gpg4win\..\GnuPG\bin;C:\Users\gagek\AppData\Local\Microsoft\WindowsApps;C:\Users\gagek\AppData\Local\Programs\Microsoft VS Code\bin;C:\msys64\mingw64\bin;C:\Users\gagek\.aftman\bin;C:\Users\gagek\AppData\Local\GitHubDesktop\bin;C:\Users\gagek\AppData\Local\Muse Hub\lib;C:\Users\gagek\OneDrive\Desktop;
USERNAME=gagek
OS=Windows_NT
PROCESSOR_IDENTIFIER=Intel64 Family 6 Model 170 Stepping 4, GenuineIntel
TMP=C:\Users\gagek\AppData\Local\Temp
TEMP=C:\Users\gagek\AppData\Local\Temp




Periodic native trim disabled

---------------  S Y S T E M  ---------------

OS:
 Windows 11 , 64 bit Build 26100 (10.0.26100.4768)
OS uptime: 5 days 5:14 hours
Hyper-V role detected

CPU: total 14 (initial active 14) (7 cores per cpu, 2 threads per core) family 6 model 170 stepping 4 microcode 0x1f, cx8, cmov, fxsr, ht, mmx, 3dnowpref, sse, sse2, sse3, ssse3, sse4.1, sse4.2, popcnt, lzcnt, tsc, tscinvbit, avx, avx2, aes, erms, clmul, bmi1, bmi2, adx, sha, fma, vzeroupper, clflush, clflushopt, clwb, hv, serialize, rdtscp, rdpid, fsrm, f16c, cet_ibt, cet_ss
Processor Information for processor 0
  Max Mhz: 1700, Current Mhz: 1700, Mhz Limit: 1700
Processor Information for processor 1
  Max Mhz: 1700, Current Mhz: 1700, Mhz Limit: 1700
Processor Information for processor 2
  Max Mhz: 1200, Current Mhz: 1200, Mhz Limit: 1200
Processor Information for processor 3
  Max Mhz: 1200, Current Mhz: 1200, Mhz Limit: 1200
Processor Information for processor 4
  Max Mhz: 1200, Current Mhz: 1200, Mhz Limit: 1200
Processor Information for processor 5
  Max Mhz: 1200, Current Mhz: 1200, Mhz Limit: 1200
Processor Information for processor 6
  Max Mhz: 1200, Current Mhz: 1200, Mhz Limit: 1200
Processor Information for processor 7
  Max Mhz: 1200, Current Mhz: 1200, Mhz Limit: 1200
Processor Information for processor 8
  Max Mhz: 1200, Current Mhz: 1200, Mhz Limit: 1200
Processor Information for processor 9
  Max Mhz: 1200, Current Mhz: 1200, Mhz Limit: 1200
Processor Information for processor 10
  Max Mhz: 1700, Current Mhz: 1700, Mhz Limit: 1700
Processor Information for processor 11
  Max Mhz: 1700, Current Mhz: 1700, Mhz Limit: 1700
Processor Information for processor 12
  Max Mhz: 700, Current Mhz: 700, Mhz Limit: 700
Processor Information for processor 13
  Max Mhz: 700, Current Mhz: 700, Mhz Limit: 700

Memory: 4k page, system-wide physical 32203M (12158M free)
TotalPageFile size 37835M (AvailPageFile size 8737M)
current process WorkingSet (physical memory assigned to process): 912M, peak: 947M
current process commit charge ("private bytes"): 976M, peak: 1008M

vm_info: OpenJDK 64-Bit Server VM (21.0.8+9-LTS) for windows-amd64 JRE (21.0.8+9-LTS), built on 2025-07-15T00:00:00Z by "admin" with MS VC++ 17.7 (VS2022)

END.
