#
# A fatal error has been detected by the Java Runtime Environment:
#
#  EXCEPTION_ACCESS_VIOLATION (0xc0000005) at pc=0x00007ffd4a568c80, pid=19896, tid=35752
#
# JRE version: OpenJDK Runtime Environment Temurin-21.0.8+9 (21.0.8+9) (build 21.0.8+9-LTS)
# Java VM: OpenJDK 64-Bit Server VM Temurin-21.0.8+9 (21.0.8+9-LTS, mixed mode, sharing, tiered, compressed oops, compressed class ptrs, g1 gc, windows-amd64)
# Problematic frame:
# C  [owe-client-x64.dll+0x3c8c80]
#
# No core dump will be written. Minidumps are not enabled by default on client versions of Windows
#
# If you would like to submit a bug report, please visit:
#   https://github.com/adoptium/adoptium-support/issues
#

---------------  S U M M A R Y ------------

Command Line: -Djava.library.path=C:\MinecraftAlphaDev\libraries\natives -Dfile.encoding=UTF-8 -Dstdout.encoding=UTF-8 -Dstderr.encoding=UTF-8 -XX:+ShowCodeDetailsInExceptionMessages net.minecraft.client.Minecraft

Host: Intel(R) Core(TM) Ultra 7 155U, 14 cores, 31G,  Windows 11 , 64 bit Build 26100 (10.0.26100.4768)
Time: Sun Sep  7 21:43:24 2025 Central Daylight Time elapsed time: 42.500813 seconds (0d 0h 0m 42s)

---------------  T H R E A D  ---------------

Current thread (0x000001c87f6f5f20):  VMThread "VM Thread"          [id=35752, stack(0x000000241bb00000,0x000000241bc00000) (1024K)]

Stack: [0x000000241bb00000,0x000000241bc00000],  sp=0x000000241bbff2e8,  free space=1020k
Native frames: (J=compiled Java code, j=interpreted, Vv=VM code, C=native code)
C  [owe-client-x64.dll+0x3c8c80]


siginfo: EXCEPTION_ACCESS_VIOLATION (0xc0000005), data execution prevention violation at address 0x00007ffd4a568c80


Registers:
RAX=0x00007ffd4a50e300, RBX=0x0000000000000000, RCX=0x000001c8116d8b80, RDX=0x00007ffd4a5d5018
RSP=0x000000241bbff2e8, RBP=0x000000241bbff7e0, RSI=0x00007ffd9a180000, RDI=0x0000000000000001
R8 =0x000001c86ef502c0, R9 =0x000000241affe000, R10=0x00007ffe183eeea0, R11=0x000001c811408740
R12=0x0000000000000001, R13=0x00007ffd9a1dbdf0, R14=0x0000000000000000, R15=0x00007ffd9a180000
RIP=0x00007ffd4a568c80, EFLAGS=0x0000000000010206

XMM[0]=0x0000000000000000 0x0000000000000000
XMM[1]=0x0000000000000000 0x0000000000000000
XMM[2]=0x0000000000000000 0x0000000000000000
XMM[3]=0x0000000000000000 0x0000000000000000
XMM[4]=0x0000000000000000 0x0000000000000000
XMM[5]=0x0000000000000000 0x0000000000000000
XMM[6]=0x0000000000000000 0x0000000000000000
XMM[7]=0x0000000000000000 0x404e000000000000
XMM[8]=0x0000000000000000 0x0000000000000000
XMM[9]=0x0000000000000000 0x0000000000000000
XMM[10]=0x0000000000000000 0x0000000000000000
XMM[11]=0x0000000000000000 0x0000000000000000
XMM[12]=0x0000000000000000 0x0000000000000000
XMM[13]=0x0000000000000000 0x0000000000000000
XMM[14]=0x0000000000000000 0x0000000000000000
XMM[15]=0x0000000000000000 0x0000000000000000
  MXCSR=0x00001fa2


Register to memory mapping:

RAX=0x00007ffd4a50e300 owe-client-x64.dll
RBX=0x0 is null
RCX=0x000001c8116d8b80 points into unknown readable memory: 0x00007ffd4a50e300 | 00 e3 50 4a fd 7f 00 00
RDX=0x00007ffd4a5d5018 owe-client-x64.dll
RSP=0x000000241bbff2e8 points into unknown readable memory: 0x00007ffd4a25ac99 | 99 ac 25 4a fd 7f 00 00
RBP=0x000000241bbff7e0 points into unknown readable memory: 0x000001c87f6eb2a0 | a0 b2 6e 7f c8 01 00 00
RSI=0x00007ffd9a180000 opengl32.dll
RDI=0x0000000000000001 is an unknown value
R8 =0x000001c86ef502c0 points into unknown readable memory: 0x00007ffd03dc5460 | 60 54 dc 03 fd 7f 00 00
R9 =0x000000241affe000 points into unknown readable memory: 0x0000000000000000 | 00 00 00 00 00 00 00 00
R10=0x00007ffe183eeea0 ntdll.dll
R11=0x000001c811408740 points into unknown readable memory: 0x000001c811409c80 | 80 9c 40 11 c8 01 00 00
R12=0x0000000000000001 is an unknown value
R13=0x00007ffd9a1dbdf0 opengl32.dll
R14=0x0 is null
R15=0x00007ffd9a180000 opengl32.dll

Top of Stack: (sp=0x000000241bbff2e8)
0x000000241bbff2e8:   00007ffd4a25ac99 00007ffd4a5dc7b8
0x000000241bbff2f8:   00007ffd4a5d5018 000001c8115cd1c0
0x000000241bbff308:   0000000000000000 fffffffffffffffe
0x000000241bbff318:   00007ffd4a25b0f7 000001c8116d8b80
0x000000241bbff328:   00007ffd4a5d5018 000001c86f3fb0f0
0x000000241bbff338:   0000000000000000 0000000000000000
0x000000241bbff348:   000001c8116d8b80 00007ffd9a1dbdf0
0x000000241bbff358:   000001c811611800 000001c8115aa420
0x000000241bbff368:   00007ffe182243e1 0000000000000001
0x000000241bbff378:   00007ffd9a18ca16 0000000000010000
0x000000241bbff388:   000001c86f3fb058 000001c811408740
0x000000241bbff398:   00007ffe18224273 0000000000000001
0x000000241bbff3a8:   00007ffd9a18c7d0 000000241bbff7e0
0x000000241bbff3b8:   0000000000000000 00007ffd9a180000
0x000000241bbff3c8:   0000000000000000 0000000000000000
0x000000241bbff3d8:   00007ffd9a18c255 0000000000000000
0x000000241bbff3e8:   000000241bbff7e0 00007ffd9a180000
0x000000241bbff3f8:   0000000000000000 0000000000000000
0x000000241bbff408:   00007ffd9a1dbf19 0000000000000001
0x000000241bbff418:   000000241bbff7e0 00007ffe165b0000
0x000000241bbff428:   00007ffe15f988c0 0000002400000001
0x000000241bbff438:   00007ffe15eab8aa 000000241bbf0101
0x000000241bbff448:   000000241bbff4c8 000000241bbff7e0
0x000000241bbff458:   00000000c0000005 00007ffe00000000
0x000000241bbff468:   00007ffe15eab84d 0000000000000001
0x000000241bbff478:   00007ffe15f125ec 000000241bbff7e0
0x000000241bbff488:   000000241bbff4b8 fffffffffffffffe
0x000000241bbff498:   00007ffe15eab84d 0000000000000001
0x000000241bbff4a8:   00007ffe16446693 00007ffe16512c60
0x000000241bbff4b8:   c00000050000000d ffffffff0000000d
0x000000241bbff4c8:   000000241bbff4b0 0000000000000000
0x000000241bbff4d8:   00007ffe1644633f 0000000000000000 

Instructions: (pc=0x00007ffd4a568c80)
0x00007ffd4a568b80:   00 00 00 00 00 00 00 00 00 00 00 00 00 00 00 00
0x00007ffd4a568b90:   40 e5 42 00 01 00 00 00 00 00 00 00 ff ff ff ff
0x00007ffd4a568ba0:   00 00 00 00 40 00 00 00 60 8b 3c 00 00 00 00 00
0x00007ffd4a568bb0:   00 00 00 00 00 00 00 00 00 00 00 00 00 00 00 00
0x00007ffd4a568bc0:   01 00 00 00 d0 8b 3c 00 00 00 00 00 00 00 00 00
0x00007ffd4a568bd0:   e0 8b 3c 00 00 00 00 00 00 00 00 00 00 00 00 00
0x00007ffd4a568be0:   e8 e5 42 00 00 00 00 00 00 00 00 00 ff ff ff ff
0x00007ffd4a568bf0:   00 00 00 00 40 00 00 00 b8 8b 3c 00 00 00 00 00
0x00007ffd4a568c00:   00 00 00 00 00 00 00 00 01 00 00 00 00 00 00 00
0x00007ffd4a568c10:   00 00 00 00 18 e6 42 00 30 8c 3c 00 08 8c 3c 00
0x00007ffd4a568c20:   00 00 00 00 00 00 00 00 00 00 00 00 00 00 00 00
0x00007ffd4a568c30:   00 00 00 00 00 00 00 00 01 00 00 00 48 8c 3c 00
0x00007ffd4a568c40:   00 00 00 00 00 00 00 00 58 8c 3c 00 00 00 00 00
0x00007ffd4a568c50:   00 00 00 00 00 00 00 00 18 e6 42 00 00 00 00 00
0x00007ffd4a568c60:   00 00 00 00 ff ff ff ff 00 00 00 00 40 00 00 00
0x00007ffd4a568c70:   30 8c 3c 00 00 00 00 00 00 00 00 00 00 00 00 00
0x00007ffd4a568c80:   01 00 00 00 00 00 00 00 00 00 00 00 40 e6 42 00
0x00007ffd4a568c90:   a8 8c 3c 00 80 8c 3c 00 00 00 00 00 00 00 00 00
0x00007ffd4a568ca0:   00 00 00 00 00 00 00 00 00 00 00 00 01 00 00 00
0x00007ffd4a568cb0:   03 00 00 00 c0 8c 3c 00 00 00 00 00 00 00 00 00
0x00007ffd4a568cc0:   e0 8c 3c 00 58 8c 3c 00 08 8d 3c 00 00 00 00 00
0x00007ffd4a568cd0:   00 00 00 00 00 00 00 00 00 00 00 00 00 00 00 00
0x00007ffd4a568ce0:   40 e6 42 00 02 00 00 00 00 00 00 00 ff ff ff ff
0x00007ffd4a568cf0:   00 00 00 00 40 00 00 00 a8 8c 3c 00 00 00 00 00
0x00007ffd4a568d00:   00 00 00 00 00 00 00 00 60 e6 42 00 00 00 00 00
0x00007ffd4a568d10:   10 00 00 00 ff ff ff ff 00 00 00 00 40 00 00 00
0x00007ffd4a568d20:   30 8d 3c 00 00 00 00 00 00 00 00 00 00 00 00 00
0x00007ffd4a568d30:   00 00 00 00 00 00 00 00 01 00 00 00 48 8d 3c 00
0x00007ffd4a568d40:   00 00 00 00 00 00 00 00 58 8d 3c 00 00 00 00 00
0x00007ffd4a568d50:   00 00 00 00 00 00 00 00 60 e6 42 00 00 00 00 00
0x00007ffd4a568d60:   00 00 00 00 ff ff ff ff 00 00 00 00 40 00 00 00
0x00007ffd4a568d70:   30 8d 3c 00 00 00 00 00 00 00 00 00 00 00 00 00 


Stack slot to memory mapping:

stack at sp + 0 slots: 0x00007ffd4a25ac99 owe-client-x64.dll
stack at sp + 1 slots: 0x00007ffd4a5dc7b8 owe-client-x64.dll
stack at sp + 2 slots: 0x00007ffd4a5d5018 owe-client-x64.dll
stack at sp + 3 slots: 0x000001c8115cd1c0 points into unknown readable memory: 0x00007ffe166d0150 | 50 01 6d 16 fe 7f 00 00
stack at sp + 4 slots: 0x0 is null
stack at sp + 5 slots: 0xfffffffffffffffe is an unknown value
stack at sp + 6 slots: 0x00007ffd4a25b0f7 owe-client-x64.dll
stack at sp + 7 slots: 0x000001c8116d8b80 points into unknown readable memory: 0x00007ffd4a50e300 | 00 e3 50 4a fd 7f 00 00

VM_Operation (0x000000241c9fe2b0): Exit, mode: safepoint, requested by thread 0x000001c811586a20


---------------  P R O C E S S  ---------------

Threads class SMR info:
_java_thread_list=0x000001c859034450, length=18, elements={
0x000001c87f70e590, 0x000001c87f70f0e0, 0x000001c87f716380, 0x000001c87f717050,
0x000001c87f717bd0, 0x000001c87f740640, 0x000001c87f746a00, 0x000001c87f74d9e0,
0x000001c8112c3d50, 0x000001c8112d99a0, 0x000001c81154f3a0, 0x000001c81156c3c0,
0x000001c811586a20, 0x000001c8115c3790, 0x000001c8715df7b0, 0x000001c85dd9c4d0,
0x000001c858f88870, 0x000001c85d898e90
}

Java Threads: ( => current thread )
  0x000001c87f70e590 JavaThread "Reference Handler"          daemon [_thread_blocked, id=30492, stack(0x000000241bc00000,0x000000241bd00000) (1024K)]
  0x000001c87f70f0e0 JavaThread "Finalizer"                  daemon [_thread_blocked, id=33580, stack(0x000000241bd00000,0x000000241be00000) (1024K)]
  0x000001c87f716380 JavaThread "Signal Dispatcher"          daemon [_thread_blocked, id=23600, stack(0x000000241be00000,0x000000241bf00000) (1024K)]
  0x000001c87f717050 JavaThread "Attach Listener"            daemon [_thread_blocked, id=19880, stack(0x000000241bf00000,0x000000241c000000) (1024K)]
  0x000001c87f717bd0 JavaThread "Service Thread"             daemon [_thread_blocked, id=41280, stack(0x000000241c000000,0x000000241c100000) (1024K)]
  0x000001c87f740640 JavaThread "Monitor Deflation Thread"   daemon [_thread_blocked, id=12824, stack(0x000000241c100000,0x000000241c200000) (1024K)]
  0x000001c87f746a00 JavaThread "C2 CompilerThread0"         daemon [_thread_blocked, id=34836, stack(0x000000241c200000,0x000000241c300000) (1024K)]
  0x000001c87f74d9e0 JavaThread "C1 CompilerThread0"         daemon [_thread_blocked, id=17024, stack(0x000000241c300000,0x000000241c400000) (1024K)]
  0x000001c8112c3d50 JavaThread "Notification Thread"        daemon [_thread_blocked, id=35604, stack(0x000000241c400000,0x000000241c500000) (1024K)]
  0x000001c8112d99a0 JavaThread "Common-Cleaner"             daemon [_thread_blocked, id=40404, stack(0x000000241c500000,0x000000241c600000) (1024K)]
  0x000001c81154f3a0 JavaThread "Java2D Disposer"            daemon [_thread_blocked, id=7148, stack(0x000000241c600000,0x000000241c700000) (1024K)]
  0x000001c81156c3c0 JavaThread "AWT-Shutdown"                      [_thread_blocked, id=37340, stack(0x000000241c700000,0x000000241c800000) (1024K)]
  0x000001c811586a20 JavaThread "AWT-EventQueue-0"                  [_thread_blocked, id=35012, stack(0x000000241c900000,0x000000241ca00000) (1024K)]
  0x000001c8115c3790 JavaThread "Timer hack thread"          daemon [_thread_blocked, id=31860, stack(0x000000241ca00000,0x000000241cb00000) (1024K)]
  0x000001c8715df7b0 JavaThread "DestroyJavaVM"                     [_thread_blocked, id=37476, stack(0x000000241b400000,0x000000241b500000) (1024K)]
  0x000001c85dd9c4d0 JavaThread "Thread-2"                   daemon [_thread_in_native, id=40152, stack(0x000000241d800000,0x000000241d900000) (1024K)]
  0x000001c858f88870 JavaThread "Thread-3"                          [_thread_blocked, id=34416, stack(0x000000241d900000,0x000000241da00000) (1024K)]
  0x000001c85d898e90 JavaThread "Thread-4"                          [_thread_blocked, id=5180, stack(0x000000241da00000,0x000000241db00000) (1024K)]
Total: 18

Other Threads:
=>0x000001c87f6f5f20 VMThread "VM Thread"                           [id=35752, stack(0x000000241bb00000,0x000000241bc00000) (1024K)]
  0x000001c8716820d0 WorkerThread "GC Thread#0"                     [id=14868, stack(0x000000241b500000,0x000000241b600000) (1024K)]
  0x000001c859001040 WorkerThread "GC Thread#1"                     [id=4824, stack(0x000000241e100000,0x000000241e200000) (1024K)]
  0x000001c858d9d730 WorkerThread "GC Thread#2"                     [id=24060, stack(0x000000241e200000,0x000000241e300000) (1024K)]
  0x000001c858d9dad0 WorkerThread "GC Thread#3"                     [id=41700, stack(0x000000241e300000,0x000000241e400000) (1024K)]
  0x000001c858d9de70 WorkerThread "GC Thread#4"                     [id=9124, stack(0x000000241e400000,0x000000241e500000) (1024K)]
  0x000001c85de3c2a0 WorkerThread "GC Thread#5"                     [id=12352, stack(0x000000241e500000,0x000000241e600000) (1024K)]
  0x000001c85de3c9e0 WorkerThread "GC Thread#6"                     [id=28436, stack(0x000000241e600000,0x000000241e700000) (1024K)]
  0x000001c85de3cd80 WorkerThread "GC Thread#7"                     [id=30800, stack(0x000000241e700000,0x000000241e800000) (1024K)]
  0x000001c85de3c640 WorkerThread "GC Thread#8"                     [id=28512, stack(0x000000241e800000,0x000000241e900000) (1024K)]
  0x000001c85de3bb60 WorkerThread "GC Thread#9"                     [id=40664, stack(0x000000241e900000,0x000000241ea00000) (1024K)]
  0x000001c85de3b420 WorkerThread "GC Thread#10"                    [id=27408, stack(0x000000241ea00000,0x000000241eb00000) (1024K)]
  0x000001c871692c40 ConcurrentGCThread "G1 Main Marker"            terminated
  0x000001c871693740 WorkerThread "G1 Conc#0"                       [id=15808, stack(0x000000241b700000,0x000000241b800000) (1024K)]
  0x000001c87f62ce00 ConcurrentGCThread "G1 Refine#0"               terminated
  0x000001c87f62e820 ConcurrentGCThread "G1 Service"                terminated
Total: 16

Threads with active compile tasks:
Total: 0

VM state: at safepoint (shutting down)

VM Mutex/Monitor currently owned by a thread:  ([mutex/lock_event])
[0x00007ffd03dc5458] Threads_lock - owner thread: 0x000001c87f6f5f20
[0x00007ffd03dc5558] Heap_lock - owner thread: 0x000001c811586a20

Heap address: 0x0000000608c00000, size: 8052 MB, Compressed Oops mode: Zero based, Oop shift amount: 3

CDS archive(s) mapped at: [0x000001c812000000-0x000001c812c80000-0x000001c812c80000), size 13107200, SharedBaseAddress: 0x000001c812000000, ArchiveRelocationMode: 1.
Compressed class space mapped at: 0x000001c813000000-0x000001c853000000, reserved size: 1073741824
Narrow klass base: 0x000001c812000000, Narrow klass shift: 0, Narrow klass range: 0x100000000

GC Precious Log:
 CardTable entry size: 512
 Card Set container configuration: InlinePtr #cards 4 size 8 Array Of Cards #cards 32 size 80 Howl #buckets 8 coarsen threshold 7372 Howl Bitmap #cards 1024 size 144 coarsen threshold 921 Card regions per heap region 1 cards per card region 8192
 CPUs: 14 total, 14 available
 Memory: 32203M
 Large Page Support: Disabled
 NUMA Support: Disabled
 Compressed Oops: Enabled (Zero based)
 Heap Region Size: 4M
 Heap Min Capacity: 8M
 Heap Initial Capacity: 504M
 Heap Max Capacity: 8052M
 Pre-touch: Disabled
 Parallel Workers: 11
 Concurrent Workers: 3
 Concurrent Refinement Workers: 11
 Periodic GC: Disabled

Heap:
 garbage-first heap   total 516096K, used 25820K [0x0000000608c00000, 0x0000000800000000)
  region size 4096K, 4 young (16384K), 1 survivors (4096K)
 Metaspace       used 12486K, committed 12800K, reserved 1114112K
  class space    used 1193K, committed 1344K, reserved 1048576K

Heap Regions: E=young(eden), S=young(survivor), O=old, HS=humongous(starts), HC=humongous(continues), CS=collection set, F=free, TAMS=top-at-mark-start, PB=parsable bottom
|   0|0x0000000608c00000, 0x0000000609000000, 0x0000000609000000|100%|HS|  |TAMS 0x0000000608c00000| PB 0x0000000608c00000| Complete 
|   1|0x0000000609000000, 0x0000000609400000, 0x0000000609400000|100%|HC|  |TAMS 0x0000000609000000| PB 0x0000000609000000| Complete 
|   2|0x0000000609400000, 0x0000000609800000, 0x0000000609800000|100%|HC|  |TAMS 0x0000000609400000| PB 0x0000000609400000| Complete 
|   3|0x0000000609800000, 0x00000006099372d0, 0x0000000609c00000| 30%| O|  |TAMS 0x0000000609800000| PB 0x0000000609800000| Untracked 
|   4|0x0000000609c00000, 0x0000000609c00000, 0x000000060a000000|  0%| F|  |TAMS 0x0000000609c00000| PB 0x0000000609c00000| Untracked 
|   5|0x000000060a000000, 0x000000060a000000, 0x000000060a400000|  0%| F|  |TAMS 0x000000060a000000| PB 0x000000060a000000| Untracked 
|   6|0x000000060a400000, 0x000000060a400000, 0x000000060a800000|  0%| F|  |TAMS 0x000000060a400000| PB 0x000000060a400000| Untracked 
|   7|0x000000060a800000, 0x000000060a800000, 0x000000060ac00000|  0%| F|  |TAMS 0x000000060a800000| PB 0x000000060a800000| Untracked 
|   8|0x000000060ac00000, 0x000000060ac00000, 0x000000060b000000|  0%| F|  |TAMS 0x000000060ac00000| PB 0x000000060ac00000| Untracked 
|   9|0x000000060b000000, 0x000000060b000000, 0x000000060b400000|  0%| F|  |TAMS 0x000000060b000000| PB 0x000000060b000000| Untracked 
|  10|0x000000060b400000, 0x000000060b400000, 0x000000060b800000|  0%| F|  |TAMS 0x000000060b400000| PB 0x000000060b400000| Untracked 
|  11|0x000000060b800000, 0x000000060b800000, 0x000000060bc00000|  0%| F|  |TAMS 0x000000060b800000| PB 0x000000060b800000| Untracked 
|  12|0x000000060bc00000, 0x000000060bc00000, 0x000000060c000000|  0%| F|  |TAMS 0x000000060bc00000| PB 0x000000060bc00000| Untracked 
|  13|0x000000060c000000, 0x000000060c000000, 0x000000060c400000|  0%| F|  |TAMS 0x000000060c000000| PB 0x000000060c000000| Untracked 
|  14|0x000000060c400000, 0x000000060c400000, 0x000000060c800000|  0%| F|  |TAMS 0x000000060c400000| PB 0x000000060c400000| Untracked 
|  15|0x000000060c800000, 0x000000060c800000, 0x000000060cc00000|  0%| F|  |TAMS 0x000000060c800000| PB 0x000000060c800000| Untracked 
|  16|0x000000060cc00000, 0x000000060cc00000, 0x000000060d000000|  0%| F|  |TAMS 0x000000060cc00000| PB 0x000000060cc00000| Untracked 
|  17|0x000000060d000000, 0x000000060d000000, 0x000000060d400000|  0%| F|  |TAMS 0x000000060d000000| PB 0x000000060d000000| Untracked 
|  18|0x000000060d400000, 0x000000060d400000, 0x000000060d800000|  0%| F|  |TAMS 0x000000060d400000| PB 0x000000060d400000| Untracked 
|  19|0x000000060d800000, 0x000000060d800000, 0x000000060dc00000|  0%| F|  |TAMS 0x000000060d800000| PB 0x000000060d800000| Untracked 
|  20|0x000000060dc00000, 0x000000060dc00000, 0x000000060e000000|  0%| F|  |TAMS 0x000000060dc00000| PB 0x000000060dc00000| Untracked 
|  21|0x000000060e000000, 0x000000060e000000, 0x000000060e400000|  0%| F|  |TAMS 0x000000060e000000| PB 0x000000060e000000| Untracked 
|  22|0x000000060e400000, 0x000000060e400000, 0x000000060e800000|  0%| F|  |TAMS 0x000000060e400000| PB 0x000000060e400000| Untracked 
|  23|0x000000060e800000, 0x000000060e800000, 0x000000060ec00000|  0%| F|  |TAMS 0x000000060e800000| PB 0x000000060e800000| Untracked 
|  24|0x000000060ec00000, 0x000000060ec00000, 0x000000060f000000|  0%| F|  |TAMS 0x000000060ec00000| PB 0x000000060ec00000| Untracked 
|  25|0x000000060f000000, 0x000000060f000000, 0x000000060f400000|  0%| F|  |TAMS 0x000000060f000000| PB 0x000000060f000000| Untracked 
|  26|0x000000060f400000, 0x000000060f400000, 0x000000060f800000|  0%| F|  |TAMS 0x000000060f400000| PB 0x000000060f400000| Untracked 
|  27|0x000000060f800000, 0x000000060f800000, 0x000000060fc00000|  0%| F|  |TAMS 0x000000060f800000| PB 0x000000060f800000| Untracked 
|  28|0x000000060fc00000, 0x000000060fc00000, 0x0000000610000000|  0%| F|  |TAMS 0x000000060fc00000| PB 0x000000060fc00000| Untracked 
|  29|0x0000000610000000, 0x0000000610000000, 0x0000000610400000|  0%| F|  |TAMS 0x0000000610000000| PB 0x0000000610000000| Untracked 
|  30|0x0000000610400000, 0x0000000610400000, 0x0000000610800000|  0%| F|  |TAMS 0x0000000610400000| PB 0x0000000610400000| Untracked 
|  31|0x0000000610800000, 0x0000000610800000, 0x0000000610c00000|  0%| F|  |TAMS 0x0000000610800000| PB 0x0000000610800000| Untracked 
|  32|0x0000000610c00000, 0x0000000610c00000, 0x0000000611000000|  0%| F|  |TAMS 0x0000000610c00000| PB 0x0000000610c00000| Untracked 
|  33|0x0000000611000000, 0x0000000611000000, 0x0000000611400000|  0%| F|  |TAMS 0x0000000611000000| PB 0x0000000611000000| Untracked 
|  34|0x0000000611400000, 0x0000000611400000, 0x0000000611800000|  0%| F|  |TAMS 0x0000000611400000| PB 0x0000000611400000| Untracked 
|  35|0x0000000611800000, 0x0000000611800000, 0x0000000611c00000|  0%| F|  |TAMS 0x0000000611800000| PB 0x0000000611800000| Untracked 
|  36|0x0000000611c00000, 0x0000000611c00000, 0x0000000612000000|  0%| F|  |TAMS 0x0000000611c00000| PB 0x0000000611c00000| Untracked 
|  37|0x0000000612000000, 0x0000000612000000, 0x0000000612400000|  0%| F|  |TAMS 0x0000000612000000| PB 0x0000000612000000| Untracked 
|  38|0x0000000612400000, 0x0000000612400000, 0x0000000612800000|  0%| F|  |TAMS 0x0000000612400000| PB 0x0000000612400000| Untracked 
|  39|0x0000000612800000, 0x0000000612800000, 0x0000000612c00000|  0%| F|  |TAMS 0x0000000612800000| PB 0x0000000612800000| Untracked 
|  40|0x0000000612c00000, 0x0000000612c00000, 0x0000000613000000|  0%| F|  |TAMS 0x0000000612c00000| PB 0x0000000612c00000| Untracked 
|  41|0x0000000613000000, 0x0000000613000000, 0x0000000613400000|  0%| F|  |TAMS 0x0000000613000000| PB 0x0000000613000000| Untracked 
|  42|0x0000000613400000, 0x0000000613400000, 0x0000000613800000|  0%| F|  |TAMS 0x0000000613400000| PB 0x0000000613400000| Untracked 
|  43|0x0000000613800000, 0x0000000613800000, 0x0000000613c00000|  0%| F|  |TAMS 0x0000000613800000| PB 0x0000000613800000| Untracked 
|  44|0x0000000613c00000, 0x0000000613c00000, 0x0000000614000000|  0%| F|  |TAMS 0x0000000613c00000| PB 0x0000000613c00000| Untracked 
|  45|0x0000000614000000, 0x0000000614000000, 0x0000000614400000|  0%| F|  |TAMS 0x0000000614000000| PB 0x0000000614000000| Untracked 
|  46|0x0000000614400000, 0x0000000614400000, 0x0000000614800000|  0%| F|  |TAMS 0x0000000614400000| PB 0x0000000614400000| Untracked 
|  47|0x0000000614800000, 0x0000000614800000, 0x0000000614c00000|  0%| F|  |TAMS 0x0000000614800000| PB 0x0000000614800000| Untracked 
|  48|0x0000000614c00000, 0x0000000614c00000, 0x0000000615000000|  0%| F|  |TAMS 0x0000000614c00000| PB 0x0000000614c00000| Untracked 
|  49|0x0000000615000000, 0x0000000615000000, 0x0000000615400000|  0%| F|  |TAMS 0x0000000615000000| PB 0x0000000615000000| Untracked 
|  50|0x0000000615400000, 0x0000000615400000, 0x0000000615800000|  0%| F|  |TAMS 0x0000000615400000| PB 0x0000000615400000| Untracked 
|  51|0x0000000615800000, 0x0000000615800000, 0x0000000615c00000|  0%| F|  |TAMS 0x0000000615800000| PB 0x0000000615800000| Untracked 
|  52|0x0000000615c00000, 0x0000000615c00000, 0x0000000616000000|  0%| F|  |TAMS 0x0000000615c00000| PB 0x0000000615c00000| Untracked 
|  53|0x0000000616000000, 0x0000000616000000, 0x0000000616400000|  0%| F|  |TAMS 0x0000000616000000| PB 0x0000000616000000| Untracked 
|  54|0x0000000616400000, 0x0000000616400000, 0x0000000616800000|  0%| F|  |TAMS 0x0000000616400000| PB 0x0000000616400000| Untracked 
|  55|0x0000000616800000, 0x0000000616800000, 0x0000000616c00000|  0%| F|  |TAMS 0x0000000616800000| PB 0x0000000616800000| Untracked 
|  56|0x0000000616c00000, 0x0000000616c00000, 0x0000000617000000|  0%| F|  |TAMS 0x0000000616c00000| PB 0x0000000616c00000| Untracked 
|  57|0x0000000617000000, 0x0000000617000000, 0x0000000617400000|  0%| F|  |TAMS 0x0000000617000000| PB 0x0000000617000000| Untracked 
|  58|0x0000000617400000, 0x0000000617400000, 0x0000000617800000|  0%| F|  |TAMS 0x0000000617400000| PB 0x0000000617400000| Untracked 
|  59|0x0000000617800000, 0x0000000617800000, 0x0000000617c00000|  0%| F|  |TAMS 0x0000000617800000| PB 0x0000000617800000| Untracked 
|  60|0x0000000617c00000, 0x0000000617c00000, 0x0000000618000000|  0%| F|  |TAMS 0x0000000617c00000| PB 0x0000000617c00000| Untracked 
|  61|0x0000000618000000, 0x0000000618000000, 0x0000000618400000|  0%| F|  |TAMS 0x0000000618000000| PB 0x0000000618000000| Untracked 
|  62|0x0000000618400000, 0x0000000618400000, 0x0000000618800000|  0%| F|  |TAMS 0x0000000618400000| PB 0x0000000618400000| Untracked 
|  63|0x0000000618800000, 0x0000000618800000, 0x0000000618c00000|  0%| F|  |TAMS 0x0000000618800000| PB 0x0000000618800000| Untracked 
|  64|0x0000000618c00000, 0x0000000618c00000, 0x0000000619000000|  0%| F|  |TAMS 0x0000000618c00000| PB 0x0000000618c00000| Untracked 
|  65|0x0000000619000000, 0x0000000619000000, 0x0000000619400000|  0%| F|  |TAMS 0x0000000619000000| PB 0x0000000619000000| Untracked 
|  66|0x0000000619400000, 0x0000000619400000, 0x0000000619800000|  0%| F|  |TAMS 0x0000000619400000| PB 0x0000000619400000| Untracked 
|  67|0x0000000619800000, 0x0000000619800000, 0x0000000619c00000|  0%| F|  |TAMS 0x0000000619800000| PB 0x0000000619800000| Untracked 
|  68|0x0000000619c00000, 0x0000000619c00000, 0x000000061a000000|  0%| F|  |TAMS 0x0000000619c00000| PB 0x0000000619c00000| Untracked 
|  69|0x000000061a000000, 0x000000061a000000, 0x000000061a400000|  0%| F|  |TAMS 0x000000061a000000| PB 0x000000061a000000| Untracked 
|  70|0x000000061a400000, 0x000000061a400000, 0x000000061a800000|  0%| F|  |TAMS 0x000000061a400000| PB 0x000000061a400000| Untracked 
|  71|0x000000061a800000, 0x000000061a800000, 0x000000061ac00000|  0%| F|  |TAMS 0x000000061a800000| PB 0x000000061a800000| Untracked 
|  72|0x000000061ac00000, 0x000000061ac00000, 0x000000061b000000|  0%| F|  |TAMS 0x000000061ac00000| PB 0x000000061ac00000| Untracked 
|  73|0x000000061b000000, 0x000000061b000000, 0x000000061b400000|  0%| F|  |TAMS 0x000000061b000000| PB 0x000000061b000000| Untracked 
|  74|0x000000061b400000, 0x000000061b400000, 0x000000061b800000|  0%| F|  |TAMS 0x000000061b400000| PB 0x000000061b400000| Untracked 
|  75|0x000000061b800000, 0x000000061b800000, 0x000000061bc00000|  0%| F|  |TAMS 0x000000061b800000| PB 0x000000061b800000| Untracked 
|  76|0x000000061bc00000, 0x000000061bc00000, 0x000000061c000000|  0%| F|  |TAMS 0x000000061bc00000| PB 0x000000061bc00000| Untracked 
|  77|0x000000061c000000, 0x000000061c000000, 0x000000061c400000|  0%| F|  |TAMS 0x000000061c000000| PB 0x000000061c000000| Untracked 
|  78|0x000000061c400000, 0x000000061c400000, 0x000000061c800000|  0%| F|  |TAMS 0x000000061c400000| PB 0x000000061c400000| Untracked 
|  79|0x000000061c800000, 0x000000061c800000, 0x000000061cc00000|  0%| F|  |TAMS 0x000000061c800000| PB 0x000000061c800000| Untracked 
|  80|0x000000061cc00000, 0x000000061cc00000, 0x000000061d000000|  0%| F|  |TAMS 0x000000061cc00000| PB 0x000000061cc00000| Untracked 
|  81|0x000000061d000000, 0x000000061d000000, 0x000000061d400000|  0%| F|  |TAMS 0x000000061d000000| PB 0x000000061d000000| Untracked 
|  82|0x000000061d400000, 0x000000061d400000, 0x000000061d800000|  0%| F|  |TAMS 0x000000061d400000| PB 0x000000061d400000| Untracked 
|  83|0x000000061d800000, 0x000000061d800000, 0x000000061dc00000|  0%| F|  |TAMS 0x000000061d800000| PB 0x000000061d800000| Untracked 
|  84|0x000000061dc00000, 0x000000061dc00000, 0x000000061e000000|  0%| F|  |TAMS 0x000000061dc00000| PB 0x000000061dc00000| Untracked 
|  85|0x000000061e000000, 0x000000061e000000, 0x000000061e400000|  0%| F|  |TAMS 0x000000061e000000| PB 0x000000061e000000| Untracked 
|  86|0x000000061e400000, 0x000000061e400000, 0x000000061e800000|  0%| F|  |TAMS 0x000000061e400000| PB 0x000000061e400000| Untracked 
|  87|0x000000061e800000, 0x000000061e800000, 0x000000061ec00000|  0%| F|  |TAMS 0x000000061e800000| PB 0x000000061e800000| Untracked 
|  88|0x000000061ec00000, 0x000000061ec00000, 0x000000061f000000|  0%| F|  |TAMS 0x000000061ec00000| PB 0x000000061ec00000| Untracked 
|  89|0x000000061f000000, 0x000000061f000000, 0x000000061f400000|  0%| F|  |TAMS 0x000000061f000000| PB 0x000000061f000000| Untracked 
|  90|0x000000061f400000, 0x000000061f400000, 0x000000061f800000|  0%| F|  |TAMS 0x000000061f400000| PB 0x000000061f400000| Untracked 
|  91|0x000000061f800000, 0x000000061f800000, 0x000000061fc00000|  0%| F|  |TAMS 0x000000061f800000| PB 0x000000061f800000| Untracked 
|  92|0x000000061fc00000, 0x000000061fc00000, 0x0000000620000000|  0%| F|  |TAMS 0x000000061fc00000| PB 0x000000061fc00000| Untracked 
|  93|0x0000000620000000, 0x0000000620000000, 0x0000000620400000|  0%| F|  |TAMS 0x0000000620000000| PB 0x0000000620000000| Untracked 
|  94|0x0000000620400000, 0x0000000620400000, 0x0000000620800000|  0%| F|  |TAMS 0x0000000620400000| PB 0x0000000620400000| Untracked 
|  95|0x0000000620800000, 0x0000000620800000, 0x0000000620c00000|  0%| F|  |TAMS 0x0000000620800000| PB 0x0000000620800000| Untracked 
|  96|0x0000000620c00000, 0x0000000620c00000, 0x0000000621000000|  0%| F|  |TAMS 0x0000000620c00000| PB 0x0000000620c00000| Untracked 
|  97|0x0000000621000000, 0x0000000621000000, 0x0000000621400000|  0%| F|  |TAMS 0x0000000621000000| PB 0x0000000621000000| Untracked 
|  98|0x0000000621400000, 0x0000000621400000, 0x0000000621800000|  0%| F|  |TAMS 0x0000000621400000| PB 0x0000000621400000| Untracked 
|  99|0x0000000621800000, 0x0000000621800000, 0x0000000621c00000|  0%| F|  |TAMS 0x0000000621800000| PB 0x0000000621800000| Untracked 
| 100|0x0000000621c00000, 0x0000000621c00000, 0x0000000622000000|  0%| F|  |TAMS 0x0000000621c00000| PB 0x0000000621c00000| Untracked 
| 101|0x0000000622000000, 0x0000000622000000, 0x0000000622400000|  0%| F|  |TAMS 0x0000000622000000| PB 0x0000000622000000| Untracked 
| 102|0x0000000622400000, 0x0000000622400000, 0x0000000622800000|  0%| F|  |TAMS 0x0000000622400000| PB 0x0000000622400000| Untracked 
| 103|0x0000000622800000, 0x0000000622800000, 0x0000000622c00000|  0%| F|  |TAMS 0x0000000622800000| PB 0x0000000622800000| Untracked 
| 104|0x0000000622c00000, 0x0000000622c00000, 0x0000000623000000|  0%| F|  |TAMS 0x0000000622c00000| PB 0x0000000622c00000| Untracked 
| 105|0x0000000623000000, 0x0000000623000000, 0x0000000623400000|  0%| F|  |TAMS 0x0000000623000000| PB 0x0000000623000000| Untracked 
| 106|0x0000000623400000, 0x0000000623400000, 0x0000000623800000|  0%| F|  |TAMS 0x0000000623400000| PB 0x0000000623400000| Untracked 
| 107|0x0000000623800000, 0x0000000623800000, 0x0000000623c00000|  0%| F|  |TAMS 0x0000000623800000| PB 0x0000000623800000| Untracked 
| 108|0x0000000623c00000, 0x0000000623c00000, 0x0000000624000000|  0%| F|  |TAMS 0x0000000623c00000| PB 0x0000000623c00000| Untracked 
| 109|0x0000000624000000, 0x0000000624000000, 0x0000000624400000|  0%| F|  |TAMS 0x0000000624000000| PB 0x0000000624000000| Untracked 
| 110|0x0000000624400000, 0x0000000624400000, 0x0000000624800000|  0%| F|  |TAMS 0x0000000624400000| PB 0x0000000624400000| Untracked 
| 111|0x0000000624800000, 0x0000000624800000, 0x0000000624c00000|  0%| F|  |TAMS 0x0000000624800000| PB 0x0000000624800000| Untracked 
| 112|0x0000000624c00000, 0x0000000624c00000, 0x0000000625000000|  0%| F|  |TAMS 0x0000000624c00000| PB 0x0000000624c00000| Untracked 
| 113|0x0000000625000000, 0x0000000625000000, 0x0000000625400000|  0%| F|  |TAMS 0x0000000625000000| PB 0x0000000625000000| Untracked 
| 114|0x0000000625400000, 0x0000000625400000, 0x0000000625800000|  0%| F|  |TAMS 0x0000000625400000| PB 0x0000000625400000| Untracked 
| 115|0x0000000625800000, 0x0000000625800000, 0x0000000625c00000|  0%| F|  |TAMS 0x0000000625800000| PB 0x0000000625800000| Untracked 
| 116|0x0000000625c00000, 0x0000000625c00000, 0x0000000626000000|  0%| F|  |TAMS 0x0000000625c00000| PB 0x0000000625c00000| Untracked 
| 117|0x0000000626000000, 0x0000000626000000, 0x0000000626400000|  0%| F|  |TAMS 0x0000000626000000| PB 0x0000000626000000| Untracked 
| 118|0x0000000626400000, 0x0000000626400000, 0x0000000626800000|  0%| F|  |TAMS 0x0000000626400000| PB 0x0000000626400000| Untracked 
| 119|0x0000000626800000, 0x0000000626c00000, 0x0000000626c00000|100%| S|CS|TAMS 0x0000000626800000| PB 0x0000000626800000| Complete 
| 120|0x0000000626c00000, 0x0000000626c00000, 0x0000000627000000|  0%| F|  |TAMS 0x0000000626c00000| PB 0x0000000626c00000| Untracked 
| 121|0x0000000627000000, 0x0000000627000000, 0x0000000627400000|  0%| F|  |TAMS 0x0000000627000000| PB 0x0000000627000000| Untracked 
| 122|0x0000000627400000, 0x0000000627400000, 0x0000000627800000|  0%| F|  |TAMS 0x0000000627400000| PB 0x0000000627400000| Untracked 
| 123|0x0000000627800000, 0x0000000627a41038, 0x0000000627c00000| 56%| E|  |TAMS 0x0000000627800000| PB 0x0000000627800000| Complete 
| 124|0x0000000627c00000, 0x0000000628000000, 0x0000000628000000|100%| E|CS|TAMS 0x0000000627c00000| PB 0x0000000627c00000| Complete 
| 125|0x0000000628000000, 0x0000000628400000, 0x0000000628400000|100%| E|CS|TAMS 0x0000000628000000| PB 0x0000000628000000| Complete 

Card table byte_map: [0x000001c8765a0000,0x000001c877560000] _byte_map_base: 0x000001c87355a000

Marking Bits: (CMBitMap*) 0x000001c8716827d0
 Bits: [0x000001c877560000, 0x000001c87f330000)

Polling page: 0x000001c86f390000

Metaspace:

Usage:
  Non-class:     11.03 MB used.
      Class:      1.17 MB used.
       Both:     12.19 MB used.

Virtual space:
  Non-class space:       64.00 MB reserved,      11.19 MB ( 17%) committed,  1 nodes.
      Class space:        1.00 GB reserved,       1.31 MB ( <1%) committed,  1 nodes.
             Both:        1.06 GB reserved,      12.50 MB (  1%) committed. 

Chunk freelists:
   Non-Class:  4.67 MB
       Class:  14.66 MB
        Both:  19.33 MB

MaxMetaspaceSize: unlimited
CompressedClassSpaceSize: 1.00 GB
Initial GC threshold: 21.00 MB
Current GC threshold: 21.00 MB
CDS: on
 - commit_granule_bytes: 65536.
 - commit_granule_words: 8192.
 - virtual_space_node_default_size: 8388608.
 - enlarge_chunks_in_place: 1.
 - use_allocation_guard: 0.


Internal statistics:

num_allocs_failed_limit: 0.
num_arena_births: 198.
num_arena_deaths: 0.
num_vsnodes_births: 2.
num_vsnodes_deaths: 0.
num_space_committed: 198.
num_space_uncommitted: 0.
num_chunks_returned_to_freelist: 0.
num_chunks_taken_from_freelist: 402.
num_chunk_merges: 0.
num_chunk_splits: 244.
num_chunks_enlarged: 133.
num_inconsistent_stats: 0.

CodeHeap 'non-profiled nmethods': size=120000Kb used=1046Kb max_used=1046Kb free=118953Kb
 bounds [0x000001c807ad0000, 0x000001c807d40000, 0x000001c80f000000]
CodeHeap 'profiled nmethods': size=120000Kb used=3551Kb max_used=3551Kb free=116448Kb
 bounds [0x000001c800000000, 0x000001c800380000, 0x000001c807530000]
CodeHeap 'non-nmethods': size=5760Kb used=1710Kb max_used=1733Kb free=4049Kb
 bounds [0x000001c807530000, 0x000001c8077a0000, 0x000001c807ad0000]
CodeCache: size=245760Kb, used=6307Kb, max_used=6330Kb, free=239450Kb
 total_blobs=2818, nmethods=2067, adapters=656, full_count=0
Compilation: enabled, stopped_count=0, restarted_count=0

Compilation events (20 events):
Event: 32.035 Thread 0x000001c87f74d9e0 2060       3       java.lang.String::<init> (37 bytes)
Event: 32.036 Thread 0x000001c87f74d9e0 nmethod 2060 0x000001c800374990 code [0x000001c800374b40, 0x000001c800374d38]
Event: 32.052 Thread 0x000001c87f74d9e0 2061       3       net.minecraft.src.GuiMultiplayer::drawScreen (289 bytes)
Event: 32.054 Thread 0x000001c87f74d9e0 nmethod 2061 0x000001c800374e10 code [0x000001c8003751e0, 0x000001c800376df0]
Event: 32.224 Thread 0x000001c87f746a00 2062       4       net.minecraft.src.Gui::drawString (11 bytes)
Event: 32.225 Thread 0x000001c87f746a00 nmethod 2062 0x000001c807bcc490 code [0x000001c807bcc640, 0x000001c807bcc778]
Event: 34.904 Thread 0x000001c87f746a00 2063       4       org.lwjgl.opengl.GL11::glBlendFunc (20 bytes)
Event: 34.985 Thread 0x000001c87f746a00 nmethod 2063 0x000001c807bcc910 code [0x000001c807bccac0, 0x000001c807bccc20]
Event: 35.315 Thread 0x000001c87f746a00 2064       4       net.minecraft.src.Gui::drawRect (159 bytes)
Event: 35.397 Thread 0x000001c87f746a00 nmethod 2064 0x000001c807bccd90 code [0x000001c807bcd060, 0x000001c807bcda60]
Event: 38.513 Thread 0x000001c87f746a00 2065       4       java.lang.String::<init> (37 bytes)
Event: 38.515 Thread 0x000001c87f746a00 nmethod 2065 0x000001c807bce390 code [0x000001c807bce520, 0x000001c807bce6b0]
Event: 38.816 Thread 0x000001c87f746a00 2066       4       net.minecraft.src.GuiMultiplayer::drawScreen (289 bytes)
Event: 38.976 Thread 0x000001c87f746a00 nmethod 2066 0x000001c807bce790 code [0x000001c807bcee80, 0x000001c807bd2398]
Event: 39.183 Thread 0x000001c87f746a00 2067       4       java.lang.invoke.DirectMethodHandle$Holder::invokeStatic (17 bytes)
Event: 39.184 Thread 0x000001c87f746a00 nmethod 2067 0x000001c807bd5110 code [0x000001c807bd52a0, 0x000001c807bd5390]
Event: 39.184 Thread 0x000001c87f746a00 2068       4       java.lang.invoke.LambdaForm$MH/0x000001c813010800::invoke (32 bytes)
Event: 39.185 Thread 0x000001c87f746a00 nmethod 2068 0x000001c807bd5490 code [0x000001c807bd5640, 0x000001c807bd5798]
Event: 41.003 Thread 0x000001c87f74d9e0 2069       3       java.security.AccessController::getContext (23 bytes)
Event: 41.003 Thread 0x000001c87f74d9e0 nmethod 2069 0x000001c800377710 code [0x000001c8003778e0, 0x000001c800377bb8]

GC Heap History (2 events):
Event: 3.328 GC heap before
{Heap before GC invocations=0 (full 0):
 garbage-first heap   total 516096K, used 32768K [0x0000000608c00000, 0x0000000800000000)
  region size 4096K, 6 young (24576K), 0 survivors (0K)
 Metaspace       used 11963K, committed 12224K, reserved 1114112K
  class space    used 1166K, committed 1280K, reserved 1048576K
}
Event: 3.338 GC heap after
{Heap after GC invocations=1 (full 0):
 garbage-first heap   total 516096K, used 17628K [0x0000000608c00000, 0x0000000800000000)
  region size 4096K, 1 young (4096K), 1 survivors (4096K)
 Metaspace       used 11963K, committed 12224K, reserved 1114112K
  class space    used 1166K, committed 1280K, reserved 1048576K
}

Dll operation events (15 events):
Event: 0.012 Loaded shared library C:\Users\gagek\.p2\pool\plugins\org.eclipse.justj.openjdk.hotspot.jre.full.win32.x86_64_21.0.8.v20250724-1412\jre\bin\java.dll
Event: 0.059 Loaded shared library C:\Users\gagek\.p2\pool\plugins\org.eclipse.justj.openjdk.hotspot.jre.full.win32.x86_64_21.0.8.v20250724-1412\jre\bin\zip.dll
Event: 0.128 Loaded shared library C:\Users\gagek\.p2\pool\plugins\org.eclipse.justj.openjdk.hotspot.jre.full.win32.x86_64_21.0.8.v20250724-1412\jre\bin\net.dll
Event: 0.132 Loaded shared library C:\Users\gagek\.p2\pool\plugins\org.eclipse.justj.openjdk.hotspot.jre.full.win32.x86_64_21.0.8.v20250724-1412\jre\bin\nio.dll
Event: 0.136 Loaded shared library C:\Users\gagek\.p2\pool\plugins\org.eclipse.justj.openjdk.hotspot.jre.full.win32.x86_64_21.0.8.v20250724-1412\jre\bin\zip.dll
Event: 0.202 Loaded shared library C:\Users\gagek\.p2\pool\plugins\org.eclipse.justj.openjdk.hotspot.jre.full.win32.x86_64_21.0.8.v20250724-1412\jre\bin\jimage.dll
Event: 0.241 Loaded shared library C:\Users\gagek\.p2\pool\plugins\org.eclipse.justj.openjdk.hotspot.jre.full.win32.x86_64_21.0.8.v20250724-1412\jre\bin\awt.dll
Event: 0.491 Loaded shared library C:\Users\gagek\.p2\pool\plugins\org.eclipse.justj.openjdk.hotspot.jre.full.win32.x86_64_21.0.8.v20250724-1412\jre\bin\freetype.dll
Event: 0.493 Loaded shared library C:\Users\gagek\.p2\pool\plugins\org.eclipse.justj.openjdk.hotspot.jre.full.win32.x86_64_21.0.8.v20250724-1412\jre\bin\fontmanager.dll
Event: 0.791 Loaded shared library C:\Users\gagek\.p2\pool\plugins\org.eclipse.justj.openjdk.hotspot.jre.full.win32.x86_64_21.0.8.v20250724-1412\jre\bin\verify.dll
Event: 0.813 Loaded shared library C:\MinecraftAlphaDev\libraries\natives\lwjgl64.dll
Event: 0.853 Loaded shared library C:\Users\gagek\.p2\pool\plugins\org.eclipse.justj.openjdk.hotspot.jre.full.win32.x86_64_21.0.8.v20250724-1412\jre\bin\jawt.dll
Event: 2.144 Loaded shared library C:\MinecraftAlphaDev\libraries\natives\jinput-dx8_64.dll
Event: 2.380 Loaded shared library C:\MinecraftAlphaDev\libraries\natives\jinput-raw_64.dll
Event: 3.262 Loaded shared library C:\Users\gagek\.p2\pool\plugins\org.eclipse.justj.openjdk.hotspot.jre.full.win32.x86_64_21.0.8.v20250724-1412\jre\bin\extnet.dll

Deoptimization events (20 events):
Event: 28.445 Thread 0x000001c8115d6ed0 Uncommon trap: trap_request=0xffffffde fr.pc=0x000001c807bb300c relative=0x0000000000000e6c
Event: 28.445 Thread 0x000001c8115d6ed0 Uncommon trap: reason=class_check action=maybe_recompile pc=0x000001c807bb300c method=net.minecraft.src.EntityRenderer.updateCameraAndRender(F)V @ 363 c2
Event: 28.445 Thread 0x000001c8115d6ed0 DEOPT PACKING pc=0x000001c807bb300c sp=0x000000241cbff530
Event: 28.445 Thread 0x000001c8115d6ed0 DEOPT UNPACKING pc=0x000001c8075846a2 sp=0x000000241cbff4e0 mode 2
Event: 28.447 Thread 0x000001c8115d6ed0 Uncommon trap: trap_request=0xffffffde fr.pc=0x000001c807bb300c relative=0x0000000000000e6c
Event: 28.447 Thread 0x000001c8115d6ed0 Uncommon trap: reason=class_check action=maybe_recompile pc=0x000001c807bb300c method=net.minecraft.src.EntityRenderer.updateCameraAndRender(F)V @ 363 c2
Event: 28.447 Thread 0x000001c8115d6ed0 DEOPT PACKING pc=0x000001c807bb300c sp=0x000000241cbff530
Event: 28.447 Thread 0x000001c8115d6ed0 DEOPT UNPACKING pc=0x000001c8075846a2 sp=0x000000241cbff4e0 mode 2
Event: 28.458 Thread 0x000001c8115d6ed0 DEOPT PACKING pc=0x000001c8002d4b1e sp=0x000000241cbff340
Event: 28.458 Thread 0x000001c8115d6ed0 DEOPT UNPACKING pc=0x000001c807584e42 sp=0x000000241cbfe848 mode 0
Event: 28.485 Thread 0x000001c8115d6ed0 DEOPT PACKING pc=0x000001c8002d4b1e sp=0x000000241cbff340
Event: 28.485 Thread 0x000001c8115d6ed0 DEOPT UNPACKING pc=0x000001c807584e42 sp=0x000000241cbfe848 mode 0
Event: 28.510 Thread 0x000001c8115d6ed0 DEOPT PACKING pc=0x000001c8002d4b1e sp=0x000000241cbff340
Event: 28.510 Thread 0x000001c8115d6ed0 DEOPT UNPACKING pc=0x000001c807584e42 sp=0x000000241cbfe848 mode 0
Event: 28.542 Thread 0x000001c8115d6ed0 DEOPT PACKING pc=0x000001c8002d4b1e sp=0x000000241cbff130
Event: 28.542 Thread 0x000001c8115d6ed0 DEOPT UNPACKING pc=0x000001c807584e42 sp=0x000000241cbfe628 mode 0
Event: 28.576 Thread 0x000001c8115d6ed0 DEOPT PACKING pc=0x000001c8002d4b1e sp=0x000000241cbff130
Event: 28.576 Thread 0x000001c8115d6ed0 DEOPT UNPACKING pc=0x000001c807584e42 sp=0x000000241cbfe628 mode 0
Event: 28.612 Thread 0x000001c8115d6ed0 DEOPT PACKING pc=0x000001c8002d4b1e sp=0x000000241cbff130
Event: 28.612 Thread 0x000001c8115d6ed0 DEOPT UNPACKING pc=0x000001c807584e42 sp=0x000000241cbfe628 mode 0

Classes loaded (20 events):
Event: 3.347 Loading class sun/nio/ch/Util$1
Event: 3.347 Loading class sun/nio/ch/Util$1 done
Event: 3.348 Loading class sun/nio/ch/Util$BufferCache
Event: 3.348 Loading class sun/nio/ch/Util$BufferCache done
Event: 3.349 Loading class sun/nio/ch/IOStatus
Event: 3.349 Loading class sun/nio/ch/IOStatus done
Event: 3.350 Loading class java/net/Socket$SocketInputStream
Event: 3.350 Loading class java/net/Socket$SocketInputStream done
Event: 3.350 Loading class sun/nio/ch/NioSocketImpl$1
Event: 3.350 Loading class sun/nio/ch/NioSocketImpl$1 done
Event: 3.396 Loading class sun/net/www/http/ChunkedInputStream
Event: 3.397 Loading class sun/net/www/http/Hurryable
Event: 3.397 Loading class sun/net/www/http/Hurryable done
Event: 3.397 Loading class sun/net/www/http/ChunkedInputStream done
Event: 3.397 Loading class sun/net/www/protocol/http/HttpURLConnection$HttpInputStream
Event: 3.398 Loading class sun/net/www/protocol/http/HttpURLConnection$HttpInputStream done
Event: 41.007 Loading class java/util/WeakHashMap$KeyIterator
Event: 41.007 Loading class java/util/WeakHashMap$HashIterator
Event: 41.007 Loading class java/util/WeakHashMap$HashIterator done
Event: 41.007 Loading class java/util/WeakHashMap$KeyIterator done

Classes unloaded (0 events):
No events

Classes redefined (0 events):
No events

Internal exceptions (20 events):
Event: 20.088 Thread 0x000001c858f88870 Exception <a 'java/lang/InterruptedException'{0x00000006278bf840}: sleep interrupted> (0x00000006278bf840) 
thrown [s\src\hotspot\share\prims\jvm.cpp, line 3074]
Event: 20.089 Thread 0x000001c858f88870 Exception <a 'java/lang/InterruptedException'{0x00000006278bfb58}: sleep interrupted> (0x00000006278bfb58) 
thrown [s\src\hotspot\share\prims\jvm.cpp, line 3074]
Event: 20.091 Thread 0x000001c858f88870 Exception <a 'java/lang/InterruptedException'{0x00000006278bfe70}: sleep interrupted> (0x00000006278bfe70) 
thrown [s\src\hotspot\share\prims\jvm.cpp, line 3074]
Event: 20.092 Thread 0x000001c858f88870 Exception <a 'java/lang/InterruptedException'{0x00000006278c0188}: sleep interrupted> (0x00000006278c0188) 
thrown [s\src\hotspot\share\prims\jvm.cpp, line 3074]
Event: 20.103 Thread 0x000001c858f88870 Exception <a 'java/lang/InterruptedException'{0x00000006278c04a0}: sleep interrupted> (0x00000006278c04a0) 
thrown [s\src\hotspot\share\prims\jvm.cpp, line 3074]
Event: 20.105 Thread 0x000001c858f88870 Exception <a 'java/lang/InterruptedException'{0x00000006278c07b8}: sleep interrupted> (0x00000006278c07b8) 
thrown [s\src\hotspot\share\prims\jvm.cpp, line 3074]
Event: 20.106 Thread 0x000001c858f88870 Exception <a 'java/lang/InterruptedException'{0x00000006278c0ad0}: sleep interrupted> (0x00000006278c0ad0) 
thrown [s\src\hotspot\share\prims\jvm.cpp, line 3074]
Event: 20.107 Thread 0x000001c858f88870 Exception <a 'java/lang/InterruptedException'{0x00000006278c0de8}: sleep interrupted> (0x00000006278c0de8) 
thrown [s\src\hotspot\share\prims\jvm.cpp, line 3074]
Event: 20.110 Thread 0x000001c858f88870 Exception <a 'java/lang/InterruptedException'{0x00000006278c1100}: sleep interrupted> (0x00000006278c1100) 
thrown [s\src\hotspot\share\prims\jvm.cpp, line 3074]
Event: 20.112 Thread 0x000001c858f88870 Exception <a 'java/lang/InterruptedException'{0x00000006278c1418}: sleep interrupted> (0x00000006278c1418) 
thrown [s\src\hotspot\share\prims\jvm.cpp, line 3074]
Event: 20.113 Thread 0x000001c858f88870 Exception <a 'java/lang/InterruptedException'{0x00000006278c1730}: sleep interrupted> (0x00000006278c1730) 
thrown [s\src\hotspot\share\prims\jvm.cpp, line 3074]
Event: 20.115 Thread 0x000001c858f88870 Exception <a 'java/lang/InterruptedException'{0x00000006278c1a48}: sleep interrupted> (0x00000006278c1a48) 
thrown [s\src\hotspot\share\prims\jvm.cpp, line 3074]
Event: 20.117 Thread 0x000001c858f88870 Exception <a 'java/lang/InterruptedException'{0x00000006278c1d60}: sleep interrupted> (0x00000006278c1d60) 
thrown [s\src\hotspot\share\prims\jvm.cpp, line 3074]
Event: 20.118 Thread 0x000001c858f88870 Exception <a 'java/lang/InterruptedException'{0x00000006278c2078}: sleep interrupted> (0x00000006278c2078) 
thrown [s\src\hotspot\share\prims\jvm.cpp, line 3074]
Event: 20.119 Thread 0x000001c858f88870 Exception <a 'java/lang/InterruptedException'{0x00000006278c2390}: sleep interrupted> (0x00000006278c2390) 
thrown [s\src\hotspot\share\prims\jvm.cpp, line 3074]
Event: 20.120 Thread 0x000001c858f88870 Exception <a 'java/lang/InterruptedException'{0x00000006278c26a8}: sleep interrupted> (0x00000006278c26a8) 
thrown [s\src\hotspot\share\prims\jvm.cpp, line 3074]
Event: 20.122 Thread 0x000001c858f88870 Exception <a 'java/lang/InterruptedException'{0x00000006278c29c0}: sleep interrupted> (0x00000006278c29c0) 
thrown [s\src\hotspot\share\prims\jvm.cpp, line 3074]
Event: 20.124 Thread 0x000001c858f88870 Exception <a 'java/lang/InterruptedException'{0x00000006278c2cd8}: sleep interrupted> (0x00000006278c2cd8) 
thrown [s\src\hotspot\share\prims\jvm.cpp, line 3074]
Event: 20.125 Thread 0x000001c858f88870 Exception <a 'java/lang/InterruptedException'{0x00000006278c2ff0}: sleep interrupted> (0x00000006278c2ff0) 
thrown [s\src\hotspot\share\prims\jvm.cpp, line 3074]
Event: 20.133 Thread 0x000001c858f88870 Exception <a 'java/lang/InterruptedException'{0x00000006278c3308}: sleep interrupted> (0x00000006278c3308) 
thrown [s\src\hotspot\share\prims\jvm.cpp, line 3074]

ZGC Phase Switch (0 events):
No events

VM Operations (20 events):
Event: 8.207 Executing VM operation: Cleanup done
Event: 10.207 Executing VM operation: Cleanup
Event: 10.208 Executing VM operation: Cleanup done
Event: 11.208 Executing VM operation: Cleanup
Event: 11.208 Executing VM operation: Cleanup done
Event: 14.210 Executing VM operation: Cleanup
Event: 14.210 Executing VM operation: Cleanup done
Event: 15.210 Executing VM operation: Cleanup
Event: 15.211 Executing VM operation: Cleanup done
Event: 16.211 Executing VM operation: Cleanup
Event: 16.211 Executing VM operation: Cleanup done
Event: 17.212 Executing VM operation: Cleanup
Event: 17.212 Executing VM operation: Cleanup done
Event: 22.215 Executing VM operation: Cleanup
Event: 22.215 Executing VM operation: Cleanup done
Event: 29.218 Executing VM operation: Cleanup
Event: 29.218 Executing VM operation: Cleanup done
Event: 31.218 Executing VM operation: Cleanup
Event: 31.218 Executing VM operation: Cleanup done
Event: 41.119 Executing VM operation: Exit

Memory protections (0 events):
No events

Nmethod flushes (0 events):
No events

Events (20 events):
Event: 3.179 Thread 0x000001c87f74d9e0 Thread added: 0x000001c87f74bea0
Event: 3.281 Thread 0x000001c87f74d9e0 Thread added: 0x000001c87f74b7d0
Event: 3.399 Thread 0x000001c85d89af60 Thread exited: 0x000001c85d89af60
Event: 4.275 Thread 0x000001c87f74b7d0 Thread exited: 0x000001c87f74b7d0
Event: 4.669 Thread 0x000001c87f74bea0 Thread exited: 0x000001c87f74bea0
Event: 41.006 Thread 0x000001c8115d6ed0 Thread exited: 0x000001c8115d6ed0
Event: 41.006 Thread 0x000001c811586a20 Thread added: 0x000001c85d89dd50
Event: 41.006 Thread 0x000001c811586a20 Thread added: 0x000001c85d89e3e0
Event: 41.006 Thread 0x000001c811586a20 Thread added: 0x000001c85d89af60
Event: 41.006 Thread 0x000001c811586a20 Thread added: 0x000001c85d89b5f0
Event: 41.006 Thread 0x000001c811586a20 Thread added: 0x000001c85d89f100
Event: 41.006 Thread 0x000001c811586a20 Thread added: 0x000001c85d8a04b0
Event: 41.007 Thread 0x000001c85d89af60 Thread exited: 0x000001c85d89af60
Event: 41.007 Thread 0x000001c85d89e3e0 Thread exited: 0x000001c85d89e3e0
Event: 41.008 Thread 0x000001c85d89f100 Thread exited: 0x000001c85d89f100
Event: 41.013 Thread 0x000001c85d8a04b0 Thread exited: 0x000001c85d8a04b0
Event: 41.018 Thread 0x000001c85d89dd50 Thread exited: 0x000001c85d89dd50
Event: 41.117 Thread 0x000001c811569a70 Thread exited: 0x000001c811569a70
Event: 41.118 Thread 0x000001c85d89b5f0 Thread exited: 0x000001c85d89b5f0
Event: 41.118 Thread 0x000001c811586a20 Before exit entered


Dynamic libraries:
0x00007ff7d8d50000 - 0x00007ff7d8d5e000 	C:\Users\gagek\.p2\pool\plugins\org.eclipse.justj.openjdk.hotspot.jre.full.win32.x86_64_21.0.8.v20250724-1412\jre\bin\javaw.exe
0x00007ffe18220000 - 0x00007ffe18487000 	C:\windows\SYSTEM32\ntdll.dll
0x00007ffe17580000 - 0x00007ffe17649000 	C:\windows\System32\KERNEL32.DLL
0x00007ffe15590000 - 0x00007ffe15980000 	C:\windows\System32\KERNELBASE.dll
0x00007ffe15e60000 - 0x00007ffe15fab000 	C:\windows\System32\ucrtbase.dll
0x00007ffe0e070000 - 0x00007ffe0e088000 	C:\Users\gagek\.p2\pool\plugins\org.eclipse.justj.openjdk.hotspot.jre.full.win32.x86_64_21.0.8.v20250724-1412\jre\bin\jli.dll
0x00007ffe101a0000 - 0x00007ffe101be000 	C:\Users\gagek\.p2\pool\plugins\org.eclipse.justj.openjdk.hotspot.jre.full.win32.x86_64_21.0.8.v20250724-1412\jre\bin\VCRUNTIME140.dll
0x00007ffe15fb0000 - 0x00007ffe16175000 	C:\windows\System32\USER32.dll
0x00007ffdf38e0000 - 0x00007ffdf3b7a000 	C:\windows\WinSxS\amd64_microsoft.windows.common-controls_6595b64144ccf1df_6.0.26100.4768_none_3e0c112ce331287c\COMCTL32.dll
0x00007ffe15560000 - 0x00007ffe15587000 	C:\windows\System32\win32u.dll
0x00007ffe17860000 - 0x00007ffe17909000 	C:\windows\System32\msvcrt.dll
0x00007ffe17be0000 - 0x00007ffe17c0b000 	C:\windows\System32\GDI32.dll
0x00007ffe15b10000 - 0x00007ffe15c48000 	C:\windows\System32\gdi32full.dll
0x00007ffe154b0000 - 0x00007ffe15553000 	C:\windows\System32\msvcp_win.dll
0x00007ffe17c10000 - 0x00007ffe17c3f000 	C:\windows\System32\IMM32.DLL
0x00007ffe10ba0000 - 0x00007ffe10bac000 	C:\Users\gagek\.p2\pool\plugins\org.eclipse.justj.openjdk.hotspot.jre.full.win32.x86_64_21.0.8.v20250724-1412\jre\bin\vcruntime140_1.dll
0x00007ffdce9b0000 - 0x00007ffdcea3d000 	C:\Users\gagek\.p2\pool\plugins\org.eclipse.justj.openjdk.hotspot.jre.full.win32.x86_64_21.0.8.v20250724-1412\jre\bin\msvcp140.dll
0x00007ffd03110000 - 0x00007ffd03ea7000 	C:\Users\gagek\.p2\pool\plugins\org.eclipse.justj.openjdk.hotspot.jre.full.win32.x86_64_21.0.8.v20250724-1412\jre\bin\server\jvm.dll
0x00007ffe16b50000 - 0x00007ffe16c04000 	C:\windows\System32\ADVAPI32.dll
0x00007ffe17910000 - 0x00007ffe179b6000 	C:\windows\System32\sechost.dll
0x00007ffe179c0000 - 0x00007ffe17ad8000 	C:\windows\System32\RPCRT4.dll
0x00007ffe16720000 - 0x00007ffe16794000 	C:\windows\System32\WS2_32.dll
0x00007ffe151b0000 - 0x00007ffe1520e000 	C:\windows\SYSTEM32\POWRPROF.dll
0x00007ffe0a3a0000 - 0x00007ffe0a3ab000 	C:\windows\SYSTEM32\VERSION.dll
0x00007ffe0d720000 - 0x00007ffe0d755000 	C:\windows\SYSTEM32\WINMM.dll
0x00007ffe15190000 - 0x00007ffe151a4000 	C:\windows\SYSTEM32\UMPDC.dll
0x00007ffe14090000 - 0x00007ffe140ab000 	C:\windows\SYSTEM32\kernel.appcore.dll
0x00007ffe10f40000 - 0x00007ffe10f4a000 	C:\Users\gagek\.p2\pool\plugins\org.eclipse.justj.openjdk.hotspot.jre.full.win32.x86_64_21.0.8.v20250724-1412\jre\bin\jimage.dll
0x00007ffe12700000 - 0x00007ffe12941000 	C:\windows\SYSTEM32\DBGHELP.DLL
0x00007ffe167c0000 - 0x00007ffe16b45000 	C:\windows\System32\combase.dll
0x00007ffe173f0000 - 0x00007ffe174d0000 	C:\windows\System32\OLEAUT32.dll
0x00007ffdf4390000 - 0x00007ffdf43d3000 	C:\windows\SYSTEM32\dbgcore.DLL
0x00007ffe15410000 - 0x00007ffe154a9000 	C:\windows\System32\bcryptPrimitives.dll
0x00007ffdf5db0000 - 0x00007ffdf5dcf000 	C:\Users\gagek\.p2\pool\plugins\org.eclipse.justj.openjdk.hotspot.jre.full.win32.x86_64_21.0.8.v20250724-1412\jre\bin\java.dll
0x00007ffe16c10000 - 0x00007ffe1735d000 	C:\windows\System32\SHELL32.dll
0x00007ffe15990000 - 0x00007ffe15b03000 	C:\windows\System32\wintypes.dll
0x00007ffe12ef0000 - 0x00007ffe13750000 	C:\windows\SYSTEM32\windows.storage.dll
0x00007ffe17ae0000 - 0x00007ffe17bd5000 	C:\windows\System32\SHCORE.dll
0x00007ffe17cb0000 - 0x00007ffe17d1a000 	C:\windows\System32\shlwapi.dll
0x00007ffe15270000 - 0x00007ffe15299000 	C:\windows\SYSTEM32\profapi.dll
0x00007ffdf3740000 - 0x00007ffdf3758000 	C:\Users\gagek\.p2\pool\plugins\org.eclipse.justj.openjdk.hotspot.jre.full.win32.x86_64_21.0.8.v20250724-1412\jre\bin\zip.dll
0x00007ffe08820000 - 0x00007ffe08830000 	C:\Users\gagek\.p2\pool\plugins\org.eclipse.justj.openjdk.hotspot.jre.full.win32.x86_64_21.0.8.v20250724-1412\jre\bin\net.dll
0x00007ffe0e680000 - 0x00007ffe0e79e000 	C:\windows\SYSTEM32\WINHTTP.dll
0x00007ffe14600000 - 0x00007ffe1466b000 	C:\windows\system32\mswsock.dll
0x00007ffdf3720000 - 0x00007ffdf3736000 	C:\Users\gagek\.p2\pool\plugins\org.eclipse.justj.openjdk.hotspot.jre.full.win32.x86_64_21.0.8.v20250724-1412\jre\bin\nio.dll
0x00007ffdbcef0000 - 0x00007ffdbd07e000 	C:\Users\gagek\.p2\pool\plugins\org.eclipse.justj.openjdk.hotspot.jre.full.win32.x86_64_21.0.8.v20250724-1412\jre\bin\awt.dll
0x00007ffe11250000 - 0x00007ffe112ee000 	C:\windows\SYSTEM32\apphelp.dll
0x00007ffe11730000 - 0x00007ffe11765000 	C:\windows\system32\DWMAPI.DLL
0x00007ffe115c0000 - 0x00007ffe1166f000 	C:\windows\system32\uxtheme.dll
0x00007ffd9a180000 - 0x00007ffd9a298000 	C:\windows\system32\opengl32.dll
0x00007ffdead80000 - 0x00007ffdeadad000 	C:\windows\SYSTEM32\GLU32.dll
0x00007ffe11c50000 - 0x00007ffe11c9d000 	C:\windows\SYSTEM32\dxcore.dll
0x00007ffe165b0000 - 0x00007ffe16711000 	C:\windows\System32\MSCTF.dll
0x00007ffe16400000 - 0x00007ffe165a0000 	C:\windows\System32\ole32.dll
0x00007ffdbfb10000 - 0x00007ffdbfb97000 	C:\Users\gagek\.p2\pool\plugins\org.eclipse.justj.openjdk.hotspot.jre.full.win32.x86_64_21.0.8.v20250724-1412\jre\bin\freetype.dll
0x00007ffdbdf60000 - 0x00007ffdbe04b000 	C:\Users\gagek\.p2\pool\plugins\org.eclipse.justj.openjdk.hotspot.jre.full.win32.x86_64_21.0.8.v20250724-1412\jre\bin\fontmanager.dll
0x00007ffe06dc0000 - 0x00007ffe06f11000 	C:\windows\SYSTEM32\textinputframework.dll
0x00007ffdcf690000 - 0x00007ffdcf70d000 	C:\windows\system32\Oleacc.dll
0x00007ffe17750000 - 0x00007ffe177f8000 	C:\windows\System32\clbcatq.dll
0x00007ffdd46f0000 - 0x00007ffdd474e000 	C:\windows\system32\ApplicationTargetedFeatureDatabase.dll
0x00007ffe0ac30000 - 0x00007ffe0ae68000 	C:\Windows\System32\twinapi.appcore.dll
0x00007ffe10f30000 - 0x00007ffe10f40000 	C:\Users\gagek\.p2\pool\plugins\org.eclipse.justj.openjdk.hotspot.jre.full.win32.x86_64_21.0.8.v20250724-1412\jre\bin\verify.dll
0x0000000180000000 - 0x0000000180053000 	C:\MinecraftAlphaDev\libraries\natives\lwjgl64.dll
0x00007ffe0dec0000 - 0x00007ffe0df89000 	C:\windows\SYSTEM32\mscms.dll
0x00007ffdf7470000 - 0x00007ffdf74e0000 	C:\Windows\System32\Windows.Internal.Graphics.Display.DisplayColorManagement.dll
0x00007ffe14f10000 - 0x00007ffe14f67000 	C:\windows\SYSTEM32\cfgmgr32.dll
0x00007ffe0e060000 - 0x00007ffe0e067000 	C:\Users\gagek\.p2\pool\plugins\org.eclipse.justj.openjdk.hotspot.jre.full.win32.x86_64_21.0.8.v20250724-1412\jre\bin\jawt.dll
0x00007ffe0b360000 - 0x00007ffe0b3ca000 	C:\windows\SYSTEM32\directxdatabasehelper.dll
0x00007ffdf9260000 - 0x00007ffdf927a000 	C:\windows\SYSTEM32\windows.staterepositorycore.dll
0x00007ffcf01c0000 - 0x00007ffcf178b000 	C:\windows\System32\DriverStore\FileRepository\iigd_dch.inf_amd64_9ce4d8a46710e0e5\igxelpgicd64.dll
0x00007ffe12bf0000 - 0x00007ffe12d2e000 	C:\windows\SYSTEM32\dxgi.dll
0x00007ffd69440000 - 0x00007ffd69463000 	C:\windows\SYSTEM32\d3d12.dll
0x00007ffdfab90000 - 0x00007ffdfad37000 	C:\windows\System32\DriverStore\FileRepository\iigd_dch.inf_amd64_9ce4d8a46710e0e5\igdml64.dll
0x00007ffd4a1a0000 - 0x00007ffd4a61e000 	C:\Users\gagek\AppData\Roaming\ow-electron\jilehohlakeokncafogkgnicgndeecdiengddbcc\packages\emifmpeaagaaglhaimndbhcpkjfmjhfnjjpoibdo\1.8.21\owe-client-x64.dll
0x00007ffe04790000 - 0x00007ffe04d23000 	C:\windows\System32\DriverStore\FileRepository\iigd_dch.inf_amd64_9ce4d8a46710e0e5\igdgmm64.dll
0x00007ffe141c0000 - 0x00007ffe141f6000 	C:\windows\SYSTEM32\ntmarta.dll
0x00007ffd96ac0000 - 0x00007ffd96d37000 	C:\windows\SYSTEM32\D3D12Core.dll
0x00007ffe15240000 - 0x00007ffe15266000 	C:\windows\SYSTEM32\bcrypt.dll
0x00007ffe0aea0000 - 0x00007ffe0b01c000 	C:\windows\SYSTEM32\drvstore.dll
0x00007ffdfdf10000 - 0x00007ffe03036000 	C:\windows\System32\DriverStore\FileRepository\iigd_dch.inf_amd64_9ce4d8a46710e0e5\igc64.dll
0x00007ffe0daa0000 - 0x00007ffe0dace000 	C:\windows\SYSTEM32\D3DSCache.dll
0x00007ffe146a0000 - 0x00007ffe146cb000 	C:\windows\SYSTEM32\USERENV.dll
0x00007ffe108d0000 - 0x00007ffe10afa000 	C:\windows\SYSTEM32\dcomp.dll
0x00007ffe101d0000 - 0x00007ffe101e9000 	C:\windows\SYSTEM32\Microsoft.Internal.WarpPal.dll
0x00007ffe10f50000 - 0x00007ffe11075000 	C:\windows\SYSTEM32\CoreMessaging.dll
0x00007ffe08f90000 - 0x00007ffe09273000 	C:\windows\SYSTEM32\CoreUIComponents.dll
0x00007ffe14840000 - 0x00007ffe1484c000 	C:\windows\SYSTEM32\CRYPTBASE.DLL
0x00007ffe149e0000 - 0x00007ffe149fb000 	C:\windows\SYSTEM32\CRYPTSP.dll
0x00007ffe13ff0000 - 0x00007ffe1402b000 	C:\windows\system32\rsaenh.dll
0x00007ffe13a20000 - 0x00007ffe13a53000 	C:\windows\SYSTEM32\IPHLPAPI.DLL
0x00007ffe17800000 - 0x00007ffe1780a000 	C:\windows\System32\NSI.dll
0x000001c857a60000 - 0x000001c857a76000 	C:\MinecraftAlphaDev\libraries\natives\jinput-dx8_64.dll
0x00007ffe0db20000 - 0x00007ffe0db6b000 	C:\windows\SYSTEM32\DINPUT8.dll
0x00007ffdfd840000 - 0x00007ffdfda22000 	C:\windows\SYSTEM32\inputhost.dll
0x00007ffe13760000 - 0x00007ffe1376f000 	C:\windows\SYSTEM32\HID.DLL
0x00007ffe17d50000 - 0x00007ffe181d6000 	C:\windows\System32\SETUPAPI.DLL
0x00007ffe14f70000 - 0x00007ffe14f9d000 	C:\windows\SYSTEM32\DEVOBJ.dll
0x000001c857f50000 - 0x000001c857fd4000 	C:\windows\System32\WINTRUST.dll
0x00007ffe15ce0000 - 0x00007ffe15e57000 	C:\windows\System32\CRYPT32.dll
0x00007ffe14a50000 - 0x00007ffe14a63000 	C:\windows\SYSTEM32\MSASN1.dll
0x000001c857ff0000 - 0x000001c858004000 	C:\MinecraftAlphaDev\libraries\natives\jinput-raw_64.dll
0x000001c858080000 - 0x000001c8580e4000 	C:\MinecraftAlphaDev\libraries\natives\OpenAL64.dll
0x00007ffe0c5a0000 - 0x00007ffe0c642000 	C:\windows\System32\MMDevApi.dll
0x00007ffd32760000 - 0x00007ffd327f4000 	C:\windows\SYSTEM32\dsound.dll
0x00007ffd98640000 - 0x00007ffd98671000 	C:\windows\SYSTEM32\winmmbase.dll
0x00007ffd326a0000 - 0x00007ffd32751000 	C:\windows\SYSTEM32\ResampleDmo.DLL
0x00007ffdfcc60000 - 0x00007ffdfcc6e000 	C:\windows\SYSTEM32\msdmo.dll
0x00007ffdfa140000 - 0x00007ffdfa302000 	C:\windows\SYSTEM32\AUDIOSES.DLL
0x00007ffe11ae0000 - 0x00007ffe11af4000 	C:\windows\SYSTEM32\resourcepolicyclient.dll
0x00007ffe13a60000 - 0x00007ffe13b86000 	C:\windows\SYSTEM32\DNSAPI.dll
0x00007ffe0e2e0000 - 0x00007ffe0e2eb000 	C:\Windows\System32\rasadhlp.dll
0x00007ffe0ec90000 - 0x00007ffe0ed16000 	C:\windows\System32\fwpuclnt.dll
0x00007ffe10e20000 - 0x00007ffe10e29000 	C:\Users\gagek\.p2\pool\plugins\org.eclipse.justj.openjdk.hotspot.jre.full.win32.x86_64_21.0.8.v20250724-1412\jre\bin\extnet.dll

JVMTI agents: none

dbghelp: loaded successfully - version: 4.0.5 - missing functions: none
symbol engine: initialized successfully - sym options: 0x614 - pdb path: .;C:\Users\gagek\.p2\pool\plugins\org.eclipse.justj.openjdk.hotspot.jre.full.win32.x86_64_21.0.8.v20250724-1412\jre\bin;C:\windows\SYSTEM32;C:\windows\WinSxS\amd64_microsoft.windows.common-controls_6595b64144ccf1df_6.0.26100.4768_none_3e0c112ce331287c;C:\Users\gagek\.p2\pool\plugins\org.eclipse.justj.openjdk.hotspot.jre.full.win32.x86_64_21.0.8.v20250724-1412\jre\bin\server;C:\MinecraftAlphaDev\libraries\natives;C:\windows\System32\DriverStore\FileRepository\iigd_dch.inf_amd64_9ce4d8a46710e0e5;C:\Users\gagek\AppData\Roaming\ow-electron\jilehohlakeokncafogkgnicgndeecdiengddbcc\packages\emifmpeaagaaglhaimndbhcpkjfmjhfnjjpoibdo\1.8.21

VM Arguments:
jvm_args: -Djava.library.path=C:\MinecraftAlphaDev\libraries\natives -Dfile.encoding=UTF-8 -Dstdout.encoding=UTF-8 -Dstderr.encoding=UTF-8 -XX:+ShowCodeDetailsInExceptionMessages 
java_command: net.minecraft.client.Minecraft
java_class_path (initial): C:\MinecraftAlphaDev\minecraft\output;C:\MinecraftAlphaDev\libraries\net\java\jinput\jinput\2.0.5\jinput-2.0.5.jar;C:\MinecraftAlphaDev\libraries\net\java\jutils\jutils\1.0.0\jutils-1.0.0.jar;C:\MinecraftAlphaDev\libraries\org\lwjgl\lwjgl\lwjgl\2.9.4-nightly-20150209\lwjgl-2.9.4-nightly-20150209.jar;C:\MinecraftAlphaDev\libraries\org\lwjgl\lwjgl\lwjgl_util\2.9.4-nightly-20150209\lwjgl_util-2.9.4-nightly-20150209.jar;C:\MinecraftAlphaDev\libraries\org\lwjgl\lwjgl\lwjgl-platform\2.9.4-nightly-20150209\lwjgl-platform-2.9.4-nightly-20150209.jar;C:\MinecraftAlphaDev\libraries\com\paulscode\codecjorbis\20230120\codecjorbis-20230120.jar;C:\MinecraftAlphaDev\libraries\com\paulscode\codecwav\20101023\codecwav-20101023.jar;C:\MinecraftAlphaDev\libraries\com\paulscode\libraryjavasound\20101123\libraryjavasound-20101123.jar;C:\MinecraftAlphaDev\libraries\com\paulscode\librarylwjglopenal\20100824\librarylwjglopenal-20100824.jar;C:\MinecraftAlphaDev\libraries\com\paulscode\soundsystem\20120107\soundsystem-20120107.jar;C:\MinecraftAlphaDev\libraries\org\mcphackers\launchwrapper\1.1.3\launchwrapper-1.1.3.jar;C:\MinecraftAlphaDev\libraries\org\json\json\20230311\json-20230311.jar;C:\MinecraftAlphaDev\libraries\org\ow2\asm\asm\9.7\asm-9.7.jar;C:\MinecraftAlphaDev\libraries\org\ow2\asm\asm-tree\9.7\asm-tree-9.7.jar;C:\MinecraftAlphaDev\minecraft\jars\deobfuscated.jar
Launcher Type: SUN_STANDARD

[Global flags]
     intx CICompilerCount                          = 4                                         {product} {ergonomic}
     uint ConcGCThreads                            = 3                                         {product} {ergonomic}
     uint G1ConcRefinementThreads                  = 11                                        {product} {ergonomic}
   size_t G1HeapRegionSize                         = 4194304                                   {product} {ergonomic}
    uintx GCDrainStackTargetSize                   = 64                                        {product} {ergonomic}
   size_t InitialHeapSize                          = 528482304                                 {product} {ergonomic}
   size_t MarkStackSize                            = 4194304                                   {product} {ergonomic}
   size_t MaxHeapSize                              = 8443133952                                {product} {ergonomic}
   size_t MaxNewSize                               = 5062524928                                {product} {ergonomic}
   size_t MinHeapDeltaBytes                        = 4194304                                   {product} {ergonomic}
   size_t MinHeapSize                              = 8388608                                   {product} {ergonomic}
    uintx NonNMethodCodeHeapSize                   = 5839372                                {pd product} {ergonomic}
    uintx NonProfiledCodeHeapSize                  = 122909434                              {pd product} {ergonomic}
    uintx ProfiledCodeHeapSize                     = 122909434                              {pd product} {ergonomic}
    uintx ReservedCodeCacheSize                    = 251658240                              {pd product} {ergonomic}
     bool SegmentedCodeCache                       = true                                      {product} {ergonomic}
     bool ShowCodeDetailsInExceptionMessages       = true                                   {manageable} {command line}
   size_t SoftMaxHeapSize                          = 8443133952                             {manageable} {ergonomic}
     bool UseCompressedOops                        = true                           {product lp64_product} {ergonomic}
     bool UseG1GC                                  = true                                      {product} {ergonomic}
     bool UseLargePagesIndividualAllocation        = false                                  {pd product} {ergonomic}

Logging:
Log output configuration:
 #0: stdout all=off uptime,level,tags foldmultilines=false
 #1: stderr all=off uptime,level,tags foldmultilines=false

Environment Variables:
PATH=C:/Users/gagek/.p2/pool/plugins/org.eclipse.justj.openjdk.hotspot.jre.full.win32.x86_64_21.0.8.v20250724-1412/jre/bin/server;C:/Users/gagek/.p2/pool/plugins/org.eclipse.justj.openjdk.hotspot.jre.full.win32.x86_64_21.0.8.v20250724-1412/jre/bin;C:\Program Files\Zulu\zulu-21\bin\;C:\Program Files (x86)\Common Files\Oracle\Java\java8path;C:\Program Files (x86)\Common Files\Oracle\Java\javapath;C:\Program Files\Oculus\Support\oculus-runtime;c:\devkitPro\msys2\usr\bin;C:\windows\system32;C:\windows;C:\windows\System32\Wbem;C:\windows\System32\WindowsPowerShell\v1.0\;C:\windows\System32\OpenSSH\;C:\Program Files\HP\HP One Agent;C:\Program Files\dotnet\;C:\Program Files (x86)\Microsoft SQL Server\160\Tools\Binn\;C:\Program Files\Microsoft SQL Server\160\Tools\Binn\;C:\Program Files\Microsoft SQL Server\Client SDK\ODBC\170\Tools\Binn\;C:\Program Files\Microsoft SQL Server\160\DTS\Binn\;C:\Program Files (x86)\Windows Kits\8.1\Windows Performance Toolkit\;C:\Program Files\Docker\Docker\resources\bin;C:\Program Files (x86)\Gpg4win\..\GnuPG\bin;C:\Users\gagek\AppData\Local\Microsoft\WindowsApps;C:\Users\gagek\AppData\Local\Programs\Microsoft VS Code\bin;C:\msys64\mingw64\bin;C:\Users\gagek\.aftman\bin;C:\Users\gagek\AppData\Local\GitHubDesktop\bin;C:\Users\gagek\AppData\Local\Muse Hub\lib;C:\Users\gagek\OneDrive\Desktop;
USERNAME=gagek
OS=Windows_NT
PROCESSOR_IDENTIFIER=Intel64 Family 6 Model 170 Stepping 4, GenuineIntel
TMP=C:\Users\gagek\AppData\Local\Temp
TEMP=C:\Users\gagek\AppData\Local\Temp




Periodic native trim disabled

---------------  S Y S T E M  ---------------

OS:
 Windows 11 , 64 bit Build 26100 (10.0.26100.4768)
OS uptime: 4 days 7:41 hours
Hyper-V role detected

CPU: total 14 (initial active 14) (7 cores per cpu, 2 threads per core) family 6 model 170 stepping 4 microcode 0x1f, cx8, cmov, fxsr, ht, mmx, 3dnowpref, sse, sse2, sse3, ssse3, sse4.1, sse4.2, popcnt, lzcnt, tsc, tscinvbit, avx, avx2, aes, erms, clmul, bmi1, bmi2, adx, sha, fma, vzeroupper, clflush, clflushopt, clwb, hv, serialize, rdtscp, rdpid, fsrm, f16c, cet_ibt, cet_ss
Processor Information for processor 0
  Max Mhz: 1700, Current Mhz: 1700, Mhz Limit: 1700
Processor Information for processor 1
  Max Mhz: 1700, Current Mhz: 1700, Mhz Limit: 1700
Processor Information for processor 2
  Max Mhz: 1200, Current Mhz: 1200, Mhz Limit: 1200
Processor Information for processor 3
  Max Mhz: 1200, Current Mhz: 1200, Mhz Limit: 1200
Processor Information for processor 4
  Max Mhz: 1200, Current Mhz: 1200, Mhz Limit: 1200
Processor Information for processor 5
  Max Mhz: 1200, Current Mhz: 1200, Mhz Limit: 1200
Processor Information for processor 6
  Max Mhz: 1200, Current Mhz: 1200, Mhz Limit: 1200
Processor Information for processor 7
  Max Mhz: 1200, Current Mhz: 1200, Mhz Limit: 1200
Processor Information for processor 8
  Max Mhz: 1200, Current Mhz: 1200, Mhz Limit: 1200
Processor Information for processor 9
  Max Mhz: 1200, Current Mhz: 1200, Mhz Limit: 1200
Processor Information for processor 10
  Max Mhz: 1700, Current Mhz: 1700, Mhz Limit: 1700
Processor Information for processor 11
  Max Mhz: 1700, Current Mhz: 1457, Mhz Limit: 1700
Processor Information for processor 12
  Max Mhz: 700, Current Mhz: 700, Mhz Limit: 700
Processor Information for processor 13
  Max Mhz: 700, Current Mhz: 700, Mhz Limit: 700

Memory: 4k page, system-wide physical 32203M (12911M free)
TotalPageFile size 37835M (AvailPageFile size 8995M)
current process WorkingSet (physical memory assigned to process): 182M, peak: 210M
current process commit charge ("private bytes"): 687M, peak: 710M

vm_info: OpenJDK 64-Bit Server VM (21.0.8+9-LTS) for windows-amd64 JRE (21.0.8+9-LTS), built on 2025-07-15T00:00:00Z by "admin" with MS VC++ 17.7 (VS2022)

END.
