#
# A fatal error has been detected by the Java Runtime Environment:
#
#  EXCEPTION_ACCESS_VIOLATION (0xc0000005) at pc=0x00007ffd33358c80, pid=27340, tid=32772
#
# JRE version: OpenJDK Runtime Environment Temurin-21.0.8+9 (21.0.8+9) (build 21.0.8+9-LTS)
# Java VM: OpenJDK 64-Bit Server VM Temurin-21.0.8+9 (21.0.8+9-LTS, mixed mode, sharing, tiered, compressed oops, compressed class ptrs, g1 gc, windows-amd64)
# Problematic frame:
# C  [owe-client-x64.dll+0x3c8c80]
#
# No core dump will be written. Minidumps are not enabled by default on client versions of Windows
#
# If you would like to submit a bug report, please visit:
#   https://github.com/adoptium/adoptium-support/issues
#

---------------  S U M M A R Y ------------

Command Line: -Djava.library.path=C:\MinecraftAlphaDev\libraries\natives -Dfile.encoding=UTF-8 -Dstdout.encoding=UTF-8 -Dstderr.encoding=UTF-8 -XX:+ShowCodeDetailsInExceptionMessages net.minecraft.client.Minecraft

Host: Intel(R) Core(TM) Ultra 7 155U, 14 cores, 31G,  Windows 11 , 64 bit Build 26100 (10.0.26100.4768)
Time: Mon Sep  8 19:48:57 2025 Central Daylight Time elapsed time: 81.029384 seconds (0d 0h 1m 21s)

---------------  T H R E A D  ---------------

Current thread (0x000002ebe1d38290):  VMThread "VM Thread"          [id=32772, stack(0x000000ff6c900000,0x000000ff6ca00000) (1024K)]

Stack: [0x000000ff6c900000,0x000000ff6ca00000],  sp=0x000000ff6c9fec88,  free space=1019k
Native frames: (J=compiled Java code, j=interpreted, Vv=VM code, C=native code)
C  [owe-client-x64.dll+0x3c8c80]


siginfo: EXCEPTION_ACCESS_VIOLATION (0xc0000005), data execution prevention violation at address 0x00007ffd33358c80


Registers:
RAX=0x00007ffd332fe300, RBX=0x0000000000000000, RCX=0x000002ec2ef3dac0, RDX=0x00007ffd333c5018
RSP=0x000000ff6c9fec88, RBP=0x000000ff6c9ff180, RSI=0x00007ffd999d0000, RDI=0x0000000000000001
R8 =0x000002ebc0410280, R9 =0x000000ff6be08000, R10=0x00007ffe183eeea0, R11=0x000002ebe299c380
R12=0x0000000000000001, R13=0x00007ffd99a2bdf0, R14=0x0000000000000000, R15=0x00007ffd999d0000
RIP=0x00007ffd33358c80, EFLAGS=0x0000000000010206

XMM[0]=0x0000000000000000 0x0000000000000000
XMM[1]=0x0000000000000000 0x0000000000000000
XMM[2]=0x0000000000000000 0x0000000000000000
XMM[3]=0x0000000000000000 0x0000000000000000
XMM[4]=0x0000000000000000 0x0000000000000000
XMM[5]=0x0000000000000000 0x0000000000000000
XMM[6]=0x0000000000000000 0x0000000000000000
XMM[7]=0x0000000000000000 0x404e000000000000
XMM[8]=0x0000000000000000 0x0000000000000000
XMM[9]=0x0000000000000000 0x0000000000000000
XMM[10]=0x0000000000000000 0x0000000000000000
XMM[11]=0x0000000000000000 0x0000000000000000
XMM[12]=0x0000000000000000 0x0000000000000000
XMM[13]=0x0000000000000000 0x0000000000000000
XMM[14]=0x0000000000000000 0x0000000000000000
XMM[15]=0x0000000000000000 0x0000000000000000
  MXCSR=0x00001fa2


Register to memory mapping:

RAX=0x00007ffd332fe300 owe-client-x64.dll
RBX=0x0 is null
RCX=0x000002ec2ef3dac0 points into unknown readable memory: 0x00007ffd332fe300 | 00 e3 2f 33 fd 7f 00 00
RDX=0x00007ffd333c5018 owe-client-x64.dll
RSP=0x000000ff6c9fec88 points into unknown readable memory: 0x00007ffd3304ac99 | 99 ac 04 33 fd 7f 00 00
RBP=0x000000ff6c9ff180 points into unknown readable memory: 0x000002ebe1d2eb10 | 10 eb d2 e1 eb 02 00 00
RSI=0x00007ffd999d0000 opengl32.dll
RDI=0x0000000000000001 is an unknown value
R8 =0x000002ebc0410280 points into unknown readable memory: 0x00007ffd340c5460 | 60 54 0c 34 fd 7f 00 00
R9 =0x000000ff6be08000 points into unknown readable memory: 0x0000000000000000 | 00 00 00 00 00 00 00 00
R10=0x00007ffe183eeea0 ntdll.dll
R11=0x000002ebe299c380 points into unknown readable memory: 0x000002ebe299bd20 | 20 bd 99 e2 eb 02 00 00
R12=0x0000000000000001 is an unknown value
R13=0x00007ffd99a2bdf0 opengl32.dll
R14=0x0 is null
R15=0x00007ffd999d0000 opengl32.dll

Top of Stack: (sp=0x000000ff6c9fec88)
0x000000ff6c9fec88:   00007ffd3304ac99 00007ffd333cc7b8
0x000000ff6c9fec98:   00007ffd333c5018 000002ec2805af40
0x000000ff6c9feca8:   0000000000000000 fffffffffffffffe
0x000000ff6c9fecb8:   00007ffd3304b0f7 000002ec2ef3dac0
0x000000ff6c9fecc8:   00007ffd333c5018 000002ebc08db178
0x000000ff6c9fecd8:   0000000000000000 0000000000000000
0x000000ff6c9fece8:   000002ec2ef3dac0 00007ffd99a2bdf0
0x000000ff6c9fecf8:   000002ec2ef3d140 000002ec2ef3c140
0x000000ff6c9fed08:   00007ffe182243e1 0000000000000001
0x000000ff6c9fed18:   00007ffd999dca16 0000000000010000
0x000000ff6c9fed28:   000002ebc08db0d8 000002ebe299c380
0x000000ff6c9fed38:   00007ffe18224273 0000000000000001
0x000000ff6c9fed48:   00007ffd999dc7d0 000000ff6c9ff180
0x000000ff6c9fed58:   0000000000000000 00007ffd999d0000
0x000000ff6c9fed68:   0000000000000000 0000000000000000
0x000000ff6c9fed78:   00007ffd999dc255 0000000000000000
0x000000ff6c9fed88:   000000ff6c9ff180 00007ffd999d0000
0x000000ff6c9fed98:   0000000000000000 0000000000000000
0x000000ff6c9feda8:   00007ffd99a2bf19 0000000000000001
0x000000ff6c9fedb8:   000000ff6c9ff180 00007ffe165b0000
0x000000ff6c9fedc8:   00007ffe15f988c0 000000ff00000001
0x000000ff6c9fedd8:   00007ffe15eab8aa 000000ff6c9f0101
0x000000ff6c9fede8:   000000ff6c9fee68 000000ff6c9ff180
0x000000ff6c9fedf8:   00000000c0000005 00007ffe00000000
0x000000ff6c9fee08:   00007ffe15eab84d 0000000000000001
0x000000ff6c9fee18:   00007ffe15f125ec 000000ff6c9ff180
0x000000ff6c9fee28:   000000ff6c9fee58 fffffffffffffffe
0x000000ff6c9fee38:   00007ffe15eab84d 0000000000000001
0x000000ff6c9fee48:   00007ffe16446693 00007ffe16512c60
0x000000ff6c9fee58:   c00000050000000d ffffffff0000000d
0x000000ff6c9fee68:   000000ff6c9fee50 0000000000000000
0x000000ff6c9fee78:   00007ffe1644633f 0000000000000000 

Instructions: (pc=0x00007ffd33358c80)
0x00007ffd33358b80:   00 00 00 00 00 00 00 00 00 00 00 00 00 00 00 00
0x00007ffd33358b90:   40 e5 42 00 01 00 00 00 00 00 00 00 ff ff ff ff
0x00007ffd33358ba0:   00 00 00 00 40 00 00 00 60 8b 3c 00 00 00 00 00
0x00007ffd33358bb0:   00 00 00 00 00 00 00 00 00 00 00 00 00 00 00 00
0x00007ffd33358bc0:   01 00 00 00 d0 8b 3c 00 00 00 00 00 00 00 00 00
0x00007ffd33358bd0:   e0 8b 3c 00 00 00 00 00 00 00 00 00 00 00 00 00
0x00007ffd33358be0:   e8 e5 42 00 00 00 00 00 00 00 00 00 ff ff ff ff
0x00007ffd33358bf0:   00 00 00 00 40 00 00 00 b8 8b 3c 00 00 00 00 00
0x00007ffd33358c00:   00 00 00 00 00 00 00 00 01 00 00 00 00 00 00 00
0x00007ffd33358c10:   00 00 00 00 18 e6 42 00 30 8c 3c 00 08 8c 3c 00
0x00007ffd33358c20:   00 00 00 00 00 00 00 00 00 00 00 00 00 00 00 00
0x00007ffd33358c30:   00 00 00 00 00 00 00 00 01 00 00 00 48 8c 3c 00
0x00007ffd33358c40:   00 00 00 00 00 00 00 00 58 8c 3c 00 00 00 00 00
0x00007ffd33358c50:   00 00 00 00 00 00 00 00 18 e6 42 00 00 00 00 00
0x00007ffd33358c60:   00 00 00 00 ff ff ff ff 00 00 00 00 40 00 00 00
0x00007ffd33358c70:   30 8c 3c 00 00 00 00 00 00 00 00 00 00 00 00 00
0x00007ffd33358c80:   01 00 00 00 00 00 00 00 00 00 00 00 40 e6 42 00
0x00007ffd33358c90:   a8 8c 3c 00 80 8c 3c 00 00 00 00 00 00 00 00 00
0x00007ffd33358ca0:   00 00 00 00 00 00 00 00 00 00 00 00 01 00 00 00
0x00007ffd33358cb0:   03 00 00 00 c0 8c 3c 00 00 00 00 00 00 00 00 00
0x00007ffd33358cc0:   e0 8c 3c 00 58 8c 3c 00 08 8d 3c 00 00 00 00 00
0x00007ffd33358cd0:   00 00 00 00 00 00 00 00 00 00 00 00 00 00 00 00
0x00007ffd33358ce0:   40 e6 42 00 02 00 00 00 00 00 00 00 ff ff ff ff
0x00007ffd33358cf0:   00 00 00 00 40 00 00 00 a8 8c 3c 00 00 00 00 00
0x00007ffd33358d00:   00 00 00 00 00 00 00 00 60 e6 42 00 00 00 00 00
0x00007ffd33358d10:   10 00 00 00 ff ff ff ff 00 00 00 00 40 00 00 00
0x00007ffd33358d20:   30 8d 3c 00 00 00 00 00 00 00 00 00 00 00 00 00
0x00007ffd33358d30:   00 00 00 00 00 00 00 00 01 00 00 00 48 8d 3c 00
0x00007ffd33358d40:   00 00 00 00 00 00 00 00 58 8d 3c 00 00 00 00 00
0x00007ffd33358d50:   00 00 00 00 00 00 00 00 60 e6 42 00 00 00 00 00
0x00007ffd33358d60:   00 00 00 00 ff ff ff ff 00 00 00 00 40 00 00 00
0x00007ffd33358d70:   30 8d 3c 00 00 00 00 00 00 00 00 00 00 00 00 00 


Stack slot to memory mapping:

stack at sp + 0 slots: 0x00007ffd3304ac99 owe-client-x64.dll
stack at sp + 1 slots: 0x00007ffd333cc7b8 owe-client-x64.dll
stack at sp + 2 slots: 0x00007ffd333c5018 owe-client-x64.dll
stack at sp + 3 slots: 0x000002ec2805af40 points into unknown readable memory: 0x00007ffe166d0150 | 50 01 6d 16 fe 7f 00 00
stack at sp + 4 slots: 0x0 is null
stack at sp + 5 slots: 0xfffffffffffffffe is an unknown value
stack at sp + 6 slots: 0x00007ffd3304b0f7 owe-client-x64.dll
stack at sp + 7 slots: 0x000002ec2ef3dac0 points into unknown readable memory: 0x00007ffd332fe300 | 00 e3 2f 33 fd 7f 00 00

VM_Operation (0x000000ff6d8fe8c0): Exit, mode: safepoint, requested by thread 0x000002ec280028a0


---------------  P R O C E S S  ---------------

Threads class SMR info:
_java_thread_list=0x000002ec2eb48060, length=18, elements={
0x000002ebe1d4ba70, 0x000002ebe1d4e6d0, 0x000002ebe25d74f0, 0x000002ebe25d8140,
0x000002ebe25daba0, 0x000002ebe25dc600, 0x000002ebe25dd380, 0x000002ebe25dde10,
0x000002ebe2759c90, 0x000002ebe275d310, 0x000002ebe29a6020, 0x000002ebe29b2010,
0x000002ec280028a0, 0x000002ebe29ce3d0, 0x000002ebc0581190, 0x000002ec2844dde0,
0x000002ec282caec0, 0x000002ec2f000120
}

Java Threads: ( => current thread )
  0x000002ebe1d4ba70 JavaThread "Reference Handler"          daemon [_thread_blocked, id=32652, stack(0x000000ff6ca00000,0x000000ff6cb00000) (1024K)]
  0x000002ebe1d4e6d0 JavaThread "Finalizer"                  daemon [_thread_blocked, id=40532, stack(0x000000ff6cb00000,0x000000ff6cc00000) (1024K)]
  0x000002ebe25d74f0 JavaThread "Signal Dispatcher"          daemon [_thread_blocked, id=20156, stack(0x000000ff6cc00000,0x000000ff6cd00000) (1024K)]
  0x000002ebe25d8140 JavaThread "Attach Listener"            daemon [_thread_blocked, id=35756, stack(0x000000ff6cd00000,0x000000ff6ce00000) (1024K)]
  0x000002ebe25daba0 JavaThread "Service Thread"             daemon [_thread_blocked, id=30808, stack(0x000000ff6ce00000,0x000000ff6cf00000) (1024K)]
  0x000002ebe25dc600 JavaThread "Monitor Deflation Thread"   daemon [_thread_blocked, id=38420, stack(0x000000ff6cf00000,0x000000ff6d000000) (1024K)]
  0x000002ebe25dd380 JavaThread "C2 CompilerThread0"         daemon [_thread_blocked, id=24752, stack(0x000000ff6d000000,0x000000ff6d100000) (1024K)]
  0x000002ebe25dde10 JavaThread "C1 CompilerThread0"         daemon [_thread_blocked, id=38980, stack(0x000000ff6d100000,0x000000ff6d200000) (1024K)]
  0x000002ebe2759c90 JavaThread "Notification Thread"        daemon [_thread_blocked, id=27488, stack(0x000000ff6d200000,0x000000ff6d300000) (1024K)]
  0x000002ebe275d310 JavaThread "Common-Cleaner"             daemon [_thread_blocked, id=34216, stack(0x000000ff6d300000,0x000000ff6d400000) (1024K)]
  0x000002ebe29a6020 JavaThread "Java2D Disposer"            daemon [_thread_blocked, id=25352, stack(0x000000ff6d500000,0x000000ff6d600000) (1024K)]
  0x000002ebe29b2010 JavaThread "AWT-Shutdown"                      [_thread_blocked, id=9596, stack(0x000000ff6d600000,0x000000ff6d700000) (1024K)]
  0x000002ec280028a0 JavaThread "AWT-EventQueue-0"                  [_thread_blocked, id=7420, stack(0x000000ff6d800000,0x000000ff6d900000) (1024K)]
  0x000002ebe29ce3d0 JavaThread "Timer hack thread"          daemon [_thread_blocked, id=29372, stack(0x000000ff6d900000,0x000000ff6da00000) (1024K)]
  0x000002ebc0581190 JavaThread "DestroyJavaVM"                     [_thread_blocked, id=14184, stack(0x000000ff6c200000,0x000000ff6c300000) (1024K)]
  0x000002ec2844dde0 JavaThread "Thread-2"                   daemon [_thread_in_native, id=37796, stack(0x000000ff6e100000,0x000000ff6e200000) (1024K)]
  0x000002ec282caec0 JavaThread "Thread-3"                          [_thread_blocked, id=30052, stack(0x000000ff6e200000,0x000000ff6e300000) (1024K)]
  0x000002ec2f000120 JavaThread "Thread-4"                          [_thread_blocked, id=33484, stack(0x000000ff6e900000,0x000000ff6ea00000) (1024K)]
Total: 18

Other Threads:
=>0x000002ebe1d38290 VMThread "VM Thread"                           [id=32772, stack(0x000000ff6c900000,0x000000ff6ca00000) (1024K)]
  0x000002ebc2aa16a0 WorkerThread "GC Thread#0"                     [id=23600, stack(0x000000ff6c300000,0x000000ff6c400000) (1024K)]
  0x000002ec2a87cd30 WorkerThread "GC Thread#1"                     [id=11032, stack(0x000000ff6ef00000,0x000000ff6f000000) (1024K)]
  0x000002ec2a87beb0 WorkerThread "GC Thread#2"                     [id=27148, stack(0x000000ff6f000000,0x000000ff6f100000) (1024K)]
  0x000002ec2a87c5f0 WorkerThread "GC Thread#3"                     [id=38636, stack(0x000000ff6f100000,0x000000ff6f200000) (1024K)]
  0x000002ec2a87c990 WorkerThread "GC Thread#4"                     [id=37868, stack(0x000000ff6f200000,0x000000ff6f300000) (1024K)]
  0x000002ec2a87b3d0 WorkerThread "GC Thread#5"                     [id=20000, stack(0x000000ff6f300000,0x000000ff6f400000) (1024K)]
  0x000002ec2a179a80 WorkerThread "GC Thread#6"                     [id=3916, stack(0x000000ff6f400000,0x000000ff6f500000) (1024K)]
  0x000002ec2a17b780 WorkerThread "GC Thread#7"                     [id=38496, stack(0x000000ff6f500000,0x000000ff6f600000) (1024K)]
  0x000002ec2a17bec0 WorkerThread "GC Thread#8"                     [id=31820, stack(0x000000ff6f600000,0x000000ff6f700000) (1024K)]
  0x000002ec2a17bb20 WorkerThread "GC Thread#9"                     [id=29324, stack(0x000000ff6f700000,0x000000ff6f800000) (1024K)]
  0x000002ec2a17a1c0 WorkerThread "GC Thread#10"                    [id=37176, stack(0x000000ff6f800000,0x000000ff6f900000) (1024K)]
  0x000002ebc2ab2210 ConcurrentGCThread "G1 Main Marker"            terminated
  0x000002ebc2ab2d10 WorkerThread "G1 Conc#0"                       [id=26088, stack(0x000000ff6c500000,0x000000ff6c600000) (1024K)]
  0x000002ec2a17a560 WorkerThread "G1 Conc#1"                       [id=32840, stack(0x000000ff6de00000,0x000000ff6df00000) (1024K)]
  0x000002ec2a1784c0 WorkerThread "G1 Conc#2"                       [id=36700, stack(0x000000ff6ed00000,0x000000ff6ee00000) (1024K)]
  0x000002ebe1bf7fb0 ConcurrentGCThread "G1 Refine#0"               terminated
  0x000002ebe1bf89c0 ConcurrentGCThread "G1 Service"                terminated
Total: 18

Threads with active compile tasks:
Total: 0

VM state: at safepoint (shutting down)

VM Mutex/Monitor currently owned by a thread:  ([mutex/lock_event])
[0x00007ffd340c5458] Threads_lock - owner thread: 0x000002ebe1d38290
[0x00007ffd340c5558] Heap_lock - owner thread: 0x000002ec280028a0

Heap address: 0x0000000608c00000, size: 8052 MB, Compressed Oops mode: Zero based, Oop shift amount: 3

CDS archive(s) mapped at: [0x000002ebe3000000-0x000002ebe3c80000-0x000002ebe3c80000), size 13107200, SharedBaseAddress: 0x000002ebe3000000, ArchiveRelocationMode: 1.
Compressed class space mapped at: 0x000002ebe4000000-0x000002ec24000000, reserved size: 1073741824
Narrow klass base: 0x000002ebe3000000, Narrow klass shift: 0, Narrow klass range: 0x100000000

GC Precious Log:
 CardTable entry size: 512
 Card Set container configuration: InlinePtr #cards 4 size 8 Array Of Cards #cards 32 size 80 Howl #buckets 8 coarsen threshold 7372 Howl Bitmap #cards 1024 size 144 coarsen threshold 921 Card regions per heap region 1 cards per card region 8192
 CPUs: 14 total, 14 available
 Memory: 32203M
 Large Page Support: Disabled
 NUMA Support: Disabled
 Compressed Oops: Enabled (Zero based)
 Heap Region Size: 4M
 Heap Min Capacity: 8M
 Heap Initial Capacity: 504M
 Heap Max Capacity: 8052M
 Pre-touch: Disabled
 Parallel Workers: 11
 Concurrent Workers: 3
 Concurrent Refinement Workers: 11
 Periodic GC: Disabled

Heap:
 garbage-first heap   total 180224K, used 81692K [0x0000000608c00000, 0x0000000800000000)
  region size 4096K, 1 young (4096K), 0 survivors (0K)
 Metaspace       used 13621K, committed 13888K, reserved 1114112K
  class space    used 1253K, committed 1408K, reserved 1048576K

Heap Regions: E=young(eden), S=young(survivor), O=old, HS=humongous(starts), HC=humongous(continues), CS=collection set, F=free, TAMS=top-at-mark-start, PB=parsable bottom
|   0|0x0000000608c00000, 0x0000000609000000, 0x0000000609000000|100%|HS|  |TAMS 0x0000000608c00000| PB 0x0000000608c00000| Untracked 
|   1|0x0000000609000000, 0x0000000609400000, 0x0000000609400000|100%|HC|  |TAMS 0x0000000609000000| PB 0x0000000609000000| Untracked 
|   2|0x0000000609400000, 0x0000000609800000, 0x0000000609800000|100%|HC|  |TAMS 0x0000000609400000| PB 0x0000000609400000| Untracked 
|   3|0x0000000609800000, 0x0000000609bf8bd0, 0x0000000609c00000| 99%| O|  |TAMS 0x0000000609800000| PB 0x0000000609800000| Untracked 
|   4|0x0000000609c00000, 0x000000060a000000, 0x000000060a000000|100%| O|  |TAMS 0x0000000609c00000| PB 0x0000000609c00000| Untracked 
|   5|0x000000060a000000, 0x000000060a3dade8, 0x000000060a400000| 96%| O|  |TAMS 0x000000060a000000| PB 0x000000060a000000| Untracked 
|   6|0x000000060a400000, 0x000000060a800000, 0x000000060a800000|100%| O|  |TAMS 0x000000060a400000| PB 0x000000060a400000| Untracked 
|   7|0x000000060a800000, 0x000000060ac00000, 0x000000060ac00000|100%| O|  |TAMS 0x000000060a800000| PB 0x000000060a800000| Untracked 
|   8|0x000000060ac00000, 0x000000060b000000, 0x000000060b000000|100%| O|  |TAMS 0x000000060ac00000| PB 0x000000060ac00000| Untracked 
|   9|0x000000060b000000, 0x000000060b400000, 0x000000060b400000|100%| O|  |TAMS 0x000000060b000000| PB 0x000000060b000000| Untracked 
|  10|0x000000060b400000, 0x000000060b7861f8, 0x000000060b800000| 88%| O|  |TAMS 0x000000060b400000| PB 0x000000060b400000| Untracked 
|  11|0x000000060b800000, 0x000000060b868938, 0x000000060bc00000| 10%| O|  |TAMS 0x000000060b800000| PB 0x000000060b800000| Untracked 
|  12|0x000000060bc00000, 0x000000060c000000, 0x000000060c000000|100%| O|  |TAMS 0x000000060bc00000| PB 0x000000060bc00000| Untracked 
|  13|0x000000060c000000, 0x000000060c400000, 0x000000060c400000|100%| O|  |TAMS 0x000000060c000000| PB 0x000000060c000000| Untracked 
|  14|0x000000060c400000, 0x000000060c800000, 0x000000060c800000|100%| O|  |TAMS 0x000000060c400000| PB 0x000000060c400000| Untracked 
|  15|0x000000060c800000, 0x000000060cc00000, 0x000000060cc00000|100%| O|  |TAMS 0x000000060c800000| PB 0x000000060c800000| Untracked 
|  16|0x000000060cc00000, 0x000000060d000000, 0x000000060d000000|100%| O|  |TAMS 0x000000060cc00000| PB 0x000000060cc00000| Untracked 
|  17|0x000000060d000000, 0x000000060d400000, 0x000000060d400000|100%| O|  |TAMS 0x000000060d000000| PB 0x000000060d000000| Untracked 
|  18|0x000000060d400000, 0x000000060d800000, 0x000000060d800000|100%| O|  |TAMS 0x000000060d400000| PB 0x000000060d400000| Untracked 
|  19|0x000000060d800000, 0x000000060db1a890, 0x000000060dc00000| 77%| O|  |TAMS 0x000000060d800000| PB 0x000000060d800000| Untracked 
|  20|0x000000060dc00000, 0x000000060dcea618, 0x000000060e000000| 22%| O|  |TAMS 0x000000060dc00000| PB 0x000000060dc00000| Untracked 
|  21|0x000000060e000000, 0x000000060e000000, 0x000000060e400000|  0%| F|  |TAMS 0x000000060e000000| PB 0x000000060e000000| Untracked 
|  22|0x000000060e400000, 0x000000060e400000, 0x000000060e800000|  0%| F|  |TAMS 0x000000060e400000| PB 0x000000060e400000| Untracked 
|  23|0x000000060e800000, 0x000000060e800000, 0x000000060ec00000|  0%| F|  |TAMS 0x000000060e800000| PB 0x000000060e800000| Untracked 
|  24|0x000000060ec00000, 0x000000060ec00000, 0x000000060f000000|  0%| F|  |TAMS 0x000000060ec00000| PB 0x000000060ec00000| Untracked 
|  25|0x000000060f000000, 0x000000060f000000, 0x000000060f400000|  0%| F|  |TAMS 0x000000060f000000| PB 0x000000060f000000| Untracked 
|  26|0x000000060f400000, 0x000000060f400000, 0x000000060f800000|  0%| F|  |TAMS 0x000000060f400000| PB 0x000000060f400000| Untracked 
|  27|0x000000060f800000, 0x000000060f800000, 0x000000060fc00000|  0%| F|  |TAMS 0x000000060f800000| PB 0x000000060f800000| Untracked 
|  28|0x000000060fc00000, 0x000000060fc00000, 0x0000000610000000|  0%| F|  |TAMS 0x000000060fc00000| PB 0x000000060fc00000| Untracked 
|  29|0x0000000610000000, 0x0000000610000000, 0x0000000610400000|  0%| F|  |TAMS 0x0000000610000000| PB 0x0000000610000000| Untracked 
|  30|0x0000000610400000, 0x0000000610400000, 0x0000000610800000|  0%| F|  |TAMS 0x0000000610400000| PB 0x0000000610400000| Untracked 
|  31|0x0000000610800000, 0x0000000610800000, 0x0000000610c00000|  0%| F|  |TAMS 0x0000000610800000| PB 0x0000000610800000| Untracked 
|  32|0x0000000610c00000, 0x0000000610c00000, 0x0000000611000000|  0%| F|  |TAMS 0x0000000610c00000| PB 0x0000000610c00000| Untracked 
|  33|0x0000000611000000, 0x0000000611000000, 0x0000000611400000|  0%| F|  |TAMS 0x0000000611000000| PB 0x0000000611000000| Untracked 
|  34|0x0000000611400000, 0x0000000611800000, 0x0000000611800000|100%| O|  |TAMS 0x0000000611400000| PB 0x0000000611400000| Untracked 
|  35|0x0000000611800000, 0x0000000611800000, 0x0000000611c00000|  0%| F|  |TAMS 0x0000000611800000| PB 0x0000000611800000| Untracked 
|  36|0x0000000611c00000, 0x0000000611c00000, 0x0000000612000000|  0%| F|  |TAMS 0x0000000611c00000| PB 0x0000000611c00000| Untracked 
|  37|0x0000000612000000, 0x0000000612000000, 0x0000000612400000|  0%| F|  |TAMS 0x0000000612000000| PB 0x0000000612000000| Untracked 
|  38|0x0000000612400000, 0x0000000612400000, 0x0000000612800000|  0%| F|  |TAMS 0x0000000612400000| PB 0x0000000612400000| Untracked 
|  39|0x0000000612800000, 0x0000000612800000, 0x0000000612c00000|  0%| F|  |TAMS 0x0000000612800000| PB 0x0000000612800000| Untracked 
|  40|0x0000000612c00000, 0x0000000612c00000, 0x0000000613000000|  0%| F|  |TAMS 0x0000000612c00000| PB 0x0000000612c00000| Untracked 
|  41|0x0000000613000000, 0x0000000613000000, 0x0000000613400000|  0%| F|  |TAMS 0x0000000613000000| PB 0x0000000613000000| Untracked 
|  42|0x0000000613400000, 0x0000000613400000, 0x0000000613800000|  0%| F|  |TAMS 0x0000000613400000| PB 0x0000000613400000| Untracked 
|  72|0x000000061ac00000, 0x000000061ae04050, 0x000000061b000000| 50%| E|  |TAMS 0x000000061ac00000| PB 0x000000061ac00000| Complete 

Card table byte_map: [0x000002ebd69c0000,0x000002ebd7980000] _byte_map_base: 0x000002ebd397a000

Marking Bits: (CMBitMap*) 0x000002ebc2aa1da0
 Bits: [0x000002ebd7980000, 0x000002ebdf750000)

Polling page: 0x000002ebc0850000

Metaspace:

Usage:
  Non-class:     12.08 MB used.
      Class:      1.22 MB used.
       Both:     13.30 MB used.

Virtual space:
  Non-class space:       64.00 MB reserved,      12.19 MB ( 19%) committed,  1 nodes.
      Class space:        1.00 GB reserved,       1.38 MB ( <1%) committed,  1 nodes.
             Both:        1.06 GB reserved,      13.56 MB (  1%) committed. 

Chunk freelists:
   Non-Class:  3.83 MB
       Class:  14.61 MB
        Both:  18.44 MB

MaxMetaspaceSize: unlimited
CompressedClassSpaceSize: 1.00 GB
Initial GC threshold: 21.00 MB
Current GC threshold: 22.62 MB
CDS: on
 - commit_granule_bytes: 65536.
 - commit_granule_words: 8192.
 - virtual_space_node_default_size: 8388608.
 - enlarge_chunks_in_place: 1.
 - use_allocation_guard: 0.


Internal statistics:

num_allocs_failed_limit: 0.
num_arena_births: 204.
num_arena_deaths: 0.
num_vsnodes_births: 2.
num_vsnodes_deaths: 0.
num_space_committed: 215.
num_space_uncommitted: 0.
num_chunks_returned_to_freelist: 0.
num_chunks_taken_from_freelist: 447.
num_chunk_merges: 0.
num_chunk_splits: 277.
num_chunks_enlarged: 161.
num_inconsistent_stats: 0.

CodeHeap 'non-profiled nmethods': size=120000Kb used=3956Kb max_used=3956Kb free=116043Kb
 bounds [0x000002ebcde70000, 0x000002ebce250000, 0x000002ebd53a0000]
CodeHeap 'profiled nmethods': size=120000Kb used=6007Kb max_used=6089Kb free=113992Kb
 bounds [0x000002ebc63a0000, 0x000002ebc69a0000, 0x000002ebcd8d0000]
CodeHeap 'non-nmethods': size=5760Kb used=1736Kb max_used=1785Kb free=4023Kb
 bounds [0x000002ebcd8d0000, 0x000002ebcdb40000, 0x000002ebcde70000]
CodeCache: size=245760Kb, used=11699Kb, max_used=11830Kb, free=234058Kb
 total_blobs=4009, nmethods=3241, adapters=672, full_count=0
Compilation: enabled, stopped_count=0, restarted_count=0

Compilation events (20 events):
Event: 78.817 Thread 0x000002ebe25dd380 3528       4       org.lwjgl.opengl.Display::update (5 bytes)
Event: 78.874 Thread 0x000002ebe25dd380 nmethod 3528 0x000002ebce247d10 code [0x000002ebce2482e0, 0x000002ebce24b658]
Event: 78.878 Thread 0x000002ebe25dd380 3529       4       org.lwjgl.opengl.GL11::glClearColor (27 bytes)
Event: 78.917 Thread 0x000002ebe25dd380 nmethod 3529 0x000002ebcdf28990 code [0x000002ebcdf28b40, 0x000002ebcdf28cd0]
Event: 78.917 Thread 0x000002ebe25dd380 3530       4       jdk.internal.misc.Unsafe::checkPrimitiveArray (22 bytes)
Event: 78.918 Thread 0x000002ebe25dd380 nmethod 3530 0x000002ebcdf35c10 code [0x000002ebcdf35da0, 0x000002ebcdf35ea8]
Event: 79.010 Thread 0x000002ebe25dd380 3531       4       jdk.internal.misc.Unsafe::checkPointer (19 bytes)
Event: 79.011 Thread 0x000002ebe25dd380 nmethod 3531 0x000002ebcded0690 code [0x000002ebcded0820, 0x000002ebcded08e0]
Event: 79.030 Thread 0x000002ebe25dd380 3532       4       java.lang.Long::stringSize (55 bytes)
Event: 79.033 Thread 0x000002ebe25dd380 nmethod 3532 0x000002ebcded0290 code [0x000002ebcded0420, 0x000002ebcded05f0]
Event: 79.090 Thread 0x000002ebe25dd380 3533       4       java.lang.StringConcatHelper::prepend (22 bytes)
Event: 79.096 Thread 0x000002ebe25dd380 nmethod 3533 0x000002ebcdef7690 code [0x000002ebcdef7860, 0x000002ebcdef7f70]
Event: 79.108 Thread 0x000002ebe25dd380 3534       4       java.lang.Thread::yield (27 bytes)
Event: 79.109 Thread 0x000002ebe25dd380 nmethod 3534 0x000002ebcdecff90 code [0x000002ebcded0120, 0x000002ebcded01e0]
Event: 79.152 Thread 0x000002ebe25dd380 3535       4       net.minecraft.src.Timer::updateTimer (214 bytes)
Event: 79.154 Thread 0x000002ebe25dd380 nmethod 3535 0x000002ebcdecfa10 code [0x000002ebcdecfbe0, 0x000002ebcdecfe60]
Event: 79.519 Thread 0x000002ebe25dd380 3536       4       net.minecraft.src.Gui::drawString (11 bytes)
Event: 79.520 Thread 0x000002ebe25dd380 nmethod 3536 0x000002ebcdef7210 code [0x000002ebcdef73c0, 0x000002ebcdef74f8]
Event: 79.537 Thread 0x000002ebe25dde10 3537       3       java.util.concurrent.ConcurrentHashMap$KeyIterator::next (34 bytes)
Event: 79.538 Thread 0x000002ebe25dde10 nmethod 3537 0x000002ebc6637210 code [0x000002ebc66373e0, 0x000002ebc6637650]

GC Heap History (20 events):
Event: 4.248 GC heap before
{Heap before GC invocations=1 (full 0):
 garbage-first heap   total 516096K, used 17620K [0x0000000608c00000, 0x0000000800000000)
  region size 4096K, 2 young (8192K), 1 survivors (4096K)
 Metaspace       used 12345K, committed 12608K, reserved 1114112K
  class space    used 1203K, committed 1344K, reserved 1048576K
}
Event: 4.261 GC heap after
{Heap after GC invocations=2 (full 1):
 garbage-first heap   total 69632K, used 17385K [0x0000000608c00000, 0x0000000800000000)
  region size 4096K, 0 young (0K), 0 survivors (0K)
 Metaspace       used 12345K, committed 12608K, reserved 1114112K
  class space    used 1203K, committed 1344K, reserved 1048576K
}
Event: 4.262 GC heap before
{Heap before GC invocations=2 (full 1):
 garbage-first heap   total 69632K, used 17385K [0x0000000608c00000, 0x0000000800000000)
  region size 4096K, 0 young (0K), 0 survivors (0K)
 Metaspace       used 12345K, committed 12608K, reserved 1114112K
  class space    used 1203K, committed 1344K, reserved 1048576K
}
Event: 4.280 GC heap after
{Heap after GC invocations=3 (full 2):
 garbage-first heap   total 69632K, used 17385K [0x0000000608c00000, 0x0000000800000000)
  region size 4096K, 0 young (0K), 0 survivors (0K)
 Metaspace       used 12345K, committed 12608K, reserved 1114112K
  class space    used 1203K, committed 1344K, reserved 1048576K
}
Event: 4.959 GC heap before
{Heap before GC invocations=3 (full 2):
 garbage-first heap   total 69632K, used 33769K [0x0000000608c00000, 0x0000000800000000)
  region size 4096K, 5 young (20480K), 0 survivors (0K)
 Metaspace       used 12514K, committed 12800K, reserved 1114112K
  class space    used 1213K, committed 1344K, reserved 1048576K
}
Event: 4.967 GC heap after
{Heap after GC invocations=4 (full 2):
 garbage-first heap   total 69632K, used 35614K [0x0000000608c00000, 0x0000000800000000)
  region size 4096K, 1 young (4096K), 1 survivors (4096K)
 Metaspace       used 12514K, committed 12800K, reserved 1114112K
  class space    used 1213K, committed 1344K, reserved 1048576K
}
Event: 4.982 GC heap before
{Heap before GC invocations=4 (full 2):
 garbage-first heap   total 69632K, used 39710K [0x0000000608c00000, 0x0000000800000000)
  region size 4096K, 2 young (8192K), 1 survivors (4096K)
 Metaspace       used 12523K, committed 12800K, reserved 1114112K
  class space    used 1213K, committed 1344K, reserved 1048576K
}
Event: 4.985 GC heap after
{Heap after GC invocations=5 (full 2):
 garbage-first heap   total 69632K, used 39285K [0x0000000608c00000, 0x0000000800000000)
  region size 4096K, 1 young (4096K), 1 survivors (4096K)
 Metaspace       used 12523K, committed 12800K, reserved 1114112K
  class space    used 1213K, committed 1344K, reserved 1048576K
}
Event: 5.052 GC heap before
{Heap before GC invocations=6 (full 2):
 garbage-first heap   total 77824K, used 43381K [0x0000000608c00000, 0x0000000800000000)
  region size 4096K, 2 young (8192K), 1 survivors (4096K)
 Metaspace       used 12571K, committed 12800K, reserved 1114112K
  class space    used 1218K, committed 1344K, reserved 1048576K
}
Event: 5.055 GC heap after
{Heap after GC invocations=7 (full 2):
 garbage-first heap   total 77824K, used 42941K [0x0000000608c00000, 0x0000000800000000)
  region size 4096K, 1 young (4096K), 1 survivors (4096K)
 Metaspace       used 12571K, committed 12800K, reserved 1114112K
  class space    used 1218K, committed 1344K, reserved 1048576K
}
Event: 5.098 GC heap before
{Heap before GC invocations=7 (full 2):
 garbage-first heap   total 77824K, used 42941K [0x0000000608c00000, 0x0000000800000000)
  region size 4096K, 2 young (8192K), 1 survivors (4096K)
 Metaspace       used 12598K, committed 12864K, reserved 1114112K
  class space    used 1221K, committed 1344K, reserved 1048576K
}
Event: 5.118 GC heap after
{Heap after GC invocations=8 (full 3):
 garbage-first heap   total 77824K, used 43032K [0x0000000608c00000, 0x0000000800000000)
  region size 4096K, 0 young (0K), 0 survivors (0K)
 Metaspace       used 12598K, committed 12864K, reserved 1114112K
  class space    used 1221K, committed 1344K, reserved 1048576K
}
Event: 5.229 GC heap before
{Heap before GC invocations=8 (full 3):
 garbage-first heap   total 77824K, used 47128K [0x0000000608c00000, 0x0000000800000000)
  region size 4096K, 2 young (8192K), 0 survivors (0K)
 Metaspace       used 12763K, committed 12992K, reserved 1114112K
  class space    used 1231K, committed 1344K, reserved 1048576K
}
Event: 5.231 GC heap after
{Heap after GC invocations=9 (full 3):
 garbage-first heap   total 299008K, used 47208K [0x0000000608c00000, 0x0000000800000000)
  region size 4096K, 1 young (4096K), 1 survivors (4096K)
 Metaspace       used 12763K, committed 12992K, reserved 1114112K
  class space    used 1231K, committed 1344K, reserved 1048576K
}
Event: 38.946 GC heap before
{Heap before GC invocations=10 (full 3):
 garbage-first heap   total 180224K, used 116840K [0x0000000608c00000, 0x0000000800000000)
  region size 4096K, 19 young (77824K), 1 survivors (4096K)
 Metaspace       used 13502K, committed 13824K, reserved 1114112K
  class space    used 1247K, committed 1408K, reserved 1048576K
}
Event: 38.954 GC heap after
{Heap after GC invocations=11 (full 3):
 garbage-first heap   total 180224K, used 74690K [0x0000000608c00000, 0x0000000800000000)
  region size 4096K, 3 young (12288K), 3 survivors (12288K)
 Metaspace       used 13502K, committed 13824K, reserved 1114112K
  class space    used 1247K, committed 1408K, reserved 1048576K
}
Event: 60.154 GC heap before
{Heap before GC invocations=11 (full 3):
 garbage-first heap   total 180224K, used 111554K [0x0000000608c00000, 0x0000000800000000)
  region size 4096K, 12 young (49152K), 3 survivors (12288K)
 Metaspace       used 13561K, committed 13888K, reserved 1114112K
  class space    used 1251K, committed 1408K, reserved 1048576K
}
Event: 60.158 GC heap after
{Heap after GC invocations=12 (full 3):
 garbage-first heap   total 180224K, used 79376K [0x0000000608c00000, 0x0000000800000000)
  region size 4096K, 2 young (8192K), 2 survivors (8192K)
 Metaspace       used 13561K, committed 13888K, reserved 1114112K
  class space    used 1251K, committed 1408K, reserved 1048576K
}
Event: 78.297 GC heap before
{Heap before GC invocations=12 (full 3):
 garbage-first heap   total 180224K, used 108048K [0x0000000608c00000, 0x0000000800000000)
  region size 4096K, 10 young (40960K), 2 survivors (8192K)
 Metaspace       used 13612K, committed 13888K, reserved 1114112K
  class space    used 1251K, committed 1408K, reserved 1048576K
}
Event: 78.316 GC heap after
{Heap after GC invocations=13 (full 4):
 garbage-first heap   total 180224K, used 81692K [0x0000000608c00000, 0x0000000800000000)
  region size 4096K, 0 young (0K), 0 survivors (0K)
 Metaspace       used 13612K, committed 13888K, reserved 1114112K
  class space    used 1251K, committed 1408K, reserved 1048576K
}

Dll operation events (15 events):
Event: 0.012 Loaded shared library C:\Users\gagek\.p2\pool\plugins\org.eclipse.justj.openjdk.hotspot.jre.full.win32.x86_64_21.0.8.v20250724-1412\jre\bin\java.dll
Event: 0.043 Loaded shared library C:\Users\gagek\.p2\pool\plugins\org.eclipse.justj.openjdk.hotspot.jre.full.win32.x86_64_21.0.8.v20250724-1412\jre\bin\zip.dll
Event: 0.087 Loaded shared library C:\Users\gagek\.p2\pool\plugins\org.eclipse.justj.openjdk.hotspot.jre.full.win32.x86_64_21.0.8.v20250724-1412\jre\bin\net.dll
Event: 0.089 Loaded shared library C:\Users\gagek\.p2\pool\plugins\org.eclipse.justj.openjdk.hotspot.jre.full.win32.x86_64_21.0.8.v20250724-1412\jre\bin\nio.dll
Event: 0.093 Loaded shared library C:\Users\gagek\.p2\pool\plugins\org.eclipse.justj.openjdk.hotspot.jre.full.win32.x86_64_21.0.8.v20250724-1412\jre\bin\zip.dll
Event: 0.133 Loaded shared library C:\Users\gagek\.p2\pool\plugins\org.eclipse.justj.openjdk.hotspot.jre.full.win32.x86_64_21.0.8.v20250724-1412\jre\bin\jimage.dll
Event: 0.151 Loaded shared library C:\Users\gagek\.p2\pool\plugins\org.eclipse.justj.openjdk.hotspot.jre.full.win32.x86_64_21.0.8.v20250724-1412\jre\bin\awt.dll
Event: 0.246 Loaded shared library C:\Users\gagek\.p2\pool\plugins\org.eclipse.justj.openjdk.hotspot.jre.full.win32.x86_64_21.0.8.v20250724-1412\jre\bin\freetype.dll
Event: 0.247 Loaded shared library C:\Users\gagek\.p2\pool\plugins\org.eclipse.justj.openjdk.hotspot.jre.full.win32.x86_64_21.0.8.v20250724-1412\jre\bin\fontmanager.dll
Event: 0.405 Loaded shared library C:\Users\gagek\.p2\pool\plugins\org.eclipse.justj.openjdk.hotspot.jre.full.win32.x86_64_21.0.8.v20250724-1412\jre\bin\verify.dll
Event: 0.415 Loaded shared library C:\MinecraftAlphaDev\libraries\natives\lwjgl64.dll
Event: 0.430 Loaded shared library C:\Users\gagek\.p2\pool\plugins\org.eclipse.justj.openjdk.hotspot.jre.full.win32.x86_64_21.0.8.v20250724-1412\jre\bin\jawt.dll
Event: 1.135 Loaded shared library C:\MinecraftAlphaDev\libraries\natives\jinput-dx8_64.dll
Event: 1.372 Loaded shared library C:\MinecraftAlphaDev\libraries\natives\jinput-raw_64.dll
Event: 2.248 Loaded shared library C:\Users\gagek\.p2\pool\plugins\org.eclipse.justj.openjdk.hotspot.jre.full.win32.x86_64_21.0.8.v20250724-1412\jre\bin\extnet.dll

Deoptimization events (20 events):
Event: 78.328 Thread 0x000002ec280509a0 DEOPT PACKING pc=0x000002ebc69949ce sp=0x000000ff6dafef40
Event: 78.329 Thread 0x000002ec280509a0 DEOPT UNPACKING pc=0x000002ebcd924e42 sp=0x000000ff6dafe438 mode 0
Event: 78.347 Thread 0x000002ec280509a0 DEOPT PACKING pc=0x000002ebc69949ce sp=0x000000ff6dafef40
Event: 78.347 Thread 0x000002ec280509a0 DEOPT UNPACKING pc=0x000002ebcd924e42 sp=0x000000ff6dafe438 mode 0
Event: 78.385 Thread 0x000002ec280509a0 DEOPT PACKING pc=0x000002ebc69949ce sp=0x000000ff6dafef40
Event: 78.385 Thread 0x000002ec280509a0 DEOPT UNPACKING pc=0x000002ebcd924e42 sp=0x000000ff6dafe438 mode 0
Event: 78.401 Thread 0x000002ec280509a0 DEOPT PACKING pc=0x000002ebc69949ce sp=0x000000ff6dafef40
Event: 78.401 Thread 0x000002ec280509a0 DEOPT UNPACKING pc=0x000002ebcd924e42 sp=0x000000ff6dafe438 mode 0
Event: 78.415 Thread 0x000002ec280509a0 DEOPT PACKING pc=0x000002ebc69949ce sp=0x000000ff6dafef40
Event: 78.415 Thread 0x000002ec280509a0 DEOPT UNPACKING pc=0x000002ebcd924e42 sp=0x000000ff6dafe438 mode 0
Event: 78.437 Thread 0x000002ec280509a0 DEOPT PACKING pc=0x000002ebc69949ce sp=0x000000ff6dafef40
Event: 78.437 Thread 0x000002ec280509a0 DEOPT UNPACKING pc=0x000002ebcd924e42 sp=0x000000ff6dafe438 mode 0
Event: 78.454 Thread 0x000002ec280509a0 DEOPT PACKING pc=0x000002ebc69949ce sp=0x000000ff6dafef40
Event: 78.454 Thread 0x000002ec280509a0 DEOPT UNPACKING pc=0x000002ebcd924e42 sp=0x000000ff6dafe438 mode 0
Event: 78.471 Thread 0x000002ec280509a0 DEOPT PACKING pc=0x000002ebc69949ce sp=0x000000ff6dafef40
Event: 78.471 Thread 0x000002ec280509a0 DEOPT UNPACKING pc=0x000002ebcd924e42 sp=0x000000ff6dafe438 mode 0
Event: 78.488 Thread 0x000002ec280509a0 DEOPT PACKING pc=0x000002ebc69949ce sp=0x000000ff6dafef40
Event: 78.488 Thread 0x000002ec280509a0 DEOPT UNPACKING pc=0x000002ebcd924e42 sp=0x000000ff6dafe438 mode 0
Event: 78.504 Thread 0x000002ec280509a0 DEOPT PACKING pc=0x000002ebc69949ce sp=0x000000ff6dafef40
Event: 78.504 Thread 0x000002ec280509a0 DEOPT UNPACKING pc=0x000002ebcd924e42 sp=0x000000ff6dafe438 mode 0

Classes loaded (20 events):
Event: 5.217 Loading class java/util/OptionalInt
Event: 5.217 Loading class java/util/OptionalInt done
Event: 5.218 Loading class sun/net/www/protocol/https/Handler
Event: 5.218 Loading class sun/net/www/protocol/https/Handler done
Event: 5.218 Loading class sun/net/www/http/KeepAliveCache$1
Event: 5.219 Loading class sun/net/www/http/KeepAliveCache$1 done
Event: 5.219 Loading class sun/net/www/http/KeepAliveCache$ClientVector
Event: 5.219 Loading class sun/net/www/http/KeepAliveCache$ClientVector done
Event: 5.219 Loading class sun/net/www/http/KeepAliveEntry
Event: 5.220 Loading class sun/net/www/http/KeepAliveEntry done
Event: 5.220 Loading class sun/net/www/protocol/http/EmptyInputStream
Event: 5.220 Loading class sun/net/www/protocol/http/EmptyInputStream done
Event: 5.347 Loading class java/util/zip/Deflater
Event: 5.347 Loading class java/util/zip/Deflater done
Event: 5.348 Loading class java/util/zip/Deflater$DeflaterZStreamRef
Event: 5.348 Loading class java/util/zip/Deflater$DeflaterZStreamRef done
Event: 79.537 Loading class java/util/WeakHashMap$KeyIterator
Event: 79.538 Loading class java/util/WeakHashMap$HashIterator
Event: 79.538 Loading class java/util/WeakHashMap$HashIterator done
Event: 79.538 Loading class java/util/WeakHashMap$KeyIterator done

Classes unloaded (0 events):
No events

Classes redefined (0 events):
No events

Internal exceptions (20 events):
Event: 76.648 Thread 0x000002ec282caec0 Exception <a 'java/lang/InterruptedException'{0x00000006128be8d8}: sleep interrupted> (0x00000006128be8d8) 
thrown [s\src\hotspot\share\prims\jvm.cpp, line 3074]
Event: 76.648 Thread 0x000002ec280509a0 Implicit null exception at 0x000002ebce22ffc7 to 0x000002ebce2310f4
Event: 76.648 Thread 0x000002ec282caec0 Exception <a 'java/lang/InterruptedException'{0x00000006128bebf0}: sleep interrupted> (0x00000006128bebf0) 
thrown [s\src\hotspot\share\prims\jvm.cpp, line 3052]
Event: 76.709 Thread 0x000002ec282caec0 Exception <a 'java/lang/InterruptedException'{0x00000006128bef08}: sleep interrupted> (0x00000006128bef08) 
thrown [s\src\hotspot\share\prims\jvm.cpp, line 3074]
Event: 76.759 Thread 0x000002ec282caec0 Exception <a 'java/lang/InterruptedException'{0x00000006128bf220}: sleep interrupted> (0x00000006128bf220) 
thrown [s\src\hotspot\share\prims\jvm.cpp, line 3074]
Event: 76.808 Thread 0x000002ec282caec0 Exception <a 'java/lang/InterruptedException'{0x00000006128bf538}: sleep interrupted> (0x00000006128bf538) 
thrown [s\src\hotspot\share\prims\jvm.cpp, line 3074]
Event: 76.859 Thread 0x000002ec282caec0 Exception <a 'java/lang/InterruptedException'{0x00000006128bf850}: sleep interrupted> (0x00000006128bf850) 
thrown [s\src\hotspot\share\prims\jvm.cpp, line 3074]
Event: 76.906 Thread 0x000002ec282caec0 Exception <a 'java/lang/InterruptedException'{0x00000006128bfb68}: sleep interrupted> (0x00000006128bfb68) 
thrown [s\src\hotspot\share\prims\jvm.cpp, line 3074]
Event: 76.959 Thread 0x000002ec282caec0 Exception <a 'java/lang/InterruptedException'{0x00000006128bfe80}: sleep interrupted> (0x00000006128bfe80) 
thrown [s\src\hotspot\share\prims\jvm.cpp, line 3074]
Event: 77.025 Thread 0x000002ec282caec0 Exception <a 'java/lang/InterruptedException'{0x00000006128c0198}: sleep interrupted> (0x00000006128c0198) 
thrown [s\src\hotspot\share\prims\jvm.cpp, line 3074]
Event: 77.076 Thread 0x000002ec282caec0 Exception <a 'java/lang/InterruptedException'{0x00000006128c04b0}: sleep interrupted> (0x00000006128c04b0) 
thrown [s\src\hotspot\share\prims\jvm.cpp, line 3074]
Event: 77.133 Thread 0x000002ec282caec0 Exception <a 'java/lang/InterruptedException'{0x00000006128c07c8}: sleep interrupted> (0x00000006128c07c8) 
thrown [s\src\hotspot\share\prims\jvm.cpp, line 3074]
Event: 77.192 Thread 0x000002ec282caec0 Exception <a 'java/lang/InterruptedException'{0x00000006128c0ae0}: sleep interrupted> (0x00000006128c0ae0) 
thrown [s\src\hotspot\share\prims\jvm.cpp, line 3074]
Event: 77.247 Thread 0x000002ec282caec0 Exception <a 'java/lang/InterruptedException'{0x00000006128c0df8}: sleep interrupted> (0x00000006128c0df8) 
thrown [s\src\hotspot\share\prims\jvm.cpp, line 3074]
Event: 77.297 Thread 0x000002ec282caec0 Exception <a 'java/lang/InterruptedException'{0x00000006128c1110}: sleep interrupted> (0x00000006128c1110) 
thrown [s\src\hotspot\share\prims\jvm.cpp, line 3074]
Event: 77.363 Thread 0x000002ec282caec0 Exception <a 'java/lang/InterruptedException'{0x00000006128c1428}: sleep interrupted> (0x00000006128c1428) 
thrown [s\src\hotspot\share\prims\jvm.cpp, line 3074]
Event: 77.420 Thread 0x000002ec282caec0 Exception <a 'java/lang/InterruptedException'{0x00000006128c1740}: sleep interrupted> (0x00000006128c1740) 
thrown [s\src\hotspot\share\prims\jvm.cpp, line 3074]
Event: 77.478 Thread 0x000002ec282caec0 Exception <a 'java/lang/InterruptedException'{0x00000006128c1a58}: sleep interrupted> (0x00000006128c1a58) 
thrown [s\src\hotspot\share\prims\jvm.cpp, line 3074]
Event: 77.547 Thread 0x000002ec282caec0 Exception <a 'java/lang/InterruptedException'{0x00000006128c1d70}: sleep interrupted> (0x00000006128c1d70) 
thrown [s\src\hotspot\share\prims\jvm.cpp, line 3074]
Event: 77.598 Thread 0x000002ec282caec0 Exception <a 'java/lang/InterruptedException'{0x00000006128c2088}: sleep interrupted> (0x00000006128c2088) 
thrown [s\src\hotspot\share\prims\jvm.cpp, line 3074]

ZGC Phase Switch (0 events):
No events

VM Operations (20 events):
Event: 65.205 Executing VM operation: Cleanup done
Event: 66.205 Executing VM operation: Cleanup
Event: 66.205 Executing VM operation: Cleanup done
Event: 70.207 Executing VM operation: Cleanup
Event: 70.207 Executing VM operation: Cleanup done
Event: 71.207 Executing VM operation: Cleanup
Event: 71.207 Executing VM operation: Cleanup done
Event: 72.208 Executing VM operation: Cleanup
Event: 72.208 Executing VM operation: Cleanup done
Event: 75.210 Executing VM operation: Cleanup
Event: 75.210 Executing VM operation: Cleanup done
Event: 76.211 Executing VM operation: Cleanup
Event: 76.212 Executing VM operation: Cleanup done
Event: 77.212 Executing VM operation: Cleanup
Event: 77.212 Executing VM operation: Cleanup done
Event: 78.212 Executing VM operation: Cleanup
Event: 78.212 Executing VM operation: Cleanup done
Event: 78.296 Executing VM operation: G1CollectFull (System.gc())
Event: 78.316 Executing VM operation: G1CollectFull (System.gc()) done
Event: 79.639 Executing VM operation: Exit

Memory protections (0 events):
No events

Nmethod flushes (20 events):
Event: 78.305 Thread 0x000002ebe1d38290 flushing  nmethod 0x000002ebc6527f90
Event: 78.305 Thread 0x000002ebe1d38290 flushing  nmethod 0x000002ebc65faa90
Event: 78.305 Thread 0x000002ebe1d38290 flushing  nmethod 0x000002ebc65fb010
Event: 78.305 Thread 0x000002ebe1d38290 flushing  nmethod 0x000002ebc6617810
Event: 78.305 Thread 0x000002ebe1d38290 flushing  nmethod 0x000002ebc6618510
Event: 78.305 Thread 0x000002ebe1d38290 flushing  nmethod 0x000002ebcdecf690
Event: 78.305 Thread 0x000002ebe1d38290 flushing  nmethod 0x000002ebcdf28990
Event: 78.305 Thread 0x000002ebe1d38290 flushing  nmethod 0x000002ebcdf3e990
Event: 78.305 Thread 0x000002ebe1d38290 flushing  nmethod 0x000002ebc63cf090
Event: 78.305 Thread 0x000002ebe1d38290 flushing  nmethod 0x000002ebc6403510
Event: 78.305 Thread 0x000002ebe1d38290 flushing  nmethod 0x000002ebc6403b10
Event: 78.305 Thread 0x000002ebe1d38290 flushing  nmethod 0x000002ebc6481910
Event: 78.305 Thread 0x000002ebe1d38290 flushing  nmethod 0x000002ebc64e4090
Event: 78.305 Thread 0x000002ebe1d38290 flushing  nmethod 0x000002ebc6537190
Event: 78.305 Thread 0x000002ebe1d38290 flushing  nmethod 0x000002ebc65fcd90
Event: 78.305 Thread 0x000002ebe1d38290 flushing  nmethod 0x000002ebc6601f10
Event: 78.305 Thread 0x000002ebe1d38290 flushing  nmethod 0x000002ebcdee1c90
Event: 78.305 Thread 0x000002ebe1d38290 flushing  nmethod 0x000002ebc63ade10
Event: 78.305 Thread 0x000002ebe1d38290 flushing  nmethod 0x000002ebc63af410
Event: 78.305 Thread 0x000002ebe1d38290 flushing  nmethod 0x000002ebc6527590

Events (20 events):
Event: 66.355 Thread 0x000002ec5edf3010 Thread exited: 0x000002ec5edf3010
Event: 75.095 Thread 0x000002ebe25dde10 Thread added: 0x000002ec5ee00460
Event: 75.115 Thread 0x000002ec5ee00460 Thread added: 0x000002ebc2a08890
Event: 75.756 Thread 0x000002ebc2a08890 Thread exited: 0x000002ebc2a08890
Event: 76.578 Thread 0x000002ec5ee00460 Thread exited: 0x000002ec5ee00460
Event: 79.536 Thread 0x000002ec280509a0 Thread exited: 0x000002ec280509a0
Event: 79.536 Thread 0x000002ec280028a0 Thread added: 0x000002ec2a88d9f0
Event: 79.536 Thread 0x000002ec280028a0 Thread added: 0x000002ec2a88a570
Event: 79.537 Thread 0x000002ec280028a0 Thread added: 0x000002ec2a88e710
Event: 79.537 Thread 0x000002ec280028a0 Thread added: 0x000002ec2a890e70
Event: 79.537 Thread 0x000002ec280028a0 Thread added: 0x000002ec2a88fac0
Event: 79.537 Thread 0x000002ec280028a0 Thread added: 0x000002ec2a88eda0
Event: 79.537 Thread 0x000002ec2a88d9f0 Thread exited: 0x000002ec2a88d9f0
Event: 79.537 Thread 0x000002ec2a890e70 Thread exited: 0x000002ec2a890e70
Event: 79.538 Thread 0x000002ec2a88fac0 Thread exited: 0x000002ec2a88fac0
Event: 79.539 Thread 0x000002ec2a88eda0 Thread exited: 0x000002ec2a88eda0
Event: 79.547 Thread 0x000002ec2a88a570 Thread exited: 0x000002ec2a88a570
Event: 79.587 Thread 0x000002ebe29b28c0 Thread exited: 0x000002ebe29b28c0
Event: 79.639 Thread 0x000002ec2a88e710 Thread exited: 0x000002ec2a88e710
Event: 79.639 Thread 0x000002ec280028a0 Before exit entered


Dynamic libraries:
0x00007ff7d8d50000 - 0x00007ff7d8d5e000 	C:\Users\gagek\.p2\pool\plugins\org.eclipse.justj.openjdk.hotspot.jre.full.win32.x86_64_21.0.8.v20250724-1412\jre\bin\javaw.exe
0x00007ffe18220000 - 0x00007ffe18487000 	C:\windows\SYSTEM32\ntdll.dll
0x00007ffe17580000 - 0x00007ffe17649000 	C:\windows\System32\KERNEL32.DLL
0x00007ffe15590000 - 0x00007ffe15980000 	C:\windows\System32\KERNELBASE.dll
0x00007ffe15e60000 - 0x00007ffe15fab000 	C:\windows\System32\ucrtbase.dll
0x00007ffdf3590000 - 0x00007ffdf35a8000 	C:\Users\gagek\.p2\pool\plugins\org.eclipse.justj.openjdk.hotspot.jre.full.win32.x86_64_21.0.8.v20250724-1412\jre\bin\jli.dll
0x00007ffe15fb0000 - 0x00007ffe16175000 	C:\windows\System32\USER32.dll
0x00007ffe15560000 - 0x00007ffe15587000 	C:\windows\System32\win32u.dll
0x00007ffe17be0000 - 0x00007ffe17c0b000 	C:\windows\System32\GDI32.dll
0x00007ffe15b10000 - 0x00007ffe15c48000 	C:\windows\System32\gdi32full.dll
0x00007ffe154b0000 - 0x00007ffe15553000 	C:\windows\System32\msvcp_win.dll
0x00007ffdee9f0000 - 0x00007ffdeea0e000 	C:\Users\gagek\.p2\pool\plugins\org.eclipse.justj.openjdk.hotspot.jre.full.win32.x86_64_21.0.8.v20250724-1412\jre\bin\VCRUNTIME140.dll
0x00007ffdf38e0000 - 0x00007ffdf3b7a000 	C:\windows\WinSxS\amd64_microsoft.windows.common-controls_6595b64144ccf1df_6.0.26100.4768_none_3e0c112ce331287c\COMCTL32.dll
0x00007ffe17860000 - 0x00007ffe17909000 	C:\windows\System32\msvcrt.dll
0x00007ffe17c10000 - 0x00007ffe17c3f000 	C:\windows\System32\IMM32.DLL
0x00007ffe10b20000 - 0x00007ffe10b2c000 	C:\Users\gagek\.p2\pool\plugins\org.eclipse.justj.openjdk.hotspot.jre.full.win32.x86_64_21.0.8.v20250724-1412\jre\bin\vcruntime140_1.dll
0x00007ffdc9240000 - 0x00007ffdc92cd000 	C:\Users\gagek\.p2\pool\plugins\org.eclipse.justj.openjdk.hotspot.jre.full.win32.x86_64_21.0.8.v20250724-1412\jre\bin\msvcp140.dll
0x00007ffd33410000 - 0x00007ffd341a7000 	C:\Users\gagek\.p2\pool\plugins\org.eclipse.justj.openjdk.hotspot.jre.full.win32.x86_64_21.0.8.v20250724-1412\jre\bin\server\jvm.dll
0x00007ffe16b50000 - 0x00007ffe16c04000 	C:\windows\System32\ADVAPI32.dll
0x00007ffe17910000 - 0x00007ffe179b6000 	C:\windows\System32\sechost.dll
0x00007ffe179c0000 - 0x00007ffe17ad8000 	C:\windows\System32\RPCRT4.dll
0x00007ffe16720000 - 0x00007ffe16794000 	C:\windows\System32\WS2_32.dll
0x00007ffe151b0000 - 0x00007ffe1520e000 	C:\windows\SYSTEM32\POWRPROF.dll
0x00007ffe0d720000 - 0x00007ffe0d755000 	C:\windows\SYSTEM32\WINMM.dll
0x00007ffe0a3a0000 - 0x00007ffe0a3ab000 	C:\windows\SYSTEM32\VERSION.dll
0x00007ffe15190000 - 0x00007ffe151a4000 	C:\windows\SYSTEM32\UMPDC.dll
0x00007ffe14090000 - 0x00007ffe140ab000 	C:\windows\SYSTEM32\kernel.appcore.dll
0x00007ffe11210000 - 0x00007ffe1121a000 	C:\Users\gagek\.p2\pool\plugins\org.eclipse.justj.openjdk.hotspot.jre.full.win32.x86_64_21.0.8.v20250724-1412\jre\bin\jimage.dll
0x00007ffe12700000 - 0x00007ffe12941000 	C:\windows\SYSTEM32\DBGHELP.DLL
0x00007ffe167c0000 - 0x00007ffe16b45000 	C:\windows\System32\combase.dll
0x00007ffe173f0000 - 0x00007ffe174d0000 	C:\windows\System32\OLEAUT32.dll
0x00007ffdf4390000 - 0x00007ffdf43d3000 	C:\windows\SYSTEM32\dbgcore.DLL
0x00007ffe15410000 - 0x00007ffe154a9000 	C:\windows\System32\bcryptPrimitives.dll
0x00007ffe10f30000 - 0x00007ffe10f4f000 	C:\Users\gagek\.p2\pool\plugins\org.eclipse.justj.openjdk.hotspot.jre.full.win32.x86_64_21.0.8.v20250724-1412\jre\bin\java.dll
0x00007ffe16c10000 - 0x00007ffe1735d000 	C:\windows\System32\SHELL32.dll
0x00007ffe15990000 - 0x00007ffe15b03000 	C:\windows\System32\wintypes.dll
0x00007ffe12ef0000 - 0x00007ffe13750000 	C:\windows\SYSTEM32\windows.storage.dll
0x00007ffe17ae0000 - 0x00007ffe17bd5000 	C:\windows\System32\SHCORE.dll
0x00007ffe17cb0000 - 0x00007ffe17d1a000 	C:\windows\System32\shlwapi.dll
0x00007ffe15270000 - 0x00007ffe15299000 	C:\windows\SYSTEM32\profapi.dll
0x00007ffe10ed0000 - 0x00007ffe10ee8000 	C:\Users\gagek\.p2\pool\plugins\org.eclipse.justj.openjdk.hotspot.jre.full.win32.x86_64_21.0.8.v20250724-1412\jre\bin\zip.dll
0x00007ffe11200000 - 0x00007ffe11210000 	C:\Users\gagek\.p2\pool\plugins\org.eclipse.justj.openjdk.hotspot.jre.full.win32.x86_64_21.0.8.v20250724-1412\jre\bin\net.dll
0x00007ffe0e680000 - 0x00007ffe0e79e000 	C:\windows\SYSTEM32\WINHTTP.dll
0x00007ffe14600000 - 0x00007ffe1466b000 	C:\windows\system32\mswsock.dll
0x00007ffe111c0000 - 0x00007ffe111d6000 	C:\Users\gagek\.p2\pool\plugins\org.eclipse.justj.openjdk.hotspot.jre.full.win32.x86_64_21.0.8.v20250724-1412\jre\bin\nio.dll
0x00007ffdbe4a0000 - 0x00007ffdbe62e000 	C:\Users\gagek\.p2\pool\plugins\org.eclipse.justj.openjdk.hotspot.jre.full.win32.x86_64_21.0.8.v20250724-1412\jre\bin\awt.dll
0x00007ffe11250000 - 0x00007ffe112ee000 	C:\windows\SYSTEM32\apphelp.dll
0x00007ffe11730000 - 0x00007ffe11765000 	C:\windows\system32\DWMAPI.DLL
0x00007ffe115c0000 - 0x00007ffe1166f000 	C:\windows\system32\uxtheme.dll
0x00007ffd999d0000 - 0x00007ffd99ae8000 	C:\windows\system32\opengl32.dll
0x00007ffdee8d0000 - 0x00007ffdee8fd000 	C:\windows\SYSTEM32\GLU32.dll
0x00007ffe11c50000 - 0x00007ffe11c9d000 	C:\windows\SYSTEM32\dxcore.dll
0x00007ffe165b0000 - 0x00007ffe16711000 	C:\windows\System32\MSCTF.dll
0x00007ffe16400000 - 0x00007ffe165a0000 	C:\windows\System32\ole32.dll
0x00007ffdca8c0000 - 0x00007ffdca947000 	C:\Users\gagek\.p2\pool\plugins\org.eclipse.justj.openjdk.hotspot.jre.full.win32.x86_64_21.0.8.v20250724-1412\jre\bin\freetype.dll
0x00007ffdb5680000 - 0x00007ffdb576b000 	C:\Users\gagek\.p2\pool\plugins\org.eclipse.justj.openjdk.hotspot.jre.full.win32.x86_64_21.0.8.v20250724-1412\jre\bin\fontmanager.dll
0x00007ffe06dc0000 - 0x00007ffe06f11000 	C:\windows\SYSTEM32\textinputframework.dll
0x00007ffdcf690000 - 0x00007ffdcf70d000 	C:\windows\system32\Oleacc.dll
0x00007ffe17750000 - 0x00007ffe177f8000 	C:\windows\System32\clbcatq.dll
0x00007ffdd46f0000 - 0x00007ffdd474e000 	C:\windows\system32\ApplicationTargetedFeatureDatabase.dll
0x00007ffe0ac30000 - 0x00007ffe0ae68000 	C:\Windows\System32\twinapi.appcore.dll
0x00007ffe10e30000 - 0x00007ffe10e40000 	C:\Users\gagek\.p2\pool\plugins\org.eclipse.justj.openjdk.hotspot.jre.full.win32.x86_64_21.0.8.v20250724-1412\jre\bin\verify.dll
0x0000000180000000 - 0x0000000180053000 	C:\MinecraftAlphaDev\libraries\natives\lwjgl64.dll
0x00007ffe0dec0000 - 0x00007ffe0df89000 	C:\windows\SYSTEM32\mscms.dll
0x00007ffdf7470000 - 0x00007ffdf74e0000 	C:\Windows\System32\Windows.Internal.Graphics.Display.DisplayColorManagement.dll
0x00007ffe14f10000 - 0x00007ffe14f67000 	C:\windows\SYSTEM32\cfgmgr32.dll
0x00007ffe0fee0000 - 0x00007ffe0fee7000 	C:\Users\gagek\.p2\pool\plugins\org.eclipse.justj.openjdk.hotspot.jre.full.win32.x86_64_21.0.8.v20250724-1412\jre\bin\jawt.dll
0x00007ffe0b360000 - 0x00007ffe0b3ca000 	C:\windows\SYSTEM32\directxdatabasehelper.dll
0x00007ffdf9260000 - 0x00007ffdf927a000 	C:\windows\SYSTEM32\windows.staterepositorycore.dll
0x00007ffd11d00000 - 0x00007ffd132cb000 	C:\windows\System32\DriverStore\FileRepository\iigd_dch.inf_amd64_9ce4d8a46710e0e5\igxelpgicd64.dll
0x00007ffd69440000 - 0x00007ffd69463000 	C:\windows\SYSTEM32\d3d12.dll
0x00007ffe12bf0000 - 0x00007ffe12d2e000 	C:\windows\SYSTEM32\dxgi.dll
0x00007ffdfab90000 - 0x00007ffdfad37000 	C:\windows\System32\DriverStore\FileRepository\iigd_dch.inf_amd64_9ce4d8a46710e0e5\igdml64.dll
0x00007ffe04790000 - 0x00007ffe04d23000 	C:\windows\System32\DriverStore\FileRepository\iigd_dch.inf_amd64_9ce4d8a46710e0e5\igdgmm64.dll
0x00007ffd96ac0000 - 0x00007ffd96d37000 	C:\windows\SYSTEM32\D3D12Core.dll
0x00007ffe15240000 - 0x00007ffe15266000 	C:\windows\SYSTEM32\bcrypt.dll
0x00007ffe0aea0000 - 0x00007ffe0b01c000 	C:\windows\SYSTEM32\drvstore.dll
0x00007ffdfdf10000 - 0x00007ffe03036000 	C:\windows\System32\DriverStore\FileRepository\iigd_dch.inf_amd64_9ce4d8a46710e0e5\igc64.dll
0x00007ffe0daa0000 - 0x00007ffe0dace000 	C:\windows\SYSTEM32\D3DSCache.dll
0x00007ffe146a0000 - 0x00007ffe146cb000 	C:\windows\SYSTEM32\USERENV.dll
0x00007ffe108d0000 - 0x00007ffe10afa000 	C:\windows\SYSTEM32\dcomp.dll
0x00007ffe101d0000 - 0x00007ffe101e9000 	C:\windows\SYSTEM32\Microsoft.Internal.WarpPal.dll
0x00007ffd32f90000 - 0x00007ffd3340e000 	C:\Users\gagek\AppData\Roaming\ow-electron\jilehohlakeokncafogkgnicgndeecdiengddbcc\packages\emifmpeaagaaglhaimndbhcpkjfmjhfnjjpoibdo\1.8.21\owe-client-x64.dll
0x00007ffe141c0000 - 0x00007ffe141f6000 	C:\windows\SYSTEM32\ntmarta.dll
0x00007ffe10f50000 - 0x00007ffe11075000 	C:\windows\SYSTEM32\CoreMessaging.dll
0x00007ffe08f90000 - 0x00007ffe09273000 	C:\windows\SYSTEM32\CoreUIComponents.dll
0x00007ffe14840000 - 0x00007ffe1484c000 	C:\windows\SYSTEM32\CRYPTBASE.DLL
0x00007ffe149e0000 - 0x00007ffe149fb000 	C:\windows\SYSTEM32\CRYPTSP.dll
0x00007ffe13ff0000 - 0x00007ffe1402b000 	C:\windows\system32\rsaenh.dll
0x00007ffe13a20000 - 0x00007ffe13a53000 	C:\windows\SYSTEM32\IPHLPAPI.DLL
0x00007ffe17800000 - 0x00007ffe1780a000 	C:\windows\System32\NSI.dll
0x000002ec28e30000 - 0x000002ec28e46000 	C:\MinecraftAlphaDev\libraries\natives\jinput-dx8_64.dll
0x00007ffdbe950000 - 0x00007ffdbe99b000 	C:\windows\SYSTEM32\DINPUT8.dll
0x00007ffdfd840000 - 0x00007ffdfda22000 	C:\windows\SYSTEM32\inputhost.dll
0x00007ffe13760000 - 0x00007ffe1376f000 	C:\windows\SYSTEM32\HID.DLL
0x00007ffe17d50000 - 0x00007ffe181d6000 	C:\windows\System32\SETUPAPI.DLL
0x00007ffe14f70000 - 0x00007ffe14f9d000 	C:\windows\SYSTEM32\DEVOBJ.dll
0x000002ec28ed0000 - 0x000002ec28f54000 	C:\windows\System32\WINTRUST.dll
0x00007ffe15ce0000 - 0x00007ffe15e57000 	C:\windows\System32\CRYPT32.dll
0x00007ffe14a50000 - 0x00007ffe14a63000 	C:\windows\SYSTEM32\MSASN1.dll
0x000002ec28f70000 - 0x000002ec28f84000 	C:\MinecraftAlphaDev\libraries\natives\jinput-raw_64.dll
0x000002ec29410000 - 0x000002ec29474000 	C:\MinecraftAlphaDev\libraries\natives\OpenAL64.dll
0x00007ffe0c5a0000 - 0x00007ffe0c642000 	C:\windows\System32\MMDevApi.dll
0x00007ffdbde50000 - 0x00007ffdbdee4000 	C:\windows\SYSTEM32\dsound.dll
0x00007ffd98640000 - 0x00007ffd98671000 	C:\windows\SYSTEM32\winmmbase.dll
0x00007ffdb5cc0000 - 0x00007ffdb5d71000 	C:\windows\SYSTEM32\ResampleDmo.DLL
0x00007ffdfcc60000 - 0x00007ffdfcc6e000 	C:\windows\SYSTEM32\msdmo.dll
0x00007ffdfa140000 - 0x00007ffdfa302000 	C:\windows\SYSTEM32\AUDIOSES.DLL
0x00007ffe11ae0000 - 0x00007ffe11af4000 	C:\windows\SYSTEM32\resourcepolicyclient.dll
0x00007ffe13a60000 - 0x00007ffe13b86000 	C:\windows\SYSTEM32\DNSAPI.dll
0x00007ffe0e2e0000 - 0x00007ffe0e2eb000 	C:\Windows\System32\rasadhlp.dll
0x00007ffe0ec90000 - 0x00007ffe0ed16000 	C:\windows\System32\fwpuclnt.dll
0x00007ffe0db30000 - 0x00007ffe0db39000 	C:\Users\gagek\.p2\pool\plugins\org.eclipse.justj.openjdk.hotspot.jre.full.win32.x86_64_21.0.8.v20250724-1412\jre\bin\extnet.dll
0x00007ffdc7070000 - 0x00007ffdc70f6000 	C:\windows\system32\Ninput.dll

JVMTI agents: none

dbghelp: loaded successfully - version: 4.0.5 - missing functions: none
symbol engine: initialized successfully - sym options: 0x614 - pdb path: .;C:\Users\gagek\.p2\pool\plugins\org.eclipse.justj.openjdk.hotspot.jre.full.win32.x86_64_21.0.8.v20250724-1412\jre\bin;C:\windows\SYSTEM32;C:\windows\WinSxS\amd64_microsoft.windows.common-controls_6595b64144ccf1df_6.0.26100.4768_none_3e0c112ce331287c;C:\Users\gagek\.p2\pool\plugins\org.eclipse.justj.openjdk.hotspot.jre.full.win32.x86_64_21.0.8.v20250724-1412\jre\bin\server;C:\MinecraftAlphaDev\libraries\natives;C:\windows\System32\DriverStore\FileRepository\iigd_dch.inf_amd64_9ce4d8a46710e0e5;C:\Users\gagek\AppData\Roaming\ow-electron\jilehohlakeokncafogkgnicgndeecdiengddbcc\packages\emifmpeaagaaglhaimndbhcpkjfmjhfnjjpoibdo\1.8.21

VM Arguments:
jvm_args: -Djava.library.path=C:\MinecraftAlphaDev\libraries\natives -Dfile.encoding=UTF-8 -Dstdout.encoding=UTF-8 -Dstderr.encoding=UTF-8 -XX:+ShowCodeDetailsInExceptionMessages 
java_command: net.minecraft.client.Minecraft
java_class_path (initial): C:\MinecraftAlphaDev\minecraft\output;C:\MinecraftAlphaDev\libraries\net\java\jinput\jinput\2.0.5\jinput-2.0.5.jar;C:\MinecraftAlphaDev\libraries\net\java\jutils\jutils\1.0.0\jutils-1.0.0.jar;C:\MinecraftAlphaDev\libraries\org\lwjgl\lwjgl\lwjgl\2.9.4-nightly-20150209\lwjgl-2.9.4-nightly-20150209.jar;C:\MinecraftAlphaDev\libraries\org\lwjgl\lwjgl\lwjgl_util\2.9.4-nightly-20150209\lwjgl_util-2.9.4-nightly-20150209.jar;C:\MinecraftAlphaDev\libraries\org\lwjgl\lwjgl\lwjgl-platform\2.9.4-nightly-20150209\lwjgl-platform-2.9.4-nightly-20150209.jar;C:\MinecraftAlphaDev\libraries\com\paulscode\codecjorbis\20230120\codecjorbis-20230120.jar;C:\MinecraftAlphaDev\libraries\com\paulscode\codecwav\20101023\codecwav-20101023.jar;C:\MinecraftAlphaDev\libraries\com\paulscode\libraryjavasound\20101123\libraryjavasound-20101123.jar;C:\MinecraftAlphaDev\libraries\com\paulscode\librarylwjglopenal\20100824\librarylwjglopenal-20100824.jar;C:\MinecraftAlphaDev\libraries\com\paulscode\soundsystem\20120107\soundsystem-20120107.jar;C:\MinecraftAlphaDev\libraries\org\mcphackers\launchwrapper\1.1.3\launchwrapper-1.1.3.jar;C:\MinecraftAlphaDev\libraries\org\json\json\20230311\json-20230311.jar;C:\MinecraftAlphaDev\libraries\org\ow2\asm\asm\9.7\asm-9.7.jar;C:\MinecraftAlphaDev\libraries\org\ow2\asm\asm-tree\9.7\asm-tree-9.7.jar;C:\MinecraftAlphaDev\minecraft\jars\deobfuscated.jar
Launcher Type: SUN_STANDARD

[Global flags]
     intx CICompilerCount                          = 4                                         {product} {ergonomic}
     uint ConcGCThreads                            = 3                                         {product} {ergonomic}
     uint G1ConcRefinementThreads                  = 11                                        {product} {ergonomic}
   size_t G1HeapRegionSize                         = 4194304                                   {product} {ergonomic}
    uintx GCDrainStackTargetSize                   = 64                                        {product} {ergonomic}
   size_t InitialHeapSize                          = 528482304                                 {product} {ergonomic}
   size_t MarkStackSize                            = 4194304                                   {product} {ergonomic}
   size_t MaxHeapSize                              = 8443133952                                {product} {ergonomic}
   size_t MaxNewSize                               = 5062524928                                {product} {ergonomic}
   size_t MinHeapDeltaBytes                        = 4194304                                   {product} {ergonomic}
   size_t MinHeapSize                              = 8388608                                   {product} {ergonomic}
    uintx NonNMethodCodeHeapSize                   = 5839372                                {pd product} {ergonomic}
    uintx NonProfiledCodeHeapSize                  = 122909434                              {pd product} {ergonomic}
    uintx ProfiledCodeHeapSize                     = 122909434                              {pd product} {ergonomic}
    uintx ReservedCodeCacheSize                    = 251658240                              {pd product} {ergonomic}
     bool SegmentedCodeCache                       = true                                      {product} {ergonomic}
     bool ShowCodeDetailsInExceptionMessages       = true                                   {manageable} {command line}
   size_t SoftMaxHeapSize                          = 8443133952                             {manageable} {ergonomic}
     bool UseCompressedOops                        = true                           {product lp64_product} {ergonomic}
     bool UseG1GC                                  = true                                      {product} {ergonomic}
     bool UseLargePagesIndividualAllocation        = false                                  {pd product} {ergonomic}

Logging:
Log output configuration:
 #0: stdout all=off uptime,level,tags foldmultilines=false
 #1: stderr all=off uptime,level,tags foldmultilines=false

Environment Variables:
PATH=C:/Users/gagek/.p2/pool/plugins/org.eclipse.justj.openjdk.hotspot.jre.full.win32.x86_64_21.0.8.v20250724-1412/jre/bin/server;C:/Users/gagek/.p2/pool/plugins/org.eclipse.justj.openjdk.hotspot.jre.full.win32.x86_64_21.0.8.v20250724-1412/jre/bin;C:\Program Files\Zulu\zulu-21\bin\;C:\Program Files (x86)\Common Files\Oracle\Java\java8path;C:\Program Files (x86)\Common Files\Oracle\Java\javapath;C:\Program Files\Oculus\Support\oculus-runtime;c:\devkitPro\msys2\usr\bin;C:\windows\system32;C:\windows;C:\windows\System32\Wbem;C:\windows\System32\WindowsPowerShell\v1.0\;C:\windows\System32\OpenSSH\;C:\Program Files\HP\HP One Agent;C:\Program Files\dotnet\;C:\Program Files (x86)\Microsoft SQL Server\160\Tools\Binn\;C:\Program Files\Microsoft SQL Server\160\Tools\Binn\;C:\Program Files\Microsoft SQL Server\Client SDK\ODBC\170\Tools\Binn\;C:\Program Files\Microsoft SQL Server\160\DTS\Binn\;C:\Program Files (x86)\Windows Kits\8.1\Windows Performance Toolkit\;C:\Program Files\Docker\Docker\resources\bin;C:\Program Files (x86)\Gpg4win\..\GnuPG\bin;C:\Users\gagek\AppData\Local\Microsoft\WindowsApps;C:\Users\gagek\AppData\Local\Programs\Microsoft VS Code\bin;C:\msys64\mingw64\bin;C:\Users\gagek\.aftman\bin;C:\Users\gagek\AppData\Local\GitHubDesktop\bin;C:\Users\gagek\AppData\Local\Muse Hub\lib;C:\Users\gagek\OneDrive\Desktop;
USERNAME=gagek
OS=Windows_NT
PROCESSOR_IDENTIFIER=Intel64 Family 6 Model 170 Stepping 4, GenuineIntel
TMP=C:\Users\gagek\AppData\Local\Temp
TEMP=C:\Users\gagek\AppData\Local\Temp




Periodic native trim disabled

---------------  S Y S T E M  ---------------

OS:
 Windows 11 , 64 bit Build 26100 (10.0.26100.4768)
OS uptime: 5 days 5:46 hours
Hyper-V role detected

CPU: total 14 (initial active 14) (7 cores per cpu, 2 threads per core) family 6 model 170 stepping 4 microcode 0x1f, cx8, cmov, fxsr, ht, mmx, 3dnowpref, sse, sse2, sse3, ssse3, sse4.1, sse4.2, popcnt, lzcnt, tsc, tscinvbit, avx, avx2, aes, erms, clmul, bmi1, bmi2, adx, sha, fma, vzeroupper, clflush, clflushopt, clwb, hv, serialize, rdtscp, rdpid, fsrm, f16c, cet_ibt, cet_ss
Processor Information for processor 0
  Max Mhz: 1700, Current Mhz: 1700, Mhz Limit: 1700
Processor Information for processor 1
  Max Mhz: 1700, Current Mhz: 1700, Mhz Limit: 1700
Processor Information for processor 2
  Max Mhz: 1200, Current Mhz: 1200, Mhz Limit: 1200
Processor Information for processor 3
  Max Mhz: 1200, Current Mhz: 1200, Mhz Limit: 1200
Processor Information for processor 4
  Max Mhz: 1200, Current Mhz: 1200, Mhz Limit: 1200
Processor Information for processor 5
  Max Mhz: 1200, Current Mhz: 1200, Mhz Limit: 1200
Processor Information for processor 6
  Max Mhz: 1200, Current Mhz: 1200, Mhz Limit: 1200
Processor Information for processor 7
  Max Mhz: 1200, Current Mhz: 1200, Mhz Limit: 1200
Processor Information for processor 8
  Max Mhz: 1200, Current Mhz: 1200, Mhz Limit: 1200
Processor Information for processor 9
  Max Mhz: 1200, Current Mhz: 1200, Mhz Limit: 1200
Processor Information for processor 10
  Max Mhz: 1700, Current Mhz: 1700, Mhz Limit: 1700
Processor Information for processor 11
  Max Mhz: 1700, Current Mhz: 1700, Mhz Limit: 1700
Processor Information for processor 12
  Max Mhz: 700, Current Mhz: 700, Mhz Limit: 700
Processor Information for processor 13
  Max Mhz: 700, Current Mhz: 700, Mhz Limit: 700

Memory: 4k page, system-wide physical 32203M (11912M free)
TotalPageFile size 37835M (AvailPageFile size 8314M)
current process WorkingSet (physical memory assigned to process): 1059M, peak: 1196M
current process commit charge ("private bytes"): 1119M, peak: 1261M

vm_info: OpenJDK 64-Bit Server VM (21.0.8+9-LTS) for windows-amd64 JRE (21.0.8+9-LTS), built on 2025-07-15T00:00:00Z by "admin" with MS VC++ 17.7 (VS2022)

END.
