#
# A fatal error has been detected by the Java Runtime Environment:
#
#  EXCEPTION_ACCESS_VIOLATION (0xc0000005) at pc=0x00007ffd4b5b8c80, pid=30924, tid=31324
#
# JRE version: OpenJDK Runtime Environment Temurin-21.0.8+9 (21.0.8+9) (build 21.0.8+9-LTS)
# Java VM: OpenJDK 64-Bit Server VM Temurin-21.0.8+9 (21.0.8+9-LTS, mixed mode, sharing, tiered, compressed oops, compressed class ptrs, g1 gc, windows-amd64)
# Problematic frame:
# C  [owe-client-x64.dll+0x3c8c80]
#
# No core dump will be written. Minidumps are not enabled by default on client versions of Windows
#
# If you would like to submit a bug report, please visit:
#   https://github.com/adoptium/adoptium-support/issues
#

---------------  S U M M A R Y ------------

Command Line: -Djava.library.path=C:\MinecraftAlphaDev\libraries\natives -Dfile.encoding=UTF-8 -Dstdout.encoding=UTF-8 -Dstderr.encoding=UTF-8 -XX:+ShowCodeDetailsInExceptionMessages net.minecraft.client.Minecraft

Host: Intel(R) Core(TM) Ultra 7 155U, 14 cores, 31G,  Windows 11 , 64 bit Build 26100 (10.0.26100.4768)
Time: Mon Sep  8 18:41:55 2025 Central Daylight Time elapsed time: 497.420060 seconds (0d 0h 8m 17s)

---------------  T H R E A D  ---------------

Current thread (0x0000023ace871690):  VMThread "VM Thread"          [id=31324, stack(0x0000004407400000,0x0000004407500000) (1024K)]

Stack: [0x0000004407400000,0x0000004407500000],  sp=0x00000044074fed38,  free space=1019k
Native frames: (J=compiled Java code, j=interpreted, Vv=VM code, C=native code)
C  [owe-client-x64.dll+0x3c8c80]


siginfo: EXCEPTION_ACCESS_VIOLATION (0xc0000005), data execution prevention violation at address 0x00007ffd4b5b8c80


Registers:
RAX=0x00007ffd4b55e300, RBX=0x0000000000000000, RCX=0x0000023b140c8090, RDX=0x00007ffd4b625018
RSP=0x00000044074fed38, RBP=0x00000044074ff230, RSI=0x00007ffd999d0000, RDI=0x0000000000000001
R8 =0x0000023aac7002c0, R9 =0x0000004406911000, R10=0x00007ffe183eeea0, R11=0x0000023aceb35950
R12=0x0000000000000001, R13=0x00007ffd99a2bdf0, R14=0x0000000000000000, R15=0x00007ffd999d0000
RIP=0x00007ffd4b5b8c80, EFLAGS=0x0000000000010202

XMM[0]=0x0000000000000000 0x0000000000000000
XMM[1]=0x0000000000000000 0x0000000000000000
XMM[2]=0x0000000000000000 0x0000000000000000
XMM[3]=0x0000000000000000 0x0000000000000000
XMM[4]=0x0000000000000000 0x0000000000000000
XMM[5]=0x0000000000000000 0x0000000000000000
XMM[6]=0x0000000000000000 0x0000000000000000
XMM[7]=0x0000000000000000 0x404e000000000000
XMM[8]=0x0000000000000000 0x0000000000000000
XMM[9]=0x0000000000000000 0x0000000000000000
XMM[10]=0x0000000000000000 0x0000000000000000
XMM[11]=0x0000000000000000 0x0000000000000000
XMM[12]=0x0000000000000000 0x0000000000000000
XMM[13]=0x0000000000000000 0x0000000000000000
XMM[14]=0x0000000000000000 0x0000000000000000
XMM[15]=0x0000000000000000 0x0000000000000000
  MXCSR=0x00001fa2


Register to memory mapping:

RAX=0x00007ffd4b55e300 owe-client-x64.dll
RBX=0x0 is null
RCX=0x0000023b140c8090 points into unknown readable memory: 0x00007ffd4b55e300 | 00 e3 55 4b fd 7f 00 00
RDX=0x00007ffd4b625018 owe-client-x64.dll
RSP=0x00000044074fed38 points into unknown readable memory: 0x00007ffd4b2aac99 | 99 ac 2a 4b fd 7f 00 00
RBP=0x00000044074ff230 points into unknown readable memory: 0x0000023acdec4870 | 70 48 ec cd 3a 02 00 00
RSI=0x00007ffd999d0000 opengl32.dll
RDI=0x0000000000000001 is an unknown value
R8 =0x0000023aac7002c0 points into unknown readable memory: 0x00007ffd340c5460 | 60 54 0c 34 fd 7f 00 00
R9 =0x0000004406911000 points into unknown readable memory: 0x0000000000000000 | 00 00 00 00 00 00 00 00
R10=0x00007ffe183eeea0 ntdll.dll
R11=0x0000023aceb35950 points into unknown readable memory: 0x0000023aceb36940 | 40 69 b3 ce 3a 02 00 00
R12=0x0000000000000001 is an unknown value
R13=0x00007ffd99a2bdf0 opengl32.dll
R14=0x0 is null
R15=0x00007ffd999d0000 opengl32.dll

Top of Stack: (sp=0x00000044074fed38)
0x00000044074fed38:   00007ffd4b2aac99 00007ffd4b62c7b8
0x00000044074fed48:   00007ffd4b625018 0000023b14084a70
0x00000044074fed58:   0000000000000000 fffffffffffffffe
0x00000044074fed68:   00007ffd4b2ab0f7 0000023b140c8090
0x00000044074fed78:   00007ffd4b625018 0000023aacc5b178
0x00000044074fed88:   0000000000000000 0000000000000000
0x00000044074fed98:   0000023b140c8090 00007ffd99a2bdf0
0x00000044074feda8:   0000023b14098aa0 0000023b141c83e0
0x00000044074fedb8:   00007ffe182243e1 0000000000000001
0x00000044074fedc8:   00007ffd999dca16 0000000000010000
0x00000044074fedd8:   0000023aacc5b0d8 0000023aceb35950
0x00000044074fede8:   00007ffe18224273 0000000000000001
0x00000044074fedf8:   00007ffd999dc7d0 00000044074ff230
0x00000044074fee08:   0000000000000000 00007ffd999d0000
0x00000044074fee18:   0000000000000000 0000000000000000
0x00000044074fee28:   00007ffd999dc255 0000000000000000
0x00000044074fee38:   00000044074ff230 00007ffd999d0000
0x00000044074fee48:   0000000000000000 0000000000000000
0x00000044074fee58:   00007ffd99a2bf19 0000000000000001
0x00000044074fee68:   00000044074ff230 00007ffe165b0000
0x00000044074fee78:   00007ffe15f988c0 0000004400000001
0x00000044074fee88:   00007ffe15eab8aa 00000044074f0101
0x00000044074fee98:   00000044074fef18 00000044074ff230
0x00000044074feea8:   00000000c0000005 00007ffe00000000
0x00000044074feeb8:   00007ffe15eab84d 0000000000000001
0x00000044074feec8:   00007ffe15f125ec 00000044074ff230
0x00000044074feed8:   00000044074fef08 fffffffffffffffe
0x00000044074feee8:   00007ffe15eab84d 0000000000000001
0x00000044074feef8:   00007ffe16446693 00007ffe16512c60
0x00000044074fef08:   c00000050000000d ffffffff0000000d
0x00000044074fef18:   00000044074fef00 0000000000000000
0x00000044074fef28:   00007ffe1644633f 0000000000000000 

Instructions: (pc=0x00007ffd4b5b8c80)
0x00007ffd4b5b8b80:   00 00 00 00 00 00 00 00 00 00 00 00 00 00 00 00
0x00007ffd4b5b8b90:   40 e5 42 00 01 00 00 00 00 00 00 00 ff ff ff ff
0x00007ffd4b5b8ba0:   00 00 00 00 40 00 00 00 60 8b 3c 00 00 00 00 00
0x00007ffd4b5b8bb0:   00 00 00 00 00 00 00 00 00 00 00 00 00 00 00 00
0x00007ffd4b5b8bc0:   01 00 00 00 d0 8b 3c 00 00 00 00 00 00 00 00 00
0x00007ffd4b5b8bd0:   e0 8b 3c 00 00 00 00 00 00 00 00 00 00 00 00 00
0x00007ffd4b5b8be0:   e8 e5 42 00 00 00 00 00 00 00 00 00 ff ff ff ff
0x00007ffd4b5b8bf0:   00 00 00 00 40 00 00 00 b8 8b 3c 00 00 00 00 00
0x00007ffd4b5b8c00:   00 00 00 00 00 00 00 00 01 00 00 00 00 00 00 00
0x00007ffd4b5b8c10:   00 00 00 00 18 e6 42 00 30 8c 3c 00 08 8c 3c 00
0x00007ffd4b5b8c20:   00 00 00 00 00 00 00 00 00 00 00 00 00 00 00 00
0x00007ffd4b5b8c30:   00 00 00 00 00 00 00 00 01 00 00 00 48 8c 3c 00
0x00007ffd4b5b8c40:   00 00 00 00 00 00 00 00 58 8c 3c 00 00 00 00 00
0x00007ffd4b5b8c50:   00 00 00 00 00 00 00 00 18 e6 42 00 00 00 00 00
0x00007ffd4b5b8c60:   00 00 00 00 ff ff ff ff 00 00 00 00 40 00 00 00
0x00007ffd4b5b8c70:   30 8c 3c 00 00 00 00 00 00 00 00 00 00 00 00 00
0x00007ffd4b5b8c80:   01 00 00 00 00 00 00 00 00 00 00 00 40 e6 42 00
0x00007ffd4b5b8c90:   a8 8c 3c 00 80 8c 3c 00 00 00 00 00 00 00 00 00
0x00007ffd4b5b8ca0:   00 00 00 00 00 00 00 00 00 00 00 00 01 00 00 00
0x00007ffd4b5b8cb0:   03 00 00 00 c0 8c 3c 00 00 00 00 00 00 00 00 00
0x00007ffd4b5b8cc0:   e0 8c 3c 00 58 8c 3c 00 08 8d 3c 00 00 00 00 00
0x00007ffd4b5b8cd0:   00 00 00 00 00 00 00 00 00 00 00 00 00 00 00 00
0x00007ffd4b5b8ce0:   40 e6 42 00 02 00 00 00 00 00 00 00 ff ff ff ff
0x00007ffd4b5b8cf0:   00 00 00 00 40 00 00 00 a8 8c 3c 00 00 00 00 00
0x00007ffd4b5b8d00:   00 00 00 00 00 00 00 00 60 e6 42 00 00 00 00 00
0x00007ffd4b5b8d10:   10 00 00 00 ff ff ff ff 00 00 00 00 40 00 00 00
0x00007ffd4b5b8d20:   30 8d 3c 00 00 00 00 00 00 00 00 00 00 00 00 00
0x00007ffd4b5b8d30:   00 00 00 00 00 00 00 00 01 00 00 00 48 8d 3c 00
0x00007ffd4b5b8d40:   00 00 00 00 00 00 00 00 58 8d 3c 00 00 00 00 00
0x00007ffd4b5b8d50:   00 00 00 00 00 00 00 00 60 e6 42 00 00 00 00 00
0x00007ffd4b5b8d60:   00 00 00 00 ff ff ff ff 00 00 00 00 40 00 00 00
0x00007ffd4b5b8d70:   30 8d 3c 00 00 00 00 00 00 00 00 00 00 00 00 00 


Stack slot to memory mapping:

stack at sp + 0 slots: 0x00007ffd4b2aac99 owe-client-x64.dll
stack at sp + 1 slots: 0x00007ffd4b62c7b8 owe-client-x64.dll
stack at sp + 2 slots: 0x00007ffd4b625018 owe-client-x64.dll
stack at sp + 3 slots: 0x0000023b14084a70 points into unknown readable memory: 0x00007ffe166d0150 | 50 01 6d 16 fe 7f 00 00
stack at sp + 4 slots: 0x0 is null
stack at sp + 5 slots: 0xfffffffffffffffe is an unknown value
stack at sp + 6 slots: 0x00007ffd4b2ab0f7 owe-client-x64.dll
stack at sp + 7 slots: 0x0000023b140c8090 points into unknown readable memory: 0x00007ffd4b55e300 | 00 e3 55 4b fd 7f 00 00

VM_Operation (0x00000044082fe6e0): Exit, mode: safepoint, requested by thread 0x0000023b140286f0


---------------  P R O C E S S  ---------------

Threads class SMR info:
_java_thread_list=0x0000023b26507570, length=17, elements={
0x0000023ace88c760, 0x0000023ace88dfd0, 0x0000023ace894b50, 0x0000023ace898440,
0x0000023ace89a8f0, 0x0000023ace8ae420, 0x0000023ace8b3800, 0x0000023ace9f0d50,
0x0000023ace9fb5b0, 0x0000023b140096e0, 0x0000023b1400c800, 0x0000023b140286f0,
0x0000023b14065620, 0x0000023aaed4f7e0, 0x0000023b1b6e3950, 0x0000023b142db4f0,
0x0000023b1b049550
}

Java Threads: ( => current thread )
  0x0000023ace88c760 JavaThread "Reference Handler"          daemon [_thread_blocked, id=38060, stack(0x0000004407500000,0x0000004407600000) (1024K)]
  0x0000023ace88dfd0 JavaThread "Finalizer"                  daemon [_thread_blocked, id=28968, stack(0x0000004407600000,0x0000004407700000) (1024K)]
  0x0000023ace894b50 JavaThread "Attach Listener"            daemon [_thread_blocked, id=33292, stack(0x0000004407800000,0x0000004407900000) (1024K)]
  0x0000023ace898440 JavaThread "Service Thread"             daemon [_thread_blocked, id=16888, stack(0x0000004407900000,0x0000004407a00000) (1024K)]
  0x0000023ace89a8f0 JavaThread "Monitor Deflation Thread"   daemon [_thread_blocked, id=24360, stack(0x0000004407a00000,0x0000004407b00000) (1024K)]
  0x0000023ace8ae420 JavaThread "C2 CompilerThread0"         daemon [_thread_blocked, id=20048, stack(0x0000004407b00000,0x0000004407c00000) (1024K)]
  0x0000023ace8b3800 JavaThread "C1 CompilerThread0"         daemon [_thread_blocked, id=36300, stack(0x0000004407c00000,0x0000004407d00000) (1024K)]
  0x0000023ace9f0d50 JavaThread "Notification Thread"        daemon [_thread_blocked, id=3124, stack(0x0000004407d00000,0x0000004407e00000) (1024K)]
  0x0000023ace9fb5b0 JavaThread "Common-Cleaner"             daemon [_thread_blocked, id=27172, stack(0x0000004407e00000,0x0000004407f00000) (1024K)]
  0x0000023b140096e0 JavaThread "Java2D Disposer"            daemon [_thread_blocked, id=38304, stack(0x0000004407f00000,0x0000004408000000) (1024K)]
  0x0000023b1400c800 JavaThread "AWT-Shutdown"                      [_thread_blocked, id=15840, stack(0x0000004408000000,0x0000004408100000) (1024K)]
  0x0000023b140286f0 JavaThread "AWT-EventQueue-0"                  [_thread_blocked, id=37180, stack(0x0000004408200000,0x0000004408300000) (1024K)]
  0x0000023b14065620 JavaThread "Timer hack thread"          daemon [_thread_blocked, id=30052, stack(0x0000004408300000,0x0000004408400000) (1024K)]
  0x0000023aaed4f7e0 JavaThread "DestroyJavaVM"                     [_thread_blocked, id=38712, stack(0x0000004406d00000,0x0000004406e00000) (1024K)]
  0x0000023b1b6e3950 JavaThread "Thread-2"                   daemon [_thread_in_native, id=33136, stack(0x0000004409000000,0x0000004409100000) (1024K)]
  0x0000023b142db4f0 JavaThread "Thread-3"                          [_thread_blocked, id=28148, stack(0x0000004409200000,0x0000004409300000) (1024K)]
  0x0000023b1b049550 JavaThread "Thread-4"                          [_thread_blocked, id=24424, stack(0x0000004409300000,0x0000004409400000) (1024K)]
Total: 17

Other Threads:
=>0x0000023ace871690 VMThread "VM Thread"                           [id=31324, stack(0x0000004407400000,0x0000004407500000) (1024K)]
  0x0000023aaedf1440 WorkerThread "GC Thread#0"                     [id=18080, stack(0x0000004406e00000,0x0000004406f00000) (1024K)]
  0x0000023b16780dc0 WorkerThread "GC Thread#1"                     [id=14436, stack(0x0000004409a00000,0x0000004409b00000) (1024K)]
  0x0000023b1677e5e0 WorkerThread "GC Thread#2"                     [id=40416, stack(0x0000004409b00000,0x0000004409c00000) (1024K)]
  0x0000023b16781160 WorkerThread "GC Thread#3"                     [id=2116, stack(0x0000004409c00000,0x0000004409d00000) (1024K)]
  0x0000023b16780a20 WorkerThread "GC Thread#4"                     [id=25456, stack(0x0000004409d00000,0x0000004409e00000) (1024K)]
  0x0000023b167802e0 WorkerThread "GC Thread#5"                     [id=34056, stack(0x0000004409e00000,0x0000004409f00000) (1024K)]
  0x0000023b1677f460 WorkerThread "GC Thread#6"                     [id=37600, stack(0x0000004409f00000,0x000000440a000000) (1024K)]
  0x0000023b1677db00 WorkerThread "GC Thread#7"                     [id=38944, stack(0x000000440a000000,0x000000440a100000) (1024K)]
  0x0000023b1677e240 WorkerThread "GC Thread#8"                     [id=6960, stack(0x000000440a100000,0x000000440a200000) (1024K)]
  0x0000023b1677f800 WorkerThread "GC Thread#9"                     [id=17984, stack(0x000000440a200000,0x000000440a300000) (1024K)]
  0x0000023b1677fba0 WorkerThread "GC Thread#10"                    [id=41152, stack(0x000000440a300000,0x000000440a400000) (1024K)]
  0x0000023aaee01fb0 ConcurrentGCThread "G1 Main Marker"            terminated
  0x0000023aaee040d0 WorkerThread "G1 Conc#0"                       [id=19908, stack(0x0000004407000000,0x0000004407100000) (1024K)]
  0x0000023b1677ed20 WorkerThread "G1 Conc#1"                       [id=9512, stack(0x0000004409700000,0x0000004409800000) (1024K)]
  0x0000023b1677d760 WorkerThread "G1 Conc#2"                       [id=38992, stack(0x000000440a400000,0x000000440a500000) (1024K)]
  0x0000023acdd874d0 ConcurrentGCThread "G1 Refine#0"               terminated
  0x0000023acdd892f0 ConcurrentGCThread "G1 Service"                terminated
Total: 18

Threads with active compile tasks:
Total: 0

VM state: at safepoint (shutting down)

VM Mutex/Monitor currently owned by a thread:  ([mutex/lock_event])
[0x00007ffd340c5458] Threads_lock - owner thread: 0x0000023ace871690
[0x00007ffd340c5558] Heap_lock - owner thread: 0x0000023b140286f0

Heap address: 0x0000000608c00000, size: 8052 MB, Compressed Oops mode: Zero based, Oop shift amount: 3

CDS archive(s) mapped at: [0x0000023acf000000-0x0000023acfc80000-0x0000023acfc80000), size 13107200, SharedBaseAddress: 0x0000023acf000000, ArchiveRelocationMode: 1.
Compressed class space mapped at: 0x0000023ad0000000-0x0000023b10000000, reserved size: 1073741824
Narrow klass base: 0x0000023acf000000, Narrow klass shift: 0, Narrow klass range: 0x100000000

GC Precious Log:
 CardTable entry size: 512
 Card Set container configuration: InlinePtr #cards 4 size 8 Array Of Cards #cards 32 size 80 Howl #buckets 8 coarsen threshold 7372 Howl Bitmap #cards 1024 size 144 coarsen threshold 921 Card regions per heap region 1 cards per card region 8192
 CPUs: 14 total, 14 available
 Memory: 32203M
 Large Page Support: Disabled
 NUMA Support: Disabled
 Compressed Oops: Enabled (Zero based)
 Heap Region Size: 4M
 Heap Min Capacity: 8M
 Heap Initial Capacity: 504M
 Heap Max Capacity: 8052M
 Pre-touch: Disabled
 Parallel Workers: 11
 Concurrent Workers: 3
 Concurrent Refinement Workers: 11
 Periodic GC: Disabled

Heap:
 garbage-first heap   total 303104K, used 85932K [0x0000000608c00000, 0x0000000800000000)
  region size 4096K, 2 young (8192K), 0 survivors (0K)
 Metaspace       used 14414K, committed 14720K, reserved 1114112K
  class space    used 1318K, committed 1472K, reserved 1048576K

Heap Regions: E=young(eden), S=young(survivor), O=old, HS=humongous(starts), HC=humongous(continues), CS=collection set, F=free, TAMS=top-at-mark-start, PB=parsable bottom
|   0|0x0000000608c00000, 0x0000000609000000, 0x0000000609000000|100%|HS|  |TAMS 0x0000000608c00000| PB 0x0000000608c00000| Untracked 
|   1|0x0000000609000000, 0x0000000609400000, 0x0000000609400000|100%|HC|  |TAMS 0x0000000609000000| PB 0x0000000609000000| Untracked 
|   2|0x0000000609400000, 0x0000000609800000, 0x0000000609800000|100%|HC|  |TAMS 0x0000000609400000| PB 0x0000000609400000| Untracked 
|   3|0x0000000609800000, 0x0000000609bffff8, 0x0000000609c00000| 99%| O|  |TAMS 0x0000000609800000| PB 0x0000000609800000| Untracked 
|   4|0x0000000609c00000, 0x0000000609fff928, 0x000000060a000000| 99%| O|  |TAMS 0x0000000609c00000| PB 0x0000000609c00000| Untracked 
|   5|0x000000060a000000, 0x000000060a3fd0a0, 0x000000060a400000| 99%| O|  |TAMS 0x000000060a000000| PB 0x000000060a000000| Untracked 
|   6|0x000000060a400000, 0x000000060a6bcb60, 0x000000060a800000| 68%| O|  |TAMS 0x000000060a400000| PB 0x000000060a400000| Untracked 
|   7|0x000000060a800000, 0x000000060abfc168, 0x000000060ac00000| 99%| O|  |TAMS 0x000000060a800000| PB 0x000000060a800000| Untracked 
|   8|0x000000060ac00000, 0x000000060affdf38, 0x000000060b000000| 99%| O|  |TAMS 0x000000060ac00000| PB 0x000000060ac00000| Untracked 
|   9|0x000000060b000000, 0x000000060b3f4950, 0x000000060b400000| 98%| O|  |TAMS 0x000000060b000000| PB 0x000000060b000000| Untracked 
|  10|0x000000060b400000, 0x000000060b720118, 0x000000060b800000| 78%| O|  |TAMS 0x000000060b400000| PB 0x000000060b400000| Untracked 
|  11|0x000000060b800000, 0x000000060bbfcae0, 0x000000060bc00000| 99%| O|  |TAMS 0x000000060b800000| PB 0x000000060b800000| Untracked 
|  12|0x000000060bc00000, 0x000000060bc00000, 0x000000060c000000|  0%| F|  |TAMS 0x000000060bc00000| PB 0x000000060bc00000| Untracked 
|  13|0x000000060c000000, 0x000000060c0b5f00, 0x000000060c400000| 17%| O|  |TAMS 0x000000060c000000| PB 0x000000060c000000| Untracked 
|  14|0x000000060c400000, 0x000000060c7fe9d8, 0x000000060c800000| 99%| O|  |TAMS 0x000000060c400000| PB 0x000000060c400000| Untracked 
|  15|0x000000060c800000, 0x000000060c800000, 0x000000060cc00000|  0%| F|  |TAMS 0x000000060c800000| PB 0x000000060c800000| Untracked 
|  16|0x000000060cc00000, 0x000000060cc00000, 0x000000060d000000|  0%| F|  |TAMS 0x000000060cc00000| PB 0x000000060cc00000| Untracked 
|  17|0x000000060d000000, 0x000000060d3fdd08, 0x000000060d400000| 99%| O|  |TAMS 0x000000060d000000| PB 0x000000060d000000| Untracked 
|  18|0x000000060d400000, 0x000000060d46da58, 0x000000060d800000| 10%| O|  |TAMS 0x000000060d400000| PB 0x000000060d400000| Untracked 
|  19|0x000000060d800000, 0x000000060d800000, 0x000000060dc00000|  0%| F|  |TAMS 0x000000060d800000| PB 0x000000060d800000| Untracked 
|  20|0x000000060dc00000, 0x000000060dc00000, 0x000000060e000000|  0%| F|  |TAMS 0x000000060dc00000| PB 0x000000060dc00000| Untracked 
|  21|0x000000060e000000, 0x000000060e1066a8, 0x000000060e400000| 25%| O|  |TAMS 0x000000060e000000| PB 0x000000060e000000| Untracked 
|  22|0x000000060e400000, 0x000000060e400000, 0x000000060e800000|  0%| F|  |TAMS 0x000000060e400000| PB 0x000000060e400000| Untracked 
|  23|0x000000060e800000, 0x000000060e800000, 0x000000060ec00000|  0%| F|  |TAMS 0x000000060e800000| PB 0x000000060e800000| Untracked 
|  24|0x000000060ec00000, 0x000000060ec00000, 0x000000060f000000|  0%| F|  |TAMS 0x000000060ec00000| PB 0x000000060ec00000| Untracked 
|  25|0x000000060f000000, 0x000000060f000000, 0x000000060f400000|  0%| F|  |TAMS 0x000000060f000000| PB 0x000000060f000000| Untracked 
|  26|0x000000060f400000, 0x000000060f400000, 0x000000060f800000|  0%| F|  |TAMS 0x000000060f400000| PB 0x000000060f400000| Untracked 
|  27|0x000000060f800000, 0x000000060f800000, 0x000000060fc00000|  0%| F|  |TAMS 0x000000060f800000| PB 0x000000060f800000| Untracked 
|  28|0x000000060fc00000, 0x000000060fc00000, 0x0000000610000000|  0%| F|  |TAMS 0x000000060fc00000| PB 0x000000060fc00000| Untracked 
|  29|0x0000000610000000, 0x0000000610000000, 0x0000000610400000|  0%| F|  |TAMS 0x0000000610000000| PB 0x0000000610000000| Untracked 
|  30|0x0000000610400000, 0x0000000610800000, 0x0000000610800000|100%| O|  |TAMS 0x0000000610400000| PB 0x0000000610400000| Untracked 
|  31|0x0000000610800000, 0x0000000610c00000, 0x0000000610c00000|100%| O|  |TAMS 0x0000000610800000| PB 0x0000000610800000| Untracked 
|  32|0x0000000610c00000, 0x0000000610c00000, 0x0000000611000000|  0%| F|  |TAMS 0x0000000610c00000| PB 0x0000000610c00000| Untracked 
|  33|0x0000000611000000, 0x0000000611000000, 0x0000000611400000|  0%| F|  |TAMS 0x0000000611000000| PB 0x0000000611000000| Untracked 
|  34|0x0000000611400000, 0x0000000611400000, 0x0000000611800000|  0%| F|  |TAMS 0x0000000611400000| PB 0x0000000611400000| Untracked 
|  35|0x0000000611800000, 0x0000000611800000, 0x0000000611c00000|  0%| F|  |TAMS 0x0000000611800000| PB 0x0000000611800000| Untracked 
|  36|0x0000000611c00000, 0x0000000611c00000, 0x0000000612000000|  0%| F|  |TAMS 0x0000000611c00000| PB 0x0000000611c00000| Untracked 
|  37|0x0000000612000000, 0x0000000612000000, 0x0000000612400000|  0%| F|  |TAMS 0x0000000612000000| PB 0x0000000612000000| Untracked 
|  38|0x0000000612400000, 0x0000000612800000, 0x0000000612800000|100%| O|  |TAMS 0x0000000612400000| PB 0x0000000612400000| Untracked 
|  39|0x0000000612800000, 0x0000000612c00000, 0x0000000612c00000|100%| O|  |TAMS 0x0000000612800000| PB 0x0000000612800000| Untracked 
|  40|0x0000000612c00000, 0x0000000613000000, 0x0000000613000000|100%| O|  |TAMS 0x0000000612c00000| PB 0x0000000612c00000| Untracked 
|  41|0x0000000613000000, 0x0000000613400000, 0x0000000613400000|100%| O|  |TAMS 0x0000000613000000| PB 0x0000000613000000| Untracked 
|  42|0x0000000613400000, 0x0000000613400000, 0x0000000613800000|  0%| F|  |TAMS 0x0000000613400000| PB 0x0000000613400000| Untracked 
|  43|0x0000000613800000, 0x0000000613800000, 0x0000000613c00000|  0%| F|  |TAMS 0x0000000613800000| PB 0x0000000613800000| Untracked 
|  44|0x0000000613c00000, 0x0000000613c00000, 0x0000000614000000|  0%| F|  |TAMS 0x0000000613c00000| PB 0x0000000613c00000| Untracked 
|  45|0x0000000614000000, 0x0000000614000000, 0x0000000614400000|  0%| F|  |TAMS 0x0000000614000000| PB 0x0000000614000000| Untracked 
|  46|0x0000000614400000, 0x0000000614400000, 0x0000000614800000|  0%| F|  |TAMS 0x0000000614400000| PB 0x0000000614400000| Untracked 
|  47|0x0000000614800000, 0x0000000614800000, 0x0000000614c00000|  0%| F|  |TAMS 0x0000000614800000| PB 0x0000000614800000| Untracked 
|  48|0x0000000614c00000, 0x0000000614c00000, 0x0000000615000000|  0%| F|  |TAMS 0x0000000614c00000| PB 0x0000000614c00000| Untracked 
|  49|0x0000000615000000, 0x0000000615000000, 0x0000000615400000|  0%| F|  |TAMS 0x0000000615000000| PB 0x0000000615000000| Untracked 
|  50|0x0000000615400000, 0x0000000615400000, 0x0000000615800000|  0%| F|  |TAMS 0x0000000615400000| PB 0x0000000615400000| Untracked 
|  51|0x0000000615800000, 0x0000000615800000, 0x0000000615c00000|  0%| F|  |TAMS 0x0000000615800000| PB 0x0000000615800000| Untracked 
|  52|0x0000000615c00000, 0x0000000615c00000, 0x0000000616000000|  0%| F|  |TAMS 0x0000000615c00000| PB 0x0000000615c00000| Untracked 
|  53|0x0000000616000000, 0x0000000616000000, 0x0000000616400000|  0%| F|  |TAMS 0x0000000616000000| PB 0x0000000616000000| Untracked 
|  54|0x0000000616400000, 0x0000000616400000, 0x0000000616800000|  0%| F|  |TAMS 0x0000000616400000| PB 0x0000000616400000| Untracked 
|  55|0x0000000616800000, 0x0000000616800000, 0x0000000616c00000|  0%| F|  |TAMS 0x0000000616800000| PB 0x0000000616800000| Untracked 
|  56|0x0000000616c00000, 0x0000000616c00000, 0x0000000617000000|  0%| F|  |TAMS 0x0000000616c00000| PB 0x0000000616c00000| Untracked 
|  57|0x0000000617000000, 0x0000000617000000, 0x0000000617400000|  0%| F|  |TAMS 0x0000000617000000| PB 0x0000000617000000| Untracked 
|  58|0x0000000617400000, 0x0000000617400000, 0x0000000617800000|  0%| F|  |TAMS 0x0000000617400000| PB 0x0000000617400000| Untracked 
|  59|0x0000000617800000, 0x0000000617800000, 0x0000000617c00000|  0%| F|  |TAMS 0x0000000617800000| PB 0x0000000617800000| Untracked 
|  60|0x0000000617c00000, 0x0000000617c00000, 0x0000000618000000|  0%| F|  |TAMS 0x0000000617c00000| PB 0x0000000617c00000| Untracked 
|  61|0x0000000618000000, 0x0000000618000000, 0x0000000618400000|  0%| F|  |TAMS 0x0000000618000000| PB 0x0000000618000000| Untracked 
|  62|0x0000000618400000, 0x0000000618400000, 0x0000000618800000|  0%| F|  |TAMS 0x0000000618400000| PB 0x0000000618400000| Untracked 
|  63|0x0000000618800000, 0x0000000618800000, 0x0000000618c00000|  0%| F|  |TAMS 0x0000000618800000| PB 0x0000000618800000| Untracked 
|  64|0x0000000618c00000, 0x0000000618c00000, 0x0000000619000000|  0%| F|  |TAMS 0x0000000618c00000| PB 0x0000000618c00000| Untracked 
|  65|0x0000000619000000, 0x0000000619000000, 0x0000000619400000|  0%| F|  |TAMS 0x0000000619000000| PB 0x0000000619000000| Untracked 
|  66|0x0000000619400000, 0x0000000619400000, 0x0000000619800000|  0%| F|  |TAMS 0x0000000619400000| PB 0x0000000619400000| Untracked 
|  67|0x0000000619800000, 0x0000000619800000, 0x0000000619c00000|  0%| F|  |TAMS 0x0000000619800000| PB 0x0000000619800000| Untracked 
|  68|0x0000000619c00000, 0x0000000619c00000, 0x000000061a000000|  0%| F|  |TAMS 0x0000000619c00000| PB 0x0000000619c00000| Untracked 
|  69|0x000000061a000000, 0x000000061a000000, 0x000000061a400000|  0%| F|  |TAMS 0x000000061a000000| PB 0x000000061a000000| Untracked 
|  70|0x000000061a400000, 0x000000061a400000, 0x000000061a800000|  0%| F|  |TAMS 0x000000061a400000| PB 0x000000061a400000| Untracked 
|  71|0x000000061a800000, 0x000000061a800000, 0x000000061ac00000|  0%| F|  |TAMS 0x000000061a800000| PB 0x000000061a800000| Untracked 
|  72|0x000000061ac00000, 0x000000061aca8f70, 0x000000061b000000| 16%| E|  |TAMS 0x000000061ac00000| PB 0x000000061ac00000| Complete 
|  73|0x000000061b000000, 0x000000061b400000, 0x000000061b400000|100%| E|CS|TAMS 0x000000061b000000| PB 0x000000061b000000| Complete 

Card table byte_map: [0x0000023ac2d20000,0x0000023ac3ce0000] _byte_map_base: 0x0000023abfcda000

Marking Bits: (CMBitMap*) 0x0000023aaedf1b40
 Bits: [0x0000023ac3ce0000, 0x0000023acbab0000)

Polling page: 0x0000023aacb40000

Metaspace:

Usage:
  Non-class:     12.79 MB used.
      Class:      1.29 MB used.
       Both:     14.08 MB used.

Virtual space:
  Non-class space:       64.00 MB reserved,      12.94 MB ( 20%) committed,  1 nodes.
      Class space:        1.00 GB reserved,       1.44 MB ( <1%) committed,  1 nodes.
             Both:        1.06 GB reserved,      14.38 MB (  1%) committed. 

Chunk freelists:
   Non-Class:  2.27 MB
       Class:  14.54 MB
        Both:  16.81 MB

MaxMetaspaceSize: unlimited
CompressedClassSpaceSize: 1.00 GB
Initial GC threshold: 21.00 MB
Current GC threshold: 24.00 MB
CDS: on
 - commit_granule_bytes: 65536.
 - commit_granule_words: 8192.
 - virtual_space_node_default_size: 8388608.
 - enlarge_chunks_in_place: 1.
 - use_allocation_guard: 0.


Internal statistics:

num_allocs_failed_limit: 0.
num_arena_births: 310.
num_arena_deaths: 0.
num_vsnodes_births: 2.
num_vsnodes_deaths: 0.
num_space_committed: 228.
num_space_uncommitted: 0.
num_chunks_returned_to_freelist: 0.
num_chunks_taken_from_freelist: 619.
num_chunk_merges: 0.
num_chunk_splits: 371.
num_chunks_enlarged: 184.
num_inconsistent_stats: 0.

CodeHeap 'non-profiled nmethods': size=120000Kb used=3687Kb max_used=6184Kb free=116312Kb
 bounds [0x0000023aba1c0000, 0x0000023aba7f0000, 0x0000023ac16f0000]
CodeHeap 'profiled nmethods': size=120000Kb used=2622Kb max_used=7526Kb free=117377Kb
 bounds [0x0000023ab26f0000, 0x0000023ab2e50000, 0x0000023ab9c20000]
CodeHeap 'non-nmethods': size=5760Kb used=1752Kb max_used=1816Kb free=4007Kb
 bounds [0x0000023ab9c20000, 0x0000023ab9e90000, 0x0000023aba1c0000]
CodeCache: size=245760Kb, used=8061Kb, max_used=15526Kb, free=237696Kb
 total_blobs=2841, nmethods=2056, adapters=689, full_count=0
Compilation: enabled, stopped_count=0, restarted_count=0

Compilation events (20 events):
Event: 495.623 Thread 0x0000023ace8ae420 4986       4       net.java.games.input.RawInputEventQueue::addMouseEvent (34 bytes)
Event: 495.627 Thread 0x0000023ace8ae420 nmethod 4986 0x0000023aba3e1910 code [0x0000023aba3e1ac0, 0x0000023aba3e1ea8]
Event: 495.950 Thread 0x0000023ace8ae420 4987       4       java.lang.String::isEmpty (14 bytes)
Event: 495.950 Thread 0x0000023ace8b3800 4988       3       java.lang.invoke.LambdaForm$MH/0x0000023ad0014c00::invoke (25 bytes)
Event: 495.950 Thread 0x0000023ace8b3800 nmethod 4988 0x0000023ab2a68110 code [0x0000023ab2a682e0, 0x0000023ab2a68828]
Event: 495.950 Thread 0x0000023ace8b3800 4992       2       java.util.concurrent.ConcurrentHashMap::setTabAt (20 bytes)
Event: 495.950 Thread 0x0000023ace8b3800 nmethod 4992 0x0000023ab2718690 code [0x0000023ab2718840, 0x0000023ab2718970]
Event: 495.950 Thread 0x0000023ace8b3800 4990       1       java.util.logging.Logger::getName (5 bytes)
Event: 495.950 Thread 0x0000023ace8ae420 nmethod 4987 0x0000023aba2ac790 code [0x0000023aba2ac920, 0x0000023aba2ac9d0]
Event: 495.950 Thread 0x0000023ace8ae420 4991       4       java.util.HashMap::<init> (11 bytes)
Event: 495.950 Thread 0x0000023ace8b3800 nmethod 4990 0x0000023aba2b6510 code [0x0000023aba2b66a0, 0x0000023aba2b6770]
Event: 495.950 Thread 0x0000023ace8b3800 4989       3       java.util.logging.LogManager::getProperty (9 bytes)
Event: 495.951 Thread 0x0000023ace8b3800 nmethod 4989 0x0000023ab2a23810 code [0x0000023ab2a239c0, 0x0000023ab2a23ba0]
Event: 495.951 Thread 0x0000023ace8ae420 nmethod 4991 0x0000023aba2da210 code [0x0000023aba2da3a0, 0x0000023aba2da430]
Event: 495.951 Thread 0x0000023ace8b3800 4993       3       java.util.concurrent.ConcurrentHashMap$KeyIterator::next (34 bytes)
Event: 495.951 Thread 0x0000023ace8b3800 nmethod 4993 0x0000023ab2d23610 code [0x0000023ab2d237e0, 0x0000023ab2d23a50]
Event: 495.952 Thread 0x0000023ace8b3800 4994       3       java.util.concurrent.ConcurrentHashMap$ValueIterator::<init> (12 bytes)
Event: 495.952 Thread 0x0000023ace8b3800 nmethod 4994 0x0000023ab2727d10 code [0x0000023ab2727ec0, 0x0000023ab2727ff8]
Event: 495.952 Thread 0x0000023ace8b3800 4995       3       jdk.internal.loader.NativeLibraries$NativeLibraryImpl::find (9 bytes)
Event: 495.952 Thread 0x0000023ace8b3800 nmethod 4995 0x0000023ab272c010 code [0x0000023ab272c1c0, 0x0000023ab272c300]

GC Heap History (20 events):
Event: 20.384 GC heap before
{Heap before GC invocations=9 (full 3):
 garbage-first heap   total 90112K, used 61630K [0x0000000608c00000, 0x0000000800000000)
  region size 4096K, 3 young (12288K), 1 survivors (4096K)
 Metaspace       used 13362K, committed 13632K, reserved 1114112K
  class space    used 1267K, committed 1408K, reserved 1048576K
}
Event: 20.388 GC heap after
{Heap after GC invocations=10 (full 3):
 garbage-first heap   total 303104K, used 57009K [0x0000000608c00000, 0x0000000800000000)
  region size 4096K, 1 young (4096K), 1 survivors (4096K)
 Metaspace       used 13362K, committed 13632K, reserved 1114112K
  class space    used 1267K, committed 1408K, reserved 1048576K
}
Event: 53.168 GC heap before
{Heap before GC invocations=10 (full 3):
 garbage-first heap   total 303104K, used 122545K [0x0000000608c00000, 0x0000000800000000)
  region size 4096K, 17 young (69632K), 1 survivors (4096K)
 Metaspace       used 13914K, committed 14144K, reserved 1114112K
  class space    used 1277K, committed 1408K, reserved 1048576K
}
Event: 53.177 GC heap after
{Heap after GC invocations=11 (full 3):
 garbage-first heap   total 303104K, used 61032K [0x0000000608c00000, 0x0000000800000000)
  region size 4096K, 2 young (8192K), 2 survivors (8192K)
 Metaspace       used 13914K, committed 14144K, reserved 1114112K
  class space    used 1277K, committed 1408K, reserved 1048576K
}
Event: 112.279 GC heap before
{Heap before GC invocations=11 (full 3):
 garbage-first heap   total 303104K, used 167528K [0x0000000608c00000, 0x0000000800000000)
  region size 4096K, 28 young (114688K), 2 survivors (8192K)
 Metaspace       used 14035K, committed 14272K, reserved 1114112K
  class space    used 1287K, committed 1408K, reserved 1048576K
}
Event: 112.288 GC heap after
{Heap after GC invocations=12 (full 3):
 garbage-first heap   total 303104K, used 65712K [0x0000000608c00000, 0x0000000800000000)
  region size 4096K, 4 young (16384K), 4 survivors (16384K)
 Metaspace       used 14035K, committed 14272K, reserved 1114112K
  class space    used 1287K, committed 1408K, reserved 1048576K
}
Event: 216.754 GC heap before
{Heap before GC invocations=12 (full 3):
 garbage-first heap   total 303104K, used 229552K [0x0000000608c00000, 0x0000000800000000)
  region size 4096K, 44 young (180224K), 4 survivors (16384K)
 Metaspace       used 14088K, committed 14336K, reserved 1114112K
  class space    used 1287K, committed 1408K, reserved 1048576K
}
Event: 216.764 GC heap after
{Heap after GC invocations=13 (full 3):
 garbage-first heap   total 303104K, used 77746K [0x0000000608c00000, 0x0000000800000000)
  region size 4096K, 6 young (24576K), 6 survivors (24576K)
 Metaspace       used 14088K, committed 14336K, reserved 1114112K
  class space    used 1287K, committed 1408K, reserved 1048576K
}
Event: 351.067 GC heap before
{Heap before GC invocations=13 (full 3):
 garbage-first heap   total 303104K, used 184242K [0x0000000608c00000, 0x0000000800000000)
  region size 4096K, 33 young (135168K), 6 survivors (24576K)
 Metaspace       used 14105K, committed 14336K, reserved 1114112K
  class space    used 1287K, committed 1408K, reserved 1048576K
}
Event: 351.089 GC heap after
{Heap after GC invocations=14 (full 4):
 garbage-first heap   total 303104K, used 82680K [0x0000000608c00000, 0x0000000800000000)
  region size 4096K, 0 young (0K), 0 survivors (0K)
 Metaspace       used 14105K, committed 14336K, reserved 1114112K
  class space    used 1287K, committed 1408K, reserved 1048576K
}
Event: 372.732 GC heap before
{Heap before GC invocations=14 (full 4):
 garbage-first heap   total 303104K, used 82680K [0x0000000608c00000, 0x0000000800000000)
  region size 4096K, 1 young (4096K), 0 survivors (0K)
 Metaspace       used 14110K, committed 14336K, reserved 1114112K
  class space    used 1287K, committed 1408K, reserved 1048576K
}
Event: 372.752 GC heap after
{Heap after GC invocations=15 (full 5):
 garbage-first heap   total 303104K, used 82685K [0x0000000608c00000, 0x0000000800000000)
  region size 4096K, 0 young (0K), 0 survivors (0K)
 Metaspace       used 14110K, committed 14336K, reserved 1114112K
  class space    used 1287K, committed 1408K, reserved 1048576K
}
Event: 372.752 GC heap before
{Heap before GC invocations=15 (full 5):
 garbage-first heap   total 303104K, used 82685K [0x0000000608c00000, 0x0000000800000000)
  region size 4096K, 0 young (0K), 0 survivors (0K)
 Metaspace       used 14110K, committed 14336K, reserved 1114112K
  class space    used 1287K, committed 1408K, reserved 1048576K
}
Event: 372.763 GC heap after
{Heap after GC invocations=16 (full 6):
 garbage-first heap   total 303104K, used 82685K [0x0000000608c00000, 0x0000000800000000)
  region size 4096K, 0 young (0K), 0 survivors (0K)
 Metaspace       used 14110K, committed 14336K, reserved 1114112K
  class space    used 1287K, committed 1408K, reserved 1048576K
}
Event: 377.141 GC heap before
{Heap before GC invocations=16 (full 6):
 garbage-first heap   total 303104K, used 107261K [0x0000000608c00000, 0x0000000800000000)
  region size 4096K, 7 young (28672K), 0 survivors (0K)
 Metaspace       used 14121K, committed 14336K, reserved 1114112K
  class space    used 1288K, committed 1408K, reserved 1048576K
}
Event: 377.160 GC heap after
{Heap after GC invocations=17 (full 7):
 garbage-first heap   total 303104K, used 106338K [0x0000000608c00000, 0x0000000800000000)
  region size 4096K, 0 young (0K), 0 survivors (0K)
 Metaspace       used 14121K, committed 14336K, reserved 1114112K
  class space    used 1288K, committed 1408K, reserved 1048576K
}
Event: 432.249 GC heap before
{Heap before GC invocations=17 (full 7):
 garbage-first heap   total 303104K, used 237410K [0x0000000608c00000, 0x0000000800000000)
  region size 4096K, 32 young (131072K), 0 survivors (0K)
 Metaspace       used 14394K, committed 14720K, reserved 1114112K
  class space    used 1316K, committed 1472K, reserved 1048576K
}
Event: 432.253 GC heap after
{Heap after GC invocations=18 (full 7):
 garbage-first heap   total 303104K, used 133517K [0x0000000608c00000, 0x0000000800000000)
  region size 4096K, 4 young (16384K), 4 survivors (16384K)
 Metaspace       used 14394K, committed 14720K, reserved 1114112K
  class space    used 1316K, committed 1472K, reserved 1048576K
}
Event: 468.128 GC heap before
{Heap before GC invocations=18 (full 7):
 garbage-first heap   total 303104K, used 215437K [0x0000000608c00000, 0x0000000800000000)
  region size 4096K, 25 young (102400K), 4 survivors (16384K)
 Metaspace       used 14395K, committed 14720K, reserved 1114112K
  class space    used 1316K, committed 1472K, reserved 1048576K
}
Event: 468.147 GC heap after
{Heap after GC invocations=19 (full 8):
 garbage-first heap   total 303104K, used 81836K [0x0000000608c00000, 0x0000000800000000)
  region size 4096K, 0 young (0K), 0 survivors (0K)
 Metaspace       used 14395K, committed 14720K, reserved 1114112K
  class space    used 1316K, committed 1472K, reserved 1048576K
}

Dll operation events (15 events):
Event: 0.016 Loaded shared library C:\Users\gagek\.p2\pool\plugins\org.eclipse.justj.openjdk.hotspot.jre.full.win32.x86_64_21.0.8.v20250724-1412\jre\bin\java.dll
Event: 0.072 Loaded shared library C:\Users\gagek\.p2\pool\plugins\org.eclipse.justj.openjdk.hotspot.jre.full.win32.x86_64_21.0.8.v20250724-1412\jre\bin\zip.dll
Event: 0.157 Loaded shared library C:\Users\gagek\.p2\pool\plugins\org.eclipse.justj.openjdk.hotspot.jre.full.win32.x86_64_21.0.8.v20250724-1412\jre\bin\net.dll
Event: 0.161 Loaded shared library C:\Users\gagek\.p2\pool\plugins\org.eclipse.justj.openjdk.hotspot.jre.full.win32.x86_64_21.0.8.v20250724-1412\jre\bin\nio.dll
Event: 0.169 Loaded shared library C:\Users\gagek\.p2\pool\plugins\org.eclipse.justj.openjdk.hotspot.jre.full.win32.x86_64_21.0.8.v20250724-1412\jre\bin\zip.dll
Event: 0.254 Loaded shared library C:\Users\gagek\.p2\pool\plugins\org.eclipse.justj.openjdk.hotspot.jre.full.win32.x86_64_21.0.8.v20250724-1412\jre\bin\jimage.dll
Event: 0.310 Loaded shared library C:\Users\gagek\.p2\pool\plugins\org.eclipse.justj.openjdk.hotspot.jre.full.win32.x86_64_21.0.8.v20250724-1412\jre\bin\awt.dll
Event: 0.600 Loaded shared library C:\Users\gagek\.p2\pool\plugins\org.eclipse.justj.openjdk.hotspot.jre.full.win32.x86_64_21.0.8.v20250724-1412\jre\bin\freetype.dll
Event: 0.602 Loaded shared library C:\Users\gagek\.p2\pool\plugins\org.eclipse.justj.openjdk.hotspot.jre.full.win32.x86_64_21.0.8.v20250724-1412\jre\bin\fontmanager.dll
Event: 0.933 Loaded shared library C:\Users\gagek\.p2\pool\plugins\org.eclipse.justj.openjdk.hotspot.jre.full.win32.x86_64_21.0.8.v20250724-1412\jre\bin\verify.dll
Event: 0.965 Loaded shared library C:\MinecraftAlphaDev\libraries\natives\lwjgl64.dll
Event: 1.004 Loaded shared library C:\Users\gagek\.p2\pool\plugins\org.eclipse.justj.openjdk.hotspot.jre.full.win32.x86_64_21.0.8.v20250724-1412\jre\bin\jawt.dll
Event: 2.469 Loaded shared library C:\MinecraftAlphaDev\libraries\natives\jinput-dx8_64.dll
Event: 2.751 Loaded shared library C:\MinecraftAlphaDev\libraries\natives\jinput-raw_64.dll
Event: 3.681 Loaded shared library C:\Users\gagek\.p2\pool\plugins\org.eclipse.justj.openjdk.hotspot.jre.full.win32.x86_64_21.0.8.v20250724-1412\jre\bin\extnet.dll

Deoptimization events (20 events):
Event: 464.770 Thread 0x0000023b14092720 Uncommon trap: trap_request=0xffffff45 fr.pc=0x0000023aba6442ec relative=0x000000000000450c
Event: 464.770 Thread 0x0000023b14092720 Uncommon trap: reason=unstable_if action=reinterpret pc=0x0000023aba6442ec method=net.minecraft.src.Chunk.isAtLocation(II)Z @ 5 c2
Event: 464.770 Thread 0x0000023b14092720 DEOPT PACKING pc=0x0000023aba6442ec sp=0x00000044084ff430
Event: 464.770 Thread 0x0000023b14092720 DEOPT UNPACKING pc=0x0000023ab9c746a2 sp=0x00000044084ff2e0 mode 2
Event: 464.770 Thread 0x0000023b14092720 Uncommon trap: trap_request=0xffffff45 fr.pc=0x0000023aba64e5f4 relative=0x0000000000000894
Event: 464.770 Thread 0x0000023b14092720 Uncommon trap: reason=unstable_if action=reinterpret pc=0x0000023aba64e5f4 method=net.minecraft.src.Chunk.isAtLocation(II)Z @ 5 c2
Event: 464.770 Thread 0x0000023b14092720 DEOPT PACKING pc=0x0000023aba64e5f4 sp=0x00000044084ff460
Event: 464.770 Thread 0x0000023b14092720 DEOPT UNPACKING pc=0x0000023ab9c746a2 sp=0x00000044084ff270 mode 2
Event: 464.770 Thread 0x0000023b14092720 Uncommon trap: trap_request=0xffffff45 fr.pc=0x0000023aba63eb04 relative=0x00000000000003e4
Event: 464.770 Thread 0x0000023b14092720 Uncommon trap: reason=unstable_if action=reinterpret pc=0x0000023aba63eb04 method=net.minecraft.src.Chunk.isAtLocation(II)Z @ 5 c2
Event: 464.770 Thread 0x0000023b14092720 DEOPT PACKING pc=0x0000023aba63eb04 sp=0x00000044084ff490
Event: 464.770 Thread 0x0000023b14092720 DEOPT UNPACKING pc=0x0000023ab9c746a2 sp=0x00000044084ff2d8 mode 2
Event: 471.523 Thread 0x0000023b14092720 Uncommon trap: trap_request=0xffffff45 fr.pc=0x0000023aba291b18 relative=0x0000000000000078
Event: 471.523 Thread 0x0000023b14092720 Uncommon trap: reason=unstable_if action=reinterpret pc=0x0000023aba291b18 method=net.minecraft.src.GuiButton.getHoverState(Z)I @ 4 c2
Event: 471.523 Thread 0x0000023b14092720 DEOPT PACKING pc=0x0000023aba291b18 sp=0x00000044084ff440
Event: 471.523 Thread 0x0000023b14092720 DEOPT UNPACKING pc=0x0000023ab9c746a2 sp=0x00000044084ff3c0 mode 2
Event: 471.523 Thread 0x0000023b14092720 Uncommon trap: trap_request=0xffffff45 fr.pc=0x0000023aba28f320 relative=0x00000000000017c0
Event: 471.523 Thread 0x0000023b14092720 Uncommon trap: reason=unstable_if action=reinterpret pc=0x0000023aba28f320 method=net.minecraft.src.GuiButton.drawButton(Lnet/minecraft/client/Minecraft;II)V @ 351 c2
Event: 471.523 Thread 0x0000023b14092720 DEOPT PACKING pc=0x0000023aba28f320 sp=0x00000044084ff460
Event: 471.523 Thread 0x0000023b14092720 DEOPT UNPACKING pc=0x0000023ab9c746a2 sp=0x00000044084ff3f8 mode 2

Classes loaded (20 events):
Event: 19.136 Loading class sun/reflect/generics/tree/ClassTypeSignature
Event: 19.136 Loading class sun/reflect/generics/tree/ClassTypeSignature done
Event: 19.137 Loading class sun/reflect/generics/tree/ClassSignature
Event: 19.137 Loading class sun/reflect/generics/tree/Signature
Event: 19.137 Loading class sun/reflect/generics/tree/Signature done
Event: 19.137 Loading class sun/reflect/generics/tree/ClassSignature done
Event: 19.137 Loading class java/lang/reflect/ParameterizedType
Event: 19.137 Loading class java/lang/reflect/ParameterizedType done
Event: 21.304 Loading class java/util/zip/Deflater
Event: 21.304 Loading class java/util/zip/Deflater done
Event: 21.306 Loading class java/util/zip/Deflater$DeflaterZStreamRef
Event: 21.306 Loading class java/util/zip/Deflater$DeflaterZStreamRef done
Event: 390.646 Loading class jdk/internal/math/FormattedFPDecimal
Event: 390.646 Loading class jdk/internal/math/FormattedFPDecimal done
Event: 403.157 Loading class java/lang/FdLibm$Log
Event: 403.157 Loading class java/lang/FdLibm$Log done
Event: 495.951 Loading class java/util/WeakHashMap$KeyIterator
Event: 495.951 Loading class java/util/WeakHashMap$HashIterator
Event: 495.952 Loading class java/util/WeakHashMap$HashIterator done
Event: 495.952 Loading class java/util/WeakHashMap$KeyIterator done

Classes unloaded (0 events):
No events

Classes redefined (0 events):
No events

Internal exceptions (20 events):
Event: 465.427 Thread 0x0000023b142db4f0 Exception <a 'java/lang/InterruptedException'{0x0000000616a0c750}: sleep interrupted> (0x0000000616a0c750) 
thrown [s\src\hotspot\share\prims\jvm.cpp, line 3074]
Event: 465.460 Thread 0x0000023b142db4f0 Exception <a 'java/lang/InterruptedException'{0x0000000616a0ca68}: sleep interrupted> (0x0000000616a0ca68) 
thrown [s\src\hotspot\share\prims\jvm.cpp, line 3074]
Event: 465.487 Thread 0x0000023b142db4f0 Exception <a 'java/lang/InterruptedException'{0x0000000616a0cd80}: sleep interrupted> (0x0000000616a0cd80) 
thrown [s\src\hotspot\share\prims\jvm.cpp, line 3074]
Event: 465.522 Thread 0x0000023b142db4f0 Exception <a 'java/lang/InterruptedException'{0x0000000616a0d098}: sleep interrupted> (0x0000000616a0d098) 
thrown [s\src\hotspot\share\prims\jvm.cpp, line 3074]
Event: 465.561 Thread 0x0000023b142db4f0 Exception <a 'java/lang/InterruptedException'{0x0000000616a0d3b0}: sleep interrupted> (0x0000000616a0d3b0) 
thrown [s\src\hotspot\share\prims\jvm.cpp, line 3074]
Event: 465.592 Thread 0x0000023b142db4f0 Exception <a 'java/lang/InterruptedException'{0x0000000616a0d6c8}: sleep interrupted> (0x0000000616a0d6c8) 
thrown [s\src\hotspot\share\prims\jvm.cpp, line 3074]
Event: 465.629 Thread 0x0000023b142db4f0 Exception <a 'java/lang/InterruptedException'{0x0000000616a0d9e0}: sleep interrupted> (0x0000000616a0d9e0) 
thrown [s\src\hotspot\share\prims\jvm.cpp, line 3074]
Event: 465.664 Thread 0x0000023b142db4f0 Exception <a 'java/lang/InterruptedException'{0x0000000616a0dcf8}: sleep interrupted> (0x0000000616a0dcf8) 
thrown [s\src\hotspot\share\prims\jvm.cpp, line 3074]
Event: 465.697 Thread 0x0000023b142db4f0 Exception <a 'java/lang/InterruptedException'{0x0000000616a0e010}: sleep interrupted> (0x0000000616a0e010) 
thrown [s\src\hotspot\share\prims\jvm.cpp, line 3074]
Event: 465.733 Thread 0x0000023b142db4f0 Exception <a 'java/lang/InterruptedException'{0x0000000616a0e328}: sleep interrupted> (0x0000000616a0e328) 
thrown [s\src\hotspot\share\prims\jvm.cpp, line 3074]
Event: 465.776 Thread 0x0000023b142db4f0 Exception <a 'java/lang/InterruptedException'{0x0000000616a0e640}: sleep interrupted> (0x0000000616a0e640) 
thrown [s\src\hotspot\share\prims\jvm.cpp, line 3074]
Event: 465.812 Thread 0x0000023b142db4f0 Exception <a 'java/lang/InterruptedException'{0x0000000616a0e958}: sleep interrupted> (0x0000000616a0e958) 
thrown [s\src\hotspot\share\prims\jvm.cpp, line 3074]
Event: 465.847 Thread 0x0000023b142db4f0 Exception <a 'java/lang/InterruptedException'{0x0000000616a0ec70}: sleep interrupted> (0x0000000616a0ec70) 
thrown [s\src\hotspot\share\prims\jvm.cpp, line 3074]
Event: 465.880 Thread 0x0000023b142db4f0 Exception <a 'java/lang/InterruptedException'{0x0000000616a0ef88}: sleep interrupted> (0x0000000616a0ef88) 
thrown [s\src\hotspot\share\prims\jvm.cpp, line 3074]
Event: 465.925 Thread 0x0000023b142db4f0 Exception <a 'java/lang/InterruptedException'{0x0000000616a0f2a0}: sleep interrupted> (0x0000000616a0f2a0) 
thrown [s\src\hotspot\share\prims\jvm.cpp, line 3074]
Event: 465.965 Thread 0x0000023b142db4f0 Exception <a 'java/lang/InterruptedException'{0x0000000616a0f5b8}: sleep interrupted> (0x0000000616a0f5b8) 
thrown [s\src\hotspot\share\prims\jvm.cpp, line 3074]
Event: 466.000 Thread 0x0000023b142db4f0 Exception <a 'java/lang/InterruptedException'{0x0000000616a0f8d0}: sleep interrupted> (0x0000000616a0f8d0) 
thrown [s\src\hotspot\share\prims\jvm.cpp, line 3074]
Event: 466.038 Thread 0x0000023b142db4f0 Exception <a 'java/lang/InterruptedException'{0x0000000616a0fbe8}: sleep interrupted> (0x0000000616a0fbe8) 
thrown [s\src\hotspot\share\prims\jvm.cpp, line 3074]
Event: 466.076 Thread 0x0000023b142db4f0 Exception <a 'java/lang/InterruptedException'{0x0000000616a0ff00}: sleep interrupted> (0x0000000616a0ff00) 
thrown [s\src\hotspot\share\prims\jvm.cpp, line 3074]
Event: 466.112 Thread 0x0000023b142db4f0 Exception <a 'java/lang/InterruptedException'{0x0000000616a10218}: sleep interrupted> (0x0000000616a10218) 
thrown [s\src\hotspot\share\prims\jvm.cpp, line 3074]

ZGC Phase Switch (0 events):
No events

VM Operations (20 events):
Event: 458.262 Executing VM operation: Cleanup done
Event: 461.264 Executing VM operation: Cleanup
Event: 461.264 Executing VM operation: Cleanup done
Event: 462.265 Executing VM operation: Cleanup
Event: 462.265 Executing VM operation: Cleanup done
Event: 465.267 Executing VM operation: Cleanup
Event: 465.267 Executing VM operation: Cleanup done
Event: 467.267 Executing VM operation: Cleanup
Event: 467.267 Executing VM operation: Cleanup done
Event: 468.128 Executing VM operation: G1CollectFull (System.gc())
Event: 468.147 Executing VM operation: G1CollectFull (System.gc()) done
Event: 469.147 Executing VM operation: Cleanup
Event: 469.148 Executing VM operation: Cleanup done
Event: 472.148 Executing VM operation: Cleanup
Event: 472.148 Executing VM operation: Cleanup done
Event: 483.154 Executing VM operation: Cleanup
Event: 483.154 Executing VM operation: Cleanup done
Event: 484.154 Executing VM operation: Cleanup
Event: 484.154 Executing VM operation: Cleanup done
Event: 496.059 Executing VM operation: Exit

Memory protections (0 events):
No events

Nmethod flushes (20 events):
Event: 468.135 Thread 0x0000023ace871690 flushing  nmethod 0x0000023ab2cabf90
Event: 468.135 Thread 0x0000023ace871690 flushing  nmethod 0x0000023ab2cac510
Event: 468.135 Thread 0x0000023ace871690 flushing  nmethod 0x0000023ab2caca10
Event: 468.135 Thread 0x0000023ace871690 flushing  nmethod 0x0000023ab2cad910
Event: 468.135 Thread 0x0000023ace871690 flushing  nmethod 0x0000023ab2cadc90
Event: 468.135 Thread 0x0000023ace871690 flushing  nmethod 0x0000023ab2cae210
Event: 468.135 Thread 0x0000023ace871690 flushing  nmethod 0x0000023ab2cb4290
Event: 468.135 Thread 0x0000023ace871690 flushing  nmethod 0x0000023ab2cb9a10
Event: 468.135 Thread 0x0000023ace871690 flushing  nmethod 0x0000023ab2d3c190
Event: 468.135 Thread 0x0000023ace871690 flushing  nmethod 0x0000023ab2d3cc90
Event: 468.135 Thread 0x0000023ace871690 flushing  nmethod 0x0000023ab2d3d390
Event: 468.135 Thread 0x0000023ace871690 flushing  nmethod 0x0000023ab2d3dc90
Event: 468.135 Thread 0x0000023ace871690 flushing  nmethod 0x0000023ab2d3f310
Event: 468.135 Thread 0x0000023ace871690 flushing  nmethod 0x0000023ab2d3f890
Event: 468.135 Thread 0x0000023ace871690 flushing  nmethod 0x0000023ab2d3fc90
Event: 468.135 Thread 0x0000023ace871690 flushing  nmethod 0x0000023ab2d40010
Event: 468.135 Thread 0x0000023ace871690 flushing  nmethod 0x0000023ab2d40a10
Event: 468.135 Thread 0x0000023ace871690 flushing  nmethod 0x0000023ab2d44590
Event: 468.135 Thread 0x0000023ace871690 flushing  nmethod 0x0000023ab2d44990
Event: 468.135 Thread 0x0000023ace871690 flushing  nmethod 0x0000023ab2e36e90

Events (20 events):
Event: 468.149 Thread 0x0000023ace8b3800 Thread added: 0x0000023b14797080
Event: 468.152 Thread 0x0000023ace8b3800 Thread added: 0x0000023b168c01e0
Event: 468.922 Thread 0x0000023b168c01e0 Thread exited: 0x0000023b168c01e0
Event: 468.922 Thread 0x0000023b14797080 Thread exited: 0x0000023b14797080
Event: 495.950 Thread 0x0000023b14092720 Thread exited: 0x0000023b14092720
Event: 495.950 Thread 0x0000023b140286f0 Thread added: 0x0000023b16690d10
Event: 495.950 Thread 0x0000023b140286f0 Thread added: 0x0000023b1668e5b0
Event: 495.950 Thread 0x0000023b140286f0 Thread added: 0x0000023b16694eb0
Event: 495.950 Thread 0x0000023b140286f0 Thread added: 0x0000023b16695540
Event: 495.951 Thread 0x0000023b140286f0 Thread added: 0x0000023b16693b00
Event: 495.951 Thread 0x0000023b140286f0 Thread added: 0x0000023b16692750
Event: 495.951 Thread 0x0000023b16690d10 Thread exited: 0x0000023b16690d10
Event: 495.952 Thread 0x0000023b16692750 Thread exited: 0x0000023b16692750
Event: 495.952 Thread 0x0000023b16694eb0 Thread exited: 0x0000023b16694eb0
Event: 495.955 Thread 0x0000023b16695540 Thread exited: 0x0000023b16695540
Event: 495.962 Thread 0x0000023b1668e5b0 Thread exited: 0x0000023b1668e5b0
Event: 496.016 Thread 0x0000023acec6a4c0 Thread exited: 0x0000023acec6a4c0
Event: 496.058 Thread 0x0000023b16693b00 Thread exited: 0x0000023b16693b00
Event: 496.058 Thread 0x0000023b140286f0 Before exit entered
Event: 496.059 Thread 0x0000023ace894100 Thread exited: 0x0000023ace894100


Dynamic libraries:
0x00007ff7d8d50000 - 0x00007ff7d8d5e000 	C:\Users\gagek\.p2\pool\plugins\org.eclipse.justj.openjdk.hotspot.jre.full.win32.x86_64_21.0.8.v20250724-1412\jre\bin\javaw.exe
0x00007ffe18220000 - 0x00007ffe18487000 	C:\windows\SYSTEM32\ntdll.dll
0x00007ffe17580000 - 0x00007ffe17649000 	C:\windows\System32\KERNEL32.DLL
0x00007ffe15590000 - 0x00007ffe15980000 	C:\windows\System32\KERNELBASE.dll
0x00007ffe15e60000 - 0x00007ffe15fab000 	C:\windows\System32\ucrtbase.dll
0x00007ffdee9f0000 - 0x00007ffdeea08000 	C:\Users\gagek\.p2\pool\plugins\org.eclipse.justj.openjdk.hotspot.jre.full.win32.x86_64_21.0.8.v20250724-1412\jre\bin\jli.dll
0x00007ffdf8ee0000 - 0x00007ffdf8efe000 	C:\Users\gagek\.p2\pool\plugins\org.eclipse.justj.openjdk.hotspot.jre.full.win32.x86_64_21.0.8.v20250724-1412\jre\bin\VCRUNTIME140.dll
0x00007ffe15fb0000 - 0x00007ffe16175000 	C:\windows\System32\USER32.dll
0x00007ffdf38e0000 - 0x00007ffdf3b7a000 	C:\windows\WinSxS\amd64_microsoft.windows.common-controls_6595b64144ccf1df_6.0.26100.4768_none_3e0c112ce331287c\COMCTL32.dll
0x00007ffe15560000 - 0x00007ffe15587000 	C:\windows\System32\win32u.dll
0x00007ffe17860000 - 0x00007ffe17909000 	C:\windows\System32\msvcrt.dll
0x00007ffe17be0000 - 0x00007ffe17c0b000 	C:\windows\System32\GDI32.dll
0x00007ffe15b10000 - 0x00007ffe15c48000 	C:\windows\System32\gdi32full.dll
0x00007ffe154b0000 - 0x00007ffe15553000 	C:\windows\System32\msvcp_win.dll
0x00007ffe17c10000 - 0x00007ffe17c3f000 	C:\windows\System32\IMM32.DLL
0x00007ffe10b20000 - 0x00007ffe10b2c000 	C:\Users\gagek\.p2\pool\plugins\org.eclipse.justj.openjdk.hotspot.jre.full.win32.x86_64_21.0.8.v20250724-1412\jre\bin\vcruntime140_1.dll
0x00007ffdbde60000 - 0x00007ffdbdeed000 	C:\Users\gagek\.p2\pool\plugins\org.eclipse.justj.openjdk.hotspot.jre.full.win32.x86_64_21.0.8.v20250724-1412\jre\bin\msvcp140.dll
0x00007ffd33410000 - 0x00007ffd341a7000 	C:\Users\gagek\.p2\pool\plugins\org.eclipse.justj.openjdk.hotspot.jre.full.win32.x86_64_21.0.8.v20250724-1412\jre\bin\server\jvm.dll
0x00007ffe16b50000 - 0x00007ffe16c04000 	C:\windows\System32\ADVAPI32.dll
0x00007ffe17910000 - 0x00007ffe179b6000 	C:\windows\System32\sechost.dll
0x00007ffe179c0000 - 0x00007ffe17ad8000 	C:\windows\System32\RPCRT4.dll
0x00007ffe16720000 - 0x00007ffe16794000 	C:\windows\System32\WS2_32.dll
0x00007ffe151b0000 - 0x00007ffe1520e000 	C:\windows\SYSTEM32\POWRPROF.dll
0x00007ffe0d720000 - 0x00007ffe0d755000 	C:\windows\SYSTEM32\WINMM.dll
0x00007ffe0a3a0000 - 0x00007ffe0a3ab000 	C:\windows\SYSTEM32\VERSION.dll
0x00007ffe15190000 - 0x00007ffe151a4000 	C:\windows\SYSTEM32\UMPDC.dll
0x00007ffe14090000 - 0x00007ffe140ab000 	C:\windows\SYSTEM32\kernel.appcore.dll
0x00007ffe11210000 - 0x00007ffe1121a000 	C:\Users\gagek\.p2\pool\plugins\org.eclipse.justj.openjdk.hotspot.jre.full.win32.x86_64_21.0.8.v20250724-1412\jre\bin\jimage.dll
0x00007ffe12700000 - 0x00007ffe12941000 	C:\windows\SYSTEM32\DBGHELP.DLL
0x00007ffe167c0000 - 0x00007ffe16b45000 	C:\windows\System32\combase.dll
0x00007ffe173f0000 - 0x00007ffe174d0000 	C:\windows\System32\OLEAUT32.dll
0x00007ffdf4390000 - 0x00007ffdf43d3000 	C:\windows\SYSTEM32\dbgcore.DLL
0x00007ffe15410000 - 0x00007ffe154a9000 	C:\windows\System32\bcryptPrimitives.dll
0x00007ffe10f30000 - 0x00007ffe10f4f000 	C:\Users\gagek\.p2\pool\plugins\org.eclipse.justj.openjdk.hotspot.jre.full.win32.x86_64_21.0.8.v20250724-1412\jre\bin\java.dll
0x00007ffe16c10000 - 0x00007ffe1735d000 	C:\windows\System32\SHELL32.dll
0x00007ffe15990000 - 0x00007ffe15b03000 	C:\windows\System32\wintypes.dll
0x00007ffe12ef0000 - 0x00007ffe13750000 	C:\windows\SYSTEM32\windows.storage.dll
0x00007ffe17ae0000 - 0x00007ffe17bd5000 	C:\windows\System32\SHCORE.dll
0x00007ffe17cb0000 - 0x00007ffe17d1a000 	C:\windows\System32\shlwapi.dll
0x00007ffe15270000 - 0x00007ffe15299000 	C:\windows\SYSTEM32\profapi.dll
0x00007ffe10ed0000 - 0x00007ffe10ee8000 	C:\Users\gagek\.p2\pool\plugins\org.eclipse.justj.openjdk.hotspot.jre.full.win32.x86_64_21.0.8.v20250724-1412\jre\bin\zip.dll
0x00007ffe11200000 - 0x00007ffe11210000 	C:\Users\gagek\.p2\pool\plugins\org.eclipse.justj.openjdk.hotspot.jre.full.win32.x86_64_21.0.8.v20250724-1412\jre\bin\net.dll
0x00007ffe0e680000 - 0x00007ffe0e79e000 	C:\windows\SYSTEM32\WINHTTP.dll
0x00007ffe14600000 - 0x00007ffe1466b000 	C:\windows\system32\mswsock.dll
0x00007ffe111c0000 - 0x00007ffe111d6000 	C:\Users\gagek\.p2\pool\plugins\org.eclipse.justj.openjdk.hotspot.jre.full.win32.x86_64_21.0.8.v20250724-1412\jre\bin\nio.dll
0x00007ffdbe4a0000 - 0x00007ffdbe62e000 	C:\Users\gagek\.p2\pool\plugins\org.eclipse.justj.openjdk.hotspot.jre.full.win32.x86_64_21.0.8.v20250724-1412\jre\bin\awt.dll
0x00007ffe11250000 - 0x00007ffe112ee000 	C:\windows\SYSTEM32\apphelp.dll
0x00007ffe11730000 - 0x00007ffe11765000 	C:\windows\system32\DWMAPI.DLL
0x00007ffe115c0000 - 0x00007ffe1166f000 	C:\windows\system32\uxtheme.dll
0x00007ffd999d0000 - 0x00007ffd99ae8000 	C:\windows\system32\opengl32.dll
0x00007ffdc9250000 - 0x00007ffdc927d000 	C:\windows\SYSTEM32\GLU32.dll
0x00007ffe11c50000 - 0x00007ffe11c9d000 	C:\windows\SYSTEM32\dxcore.dll
0x00007ffe165b0000 - 0x00007ffe16711000 	C:\windows\System32\MSCTF.dll
0x00007ffe16400000 - 0x00007ffe165a0000 	C:\windows\System32\ole32.dll
0x00007ffdca8c0000 - 0x00007ffdca947000 	C:\Users\gagek\.p2\pool\plugins\org.eclipse.justj.openjdk.hotspot.jre.full.win32.x86_64_21.0.8.v20250724-1412\jre\bin\freetype.dll
0x00007ffdb5680000 - 0x00007ffdb576b000 	C:\Users\gagek\.p2\pool\plugins\org.eclipse.justj.openjdk.hotspot.jre.full.win32.x86_64_21.0.8.v20250724-1412\jre\bin\fontmanager.dll
0x00007ffe06dc0000 - 0x00007ffe06f11000 	C:\windows\SYSTEM32\textinputframework.dll
0x00007ffdcf690000 - 0x00007ffdcf70d000 	C:\windows\system32\Oleacc.dll
0x00007ffe17750000 - 0x00007ffe177f8000 	C:\windows\System32\clbcatq.dll
0x00007ffdd46f0000 - 0x00007ffdd474e000 	C:\windows\system32\ApplicationTargetedFeatureDatabase.dll
0x00007ffe0ac30000 - 0x00007ffe0ae68000 	C:\Windows\System32\twinapi.appcore.dll
0x00007ffe10e30000 - 0x00007ffe10e40000 	C:\Users\gagek\.p2\pool\plugins\org.eclipse.justj.openjdk.hotspot.jre.full.win32.x86_64_21.0.8.v20250724-1412\jre\bin\verify.dll
0x0000000180000000 - 0x0000000180053000 	C:\MinecraftAlphaDev\libraries\natives\lwjgl64.dll
0x00007ffe0dec0000 - 0x00007ffe0df89000 	C:\windows\SYSTEM32\mscms.dll
0x00007ffdf7470000 - 0x00007ffdf74e0000 	C:\Windows\System32\Windows.Internal.Graphics.Display.DisplayColorManagement.dll
0x00007ffe14f10000 - 0x00007ffe14f67000 	C:\windows\SYSTEM32\cfgmgr32.dll
0x00007ffe0fee0000 - 0x00007ffe0fee7000 	C:\Users\gagek\.p2\pool\plugins\org.eclipse.justj.openjdk.hotspot.jre.full.win32.x86_64_21.0.8.v20250724-1412\jre\bin\jawt.dll
0x00007ffe0b360000 - 0x00007ffe0b3ca000 	C:\windows\SYSTEM32\directxdatabasehelper.dll
0x00007ffdf9260000 - 0x00007ffdf927a000 	C:\windows\SYSTEM32\windows.staterepositorycore.dll
0x00007ffd11d00000 - 0x00007ffd132cb000 	C:\windows\System32\DriverStore\FileRepository\iigd_dch.inf_amd64_9ce4d8a46710e0e5\igxelpgicd64.dll
0x00007ffe12bf0000 - 0x00007ffe12d2e000 	C:\windows\SYSTEM32\dxgi.dll
0x00007ffd69440000 - 0x00007ffd69463000 	C:\windows\SYSTEM32\d3d12.dll
0x00007ffdfab90000 - 0x00007ffdfad37000 	C:\windows\System32\DriverStore\FileRepository\iigd_dch.inf_amd64_9ce4d8a46710e0e5\igdml64.dll
0x00007ffd4b1f0000 - 0x00007ffd4b66e000 	C:\Users\gagek\AppData\Roaming\ow-electron\jilehohlakeokncafogkgnicgndeecdiengddbcc\packages\emifmpeaagaaglhaimndbhcpkjfmjhfnjjpoibdo\1.8.21\owe-client-x64.dll
0x00007ffe141c0000 - 0x00007ffe141f6000 	C:\windows\SYSTEM32\ntmarta.dll
0x00007ffe04790000 - 0x00007ffe04d23000 	C:\windows\System32\DriverStore\FileRepository\iigd_dch.inf_amd64_9ce4d8a46710e0e5\igdgmm64.dll
0x00007ffd96ac0000 - 0x00007ffd96d37000 	C:\windows\SYSTEM32\D3D12Core.dll
0x00007ffe15240000 - 0x00007ffe15266000 	C:\windows\SYSTEM32\bcrypt.dll
0x00007ffe0aea0000 - 0x00007ffe0b01c000 	C:\windows\SYSTEM32\drvstore.dll
0x00007ffdfdf10000 - 0x00007ffe03036000 	C:\windows\System32\DriverStore\FileRepository\iigd_dch.inf_amd64_9ce4d8a46710e0e5\igc64.dll
0x00007ffe0daa0000 - 0x00007ffe0dace000 	C:\windows\SYSTEM32\D3DSCache.dll
0x00007ffe146a0000 - 0x00007ffe146cb000 	C:\windows\SYSTEM32\USERENV.dll
0x00007ffe108d0000 - 0x00007ffe10afa000 	C:\windows\SYSTEM32\dcomp.dll
0x00007ffe101d0000 - 0x00007ffe101e9000 	C:\windows\SYSTEM32\Microsoft.Internal.WarpPal.dll
0x00007ffe10f50000 - 0x00007ffe11075000 	C:\windows\SYSTEM32\CoreMessaging.dll
0x00007ffe08f90000 - 0x00007ffe09273000 	C:\windows\SYSTEM32\CoreUIComponents.dll
0x00007ffe14840000 - 0x00007ffe1484c000 	C:\windows\SYSTEM32\CRYPTBASE.DLL
0x00007ffe149e0000 - 0x00007ffe149fb000 	C:\windows\SYSTEM32\CRYPTSP.dll
0x00007ffe13ff0000 - 0x00007ffe1402b000 	C:\windows\system32\rsaenh.dll
0x00007ffe13a20000 - 0x00007ffe13a53000 	C:\windows\SYSTEM32\IPHLPAPI.DLL
0x00007ffe17800000 - 0x00007ffe1780a000 	C:\windows\System32\NSI.dll
0x0000023b14980000 - 0x0000023b14996000 	C:\MinecraftAlphaDev\libraries\natives\jinput-dx8_64.dll
0x00007ffdbe320000 - 0x00007ffdbe36b000 	C:\windows\SYSTEM32\DINPUT8.dll
0x00007ffdfd840000 - 0x00007ffdfda22000 	C:\windows\SYSTEM32\inputhost.dll
0x00007ffe13760000 - 0x00007ffe1376f000 	C:\windows\SYSTEM32\HID.DLL
0x00007ffe17d50000 - 0x00007ffe181d6000 	C:\windows\System32\SETUPAPI.DLL
0x00007ffe14f70000 - 0x00007ffe14f9d000 	C:\windows\SYSTEM32\DEVOBJ.dll
0x0000023b156e0000 - 0x0000023b15764000 	C:\windows\System32\WINTRUST.dll
0x00007ffe15ce0000 - 0x00007ffe15e57000 	C:\windows\System32\CRYPT32.dll
0x00007ffe14a50000 - 0x00007ffe14a63000 	C:\windows\SYSTEM32\MSASN1.dll
0x0000023b14f60000 - 0x0000023b14f74000 	C:\MinecraftAlphaDev\libraries\natives\jinput-raw_64.dll
0x0000023b15810000 - 0x0000023b15874000 	C:\MinecraftAlphaDev\libraries\natives\OpenAL64.dll
0x00007ffe0c5a0000 - 0x00007ffe0c642000 	C:\windows\System32\MMDevApi.dll
0x00007ffdafa00000 - 0x00007ffdafa94000 	C:\windows\SYSTEM32\dsound.dll
0x00007ffd98640000 - 0x00007ffd98671000 	C:\windows\SYSTEM32\winmmbase.dll
0x00007ffdaf7b0000 - 0x00007ffdaf861000 	C:\windows\SYSTEM32\ResampleDmo.DLL
0x00007ffdfcc60000 - 0x00007ffdfcc6e000 	C:\windows\SYSTEM32\msdmo.dll
0x00007ffdfa140000 - 0x00007ffdfa302000 	C:\windows\SYSTEM32\AUDIOSES.DLL
0x00007ffe11ae0000 - 0x00007ffe11af4000 	C:\windows\SYSTEM32\resourcepolicyclient.dll
0x00007ffe13a60000 - 0x00007ffe13b86000 	C:\windows\SYSTEM32\DNSAPI.dll
0x00007ffe0e2e0000 - 0x00007ffe0e2eb000 	C:\Windows\System32\rasadhlp.dll
0x00007ffe0ec90000 - 0x00007ffe0ed16000 	C:\windows\System32\fwpuclnt.dll
0x00007ffe0db30000 - 0x00007ffe0db39000 	C:\Users\gagek\.p2\pool\plugins\org.eclipse.justj.openjdk.hotspot.jre.full.win32.x86_64_21.0.8.v20250724-1412\jre\bin\extnet.dll

JVMTI agents: none

dbghelp: loaded successfully - version: 4.0.5 - missing functions: none
symbol engine: initialized successfully - sym options: 0x614 - pdb path: .;C:\Users\gagek\.p2\pool\plugins\org.eclipse.justj.openjdk.hotspot.jre.full.win32.x86_64_21.0.8.v20250724-1412\jre\bin;C:\windows\SYSTEM32;C:\windows\WinSxS\amd64_microsoft.windows.common-controls_6595b64144ccf1df_6.0.26100.4768_none_3e0c112ce331287c;C:\Users\gagek\.p2\pool\plugins\org.eclipse.justj.openjdk.hotspot.jre.full.win32.x86_64_21.0.8.v20250724-1412\jre\bin\server;C:\MinecraftAlphaDev\libraries\natives;C:\windows\System32\DriverStore\FileRepository\iigd_dch.inf_amd64_9ce4d8a46710e0e5;C:\Users\gagek\AppData\Roaming\ow-electron\jilehohlakeokncafogkgnicgndeecdiengddbcc\packages\emifmpeaagaaglhaimndbhcpkjfmjhfnjjpoibdo\1.8.21

VM Arguments:
jvm_args: -Djava.library.path=C:\MinecraftAlphaDev\libraries\natives -Dfile.encoding=UTF-8 -Dstdout.encoding=UTF-8 -Dstderr.encoding=UTF-8 -XX:+ShowCodeDetailsInExceptionMessages 
java_command: net.minecraft.client.Minecraft
java_class_path (initial): C:\MinecraftAlphaDev\minecraft\output;C:\MinecraftAlphaDev\libraries\net\java\jinput\jinput\2.0.5\jinput-2.0.5.jar;C:\MinecraftAlphaDev\libraries\net\java\jutils\jutils\1.0.0\jutils-1.0.0.jar;C:\MinecraftAlphaDev\libraries\org\lwjgl\lwjgl\lwjgl\2.9.4-nightly-20150209\lwjgl-2.9.4-nightly-20150209.jar;C:\MinecraftAlphaDev\libraries\org\lwjgl\lwjgl\lwjgl_util\2.9.4-nightly-20150209\lwjgl_util-2.9.4-nightly-20150209.jar;C:\MinecraftAlphaDev\libraries\org\lwjgl\lwjgl\lwjgl-platform\2.9.4-nightly-20150209\lwjgl-platform-2.9.4-nightly-20150209.jar;C:\MinecraftAlphaDev\libraries\com\paulscode\codecjorbis\20230120\codecjorbis-20230120.jar;C:\MinecraftAlphaDev\libraries\com\paulscode\codecwav\20101023\codecwav-20101023.jar;C:\MinecraftAlphaDev\libraries\com\paulscode\libraryjavasound\20101123\libraryjavasound-20101123.jar;C:\MinecraftAlphaDev\libraries\com\paulscode\librarylwjglopenal\20100824\librarylwjglopenal-20100824.jar;C:\MinecraftAlphaDev\libraries\com\paulscode\soundsystem\20120107\soundsystem-20120107.jar;C:\MinecraftAlphaDev\libraries\org\mcphackers\launchwrapper\1.1.3\launchwrapper-1.1.3.jar;C:\MinecraftAlphaDev\libraries\org\json\json\20230311\json-20230311.jar;C:\MinecraftAlphaDev\libraries\org\ow2\asm\asm\9.7\asm-9.7.jar;C:\MinecraftAlphaDev\libraries\org\ow2\asm\asm-tree\9.7\asm-tree-9.7.jar;C:\MinecraftAlphaDev\minecraft\jars\deobfuscated.jar
Launcher Type: SUN_STANDARD

[Global flags]
     intx CICompilerCount                          = 4                                         {product} {ergonomic}
     uint ConcGCThreads                            = 3                                         {product} {ergonomic}
     uint G1ConcRefinementThreads                  = 11                                        {product} {ergonomic}
   size_t G1HeapRegionSize                         = 4194304                                   {product} {ergonomic}
    uintx GCDrainStackTargetSize                   = 64                                        {product} {ergonomic}
   size_t InitialHeapSize                          = 528482304                                 {product} {ergonomic}
   size_t MarkStackSize                            = 4194304                                   {product} {ergonomic}
   size_t MaxHeapSize                              = 8443133952                                {product} {ergonomic}
   size_t MaxNewSize                               = 5062524928                                {product} {ergonomic}
   size_t MinHeapDeltaBytes                        = 4194304                                   {product} {ergonomic}
   size_t MinHeapSize                              = 8388608                                   {product} {ergonomic}
    uintx NonNMethodCodeHeapSize                   = 5839372                                {pd product} {ergonomic}
    uintx NonProfiledCodeHeapSize                  = 122909434                              {pd product} {ergonomic}
    uintx ProfiledCodeHeapSize                     = 122909434                              {pd product} {ergonomic}
    uintx ReservedCodeCacheSize                    = 251658240                              {pd product} {ergonomic}
     bool SegmentedCodeCache                       = true                                      {product} {ergonomic}
     bool ShowCodeDetailsInExceptionMessages       = true                                   {manageable} {command line}
   size_t SoftMaxHeapSize                          = 8443133952                             {manageable} {ergonomic}
     bool UseCompressedOops                        = true                           {product lp64_product} {ergonomic}
     bool UseG1GC                                  = true                                      {product} {ergonomic}
     bool UseLargePagesIndividualAllocation        = false                                  {pd product} {ergonomic}

Logging:
Log output configuration:
 #0: stdout all=off uptime,level,tags foldmultilines=false
 #1: stderr all=off uptime,level,tags foldmultilines=false

Environment Variables:
PATH=C:/Users/gagek/.p2/pool/plugins/org.eclipse.justj.openjdk.hotspot.jre.full.win32.x86_64_21.0.8.v20250724-1412/jre/bin/server;C:/Users/gagek/.p2/pool/plugins/org.eclipse.justj.openjdk.hotspot.jre.full.win32.x86_64_21.0.8.v20250724-1412/jre/bin;C:\Program Files\Zulu\zulu-21\bin\;C:\Program Files (x86)\Common Files\Oracle\Java\java8path;C:\Program Files (x86)\Common Files\Oracle\Java\javapath;C:\Program Files\Oculus\Support\oculus-runtime;c:\devkitPro\msys2\usr\bin;C:\windows\system32;C:\windows;C:\windows\System32\Wbem;C:\windows\System32\WindowsPowerShell\v1.0\;C:\windows\System32\OpenSSH\;C:\Program Files\HP\HP One Agent;C:\Program Files\dotnet\;C:\Program Files (x86)\Microsoft SQL Server\160\Tools\Binn\;C:\Program Files\Microsoft SQL Server\160\Tools\Binn\;C:\Program Files\Microsoft SQL Server\Client SDK\ODBC\170\Tools\Binn\;C:\Program Files\Microsoft SQL Server\160\DTS\Binn\;C:\Program Files (x86)\Windows Kits\8.1\Windows Performance Toolkit\;C:\Program Files\Docker\Docker\resources\bin;C:\Program Files (x86)\Gpg4win\..\GnuPG\bin;C:\Users\gagek\AppData\Local\Microsoft\WindowsApps;C:\Users\gagek\AppData\Local\Programs\Microsoft VS Code\bin;C:\msys64\mingw64\bin;C:\Users\gagek\.aftman\bin;C:\Users\gagek\AppData\Local\GitHubDesktop\bin;C:\Users\gagek\AppData\Local\Muse Hub\lib;C:\Users\gagek\OneDrive\Desktop;
USERNAME=gagek
OS=Windows_NT
PROCESSOR_IDENTIFIER=Intel64 Family 6 Model 170 Stepping 4, GenuineIntel
TMP=C:\Users\gagek\AppData\Local\Temp
TEMP=C:\Users\gagek\AppData\Local\Temp




Periodic native trim disabled

---------------  S Y S T E M  ---------------

OS:
 Windows 11 , 64 bit Build 26100 (10.0.26100.4768)
OS uptime: 5 days 4:39 hours
Hyper-V role detected

CPU: total 14 (initial active 14) (7 cores per cpu, 2 threads per core) family 6 model 170 stepping 4 microcode 0x1f, cx8, cmov, fxsr, ht, mmx, 3dnowpref, sse, sse2, sse3, ssse3, sse4.1, sse4.2, popcnt, lzcnt, tsc, tscinvbit, avx, avx2, aes, erms, clmul, bmi1, bmi2, adx, sha, fma, vzeroupper, clflush, clflushopt, clwb, hv, serialize, rdtscp, rdpid, fsrm, f16c, cet_ibt, cet_ss
Processor Information for processor 0
  Max Mhz: 1700, Current Mhz: 1700, Mhz Limit: 1700
Processor Information for processor 1
  Max Mhz: 1700, Current Mhz: 1700, Mhz Limit: 1700
Processor Information for processor 2
  Max Mhz: 1200, Current Mhz: 1200, Mhz Limit: 1200
Processor Information for processor 3
  Max Mhz: 1200, Current Mhz: 1200, Mhz Limit: 1200
Processor Information for processor 4
  Max Mhz: 1200, Current Mhz: 1200, Mhz Limit: 1200
Processor Information for processor 5
  Max Mhz: 1200, Current Mhz: 1200, Mhz Limit: 1200
Processor Information for processor 6
  Max Mhz: 1200, Current Mhz: 1200, Mhz Limit: 1200
Processor Information for processor 7
  Max Mhz: 1200, Current Mhz: 1200, Mhz Limit: 1200
Processor Information for processor 8
  Max Mhz: 1200, Current Mhz: 1200, Mhz Limit: 1200
Processor Information for processor 9
  Max Mhz: 1200, Current Mhz: 1200, Mhz Limit: 1200
Processor Information for processor 10
  Max Mhz: 1700, Current Mhz: 1700, Mhz Limit: 1700
Processor Information for processor 11
  Max Mhz: 1700, Current Mhz: 1700, Mhz Limit: 1700
Processor Information for processor 12
  Max Mhz: 700, Current Mhz: 700, Mhz Limit: 700
Processor Information for processor 13
  Max Mhz: 700, Current Mhz: 700, Mhz Limit: 700

Memory: 4k page, system-wide physical 32203M (12242M free)
TotalPageFile size 37835M (AvailPageFile size 8987M)
current process WorkingSet (physical memory assigned to process): 1005M, peak: 1347M
current process commit charge ("private bytes"): 1101M, peak: 1422M

vm_info: OpenJDK 64-Bit Server VM (21.0.8+9-LTS) for windows-amd64 JRE (21.0.8+9-LTS), built on 2025-07-15T00:00:00Z by "admin" with MS VC++ 17.7 (VS2022)

END.
