#
# A fatal error has been detected by the Java Runtime Environment:
#
#  EXCEPTION_ACCESS_VIOLATION (0xc0000005) at pc=0x00007ffd4b5b8c80, pid=36676, tid=19976
#
# JRE version: OpenJDK Runtime Environment Temurin-21.0.8+9 (21.0.8+9) (build 21.0.8+9-LTS)
# Java VM: OpenJDK 64-Bit Server VM Temurin-21.0.8+9 (21.0.8+9-LTS, mixed mode, sharing, tiered, compressed oops, compressed class ptrs, g1 gc, windows-amd64)
# Problematic frame:
# C  [owe-client-x64.dll+0x3c8c80]
#
# No core dump will be written. Minidumps are not enabled by default on client versions of Windows
#
# If you would like to submit a bug report, please visit:
#   https://github.com/adoptium/adoptium-support/issues
#

---------------  S U M M A R Y ------------

Command Line: -Djava.library.path=C:\MinecraftAlphaDev\libraries\natives -Dfile.encoding=UTF-8 -Dstdout.encoding=UTF-8 -Dstderr.encoding=UTF-8 -XX:+ShowCodeDetailsInExceptionMessages net.minecraft.client.Minecraft

Host: Intel(R) Core(TM) Ultra 7 155U, 14 cores, 31G,  Windows 11 , 64 bit Build 26100 (10.0.26100.4768)
Time: Mon Sep  8 20:04:15 2025 Central Daylight Time elapsed time: 34.133294 seconds (0d 0h 0m 34s)

---------------  T H R E A D  ---------------

Current thread (0x000002316055b770):  VMThread "VM Thread"          [id=19976, stack(0x00000086db800000,0x00000086db900000) (1024K)]

Stack: [0x00000086db800000,0x00000086db900000],  sp=0x00000086db8ff228,  free space=1020k
Native frames: (J=compiled Java code, j=interpreted, Vv=VM code, C=native code)
C  [owe-client-x64.dll+0x3c8c80]


siginfo: EXCEPTION_ACCESS_VIOLATION (0xc0000005), data execution prevention violation at address 0x00007ffd4b5b8c80


Registers:
RAX=0x00007ffd4b55e300, RBX=0x0000000000000000, RCX=0x00000231a6b8ac80, RDX=0x00007ffd4b625018
RSP=0x00000086db8ff228, RBP=0x00000086db8ff720, RSI=0x00007ffdb5cd0000, RDI=0x0000000000000001
R8 =0x000002313ee502c0, R9 =0x00000086dadeb000, R10=0x00007ffe183eeea0, R11=0x00000231a63fcdd0
R12=0x0000000000000001, R13=0x00007ffdb5d2bdf0, R14=0x0000000000000000, R15=0x00007ffdb5cd0000
RIP=0x00007ffd4b5b8c80, EFLAGS=0x0000000000010206

XMM[0]=0x0000000000000000 0x0000000000000000
XMM[1]=0x0000000000000000 0x0000000000000000
XMM[2]=0x0000000000000000 0x0000000000000000
XMM[3]=0x0000000000000000 0x0000000000000000
XMM[4]=0x0000000000000000 0x0000000000000000
XMM[5]=0x0000000000000000 0x0000000000000000
XMM[6]=0x0000000000000000 0x0000000000000000
XMM[7]=0x0000000000000000 0x404e000000000000
XMM[8]=0x0000000000000000 0x0000000000000000
XMM[9]=0x0000000000000000 0x0000000000000000
XMM[10]=0x0000000000000000 0x0000000000000000
XMM[11]=0x0000000000000000 0x0000000000000000
XMM[12]=0x0000000000000000 0x0000000000000000
XMM[13]=0x0000000000000000 0x0000000000000000
XMM[14]=0x0000000000000000 0x0000000000000000
XMM[15]=0x0000000000000000 0x0000000000000000
  MXCSR=0x00001fa1


Register to memory mapping:

RAX=0x00007ffd4b55e300 owe-client-x64.dll
RBX=0x0 is null
RCX=0x00000231a6b8ac80 points into unknown readable memory: 0x00007ffd4b55e300 | 00 e3 55 4b fd 7f 00 00
RDX=0x00007ffd4b625018 owe-client-x64.dll
RSP=0x00000086db8ff228 points into unknown readable memory: 0x00007ffd4b2aac99 | 99 ac 2a 4b fd 7f 00 00
RBP=0x00000086db8ff720 points into unknown readable memory: 0x0000023160551250 | 50 12 55 60 31 02 00 00
RSI=0x00007ffdb5cd0000 opengl32.dll
RDI=0x0000000000000001 is an unknown value
R8 =0x000002313ee502c0 points into unknown readable memory: 0x00007ffd340c5460 | 60 54 0c 34 fd 7f 00 00
R9 =0x00000086dadeb000 points into unknown readable memory: 0x0000000000000000 | 00 00 00 00 00 00 00 00
R10=0x00007ffe183eeea0 ntdll.dll
R11=0x00000231a63fcdd0 points into unknown readable memory: 0x00000231a63fe640 | 40 e6 3f a6 31 02 00 00
R12=0x0000000000000001 is an unknown value
R13=0x00007ffdb5d2bdf0 opengl32.dll
R14=0x0 is null
R15=0x00007ffdb5cd0000 opengl32.dll

Top of Stack: (sp=0x00000086db8ff228)
0x00000086db8ff228:   00007ffd4b2aac99 00007ffd4b62c7b8
0x00000086db8ff238:   00007ffd4b625018 00000231a65db600
0x00000086db8ff248:   0000000000000000 fffffffffffffffe
0x00000086db8ff258:   00007ffd4b2ab0f7 00000231a6b8ac80
0x00000086db8ff268:   00007ffd4b625018 000002313f2fb178
0x00000086db8ff278:   0000000000000000 0000000000000000
0x00000086db8ff288:   00000231a6b8ac80 00007ffdb5d2bdf0
0x00000086db8ff298:   00000231a67339e0 00000231a69aad10
0x00000086db8ff2a8:   00007ffe182243e1 0000000000000001
0x00000086db8ff2b8:   00007ffdb5cdca16 0000000000010000
0x00000086db8ff2c8:   000002313f2fb0d8 00000231a63fcdd0
0x00000086db8ff2d8:   00007ffe18224273 0000000000000001
0x00000086db8ff2e8:   00007ffdb5cdc7d0 00000086db8ff720
0x00000086db8ff2f8:   0000000000000000 00007ffdb5cd0000
0x00000086db8ff308:   0000000000000000 0000000000000000
0x00000086db8ff318:   00007ffdb5cdc255 0000000000000000
0x00000086db8ff328:   00000086db8ff720 00007ffdb5cd0000
0x00000086db8ff338:   0000000000000000 0000000000000000
0x00000086db8ff348:   00007ffdb5d2bf19 0000000000000001
0x00000086db8ff358:   00000086db8ff720 00007ffe165b0000
0x00000086db8ff368:   00007ffe15f988c0 0000008600000001
0x00000086db8ff378:   00007ffe15eab8aa 00000086db8f0101
0x00000086db8ff388:   00000086db8ff408 00000086db8ff720
0x00000086db8ff398:   00000000c0000005 00007ffe00000000
0x00000086db8ff3a8:   00007ffe15eab84d 0000000000000001
0x00000086db8ff3b8:   00007ffe15f125ec 00000086db8ff720
0x00000086db8ff3c8:   00000086db8ff3f8 fffffffffffffffe
0x00000086db8ff3d8:   00007ffe15eab84d 0000000000000001
0x00000086db8ff3e8:   00007ffe16446693 00007ffe16512c60
0x00000086db8ff3f8:   c00000050000000d ffffffff0000000d
0x00000086db8ff408:   00000086db8ff3f0 0000000000000000
0x00000086db8ff418:   00007ffe1644633f 0000000000000000 

Instructions: (pc=0x00007ffd4b5b8c80)
0x00007ffd4b5b8b80:   00 00 00 00 00 00 00 00 00 00 00 00 00 00 00 00
0x00007ffd4b5b8b90:   40 e5 42 00 01 00 00 00 00 00 00 00 ff ff ff ff
0x00007ffd4b5b8ba0:   00 00 00 00 40 00 00 00 60 8b 3c 00 00 00 00 00
0x00007ffd4b5b8bb0:   00 00 00 00 00 00 00 00 00 00 00 00 00 00 00 00
0x00007ffd4b5b8bc0:   01 00 00 00 d0 8b 3c 00 00 00 00 00 00 00 00 00
0x00007ffd4b5b8bd0:   e0 8b 3c 00 00 00 00 00 00 00 00 00 00 00 00 00
0x00007ffd4b5b8be0:   e8 e5 42 00 00 00 00 00 00 00 00 00 ff ff ff ff
0x00007ffd4b5b8bf0:   00 00 00 00 40 00 00 00 b8 8b 3c 00 00 00 00 00
0x00007ffd4b5b8c00:   00 00 00 00 00 00 00 00 01 00 00 00 00 00 00 00
0x00007ffd4b5b8c10:   00 00 00 00 18 e6 42 00 30 8c 3c 00 08 8c 3c 00
0x00007ffd4b5b8c20:   00 00 00 00 00 00 00 00 00 00 00 00 00 00 00 00
0x00007ffd4b5b8c30:   00 00 00 00 00 00 00 00 01 00 00 00 48 8c 3c 00
0x00007ffd4b5b8c40:   00 00 00 00 00 00 00 00 58 8c 3c 00 00 00 00 00
0x00007ffd4b5b8c50:   00 00 00 00 00 00 00 00 18 e6 42 00 00 00 00 00
0x00007ffd4b5b8c60:   00 00 00 00 ff ff ff ff 00 00 00 00 40 00 00 00
0x00007ffd4b5b8c70:   30 8c 3c 00 00 00 00 00 00 00 00 00 00 00 00 00
0x00007ffd4b5b8c80:   01 00 00 00 00 00 00 00 00 00 00 00 40 e6 42 00
0x00007ffd4b5b8c90:   a8 8c 3c 00 80 8c 3c 00 00 00 00 00 00 00 00 00
0x00007ffd4b5b8ca0:   00 00 00 00 00 00 00 00 00 00 00 00 01 00 00 00
0x00007ffd4b5b8cb0:   03 00 00 00 c0 8c 3c 00 00 00 00 00 00 00 00 00
0x00007ffd4b5b8cc0:   e0 8c 3c 00 58 8c 3c 00 08 8d 3c 00 00 00 00 00
0x00007ffd4b5b8cd0:   00 00 00 00 00 00 00 00 00 00 00 00 00 00 00 00
0x00007ffd4b5b8ce0:   40 e6 42 00 02 00 00 00 00 00 00 00 ff ff ff ff
0x00007ffd4b5b8cf0:   00 00 00 00 40 00 00 00 a8 8c 3c 00 00 00 00 00
0x00007ffd4b5b8d00:   00 00 00 00 00 00 00 00 60 e6 42 00 00 00 00 00
0x00007ffd4b5b8d10:   10 00 00 00 ff ff ff ff 00 00 00 00 40 00 00 00
0x00007ffd4b5b8d20:   30 8d 3c 00 00 00 00 00 00 00 00 00 00 00 00 00
0x00007ffd4b5b8d30:   00 00 00 00 00 00 00 00 01 00 00 00 48 8d 3c 00
0x00007ffd4b5b8d40:   00 00 00 00 00 00 00 00 58 8d 3c 00 00 00 00 00
0x00007ffd4b5b8d50:   00 00 00 00 00 00 00 00 60 e6 42 00 00 00 00 00
0x00007ffd4b5b8d60:   00 00 00 00 ff ff ff ff 00 00 00 00 40 00 00 00
0x00007ffd4b5b8d70:   30 8d 3c 00 00 00 00 00 00 00 00 00 00 00 00 00 


Stack slot to memory mapping:

stack at sp + 0 slots: 0x00007ffd4b2aac99 owe-client-x64.dll
stack at sp + 1 slots: 0x00007ffd4b62c7b8 owe-client-x64.dll
stack at sp + 2 slots: 0x00007ffd4b625018 owe-client-x64.dll
stack at sp + 3 slots: 0x00000231a65db600 points into unknown readable memory: 0x00007ffe166d0150 | 50 01 6d 16 fe 7f 00 00
stack at sp + 4 slots: 0x0 is null
stack at sp + 5 slots: 0xfffffffffffffffe is an unknown value
stack at sp + 6 slots: 0x00007ffd4b2ab0f7 owe-client-x64.dll
stack at sp + 7 slots: 0x00000231a6b8ac80 points into unknown readable memory: 0x00007ffd4b55e300 | 00 e3 55 4b fd 7f 00 00

VM_Operation (0x00000086dc6fe8b0): Exit, mode: safepoint, requested by thread 0x00000231a65908b0


---------------  P R O C E S S  ---------------

Threads class SMR info:
_java_thread_list=0x00000231a8c7e1a0, length=18, elements={
0x00000231a600a0b0, 0x00000231a600ab00, 0x00000231a600d950, 0x00000231a600ec90,
0x00000231a600f6e0, 0x00000231a6013280, 0x00000231a6017630, 0x00000231a603ac00,
0x00000231a618eed0, 0x00000231a6191730, 0x00000231a63f9b20, 0x00000231a65744d0,
0x00000231a65908b0, 0x00000231a659f6f0, 0x00000231413ef1b0, 0x00000231a8be9010,
0x00000231a8cf70a0, 0x00000231ad4d1460
}

Java Threads: ( => current thread )
  0x00000231a600a0b0 JavaThread "Reference Handler"          daemon [_thread_blocked, id=1948, stack(0x00000086db900000,0x00000086dba00000) (1024K)]
  0x00000231a600ab00 JavaThread "Finalizer"                  daemon [_thread_blocked, id=1980, stack(0x00000086dba00000,0x00000086dbb00000) (1024K)]
  0x00000231a600d950 JavaThread "Signal Dispatcher"          daemon [_thread_blocked, id=36132, stack(0x00000086dbb00000,0x00000086dbc00000) (1024K)]
  0x00000231a600ec90 JavaThread "Attach Listener"            daemon [_thread_blocked, id=7464, stack(0x00000086dbc00000,0x00000086dbd00000) (1024K)]
  0x00000231a600f6e0 JavaThread "Service Thread"             daemon [_thread_blocked, id=41888, stack(0x00000086dbd00000,0x00000086dbe00000) (1024K)]
  0x00000231a6013280 JavaThread "Monitor Deflation Thread"   daemon [_thread_blocked, id=10080, stack(0x00000086dbe00000,0x00000086dbf00000) (1024K)]
  0x00000231a6017630 JavaThread "C2 CompilerThread0"         daemon [_thread_blocked, id=26364, stack(0x00000086dbf00000,0x00000086dc000000) (1024K)]
  0x00000231a603ac00 JavaThread "C1 CompilerThread0"         daemon [_thread_blocked, id=33920, stack(0x00000086dc000000,0x00000086dc100000) (1024K)]
  0x00000231a618eed0 JavaThread "Notification Thread"        daemon [_thread_blocked, id=30672, stack(0x00000086dc100000,0x00000086dc200000) (1024K)]
  0x00000231a6191730 JavaThread "Common-Cleaner"             daemon [_thread_blocked, id=12364, stack(0x00000086dc200000,0x00000086dc300000) (1024K)]
  0x00000231a63f9b20 JavaThread "Java2D Disposer"            daemon [_thread_blocked, id=8828, stack(0x00000086dc300000,0x00000086dc400000) (1024K)]
  0x00000231a65744d0 JavaThread "AWT-Shutdown"                      [_thread_blocked, id=14932, stack(0x00000086dc400000,0x00000086dc500000) (1024K)]
  0x00000231a65908b0 JavaThread "AWT-EventQueue-0"                  [_thread_blocked, id=28152, stack(0x00000086dc600000,0x00000086dc700000) (1024K)]
  0x00000231a659f6f0 JavaThread "Timer hack thread"          daemon [_thread_blocked, id=30052, stack(0x00000086dc700000,0x00000086dc800000) (1024K)]
  0x00000231413ef1b0 JavaThread "DestroyJavaVM"                     [_thread_blocked, id=28092, stack(0x00000086db100000,0x00000086db200000) (1024K)]
  0x00000231a8be9010 JavaThread "Thread-2"                   daemon [_thread_in_native, id=29840, stack(0x00000086dd300000,0x00000086dd400000) (1024K)]
  0x00000231a8cf70a0 JavaThread "Thread-3"                          [_thread_blocked, id=24696, stack(0x00000086dd400000,0x00000086dd500000) (1024K)]
  0x00000231ad4d1460 JavaThread "Thread-4"                          [_thread_blocked, id=20816, stack(0x00000086dd700000,0x00000086dd800000) (1024K)]
Total: 18

Other Threads:
=>0x000002316055b770 VMThread "VM Thread"                           [id=19976, stack(0x00000086db800000,0x00000086db900000) (1024K)]
  0x0000023141493890 WorkerThread "GC Thread#0"                     [id=39348, stack(0x00000086db200000,0x00000086db300000) (1024K)]
  0x00000231a90dd070 WorkerThread "GC Thread#1"                     [id=27852, stack(0x00000086ddd00000,0x00000086dde00000) (1024K)]
  0x00000231a90dccd0 WorkerThread "GC Thread#2"                     [id=35228, stack(0x00000086dde00000,0x00000086ddf00000) (1024K)]
  0x00000231a89de380 WorkerThread "GC Thread#3"                     [id=12660, stack(0x00000086ddf00000,0x00000086de000000) (1024K)]
  0x00000231a89e12a0 WorkerThread "GC Thread#4"                     [id=40752, stack(0x00000086de000000,0x00000086de100000) (1024K)]
  0x00000231a89deac0 WorkerThread "GC Thread#5"                     [id=22276, stack(0x00000086de100000,0x00000086de200000) (1024K)]
  0x00000231a89df940 WorkerThread "GC Thread#6"                     [id=39664, stack(0x00000086de200000,0x00000086de300000) (1024K)]
  0x00000231a89dd8a0 WorkerThread "GC Thread#7"                     [id=19700, stack(0x00000086de300000,0x00000086de400000) (1024K)]
  0x00000231a89e0b60 WorkerThread "GC Thread#8"                     [id=3388, stack(0x00000086de400000,0x00000086de500000) (1024K)]
  0x00000231a89e0f00 WorkerThread "GC Thread#9"                     [id=40400, stack(0x00000086de500000,0x00000086de600000) (1024K)]
  0x00000231a89ddc40 WorkerThread "GC Thread#10"                    [id=4328, stack(0x00000086de600000,0x00000086de700000) (1024K)]
  0x00000231414a4300 ConcurrentGCThread "G1 Main Marker"            terminated
  0x00000231414a77e0 WorkerThread "G1 Conc#0"                       [id=38272, stack(0x00000086db400000,0x00000086db500000) (1024K)]
  0x00000231a89dfce0 WorkerThread "G1 Conc#1"                       [id=23840, stack(0x00000086dd000000,0x00000086dd100000) (1024K)]
  0x00000231a89e0080 WorkerThread "G1 Conc#2"                       [id=38988, stack(0x00000086ddb00000,0x00000086ddc00000) (1024K)]
  0x00000231604115e0 ConcurrentGCThread "G1 Refine#0"               terminated
  0x0000023160411ef0 ConcurrentGCThread "G1 Service"                terminated
Total: 18

Threads with active compile tasks:
Total: 0

VM state: at safepoint (shutting down)

VM Mutex/Monitor currently owned by a thread:  ([mutex/lock_event])
[0x00007ffd340c5458] Threads_lock - owner thread: 0x000002316055b770
[0x00007ffd340c5558] Heap_lock - owner thread: 0x00000231a65908b0

Heap address: 0x0000000608c00000, size: 8052 MB, Compressed Oops mode: Zero based, Oop shift amount: 3

CDS archive(s) mapped at: [0x0000023161000000-0x0000023161c80000-0x0000023161c80000), size 13107200, SharedBaseAddress: 0x0000023161000000, ArchiveRelocationMode: 1.
Compressed class space mapped at: 0x0000023162000000-0x00000231a2000000, reserved size: 1073741824
Narrow klass base: 0x0000023161000000, Narrow klass shift: 0, Narrow klass range: 0x100000000

GC Precious Log:
 CardTable entry size: 512
 Card Set container configuration: InlinePtr #cards 4 size 8 Array Of Cards #cards 32 size 80 Howl #buckets 8 coarsen threshold 7372 Howl Bitmap #cards 1024 size 144 coarsen threshold 921 Card regions per heap region 1 cards per card region 8192
 CPUs: 14 total, 14 available
 Memory: 32203M
 Large Page Support: Disabled
 NUMA Support: Disabled
 Compressed Oops: Enabled (Zero based)
 Heap Region Size: 4M
 Heap Min Capacity: 8M
 Heap Initial Capacity: 504M
 Heap Max Capacity: 8052M
 Pre-touch: Disabled
 Parallel Workers: 11
 Concurrent Workers: 3
 Concurrent Refinement Workers: 11
 Periodic GC: Disabled

Heap:
 garbage-first heap   total 274432K, used 71489K [0x0000000608c00000, 0x0000000800000000)
  region size 4096K, 2 young (8192K), 0 survivors (0K)
 Metaspace       used 13598K, committed 13888K, reserved 1114112K
  class space    used 1249K, committed 1408K, reserved 1048576K

Heap Regions: E=young(eden), S=young(survivor), O=old, HS=humongous(starts), HC=humongous(continues), CS=collection set, F=free, TAMS=top-at-mark-start, PB=parsable bottom
|   0|0x0000000608c00000, 0x0000000609000000, 0x0000000609000000|100%|HS|  |TAMS 0x0000000608c00000| PB 0x0000000608c00000| Untracked 
|   1|0x0000000609000000, 0x0000000609400000, 0x0000000609400000|100%|HC|  |TAMS 0x0000000609000000| PB 0x0000000609000000| Untracked 
|   2|0x0000000609400000, 0x0000000609800000, 0x0000000609800000|100%|HC|  |TAMS 0x0000000609400000| PB 0x0000000609400000| Untracked 
|   3|0x0000000609800000, 0x0000000609bfff68, 0x0000000609c00000| 99%| O|  |TAMS 0x0000000609800000| PB 0x0000000609800000| Untracked 
|   4|0x0000000609c00000, 0x0000000609ffffc0, 0x000000060a000000| 99%| O|  |TAMS 0x0000000609c00000| PB 0x0000000609c00000| Untracked 
|   5|0x000000060a000000, 0x000000060a400000, 0x000000060a400000|100%| O|  |TAMS 0x000000060a000000| PB 0x000000060a000000| Untracked 
|   6|0x000000060a400000, 0x000000060a800000, 0x000000060a800000|100%| O|  |TAMS 0x000000060a400000| PB 0x000000060a400000| Untracked 
|   7|0x000000060a800000, 0x000000060ac00000, 0x000000060ac00000|100%| O|  |TAMS 0x000000060a800000| PB 0x000000060a800000| Untracked 
|   8|0x000000060ac00000, 0x000000060b000000, 0x000000060b000000|100%| O|  |TAMS 0x000000060ac00000| PB 0x000000060ac00000| Untracked 
|   9|0x000000060b000000, 0x000000060b400000, 0x000000060b400000|100%| O|  |TAMS 0x000000060b000000| PB 0x000000060b000000| Untracked 
|  10|0x000000060b400000, 0x000000060b7ff1a8, 0x000000060b800000| 99%| O|  |TAMS 0x000000060b400000| PB 0x000000060b400000| Untracked 
|  11|0x000000060b800000, 0x000000060bbf1800, 0x000000060bc00000| 98%| O|  |TAMS 0x000000060b800000| PB 0x000000060b800000| Untracked 
|  12|0x000000060bc00000, 0x000000060bf38f30, 0x000000060c000000| 80%| O|  |TAMS 0x000000060bc00000| PB 0x000000060bc00000| Untracked 
|  13|0x000000060c000000, 0x000000060c3ffff8, 0x000000060c400000| 99%| O|  |TAMS 0x000000060c000000| PB 0x000000060c000000| Untracked 
|  14|0x000000060c400000, 0x000000060c657530, 0x000000060c800000| 58%| O|  |TAMS 0x000000060c400000| PB 0x000000060c400000| Untracked 
|  15|0x000000060c800000, 0x000000060cbf8750, 0x000000060cc00000| 99%| O|  |TAMS 0x000000060c800000| PB 0x000000060c800000| Untracked 
|  16|0x000000060cc00000, 0x000000060cd70950, 0x000000060d000000| 35%| O|  |TAMS 0x000000060cc00000| PB 0x000000060cc00000| Untracked 
|  17|0x000000060d000000, 0x000000060d0cba38, 0x000000060d400000| 19%| O|  |TAMS 0x000000060d000000| PB 0x000000060d000000| Untracked 
|  18|0x000000060d400000, 0x000000060d400000, 0x000000060d800000|  0%| F|  |TAMS 0x000000060d400000| PB 0x000000060d400000| Untracked 
|  19|0x000000060d800000, 0x000000060d8d6be0, 0x000000060dc00000| 20%| O|  |TAMS 0x000000060d800000| PB 0x000000060d800000| Untracked 
|  20|0x000000060dc00000, 0x000000060dc00000, 0x000000060e000000|  0%| F|  |TAMS 0x000000060dc00000| PB 0x000000060dc00000| Untracked 
|  21|0x000000060e000000, 0x000000060e1441e8, 0x000000060e400000| 31%| O|  |TAMS 0x000000060e000000| PB 0x000000060e000000| Untracked 
|  22|0x000000060e400000, 0x000000060e400000, 0x000000060e800000|  0%| F|  |TAMS 0x000000060e400000| PB 0x000000060e400000| Untracked 
|  23|0x000000060e800000, 0x000000060e800000, 0x000000060ec00000|  0%| F|  |TAMS 0x000000060e800000| PB 0x000000060e800000| Untracked 
|  24|0x000000060ec00000, 0x000000060ec00000, 0x000000060f000000|  0%| F|  |TAMS 0x000000060ec00000| PB 0x000000060ec00000| Untracked 
|  25|0x000000060f000000, 0x000000060f000000, 0x000000060f400000|  0%| F|  |TAMS 0x000000060f000000| PB 0x000000060f000000| Untracked 
|  26|0x000000060f400000, 0x000000060f400000, 0x000000060f800000|  0%| F|  |TAMS 0x000000060f400000| PB 0x000000060f400000| Untracked 
|  27|0x000000060f800000, 0x000000060f800000, 0x000000060fc00000|  0%| F|  |TAMS 0x000000060f800000| PB 0x000000060f800000| Untracked 
|  28|0x000000060fc00000, 0x000000060fc00000, 0x0000000610000000|  0%| F|  |TAMS 0x000000060fc00000| PB 0x000000060fc00000| Untracked 
|  29|0x0000000610000000, 0x0000000610000000, 0x0000000610400000|  0%| F|  |TAMS 0x0000000610000000| PB 0x0000000610000000| Untracked 
|  30|0x0000000610400000, 0x0000000610400000, 0x0000000610800000|  0%| F|  |TAMS 0x0000000610400000| PB 0x0000000610400000| Untracked 
|  31|0x0000000610800000, 0x0000000610800000, 0x0000000610c00000|  0%| F|  |TAMS 0x0000000610800000| PB 0x0000000610800000| Untracked 
|  32|0x0000000610c00000, 0x0000000610c00000, 0x0000000611000000|  0%| F|  |TAMS 0x0000000610c00000| PB 0x0000000610c00000| Untracked 
|  33|0x0000000611000000, 0x0000000611000000, 0x0000000611400000|  0%| F|  |TAMS 0x0000000611000000| PB 0x0000000611000000| Untracked 
|  34|0x0000000611400000, 0x0000000611400000, 0x0000000611800000|  0%| F|  |TAMS 0x0000000611400000| PB 0x0000000611400000| Untracked 
|  35|0x0000000611800000, 0x0000000611800000, 0x0000000611c00000|  0%| F|  |TAMS 0x0000000611800000| PB 0x0000000611800000| Untracked 
|  36|0x0000000611c00000, 0x0000000611c00000, 0x0000000612000000|  0%| F|  |TAMS 0x0000000611c00000| PB 0x0000000611c00000| Untracked 
|  37|0x0000000612000000, 0x0000000612000000, 0x0000000612400000|  0%| F|  |TAMS 0x0000000612000000| PB 0x0000000612000000| Untracked 
|  38|0x0000000612400000, 0x0000000612400000, 0x0000000612800000|  0%| F|  |TAMS 0x0000000612400000| PB 0x0000000612400000| Untracked 
|  39|0x0000000612800000, 0x0000000612800000, 0x0000000612c00000|  0%| F|  |TAMS 0x0000000612800000| PB 0x0000000612800000| Untracked 
|  40|0x0000000612c00000, 0x0000000612c00000, 0x0000000613000000|  0%| F|  |TAMS 0x0000000612c00000| PB 0x0000000612c00000| Untracked 
|  41|0x0000000613000000, 0x0000000613000000, 0x0000000613400000|  0%| F|  |TAMS 0x0000000613000000| PB 0x0000000613000000| Untracked 
|  42|0x0000000613400000, 0x0000000613400000, 0x0000000613800000|  0%| F|  |TAMS 0x0000000613400000| PB 0x0000000613400000| Untracked 
|  43|0x0000000613800000, 0x0000000613800000, 0x0000000613c00000|  0%| F|  |TAMS 0x0000000613800000| PB 0x0000000613800000| Untracked 
|  44|0x0000000613c00000, 0x0000000613c00000, 0x0000000614000000|  0%| F|  |TAMS 0x0000000613c00000| PB 0x0000000613c00000| Untracked 
|  45|0x0000000614000000, 0x0000000614000000, 0x0000000614400000|  0%| F|  |TAMS 0x0000000614000000| PB 0x0000000614000000| Untracked 
|  46|0x0000000614400000, 0x0000000614400000, 0x0000000614800000|  0%| F|  |TAMS 0x0000000614400000| PB 0x0000000614400000| Untracked 
|  47|0x0000000614800000, 0x0000000614800000, 0x0000000614c00000|  0%| F|  |TAMS 0x0000000614800000| PB 0x0000000614800000| Untracked 
|  48|0x0000000614c00000, 0x0000000614c00000, 0x0000000615000000|  0%| F|  |TAMS 0x0000000614c00000| PB 0x0000000614c00000| Untracked 
|  49|0x0000000615000000, 0x0000000615000000, 0x0000000615400000|  0%| F|  |TAMS 0x0000000615000000| PB 0x0000000615000000| Untracked 
|  50|0x0000000615400000, 0x0000000615400000, 0x0000000615800000|  0%| F|  |TAMS 0x0000000615400000| PB 0x0000000615400000| Untracked 
|  51|0x0000000615800000, 0x0000000615800000, 0x0000000615c00000|  0%| F|  |TAMS 0x0000000615800000| PB 0x0000000615800000| Untracked 
|  52|0x0000000615c00000, 0x0000000615c00000, 0x0000000616000000|  0%| F|  |TAMS 0x0000000615c00000| PB 0x0000000615c00000| Untracked 
|  53|0x0000000616000000, 0x0000000616000000, 0x0000000616400000|  0%| F|  |TAMS 0x0000000616000000| PB 0x0000000616000000| Untracked 
|  54|0x0000000616400000, 0x0000000616400000, 0x0000000616800000|  0%| F|  |TAMS 0x0000000616400000| PB 0x0000000616400000| Untracked 
|  55|0x0000000616800000, 0x0000000616800000, 0x0000000616c00000|  0%| F|  |TAMS 0x0000000616800000| PB 0x0000000616800000| Untracked 
|  56|0x0000000616c00000, 0x0000000616c00000, 0x0000000617000000|  0%| F|  |TAMS 0x0000000616c00000| PB 0x0000000616c00000| Untracked 
|  57|0x0000000617000000, 0x0000000617000000, 0x0000000617400000|  0%| F|  |TAMS 0x0000000617000000| PB 0x0000000617000000| Untracked 
|  58|0x0000000617400000, 0x0000000617400000, 0x0000000617800000|  0%| F|  |TAMS 0x0000000617400000| PB 0x0000000617400000| Untracked 
|  59|0x0000000617800000, 0x0000000617800000, 0x0000000617c00000|  0%| F|  |TAMS 0x0000000617800000| PB 0x0000000617800000| Untracked 
|  60|0x0000000617c00000, 0x0000000617c00000, 0x0000000618000000|  0%| F|  |TAMS 0x0000000617c00000| PB 0x0000000617c00000| Untracked 
|  61|0x0000000618000000, 0x0000000618000000, 0x0000000618400000|  0%| F|  |TAMS 0x0000000618000000| PB 0x0000000618000000| Untracked 
|  62|0x0000000618400000, 0x0000000618400000, 0x0000000618800000|  0%| F|  |TAMS 0x0000000618400000| PB 0x0000000618400000| Untracked 
|  63|0x0000000618800000, 0x0000000618800000, 0x0000000618c00000|  0%| F|  |TAMS 0x0000000618800000| PB 0x0000000618800000| Untracked 
|  64|0x0000000618c00000, 0x0000000618c00000, 0x0000000619000000|  0%| F|  |TAMS 0x0000000618c00000| PB 0x0000000618c00000| Untracked 
|  65|0x0000000619000000, 0x00000006190a3d98, 0x0000000619400000| 16%| E|  |TAMS 0x0000000619000000| PB 0x0000000619000000| Complete 
|  66|0x0000000619400000, 0x0000000619800000, 0x0000000619800000|100%| E|CS|TAMS 0x0000000619400000| PB 0x0000000619400000| Complete 

Card table byte_map: [0x00000231553c0000,0x0000023156380000] _byte_map_base: 0x000002315237a000

Marking Bits: (CMBitMap*) 0x0000023141493e90
 Bits: [0x0000023156380000, 0x000002315e150000)

Polling page: 0x000002313f290000

Metaspace:

Usage:
  Non-class:     12.06 MB used.
      Class:      1.22 MB used.
       Both:     13.28 MB used.

Virtual space:
  Non-class space:       64.00 MB reserved,      12.19 MB ( 19%) committed,  1 nodes.
      Class space:        1.00 GB reserved,       1.38 MB ( <1%) committed,  1 nodes.
             Both:        1.06 GB reserved,      13.56 MB (  1%) committed. 

Chunk freelists:
   Non-Class:  3.84 MB
       Class:  14.61 MB
        Both:  18.45 MB

MaxMetaspaceSize: unlimited
CompressedClassSpaceSize: 1.00 GB
Initial GC threshold: 21.00 MB
Current GC threshold: 22.62 MB
CDS: on
 - commit_granule_bytes: 65536.
 - commit_granule_words: 8192.
 - virtual_space_node_default_size: 8388608.
 - enlarge_chunks_in_place: 1.
 - use_allocation_guard: 0.


Internal statistics:

num_allocs_failed_limit: 0.
num_arena_births: 204.
num_arena_deaths: 0.
num_vsnodes_births: 2.
num_vsnodes_deaths: 0.
num_space_committed: 215.
num_space_uncommitted: 0.
num_chunks_returned_to_freelist: 0.
num_chunks_taken_from_freelist: 444.
num_chunk_merges: 0.
num_chunk_splits: 277.
num_chunks_enlarged: 162.
num_inconsistent_stats: 0.

CodeHeap 'non-profiled nmethods': size=120000Kb used=3671Kb max_used=3671Kb free=116328Kb
 bounds [0x000002314c860000, 0x000002314cc00000, 0x0000023153d90000]
CodeHeap 'profiled nmethods': size=120000Kb used=5969Kb max_used=5991Kb free=114030Kb
 bounds [0x0000023144d90000, 0x0000023145380000, 0x000002314c2c0000]
CodeHeap 'non-nmethods': size=5760Kb used=1738Kb max_used=1784Kb free=4021Kb
 bounds [0x000002314c2c0000, 0x000002314c530000, 0x000002314c860000]
CodeCache: size=245760Kb, used=11378Kb, max_used=11446Kb, free=234379Kb
 total_blobs=3985, nmethods=3217, adapters=672, full_count=0
Compilation: enabled, stopped_count=0, restarted_count=0

Compilation events (20 events):
Event: 31.832 Thread 0x00000231a6017630 3492       4       java.nio.ByteBuffer::limit (6 bytes)
Event: 31.832 Thread 0x00000231a6017630 nmethod 3492 0x000002314c928390 code [0x000002314c928520, 0x000002314c928668]
Event: 31.838 Thread 0x00000231a6017630 3493       4       net.minecraft.src.GuiMainMenu::drawLogo (643 bytes)
Event: 31.931 Thread 0x00000231a6017630 nmethod 3493 0x000002314cbf1b10 code [0x000002314cbf2400, 0x000002314cbf63f0]
Event: 31.931 Thread 0x00000231a6017630 3494  s    4       org.lwjgl.opengl.EventQueue::copyEvents (77 bytes)
Event: 31.937 Thread 0x00000231a6017630 nmethod 3494 0x000002314c8ec910 code [0x000002314c8ecb20, 0x000002314c8ed508]
Event: 31.966 Thread 0x00000231a603ac00 3495       3       java.lang.Long::stringSize (55 bytes)
Event: 31.966 Thread 0x00000231a603ac00 nmethod 3495 0x0000023144da3b10 code [0x0000023144da3cc0, 0x0000023144da3f28]
Event: 31.966 Thread 0x00000231a603ac00 3496       3       java.lang.Long::getChars (195 bytes)
Event: 31.966 Thread 0x00000231a603ac00 nmethod 3496 0x0000023144da1e90 code [0x0000023144da2080, 0x0000023144da2680]
Event: 32.038 Thread 0x00000231a6017630 3497       4       org.lwjgl.opengl.GL11::glGetError (20 bytes)
Event: 32.077 Thread 0x00000231a6017630 nmethod 3497 0x000002314c927f10 code [0x000002314c9280c0, 0x000002314c928200]
Event: 32.077 Thread 0x00000231a6017630 3498       4       net.minecraft.client.Minecraft::checkGLError (52 bytes)
Event: 32.118 Thread 0x00000231a6017630 nmethod 3498 0x000002314c8c7890 code [0x000002314c8c7a40, 0x000002314c8c7bc8]
Event: 32.118 Thread 0x00000231a6017630 3499       4       net.minecraft.src.LogoEffectRandomizer::updateLogoEffects (74 bytes)
Event: 32.118 Thread 0x00000231a6017630 nmethod 3499 0x000002314c927b90 code [0x000002314c927d40, 0x000002314c927e18]
Event: 32.454 Thread 0x00000231a6017630 3500 %     4       org.lwjgl.input.Controllers::poll @ 2 (28 bytes)
Event: 32.455 Thread 0x00000231a6017630 nmethod 3500% 0x000002314c8c7290 code [0x000002314c8c7440, 0x000002314c8c7630]
Event: 32.618 Thread 0x00000231a6017630 3501   !   4       org.lwjgl.opengl.Display::isActive (38 bytes)
Event: 32.619 Thread 0x00000231a6017630 nmethod 3501 0x000002314c8c6e10 code [0x000002314c8c6fa0, 0x000002314c8c71a0]

GC Heap History (20 events):
Event: 2.217 GC heap before
{Heap before GC invocations=0 (full 0):
 garbage-first heap   total 516096K, used 32768K [0x0000000608c00000, 0x0000000800000000)
  region size 4096K, 6 young (24576K), 0 survivors (0K)
 Metaspace       used 11775K, committed 12032K, reserved 1114112K
  class space    used 1149K, committed 1280K, reserved 1048576K
}
Event: 2.223 GC heap after
{Heap after GC invocations=1 (full 0):
 garbage-first heap   total 516096K, used 17687K [0x0000000608c00000, 0x0000000800000000)
  region size 4096K, 1 young (4096K), 1 survivors (4096K)
 Metaspace       used 11775K, committed 12032K, reserved 1114112K
  class space    used 1149K, committed 1280K, reserved 1048576K
}
Event: 3.568 GC heap before
{Heap before GC invocations=1 (full 0):
 garbage-first heap   total 516096K, used 17687K [0x0000000608c00000, 0x0000000800000000)
  region size 4096K, 2 young (8192K), 1 survivors (4096K)
 Metaspace       used 12358K, committed 12672K, reserved 1114112K
  class space    used 1200K, committed 1344K, reserved 1048576K
}
Event: 3.578 GC heap after
{Heap after GC invocations=2 (full 1):
 garbage-first heap   total 69632K, used 17386K [0x0000000608c00000, 0x0000000800000000)
  region size 4096K, 0 young (0K), 0 survivors (0K)
 Metaspace       used 12358K, committed 12672K, reserved 1114112K
  class space    used 1200K, committed 1344K, reserved 1048576K
}
Event: 3.579 GC heap before
{Heap before GC invocations=2 (full 1):
 garbage-first heap   total 69632K, used 17386K [0x0000000608c00000, 0x0000000800000000)
  region size 4096K, 0 young (0K), 0 survivors (0K)
 Metaspace       used 12358K, committed 12672K, reserved 1114112K
  class space    used 1200K, committed 1344K, reserved 1048576K
}
Event: 3.594 GC heap after
{Heap after GC invocations=3 (full 2):
 garbage-first heap   total 69632K, used 17355K [0x0000000608c00000, 0x0000000800000000)
  region size 4096K, 0 young (0K), 0 survivors (0K)
 Metaspace       used 12358K, committed 12672K, reserved 1114112K
  class space    used 1200K, committed 1344K, reserved 1048576K
}
Event: 6.343 GC heap before
{Heap before GC invocations=3 (full 2):
 garbage-first heap   total 69632K, used 33739K [0x0000000608c00000, 0x0000000800000000)
  region size 4096K, 5 young (20480K), 0 survivors (0K)
 Metaspace       used 12545K, committed 12800K, reserved 1114112K
  class space    used 1212K, committed 1344K, reserved 1048576K
}
Event: 6.349 GC heap after
{Heap after GC invocations=4 (full 2):
 garbage-first heap   total 69632K, used 34865K [0x0000000608c00000, 0x0000000800000000)
  region size 4096K, 1 young (4096K), 1 survivors (4096K)
 Metaspace       used 12545K, committed 12800K, reserved 1114112K
  class space    used 1212K, committed 1344K, reserved 1048576K
}
Event: 6.773 GC heap before
{Heap before GC invocations=4 (full 2):
 garbage-first heap   total 69632K, used 38961K [0x0000000608c00000, 0x0000000800000000)
  region size 4096K, 2 young (8192K), 1 survivors (4096K)
 Metaspace       used 12568K, committed 12800K, reserved 1114112K
  class space    used 1212K, committed 1344K, reserved 1048576K
}
Event: 6.775 GC heap after
{Heap after GC invocations=5 (full 2):
 garbage-first heap   total 69632K, used 38520K [0x0000000608c00000, 0x0000000800000000)
  region size 4096K, 1 young (4096K), 1 survivors (4096K)
 Metaspace       used 12568K, committed 12800K, reserved 1114112K
  class space    used 1212K, committed 1344K, reserved 1048576K
}
Event: 7.088 GC heap before
{Heap before GC invocations=6 (full 2):
 garbage-first heap   total 77824K, used 42616K [0x0000000608c00000, 0x0000000800000000)
  region size 4096K, 2 young (8192K), 1 survivors (4096K)
 Metaspace       used 12620K, committed 12864K, reserved 1114112K
  class space    used 1217K, committed 1344K, reserved 1048576K
}
Event: 7.090 GC heap after
{Heap after GC invocations=7 (full 2):
 garbage-first heap   total 77824K, used 42274K [0x0000000608c00000, 0x0000000800000000)
  region size 4096K, 1 young (4096K), 1 survivors (4096K)
 Metaspace       used 12620K, committed 12864K, reserved 1114112K
  class space    used 1217K, committed 1344K, reserved 1048576K
}
Event: 7.160 GC heap before
{Heap before GC invocations=7 (full 2):
 garbage-first heap   total 77824K, used 42274K [0x0000000608c00000, 0x0000000800000000)
  region size 4096K, 2 young (8192K), 1 survivors (4096K)
 Metaspace       used 12644K, committed 12928K, reserved 1114112K
  class space    used 1220K, committed 1344K, reserved 1048576K
}
Event: 7.181 GC heap after
{Heap after GC invocations=8 (full 3):
 garbage-first heap   total 77824K, used 43249K [0x0000000608c00000, 0x0000000800000000)
  region size 4096K, 0 young (0K), 0 survivors (0K)
 Metaspace       used 12644K, committed 12928K, reserved 1114112K
  class space    used 1220K, committed 1344K, reserved 1048576K
}
Event: 7.764 GC heap before
{Heap before GC invocations=8 (full 3):
 garbage-first heap   total 77824K, used 47345K [0x0000000608c00000, 0x0000000800000000)
  region size 4096K, 2 young (8192K), 0 survivors (0K)
 Metaspace       used 12838K, committed 13056K, reserved 1114112K
  class space    used 1233K, committed 1344K, reserved 1048576K
}
Event: 7.765 GC heap after
{Heap after GC invocations=9 (full 3):
 garbage-first heap   total 77824K, used 47393K [0x0000000608c00000, 0x0000000800000000)
  region size 4096K, 1 young (4096K), 1 survivors (4096K)
 Metaspace       used 12838K, committed 13056K, reserved 1114112K
  class space    used 1233K, committed 1344K, reserved 1048576K
}
Event: 8.190 GC heap before
{Heap before GC invocations=10 (full 3):
 garbage-first heap   total 90112K, used 51489K [0x0000000608c00000, 0x0000000800000000)
  region size 4096K, 2 young (8192K), 1 survivors (4096K)
 Metaspace       used 12896K, committed 13184K, reserved 1114112K
  class space    used 1233K, committed 1344K, reserved 1048576K
}
Event: 8.193 GC heap after
{Heap after GC invocations=11 (full 3):
 garbage-first heap   total 303104K, used 50795K [0x0000000608c00000, 0x0000000800000000)
  region size 4096K, 1 young (4096K), 1 survivors (4096K)
 Metaspace       used 12896K, committed 13184K, reserved 1114112K
  class space    used 1233K, committed 1344K, reserved 1048576K
}
Event: 31.732 GC heap before
{Heap before GC invocations=11 (full 3):
 garbage-first heap   total 303104K, used 108139K [0x0000000608c00000, 0x0000000800000000)
  region size 4096K, 17 young (69632K), 1 survivors (4096K)
 Metaspace       used 13585K, committed 13888K, reserved 1114112K
  class space    used 1247K, committed 1408K, reserved 1048576K
}
Event: 31.747 GC heap after
{Heap after GC invocations=12 (full 4):
 garbage-first heap   total 274432K, used 67393K [0x0000000608c00000, 0x0000000800000000)
  region size 4096K, 0 young (0K), 0 survivors (0K)
 Metaspace       used 13585K, committed 13888K, reserved 1114112K
  class space    used 1247K, committed 1408K, reserved 1048576K
}

Dll operation events (15 events):
Event: 0.015 Loaded shared library C:\Users\gagek\.p2\pool\plugins\org.eclipse.justj.openjdk.hotspot.jre.full.win32.x86_64_21.0.8.v20250724-1412\jre\bin\java.dll
Event: 0.047 Loaded shared library C:\Users\gagek\.p2\pool\plugins\org.eclipse.justj.openjdk.hotspot.jre.full.win32.x86_64_21.0.8.v20250724-1412\jre\bin\zip.dll
Event: 0.081 Loaded shared library C:\Users\gagek\.p2\pool\plugins\org.eclipse.justj.openjdk.hotspot.jre.full.win32.x86_64_21.0.8.v20250724-1412\jre\bin\net.dll
Event: 0.083 Loaded shared library C:\Users\gagek\.p2\pool\plugins\org.eclipse.justj.openjdk.hotspot.jre.full.win32.x86_64_21.0.8.v20250724-1412\jre\bin\nio.dll
Event: 0.085 Loaded shared library C:\Users\gagek\.p2\pool\plugins\org.eclipse.justj.openjdk.hotspot.jre.full.win32.x86_64_21.0.8.v20250724-1412\jre\bin\zip.dll
Event: 0.117 Loaded shared library C:\Users\gagek\.p2\pool\plugins\org.eclipse.justj.openjdk.hotspot.jre.full.win32.x86_64_21.0.8.v20250724-1412\jre\bin\jimage.dll
Event: 0.139 Loaded shared library C:\Users\gagek\.p2\pool\plugins\org.eclipse.justj.openjdk.hotspot.jre.full.win32.x86_64_21.0.8.v20250724-1412\jre\bin\awt.dll
Event: 0.274 Loaded shared library C:\Users\gagek\.p2\pool\plugins\org.eclipse.justj.openjdk.hotspot.jre.full.win32.x86_64_21.0.8.v20250724-1412\jre\bin\freetype.dll
Event: 0.276 Loaded shared library C:\Users\gagek\.p2\pool\plugins\org.eclipse.justj.openjdk.hotspot.jre.full.win32.x86_64_21.0.8.v20250724-1412\jre\bin\fontmanager.dll
Event: 0.517 Loaded shared library C:\Users\gagek\.p2\pool\plugins\org.eclipse.justj.openjdk.hotspot.jre.full.win32.x86_64_21.0.8.v20250724-1412\jre\bin\verify.dll
Event: 0.529 Loaded shared library C:\MinecraftAlphaDev\libraries\natives\lwjgl64.dll
Event: 0.549 Loaded shared library C:\Users\gagek\.p2\pool\plugins\org.eclipse.justj.openjdk.hotspot.jre.full.win32.x86_64_21.0.8.v20250724-1412\jre\bin\jawt.dll
Event: 1.262 Loaded shared library C:\MinecraftAlphaDev\libraries\natives\jinput-dx8_64.dll
Event: 1.442 Loaded shared library C:\MinecraftAlphaDev\libraries\natives\jinput-raw_64.dll
Event: 2.286 Loaded shared library C:\Users\gagek\.p2\pool\plugins\org.eclipse.justj.openjdk.hotspot.jre.full.win32.x86_64_21.0.8.v20250724-1412\jre\bin\extnet.dll

Deoptimization events (20 events):
Event: 31.756 Thread 0x00000231a65d7870 DEOPT PACKING pc=0x000002314536be4e sp=0x00000086dc8ff000
Event: 31.756 Thread 0x00000231a65d7870 DEOPT UNPACKING pc=0x000002314c314e42 sp=0x00000086dc8fe508 mode 0
Event: 31.773 Thread 0x00000231a65d7870 DEOPT PACKING pc=0x000002314536be4e sp=0x00000086dc8ff000
Event: 31.773 Thread 0x00000231a65d7870 DEOPT UNPACKING pc=0x000002314c314e42 sp=0x00000086dc8fe508 mode 0
Event: 31.788 Thread 0x00000231a65d7870 DEOPT PACKING pc=0x000002314536be4e sp=0x00000086dc8ff000
Event: 31.788 Thread 0x00000231a65d7870 DEOPT UNPACKING pc=0x000002314c314e42 sp=0x00000086dc8fe508 mode 0
Event: 31.806 Thread 0x00000231a65d7870 DEOPT PACKING pc=0x000002314536be4e sp=0x00000086dc8fee10
Event: 31.806 Thread 0x00000231a65d7870 DEOPT UNPACKING pc=0x000002314c314e42 sp=0x00000086dc8fe308 mode 0
Event: 31.824 Thread 0x00000231a65d7870 DEOPT PACKING pc=0x000002314536be4e sp=0x00000086dc8fee10
Event: 31.824 Thread 0x00000231a65d7870 DEOPT UNPACKING pc=0x000002314c314e42 sp=0x00000086dc8fe308 mode 0
Event: 31.837 Thread 0x00000231a65d7870 DEOPT PACKING pc=0x000002314536be4e sp=0x00000086dc8fee10
Event: 31.837 Thread 0x00000231a65d7870 DEOPT UNPACKING pc=0x000002314c314e42 sp=0x00000086dc8fe308 mode 0
Event: 31.860 Thread 0x00000231a65d7870 DEOPT PACKING pc=0x000002314536be4e sp=0x00000086dc8fee10
Event: 31.860 Thread 0x00000231a65d7870 DEOPT UNPACKING pc=0x000002314c314e42 sp=0x00000086dc8fe308 mode 0
Event: 31.929 Thread 0x00000231a65d7870 DEOPT PACKING pc=0x000002314536be4e sp=0x00000086dc8fee10
Event: 31.929 Thread 0x00000231a65d7870 DEOPT UNPACKING pc=0x000002314c314e42 sp=0x00000086dc8fe308 mode 0
Event: 32.668 Thread 0x00000231b28a48a0 Uncommon trap: trap_request=0xffffffcc fr.pc=0x000002314caf24c4 relative=0x0000000000000204
Event: 32.668 Thread 0x00000231b28a48a0 Uncommon trap: reason=intrinsic_or_type_checked_inlining action=make_not_entrant pc=0x000002314caf24c4 method=java.util.Arrays.copyOf([Ljava/lang/Object;ILjava/lang/Class;)[Ljava/lang/Object; @ 35 c2
Event: 32.668 Thread 0x00000231b28a48a0 DEOPT PACKING pc=0x000002314caf24c4 sp=0x00000086dcaff3b0
Event: 32.668 Thread 0x00000231b28a48a0 DEOPT UNPACKING pc=0x000002314c3146a2 sp=0x00000086dcaff358 mode 2

Classes loaded (20 events):
Event: 7.247 Loading class java/util/OptionalInt
Event: 7.247 Loading class java/util/OptionalInt done
Event: 7.248 Loading class sun/net/www/protocol/https/Handler
Event: 7.248 Loading class sun/net/www/protocol/https/Handler done
Event: 7.249 Loading class sun/net/www/http/KeepAliveCache$1
Event: 7.249 Loading class sun/net/www/http/KeepAliveCache$1 done
Event: 7.249 Loading class sun/net/www/http/KeepAliveCache$ClientVector
Event: 7.249 Loading class sun/net/www/http/KeepAliveCache$ClientVector done
Event: 7.250 Loading class sun/net/www/http/KeepAliveEntry
Event: 7.250 Loading class sun/net/www/http/KeepAliveEntry done
Event: 7.250 Loading class sun/net/www/protocol/http/EmptyInputStream
Event: 7.250 Loading class sun/net/www/protocol/http/EmptyInputStream done
Event: 8.448 Loading class java/util/zip/Deflater
Event: 8.448 Loading class java/util/zip/Deflater done
Event: 8.449 Loading class java/util/zip/Deflater$DeflaterZStreamRef
Event: 8.449 Loading class java/util/zip/Deflater$DeflaterZStreamRef done
Event: 32.668 Loading class java/util/WeakHashMap$KeyIterator
Event: 32.668 Loading class java/util/WeakHashMap$HashIterator
Event: 32.668 Loading class java/util/WeakHashMap$HashIterator done
Event: 32.668 Loading class java/util/WeakHashMap$KeyIterator done

Classes unloaded (0 events):
No events

Classes redefined (0 events):
No events

Internal exceptions (20 events):
Event: 30.313 Thread 0x00000231a8cf70a0 Exception <a 'java/lang/InterruptedException'{0x0000000617b43500}: sleep interrupted> (0x0000000617b43500) 
thrown [s\src\hotspot\share\prims\jvm.cpp, line 3074]
Event: 30.348 Thread 0x00000231a8cf70a0 Exception <a 'java/lang/InterruptedException'{0x0000000617b43858}: sleep interrupted> (0x0000000617b43858) 
thrown [s\src\hotspot\share\prims\jvm.cpp, line 3074]
Event: 30.386 Thread 0x00000231a8cf70a0 Exception <a 'java/lang/InterruptedException'{0x0000000617b43bb0}: sleep interrupted> (0x0000000617b43bb0) 
thrown [s\src\hotspot\share\prims\jvm.cpp, line 3074]
Event: 30.424 Thread 0x00000231a8cf70a0 Exception <a 'java/lang/InterruptedException'{0x0000000617b43f08}: sleep interrupted> (0x0000000617b43f08) 
thrown [s\src\hotspot\share\prims\jvm.cpp, line 3074]
Event: 30.456 Thread 0x00000231a8cf70a0 Exception <a 'java/lang/InterruptedException'{0x0000000617b44260}: sleep interrupted> (0x0000000617b44260) 
thrown [s\src\hotspot\share\prims\jvm.cpp, line 3074]
Event: 30.492 Thread 0x00000231a8cf70a0 Exception <a 'java/lang/InterruptedException'{0x0000000617b445b8}: sleep interrupted> (0x0000000617b445b8) 
thrown [s\src\hotspot\share\prims\jvm.cpp, line 3074]
Event: 30.526 Thread 0x00000231a8cf70a0 Exception <a 'java/lang/InterruptedException'{0x0000000617b44910}: sleep interrupted> (0x0000000617b44910) 
thrown [s\src\hotspot\share\prims\jvm.cpp, line 3074]
Event: 30.559 Thread 0x00000231a8cf70a0 Exception <a 'java/lang/InterruptedException'{0x0000000617b44c68}: sleep interrupted> (0x0000000617b44c68) 
thrown [s\src\hotspot\share\prims\jvm.cpp, line 3074]
Event: 30.596 Thread 0x00000231a8cf70a0 Exception <a 'java/lang/InterruptedException'{0x0000000617b44fc0}: sleep interrupted> (0x0000000617b44fc0) 
thrown [s\src\hotspot\share\prims\jvm.cpp, line 3074]
Event: 30.628 Thread 0x00000231a8cf70a0 Exception <a 'java/lang/InterruptedException'{0x0000000617b45318}: sleep interrupted> (0x0000000617b45318) 
thrown [s\src\hotspot\share\prims\jvm.cpp, line 3074]
Event: 30.660 Thread 0x00000231a8cf70a0 Exception <a 'java/lang/InterruptedException'{0x0000000617b45670}: sleep interrupted> (0x0000000617b45670) 
thrown [s\src\hotspot\share\prims\jvm.cpp, line 3074]
Event: 30.693 Thread 0x00000231a8cf70a0 Exception <a 'java/lang/InterruptedException'{0x0000000617b459c8}: sleep interrupted> (0x0000000617b459c8) 
thrown [s\src\hotspot\share\prims\jvm.cpp, line 3074]
Event: 30.727 Thread 0x00000231a8cf70a0 Exception <a 'java/lang/InterruptedException'{0x0000000617b45d20}: sleep interrupted> (0x0000000617b45d20) 
thrown [s\src\hotspot\share\prims\jvm.cpp, line 3074]
Event: 30.759 Thread 0x00000231a8cf70a0 Exception <a 'java/lang/InterruptedException'{0x0000000617b46078}: sleep interrupted> (0x0000000617b46078) 
thrown [s\src\hotspot\share\prims\jvm.cpp, line 3074]
Event: 30.792 Thread 0x00000231a8cf70a0 Exception <a 'java/lang/InterruptedException'{0x0000000617b463d0}: sleep interrupted> (0x0000000617b463d0) 
thrown [s\src\hotspot\share\prims\jvm.cpp, line 3074]
Event: 30.826 Thread 0x00000231a8cf70a0 Exception <a 'java/lang/InterruptedException'{0x0000000617b46728}: sleep interrupted> (0x0000000617b46728) 
thrown [s\src\hotspot\share\prims\jvm.cpp, line 3074]
Event: 30.862 Thread 0x00000231a8cf70a0 Exception <a 'java/lang/InterruptedException'{0x0000000617b46a80}: sleep interrupted> (0x0000000617b46a80) 
thrown [s\src\hotspot\share\prims\jvm.cpp, line 3074]
Event: 30.895 Thread 0x00000231a8cf70a0 Exception <a 'java/lang/InterruptedException'{0x0000000617b46dd8}: sleep interrupted> (0x0000000617b46dd8) 
thrown [s\src\hotspot\share\prims\jvm.cpp, line 3074]
Event: 30.944 Thread 0x00000231a8cf70a0 Exception <a 'java/lang/InterruptedException'{0x0000000617424368}: sleep interrupted> (0x0000000617424368) 
thrown [s\src\hotspot\share\prims\jvm.cpp, line 3074]
Event: 30.985 Thread 0x00000231a8cf70a0 Exception <a 'java/lang/InterruptedException'{0x00000006174246c0}: sleep interrupted> (0x00000006174246c0) 
thrown [s\src\hotspot\share\prims\jvm.cpp, line 3074]

ZGC Phase Switch (0 events):
No events

VM Operations (20 events):
Event: 21.217 Executing VM operation: Cleanup done
Event: 22.218 Executing VM operation: Cleanup
Event: 22.218 Executing VM operation: Cleanup done
Event: 24.218 Executing VM operation: Cleanup
Event: 24.219 Executing VM operation: Cleanup done
Event: 25.219 Executing VM operation: Cleanup
Event: 25.219 Executing VM operation: Cleanup done
Event: 27.220 Executing VM operation: Cleanup
Event: 27.220 Executing VM operation: Cleanup done
Event: 28.220 Executing VM operation: Cleanup
Event: 28.220 Executing VM operation: Cleanup done
Event: 29.221 Executing VM operation: Cleanup
Event: 29.221 Executing VM operation: Cleanup done
Event: 30.222 Executing VM operation: Cleanup
Event: 30.222 Executing VM operation: Cleanup done
Event: 31.732 Executing VM operation: G1CollectFull (System.gc())
Event: 31.747 Executing VM operation: G1CollectFull (System.gc()) done
Event: 32.748 Executing VM operation: Cleanup
Event: 32.748 Executing VM operation: Cleanup done
Event: 32.773 Executing VM operation: Exit

Memory protections (0 events):
No events

Nmethod flushes (20 events):
Event: 31.737 Thread 0x000002316055b770 flushing  nmethod 0x0000023144ed4710
Event: 31.737 Thread 0x000002316055b770 flushing  nmethod 0x0000023145020f90
Event: 31.737 Thread 0x000002316055b770 flushing  nmethod 0x000002314c8bfd90
Event: 31.737 Thread 0x000002316055b770 flushing  nmethod 0x0000023144d93b90
Event: 31.737 Thread 0x000002316055b770 flushing  nmethod 0x0000023144dcb810
Event: 31.737 Thread 0x000002316055b770 flushing  nmethod 0x0000023144f2f990
Event: 31.737 Thread 0x000002316055b770 flushing  nmethod 0x0000023145038090
Event: 31.737 Thread 0x000002316055b770 flushing  nmethod 0x000002314c8eac90
Event: 31.737 Thread 0x000002316055b770 flushing  nmethod 0x0000023144daa090
Event: 31.737 Thread 0x000002316055b770 flushing  nmethod 0x0000023144ea1490
Event: 31.737 Thread 0x000002316055b770 flushing  nmethod 0x0000023144fe3610
Event: 31.737 Thread 0x000002316055b770 flushing  nmethod 0x000002314c932810
Event: 31.737 Thread 0x000002316055b770 flushing  nmethod 0x0000023144da3b10
Event: 31.737 Thread 0x000002316055b770 flushing  nmethod 0x0000023144da8b90
Event: 31.737 Thread 0x000002316055b770 flushing  nmethod 0x0000023144f48f90
Event: 31.737 Thread 0x000002316055b770 flushing  nmethod 0x000002314500c510
Event: 31.737 Thread 0x000002316055b770 flushing  nmethod 0x000002314c937e90
Event: 31.737 Thread 0x000002316055b770 flushing  nmethod 0x0000023144e77410
Event: 31.737 Thread 0x000002316055b770 flushing  nmethod 0x0000023144f5fc90
Event: 31.737 Thread 0x000002316055b770 flushing  nmethod 0x0000023145035e10

Events (20 events):
Event: 26.848 Thread 0x00000231a603ac00 Thread added: 0x00000231a603a530
Event: 28.105 Thread 0x00000231a603a530 Thread exited: 0x00000231a603a530
Event: 28.106 Thread 0x00000231a603c740 Thread exited: 0x00000231a603c740
Event: 28.223 Thread 0x00000231a6017630 Thread added: 0x00000231a603a530
Event: 29.009 Thread 0x00000231a603a530 Thread exited: 0x00000231a603a530
Event: 32.667 Thread 0x00000231a65d7870 Thread exited: 0x00000231a65d7870
Event: 32.667 Thread 0x00000231a65908b0 Thread added: 0x00000231b28a48a0
Event: 32.667 Thread 0x00000231a65908b0 Thread added: 0x00000231b28aab10
Event: 32.667 Thread 0x00000231a65908b0 Thread added: 0x00000231b28a9df0
Event: 32.667 Thread 0x00000231a65908b0 Thread added: 0x00000231b28a9760
Event: 32.667 Thread 0x00000231a65908b0 Thread added: 0x00000231b28a90d0
Event: 32.667 Thread 0x00000231a65908b0 Thread added: 0x00000231b28aa480
Event: 32.668 Thread 0x00000231b28a48a0 Thread exited: 0x00000231b28a48a0
Event: 32.668 Thread 0x00000231b28aab10 Thread exited: 0x00000231b28aab10
Event: 32.668 Thread 0x00000231b28a9760 Thread exited: 0x00000231b28a9760
Event: 32.670 Thread 0x00000231b28aa480 Thread exited: 0x00000231b28aa480
Event: 32.678 Thread 0x00000231b28a9df0 Thread exited: 0x00000231b28a9df0
Event: 32.716 Thread 0x00000231a656f620 Thread exited: 0x00000231a656f620
Event: 32.773 Thread 0x00000231b28a90d0 Thread exited: 0x00000231b28a90d0
Event: 32.773 Thread 0x00000231a65908b0 Before exit entered


Dynamic libraries:
0x00007ff7d8d50000 - 0x00007ff7d8d5e000 	C:\Users\gagek\.p2\pool\plugins\org.eclipse.justj.openjdk.hotspot.jre.full.win32.x86_64_21.0.8.v20250724-1412\jre\bin\javaw.exe
0x00007ffe18220000 - 0x00007ffe18487000 	C:\windows\SYSTEM32\ntdll.dll
0x00007ffe17580000 - 0x00007ffe17649000 	C:\windows\System32\KERNEL32.DLL
0x00007ffe15590000 - 0x00007ffe15980000 	C:\windows\System32\KERNELBASE.dll
0x00007ffe15e60000 - 0x00007ffe15fab000 	C:\windows\System32\ucrtbase.dll
0x00007ffdee9f0000 - 0x00007ffdeea08000 	C:\Users\gagek\.p2\pool\plugins\org.eclipse.justj.openjdk.hotspot.jre.full.win32.x86_64_21.0.8.v20250724-1412\jre\bin\jli.dll
0x00007ffdee9d0000 - 0x00007ffdee9ee000 	C:\Users\gagek\.p2\pool\plugins\org.eclipse.justj.openjdk.hotspot.jre.full.win32.x86_64_21.0.8.v20250724-1412\jre\bin\VCRUNTIME140.dll
0x00007ffe15fb0000 - 0x00007ffe16175000 	C:\windows\System32\USER32.dll
0x00007ffdf38e0000 - 0x00007ffdf3b7a000 	C:\windows\WinSxS\amd64_microsoft.windows.common-controls_6595b64144ccf1df_6.0.26100.4768_none_3e0c112ce331287c\COMCTL32.dll
0x00007ffe15560000 - 0x00007ffe15587000 	C:\windows\System32\win32u.dll
0x00007ffe17860000 - 0x00007ffe17909000 	C:\windows\System32\msvcrt.dll
0x00007ffe17be0000 - 0x00007ffe17c0b000 	C:\windows\System32\GDI32.dll
0x00007ffe15b10000 - 0x00007ffe15c48000 	C:\windows\System32\gdi32full.dll
0x00007ffe154b0000 - 0x00007ffe15553000 	C:\windows\System32\msvcp_win.dll
0x00007ffe17c10000 - 0x00007ffe17c3f000 	C:\windows\System32\IMM32.DLL
0x00007ffe10b20000 - 0x00007ffe10b2c000 	C:\Users\gagek\.p2\pool\plugins\org.eclipse.justj.openjdk.hotspot.jre.full.win32.x86_64_21.0.8.v20250724-1412\jre\bin\vcruntime140_1.dll
0x00007ffdc9240000 - 0x00007ffdc92cd000 	C:\Users\gagek\.p2\pool\plugins\org.eclipse.justj.openjdk.hotspot.jre.full.win32.x86_64_21.0.8.v20250724-1412\jre\bin\msvcp140.dll
0x00007ffd33410000 - 0x00007ffd341a7000 	C:\Users\gagek\.p2\pool\plugins\org.eclipse.justj.openjdk.hotspot.jre.full.win32.x86_64_21.0.8.v20250724-1412\jre\bin\server\jvm.dll
0x00007ffe16b50000 - 0x00007ffe16c04000 	C:\windows\System32\ADVAPI32.dll
0x00007ffe17910000 - 0x00007ffe179b6000 	C:\windows\System32\sechost.dll
0x00007ffe179c0000 - 0x00007ffe17ad8000 	C:\windows\System32\RPCRT4.dll
0x00007ffe16720000 - 0x00007ffe16794000 	C:\windows\System32\WS2_32.dll
0x00007ffe151b0000 - 0x00007ffe1520e000 	C:\windows\SYSTEM32\POWRPROF.dll
0x00007ffe0d720000 - 0x00007ffe0d755000 	C:\windows\SYSTEM32\WINMM.dll
0x00007ffe0a3a0000 - 0x00007ffe0a3ab000 	C:\windows\SYSTEM32\VERSION.dll
0x00007ffe15190000 - 0x00007ffe151a4000 	C:\windows\SYSTEM32\UMPDC.dll
0x00007ffe14090000 - 0x00007ffe140ab000 	C:\windows\SYSTEM32\kernel.appcore.dll
0x00007ffe11210000 - 0x00007ffe1121a000 	C:\Users\gagek\.p2\pool\plugins\org.eclipse.justj.openjdk.hotspot.jre.full.win32.x86_64_21.0.8.v20250724-1412\jre\bin\jimage.dll
0x00007ffe12700000 - 0x00007ffe12941000 	C:\windows\SYSTEM32\DBGHELP.DLL
0x00007ffe167c0000 - 0x00007ffe16b45000 	C:\windows\System32\combase.dll
0x00007ffe173f0000 - 0x00007ffe174d0000 	C:\windows\System32\OLEAUT32.dll
0x00007ffdf4390000 - 0x00007ffdf43d3000 	C:\windows\SYSTEM32\dbgcore.DLL
0x00007ffe15410000 - 0x00007ffe154a9000 	C:\windows\System32\bcryptPrimitives.dll
0x00007ffe10f30000 - 0x00007ffe10f4f000 	C:\Users\gagek\.p2\pool\plugins\org.eclipse.justj.openjdk.hotspot.jre.full.win32.x86_64_21.0.8.v20250724-1412\jre\bin\java.dll
0x00007ffe16c10000 - 0x00007ffe1735d000 	C:\windows\System32\SHELL32.dll
0x00007ffe15990000 - 0x00007ffe15b03000 	C:\windows\System32\wintypes.dll
0x00007ffe12ef0000 - 0x00007ffe13750000 	C:\windows\SYSTEM32\windows.storage.dll
0x00007ffe17ae0000 - 0x00007ffe17bd5000 	C:\windows\System32\SHCORE.dll
0x00007ffe17cb0000 - 0x00007ffe17d1a000 	C:\windows\System32\shlwapi.dll
0x00007ffe15270000 - 0x00007ffe15299000 	C:\windows\SYSTEM32\profapi.dll
0x00007ffe10ed0000 - 0x00007ffe10ee8000 	C:\Users\gagek\.p2\pool\plugins\org.eclipse.justj.openjdk.hotspot.jre.full.win32.x86_64_21.0.8.v20250724-1412\jre\bin\zip.dll
0x00007ffe11200000 - 0x00007ffe11210000 	C:\Users\gagek\.p2\pool\plugins\org.eclipse.justj.openjdk.hotspot.jre.full.win32.x86_64_21.0.8.v20250724-1412\jre\bin\net.dll
0x00007ffe0e680000 - 0x00007ffe0e79e000 	C:\windows\SYSTEM32\WINHTTP.dll
0x00007ffe14600000 - 0x00007ffe1466b000 	C:\windows\system32\mswsock.dll
0x00007ffe111c0000 - 0x00007ffe111d6000 	C:\Users\gagek\.p2\pool\plugins\org.eclipse.justj.openjdk.hotspot.jre.full.win32.x86_64_21.0.8.v20250724-1412\jre\bin\nio.dll
0x00007ffdbe4a0000 - 0x00007ffdbe62e000 	C:\Users\gagek\.p2\pool\plugins\org.eclipse.justj.openjdk.hotspot.jre.full.win32.x86_64_21.0.8.v20250724-1412\jre\bin\awt.dll
0x00007ffe11250000 - 0x00007ffe112ee000 	C:\windows\SYSTEM32\apphelp.dll
0x00007ffe11730000 - 0x00007ffe11765000 	C:\windows\system32\DWMAPI.DLL
0x00007ffe115c0000 - 0x00007ffe1166f000 	C:\windows\system32\uxtheme.dll
0x00007ffdb5cd0000 - 0x00007ffdb5de8000 	C:\windows\system32\opengl32.dll
0x00007ffdee8d0000 - 0x00007ffdee8fd000 	C:\windows\SYSTEM32\GLU32.dll
0x00007ffe11c50000 - 0x00007ffe11c9d000 	C:\windows\SYSTEM32\dxcore.dll
0x00007ffe165b0000 - 0x00007ffe16711000 	C:\windows\System32\MSCTF.dll
0x00007ffe16400000 - 0x00007ffe165a0000 	C:\windows\System32\ole32.dll
0x00007ffdca8c0000 - 0x00007ffdca947000 	C:\Users\gagek\.p2\pool\plugins\org.eclipse.justj.openjdk.hotspot.jre.full.win32.x86_64_21.0.8.v20250724-1412\jre\bin\freetype.dll
0x00007ffdb5680000 - 0x00007ffdb576b000 	C:\Users\gagek\.p2\pool\plugins\org.eclipse.justj.openjdk.hotspot.jre.full.win32.x86_64_21.0.8.v20250724-1412\jre\bin\fontmanager.dll
0x00007ffe06dc0000 - 0x00007ffe06f11000 	C:\windows\SYSTEM32\textinputframework.dll
0x00007ffdcf690000 - 0x00007ffdcf70d000 	C:\windows\system32\Oleacc.dll
0x00007ffe17750000 - 0x00007ffe177f8000 	C:\windows\System32\clbcatq.dll
0x00007ffdd46f0000 - 0x00007ffdd474e000 	C:\windows\system32\ApplicationTargetedFeatureDatabase.dll
0x00007ffe0ac30000 - 0x00007ffe0ae68000 	C:\Windows\System32\twinapi.appcore.dll
0x00007ffe10e30000 - 0x00007ffe10e40000 	C:\Users\gagek\.p2\pool\plugins\org.eclipse.justj.openjdk.hotspot.jre.full.win32.x86_64_21.0.8.v20250724-1412\jre\bin\verify.dll
0x0000000180000000 - 0x0000000180053000 	C:\MinecraftAlphaDev\libraries\natives\lwjgl64.dll
0x00007ffe0dec0000 - 0x00007ffe0df89000 	C:\windows\SYSTEM32\mscms.dll
0x00007ffdf7470000 - 0x00007ffdf74e0000 	C:\Windows\System32\Windows.Internal.Graphics.Display.DisplayColorManagement.dll
0x00007ffe14f10000 - 0x00007ffe14f67000 	C:\windows\SYSTEM32\cfgmgr32.dll
0x00007ffe0fee0000 - 0x00007ffe0fee7000 	C:\Users\gagek\.p2\pool\plugins\org.eclipse.justj.openjdk.hotspot.jre.full.win32.x86_64_21.0.8.v20250724-1412\jre\bin\jawt.dll
0x00007ffe0b360000 - 0x00007ffe0b3ca000 	C:\windows\SYSTEM32\directxdatabasehelper.dll
0x00007ffdf9260000 - 0x00007ffdf927a000 	C:\windows\SYSTEM32\windows.staterepositorycore.dll
0x00007ffd11d00000 - 0x00007ffd132cb000 	C:\windows\System32\DriverStore\FileRepository\iigd_dch.inf_amd64_9ce4d8a46710e0e5\igxelpgicd64.dll
0x00007ffd69440000 - 0x00007ffd69463000 	C:\windows\SYSTEM32\d3d12.dll
0x00007ffe12bf0000 - 0x00007ffe12d2e000 	C:\windows\SYSTEM32\dxgi.dll
0x00007ffdfab90000 - 0x00007ffdfad37000 	C:\windows\System32\DriverStore\FileRepository\iigd_dch.inf_amd64_9ce4d8a46710e0e5\igdml64.dll
0x00007ffe04790000 - 0x00007ffe04d23000 	C:\windows\System32\DriverStore\FileRepository\iigd_dch.inf_amd64_9ce4d8a46710e0e5\igdgmm64.dll
0x00007ffd96ac0000 - 0x00007ffd96d37000 	C:\windows\SYSTEM32\D3D12Core.dll
0x00007ffe15240000 - 0x00007ffe15266000 	C:\windows\SYSTEM32\bcrypt.dll
0x00007ffd4b1f0000 - 0x00007ffd4b66e000 	C:\Users\gagek\AppData\Roaming\ow-electron\jilehohlakeokncafogkgnicgndeecdiengddbcc\packages\emifmpeaagaaglhaimndbhcpkjfmjhfnjjpoibdo\1.8.21\owe-client-x64.dll
0x00007ffe141c0000 - 0x00007ffe141f6000 	C:\windows\SYSTEM32\ntmarta.dll
0x00007ffe0aea0000 - 0x00007ffe0b01c000 	C:\windows\SYSTEM32\drvstore.dll
0x00007ffdfdf10000 - 0x00007ffe03036000 	C:\windows\System32\DriverStore\FileRepository\iigd_dch.inf_amd64_9ce4d8a46710e0e5\igc64.dll
0x00007ffe0daa0000 - 0x00007ffe0dace000 	C:\windows\SYSTEM32\D3DSCache.dll
0x00007ffe146a0000 - 0x00007ffe146cb000 	C:\windows\SYSTEM32\USERENV.dll
0x00007ffe108d0000 - 0x00007ffe10afa000 	C:\windows\SYSTEM32\dcomp.dll
0x00007ffe101d0000 - 0x00007ffe101e9000 	C:\windows\SYSTEM32\Microsoft.Internal.WarpPal.dll
0x00007ffe10f50000 - 0x00007ffe11075000 	C:\windows\SYSTEM32\CoreMessaging.dll
0x00007ffe08f90000 - 0x00007ffe09273000 	C:\windows\SYSTEM32\CoreUIComponents.dll
0x00007ffe14840000 - 0x00007ffe1484c000 	C:\windows\SYSTEM32\CRYPTBASE.DLL
0x00007ffe149e0000 - 0x00007ffe149fb000 	C:\windows\SYSTEM32\CRYPTSP.dll
0x00007ffe13ff0000 - 0x00007ffe1402b000 	C:\windows\system32\rsaenh.dll
0x00007ffe13a20000 - 0x00007ffe13a53000 	C:\windows\SYSTEM32\IPHLPAPI.DLL
0x00007ffe17800000 - 0x00007ffe1780a000 	C:\windows\System32\NSI.dll
0x00000231a7690000 - 0x00000231a76a6000 	C:\MinecraftAlphaDev\libraries\natives\jinput-dx8_64.dll
0x00007ffdbe950000 - 0x00007ffdbe99b000 	C:\windows\SYSTEM32\DINPUT8.dll
0x00007ffdfd840000 - 0x00007ffdfda22000 	C:\windows\SYSTEM32\inputhost.dll
0x00007ffe13760000 - 0x00007ffe1376f000 	C:\windows\SYSTEM32\HID.DLL
0x00007ffe17d50000 - 0x00007ffe181d6000 	C:\windows\System32\SETUPAPI.DLL
0x00007ffe14f70000 - 0x00007ffe14f9d000 	C:\windows\SYSTEM32\DEVOBJ.dll
0x00000231a7c80000 - 0x00000231a7d04000 	C:\windows\System32\WINTRUST.dll
0x00007ffe15ce0000 - 0x00007ffe15e57000 	C:\windows\System32\CRYPT32.dll
0x00007ffe14a50000 - 0x00007ffe14a63000 	C:\windows\SYSTEM32\MSASN1.dll
0x00000231a7d20000 - 0x00000231a7d34000 	C:\MinecraftAlphaDev\libraries\natives\jinput-raw_64.dll
0x00000231a7db0000 - 0x00000231a7e14000 	C:\MinecraftAlphaDev\libraries\natives\OpenAL64.dll
0x00007ffe0c5a0000 - 0x00007ffe0c642000 	C:\windows\System32\MMDevApi.dll
0x00007ffdbde50000 - 0x00007ffdbdee4000 	C:\windows\SYSTEM32\dsound.dll
0x00007ffd99dd0000 - 0x00007ffd99e81000 	C:\windows\SYSTEM32\ResampleDmo.DLL
0x00007ffd98640000 - 0x00007ffd98671000 	C:\windows\SYSTEM32\winmmbase.dll
0x00007ffdfcc60000 - 0x00007ffdfcc6e000 	C:\windows\SYSTEM32\msdmo.dll
0x00007ffdfa140000 - 0x00007ffdfa302000 	C:\windows\SYSTEM32\AUDIOSES.DLL
0x00007ffe11ae0000 - 0x00007ffe11af4000 	C:\windows\SYSTEM32\resourcepolicyclient.dll
0x00007ffe13a60000 - 0x00007ffe13b86000 	C:\windows\SYSTEM32\DNSAPI.dll
0x00007ffe0e2e0000 - 0x00007ffe0e2eb000 	C:\Windows\System32\rasadhlp.dll
0x00007ffe0ec90000 - 0x00007ffe0ed16000 	C:\windows\System32\fwpuclnt.dll
0x00007ffe0db30000 - 0x00007ffe0db39000 	C:\Users\gagek\.p2\pool\plugins\org.eclipse.justj.openjdk.hotspot.jre.full.win32.x86_64_21.0.8.v20250724-1412\jre\bin\extnet.dll

JVMTI agents: none

dbghelp: loaded successfully - version: 4.0.5 - missing functions: none
symbol engine: initialized successfully - sym options: 0x614 - pdb path: .;C:\Users\gagek\.p2\pool\plugins\org.eclipse.justj.openjdk.hotspot.jre.full.win32.x86_64_21.0.8.v20250724-1412\jre\bin;C:\windows\SYSTEM32;C:\windows\WinSxS\amd64_microsoft.windows.common-controls_6595b64144ccf1df_6.0.26100.4768_none_3e0c112ce331287c;C:\Users\gagek\.p2\pool\plugins\org.eclipse.justj.openjdk.hotspot.jre.full.win32.x86_64_21.0.8.v20250724-1412\jre\bin\server;C:\MinecraftAlphaDev\libraries\natives;C:\windows\System32\DriverStore\FileRepository\iigd_dch.inf_amd64_9ce4d8a46710e0e5;C:\Users\gagek\AppData\Roaming\ow-electron\jilehohlakeokncafogkgnicgndeecdiengddbcc\packages\emifmpeaagaaglhaimndbhcpkjfmjhfnjjpoibdo\1.8.21

VM Arguments:
jvm_args: -Djava.library.path=C:\MinecraftAlphaDev\libraries\natives -Dfile.encoding=UTF-8 -Dstdout.encoding=UTF-8 -Dstderr.encoding=UTF-8 -XX:+ShowCodeDetailsInExceptionMessages 
java_command: net.minecraft.client.Minecraft
java_class_path (initial): C:\MinecraftAlphaDev\minecraft\output;C:\MinecraftAlphaDev\libraries\net\java\jinput\jinput\2.0.5\jinput-2.0.5.jar;C:\MinecraftAlphaDev\libraries\net\java\jutils\jutils\1.0.0\jutils-1.0.0.jar;C:\MinecraftAlphaDev\libraries\org\lwjgl\lwjgl\lwjgl\2.9.4-nightly-20150209\lwjgl-2.9.4-nightly-20150209.jar;C:\MinecraftAlphaDev\libraries\org\lwjgl\lwjgl\lwjgl_util\2.9.4-nightly-20150209\lwjgl_util-2.9.4-nightly-20150209.jar;C:\MinecraftAlphaDev\libraries\org\lwjgl\lwjgl\lwjgl-platform\2.9.4-nightly-20150209\lwjgl-platform-2.9.4-nightly-20150209.jar;C:\MinecraftAlphaDev\libraries\com\paulscode\codecjorbis\20230120\codecjorbis-20230120.jar;C:\MinecraftAlphaDev\libraries\com\paulscode\codecwav\20101023\codecwav-20101023.jar;C:\MinecraftAlphaDev\libraries\com\paulscode\libraryjavasound\20101123\libraryjavasound-20101123.jar;C:\MinecraftAlphaDev\libraries\com\paulscode\librarylwjglopenal\20100824\librarylwjglopenal-20100824.jar;C:\MinecraftAlphaDev\libraries\com\paulscode\soundsystem\20120107\soundsystem-20120107.jar;C:\MinecraftAlphaDev\libraries\org\mcphackers\launchwrapper\1.1.3\launchwrapper-1.1.3.jar;C:\MinecraftAlphaDev\libraries\org\json\json\20230311\json-20230311.jar;C:\MinecraftAlphaDev\libraries\org\ow2\asm\asm\9.7\asm-9.7.jar;C:\MinecraftAlphaDev\libraries\org\ow2\asm\asm-tree\9.7\asm-tree-9.7.jar;C:\MinecraftAlphaDev\minecraft\jars\deobfuscated.jar
Launcher Type: SUN_STANDARD

[Global flags]
     intx CICompilerCount                          = 4                                         {product} {ergonomic}
     uint ConcGCThreads                            = 3                                         {product} {ergonomic}
     uint G1ConcRefinementThreads                  = 11                                        {product} {ergonomic}
   size_t G1HeapRegionSize                         = 4194304                                   {product} {ergonomic}
    uintx GCDrainStackTargetSize                   = 64                                        {product} {ergonomic}
   size_t InitialHeapSize                          = 528482304                                 {product} {ergonomic}
   size_t MarkStackSize                            = 4194304                                   {product} {ergonomic}
   size_t MaxHeapSize                              = 8443133952                                {product} {ergonomic}
   size_t MaxNewSize                               = 5062524928                                {product} {ergonomic}
   size_t MinHeapDeltaBytes                        = 4194304                                   {product} {ergonomic}
   size_t MinHeapSize                              = 8388608                                   {product} {ergonomic}
    uintx NonNMethodCodeHeapSize                   = 5839372                                {pd product} {ergonomic}
    uintx NonProfiledCodeHeapSize                  = 122909434                              {pd product} {ergonomic}
    uintx ProfiledCodeHeapSize                     = 122909434                              {pd product} {ergonomic}
    uintx ReservedCodeCacheSize                    = 251658240                              {pd product} {ergonomic}
     bool SegmentedCodeCache                       = true                                      {product} {ergonomic}
     bool ShowCodeDetailsInExceptionMessages       = true                                   {manageable} {command line}
   size_t SoftMaxHeapSize                          = 8443133952                             {manageable} {ergonomic}
     bool UseCompressedOops                        = true                           {product lp64_product} {ergonomic}
     bool UseG1GC                                  = true                                      {product} {ergonomic}
     bool UseLargePagesIndividualAllocation        = false                                  {pd product} {ergonomic}

Logging:
Log output configuration:
 #0: stdout all=off uptime,level,tags foldmultilines=false
 #1: stderr all=off uptime,level,tags foldmultilines=false

Environment Variables:
PATH=C:/Users/gagek/.p2/pool/plugins/org.eclipse.justj.openjdk.hotspot.jre.full.win32.x86_64_21.0.8.v20250724-1412/jre/bin/server;C:/Users/gagek/.p2/pool/plugins/org.eclipse.justj.openjdk.hotspot.jre.full.win32.x86_64_21.0.8.v20250724-1412/jre/bin;C:\Program Files\Zulu\zulu-21\bin\;C:\Program Files (x86)\Common Files\Oracle\Java\java8path;C:\Program Files (x86)\Common Files\Oracle\Java\javapath;C:\Program Files\Oculus\Support\oculus-runtime;c:\devkitPro\msys2\usr\bin;C:\windows\system32;C:\windows;C:\windows\System32\Wbem;C:\windows\System32\WindowsPowerShell\v1.0\;C:\windows\System32\OpenSSH\;C:\Program Files\HP\HP One Agent;C:\Program Files\dotnet\;C:\Program Files (x86)\Microsoft SQL Server\160\Tools\Binn\;C:\Program Files\Microsoft SQL Server\160\Tools\Binn\;C:\Program Files\Microsoft SQL Server\Client SDK\ODBC\170\Tools\Binn\;C:\Program Files\Microsoft SQL Server\160\DTS\Binn\;C:\Program Files (x86)\Windows Kits\8.1\Windows Performance Toolkit\;C:\Program Files\Docker\Docker\resources\bin;C:\Program Files (x86)\Gpg4win\..\GnuPG\bin;C:\Users\gagek\AppData\Local\Microsoft\WindowsApps;C:\Users\gagek\AppData\Local\Programs\Microsoft VS Code\bin;C:\msys64\mingw64\bin;C:\Users\gagek\.aftman\bin;C:\Users\gagek\AppData\Local\GitHubDesktop\bin;C:\Users\gagek\AppData\Local\Muse Hub\lib;C:\Users\gagek\OneDrive\Desktop;
USERNAME=gagek
OS=Windows_NT
PROCESSOR_IDENTIFIER=Intel64 Family 6 Model 170 Stepping 4, GenuineIntel
TMP=C:\Users\gagek\AppData\Local\Temp
TEMP=C:\Users\gagek\AppData\Local\Temp




Periodic native trim disabled

---------------  S Y S T E M  ---------------

OS:
 Windows 11 , 64 bit Build 26100 (10.0.26100.4768)
OS uptime: 5 days 6:02 hours
Hyper-V role detected

CPU: total 14 (initial active 14) (7 cores per cpu, 2 threads per core) family 6 model 170 stepping 4 microcode 0x1f, cx8, cmov, fxsr, ht, mmx, 3dnowpref, sse, sse2, sse3, ssse3, sse4.1, sse4.2, popcnt, lzcnt, tsc, tscinvbit, avx, avx2, aes, erms, clmul, bmi1, bmi2, adx, sha, fma, vzeroupper, clflush, clflushopt, clwb, hv, serialize, rdtscp, rdpid, fsrm, f16c, cet_ibt, cet_ss
Processor Information for processor 0
  Max Mhz: 1700, Current Mhz: 1700, Mhz Limit: 1700
Processor Information for processor 1
  Max Mhz: 1700, Current Mhz: 1700, Mhz Limit: 1700
Processor Information for processor 2
  Max Mhz: 1200, Current Mhz: 1200, Mhz Limit: 1200
Processor Information for processor 3
  Max Mhz: 1200, Current Mhz: 1200, Mhz Limit: 1200
Processor Information for processor 4
  Max Mhz: 1200, Current Mhz: 1200, Mhz Limit: 1200
Processor Information for processor 5
  Max Mhz: 1200, Current Mhz: 1200, Mhz Limit: 1200
Processor Information for processor 6
  Max Mhz: 1200, Current Mhz: 1200, Mhz Limit: 1200
Processor Information for processor 7
  Max Mhz: 1200, Current Mhz: 1200, Mhz Limit: 1200
Processor Information for processor 8
  Max Mhz: 1200, Current Mhz: 1200, Mhz Limit: 1200
Processor Information for processor 9
  Max Mhz: 1200, Current Mhz: 1200, Mhz Limit: 1200
Processor Information for processor 10
  Max Mhz: 1700, Current Mhz: 1700, Mhz Limit: 1700
Processor Information for processor 11
  Max Mhz: 1700, Current Mhz: 1700, Mhz Limit: 1700
Processor Information for processor 12
  Max Mhz: 700, Current Mhz: 700, Mhz Limit: 700
Processor Information for processor 13
  Max Mhz: 700, Current Mhz: 700, Mhz Limit: 700

Memory: 4k page, system-wide physical 32203M (11963M free)
TotalPageFile size 37835M (AvailPageFile size 7888M)
current process WorkingSet (physical memory assigned to process): 710M, peak: 744M
current process commit charge ("private bytes"): 906M, peak: 953M

vm_info: OpenJDK 64-Bit Server VM (21.0.8+9-LTS) for windows-amd64 JRE (21.0.8+9-LTS), built on 2025-07-15T00:00:00Z by "admin" with MS VC++ 17.7 (VS2022)

END.
