#
# A fatal error has been detected by the Java Runtime Environment:
#
#  EXCEPTION_ACCESS_VIOLATION (0xc0000005) at pc=0x00007ffd33358c80, pid=39084, tid=6024
#
# JRE version: OpenJDK Runtime Environment Temurin-21.0.8+9 (21.0.8+9) (build 21.0.8+9-LTS)
# Java VM: OpenJDK 64-Bit Server VM Temurin-21.0.8+9 (21.0.8+9-LTS, mixed mode, sharing, tiered, compressed oops, compressed class ptrs, g1 gc, windows-amd64)
# Problematic frame:
# C  [owe-client-x64.dll+0x3c8c80]
#
# No core dump will be written. Minidumps are not enabled by default on client versions of Windows
#
# If you would like to submit a bug report, please visit:
#   https://github.com/adoptium/adoptium-support/issues
#

---------------  S U M M A R Y ------------

Command Line: -Djava.library.path=C:\MinecraftAlphaDev\libraries\natives -Dfile.encoding=UTF-8 -Dstdout.encoding=UTF-8 -Dstderr.encoding=UTF-8 -XX:+ShowCodeDetailsInExceptionMessages net.minecraft.client.Minecraft

Host: Intel(R) Core(TM) Ultra 7 155U, 14 cores, 31G,  Windows 11 , 64 bit Build 26100 (10.0.26100.4768)
Time: Mon Sep  8 18:33:29 2025 Central Daylight Time elapsed time: 48.365555 seconds (0d 0h 0m 48s)

---------------  T H R E A D  ---------------

Current thread (0x000001f7310162e0):  VMThread "VM Thread"          [id=6024, stack(0x000000ce97f00000,0x000000ce98000000) (1024K)]

Stack: [0x000000ce97f00000,0x000000ce98000000],  sp=0x000000ce97fff0f8,  free space=1020k
Native frames: (J=compiled Java code, j=interpreted, Vv=VM code, C=native code)
C  [owe-client-x64.dll+0x3c8c80]


siginfo: EXCEPTION_ACCESS_VIOLATION (0xc0000005), data execution prevention violation at address 0x00007ffd33358c80


Registers:
RAX=0x00007ffd332fe300, RBX=0x0000000000000000, RCX=0x000001f775534e80, RDX=0x00007ffd333c5018
RSP=0x000000ce97fff0f8, RBP=0x000000ce97fff5f0, RSI=0x00007ffd999d0000, RDI=0x0000000000000001
R8 =0x000001f711af02c0, R9 =0x000000ce97370000, R10=0x00007ffe183eeea0, R11=0x000001f7754326f0
R12=0x0000000000000001, R13=0x00007ffd99a2bdf0, R14=0x0000000000000000, R15=0x00007ffd999d0000
RIP=0x00007ffd33358c80, EFLAGS=0x0000000000010206

XMM[0]=0x0000000000000000 0x0000000000000000
XMM[1]=0x0000000000000000 0x0000000000000000
XMM[2]=0x0000000000000000 0x0000000000000000
XMM[3]=0x0000000000000000 0x0000000000000000
XMM[4]=0x0000000000000000 0x0000000000000000
XMM[5]=0x0000000000000000 0x0000000000000000
XMM[6]=0x0000000000000000 0x0000000000000000
XMM[7]=0x0000000000000000 0x404e000000000000
XMM[8]=0x0000000000000000 0x0000000000000000
XMM[9]=0x0000000000000000 0x0000000000000000
XMM[10]=0x0000000000000000 0x0000000000000000
XMM[11]=0x0000000000000000 0x0000000000000000
XMM[12]=0x0000000000000000 0x0000000000000000
XMM[13]=0x0000000000000000 0x0000000000000000
XMM[14]=0x0000000000000000 0x0000000000000000
XMM[15]=0x0000000000000000 0x0000000000000000
  MXCSR=0x00001fa2


Register to memory mapping:

RAX=0x00007ffd332fe300 owe-client-x64.dll
RBX=0x0 is null
RCX=0x000001f775534e80 points into unknown readable memory: 0x00007ffd332fe300 | 00 e3 2f 33 fd 7f 00 00
RDX=0x00007ffd333c5018 owe-client-x64.dll
RSP=0x000000ce97fff0f8 points into unknown readable memory: 0x00007ffd3304ac99 | 99 ac 04 33 fd 7f 00 00
RBP=0x000000ce97fff5f0 points into unknown readable memory: 0x000001f73100adb0 | b0 ad 00 31 f7 01 00 00
RSI=0x00007ffd999d0000 opengl32.dll
RDI=0x0000000000000001 is an unknown value
R8 =0x000001f711af02c0 points into unknown readable memory: 0x80007ffd340c5460 | 60 54 0c 34 fd 7f 00 80
R9 =0x000000ce97370000 points into unknown readable memory: 0x0000000000000000 | 00 00 00 00 00 00 00 00
R10=0x00007ffe183eeea0 ntdll.dll
R11=0x000001f7754326f0 points into unknown readable memory: 0x000001f775431e70 | 70 1e 43 75 f7 01 00 00
R12=0x0000000000000001 is an unknown value
R13=0x00007ffd99a2bdf0 opengl32.dll
R14=0x0 is null
R15=0x00007ffd999d0000 opengl32.dll

Top of Stack: (sp=0x000000ce97fff0f8)
0x000000ce97fff0f8:   00007ffd3304ac99 00007ffd333cc7b8
0x000000ce97fff108:   00007ffd333c5018 000001f7754c11e0
0x000000ce97fff118:   0000000000000000 fffffffffffffffe
0x000000ce97fff128:   00007ffd3304b0f7 000001f775534e80
0x000000ce97fff138:   00007ffd333c5018 000001f71201b170
0x000000ce97fff148:   0000000000000000 0000000000000000
0x000000ce97fff158:   000001f775534e80 00007ffd99a2bdf0
0x000000ce97fff168:   000001f7755053c0 000001f7754f7400
0x000000ce97fff178:   00007ffe182243e1 0000000000000001
0x000000ce97fff188:   00007ffd999dca16 0000000000010000
0x000000ce97fff198:   000001f71201b0d8 000001f7754326f0
0x000000ce97fff1a8:   00007ffe18224273 0000000000000001
0x000000ce97fff1b8:   00007ffd999dc7d0 000000ce97fff5f0
0x000000ce97fff1c8:   0000000000000000 00007ffd999d0000
0x000000ce97fff1d8:   0000000000000000 0000000000000000
0x000000ce97fff1e8:   00007ffd999dc255 0000000000000000
0x000000ce97fff1f8:   000000ce97fff5f0 00007ffd999d0000
0x000000ce97fff208:   0000000000000000 0000000000000000
0x000000ce97fff218:   00007ffd99a2bf19 0000000000000001
0x000000ce97fff228:   000000ce97fff5f0 00007ffe165b0000
0x000000ce97fff238:   00007ffe15f988c0 000000ce00000001
0x000000ce97fff248:   00007ffe15eab8aa 000000ce97ff0101
0x000000ce97fff258:   000000ce97fff2d8 000000ce97fff5f0
0x000000ce97fff268:   00000000c0000005 00007ffe00000000
0x000000ce97fff278:   00007ffe15eab84d 0000000000000001
0x000000ce97fff288:   00007ffe15f125ec 000000ce97fff5f0
0x000000ce97fff298:   000000ce97fff2c8 fffffffffffffffe
0x000000ce97fff2a8:   00007ffe15eab84d 0000000000000001
0x000000ce97fff2b8:   00007ffe16446693 00007ffe16512c60
0x000000ce97fff2c8:   c00000050000000d ffffffff0000000d
0x000000ce97fff2d8:   000000ce97fff2c0 0000000000000000
0x000000ce97fff2e8:   00007ffe1644633f 0000000000000000 

Instructions: (pc=0x00007ffd33358c80)
0x00007ffd33358b80:   00 00 00 00 00 00 00 00 00 00 00 00 00 00 00 00
0x00007ffd33358b90:   40 e5 42 00 01 00 00 00 00 00 00 00 ff ff ff ff
0x00007ffd33358ba0:   00 00 00 00 40 00 00 00 60 8b 3c 00 00 00 00 00
0x00007ffd33358bb0:   00 00 00 00 00 00 00 00 00 00 00 00 00 00 00 00
0x00007ffd33358bc0:   01 00 00 00 d0 8b 3c 00 00 00 00 00 00 00 00 00
0x00007ffd33358bd0:   e0 8b 3c 00 00 00 00 00 00 00 00 00 00 00 00 00
0x00007ffd33358be0:   e8 e5 42 00 00 00 00 00 00 00 00 00 ff ff ff ff
0x00007ffd33358bf0:   00 00 00 00 40 00 00 00 b8 8b 3c 00 00 00 00 00
0x00007ffd33358c00:   00 00 00 00 00 00 00 00 01 00 00 00 00 00 00 00
0x00007ffd33358c10:   00 00 00 00 18 e6 42 00 30 8c 3c 00 08 8c 3c 00
0x00007ffd33358c20:   00 00 00 00 00 00 00 00 00 00 00 00 00 00 00 00
0x00007ffd33358c30:   00 00 00 00 00 00 00 00 01 00 00 00 48 8c 3c 00
0x00007ffd33358c40:   00 00 00 00 00 00 00 00 58 8c 3c 00 00 00 00 00
0x00007ffd33358c50:   00 00 00 00 00 00 00 00 18 e6 42 00 00 00 00 00
0x00007ffd33358c60:   00 00 00 00 ff ff ff ff 00 00 00 00 40 00 00 00
0x00007ffd33358c70:   30 8c 3c 00 00 00 00 00 00 00 00 00 00 00 00 00
0x00007ffd33358c80:   01 00 00 00 00 00 00 00 00 00 00 00 40 e6 42 00
0x00007ffd33358c90:   a8 8c 3c 00 80 8c 3c 00 00 00 00 00 00 00 00 00
0x00007ffd33358ca0:   00 00 00 00 00 00 00 00 00 00 00 00 01 00 00 00
0x00007ffd33358cb0:   03 00 00 00 c0 8c 3c 00 00 00 00 00 00 00 00 00
0x00007ffd33358cc0:   e0 8c 3c 00 58 8c 3c 00 08 8d 3c 00 00 00 00 00
0x00007ffd33358cd0:   00 00 00 00 00 00 00 00 00 00 00 00 00 00 00 00
0x00007ffd33358ce0:   40 e6 42 00 02 00 00 00 00 00 00 00 ff ff ff ff
0x00007ffd33358cf0:   00 00 00 00 40 00 00 00 a8 8c 3c 00 00 00 00 00
0x00007ffd33358d00:   00 00 00 00 00 00 00 00 60 e6 42 00 00 00 00 00
0x00007ffd33358d10:   10 00 00 00 ff ff ff ff 00 00 00 00 40 00 00 00
0x00007ffd33358d20:   30 8d 3c 00 00 00 00 00 00 00 00 00 00 00 00 00
0x00007ffd33358d30:   00 00 00 00 00 00 00 00 01 00 00 00 48 8d 3c 00
0x00007ffd33358d40:   00 00 00 00 00 00 00 00 58 8d 3c 00 00 00 00 00
0x00007ffd33358d50:   00 00 00 00 00 00 00 00 60 e6 42 00 00 00 00 00
0x00007ffd33358d60:   00 00 00 00 ff ff ff ff 00 00 00 00 40 00 00 00
0x00007ffd33358d70:   30 8d 3c 00 00 00 00 00 00 00 00 00 00 00 00 00 


Stack slot to memory mapping:

stack at sp + 0 slots: 0x00007ffd3304ac99 owe-client-x64.dll
stack at sp + 1 slots: 0x00007ffd333cc7b8 owe-client-x64.dll
stack at sp + 2 slots: 0x00007ffd333c5018 owe-client-x64.dll
stack at sp + 3 slots: 0x000001f7754c11e0 points into unknown readable memory: 0x00007ffe166d0150 | 50 01 6d 16 fe 7f 00 00
stack at sp + 4 slots: 0x0 is null
stack at sp + 5 slots: 0xfffffffffffffffe is an unknown value
stack at sp + 6 slots: 0x00007ffd3304b0f7 owe-client-x64.dll
stack at sp + 7 slots: 0x000001f775534e80 points into unknown readable memory: 0x00007ffd332fe300 | 00 e3 2f 33 fd 7f 00 00

VM_Operation (0x000000ce98dfe720): Exit, mode: safepoint, requested by thread 0x000001f775467a30


---------------  P R O C E S S  ---------------

Threads class SMR info:
_java_thread_list=0x000001f704cb93e0, length=17, elements={
0x000001f731030ca0, 0x000001f7310338b0, 0x000001f731037990, 0x000001f7310405a0,
0x000001f731042410, 0x000001f731046840, 0x000001f731057770, 0x000001f7751b17e0,
0x000001f7751d3420, 0x000001f775440d20, 0x000001f77544ad00, 0x000001f775467a30,
0x000001f775494500, 0x000001f7141158e0, 0x000001f775aa0030, 0x000001f77bba3000,
0x000001f704d1b150
}

Java Threads: ( => current thread )
  0x000001f731030ca0 JavaThread "Reference Handler"          daemon [_thread_blocked, id=37460, stack(0x000000ce98000000,0x000000ce98100000) (1024K)]
  0x000001f7310338b0 JavaThread "Finalizer"                  daemon [_thread_blocked, id=29548, stack(0x000000ce98100000,0x000000ce98200000) (1024K)]
  0x000001f731037990 JavaThread "Attach Listener"            daemon [_thread_blocked, id=31920, stack(0x000000ce98300000,0x000000ce98400000) (1024K)]
  0x000001f7310405a0 JavaThread "Service Thread"             daemon [_thread_blocked, id=2760, stack(0x000000ce98400000,0x000000ce98500000) (1024K)]
  0x000001f731042410 JavaThread "Monitor Deflation Thread"   daemon [_thread_blocked, id=14120, stack(0x000000ce98500000,0x000000ce98600000) (1024K)]
  0x000001f731046840 JavaThread "C2 CompilerThread0"         daemon [_thread_blocked, id=39580, stack(0x000000ce98600000,0x000000ce98700000) (1024K)]
  0x000001f731057770 JavaThread "C1 CompilerThread0"         daemon [_thread_blocked, id=9660, stack(0x000000ce98700000,0x000000ce98800000) (1024K)]
  0x000001f7751b17e0 JavaThread "Notification Thread"        daemon [_thread_blocked, id=34836, stack(0x000000ce98800000,0x000000ce98900000) (1024K)]
  0x000001f7751d3420 JavaThread "Common-Cleaner"             daemon [_thread_blocked, id=7148, stack(0x000000ce98900000,0x000000ce98a00000) (1024K)]
  0x000001f775440d20 JavaThread "Java2D Disposer"            daemon [_thread_blocked, id=23924, stack(0x000000ce98a00000,0x000000ce98b00000) (1024K)]
  0x000001f77544ad00 JavaThread "AWT-Shutdown"                      [_thread_blocked, id=31856, stack(0x000000ce98b00000,0x000000ce98c00000) (1024K)]
  0x000001f775467a30 JavaThread "AWT-EventQueue-0"                  [_thread_blocked, id=18336, stack(0x000000ce98d00000,0x000000ce98e00000) (1024K)]
  0x000001f775494500 JavaThread "Timer hack thread"          daemon [_thread_blocked, id=26040, stack(0x000000ce98e00000,0x000000ce98f00000) (1024K)]
  0x000001f7141158e0 JavaThread "DestroyJavaVM"                     [_thread_blocked, id=33424, stack(0x000000ce97800000,0x000000ce97900000) (1024K)]
  0x000001f775aa0030 JavaThread "Thread-2"                   daemon [_thread_in_native, id=30284, stack(0x000000ce99a00000,0x000000ce99b00000) (1024K)]
  0x000001f77bba3000 JavaThread "Thread-3"                          [_thread_blocked, id=33220, stack(0x000000ce99d00000,0x000000ce99e00000) (1024K)]
  0x000001f704d1b150 JavaThread "Thread-4"                          [_thread_blocked, id=40420, stack(0x000000ce99e00000,0x000000ce99f00000) (1024K)]
Total: 17

Other Threads:
=>0x000001f7310162e0 VMThread "VM Thread"                           [id=6024, stack(0x000000ce97f00000,0x000000ce98000000) (1024K)]
  0x000001f7141b2310 WorkerThread "GC Thread#0"                     [id=31392, stack(0x000000ce97900000,0x000000ce97a00000) (1024K)]
  0x000001f77b6eea50 WorkerThread "GC Thread#1"                     [id=13468, stack(0x000000ce9a400000,0x000000ce9a500000) (1024K)]
  0x000001f77b6eedf0 WorkerThread "GC Thread#2"                     [id=26324, stack(0x000000ce9a500000,0x000000ce9a600000) (1024K)]
  0x000001f77b6ef190 WorkerThread "GC Thread#3"                     [id=27896, stack(0x000000ce9a600000,0x000000ce9a700000) (1024K)]
  0x000001f77b6efd50 WorkerThread "GC Thread#4"                     [id=28928, stack(0x000000ce9a700000,0x000000ce9a800000) (1024K)]
  0x000001f704c44fd0 WorkerThread "GC Thread#5"                     [id=30272, stack(0x000000ce9a800000,0x000000ce9a900000) (1024K)]
  0x000001f704c46930 WorkerThread "GC Thread#6"                     [id=35636, stack(0x000000ce9a900000,0x000000ce9aa00000) (1024K)]
  0x000001f704c45370 WorkerThread "GC Thread#7"                     [id=6876, stack(0x000000ce9aa00000,0x000000ce9ab00000) (1024K)]
  0x000001f704c45710 WorkerThread "GC Thread#8"                     [id=13904, stack(0x000000ce9ab00000,0x000000ce9ac00000) (1024K)]
  0x000001f704c45e50 WorkerThread "GC Thread#9"                     [id=11788, stack(0x000000ce9ac00000,0x000000ce9ad00000) (1024K)]
  0x000001f704c46590 WorkerThread "GC Thread#10"                    [id=34376, stack(0x000000ce9ad00000,0x000000ce9ae00000) (1024K)]
  0x000001f730eb27b0 ConcurrentGCThread "G1 Main Marker"            terminated
  0x000001f730eb31c0 WorkerThread "G1 Conc#0"                       [id=14240, stack(0x000000ce97b00000,0x000000ce97c00000) (1024K)]
  0x000001f775264190 WorkerThread "G1 Conc#1"                       [id=37692, stack(0x000000ce9a200000,0x000000ce9a300000) (1024K)]
  0x000001f775266970 WorkerThread "G1 Conc#2"                       [id=32596, stack(0x000000ce9a300000,0x000000ce9a400000) (1024K)]
  0x000001f730f55c00 ConcurrentGCThread "G1 Refine#0"               terminated
  0x000001f730f56770 ConcurrentGCThread "G1 Service"                terminated
Total: 18

Threads with active compile tasks:
Total: 0

VM state: at safepoint (shutting down)

VM Mutex/Monitor currently owned by a thread:  ([mutex/lock_event])
[0x00007ffd340c5458] Threads_lock - owner thread: 0x000001f7310162e0
[0x00007ffd340c5558] Heap_lock - owner thread: 0x000001f775467a30

OutOfMemory and StackOverflow Exception counts:
StackOverflowErrors=1
LinkageErrors=10

Heap address: 0x0000000608c00000, size: 8052 MB, Compressed Oops mode: Zero based, Oop shift amount: 3

CDS archive(s) mapped at: [0x000001f734000000-0x000001f734c80000-0x000001f734c80000), size 13107200, SharedBaseAddress: 0x000001f734000000, ArchiveRelocationMode: 1.
Compressed class space mapped at: 0x000001f735000000-0x000001f775000000, reserved size: 1073741824
Narrow klass base: 0x000001f734000000, Narrow klass shift: 0, Narrow klass range: 0x100000000

GC Precious Log:
 CardTable entry size: 512
 Card Set container configuration: InlinePtr #cards 4 size 8 Array Of Cards #cards 32 size 80 Howl #buckets 8 coarsen threshold 7372 Howl Bitmap #cards 1024 size 144 coarsen threshold 921 Card regions per heap region 1 cards per card region 8192
 CPUs: 14 total, 14 available
 Memory: 32203M
 Large Page Support: Disabled
 NUMA Support: Disabled
 Compressed Oops: Enabled (Zero based)
 Heap Region Size: 4M
 Heap Min Capacity: 8M
 Heap Initial Capacity: 504M
 Heap Max Capacity: 8052M
 Pre-touch: Disabled
 Parallel Workers: 11
 Concurrent Workers: 3
 Concurrent Refinement Workers: 11
 Periodic GC: Disabled

Heap:
 garbage-first heap   total 131072K, used 74103K [0x0000000608c00000, 0x0000000800000000)
  region size 4096K, 6 young (24576K), 0 survivors (0K)
 Metaspace       used 13718K, committed 13952K, reserved 1114112K
  class space    used 1302K, committed 1408K, reserved 1048576K

Heap Regions: E=young(eden), S=young(survivor), O=old, HS=humongous(starts), HC=humongous(continues), CS=collection set, F=free, TAMS=top-at-mark-start, PB=parsable bottom
|   0|0x0000000608c00000, 0x0000000609000000, 0x0000000609000000|100%|HS|  |TAMS 0x0000000608c00000| PB 0x0000000608c00000| Untracked 
|   1|0x0000000609000000, 0x0000000609400000, 0x0000000609400000|100%|HC|  |TAMS 0x0000000609000000| PB 0x0000000609000000| Untracked 
|   2|0x0000000609400000, 0x0000000609800000, 0x0000000609800000|100%|HC|  |TAMS 0x0000000609400000| PB 0x0000000609400000| Untracked 
|   3|0x0000000609800000, 0x0000000609c00000, 0x0000000609c00000|100%| O|  |TAMS 0x0000000609800000| PB 0x0000000609800000| Untracked 
|   4|0x0000000609c00000, 0x0000000609fffff8, 0x000000060a000000| 99%| O|  |TAMS 0x0000000609c00000| PB 0x0000000609c00000| Untracked 
|   5|0x000000060a000000, 0x000000060a3ffff0, 0x000000060a400000| 99%| O|  |TAMS 0x000000060a000000| PB 0x000000060a000000| Untracked 
|   6|0x000000060a400000, 0x000000060a4aa918, 0x000000060a800000| 16%| O|  |TAMS 0x000000060a400000| PB 0x000000060a400000| Untracked 
|   7|0x000000060a800000, 0x000000060abb3658, 0x000000060ac00000| 92%| O|  |TAMS 0x000000060a800000| PB 0x000000060a800000| Untracked 
|   8|0x000000060ac00000, 0x000000060b000000, 0x000000060b000000|100%| O|  |TAMS 0x000000060ac00000| PB 0x000000060ac00000| Untracked 
|   9|0x000000060b000000, 0x000000060b400000, 0x000000060b400000|100%| O|  |TAMS 0x000000060b000000| PB 0x000000060b000000| Untracked 
|  10|0x000000060b400000, 0x000000060b800000, 0x000000060b800000|100%| O|  |TAMS 0x000000060b400000| PB 0x000000060b400000| Untracked 
|  11|0x000000060b800000, 0x000000060bc00000, 0x000000060bc00000|100%| O|  |TAMS 0x000000060b800000| PB 0x000000060b800000| Untracked 
|  12|0x000000060bc00000, 0x000000060c000000, 0x000000060c000000|100%| O|  |TAMS 0x000000060bc00000| PB 0x000000060bc00000| Untracked 
|  13|0x000000060c000000, 0x000000060c000000, 0x000000060c400000|  0%| F|  |TAMS 0x000000060c000000| PB 0x000000060c000000| Untracked 
|  14|0x000000060c400000, 0x000000060c400000, 0x000000060c800000|  0%| F|  |TAMS 0x000000060c400000| PB 0x000000060c400000| Untracked 
|  15|0x000000060c800000, 0x000000060c800000, 0x000000060cc00000|  0%| F|  |TAMS 0x000000060c800000| PB 0x000000060c800000| Untracked 
|  16|0x000000060cc00000, 0x000000060d000000, 0x000000060d000000|100%| O|  |TAMS 0x000000060cc00000| PB 0x000000060cc00000| Untracked 
|  17|0x000000060d000000, 0x000000060d400000, 0x000000060d400000|100%| O|  |TAMS 0x000000060d000000| PB 0x000000060d000000| Untracked 
|  18|0x000000060d400000, 0x000000060d400000, 0x000000060d800000|  0%| F|  |TAMS 0x000000060d400000| PB 0x000000060d400000| Untracked 
|  19|0x000000060d800000, 0x000000060d800000, 0x000000060dc00000|  0%| F|  |TAMS 0x000000060d800000| PB 0x000000060d800000| Untracked 
|  20|0x000000060dc00000, 0x000000060dc00000, 0x000000060e000000|  0%| F|  |TAMS 0x000000060dc00000| PB 0x000000060dc00000| Untracked 
|  21|0x000000060e000000, 0x000000060e000000, 0x000000060e400000|  0%| F|  |TAMS 0x000000060e000000| PB 0x000000060e000000| Untracked 
|  22|0x000000060e400000, 0x000000060e400000, 0x000000060e800000|  0%| F|  |TAMS 0x000000060e400000| PB 0x000000060e400000| Untracked 
|  23|0x000000060e800000, 0x000000060e800000, 0x000000060ec00000|  0%| F|  |TAMS 0x000000060e800000| PB 0x000000060e800000| Untracked 
|  24|0x000000060ec00000, 0x000000060ec00000, 0x000000060f000000|  0%| F|  |TAMS 0x000000060ec00000| PB 0x000000060ec00000| Untracked 
|  25|0x000000060f000000, 0x000000060f000000, 0x000000060f400000|  0%| F|  |TAMS 0x000000060f000000| PB 0x000000060f000000| Untracked 
|  26|0x000000060f400000, 0x000000060f6b12f0, 0x000000060f800000| 67%| E|  |TAMS 0x000000060f400000| PB 0x000000060f400000| Complete 
|  27|0x000000060f800000, 0x000000060fc00000, 0x000000060fc00000|100%| E|CS|TAMS 0x000000060f800000| PB 0x000000060f800000| Complete 
|  28|0x000000060fc00000, 0x0000000610000000, 0x0000000610000000|100%| E|CS|TAMS 0x000000060fc00000| PB 0x000000060fc00000| Complete 
|  29|0x0000000610000000, 0x0000000610400000, 0x0000000610400000|100%| E|CS|TAMS 0x0000000610000000| PB 0x0000000610000000| Complete 
|  30|0x0000000610400000, 0x0000000610800000, 0x0000000610800000|100%| E|  |TAMS 0x0000000610400000| PB 0x0000000610400000| Complete 
|  31|0x0000000610800000, 0x0000000610c00000, 0x0000000610c00000|100%| E|CS|TAMS 0x0000000610800000| PB 0x0000000610800000| Complete 

Card table byte_map: [0x000001f7280e0000,0x000001f7290a0000] _byte_map_base: 0x000001f72509a000

Marking Bits: (CMBitMap*) 0x000001f7141b2a10
 Bits: [0x000001f7290a0000, 0x000001f730e70000)

Polling page: 0x000001f711f30000

Metaspace:

Usage:
  Non-class:     12.13 MB used.
      Class:      1.27 MB used.
       Both:     13.40 MB used.

Virtual space:
  Non-class space:       64.00 MB reserved,      12.25 MB ( 19%) committed,  1 nodes.
      Class space:        1.00 GB reserved,       1.38 MB ( <1%) committed,  1 nodes.
             Both:        1.06 GB reserved,      13.62 MB (  1%) committed. 

Chunk freelists:
   Non-Class:  2.92 MB
       Class:  14.60 MB
        Both:  17.52 MB

MaxMetaspaceSize: unlimited
CompressedClassSpaceSize: 1.00 GB
Initial GC threshold: 21.00 MB
Current GC threshold: 21.69 MB
CDS: on
 - commit_granule_bytes: 65536.
 - commit_granule_words: 8192.
 - virtual_space_node_default_size: 8388608.
 - enlarge_chunks_in_place: 1.
 - use_allocation_guard: 0.


Internal statistics:

num_allocs_failed_limit: 0.
num_arena_births: 224.
num_arena_deaths: 0.
num_vsnodes_births: 2.
num_vsnodes_deaths: 0.
num_space_committed: 216.
num_space_uncommitted: 0.
num_chunks_returned_to_freelist: 0.
num_chunks_taken_from_freelist: 463.
num_chunk_merges: 0.
num_chunk_splits: 279.
num_chunks_enlarged: 151.
num_inconsistent_stats: 0.

CodeHeap 'non-profiled nmethods': size=120000Kb used=2294Kb max_used=2294Kb free=117705Kb
 bounds [0x000001f71f580000, 0x000001f71f7f0000, 0x000001f726ab0000]
CodeHeap 'profiled nmethods': size=120000Kb used=4410Kb max_used=4410Kb free=115589Kb
 bounds [0x000001f717ab0000, 0x000001f717f00000, 0x000001f71efe0000]
CodeHeap 'non-nmethods': size=5760Kb used=1744Kb max_used=1893Kb free=4016Kb
 bounds [0x000001f71efe0000, 0x000001f71f250000, 0x000001f71f580000]
CodeCache: size=245760Kb, used=8448Kb, max_used=8597Kb, free=237310Kb
 total_blobs=3467, nmethods=2689, adapters=682, full_count=0
Compilation: enabled, stopped_count=0, restarted_count=0

Compilation events (20 events):
Event: 46.182 Thread 0x000001f731057770 3188       3       java.security.ProtectionDomain$JavaSecurityAccessImpl::doIntersectionPrivilege (22 bytes)
Event: 46.183 Thread 0x000001f731057770 nmethod 3188 0x000001f717efa390 code [0x000001f717efa5c0, 0x000001f717efab50]
Event: 46.183 Thread 0x000001f731057770 3189       3       java.security.ProtectionDomain$JavaSecurityAccessImpl::getCombinedACC (30 bytes)
Event: 46.183 Thread 0x000001f731057770 nmethod 3189 0x000001f717efad90 code [0x000001f717efaf60, 0x000001f717efb370]
Event: 46.183 Thread 0x000001f731057770 3191       1       java.awt.Component::isEnabledImpl (5 bytes)
Event: 46.183 Thread 0x000001f731057770 nmethod 3191 0x000001f71f6bed10 code [0x000001f71f6beea0, 0x000001f71f6bef70]
Event: 46.183 Thread 0x000001f731057770 3190       3       java.security.AccessControlContext::<init> (63 bytes)
Event: 46.183 Thread 0x000001f731057770 nmethod 3190 0x000001f717efb510 code [0x000001f717efb6e0, 0x000001f717efba80]
Event: 46.204 Thread 0x000001f731057770 3192       1       java.awt.Component::getParent_NoClientCode (5 bytes)
Event: 46.204 Thread 0x000001f731057770 nmethod 3192 0x000001f71f6bea10 code [0x000001f71f6beba0, 0x000001f71f6bec70]
Event: 46.207 Thread 0x000001f731057770 3193       3       java.lang.StringConcatHelper::prepend (37 bytes)
Event: 46.207 Thread 0x000001f731046840 3194   !   4       java.util.concurrent.ConcurrentHashMap::transfer (849 bytes)
Event: 46.207 Thread 0x000001f731057770 nmethod 3193 0x000001f717efbc10 code [0x000001f717efbde0, 0x000001f717efc0a8]
Event: 46.257 Thread 0x000001f731046840 nmethod 3194 0x000001f71f6bc790 code [0x000001f71f6bc9c0, 0x000001f71f6be230]
Event: 46.440 Thread 0x000001f731057770 3195       3       java.awt.EventQueue::getNextEventPrivate (76 bytes)
Event: 46.441 Thread 0x000001f731057770 nmethod 3195 0x000001f717efc210 code [0x000001f717efc3e0, 0x000001f717efc748]
Event: 46.456 Thread 0x000001f731057770 3196       3       java.util.EventObject::<init> (24 bytes)
Event: 46.456 Thread 0x000001f731057770 nmethod 3196 0x000001f717efc890 code [0x000001f717efca60, 0x000001f717efcd28]
Event: 46.765 Thread 0x000001f731057770 3197   !   3       java.util.logging.LogManager::ensureLogManagerInitialized (144 bytes)
Event: 46.767 Thread 0x000001f731057770 nmethod 3197 0x000001f717efce10 code [0x000001f717efd120, 0x000001f717efe310]

GC Heap History (14 events):
Event: 3.964 GC heap before
{Heap before GC invocations=0 (full 0):
 garbage-first heap   total 516096K, used 32768K [0x0000000608c00000, 0x0000000800000000)
  region size 4096K, 6 young (24576K), 0 survivors (0K)
 Metaspace       used 11824K, committed 12096K, reserved 1114112K
  class space    used 1152K, committed 1280K, reserved 1048576K
}
Event: 3.973 GC heap after
{Heap after GC invocations=1 (full 0):
 garbage-first heap   total 516096K, used 17643K [0x0000000608c00000, 0x0000000800000000)
  region size 4096K, 1 young (4096K), 1 survivors (4096K)
 Metaspace       used 11824K, committed 12096K, reserved 1114112K
  class space    used 1152K, committed 1280K, reserved 1048576K
}
Event: 17.035 GC heap before
{Heap before GC invocations=1 (full 0):
 garbage-first heap   total 516096K, used 34027K [0x0000000608c00000, 0x0000000800000000)
  region size 4096K, 6 young (24576K), 1 survivors (4096K)
 Metaspace       used 12523K, committed 12800K, reserved 1114112K
  class space    used 1200K, committed 1344K, reserved 1048576K
}
Event: 17.040 GC heap after
{Heap after GC invocations=2 (full 0):
 garbage-first heap   total 516096K, used 18451K [0x0000000608c00000, 0x0000000800000000)
  region size 4096K, 1 young (4096K), 1 survivors (4096K)
 Metaspace       used 12523K, committed 12800K, reserved 1114112K
  class space    used 1200K, committed 1344K, reserved 1048576K
}
Event: 21.072 GC heap before
{Heap before GC invocations=2 (full 0):
 garbage-first heap   total 516096K, used 38931K [0x0000000608c00000, 0x0000000800000000)
  region size 4096K, 8 young (32768K), 1 survivors (4096K)
 Metaspace       used 12727K, committed 12992K, reserved 1114112K
  class space    used 1216K, committed 1344K, reserved 1048576K
}
Event: 21.089 GC heap after
{Heap after GC invocations=3 (full 1):
 garbage-first heap   total 163840K, used 17665K [0x0000000608c00000, 0x0000000800000000)
  region size 4096K, 0 young (0K), 0 survivors (0K)
 Metaspace       used 12727K, committed 12992K, reserved 1114112K
  class space    used 1216K, committed 1344K, reserved 1048576K
}
Event: 21.091 GC heap before
{Heap before GC invocations=3 (full 1):
 garbage-first heap   total 163840K, used 17665K [0x0000000608c00000, 0x0000000800000000)
  region size 4096K, 0 young (0K), 0 survivors (0K)
 Metaspace       used 12727K, committed 12992K, reserved 1114112K
  class space    used 1216K, committed 1344K, reserved 1048576K
}
Event: 21.106 GC heap after
{Heap after GC invocations=4 (full 2):
 garbage-first heap   total 110592K, used 17665K [0x0000000608c00000, 0x0000000800000000)
  region size 4096K, 0 young (0K), 0 survivors (0K)
 Metaspace       used 12727K, committed 12992K, reserved 1114112K
  class space    used 1216K, committed 1344K, reserved 1048576K
}
Event: 24.764 GC heap before
{Heap before GC invocations=4 (full 2):
 garbage-first heap   total 110592K, used 62721K [0x0000000608c00000, 0x0000000800000000)
  region size 4096K, 11 young (45056K), 0 survivors (0K)
 Metaspace       used 13038K, committed 13248K, reserved 1114112K
  class space    used 1246K, committed 1344K, reserved 1048576K
}
Event: 24.784 GC heap after
{Heap after GC invocations=5 (full 2):
 garbage-first heap   total 110592K, used 47637K [0x0000000608c00000, 0x0000000800000000)
  region size 4096K, 2 young (8192K), 2 survivors (8192K)
 Metaspace       used 13038K, committed 13248K, reserved 1114112K
  class space    used 1246K, committed 1344K, reserved 1048576K
}
Event: 25.736 GC heap before
{Heap before GC invocations=5 (full 2):
 garbage-first heap   total 110592K, used 59925K [0x0000000608c00000, 0x0000000800000000)
  region size 4096K, 6 young (24576K), 2 survivors (8192K)
 Metaspace       used 13118K, committed 13312K, reserved 1114112K
  class space    used 1251K, committed 1344K, reserved 1048576K
}
Event: 25.748 GC heap after
{Heap after GC invocations=6 (full 2):
 garbage-first heap   total 110592K, used 58805K [0x0000000608c00000, 0x0000000800000000)
  region size 4096K, 1 young (4096K), 1 survivors (4096K)
 Metaspace       used 13118K, committed 13312K, reserved 1114112K
  class space    used 1251K, committed 1344K, reserved 1048576K
}
Event: 27.637 GC heap before
{Heap before GC invocations=7 (full 2):
 garbage-first heap   total 131072K, used 58805K [0x0000000608c00000, 0x0000000800000000)
  region size 4096K, 2 young (8192K), 1 survivors (4096K)
 Metaspace       used 13259K, committed 13440K, reserved 1114112K
  class space    used 1261K, committed 1344K, reserved 1048576K
}
Event: 27.698 GC heap after
{Heap after GC invocations=8 (full 3):
 garbage-first heap   total 131072K, used 57719K [0x0000000608c00000, 0x0000000800000000)
  region size 4096K, 0 young (0K), 0 survivors (0K)
 Metaspace       used 13259K, committed 13440K, reserved 1114112K
  class space    used 1261K, committed 1344K, reserved 1048576K
}

Dll operation events (15 events):
Event: 0.018 Loaded shared library C:\Users\gagek\.p2\pool\plugins\org.eclipse.justj.openjdk.hotspot.jre.full.win32.x86_64_21.0.8.v20250724-1412\jre\bin\java.dll
Event: 0.082 Loaded shared library C:\Users\gagek\.p2\pool\plugins\org.eclipse.justj.openjdk.hotspot.jre.full.win32.x86_64_21.0.8.v20250724-1412\jre\bin\zip.dll
Event: 0.169 Loaded shared library C:\Users\gagek\.p2\pool\plugins\org.eclipse.justj.openjdk.hotspot.jre.full.win32.x86_64_21.0.8.v20250724-1412\jre\bin\net.dll
Event: 0.175 Loaded shared library C:\Users\gagek\.p2\pool\plugins\org.eclipse.justj.openjdk.hotspot.jre.full.win32.x86_64_21.0.8.v20250724-1412\jre\bin\nio.dll
Event: 0.182 Loaded shared library C:\Users\gagek\.p2\pool\plugins\org.eclipse.justj.openjdk.hotspot.jre.full.win32.x86_64_21.0.8.v20250724-1412\jre\bin\zip.dll
Event: 0.272 Loaded shared library C:\Users\gagek\.p2\pool\plugins\org.eclipse.justj.openjdk.hotspot.jre.full.win32.x86_64_21.0.8.v20250724-1412\jre\bin\jimage.dll
Event: 0.334 Loaded shared library C:\Users\gagek\.p2\pool\plugins\org.eclipse.justj.openjdk.hotspot.jre.full.win32.x86_64_21.0.8.v20250724-1412\jre\bin\awt.dll
Event: 0.655 Loaded shared library C:\Users\gagek\.p2\pool\plugins\org.eclipse.justj.openjdk.hotspot.jre.full.win32.x86_64_21.0.8.v20250724-1412\jre\bin\freetype.dll
Event: 0.656 Loaded shared library C:\Users\gagek\.p2\pool\plugins\org.eclipse.justj.openjdk.hotspot.jre.full.win32.x86_64_21.0.8.v20250724-1412\jre\bin\fontmanager.dll
Event: 1.067 Loaded shared library C:\Users\gagek\.p2\pool\plugins\org.eclipse.justj.openjdk.hotspot.jre.full.win32.x86_64_21.0.8.v20250724-1412\jre\bin\verify.dll
Event: 1.101 Loaded shared library C:\MinecraftAlphaDev\libraries\natives\lwjgl64.dll
Event: 1.147 Loaded shared library C:\Users\gagek\.p2\pool\plugins\org.eclipse.justj.openjdk.hotspot.jre.full.win32.x86_64_21.0.8.v20250724-1412\jre\bin\jawt.dll
Event: 2.800 Loaded shared library C:\MinecraftAlphaDev\libraries\natives\jinput-dx8_64.dll
Event: 3.003 Loaded shared library C:\MinecraftAlphaDev\libraries\natives\jinput-raw_64.dll
Event: 3.983 Loaded shared library C:\Users\gagek\.p2\pool\plugins\org.eclipse.justj.openjdk.hotspot.jre.full.win32.x86_64_21.0.8.v20250724-1412\jre\bin\extnet.dll

Deoptimization events (20 events):
Event: 28.883 Thread 0x000001f7754d4c90 Uncommon trap: trap_request=0xffffff45 fr.pc=0x000001f71f6fbaf0 relative=0x0000000000000db0
Event: 28.883 Thread 0x000001f7754d4c90 Uncommon trap: reason=unstable_if action=reinterpret pc=0x000001f71f6fbaf0 method=java.util.TreeMap.put(Ljava/lang/Object;Ljava/lang/Object;Z)Ljava/lang/Object; @ 8 c2
Event: 28.883 Thread 0x000001f7754d4c90 DEOPT PACKING pc=0x000001f71f6fbaf0 sp=0x000000ce98ffe060
Event: 28.883 Thread 0x000001f7754d4c90 DEOPT UNPACKING pc=0x000001f71f0346a2 sp=0x000000ce98ffdfa8 mode 2
Event: 28.883 Thread 0x000001f7754d4c90 Uncommon trap: trap_request=0xffffff45 fr.pc=0x000001f71f704ca4 relative=0x0000000000000de4
Event: 28.883 Thread 0x000001f7754d4c90 Uncommon trap: reason=unstable_if action=reinterpret pc=0x000001f71f704ca4 method=java.util.TreeMap.put(Ljava/lang/Object;Ljava/lang/Object;Z)Ljava/lang/Object; @ 27 c2
Event: 28.883 Thread 0x000001f7754d4c90 DEOPT PACKING pc=0x000001f71f704ca4 sp=0x000000ce98ffdff0
Event: 28.883 Thread 0x000001f7754d4c90 DEOPT UNPACKING pc=0x000001f71f0346a2 sp=0x000000ce98ffdfb0 mode 2
Event: 28.892 Thread 0x000001f7754d4c90 Uncommon trap: trap_request=0xffffff45 fr.pc=0x000001f71f5a0de8 relative=0x00000000000002a8
Event: 28.892 Thread 0x000001f7754d4c90 Uncommon trap: reason=unstable_if action=reinterpret pc=0x000001f71f5a0de8 method=java.lang.String.hashCode()I @ 20 c2
Event: 28.892 Thread 0x000001f7754d4c90 DEOPT PACKING pc=0x000001f71f5a0de8 sp=0x000000ce98fff300
Event: 28.892 Thread 0x000001f7754d4c90 DEOPT UNPACKING pc=0x000001f71f0346a2 sp=0x000000ce98fff298 mode 2
Event: 28.910 Thread 0x000001f7754d4c90 Uncommon trap: trap_request=0xffffffde fr.pc=0x000001f71f6fa098 relative=0x00000000000000f8
Event: 28.910 Thread 0x000001f7754d4c90 Uncommon trap: reason=class_check action=maybe_recompile pc=0x000001f71f6fa098 method=java.util.Random.nextLong()J @ 3 c2
Event: 28.910 Thread 0x000001f7754d4c90 DEOPT PACKING pc=0x000001f71f6fa098 sp=0x000000ce98ffee60
Event: 28.910 Thread 0x000001f7754d4c90 DEOPT UNPACKING pc=0x000001f71f0346a2 sp=0x000000ce98ffedf8 mode 2
Event: 36.100 Thread 0x000001f705000730 Uncommon trap: trap_request=0xffffffde fr.pc=0x000001f71f69f8ac relative=0x000000000000058c
Event: 36.100 Thread 0x000001f705000730 Uncommon trap: reason=class_check action=maybe_recompile pc=0x000001f71f69f8ac method=java.util.HashMap.removeNode(ILjava/lang/Object;Ljava/lang/Object;ZZ)Ljava/util/HashMap$Node; @ 283 c2
Event: 36.100 Thread 0x000001f705000730 DEOPT PACKING pc=0x000001f71f69f8ac sp=0x000000ce9afff4a0
Event: 36.100 Thread 0x000001f705000730 DEOPT UNPACKING pc=0x000001f71f0346a2 sp=0x000000ce9afff3b8 mode 2

Classes loaded (20 events):
Event: 28.989 Loading class sun/awt/windows/WTextComponentPeer done
Event: 28.989 Loading class sun/awt/windows/WTextAreaPeer done
Event: 29.133 Loading class sun/java2d/loops/MaskBlit$General
Event: 29.133 Loading class sun/java2d/loops/GraphicsPrimitive$GeneralBinaryOp
Event: 29.133 Loading class sun/java2d/loops/GraphicsPrimitive$GeneralBinaryOp done
Event: 29.133 Loading class sun/java2d/loops/MaskBlit$General done
Event: 46.228 Loading class sun/awt/im/CompositionAreaHandler
Event: 46.228 Loading class sun/awt/im/CompositionAreaHandler done
Event: 46.228 Loading class java/text/AttributedString
Event: 46.229 Loading class java/text/AttributedString done
Event: 46.229 Loading class java/text/AttributedString$AttributedStringIterator
Event: 46.230 Loading class java/text/AttributedCharacterIterator
Event: 46.230 Loading class java/text/CharacterIterator
Event: 46.230 Loading class java/text/CharacterIterator done
Event: 46.230 Loading class java/text/AttributedCharacterIterator done
Event: 46.230 Loading class java/text/AttributedString$AttributedStringIterator done
Event: 46.768 Loading class java/util/WeakHashMap$KeyIterator
Event: 46.768 Loading class java/util/WeakHashMap$HashIterator
Event: 46.768 Loading class java/util/WeakHashMap$HashIterator done
Event: 46.768 Loading class java/util/WeakHashMap$KeyIterator done

Classes unloaded (0 events):
No events

Classes redefined (0 events):
No events

Internal exceptions (20 events):
Event: 0.642 Thread 0x000001f7141158e0 Exception <a 'java/lang/NoSuchMethodError'{0x0000000627cb8878}: 'void java.lang.invoke.DirectMethodHandle$Holder.invokeStaticInit(java.lang.Object)'> (0x0000000627cb8878) 
thrown [s\src\hotspot\share\interpreter\linkResolver.cpp, line 773]
Event: 1.733 Thread 0x000001f7754d4c90 Exception <a 'java/lang/NoSuchMethodError'{0x00000006279717f0}: 'int java.lang.invoke.Invokers$Holder.invokeExact_MT(java.lang.Object, java.lang.Object)'> (0x00000006279717f0) 
thrown [s\src\hotspot\share\interpreter\linkResolver.cpp, line 773]
Event: 2.394 Thread 0x000001f7754d4c90 Exception <a 'java/lang/ArrayIndexOutOfBoundsException'{0x000000062742bf48}: Index 1 out of bounds for length 1> (0x000000062742bf48) 
thrown [s\src\hotspot\share\interpreter\interpreterRuntime.cpp, line 439]
Event: 2.477 Thread 0x000001f7754d4c90 Exception <a 'java/lang/NoSuchMethodError'{0x00000006274a6238}: 'java.lang.Object java.lang.invoke.DirectMethodHandle$Holder.invokeStaticInit(java.lang.Object, int, int, int, int)'> (0x00000006274a6238) 
thrown [s\src\hotspot\share\interpreter\linkResolver.cpp, line 773]
Event: 2.537 Thread 0x000001f7754d4c90 Exception <a 'java/lang/NoSuchMethodError'{0x000000062756c340}: 'java.lang.Object java.lang.invoke.DirectMethodHandle$Holder.invokeStaticInit(java.lang.Object, java.lang.Object, int, int, int, int)'> (0x000000062756c340) 
thrown [s\src\hotspot\share\interpreter\linkResolver.cpp, line 773]
Event: 2.731 Thread 0x000001f7754d4c90 Exception <a 'java/lang/NoSuchMethodError'{0x00000006276f2c10}: 'java.lang.Object java.lang.invoke.DirectMethodHandle$Holder.invokeStatic(java.lang.Object, int, java.lang.Object)'> (0x00000006276f2c10) 
thrown [s\src\hotspot\share\interpreter\linkResolver.cpp, line 773]
Event: 2.739 Thread 0x000001f7754d4c90 Exception <a 'java/lang/NoSuchMethodError'{0x0000000627700f40}: 'void java.lang.invoke.DirectMethodHandle$Holder.invokeSpecial(java.lang.Object, java.lang.Object, java.lang.Object)'> (0x0000000627700f40) 
thrown [s\src\hotspot\share\interpreter\linkResolver.cpp, line 773]
Event: 2.742 Thread 0x000001f7754d4c90 Exception <a 'java/lang/ClassNotFoundException'{0x00000006277074a0}: sun/util/logging/resources/spi/loggingProvider> (0x00000006277074a0) 
thrown [s\src\hotspot\share\classfile\systemDictionary.cpp, line 312]
Event: 3.300 Thread 0x000001f77bba3000 Exception <a 'java/lang/InterruptedException'{0x00000006271ee0e0}: sleep interrupted> (0x00000006271ee0e0) 
thrown [s\src\hotspot\share\prims\jvm.cpp, line 3074]
Event: 3.324 Thread 0x000001f77bba3000 Exception <a 'java/lang/NoSuchMethodError'{0x000000062723c3b8}: 'java.lang.Object java.lang.invoke.DirectMethodHandle$Holder.invokeInterface(java.lang.Object, java.lang.Object)'> (0x000000062723c3b8) 
thrown [s\src\hotspot\share\interpreter\linkResolver.cpp, line 773]
Event: 3.325 Thread 0x000001f77bba3000 Exception <a 'java/lang/IncompatibleClassChangeError'{0x000000062723f990}: Found class java.lang.Object, but interface was expected> (0x000000062723f990) 
thrown [s\src\hotspot\share\interpreter\linkResolver.cpp, line 840]
Event: 3.700 Thread 0x000001f77bba3000 Exception <a 'java/lang/InterruptedException'{0x000000062727dc28}: sleep interrupted> (0x000000062727dc28) 
thrown [s\src\hotspot\share\prims\jvm.cpp, line 3074]
Event: 3.988 Thread 0x000001f704d1c500 Exception <a 'java/lang/NoSuchMethodError'{0x0000000628045720}: 'void java.lang.invoke.DirectMethodHandle$Holder.invokeStatic(java.lang.Object, java.lang.Object)'> (0x0000000628045720) 
thrown [s\src\hotspot\share\interpreter\linkResolver.cpp, line 773]
Event: 16.725 Thread 0x000001f7754d4c90 Implicit null exception at 0x000001f71f643729 to 0x000001f71f643860
Event: 26.052 Thread 0x000001f7050000a0 Implicit null exception at 0x000001f71f696725 to 0x000001f71f6967dc
Event: 27.700 Thread 0x000001f77bba3000 Exception <a 'java/lang/InterruptedException'{0x000000061086a920}: sleep interrupted> (0x000000061086a920) 
thrown [s\src\hotspot\share\prims\jvm.cpp, line 3074]
Event: 27.700 Thread 0x000001f77bba3000 Exception <a 'java/lang/InterruptedException'{0x000000061086aca8}: sleep interrupted> (0x000000061086aca8) 
thrown [s\src\hotspot\share\prims\jvm.cpp, line 3052]
Event: 28.805 Thread 0x000001f77bba3000 Exception <a 'java/lang/InterruptedException'{0x000000061086afc0}: sleep interrupted> (0x000000061086afc0) 
thrown [s\src\hotspot\share\prims\jvm.cpp, line 3074]
Event: 28.825 Thread 0x000001f7754d4c90 StackOverflowError at 0x000001f717bf6360
Event: 28.825 Thread 0x000001f7754d4c90 Exception <a 'java/lang/StackOverflowError'{0x000000060faa5cd8}> (0x000000060faa5cd8) 
thrown [s\src\hotspot\share\runtime\sharedRuntime.cpp, line 625]

ZGC Phase Switch (0 events):
No events

VM Operations (20 events):
Event: 25.748 Executing VM operation: G1CollectForAllocation (G1 Evacuation Pause) done
Event: 25.764 Executing VM operation: G1PauseRemark
Event: 25.838 Executing VM operation: G1PauseRemark done
Event: 25.846 Executing VM operation: G1PauseCleanup
Event: 25.929 Executing VM operation: G1PauseCleanup done
Event: 26.099 Executing VM operation: HandshakeAllThreads (Deoptimize)
Event: 26.099 Executing VM operation: HandshakeAllThreads (Deoptimize) done
Event: 27.100 Executing VM operation: Cleanup
Event: 27.100 Executing VM operation: Cleanup done
Event: 27.637 Executing VM operation: G1CollectFull (System.gc())
Event: 27.698 Executing VM operation: G1CollectFull (System.gc()) done
Event: 28.699 Executing VM operation: Cleanup
Event: 28.699 Executing VM operation: Cleanup done
Event: 30.700 Executing VM operation: Cleanup
Event: 30.700 Executing VM operation: Cleanup done
Event: 36.703 Executing VM operation: Cleanup
Event: 36.703 Executing VM operation: Cleanup done
Event: 46.709 Executing VM operation: Cleanup
Event: 46.709 Executing VM operation: Cleanup done
Event: 46.971 Executing VM operation: Exit

Memory protections (0 events):
No events

Nmethod flushes (20 events):
Event: 27.669 Thread 0x000001f7310162e0 flushing  nmethod 0x000001f717cd3b10
Event: 27.669 Thread 0x000001f7310162e0 flushing  nmethod 0x000001f717cd4390
Event: 27.669 Thread 0x000001f7310162e0 flushing  nmethod 0x000001f717cd4b10
Event: 27.669 Thread 0x000001f7310162e0 flushing  nmethod 0x000001f717d30910
Event: 27.669 Thread 0x000001f7310162e0 flushing  nmethod 0x000001f717d30d90
Event: 27.669 Thread 0x000001f7310162e0 flushing  nmethod 0x000001f717d4cc10
Event: 27.669 Thread 0x000001f7310162e0 flushing  nmethod 0x000001f717d4e390
Event: 27.669 Thread 0x000001f7310162e0 flushing  nmethod 0x000001f717d77510
Event: 27.669 Thread 0x000001f7310162e0 flushing  nmethod 0x000001f717d79110
Event: 27.669 Thread 0x000001f7310162e0 flushing  nmethod 0x000001f717d89a90
Event: 27.669 Thread 0x000001f7310162e0 flushing  nmethod 0x000001f717d89e90
Event: 27.669 Thread 0x000001f7310162e0 flushing  nmethod 0x000001f717d8a610
Event: 27.669 Thread 0x000001f7310162e0 flushing osr nmethod 0x000001f717d8b010
Event: 27.669 Thread 0x000001f7310162e0 flushing osr nmethod 0x000001f717d8e610
Event: 27.669 Thread 0x000001f7310162e0 flushing  nmethod 0x000001f717d92090
Event: 27.669 Thread 0x000001f7310162e0 flushing  nmethod 0x000001f717d92a90
Event: 27.669 Thread 0x000001f7310162e0 flushing  nmethod 0x000001f717d94a90
Event: 27.669 Thread 0x000001f7310162e0 flushing  nmethod 0x000001f717db5210
Event: 27.669 Thread 0x000001f7310162e0 flushing  nmethod 0x000001f717ddb890
Event: 27.669 Thread 0x000001f7310162e0 flushing  nmethod 0x000001f717dfeb10

Events (20 events):
Event: 28.696 Thread 0x000001f731057770 Thread added: 0x000001f704acc590
Event: 29.104 Thread 0x000001f7754d4c90 Thread exited: 0x000001f7754d4c90
Event: 29.136 Thread 0x000001f704acc590 Thread exited: 0x000001f704acc590
Event: 30.209 Thread 0x000001f704accc60 Thread exited: 0x000001f704accc60
Event: 41.101 Thread 0x000001f705000730 Thread exited: 0x000001f705000730
Event: 46.765 Thread 0x000001f775467a30 Thread added: 0x000001f704ffe660
Event: 46.765 Thread 0x000001f775467a30 Thread added: 0x000001f705000dc0
Event: 46.765 Thread 0x000001f775467a30 Thread added: 0x000001f7050000a0
Event: 46.766 Thread 0x000001f775467a30 Thread added: 0x000001f705000730
Event: 46.766 Thread 0x000001f775467a30 Thread added: 0x000001f704ffdfd0
Event: 46.766 Thread 0x000001f775467a30 Thread added: 0x000001f705001ae0
Event: 46.768 Thread 0x000001f704ffe660 Thread exited: 0x000001f704ffe660
Event: 46.768 Thread 0x000001f7050000a0 Thread exited: 0x000001f7050000a0
Event: 46.769 Thread 0x000001f705001ae0 Thread exited: 0x000001f705001ae0
Event: 46.769 Thread 0x000001f705000730 Thread exited: 0x000001f705000730
Event: 46.783 Thread 0x000001f705000dc0 Thread exited: 0x000001f705000dc0
Event: 46.924 Thread 0x000001f77544b770 Thread exited: 0x000001f77544b770
Event: 46.970 Thread 0x000001f704ffdfd0 Thread exited: 0x000001f704ffdfd0
Event: 46.971 Thread 0x000001f775467a30 Before exit entered
Event: 46.971 Thread 0x000001f731036be0 Thread exited: 0x000001f731036be0


Dynamic libraries:
0x00007ff7d8d50000 - 0x00007ff7d8d5e000 	C:\Users\gagek\.p2\pool\plugins\org.eclipse.justj.openjdk.hotspot.jre.full.win32.x86_64_21.0.8.v20250724-1412\jre\bin\javaw.exe
0x00007ffe18220000 - 0x00007ffe18487000 	C:\windows\SYSTEM32\ntdll.dll
0x00007ffe17580000 - 0x00007ffe17649000 	C:\windows\System32\KERNEL32.DLL
0x00007ffe15590000 - 0x00007ffe15980000 	C:\windows\System32\KERNELBASE.dll
0x00007ffe15e60000 - 0x00007ffe15fab000 	C:\windows\System32\ucrtbase.dll
0x00007ffdf8ee0000 - 0x00007ffdf8ef8000 	C:\Users\gagek\.p2\pool\plugins\org.eclipse.justj.openjdk.hotspot.jre.full.win32.x86_64_21.0.8.v20250724-1412\jre\bin\jli.dll
0x00007ffe10d60000 - 0x00007ffe10d7e000 	C:\Users\gagek\.p2\pool\plugins\org.eclipse.justj.openjdk.hotspot.jre.full.win32.x86_64_21.0.8.v20250724-1412\jre\bin\VCRUNTIME140.dll
0x00007ffe15fb0000 - 0x00007ffe16175000 	C:\windows\System32\USER32.dll
0x00007ffe15560000 - 0x00007ffe15587000 	C:\windows\System32\win32u.dll
0x00007ffdf38e0000 - 0x00007ffdf3b7a000 	C:\windows\WinSxS\amd64_microsoft.windows.common-controls_6595b64144ccf1df_6.0.26100.4768_none_3e0c112ce331287c\COMCTL32.dll
0x00007ffe17be0000 - 0x00007ffe17c0b000 	C:\windows\System32\GDI32.dll
0x00007ffe17860000 - 0x00007ffe17909000 	C:\windows\System32\msvcrt.dll
0x00007ffe15b10000 - 0x00007ffe15c48000 	C:\windows\System32\gdi32full.dll
0x00007ffe154b0000 - 0x00007ffe15553000 	C:\windows\System32\msvcp_win.dll
0x00007ffe17c10000 - 0x00007ffe17c3f000 	C:\windows\System32\IMM32.DLL
0x00007ffe10b20000 - 0x00007ffe10b2c000 	C:\Users\gagek\.p2\pool\plugins\org.eclipse.justj.openjdk.hotspot.jre.full.win32.x86_64_21.0.8.v20250724-1412\jre\bin\vcruntime140_1.dll
0x00007ffdbde60000 - 0x00007ffdbdeed000 	C:\Users\gagek\.p2\pool\plugins\org.eclipse.justj.openjdk.hotspot.jre.full.win32.x86_64_21.0.8.v20250724-1412\jre\bin\msvcp140.dll
0x00007ffd33410000 - 0x00007ffd341a7000 	C:\Users\gagek\.p2\pool\plugins\org.eclipse.justj.openjdk.hotspot.jre.full.win32.x86_64_21.0.8.v20250724-1412\jre\bin\server\jvm.dll
0x00007ffe16b50000 - 0x00007ffe16c04000 	C:\windows\System32\ADVAPI32.dll
0x00007ffe17910000 - 0x00007ffe179b6000 	C:\windows\System32\sechost.dll
0x00007ffe179c0000 - 0x00007ffe17ad8000 	C:\windows\System32\RPCRT4.dll
0x00007ffe16720000 - 0x00007ffe16794000 	C:\windows\System32\WS2_32.dll
0x00007ffe151b0000 - 0x00007ffe1520e000 	C:\windows\SYSTEM32\POWRPROF.dll
0x00007ffe0a3a0000 - 0x00007ffe0a3ab000 	C:\windows\SYSTEM32\VERSION.dll
0x00007ffe0d720000 - 0x00007ffe0d755000 	C:\windows\SYSTEM32\WINMM.dll
0x00007ffe15190000 - 0x00007ffe151a4000 	C:\windows\SYSTEM32\UMPDC.dll
0x00007ffe14090000 - 0x00007ffe140ab000 	C:\windows\SYSTEM32\kernel.appcore.dll
0x00007ffe11210000 - 0x00007ffe1121a000 	C:\Users\gagek\.p2\pool\plugins\org.eclipse.justj.openjdk.hotspot.jre.full.win32.x86_64_21.0.8.v20250724-1412\jre\bin\jimage.dll
0x00007ffe12700000 - 0x00007ffe12941000 	C:\windows\SYSTEM32\DBGHELP.DLL
0x00007ffe167c0000 - 0x00007ffe16b45000 	C:\windows\System32\combase.dll
0x00007ffe173f0000 - 0x00007ffe174d0000 	C:\windows\System32\OLEAUT32.dll
0x00007ffdf4390000 - 0x00007ffdf43d3000 	C:\windows\SYSTEM32\dbgcore.DLL
0x00007ffe15410000 - 0x00007ffe154a9000 	C:\windows\System32\bcryptPrimitives.dll
0x00007ffe10f30000 - 0x00007ffe10f4f000 	C:\Users\gagek\.p2\pool\plugins\org.eclipse.justj.openjdk.hotspot.jre.full.win32.x86_64_21.0.8.v20250724-1412\jre\bin\java.dll
0x00007ffe16c10000 - 0x00007ffe1735d000 	C:\windows\System32\SHELL32.dll
0x00007ffe15990000 - 0x00007ffe15b03000 	C:\windows\System32\wintypes.dll
0x00007ffe12ef0000 - 0x00007ffe13750000 	C:\windows\SYSTEM32\windows.storage.dll
0x00007ffe17ae0000 - 0x00007ffe17bd5000 	C:\windows\System32\SHCORE.dll
0x00007ffe17cb0000 - 0x00007ffe17d1a000 	C:\windows\System32\shlwapi.dll
0x00007ffe15270000 - 0x00007ffe15299000 	C:\windows\SYSTEM32\profapi.dll
0x00007ffe10ed0000 - 0x00007ffe10ee8000 	C:\Users\gagek\.p2\pool\plugins\org.eclipse.justj.openjdk.hotspot.jre.full.win32.x86_64_21.0.8.v20250724-1412\jre\bin\zip.dll
0x00007ffe11200000 - 0x00007ffe11210000 	C:\Users\gagek\.p2\pool\plugins\org.eclipse.justj.openjdk.hotspot.jre.full.win32.x86_64_21.0.8.v20250724-1412\jre\bin\net.dll
0x00007ffe0e680000 - 0x00007ffe0e79e000 	C:\windows\SYSTEM32\WINHTTP.dll
0x00007ffe14600000 - 0x00007ffe1466b000 	C:\windows\system32\mswsock.dll
0x00007ffe111c0000 - 0x00007ffe111d6000 	C:\Users\gagek\.p2\pool\plugins\org.eclipse.justj.openjdk.hotspot.jre.full.win32.x86_64_21.0.8.v20250724-1412\jre\bin\nio.dll
0x00007ffdbe4a0000 - 0x00007ffdbe62e000 	C:\Users\gagek\.p2\pool\plugins\org.eclipse.justj.openjdk.hotspot.jre.full.win32.x86_64_21.0.8.v20250724-1412\jre\bin\awt.dll
0x00007ffe11250000 - 0x00007ffe112ee000 	C:\windows\SYSTEM32\apphelp.dll
0x00007ffe11730000 - 0x00007ffe11765000 	C:\windows\system32\DWMAPI.DLL
0x00007ffe115c0000 - 0x00007ffe1166f000 	C:\windows\system32\uxtheme.dll
0x00007ffd999d0000 - 0x00007ffd99ae8000 	C:\windows\system32\opengl32.dll
0x00007ffdee9e0000 - 0x00007ffdeea0d000 	C:\windows\SYSTEM32\GLU32.dll
0x00007ffe11c50000 - 0x00007ffe11c9d000 	C:\windows\SYSTEM32\dxcore.dll
0x00007ffe165b0000 - 0x00007ffe16711000 	C:\windows\System32\MSCTF.dll
0x00007ffe16400000 - 0x00007ffe165a0000 	C:\windows\System32\ole32.dll
0x00007ffdca8c0000 - 0x00007ffdca947000 	C:\Users\gagek\.p2\pool\plugins\org.eclipse.justj.openjdk.hotspot.jre.full.win32.x86_64_21.0.8.v20250724-1412\jre\bin\freetype.dll
0x00007ffdb5680000 - 0x00007ffdb576b000 	C:\Users\gagek\.p2\pool\plugins\org.eclipse.justj.openjdk.hotspot.jre.full.win32.x86_64_21.0.8.v20250724-1412\jre\bin\fontmanager.dll
0x00007ffe06dc0000 - 0x00007ffe06f11000 	C:\windows\SYSTEM32\textinputframework.dll
0x00007ffdcf690000 - 0x00007ffdcf70d000 	C:\windows\system32\Oleacc.dll
0x00007ffe17750000 - 0x00007ffe177f8000 	C:\windows\System32\clbcatq.dll
0x00007ffdd46f0000 - 0x00007ffdd474e000 	C:\windows\system32\ApplicationTargetedFeatureDatabase.dll
0x00007ffe0ac30000 - 0x00007ffe0ae68000 	C:\Windows\System32\twinapi.appcore.dll
0x00007ffe10e30000 - 0x00007ffe10e40000 	C:\Users\gagek\.p2\pool\plugins\org.eclipse.justj.openjdk.hotspot.jre.full.win32.x86_64_21.0.8.v20250724-1412\jre\bin\verify.dll
0x0000000180000000 - 0x0000000180053000 	C:\MinecraftAlphaDev\libraries\natives\lwjgl64.dll
0x00007ffe0dec0000 - 0x00007ffe0df89000 	C:\windows\SYSTEM32\mscms.dll
0x00007ffdf7470000 - 0x00007ffdf74e0000 	C:\Windows\System32\Windows.Internal.Graphics.Display.DisplayColorManagement.dll
0x00007ffe14f10000 - 0x00007ffe14f67000 	C:\windows\SYSTEM32\cfgmgr32.dll
0x00007ffe0fee0000 - 0x00007ffe0fee7000 	C:\Users\gagek\.p2\pool\plugins\org.eclipse.justj.openjdk.hotspot.jre.full.win32.x86_64_21.0.8.v20250724-1412\jre\bin\jawt.dll
0x00007ffe0b360000 - 0x00007ffe0b3ca000 	C:\windows\SYSTEM32\directxdatabasehelper.dll
0x00007ffdf9260000 - 0x00007ffdf927a000 	C:\windows\SYSTEM32\windows.staterepositorycore.dll
0x00007ffd11d00000 - 0x00007ffd132cb000 	C:\windows\System32\DriverStore\FileRepository\iigd_dch.inf_amd64_9ce4d8a46710e0e5\igxelpgicd64.dll
0x00007ffe12bf0000 - 0x00007ffe12d2e000 	C:\windows\SYSTEM32\dxgi.dll
0x00007ffd69440000 - 0x00007ffd69463000 	C:\windows\SYSTEM32\d3d12.dll
0x00007ffdfab90000 - 0x00007ffdfad37000 	C:\windows\System32\DriverStore\FileRepository\iigd_dch.inf_amd64_9ce4d8a46710e0e5\igdml64.dll
0x00007ffe04790000 - 0x00007ffe04d23000 	C:\windows\System32\DriverStore\FileRepository\iigd_dch.inf_amd64_9ce4d8a46710e0e5\igdgmm64.dll
0x00007ffd32f90000 - 0x00007ffd3340e000 	C:\Users\gagek\AppData\Roaming\ow-electron\jilehohlakeokncafogkgnicgndeecdiengddbcc\packages\emifmpeaagaaglhaimndbhcpkjfmjhfnjjpoibdo\1.8.21\owe-client-x64.dll
0x00007ffe141c0000 - 0x00007ffe141f6000 	C:\windows\SYSTEM32\ntmarta.dll
0x00007ffd96ac0000 - 0x00007ffd96d37000 	C:\windows\SYSTEM32\D3D12Core.dll
0x00007ffe15240000 - 0x00007ffe15266000 	C:\windows\SYSTEM32\bcrypt.dll
0x00007ffe0aea0000 - 0x00007ffe0b01c000 	C:\windows\SYSTEM32\drvstore.dll
0x00007ffdfdf10000 - 0x00007ffe03036000 	C:\windows\System32\DriverStore\FileRepository\iigd_dch.inf_amd64_9ce4d8a46710e0e5\igc64.dll
0x00007ffe0daa0000 - 0x00007ffe0dace000 	C:\windows\SYSTEM32\D3DSCache.dll
0x00007ffe146a0000 - 0x00007ffe146cb000 	C:\windows\SYSTEM32\USERENV.dll
0x00007ffe108d0000 - 0x00007ffe10afa000 	C:\windows\SYSTEM32\dcomp.dll
0x00007ffe101d0000 - 0x00007ffe101e9000 	C:\windows\SYSTEM32\Microsoft.Internal.WarpPal.dll
0x00007ffe149e0000 - 0x00007ffe149fb000 	C:\windows\SYSTEM32\CRYPTSP.dll
0x00007ffe13ff0000 - 0x00007ffe1402b000 	C:\windows\system32\rsaenh.dll
0x00007ffe14840000 - 0x00007ffe1484c000 	C:\windows\SYSTEM32\CRYPTBASE.dll
0x00007ffe13a20000 - 0x00007ffe13a53000 	C:\windows\SYSTEM32\IPHLPAPI.DLL
0x00007ffe17800000 - 0x00007ffe1780a000 	C:\windows\System32\NSI.dll
0x000001f704170000 - 0x000001f704186000 	C:\MinecraftAlphaDev\libraries\natives\jinput-dx8_64.dll
0x00007ffdbe320000 - 0x00007ffdbe36b000 	C:\windows\SYSTEM32\DINPUT8.dll
0x00007ffdfd840000 - 0x00007ffdfda22000 	C:\windows\SYSTEM32\inputhost.dll
0x00007ffe10f50000 - 0x00007ffe11075000 	C:\windows\SYSTEM32\CoreMessaging.dll
0x00007ffe13760000 - 0x00007ffe1376f000 	C:\windows\SYSTEM32\HID.DLL
0x00007ffe17d50000 - 0x00007ffe181d6000 	C:\windows\System32\SETUPAPI.DLL
0x00007ffe14f70000 - 0x00007ffe14f9d000 	C:\windows\SYSTEM32\DEVOBJ.dll
0x000001f706b00000 - 0x000001f706b84000 	C:\windows\System32\WINTRUST.dll
0x00007ffe15ce0000 - 0x00007ffe15e57000 	C:\windows\System32\CRYPT32.dll
0x00007ffe14a50000 - 0x00007ffe14a63000 	C:\windows\SYSTEM32\MSASN1.dll
0x000001f706270000 - 0x000001f706284000 	C:\MinecraftAlphaDev\libraries\natives\jinput-raw_64.dll
0x000001f706c00000 - 0x000001f706c64000 	C:\MinecraftAlphaDev\libraries\natives\OpenAL64.dll
0x00007ffe0c5a0000 - 0x00007ffe0c642000 	C:\windows\System32\MMDevApi.dll
0x00007ffdb5ca0000 - 0x00007ffdb5d34000 	C:\windows\SYSTEM32\dsound.dll
0x00007ffd98640000 - 0x00007ffd98671000 	C:\windows\SYSTEM32\winmmbase.dll
0x00007ffdaf7b0000 - 0x00007ffdaf861000 	C:\windows\SYSTEM32\ResampleDmo.DLL
0x00007ffdfcc60000 - 0x00007ffdfcc6e000 	C:\windows\SYSTEM32\msdmo.dll
0x00007ffdfa140000 - 0x00007ffdfa302000 	C:\windows\SYSTEM32\AUDIOSES.DLL
0x00007ffe11ae0000 - 0x00007ffe11af4000 	C:\windows\SYSTEM32\resourcepolicyclient.dll
0x00007ffe13a60000 - 0x00007ffe13b86000 	C:\windows\SYSTEM32\DNSAPI.dll
0x00007ffe0e2e0000 - 0x00007ffe0e2eb000 	C:\Windows\System32\rasadhlp.dll
0x00007ffe0ec90000 - 0x00007ffe0ed16000 	C:\windows\System32\fwpuclnt.dll
0x00007ffe0db30000 - 0x00007ffe0db39000 	C:\Users\gagek\.p2\pool\plugins\org.eclipse.justj.openjdk.hotspot.jre.full.win32.x86_64_21.0.8.v20250724-1412\jre\bin\extnet.dll
0x00007ffe08f90000 - 0x00007ffe09273000 	C:\windows\SYSTEM32\CoreUIComponents.dll
0x00007ffdb5e90000 - 0x00007ffdb5f45000 	C:\windows\system32\RICHED20.DLL
0x00007ffdf8e40000 - 0x00007ffdf8e59000 	C:\windows\SYSTEM32\USP10.dll
0x00007ffdbe160000 - 0x00007ffdbe1a5000 	C:\windows\SYSTEM32\msls31.dll
0x00007ffdd3600000 - 0x00007ffdd365a000 	C:\windows\system32\dataexchange.dll

JVMTI agents: none

dbghelp: loaded successfully - version: 4.0.5 - missing functions: none
symbol engine: initialized successfully - sym options: 0x614 - pdb path: .;C:\Users\gagek\.p2\pool\plugins\org.eclipse.justj.openjdk.hotspot.jre.full.win32.x86_64_21.0.8.v20250724-1412\jre\bin;C:\windows\SYSTEM32;C:\windows\WinSxS\amd64_microsoft.windows.common-controls_6595b64144ccf1df_6.0.26100.4768_none_3e0c112ce331287c;C:\Users\gagek\.p2\pool\plugins\org.eclipse.justj.openjdk.hotspot.jre.full.win32.x86_64_21.0.8.v20250724-1412\jre\bin\server;C:\MinecraftAlphaDev\libraries\natives;C:\windows\System32\DriverStore\FileRepository\iigd_dch.inf_amd64_9ce4d8a46710e0e5;C:\Users\gagek\AppData\Roaming\ow-electron\jilehohlakeokncafogkgnicgndeecdiengddbcc\packages\emifmpeaagaaglhaimndbhcpkjfmjhfnjjpoibdo\1.8.21

VM Arguments:
jvm_args: -Djava.library.path=C:\MinecraftAlphaDev\libraries\natives -Dfile.encoding=UTF-8 -Dstdout.encoding=UTF-8 -Dstderr.encoding=UTF-8 -XX:+ShowCodeDetailsInExceptionMessages 
java_command: net.minecraft.client.Minecraft
java_class_path (initial): C:\MinecraftAlphaDev\minecraft\output;C:\MinecraftAlphaDev\libraries\net\java\jinput\jinput\2.0.5\jinput-2.0.5.jar;C:\MinecraftAlphaDev\libraries\net\java\jutils\jutils\1.0.0\jutils-1.0.0.jar;C:\MinecraftAlphaDev\libraries\org\lwjgl\lwjgl\lwjgl\2.9.4-nightly-20150209\lwjgl-2.9.4-nightly-20150209.jar;C:\MinecraftAlphaDev\libraries\org\lwjgl\lwjgl\lwjgl_util\2.9.4-nightly-20150209\lwjgl_util-2.9.4-nightly-20150209.jar;C:\MinecraftAlphaDev\libraries\org\lwjgl\lwjgl\lwjgl-platform\2.9.4-nightly-20150209\lwjgl-platform-2.9.4-nightly-20150209.jar;C:\MinecraftAlphaDev\libraries\com\paulscode\codecjorbis\20230120\codecjorbis-20230120.jar;C:\MinecraftAlphaDev\libraries\com\paulscode\codecwav\20101023\codecwav-20101023.jar;C:\MinecraftAlphaDev\libraries\com\paulscode\libraryjavasound\20101123\libraryjavasound-20101123.jar;C:\MinecraftAlphaDev\libraries\com\paulscode\librarylwjglopenal\20100824\librarylwjglopenal-20100824.jar;C:\MinecraftAlphaDev\libraries\com\paulscode\soundsystem\20120107\soundsystem-20120107.jar;C:\MinecraftAlphaDev\libraries\org\mcphackers\launchwrapper\1.1.3\launchwrapper-1.1.3.jar;C:\MinecraftAlphaDev\libraries\org\json\json\20230311\json-20230311.jar;C:\MinecraftAlphaDev\libraries\org\ow2\asm\asm\9.7\asm-9.7.jar;C:\MinecraftAlphaDev\libraries\org\ow2\asm\asm-tree\9.7\asm-tree-9.7.jar;C:\MinecraftAlphaDev\minecraft\jars\deobfuscated.jar
Launcher Type: SUN_STANDARD

[Global flags]
     intx CICompilerCount                          = 4                                         {product} {ergonomic}
     uint ConcGCThreads                            = 3                                         {product} {ergonomic}
     uint G1ConcRefinementThreads                  = 11                                        {product} {ergonomic}
   size_t G1HeapRegionSize                         = 4194304                                   {product} {ergonomic}
    uintx GCDrainStackTargetSize                   = 64                                        {product} {ergonomic}
   size_t InitialHeapSize                          = 528482304                                 {product} {ergonomic}
   size_t MarkStackSize                            = 4194304                                   {product} {ergonomic}
   size_t MaxHeapSize                              = 8443133952                                {product} {ergonomic}
   size_t MaxNewSize                               = 5062524928                                {product} {ergonomic}
   size_t MinHeapDeltaBytes                        = 4194304                                   {product} {ergonomic}
   size_t MinHeapSize                              = 8388608                                   {product} {ergonomic}
    uintx NonNMethodCodeHeapSize                   = 5839372                                {pd product} {ergonomic}
    uintx NonProfiledCodeHeapSize                  = 122909434                              {pd product} {ergonomic}
    uintx ProfiledCodeHeapSize                     = 122909434                              {pd product} {ergonomic}
    uintx ReservedCodeCacheSize                    = 251658240                              {pd product} {ergonomic}
     bool SegmentedCodeCache                       = true                                      {product} {ergonomic}
     bool ShowCodeDetailsInExceptionMessages       = true                                   {manageable} {command line}
   size_t SoftMaxHeapSize                          = 8443133952                             {manageable} {ergonomic}
     bool UseCompressedOops                        = true                           {product lp64_product} {ergonomic}
     bool UseG1GC                                  = true                                      {product} {ergonomic}
     bool UseLargePagesIndividualAllocation        = false                                  {pd product} {ergonomic}

Logging:
Log output configuration:
 #0: stdout all=off uptime,level,tags foldmultilines=false
 #1: stderr all=off uptime,level,tags foldmultilines=false

Environment Variables:
PATH=C:/Users/gagek/.p2/pool/plugins/org.eclipse.justj.openjdk.hotspot.jre.full.win32.x86_64_21.0.8.v20250724-1412/jre/bin/server;C:/Users/gagek/.p2/pool/plugins/org.eclipse.justj.openjdk.hotspot.jre.full.win32.x86_64_21.0.8.v20250724-1412/jre/bin;C:\Program Files\Zulu\zulu-21\bin\;C:\Program Files (x86)\Common Files\Oracle\Java\java8path;C:\Program Files (x86)\Common Files\Oracle\Java\javapath;C:\Program Files\Oculus\Support\oculus-runtime;c:\devkitPro\msys2\usr\bin;C:\windows\system32;C:\windows;C:\windows\System32\Wbem;C:\windows\System32\WindowsPowerShell\v1.0\;C:\windows\System32\OpenSSH\;C:\Program Files\HP\HP One Agent;C:\Program Files\dotnet\;C:\Program Files (x86)\Microsoft SQL Server\160\Tools\Binn\;C:\Program Files\Microsoft SQL Server\160\Tools\Binn\;C:\Program Files\Microsoft SQL Server\Client SDK\ODBC\170\Tools\Binn\;C:\Program Files\Microsoft SQL Server\160\DTS\Binn\;C:\Program Files (x86)\Windows Kits\8.1\Windows Performance Toolkit\;C:\Program Files\Docker\Docker\resources\bin;C:\Program Files (x86)\Gpg4win\..\GnuPG\bin;C:\Users\gagek\AppData\Local\Microsoft\WindowsApps;C:\Users\gagek\AppData\Local\Programs\Microsoft VS Code\bin;C:\msys64\mingw64\bin;C:\Users\gagek\.aftman\bin;C:\Users\gagek\AppData\Local\GitHubDesktop\bin;C:\Users\gagek\AppData\Local\Muse Hub\lib;C:\Users\gagek\OneDrive\Desktop;
USERNAME=gagek
OS=Windows_NT
PROCESSOR_IDENTIFIER=Intel64 Family 6 Model 170 Stepping 4, GenuineIntel
TMP=C:\Users\gagek\AppData\Local\Temp
TEMP=C:\Users\gagek\AppData\Local\Temp




Periodic native trim disabled

---------------  S Y S T E M  ---------------

OS:
 Windows 11 , 64 bit Build 26100 (10.0.26100.4768)
OS uptime: 5 days 4:31 hours
Hyper-V role detected

CPU: total 14 (initial active 14) (7 cores per cpu, 2 threads per core) family 6 model 170 stepping 4 microcode 0x1f, cx8, cmov, fxsr, ht, mmx, 3dnowpref, sse, sse2, sse3, ssse3, sse4.1, sse4.2, popcnt, lzcnt, tsc, tscinvbit, avx, avx2, aes, erms, clmul, bmi1, bmi2, adx, sha, fma, vzeroupper, clflush, clflushopt, clwb, hv, serialize, rdtscp, rdpid, fsrm, f16c, cet_ibt, cet_ss
Processor Information for processor 0
  Max Mhz: 1700, Current Mhz: 1700, Mhz Limit: 1700
Processor Information for processor 1
  Max Mhz: 1700, Current Mhz: 1700, Mhz Limit: 1700
Processor Information for processor 2
  Max Mhz: 1200, Current Mhz: 1200, Mhz Limit: 1200
Processor Information for processor 3
  Max Mhz: 1200, Current Mhz: 1200, Mhz Limit: 1200
Processor Information for processor 4
  Max Mhz: 1200, Current Mhz: 1200, Mhz Limit: 1200
Processor Information for processor 5
  Max Mhz: 1200, Current Mhz: 1200, Mhz Limit: 1200
Processor Information for processor 6
  Max Mhz: 1200, Current Mhz: 1200, Mhz Limit: 1200
Processor Information for processor 7
  Max Mhz: 1200, Current Mhz: 1200, Mhz Limit: 1200
Processor Information for processor 8
  Max Mhz: 1200, Current Mhz: 1200, Mhz Limit: 1200
Processor Information for processor 9
  Max Mhz: 1200, Current Mhz: 1200, Mhz Limit: 1200
Processor Information for processor 10
  Max Mhz: 1700, Current Mhz: 1700, Mhz Limit: 1700
Processor Information for processor 11
  Max Mhz: 1700, Current Mhz: 1700, Mhz Limit: 1700
Processor Information for processor 12
  Max Mhz: 700, Current Mhz: 700, Mhz Limit: 700
Processor Information for processor 13
  Max Mhz: 700, Current Mhz: 700, Mhz Limit: 700

Memory: 4k page, system-wide physical 32203M (12721M free)
TotalPageFile size 37835M (AvailPageFile size 9511M)
current process WorkingSet (physical memory assigned to process): 323M, peak: 473M
current process commit charge ("private bytes"): 407M, peak: 814M

vm_info: OpenJDK 64-Bit Server VM (21.0.8+9-LTS) for windows-amd64 JRE (21.0.8+9-LTS), built on 2025-07-15T00:00:00Z by "admin" with MS VC++ 17.7 (VS2022)

END.
