#
# A fatal error has been detected by the Java Runtime Environment:
#
#  EXCEPTION_ACCESS_VIOLATION (0xc0000005) at pc=0x00007ffd1bb88c80, pid=40204, tid=38588
#
# JRE version: OpenJDK Runtime Environment Temurin-21.0.8+9 (21.0.8+9) (build 21.0.8+9-LTS)
# Java VM: OpenJDK 64-Bit Server VM Temurin-21.0.8+9 (21.0.8+9-LTS, mixed mode, sharing, tiered, compressed oops, compressed class ptrs, g1 gc, windows-amd64)
# Problematic frame:
# C  [owe-client-x64.dll+0x3c8c80]
#
# No core dump will be written. Minidumps are not enabled by default on client versions of Windows
#
# If you would like to submit a bug report, please visit:
#   https://github.com/adoptium/adoptium-support/issues
#

---------------  S U M M A R Y ------------

Command Line: -Djava.library.path=C:\MinecraftAlphaDev\libraries\natives -Dfile.encoding=UTF-8 -Dstdout.encoding=UTF-8 -Dstderr.encoding=UTF-8 -XX:+ShowCodeDetailsInExceptionMessages net.minecraft.client.Minecraft

Host: Intel(R) Core(TM) Ultra 7 155U, 14 cores, 31G,  Windows 11 , 64 bit Build 26100 (10.0.26100.4768)
Time: Mon Sep  8 21:53:27 2025 Central Daylight Time elapsed time: 25.820088 seconds (0d 0h 0m 25s)

---------------  T H R E A D  ---------------

Current thread (0x000002173078e340):  VMThread "VM Thread"          [id=38588, stack(0x0000004e6bc00000,0x0000004e6bd00000) (1024K)]

Stack: [0x0000004e6bc00000,0x0000004e6bd00000],  sp=0x0000004e6bcff1d8,  free space=1020k
Native frames: (J=compiled Java code, j=interpreted, Vv=VM code, C=native code)
C  [owe-client-x64.dll+0x3c8c80]


siginfo: EXCEPTION_ACCESS_VIOLATION (0xc0000005), data execution prevention violation at address 0x00007ffd1bb88c80


Registers:
RAX=0x00007ffd1bb2e300, RBX=0x0000000000000000, RCX=0x00000217761defa0, RDX=0x00007ffd1bbf5018
RSP=0x0000004e6bcff1d8, RBP=0x0000004e6bcff6d0, RSI=0x00007ffd999d0000, RDI=0x0000000000000001
R8 =0x000002170e6402c0, R9 =0x0000004e6b014000, R10=0x00007ffe183eeea0, R11=0x0000021730a46c70
R12=0x0000000000000001, R13=0x00007ffd99a2bdf0, R14=0x0000000000000000, R15=0x00007ffd999d0000
RIP=0x00007ffd1bb88c80, EFLAGS=0x0000000000010202

XMM[0]=0x0000000000000000 0x0000000000000000
XMM[1]=0x0000000000000000 0x0000000000000000
XMM[2]=0x0000000000000000 0x0000000000000000
XMM[3]=0x0000000000000000 0x0000000000000000
XMM[4]=0x0000000000000000 0x0000000000000000
XMM[5]=0x0000000000000000 0x0000000000000000
XMM[6]=0x0000000000000000 0x0000000000000000
XMM[7]=0x0000000000000000 0x404e000000000000
XMM[8]=0x0000000000000000 0x0000000000000000
XMM[9]=0x0000000000000000 0x0000000000000000
XMM[10]=0x0000000000000000 0x0000000000000000
XMM[11]=0x0000000000000000 0x0000000000000000
XMM[12]=0x0000000000000000 0x0000000000000000
XMM[13]=0x0000000000000000 0x0000000000000000
XMM[14]=0x0000000000000000 0x0000000000000000
XMM[15]=0x0000000000000000 0x0000000000000000
  MXCSR=0x00001fa0


Register to memory mapping:

RAX=0x00007ffd1bb2e300 owe-client-x64.dll
RBX=0x0 is null
RCX=0x00000217761defa0 points into unknown readable memory: 0x00007ffd1bb2e300 | 00 e3 b2 1b fd 7f 00 00
RDX=0x00007ffd1bbf5018 owe-client-x64.dll
RSP=0x0000004e6bcff1d8 points into unknown readable memory: 0x00007ffd1b87ac99 | 99 ac 87 1b fd 7f 00 00
RBP=0x0000004e6bcff6d0 points into unknown readable memory: 0x000002172fcb9180 | 80 91 cb 2f 17 02 00 00
RSI=0x00007ffd999d0000 opengl32.dll
RDI=0x0000000000000001 is an unknown value
R8 =0x000002170e6402c0 points into unknown readable memory: 0x00007ffd340c5460 | 60 54 0c 34 fd 7f 00 00
R9 =0x0000004e6b014000 points into unknown readable memory: 0x0000000000000000 | 00 00 00 00 00 00 00 00
R10=0x00007ffe183eeea0 ntdll.dll
R11=0x0000021730a46c70 points into unknown readable memory: 0x0000021730a461d0 | d0 61 a4 30 17 02 00 00
R12=0x0000000000000001 is an unknown value
R13=0x00007ffd99a2bdf0 opengl32.dll
R14=0x0 is null
R15=0x00007ffd999d0000 opengl32.dll

Top of Stack: (sp=0x0000004e6bcff1d8)
0x0000004e6bcff1d8:   00007ffd1b87ac99 00007ffd1bbfc7b8
0x0000004e6bcff1e8:   00007ffd1bbf5018 0000021776076870
0x0000004e6bcff1f8:   0000000000000000 fffffffffffffffe
0x0000004e6bcff208:   00007ffd1b87b0f7 00000217761defa0
0x0000004e6bcff218:   00007ffd1bbf5018 000002170eb8b178
0x0000004e6bcff228:   0000000000000000 0000000000000000
0x0000004e6bcff238:   00000217761defa0 00007ffd99a2bdf0
0x0000004e6bcff248:   00000217760cc900 00000217761dd3d0
0x0000004e6bcff258:   00007ffe182243e1 0000000000000001
0x0000004e6bcff268:   00007ffd999dca16 0000000000010000
0x0000004e6bcff278:   000002170eb8b0d8 0000021730a46c70
0x0000004e6bcff288:   00007ffe18224273 0000000000000001
0x0000004e6bcff298:   00007ffd999dc7d0 0000004e6bcff6d0
0x0000004e6bcff2a8:   0000000000000000 00007ffd999d0000
0x0000004e6bcff2b8:   0000000000000000 0000000000000000
0x0000004e6bcff2c8:   00007ffd999dc255 0000000000000000
0x0000004e6bcff2d8:   0000004e6bcff6d0 00007ffd999d0000
0x0000004e6bcff2e8:   0000000000000000 0000000000000000
0x0000004e6bcff2f8:   00007ffd99a2bf19 0000000000000001
0x0000004e6bcff308:   0000004e6bcff6d0 00007ffe165b0000
0x0000004e6bcff318:   00007ffe15f988c0 0000004e00000001
0x0000004e6bcff328:   00007ffe15eab8aa 0000004e6bcf0101
0x0000004e6bcff338:   0000004e6bcff3b8 0000004e6bcff6d0
0x0000004e6bcff348:   00000000c0000005 00007ffe00000000
0x0000004e6bcff358:   00007ffe15eab84d 0000000000000001
0x0000004e6bcff368:   00007ffe15f125ec 0000004e6bcff6d0
0x0000004e6bcff378:   0000004e6bcff3a8 fffffffffffffffe
0x0000004e6bcff388:   00007ffe15eab84d 0000000000000001
0x0000004e6bcff398:   00007ffe16446693 00007ffe16512c60
0x0000004e6bcff3a8:   c00000050000000d ffffffff0000000d
0x0000004e6bcff3b8:   0000004e6bcff3a0 0000000000000000
0x0000004e6bcff3c8:   00007ffe1644633f 0000000000000000 

Instructions: (pc=0x00007ffd1bb88c80)
0x00007ffd1bb88b80:   00 00 00 00 00 00 00 00 00 00 00 00 00 00 00 00
0x00007ffd1bb88b90:   40 e5 42 00 01 00 00 00 00 00 00 00 ff ff ff ff
0x00007ffd1bb88ba0:   00 00 00 00 40 00 00 00 60 8b 3c 00 00 00 00 00
0x00007ffd1bb88bb0:   00 00 00 00 00 00 00 00 00 00 00 00 00 00 00 00
0x00007ffd1bb88bc0:   01 00 00 00 d0 8b 3c 00 00 00 00 00 00 00 00 00
0x00007ffd1bb88bd0:   e0 8b 3c 00 00 00 00 00 00 00 00 00 00 00 00 00
0x00007ffd1bb88be0:   e8 e5 42 00 00 00 00 00 00 00 00 00 ff ff ff ff
0x00007ffd1bb88bf0:   00 00 00 00 40 00 00 00 b8 8b 3c 00 00 00 00 00
0x00007ffd1bb88c00:   00 00 00 00 00 00 00 00 01 00 00 00 00 00 00 00
0x00007ffd1bb88c10:   00 00 00 00 18 e6 42 00 30 8c 3c 00 08 8c 3c 00
0x00007ffd1bb88c20:   00 00 00 00 00 00 00 00 00 00 00 00 00 00 00 00
0x00007ffd1bb88c30:   00 00 00 00 00 00 00 00 01 00 00 00 48 8c 3c 00
0x00007ffd1bb88c40:   00 00 00 00 00 00 00 00 58 8c 3c 00 00 00 00 00
0x00007ffd1bb88c50:   00 00 00 00 00 00 00 00 18 e6 42 00 00 00 00 00
0x00007ffd1bb88c60:   00 00 00 00 ff ff ff ff 00 00 00 00 40 00 00 00
0x00007ffd1bb88c70:   30 8c 3c 00 00 00 00 00 00 00 00 00 00 00 00 00
0x00007ffd1bb88c80:   01 00 00 00 00 00 00 00 00 00 00 00 40 e6 42 00
0x00007ffd1bb88c90:   a8 8c 3c 00 80 8c 3c 00 00 00 00 00 00 00 00 00
0x00007ffd1bb88ca0:   00 00 00 00 00 00 00 00 00 00 00 00 01 00 00 00
0x00007ffd1bb88cb0:   03 00 00 00 c0 8c 3c 00 00 00 00 00 00 00 00 00
0x00007ffd1bb88cc0:   e0 8c 3c 00 58 8c 3c 00 08 8d 3c 00 00 00 00 00
0x00007ffd1bb88cd0:   00 00 00 00 00 00 00 00 00 00 00 00 00 00 00 00
0x00007ffd1bb88ce0:   40 e6 42 00 02 00 00 00 00 00 00 00 ff ff ff ff
0x00007ffd1bb88cf0:   00 00 00 00 40 00 00 00 a8 8c 3c 00 00 00 00 00
0x00007ffd1bb88d00:   00 00 00 00 00 00 00 00 60 e6 42 00 00 00 00 00
0x00007ffd1bb88d10:   10 00 00 00 ff ff ff ff 00 00 00 00 40 00 00 00
0x00007ffd1bb88d20:   30 8d 3c 00 00 00 00 00 00 00 00 00 00 00 00 00
0x00007ffd1bb88d30:   00 00 00 00 00 00 00 00 01 00 00 00 48 8d 3c 00
0x00007ffd1bb88d40:   00 00 00 00 00 00 00 00 58 8d 3c 00 00 00 00 00
0x00007ffd1bb88d50:   00 00 00 00 00 00 00 00 60 e6 42 00 00 00 00 00
0x00007ffd1bb88d60:   00 00 00 00 ff ff ff ff 00 00 00 00 40 00 00 00
0x00007ffd1bb88d70:   30 8d 3c 00 00 00 00 00 00 00 00 00 00 00 00 00 


Stack slot to memory mapping:

stack at sp + 0 slots: 0x00007ffd1b87ac99 owe-client-x64.dll
stack at sp + 1 slots: 0x00007ffd1bbfc7b8 owe-client-x64.dll
stack at sp + 2 slots: 0x00007ffd1bbf5018 owe-client-x64.dll
stack at sp + 3 slots: 0x0000021776076870 points into unknown readable memory: 0x00007ffe166d0150 | 50 01 6d 16 fe 7f 00 00
stack at sp + 4 slots: 0x0 is null
stack at sp + 5 slots: 0xfffffffffffffffe is an unknown value
stack at sp + 6 slots: 0x00007ffd1b87b0f7 owe-client-x64.dll
stack at sp + 7 slots: 0x00000217761defa0 points into unknown readable memory: 0x00007ffd1bb2e300 | 00 e3 b2 1b fd 7f 00 00

VM_Operation (0x0000004e6cafe820): Exit, mode: safepoint, requested by thread 0x0000021776027240


---------------  P R O C E S S  ---------------

Threads class SMR info:
_java_thread_list=0x0000021778acd510, length=19, elements={
0x00000217307a62a0, 0x00000217307a93a0, 0x00000217307ae590, 0x00000217307aebf0,
0x00000217307b23d0, 0x00000217307b1260, 0x00000217307c11d0, 0x00000217307c7f00,
0x0000021730900b00, 0x000002173090bf60, 0x0000021776000290, 0x0000021776001110,
0x0000021776027240, 0x000002177607e860, 0x000002170e786f70, 0x00000217766077d0,
0x000002177d5ce8e0, 0x000002177ce4cd50, 0x000002177ce4e790
}

Java Threads: ( => current thread )
  0x00000217307a62a0 JavaThread "Reference Handler"          daemon [_thread_blocked, id=40172, stack(0x0000004e6bd00000,0x0000004e6be00000) (1024K)]
  0x00000217307a93a0 JavaThread "Finalizer"                  daemon [_thread_blocked, id=41136, stack(0x0000004e6be00000,0x0000004e6bf00000) (1024K)]
  0x00000217307ae590 JavaThread "Signal Dispatcher"          daemon [_thread_blocked, id=38696, stack(0x0000004e6bf00000,0x0000004e6c000000) (1024K)]
  0x00000217307aebf0 JavaThread "Attach Listener"            daemon [_thread_blocked, id=40280, stack(0x0000004e6c000000,0x0000004e6c100000) (1024K)]
  0x00000217307b23d0 JavaThread "Service Thread"             daemon [_thread_blocked, id=12896, stack(0x0000004e6c100000,0x0000004e6c200000) (1024K)]
  0x00000217307b1260 JavaThread "Monitor Deflation Thread"   daemon [_thread_blocked, id=27664, stack(0x0000004e6c200000,0x0000004e6c300000) (1024K)]
  0x00000217307c11d0 JavaThread "C2 CompilerThread0"         daemon [_thread_blocked, id=5468, stack(0x0000004e6c300000,0x0000004e6c400000) (1024K)]
  0x00000217307c7f00 JavaThread "C1 CompilerThread0"         daemon [_thread_blocked, id=23996, stack(0x0000004e6c400000,0x0000004e6c500000) (1024K)]
  0x0000021730900b00 JavaThread "Notification Thread"        daemon [_thread_blocked, id=25056, stack(0x0000004e6c500000,0x0000004e6c600000) (1024K)]
  0x000002173090bf60 JavaThread "Common-Cleaner"             daemon [_thread_blocked, id=40644, stack(0x0000004e6c600000,0x0000004e6c700000) (1024K)]
  0x0000021776000290 JavaThread "Java2D Disposer"            daemon [_thread_blocked, id=24916, stack(0x0000004e6c700000,0x0000004e6c800000) (1024K)]
  0x0000021776001110 JavaThread "AWT-Shutdown"                      [_thread_blocked, id=3588, stack(0x0000004e6c800000,0x0000004e6c900000) (1024K)]
  0x0000021776027240 JavaThread "AWT-EventQueue-0"                  [_thread_blocked, id=5312, stack(0x0000004e6ca00000,0x0000004e6cb00000) (1024K)]
  0x000002177607e860 JavaThread "Timer hack thread"          daemon [_thread_blocked, id=31964, stack(0x0000004e6cb00000,0x0000004e6cc00000) (1024K)]
  0x000002170e786f70 JavaThread "DestroyJavaVM"                     [_thread_blocked, id=38940, stack(0x0000004e6b500000,0x0000004e6b600000) (1024K)]
  0x00000217766077d0 JavaThread "Thread-2"                   daemon [_thread_in_native, id=38404, stack(0x0000004e6d700000,0x0000004e6d800000) (1024K)]
  0x000002177d5ce8e0 JavaThread "Thread-3"                          [_thread_blocked, id=26600, stack(0x0000004e6d800000,0x0000004e6d900000) (1024K)]
  0x000002177ce4cd50 JavaThread "Thread-4"                          [_thread_blocked, id=27144, stack(0x0000004e6db00000,0x0000004e6dc00000) (1024K)]
  0x000002177ce4e790 JavaThread "Keep-Alive-Timer"           daemon [_thread_blocked, id=30888, stack(0x0000004e6ed00000,0x0000004e6ee00000) (1024K)]
Total: 19

Other Threads:
=>0x000002173078e340 VMThread "VM Thread"                           [id=38588, stack(0x0000004e6bc00000,0x0000004e6bd00000) (1024K)]
  0x0000021710d24a10 WorkerThread "GC Thread#0"                     [id=13172, stack(0x0000004e6b600000,0x0000004e6b700000) (1024K)]
  0x00000217783da470 WorkerThread "GC Thread#1"                     [id=13928, stack(0x0000004e6e200000,0x0000004e6e300000) (1024K)]
  0x00000217783d83c0 WorkerThread "GC Thread#2"                     [id=28416, stack(0x0000004e6e300000,0x0000004e6e400000) (1024K)]
  0x00000217783d7c80 WorkerThread "GC Thread#3"                     [id=15876, stack(0x0000004e6e400000,0x0000004e6e500000) (1024K)]
  0x00000217783d8760 WorkerThread "GC Thread#4"                     [id=37040, stack(0x0000004e6e500000,0x0000004e6e600000) (1024K)]
  0x00000217783d8020 WorkerThread "GC Thread#5"                     [id=38472, stack(0x0000004e6e600000,0x0000004e6e700000) (1024K)]
  0x0000021778386b10 WorkerThread "GC Thread#6"                     [id=12692, stack(0x0000004e6e700000,0x0000004e6e800000) (1024K)]
  0x0000021778385550 WorkerThread "GC Thread#7"                     [id=38392, stack(0x0000004e6e800000,0x0000004e6e900000) (1024K)]
  0x00000217783851b0 WorkerThread "GC Thread#8"                     [id=40164, stack(0x0000004e6e900000,0x0000004e6ea00000) (1024K)]
  0x0000021778386eb0 WorkerThread "GC Thread#9"                     [id=35072, stack(0x0000004e6ea00000,0x0000004e6eb00000) (1024K)]
  0x00000217783863d0 WorkerThread "GC Thread#10"                    [id=32108, stack(0x0000004e6eb00000,0x0000004e6ec00000) (1024K)]
  0x0000021710d35490 ConcurrentGCThread "G1 Main Marker"            terminated
  0x0000021710d374c0 WorkerThread "G1 Conc#0"                       [id=23304, stack(0x0000004e6b800000,0x0000004e6b900000) (1024K)]
  0x0000021778388810 WorkerThread "G1 Conc#1"                       [id=17832, stack(0x0000004e6d400000,0x0000004e6d500000) (1024K)]
  0x00000217783875f0 WorkerThread "G1 Conc#2"                       [id=13400, stack(0x0000004e6df00000,0x0000004e6e000000) (1024K)]
  0x000002172fcb7940 ConcurrentGCThread "G1 Refine#0"               terminated
  0x000002172fcbba00 ConcurrentGCThread "G1 Service"                terminated
Total: 18

Threads with active compile tasks:
Total: 0

VM state: at safepoint (shutting down)

VM Mutex/Monitor currently owned by a thread:  ([mutex/lock_event])
[0x00007ffd340c5458] Threads_lock - owner thread: 0x000002173078e340
[0x00007ffd340c5558] Heap_lock - owner thread: 0x0000021776027240

Heap address: 0x0000000608c00000, size: 8052 MB, Compressed Oops mode: Zero based, Oop shift amount: 3

CDS archive(s) mapped at: [0x0000021731000000-0x0000021731c80000-0x0000021731c80000), size 13107200, SharedBaseAddress: 0x0000021731000000, ArchiveRelocationMode: 1.
Compressed class space mapped at: 0x0000021732000000-0x0000021772000000, reserved size: 1073741824
Narrow klass base: 0x0000021731000000, Narrow klass shift: 0, Narrow klass range: 0x100000000

GC Precious Log:
 CardTable entry size: 512
 Card Set container configuration: InlinePtr #cards 4 size 8 Array Of Cards #cards 32 size 80 Howl #buckets 8 coarsen threshold 7372 Howl Bitmap #cards 1024 size 144 coarsen threshold 921 Card regions per heap region 1 cards per card region 8192
 CPUs: 14 total, 14 available
 Memory: 32203M
 Large Page Support: Disabled
 NUMA Support: Disabled
 Compressed Oops: Enabled (Zero based)
 Heap Region Size: 4M
 Heap Min Capacity: 8M
 Heap Initial Capacity: 504M
 Heap Max Capacity: 8052M
 Pre-touch: Disabled
 Parallel Workers: 11
 Concurrent Workers: 3
 Concurrent Refinement Workers: 11
 Periodic GC: Disabled

Heap:
 garbage-first heap   total 221184K, used 55483K [0x0000000608c00000, 0x0000000800000000)
  region size 4096K, 1 young (4096K), 0 survivors (0K)
 Metaspace       used 13481K, committed 13760K, reserved 1114112K
  class space    used 1251K, committed 1408K, reserved 1048576K

Heap Regions: E=young(eden), S=young(survivor), O=old, HS=humongous(starts), HC=humongous(continues), CS=collection set, F=free, TAMS=top-at-mark-start, PB=parsable bottom
|   0|0x0000000608c00000, 0x0000000609000000, 0x0000000609000000|100%|HS|  |TAMS 0x0000000608c00000| PB 0x0000000608c00000| Untracked 
|   1|0x0000000609000000, 0x0000000609400000, 0x0000000609400000|100%|HC|  |TAMS 0x0000000609000000| PB 0x0000000609000000| Untracked 
|   2|0x0000000609400000, 0x0000000609800000, 0x0000000609800000|100%|HC|  |TAMS 0x0000000609400000| PB 0x0000000609400000| Untracked 
|   3|0x0000000609800000, 0x0000000609bfffd8, 0x0000000609c00000| 99%| O|  |TAMS 0x0000000609800000| PB 0x0000000609800000| Untracked 
|   4|0x0000000609c00000, 0x000000060a000000, 0x000000060a000000|100%| O|  |TAMS 0x0000000609c00000| PB 0x0000000609c00000| Untracked 
|   5|0x000000060a000000, 0x000000060a3fff98, 0x000000060a400000| 99%| O|  |TAMS 0x000000060a000000| PB 0x000000060a000000| Untracked 
|   6|0x000000060a400000, 0x000000060a800000, 0x000000060a800000|100%| O|  |TAMS 0x000000060a400000| PB 0x000000060a400000| Untracked 
|   7|0x000000060a800000, 0x000000060ac00000, 0x000000060ac00000|100%| O|  |TAMS 0x000000060a800000| PB 0x000000060a800000| Untracked 
|   8|0x000000060ac00000, 0x000000060b000000, 0x000000060b000000|100%| O|  |TAMS 0x000000060ac00000| PB 0x000000060ac00000| Untracked 
|   9|0x000000060b000000, 0x000000060b400000, 0x000000060b400000|100%| O|  |TAMS 0x000000060b000000| PB 0x000000060b000000| Untracked 
|  10|0x000000060b400000, 0x000000060b7499b0, 0x000000060b800000| 82%| O|  |TAMS 0x000000060b400000| PB 0x000000060b400000| Untracked 
|  11|0x000000060b800000, 0x000000060bbfc280, 0x000000060bc00000| 99%| O|  |TAMS 0x000000060b800000| PB 0x000000060b800000| Untracked 
|  12|0x000000060bc00000, 0x000000060bd5fb40, 0x000000060c000000| 34%| O|  |TAMS 0x000000060bc00000| PB 0x000000060bc00000| Untracked 
|  13|0x000000060c000000, 0x000000060c20d4f8, 0x000000060c400000| 51%| O|  |TAMS 0x000000060c000000| PB 0x000000060c000000| Untracked 
|  14|0x000000060c400000, 0x000000060c400000, 0x000000060c800000|  0%| F|  |TAMS 0x000000060c400000| PB 0x000000060c400000| Untracked 
|  15|0x000000060c800000, 0x000000060cb0ad50, 0x000000060cc00000| 76%| O|  |TAMS 0x000000060c800000| PB 0x000000060c800000| Untracked 
|  16|0x000000060cc00000, 0x000000060cc71640, 0x000000060d000000| 11%| O|  |TAMS 0x000000060cc00000| PB 0x000000060cc00000| Untracked 
|  17|0x000000060d000000, 0x000000060d000000, 0x000000060d400000|  0%| F|  |TAMS 0x000000060d000000| PB 0x000000060d000000| Untracked 
|  18|0x000000060d400000, 0x000000060d400000, 0x000000060d800000|  0%| F|  |TAMS 0x000000060d400000| PB 0x000000060d400000| Untracked 
|  19|0x000000060d800000, 0x000000060d800000, 0x000000060dc00000|  0%| F|  |TAMS 0x000000060d800000| PB 0x000000060d800000| Untracked 
|  20|0x000000060dc00000, 0x000000060dc00000, 0x000000060e000000|  0%| F|  |TAMS 0x000000060dc00000| PB 0x000000060dc00000| Untracked 
|  21|0x000000060e000000, 0x000000060e000000, 0x000000060e400000|  0%| F|  |TAMS 0x000000060e000000| PB 0x000000060e000000| Untracked 
|  22|0x000000060e400000, 0x000000060e400000, 0x000000060e800000|  0%| F|  |TAMS 0x000000060e400000| PB 0x000000060e400000| Untracked 
|  23|0x000000060e800000, 0x000000060e800000, 0x000000060ec00000|  0%| F|  |TAMS 0x000000060e800000| PB 0x000000060e800000| Untracked 
|  24|0x000000060ec00000, 0x000000060ec00000, 0x000000060f000000|  0%| F|  |TAMS 0x000000060ec00000| PB 0x000000060ec00000| Untracked 
|  25|0x000000060f000000, 0x000000060f000000, 0x000000060f400000|  0%| F|  |TAMS 0x000000060f000000| PB 0x000000060f000000| Untracked 
|  26|0x000000060f400000, 0x000000060f400000, 0x000000060f800000|  0%| F|  |TAMS 0x000000060f400000| PB 0x000000060f400000| Untracked 
|  27|0x000000060f800000, 0x000000060f800000, 0x000000060fc00000|  0%| F|  |TAMS 0x000000060f800000| PB 0x000000060f800000| Untracked 
|  28|0x000000060fc00000, 0x000000060fc00000, 0x0000000610000000|  0%| F|  |TAMS 0x000000060fc00000| PB 0x000000060fc00000| Untracked 
|  29|0x0000000610000000, 0x0000000610000000, 0x0000000610400000|  0%| F|  |TAMS 0x0000000610000000| PB 0x0000000610000000| Untracked 
|  30|0x0000000610400000, 0x0000000610400000, 0x0000000610800000|  0%| F|  |TAMS 0x0000000610400000| PB 0x0000000610400000| Untracked 
|  31|0x0000000610800000, 0x0000000610800000, 0x0000000610c00000|  0%| F|  |TAMS 0x0000000610800000| PB 0x0000000610800000| Untracked 
|  32|0x0000000610c00000, 0x0000000610c00000, 0x0000000611000000|  0%| F|  |TAMS 0x0000000610c00000| PB 0x0000000610c00000| Untracked 
|  33|0x0000000611000000, 0x0000000611000000, 0x0000000611400000|  0%| F|  |TAMS 0x0000000611000000| PB 0x0000000611000000| Untracked 
|  34|0x0000000611400000, 0x0000000611400000, 0x0000000611800000|  0%| F|  |TAMS 0x0000000611400000| PB 0x0000000611400000| Untracked 
|  35|0x0000000611800000, 0x0000000611800000, 0x0000000611c00000|  0%| F|  |TAMS 0x0000000611800000| PB 0x0000000611800000| Untracked 
|  36|0x0000000611c00000, 0x0000000611c00000, 0x0000000612000000|  0%| F|  |TAMS 0x0000000611c00000| PB 0x0000000611c00000| Untracked 
|  37|0x0000000612000000, 0x0000000612000000, 0x0000000612400000|  0%| F|  |TAMS 0x0000000612000000| PB 0x0000000612000000| Untracked 
|  38|0x0000000612400000, 0x0000000612400000, 0x0000000612800000|  0%| F|  |TAMS 0x0000000612400000| PB 0x0000000612400000| Untracked 
|  39|0x0000000612800000, 0x0000000612800000, 0x0000000612c00000|  0%| F|  |TAMS 0x0000000612800000| PB 0x0000000612800000| Untracked 
|  40|0x0000000612c00000, 0x0000000612c00000, 0x0000000613000000|  0%| F|  |TAMS 0x0000000612c00000| PB 0x0000000612c00000| Untracked 
|  41|0x0000000613000000, 0x0000000613000000, 0x0000000613400000|  0%| F|  |TAMS 0x0000000613000000| PB 0x0000000613000000| Untracked 
|  42|0x0000000613400000, 0x0000000613400000, 0x0000000613800000|  0%| F|  |TAMS 0x0000000613400000| PB 0x0000000613400000| Untracked 
|  43|0x0000000613800000, 0x0000000613800000, 0x0000000613c00000|  0%| F|  |TAMS 0x0000000613800000| PB 0x0000000613800000| Untracked 
|  44|0x0000000613c00000, 0x0000000613c00000, 0x0000000614000000|  0%| F|  |TAMS 0x0000000613c00000| PB 0x0000000613c00000| Untracked 
|  45|0x0000000614000000, 0x0000000614000000, 0x0000000614400000|  0%| F|  |TAMS 0x0000000614000000| PB 0x0000000614000000| Untracked 
|  46|0x0000000614400000, 0x0000000614400000, 0x0000000614800000|  0%| F|  |TAMS 0x0000000614400000| PB 0x0000000614400000| Untracked 
|  47|0x0000000614800000, 0x0000000614800000, 0x0000000614c00000|  0%| F|  |TAMS 0x0000000614800000| PB 0x0000000614800000| Untracked 
|  48|0x0000000614c00000, 0x0000000614c00000, 0x0000000615000000|  0%| F|  |TAMS 0x0000000614c00000| PB 0x0000000614c00000| Untracked 
|  49|0x0000000615000000, 0x0000000615000000, 0x0000000615400000|  0%| F|  |TAMS 0x0000000615000000| PB 0x0000000615000000| Untracked 
|  50|0x0000000615400000, 0x0000000615400000, 0x0000000615800000|  0%| F|  |TAMS 0x0000000615400000| PB 0x0000000615400000| Untracked 
|  51|0x0000000615800000, 0x0000000615800000, 0x0000000615c00000|  0%| F|  |TAMS 0x0000000615800000| PB 0x0000000615800000| Untracked 
|  52|0x0000000615c00000, 0x0000000615c00000, 0x0000000616000000|  0%| F|  |TAMS 0x0000000615c00000| PB 0x0000000615c00000| Untracked 
|  53|0x0000000616000000, 0x00000006163a5cf0, 0x0000000616400000| 91%| E|  |TAMS 0x0000000616000000| PB 0x0000000616000000| Complete 

Card table byte_map: [0x0000021724c40000,0x0000021725c00000] _byte_map_base: 0x0000021721bfa000

Marking Bits: (CMBitMap*) 0x0000021710d25020
 Bits: [0x0000021725c00000, 0x000002172d9d0000)

Polling page: 0x000002170ea80000

Metaspace:

Usage:
  Non-class:     11.94 MB used.
      Class:      1.22 MB used.
       Both:     13.17 MB used.

Virtual space:
  Non-class space:       64.00 MB reserved,      12.06 MB ( 19%) committed,  1 nodes.
      Class space:        1.00 GB reserved,       1.38 MB ( <1%) committed,  1 nodes.
             Both:        1.06 GB reserved,      13.44 MB (  1%) committed. 

Chunk freelists:
   Non-Class:  3.94 MB
       Class:  14.61 MB
        Both:  18.55 MB

MaxMetaspaceSize: unlimited
CompressedClassSpaceSize: 1.00 GB
Initial GC threshold: 21.00 MB
Current GC threshold: 22.44 MB
CDS: on
 - commit_granule_bytes: 65536.
 - commit_granule_words: 8192.
 - virtual_space_node_default_size: 8388608.
 - enlarge_chunks_in_place: 1.
 - use_allocation_guard: 0.


Internal statistics:

num_allocs_failed_limit: 0.
num_arena_births: 204.
num_arena_deaths: 0.
num_vsnodes_births: 2.
num_vsnodes_deaths: 0.
num_space_committed: 213.
num_space_uncommitted: 0.
num_chunks_returned_to_freelist: 0.
num_chunks_taken_from_freelist: 443.
num_chunk_merges: 0.
num_chunk_splits: 270.
num_chunks_enlarged: 158.
num_inconsistent_stats: 0.

CodeHeap 'non-profiled nmethods': size=120000Kb used=2655Kb max_used=2810Kb free=117344Kb
 bounds [0x000002171c0f0000, 0x000002171c3b0000, 0x0000021723620000]
CodeHeap 'profiled nmethods': size=120000Kb used=4806Kb max_used=5171Kb free=115193Kb
 bounds [0x0000021714620000, 0x0000021714b30000, 0x000002171bb50000]
CodeHeap 'non-nmethods': size=5760Kb used=1733Kb max_used=1784Kb free=4026Kb
 bounds [0x000002171bb50000, 0x000002171bdc0000, 0x000002171c0f0000]
CodeCache: size=245760Kb, used=9194Kb, max_used=9765Kb, free=236563Kb
 total_blobs=3490, nmethods=2722, adapters=672, full_count=0
Compilation: enabled, stopped_count=0, restarted_count=0

Compilation events (20 events):
Event: 23.989 Thread 0x00000217307c7f00 3107       3       net.minecraft.src.NBTTagCompound::setString (24 bytes)
Event: 23.990 Thread 0x00000217307c7f00 nmethod 3107 0x0000021714b2b410 code [0x0000021714b2b600, 0x0000021714b2bc18]
Event: 23.990 Thread 0x00000217307c7f00 3108       3       net.minecraft.src.Entity::writeToNBT (150 bytes)
Event: 23.991 Thread 0x00000217307c7f00 nmethod 3108 0x0000021714b2be10 code [0x0000021714b2c0e0, 0x0000021714b2d170]
Event: 24.007 Thread 0x00000217307c11d0 3109       4       java.nio.HeapByteBuffer::compact (85 bytes)
Event: 24.011 Thread 0x00000217307c11d0 nmethod 3109 0x000002171c3ae390 code [0x000002171c3ae540, 0x000002171c3ae7c0]
Event: 24.037 Thread 0x00000217307c7f00 3110       3       net.minecraft.src.GuiMainMenu::getRandom (4 bytes)
Event: 24.038 Thread 0x00000217307c7f00 nmethod 3110 0x000002171477ab90 code [0x000002171477ad20, 0x000002171477ae18]
Event: 24.038 Thread 0x00000217307c7f00 3111       3       net.minecraft.src.LogoEffectRandomizer::<init> (38 bytes)
Event: 24.038 Thread 0x00000217307c7f00 nmethod 3111 0x00000217148b6690 code [0x00000217148b68a0, 0x00000217148b6db8]
Event: 24.038 Thread 0x00000217307c7f00 3112       3       net.minecraft.src.GuiMainMenu::drawLogo (643 bytes)
Event: 24.041 Thread 0x00000217307c7f00 nmethod 3112 0x0000021714953310 code [0x00000217149539a0, 0x0000021714955890]
Event: 24.103 Thread 0x00000217307c7f00 3113       3       org.lwjgl.opengl.GL11::glCullFace (19 bytes)
Event: 24.104 Thread 0x00000217307c7f00 nmethod 3113 0x00000217148c7690 code [0x00000217148c78c0, 0x00000217148c8060]
Event: 24.236 Thread 0x00000217307c11d0 3114       4       jdk.internal.misc.Unsafe::allocateUninitializedArray (55 bytes)
Event: 24.238 Thread 0x00000217307c11d0 nmethod 3114 0x000002171c1bf290 code [0x000002171c1bf420, 0x000002171c1bf608]
Event: 24.259 Thread 0x00000217307c11d0 3115       4       net.minecraft.src.GuiMainMenu::drawLogo (643 bytes)
Event: 24.435 Thread 0x00000217307c11d0 nmethod 3115 0x000002171c22ed10 code [0x000002171c22f580, 0x000002171c232ff8]
Event: 24.436 Thread 0x00000217307c11d0 3116       4       java.lang.System::getSecurityManager (12 bytes)
Event: 24.436 Thread 0x00000217307c11d0 nmethod 3116 0x000002171c1d1510 code [0x000002171c1d1680, 0x000002171c1d16e8]

GC Heap History (20 events):
Event: 3.381 GC heap before
{Heap before GC invocations=0 (full 0):
 garbage-first heap   total 516096K, used 32768K [0x0000000608c00000, 0x0000000800000000)
  region size 4096K, 6 young (24576K), 0 survivors (0K)
 Metaspace       used 11941K, committed 12160K, reserved 1114112K
  class space    used 1170K, committed 1280K, reserved 1048576K
}
Event: 3.392 GC heap after
{Heap after GC invocations=1 (full 0):
 garbage-first heap   total 516096K, used 17691K [0x0000000608c00000, 0x0000000800000000)
  region size 4096K, 1 young (4096K), 1 survivors (4096K)
 Metaspace       used 11941K, committed 12160K, reserved 1114112K
  class space    used 1170K, committed 1280K, reserved 1048576K
}
Event: 6.038 GC heap before
{Heap before GC invocations=1 (full 0):
 garbage-first heap   total 516096K, used 17691K [0x0000000608c00000, 0x0000000800000000)
  region size 4096K, 2 young (8192K), 1 survivors (4096K)
 Metaspace       used 12389K, committed 12672K, reserved 1114112K
  class space    used 1204K, committed 1344K, reserved 1048576K
}
Event: 6.057 GC heap after
{Heap after GC invocations=2 (full 1):
 garbage-first heap   total 69632K, used 17422K [0x0000000608c00000, 0x0000000800000000)
  region size 4096K, 0 young (0K), 0 survivors (0K)
 Metaspace       used 12389K, committed 12672K, reserved 1114112K
  class space    used 1204K, committed 1344K, reserved 1048576K
}
Event: 6.057 GC heap before
{Heap before GC invocations=2 (full 1):
 garbage-first heap   total 69632K, used 17422K [0x0000000608c00000, 0x0000000800000000)
  region size 4096K, 0 young (0K), 0 survivors (0K)
 Metaspace       used 12389K, committed 12672K, reserved 1114112K
  class space    used 1204K, committed 1344K, reserved 1048576K
}
Event: 6.081 GC heap after
{Heap after GC invocations=3 (full 2):
 garbage-first heap   total 69632K, used 17422K [0x0000000608c00000, 0x0000000800000000)
  region size 4096K, 0 young (0K), 0 survivors (0K)
 Metaspace       used 12389K, committed 12672K, reserved 1114112K
  class space    used 1204K, committed 1344K, reserved 1048576K
}
Event: 9.253 GC heap before
{Heap before GC invocations=3 (full 2):
 garbage-first heap   total 69632K, used 37902K [0x0000000608c00000, 0x0000000800000000)
  region size 4096K, 5 young (20480K), 0 survivors (0K)
 Metaspace       used 12564K, committed 12800K, reserved 1114112K
  class space    used 1214K, committed 1344K, reserved 1048576K
}
Event: 9.264 GC heap after
{Heap after GC invocations=4 (full 2):
 garbage-first heap   total 69632K, used 35408K [0x0000000608c00000, 0x0000000800000000)
  region size 4096K, 1 young (4096K), 1 survivors (4096K)
 Metaspace       used 12564K, committed 12800K, reserved 1114112K
  class space    used 1214K, committed 1344K, reserved 1048576K
}
Event: 9.813 GC heap before
{Heap before GC invocations=4 (full 2):
 garbage-first heap   total 69632K, used 39504K [0x0000000608c00000, 0x0000000800000000)
  region size 4096K, 2 young (8192K), 1 survivors (4096K)
 Metaspace       used 12583K, committed 12800K, reserved 1114112K
  class space    used 1214K, committed 1344K, reserved 1048576K
}
Event: 9.818 GC heap after
{Heap after GC invocations=5 (full 2):
 garbage-first heap   total 69632K, used 38778K [0x0000000608c00000, 0x0000000800000000)
  region size 4096K, 1 young (4096K), 1 survivors (4096K)
 Metaspace       used 12583K, committed 12800K, reserved 1114112K
  class space    used 1214K, committed 1344K, reserved 1048576K
}
Event: 10.200 GC heap before
{Heap before GC invocations=6 (full 2):
 garbage-first heap   total 77824K, used 42874K [0x0000000608c00000, 0x0000000800000000)
  region size 4096K, 2 young (8192K), 1 survivors (4096K)
 Metaspace       used 12629K, committed 12864K, reserved 1114112K
  class space    used 1219K, committed 1344K, reserved 1048576K
}
Event: 10.205 GC heap after
{Heap after GC invocations=7 (full 2):
 garbage-first heap   total 77824K, used 42582K [0x0000000608c00000, 0x0000000800000000)
  region size 4096K, 1 young (4096K), 1 survivors (4096K)
 Metaspace       used 12629K, committed 12864K, reserved 1114112K
  class space    used 1219K, committed 1344K, reserved 1048576K
}
Event: 10.319 GC heap before
{Heap before GC invocations=7 (full 2):
 garbage-first heap   total 77824K, used 42582K [0x0000000608c00000, 0x0000000800000000)
  region size 4096K, 2 young (8192K), 1 survivors (4096K)
 Metaspace       used 12655K, committed 12928K, reserved 1114112K
  class space    used 1222K, committed 1344K, reserved 1048576K
}
Event: 10.359 GC heap after
{Heap after GC invocations=8 (full 3):
 garbage-first heap   total 77824K, used 43247K [0x0000000608c00000, 0x0000000800000000)
  region size 4096K, 0 young (0K), 0 survivors (0K)
 Metaspace       used 12655K, committed 12928K, reserved 1114112K
  class space    used 1222K, committed 1344K, reserved 1048576K
}
Event: 16.645 GC heap before
{Heap before GC invocations=8 (full 3):
 garbage-first heap   total 77824K, used 47343K [0x0000000608c00000, 0x0000000800000000)
  region size 4096K, 2 young (8192K), 0 survivors (0K)
 Metaspace       used 13033K, committed 13312K, reserved 1114112K
  class space    used 1243K, committed 1408K, reserved 1048576K
}
Event: 16.648 GC heap after
{Heap after GC invocations=9 (full 3):
 garbage-first heap   total 77824K, used 47423K [0x0000000608c00000, 0x0000000800000000)
  region size 4096K, 1 young (4096K), 1 survivors (4096K)
 Metaspace       used 13033K, committed 13312K, reserved 1114112K
  class space    used 1243K, committed 1408K, reserved 1048576K
}
Event: 17.266 GC heap before
{Heap before GC invocations=10 (full 3):
 garbage-first heap   total 90112K, used 51519K [0x0000000608c00000, 0x0000000800000000)
  region size 4096K, 2 young (8192K), 1 survivors (4096K)
 Metaspace       used 13118K, committed 13376K, reserved 1114112K
  class space    used 1244K, committed 1408K, reserved 1048576K
}
Event: 17.272 GC heap after
{Heap after GC invocations=11 (full 3):
 garbage-first heap   total 303104K, used 50612K [0x0000000608c00000, 0x0000000800000000)
  region size 4096K, 1 young (4096K), 1 survivors (4096K)
 Metaspace       used 13118K, committed 13376K, reserved 1114112K
  class space    used 1244K, committed 1408K, reserved 1048576K
}
Event: 24.018 GC heap before
{Heap before GC invocations=11 (full 3):
 garbage-first heap   total 303104K, used 62900K [0x0000000608c00000, 0x0000000800000000)
  region size 4096K, 6 young (24576K), 1 survivors (4096K)
 Metaspace       used 13471K, committed 13760K, reserved 1114112K
  class space    used 1249K, committed 1408K, reserved 1048576K
}
Event: 24.035 GC heap after
{Heap after GC invocations=12 (full 4):
 garbage-first heap   total 221184K, used 55483K [0x0000000608c00000, 0x0000000800000000)
  region size 4096K, 0 young (0K), 0 survivors (0K)
 Metaspace       used 13471K, committed 13760K, reserved 1114112K
  class space    used 1249K, committed 1408K, reserved 1048576K
}

Dll operation events (15 events):
Event: 0.013 Loaded shared library C:\Users\gagek\.p2\pool\plugins\org.eclipse.justj.openjdk.hotspot.jre.full.win32.x86_64_21.0.8.v20250724-1412\jre\bin\java.dll
Event: 0.071 Loaded shared library C:\Users\gagek\.p2\pool\plugins\org.eclipse.justj.openjdk.hotspot.jre.full.win32.x86_64_21.0.8.v20250724-1412\jre\bin\zip.dll
Event: 0.133 Loaded shared library C:\Users\gagek\.p2\pool\plugins\org.eclipse.justj.openjdk.hotspot.jre.full.win32.x86_64_21.0.8.v20250724-1412\jre\bin\net.dll
Event: 0.137 Loaded shared library C:\Users\gagek\.p2\pool\plugins\org.eclipse.justj.openjdk.hotspot.jre.full.win32.x86_64_21.0.8.v20250724-1412\jre\bin\nio.dll
Event: 0.142 Loaded shared library C:\Users\gagek\.p2\pool\plugins\org.eclipse.justj.openjdk.hotspot.jre.full.win32.x86_64_21.0.8.v20250724-1412\jre\bin\zip.dll
Event: 0.253 Loaded shared library C:\Users\gagek\.p2\pool\plugins\org.eclipse.justj.openjdk.hotspot.jre.full.win32.x86_64_21.0.8.v20250724-1412\jre\bin\jimage.dll
Event: 0.294 Loaded shared library C:\Users\gagek\.p2\pool\plugins\org.eclipse.justj.openjdk.hotspot.jre.full.win32.x86_64_21.0.8.v20250724-1412\jre\bin\awt.dll
Event: 0.556 Loaded shared library C:\Users\gagek\.p2\pool\plugins\org.eclipse.justj.openjdk.hotspot.jre.full.win32.x86_64_21.0.8.v20250724-1412\jre\bin\freetype.dll
Event: 0.557 Loaded shared library C:\Users\gagek\.p2\pool\plugins\org.eclipse.justj.openjdk.hotspot.jre.full.win32.x86_64_21.0.8.v20250724-1412\jre\bin\fontmanager.dll
Event: 0.842 Loaded shared library C:\Users\gagek\.p2\pool\plugins\org.eclipse.justj.openjdk.hotspot.jre.full.win32.x86_64_21.0.8.v20250724-1412\jre\bin\verify.dll
Event: 0.867 Loaded shared library C:\MinecraftAlphaDev\libraries\natives\lwjgl64.dll
Event: 0.905 Loaded shared library C:\Users\gagek\.p2\pool\plugins\org.eclipse.justj.openjdk.hotspot.jre.full.win32.x86_64_21.0.8.v20250724-1412\jre\bin\jawt.dll
Event: 2.175 Loaded shared library C:\MinecraftAlphaDev\libraries\natives\jinput-dx8_64.dll
Event: 2.429 Loaded shared library C:\MinecraftAlphaDev\libraries\natives\jinput-raw_64.dll
Event: 3.317 Loaded shared library C:\Users\gagek\.p2\pool\plugins\org.eclipse.justj.openjdk.hotspot.jre.full.win32.x86_64_21.0.8.v20250724-1412\jre\bin\extnet.dll

Deoptimization events (20 events):
Event: 24.240 Thread 0x0000021776097980 Uncommon trap: trap_request=0xffffffde fr.pc=0x000002171c1bf54c relative=0x000000000000012c
Event: 24.240 Thread 0x0000021776097980 Uncommon trap: reason=class_check action=maybe_recompile pc=0x000002171c1bf54c method=jdk.internal.misc.Unsafe.allocateUninitializedArray(Ljava/lang/Class;I)Ljava/lang/Object; @ 51 c2
Event: 24.240 Thread 0x0000021776097980 DEOPT PACKING pc=0x000002171c1bf54c sp=0x0000004e6ccff2f0
Event: 24.240 Thread 0x0000021776097980 DEOPT UNPACKING pc=0x000002171bba46a2 sp=0x0000004e6ccff268 mode 2
Event: 24.240 Thread 0x0000021776097980 Uncommon trap: trap_request=0xffffffde fr.pc=0x000002171c1bf54c relative=0x000000000000012c
Event: 24.240 Thread 0x0000021776097980 Uncommon trap: reason=class_check action=maybe_recompile pc=0x000002171c1bf54c method=jdk.internal.misc.Unsafe.allocateUninitializedArray(Ljava/lang/Class;I)Ljava/lang/Object; @ 51 c2
Event: 24.240 Thread 0x0000021776097980 DEOPT PACKING pc=0x000002171c1bf54c sp=0x0000004e6ccff2f0
Event: 24.240 Thread 0x0000021776097980 DEOPT UNPACKING pc=0x000002171bba46a2 sp=0x0000004e6ccff268 mode 2
Event: 24.242 Thread 0x0000021776097980 Uncommon trap: trap_request=0xffffffde fr.pc=0x000002171c1bf54c relative=0x000000000000012c
Event: 24.242 Thread 0x0000021776097980 Uncommon trap: reason=class_check action=maybe_recompile pc=0x000002171c1bf54c method=jdk.internal.misc.Unsafe.allocateUninitializedArray(Ljava/lang/Class;I)Ljava/lang/Object; @ 51 c2
Event: 24.242 Thread 0x0000021776097980 DEOPT PACKING pc=0x000002171c1bf54c sp=0x0000004e6ccff2f0
Event: 24.242 Thread 0x0000021776097980 DEOPT UNPACKING pc=0x000002171bba46a2 sp=0x0000004e6ccff268 mode 2
Event: 24.242 Thread 0x0000021776097980 Uncommon trap: trap_request=0xffffffde fr.pc=0x000002171c1bf54c relative=0x000000000000012c
Event: 24.242 Thread 0x0000021776097980 Uncommon trap: reason=class_check action=maybe_recompile pc=0x000002171c1bf54c method=jdk.internal.misc.Unsafe.allocateUninitializedArray(Ljava/lang/Class;I)Ljava/lang/Object; @ 51 c2
Event: 24.242 Thread 0x0000021776097980 DEOPT PACKING pc=0x000002171c1bf54c sp=0x0000004e6ccff2f0
Event: 24.242 Thread 0x0000021776097980 DEOPT UNPACKING pc=0x000002171bba46a2 sp=0x0000004e6ccff268 mode 2
Event: 24.259 Thread 0x0000021776097980 DEOPT PACKING pc=0x000002171495554e sp=0x0000004e6ccff210
Event: 24.259 Thread 0x0000021776097980 DEOPT UNPACKING pc=0x000002171bba4e42 sp=0x0000004e6ccfe708 mode 0
Event: 24.310 Thread 0x0000021776097980 DEOPT PACKING pc=0x000002171495554e sp=0x0000004e6ccff210
Event: 24.310 Thread 0x0000021776097980 DEOPT UNPACKING pc=0x000002171bba4e42 sp=0x0000004e6ccfe708 mode 0

Classes loaded (20 events):
Event: 10.462 Loading class java/util/OptionalInt
Event: 10.462 Loading class java/util/OptionalInt done
Event: 10.462 Loading class sun/net/www/protocol/https/Handler
Event: 10.463 Loading class sun/net/www/protocol/https/Handler done
Event: 10.463 Loading class sun/net/www/http/KeepAliveCache$1
Event: 10.463 Loading class sun/net/www/http/KeepAliveCache$1 done
Event: 10.463 Loading class sun/net/www/http/KeepAliveCache$ClientVector
Event: 10.464 Loading class sun/net/www/http/KeepAliveCache$ClientVector done
Event: 10.465 Loading class sun/net/www/http/KeepAliveEntry
Event: 10.465 Loading class sun/net/www/http/KeepAliveEntry done
Event: 10.465 Loading class sun/net/www/protocol/http/EmptyInputStream
Event: 10.466 Loading class sun/net/www/protocol/http/EmptyInputStream done
Event: 10.514 Loading class java/util/zip/Deflater
Event: 10.514 Loading class java/util/zip/Deflater done
Event: 10.516 Loading class java/util/zip/Deflater$DeflaterZStreamRef
Event: 10.516 Loading class java/util/zip/Deflater$DeflaterZStreamRef done
Event: 24.338 Loading class java/util/WeakHashMap$KeyIterator
Event: 24.338 Loading class java/util/WeakHashMap$HashIterator
Event: 24.338 Loading class java/util/WeakHashMap$HashIterator done
Event: 24.338 Loading class java/util/WeakHashMap$KeyIterator done

Classes unloaded (0 events):
No events

Classes redefined (0 events):
No events

Internal exceptions (20 events):
Event: 21.404 Thread 0x000002177d5ce8e0 Exception <a 'java/lang/InterruptedException'{0x000000061a5f3690}: sleep interrupted> (0x000000061a5f3690) 
thrown [s\src\hotspot\share\prims\jvm.cpp, line 3074]
Event: 21.452 Thread 0x000002177d5ce8e0 Exception <a 'java/lang/InterruptedException'{0x000000061a5f39e8}: sleep interrupted> (0x000000061a5f39e8) 
thrown [s\src\hotspot\share\prims\jvm.cpp, line 3074]
Event: 21.493 Thread 0x000002177d5ce8e0 Exception <a 'java/lang/InterruptedException'{0x000000061a5f3d40}: sleep interrupted> (0x000000061a5f3d40) 
thrown [s\src\hotspot\share\prims\jvm.cpp, line 3074]
Event: 21.533 Thread 0x000002177d5ce8e0 Exception <a 'java/lang/InterruptedException'{0x000000061a5f4098}: sleep interrupted> (0x000000061a5f4098) 
thrown [s\src\hotspot\share\prims\jvm.cpp, line 3074]
Event: 21.574 Thread 0x000002177d5ce8e0 Exception <a 'java/lang/InterruptedException'{0x000000061a5f43f0}: sleep interrupted> (0x000000061a5f43f0) 
thrown [s\src\hotspot\share\prims\jvm.cpp, line 3074]
Event: 21.617 Thread 0x000002177d5ce8e0 Exception <a 'java/lang/InterruptedException'{0x000000061a5f4748}: sleep interrupted> (0x000000061a5f4748) 
thrown [s\src\hotspot\share\prims\jvm.cpp, line 3074]
Event: 21.617 Thread 0x000002177d5ce8e0 Exception <a 'java/lang/InterruptedException'{0x000000061a5f4aa0}: sleep interrupted> (0x000000061a5f4aa0) 
thrown [s\src\hotspot\share\prims\jvm.cpp, line 3052]
Event: 21.663 Thread 0x000002177d5ce8e0 Exception <a 'java/lang/InterruptedException'{0x000000061a5f4db8}: sleep interrupted> (0x000000061a5f4db8) 
thrown [s\src\hotspot\share\prims\jvm.cpp, line 3074]
Event: 21.709 Thread 0x000002177d5ce8e0 Exception <a 'java/lang/InterruptedException'{0x000000061a5f5110}: sleep interrupted> (0x000000061a5f5110) 
thrown [s\src\hotspot\share\prims\jvm.cpp, line 3074]
Event: 21.709 Thread 0x000002177d5ce8e0 Exception <a 'java/lang/InterruptedException'{0x000000061a5f5448}: sleep interrupted> (0x000000061a5f5448) 
thrown [s\src\hotspot\share\prims\jvm.cpp, line 3074]
Event: 21.753 Thread 0x000002177d5ce8e0 Exception <a 'java/lang/InterruptedException'{0x000000061a5f5780}: sleep interrupted> (0x000000061a5f5780) 
thrown [s\src\hotspot\share\prims\jvm.cpp, line 3074]
Event: 21.800 Thread 0x000002177d5ce8e0 Exception <a 'java/lang/InterruptedException'{0x000000061a7456c0}: sleep interrupted> (0x000000061a7456c0) 
thrown [s\src\hotspot\share\prims\jvm.cpp, line 3074]
Event: 21.844 Thread 0x000002177d5ce8e0 Exception <a 'java/lang/InterruptedException'{0x000000061a745a18}: sleep interrupted> (0x000000061a745a18) 
thrown [s\src\hotspot\share\prims\jvm.cpp, line 3074]
Event: 21.884 Thread 0x000002177d5ce8e0 Exception <a 'java/lang/InterruptedException'{0x000000061a745d70}: sleep interrupted> (0x000000061a745d70) 
thrown [s\src\hotspot\share\prims\jvm.cpp, line 3074]
Event: 21.934 Thread 0x000002177d5ce8e0 Exception <a 'java/lang/InterruptedException'{0x000000061a7460c8}: sleep interrupted> (0x000000061a7460c8) 
thrown [s\src\hotspot\share\prims\jvm.cpp, line 3074]
Event: 21.980 Thread 0x000002177d5ce8e0 Exception <a 'java/lang/InterruptedException'{0x000000061a746420}: sleep interrupted> (0x000000061a746420) 
thrown [s\src\hotspot\share\prims\jvm.cpp, line 3074]
Event: 22.035 Thread 0x000002177d5ce8e0 Exception <a 'java/lang/InterruptedException'{0x000000061a746778}: sleep interrupted> (0x000000061a746778) 
thrown [s\src\hotspot\share\prims\jvm.cpp, line 3074]
Event: 22.084 Thread 0x000002177d5ce8e0 Exception <a 'java/lang/InterruptedException'{0x000000061a746ad0}: sleep interrupted> (0x000000061a746ad0) 
thrown [s\src\hotspot\share\prims\jvm.cpp, line 3074]
Event: 22.136 Thread 0x000002177d5ce8e0 Exception <a 'java/lang/InterruptedException'{0x000000061a746e28}: sleep interrupted> (0x000000061a746e28) 
thrown [s\src\hotspot\share\prims\jvm.cpp, line 3074]
Event: 22.183 Thread 0x000002177d5ce8e0 Exception <a 'java/lang/InterruptedException'{0x000000061a747180}: sleep interrupted> (0x000000061a747180) 
thrown [s\src\hotspot\share\prims\jvm.cpp, line 3074]

ZGC Phase Switch (0 events):
No events

VM Operations (20 events):
Event: 16.663 Executing VM operation: G1PauseRemark done
Event: 16.667 Executing VM operation: G1PauseCleanup
Event: 16.667 Executing VM operation: G1PauseCleanup done
Event: 17.266 Executing VM operation: G1CollectForAllocation (G1 Evacuation Pause)
Event: 17.272 Executing VM operation: G1CollectForAllocation (G1 Evacuation Pause) done
Event: 18.848 Executing VM operation: ICBufferFull
Event: 18.848 Executing VM operation: ICBufferFull done
Event: 19.848 Executing VM operation: Cleanup
Event: 19.848 Executing VM operation: Cleanup done
Event: 20.849 Executing VM operation: Cleanup
Event: 20.849 Executing VM operation: Cleanup done
Event: 21.850 Executing VM operation: Cleanup
Event: 21.850 Executing VM operation: Cleanup done
Event: 22.850 Executing VM operation: Cleanup
Event: 22.850 Executing VM operation: Cleanup done
Event: 23.850 Executing VM operation: Cleanup
Event: 23.850 Executing VM operation: Cleanup done
Event: 24.018 Executing VM operation: G1CollectFull (System.gc())
Event: 24.035 Executing VM operation: G1CollectFull (System.gc()) done
Event: 24.444 Executing VM operation: Exit

Memory protections (0 events):
No events

Nmethod flushes (20 events):
Event: 24.023 Thread 0x000002173078e340 flushing  nmethod 0x00000217148b1290
Event: 24.023 Thread 0x000002173078e340 flushing  nmethod 0x00000217148b4990
Event: 24.023 Thread 0x000002173078e340 flushing  nmethod 0x00000217148b6690
Event: 24.023 Thread 0x000002173078e340 flushing  nmethod 0x00000217148dc590
Event: 24.023 Thread 0x000002173078e340 flushing  nmethod 0x000002171c1d8f90
Event: 24.023 Thread 0x000002173078e340 flushing  nmethod 0x000002171462ad90
Event: 24.023 Thread 0x000002173078e340 flushing  nmethod 0x000002171462dd10
Event: 24.023 Thread 0x000002173078e340 flushing  nmethod 0x00000217146d2b10
Event: 24.023 Thread 0x000002173078e340 flushing  nmethod 0x000002171477c410
Event: 24.023 Thread 0x000002173078e340 flushing  nmethod 0x000002171477cb90
Event: 24.023 Thread 0x000002173078e340 flushing  nmethod 0x0000021714780010
Event: 24.023 Thread 0x000002173078e340 flushing  nmethod 0x00000217147a0010
Event: 24.023 Thread 0x000002173078e340 flushing osr nmethod 0x0000021714870690
Event: 24.023 Thread 0x000002173078e340 flushing  nmethod 0x0000021714881790
Event: 24.023 Thread 0x000002173078e340 flushing  nmethod 0x00000217148c5410
Event: 24.023 Thread 0x000002173078e340 flushing  nmethod 0x00000217148c7690
Event: 24.023 Thread 0x000002173078e340 flushing  nmethod 0x00000217148ca010
Event: 24.023 Thread 0x000002173078e340 flushing  nmethod 0x00000217148cb910
Event: 24.023 Thread 0x000002173078e340 flushing  nmethod 0x0000021714951610
Event: 24.023 Thread 0x000002173078e340 flushing  nmethod 0x0000021714953310

Events (20 events):
Event: 19.827 Thread 0x00000217307c7f00 Thread added: 0x000002177883da70
Event: 20.555 Thread 0x000002177883da70 Thread exited: 0x000002177883da70
Event: 20.766 Thread 0x000002177883b190 Thread exited: 0x000002177883b190
Event: 21.099 Thread 0x00000217307c11d0 Thread added: 0x000002177883d3a0
Event: 21.649 Thread 0x000002177883d3a0 Thread exited: 0x000002177883d3a0
Event: 24.336 Thread 0x0000021776097980 Thread exited: 0x0000021776097980
Event: 24.337 Thread 0x0000021776027240 Thread added: 0x0000021701edf710
Event: 24.337 Thread 0x0000021776027240 Thread added: 0x0000021701ede360
Event: 24.337 Thread 0x0000021776027240 Thread added: 0x0000021701ee0430
Event: 24.337 Thread 0x0000021776027240 Thread added: 0x0000021701edfda0
Event: 24.337 Thread 0x0000021776027240 Thread added: 0x0000021701edcfb0
Event: 24.337 Thread 0x0000021776027240 Thread added: 0x0000021701ee0ac0
Event: 24.337 Thread 0x0000021701edf710 Thread exited: 0x0000021701edf710
Event: 24.338 Thread 0x0000021701ee0430 Thread exited: 0x0000021701ee0430
Event: 24.338 Thread 0x0000021701ee0ac0 Thread exited: 0x0000021701ee0ac0
Event: 24.340 Thread 0x0000021701ede360 Thread exited: 0x0000021701ede360
Event: 24.358 Thread 0x0000021701edfda0 Thread exited: 0x0000021701edfda0
Event: 24.420 Thread 0x0000021776004a50 Thread exited: 0x0000021776004a50
Event: 24.444 Thread 0x0000021701edcfb0 Thread exited: 0x0000021701edcfb0
Event: 24.444 Thread 0x0000021776027240 Before exit entered


Dynamic libraries:
0x00007ff7d8d50000 - 0x00007ff7d8d5e000 	C:\Users\gagek\.p2\pool\plugins\org.eclipse.justj.openjdk.hotspot.jre.full.win32.x86_64_21.0.8.v20250724-1412\jre\bin\javaw.exe
0x00007ffe18220000 - 0x00007ffe18487000 	C:\windows\SYSTEM32\ntdll.dll
0x00007ffe17580000 - 0x00007ffe17649000 	C:\windows\System32\KERNEL32.DLL
0x00007ffe15590000 - 0x00007ffe15980000 	C:\windows\System32\KERNELBASE.dll
0x00007ffe15e60000 - 0x00007ffe15fab000 	C:\windows\System32\ucrtbase.dll
0x00007ffddad60000 - 0x00007ffddad78000 	C:\Users\gagek\.p2\pool\plugins\org.eclipse.justj.openjdk.hotspot.jre.full.win32.x86_64_21.0.8.v20250724-1412\jre\bin\jli.dll
0x00007ffddad40000 - 0x00007ffddad5e000 	C:\Users\gagek\.p2\pool\plugins\org.eclipse.justj.openjdk.hotspot.jre.full.win32.x86_64_21.0.8.v20250724-1412\jre\bin\VCRUNTIME140.dll
0x00007ffe15fb0000 - 0x00007ffe16175000 	C:\windows\System32\USER32.dll
0x00007ffdf38e0000 - 0x00007ffdf3b7a000 	C:\windows\WinSxS\amd64_microsoft.windows.common-controls_6595b64144ccf1df_6.0.26100.4768_none_3e0c112ce331287c\COMCTL32.dll
0x00007ffe15560000 - 0x00007ffe15587000 	C:\windows\System32\win32u.dll
0x00007ffe17be0000 - 0x00007ffe17c0b000 	C:\windows\System32\GDI32.dll
0x00007ffe17860000 - 0x00007ffe17909000 	C:\windows\System32\msvcrt.dll
0x00007ffe15b10000 - 0x00007ffe15c48000 	C:\windows\System32\gdi32full.dll
0x00007ffe154b0000 - 0x00007ffe15553000 	C:\windows\System32\msvcp_win.dll
0x00007ffe17c10000 - 0x00007ffe17c3f000 	C:\windows\System32\IMM32.DLL
0x00007ffdf3500000 - 0x00007ffdf350c000 	C:\Users\gagek\.p2\pool\plugins\org.eclipse.justj.openjdk.hotspot.jre.full.win32.x86_64_21.0.8.v20250724-1412\jre\bin\vcruntime140_1.dll
0x00007ffdb5cc0000 - 0x00007ffdb5d4d000 	C:\Users\gagek\.p2\pool\plugins\org.eclipse.justj.openjdk.hotspot.jre.full.win32.x86_64_21.0.8.v20250724-1412\jre\bin\msvcp140.dll
0x00007ffd33410000 - 0x00007ffd341a7000 	C:\Users\gagek\.p2\pool\plugins\org.eclipse.justj.openjdk.hotspot.jre.full.win32.x86_64_21.0.8.v20250724-1412\jre\bin\server\jvm.dll
0x00007ffe16b50000 - 0x00007ffe16c04000 	C:\windows\System32\ADVAPI32.dll
0x00007ffe17910000 - 0x00007ffe179b6000 	C:\windows\System32\sechost.dll
0x00007ffe179c0000 - 0x00007ffe17ad8000 	C:\windows\System32\RPCRT4.dll
0x00007ffe16720000 - 0x00007ffe16794000 	C:\windows\System32\WS2_32.dll
0x00007ffe151b0000 - 0x00007ffe1520e000 	C:\windows\SYSTEM32\POWRPROF.dll
0x00007ffe0a3a0000 - 0x00007ffe0a3ab000 	C:\windows\SYSTEM32\VERSION.dll
0x00007ffe0d720000 - 0x00007ffe0d755000 	C:\windows\SYSTEM32\WINMM.dll
0x00007ffe15190000 - 0x00007ffe151a4000 	C:\windows\SYSTEM32\UMPDC.dll
0x00007ffe14090000 - 0x00007ffe140ab000 	C:\windows\SYSTEM32\kernel.appcore.dll
0x00007ffe11210000 - 0x00007ffe1121a000 	C:\Users\gagek\.p2\pool\plugins\org.eclipse.justj.openjdk.hotspot.jre.full.win32.x86_64_21.0.8.v20250724-1412\jre\bin\jimage.dll
0x00007ffe12700000 - 0x00007ffe12941000 	C:\windows\SYSTEM32\DBGHELP.DLL
0x00007ffe167c0000 - 0x00007ffe16b45000 	C:\windows\System32\combase.dll
0x00007ffe173f0000 - 0x00007ffe174d0000 	C:\windows\System32\OLEAUT32.dll
0x00007ffdf4390000 - 0x00007ffdf43d3000 	C:\windows\SYSTEM32\dbgcore.DLL
0x00007ffe15410000 - 0x00007ffe154a9000 	C:\windows\System32\bcryptPrimitives.dll
0x00007ffe10f30000 - 0x00007ffe10f4f000 	C:\Users\gagek\.p2\pool\plugins\org.eclipse.justj.openjdk.hotspot.jre.full.win32.x86_64_21.0.8.v20250724-1412\jre\bin\java.dll
0x00007ffe16c10000 - 0x00007ffe1735d000 	C:\windows\System32\SHELL32.dll
0x00007ffe15990000 - 0x00007ffe15b03000 	C:\windows\System32\wintypes.dll
0x00007ffe12ef0000 - 0x00007ffe13750000 	C:\windows\SYSTEM32\windows.storage.dll
0x00007ffe17ae0000 - 0x00007ffe17bd5000 	C:\windows\System32\SHCORE.dll
0x00007ffe17cb0000 - 0x00007ffe17d1a000 	C:\windows\System32\shlwapi.dll
0x00007ffe15270000 - 0x00007ffe15299000 	C:\windows\SYSTEM32\profapi.dll
0x00007ffe10ed0000 - 0x00007ffe10ee8000 	C:\Users\gagek\.p2\pool\plugins\org.eclipse.justj.openjdk.hotspot.jre.full.win32.x86_64_21.0.8.v20250724-1412\jre\bin\zip.dll
0x00007ffe11200000 - 0x00007ffe11210000 	C:\Users\gagek\.p2\pool\plugins\org.eclipse.justj.openjdk.hotspot.jre.full.win32.x86_64_21.0.8.v20250724-1412\jre\bin\net.dll
0x00007ffe0e680000 - 0x00007ffe0e79e000 	C:\windows\SYSTEM32\WINHTTP.dll
0x00007ffe14600000 - 0x00007ffe1466b000 	C:\windows\system32\mswsock.dll
0x00007ffe111c0000 - 0x00007ffe111d6000 	C:\Users\gagek\.p2\pool\plugins\org.eclipse.justj.openjdk.hotspot.jre.full.win32.x86_64_21.0.8.v20250724-1412\jre\bin\nio.dll
0x00007ffdbe4a0000 - 0x00007ffdbe62e000 	C:\Users\gagek\.p2\pool\plugins\org.eclipse.justj.openjdk.hotspot.jre.full.win32.x86_64_21.0.8.v20250724-1412\jre\bin\awt.dll
0x00007ffe11250000 - 0x00007ffe112ee000 	C:\windows\SYSTEM32\apphelp.dll
0x00007ffe11730000 - 0x00007ffe11765000 	C:\windows\system32\DWMAPI.DLL
0x00007ffe115c0000 - 0x00007ffe1166f000 	C:\windows\system32\uxtheme.dll
0x00007ffd999d0000 - 0x00007ffd99ae8000 	C:\windows\system32\opengl32.dll
0x00007ffdbdcc0000 - 0x00007ffdbdced000 	C:\windows\SYSTEM32\GLU32.dll
0x00007ffe11c50000 - 0x00007ffe11c9d000 	C:\windows\SYSTEM32\dxcore.dll
0x00007ffe165b0000 - 0x00007ffe16711000 	C:\windows\System32\MSCTF.dll
0x00007ffe16400000 - 0x00007ffe165a0000 	C:\windows\System32\ole32.dll
0x00007ffdca8c0000 - 0x00007ffdca947000 	C:\Users\gagek\.p2\pool\plugins\org.eclipse.justj.openjdk.hotspot.jre.full.win32.x86_64_21.0.8.v20250724-1412\jre\bin\freetype.dll
0x00007ffdb5680000 - 0x00007ffdb576b000 	C:\Users\gagek\.p2\pool\plugins\org.eclipse.justj.openjdk.hotspot.jre.full.win32.x86_64_21.0.8.v20250724-1412\jre\bin\fontmanager.dll
0x00007ffe06dc0000 - 0x00007ffe06f11000 	C:\windows\SYSTEM32\textinputframework.dll
0x00007ffdcf690000 - 0x00007ffdcf70d000 	C:\windows\system32\Oleacc.dll
0x00007ffe17750000 - 0x00007ffe177f8000 	C:\windows\System32\clbcatq.dll
0x00007ffdd46f0000 - 0x00007ffdd474e000 	C:\windows\system32\ApplicationTargetedFeatureDatabase.dll
0x00007ffe0ac30000 - 0x00007ffe0ae68000 	C:\Windows\System32\twinapi.appcore.dll
0x00007ffe10e30000 - 0x00007ffe10e40000 	C:\Users\gagek\.p2\pool\plugins\org.eclipse.justj.openjdk.hotspot.jre.full.win32.x86_64_21.0.8.v20250724-1412\jre\bin\verify.dll
0x0000000180000000 - 0x0000000180053000 	C:\MinecraftAlphaDev\libraries\natives\lwjgl64.dll
0x00007ffe0dec0000 - 0x00007ffe0df89000 	C:\windows\SYSTEM32\mscms.dll
0x00007ffdf7470000 - 0x00007ffdf74e0000 	C:\Windows\System32\Windows.Internal.Graphics.Display.DisplayColorManagement.dll
0x00007ffe14f10000 - 0x00007ffe14f67000 	C:\windows\SYSTEM32\cfgmgr32.dll
0x00007ffdf3330000 - 0x00007ffdf3337000 	C:\Users\gagek\.p2\pool\plugins\org.eclipse.justj.openjdk.hotspot.jre.full.win32.x86_64_21.0.8.v20250724-1412\jre\bin\jawt.dll
0x00007ffe0b360000 - 0x00007ffe0b3ca000 	C:\windows\SYSTEM32\directxdatabasehelper.dll
0x00007ffdf9260000 - 0x00007ffdf927a000 	C:\windows\SYSTEM32\windows.staterepositorycore.dll
0x00007ffd08120000 - 0x00007ffd096eb000 	C:\windows\System32\DriverStore\FileRepository\iigd_dch.inf_amd64_9ce4d8a46710e0e5\igxelpgicd64.dll
0x00007ffd69440000 - 0x00007ffd69463000 	C:\windows\SYSTEM32\d3d12.dll
0x00007ffe12bf0000 - 0x00007ffe12d2e000 	C:\windows\SYSTEM32\dxgi.dll
0x00007ffdfab90000 - 0x00007ffdfad37000 	C:\windows\System32\DriverStore\FileRepository\iigd_dch.inf_amd64_9ce4d8a46710e0e5\igdml64.dll
0x00007ffd1b7c0000 - 0x00007ffd1bc3e000 	C:\Users\gagek\AppData\Roaming\ow-electron\jilehohlakeokncafogkgnicgndeecdiengddbcc\packages\emifmpeaagaaglhaimndbhcpkjfmjhfnjjpoibdo\1.8.21\owe-client-x64.dll
0x00007ffe141c0000 - 0x00007ffe141f6000 	C:\windows\SYSTEM32\ntmarta.dll
0x00007ffe04790000 - 0x00007ffe04d23000 	C:\windows\System32\DriverStore\FileRepository\iigd_dch.inf_amd64_9ce4d8a46710e0e5\igdgmm64.dll
0x00007ffd96ac0000 - 0x00007ffd96d37000 	C:\windows\SYSTEM32\D3D12Core.dll
0x00007ffe15240000 - 0x00007ffe15266000 	C:\windows\SYSTEM32\bcrypt.dll
0x00007ffe0aea0000 - 0x00007ffe0b01c000 	C:\windows\SYSTEM32\drvstore.dll
0x00007ffdfdf10000 - 0x00007ffe03036000 	C:\windows\System32\DriverStore\FileRepository\iigd_dch.inf_amd64_9ce4d8a46710e0e5\igc64.dll
0x00007ffe0daa0000 - 0x00007ffe0dace000 	C:\windows\SYSTEM32\D3DSCache.dll
0x00007ffe146a0000 - 0x00007ffe146cb000 	C:\windows\SYSTEM32\USERENV.dll
0x00007ffe108d0000 - 0x00007ffe10afa000 	C:\windows\SYSTEM32\dcomp.dll
0x00007ffe101d0000 - 0x00007ffe101e9000 	C:\windows\SYSTEM32\Microsoft.Internal.WarpPal.dll
0x00007ffe10f50000 - 0x00007ffe11075000 	C:\windows\SYSTEM32\CoreMessaging.dll
0x00007ffe08f90000 - 0x00007ffe09273000 	C:\windows\SYSTEM32\CoreUIComponents.dll
0x00007ffe14840000 - 0x00007ffe1484c000 	C:\windows\SYSTEM32\CRYPTBASE.DLL
0x00007ffe149e0000 - 0x00007ffe149fb000 	C:\windows\SYSTEM32\CRYPTSP.dll
0x00007ffe13ff0000 - 0x00007ffe1402b000 	C:\windows\system32\rsaenh.dll
0x00007ffe13a20000 - 0x00007ffe13a53000 	C:\windows\SYSTEM32\IPHLPAPI.DLL
0x00007ffe17800000 - 0x00007ffe1780a000 	C:\windows\System32\NSI.dll
0x00000217771d0000 - 0x00000217771e6000 	C:\MinecraftAlphaDev\libraries\natives\jinput-dx8_64.dll
0x00007ffdbbed0000 - 0x00007ffdbbf1b000 	C:\windows\SYSTEM32\DINPUT8.dll
0x00007ffdfd840000 - 0x00007ffdfda22000 	C:\windows\SYSTEM32\inputhost.dll
0x00007ffe13760000 - 0x00007ffe1376f000 	C:\windows\SYSTEM32\HID.DLL
0x00007ffe17d50000 - 0x00007ffe181d6000 	C:\windows\System32\SETUPAPI.DLL
0x00007ffe14f70000 - 0x00007ffe14f9d000 	C:\windows\SYSTEM32\DEVOBJ.dll
0x00000217774d0000 - 0x0000021777554000 	C:\windows\System32\WINTRUST.dll
0x00007ffe15ce0000 - 0x00007ffe15e57000 	C:\windows\System32\CRYPT32.dll
0x00007ffe14a50000 - 0x00007ffe14a63000 	C:\windows\SYSTEM32\MSASN1.dll
0x00000217772a0000 - 0x00000217772b4000 	C:\MinecraftAlphaDev\libraries\natives\jinput-raw_64.dll
0x00000217776a0000 - 0x0000021777704000 	C:\MinecraftAlphaDev\libraries\natives\OpenAL64.dll
0x00007ffe0c5a0000 - 0x00007ffe0c642000 	C:\windows\System32\MMDevApi.dll
0x00007ffdafa00000 - 0x00007ffdafa94000 	C:\windows\SYSTEM32\dsound.dll
0x00007ffd98640000 - 0x00007ffd98671000 	C:\windows\SYSTEM32\winmmbase.dll
0x00007ffd99dd0000 - 0x00007ffd99e81000 	C:\windows\SYSTEM32\ResampleDmo.DLL
0x00007ffdfcc60000 - 0x00007ffdfcc6e000 	C:\windows\SYSTEM32\msdmo.dll
0x00007ffdfa140000 - 0x00007ffdfa302000 	C:\windows\SYSTEM32\AUDIOSES.DLL
0x00007ffe11ae0000 - 0x00007ffe11af4000 	C:\windows\SYSTEM32\resourcepolicyclient.dll
0x00007ffe13a60000 - 0x00007ffe13b86000 	C:\windows\SYSTEM32\DNSAPI.dll
0x00007ffe0e2e0000 - 0x00007ffe0e2eb000 	C:\Windows\System32\rasadhlp.dll
0x00007ffe0ec90000 - 0x00007ffe0ed16000 	C:\windows\System32\fwpuclnt.dll
0x00007ffe0db30000 - 0x00007ffe0db39000 	C:\Users\gagek\.p2\pool\plugins\org.eclipse.justj.openjdk.hotspot.jre.full.win32.x86_64_21.0.8.v20250724-1412\jre\bin\extnet.dll

JVMTI agents: none

dbghelp: loaded successfully - version: 4.0.5 - missing functions: none
symbol engine: initialized successfully - sym options: 0x614 - pdb path: .;C:\Users\gagek\.p2\pool\plugins\org.eclipse.justj.openjdk.hotspot.jre.full.win32.x86_64_21.0.8.v20250724-1412\jre\bin;C:\windows\SYSTEM32;C:\windows\WinSxS\amd64_microsoft.windows.common-controls_6595b64144ccf1df_6.0.26100.4768_none_3e0c112ce331287c;C:\Users\gagek\.p2\pool\plugins\org.eclipse.justj.openjdk.hotspot.jre.full.win32.x86_64_21.0.8.v20250724-1412\jre\bin\server;C:\MinecraftAlphaDev\libraries\natives;C:\windows\System32\DriverStore\FileRepository\iigd_dch.inf_amd64_9ce4d8a46710e0e5;C:\Users\gagek\AppData\Roaming\ow-electron\jilehohlakeokncafogkgnicgndeecdiengddbcc\packages\emifmpeaagaaglhaimndbhcpkjfmjhfnjjpoibdo\1.8.21

VM Arguments:
jvm_args: -Djava.library.path=C:\MinecraftAlphaDev\libraries\natives -Dfile.encoding=UTF-8 -Dstdout.encoding=UTF-8 -Dstderr.encoding=UTF-8 -XX:+ShowCodeDetailsInExceptionMessages 
java_command: net.minecraft.client.Minecraft
java_class_path (initial): C:\MinecraftAlphaDev\minecraft\output;C:\MinecraftAlphaDev\libraries\net\java\jinput\jinput\2.0.5\jinput-2.0.5.jar;C:\MinecraftAlphaDev\libraries\net\java\jutils\jutils\1.0.0\jutils-1.0.0.jar;C:\MinecraftAlphaDev\libraries\org\lwjgl\lwjgl\lwjgl\2.9.4-nightly-20150209\lwjgl-2.9.4-nightly-20150209.jar;C:\MinecraftAlphaDev\libraries\org\lwjgl\lwjgl\lwjgl_util\2.9.4-nightly-20150209\lwjgl_util-2.9.4-nightly-20150209.jar;C:\MinecraftAlphaDev\libraries\org\lwjgl\lwjgl\lwjgl-platform\2.9.4-nightly-20150209\lwjgl-platform-2.9.4-nightly-20150209.jar;C:\MinecraftAlphaDev\libraries\com\paulscode\codecjorbis\20230120\codecjorbis-20230120.jar;C:\MinecraftAlphaDev\libraries\com\paulscode\codecwav\20101023\codecwav-20101023.jar;C:\MinecraftAlphaDev\libraries\com\paulscode\libraryjavasound\20101123\libraryjavasound-20101123.jar;C:\MinecraftAlphaDev\libraries\com\paulscode\librarylwjglopenal\20100824\librarylwjglopenal-20100824.jar;C:\MinecraftAlphaDev\libraries\com\paulscode\soundsystem\20120107\soundsystem-20120107.jar;C:\MinecraftAlphaDev\libraries\org\mcphackers\launchwrapper\1.1.3\launchwrapper-1.1.3.jar;C:\MinecraftAlphaDev\libraries\org\json\json\20230311\json-20230311.jar;C:\MinecraftAlphaDev\libraries\org\ow2\asm\asm\9.7\asm-9.7.jar;C:\MinecraftAlphaDev\libraries\org\ow2\asm\asm-tree\9.7\asm-tree-9.7.jar;C:\MinecraftAlphaDev\minecraft\jars\deobfuscated.jar
Launcher Type: SUN_STANDARD

[Global flags]
     intx CICompilerCount                          = 4                                         {product} {ergonomic}
     uint ConcGCThreads                            = 3                                         {product} {ergonomic}
     uint G1ConcRefinementThreads                  = 11                                        {product} {ergonomic}
   size_t G1HeapRegionSize                         = 4194304                                   {product} {ergonomic}
    uintx GCDrainStackTargetSize                   = 64                                        {product} {ergonomic}
   size_t InitialHeapSize                          = 528482304                                 {product} {ergonomic}
   size_t MarkStackSize                            = 4194304                                   {product} {ergonomic}
   size_t MaxHeapSize                              = 8443133952                                {product} {ergonomic}
   size_t MaxNewSize                               = 5062524928                                {product} {ergonomic}
   size_t MinHeapDeltaBytes                        = 4194304                                   {product} {ergonomic}
   size_t MinHeapSize                              = 8388608                                   {product} {ergonomic}
    uintx NonNMethodCodeHeapSize                   = 5839372                                {pd product} {ergonomic}
    uintx NonProfiledCodeHeapSize                  = 122909434                              {pd product} {ergonomic}
    uintx ProfiledCodeHeapSize                     = 122909434                              {pd product} {ergonomic}
    uintx ReservedCodeCacheSize                    = 251658240                              {pd product} {ergonomic}
     bool SegmentedCodeCache                       = true                                      {product} {ergonomic}
     bool ShowCodeDetailsInExceptionMessages       = true                                   {manageable} {command line}
   size_t SoftMaxHeapSize                          = 8443133952                             {manageable} {ergonomic}
     bool UseCompressedOops                        = true                           {product lp64_product} {ergonomic}
     bool UseG1GC                                  = true                                      {product} {ergonomic}
     bool UseLargePagesIndividualAllocation        = false                                  {pd product} {ergonomic}

Logging:
Log output configuration:
 #0: stdout all=off uptime,level,tags foldmultilines=false
 #1: stderr all=off uptime,level,tags foldmultilines=false

Environment Variables:
PATH=C:/Users/gagek/.p2/pool/plugins/org.eclipse.justj.openjdk.hotspot.jre.full.win32.x86_64_21.0.8.v20250724-1412/jre/bin/server;C:/Users/gagek/.p2/pool/plugins/org.eclipse.justj.openjdk.hotspot.jre.full.win32.x86_64_21.0.8.v20250724-1412/jre/bin;C:\Program Files\Zulu\zulu-21\bin\;C:\Program Files (x86)\Common Files\Oracle\Java\java8path;C:\Program Files (x86)\Common Files\Oracle\Java\javapath;C:\Program Files\Oculus\Support\oculus-runtime;c:\devkitPro\msys2\usr\bin;C:\windows\system32;C:\windows;C:\windows\System32\Wbem;C:\windows\System32\WindowsPowerShell\v1.0\;C:\windows\System32\OpenSSH\;C:\Program Files\HP\HP One Agent;C:\Program Files\dotnet\;C:\Program Files (x86)\Microsoft SQL Server\160\Tools\Binn\;C:\Program Files\Microsoft SQL Server\160\Tools\Binn\;C:\Program Files\Microsoft SQL Server\Client SDK\ODBC\170\Tools\Binn\;C:\Program Files\Microsoft SQL Server\160\DTS\Binn\;C:\Program Files (x86)\Windows Kits\8.1\Windows Performance Toolkit\;C:\Program Files\Docker\Docker\resources\bin;C:\Program Files (x86)\Gpg4win\..\GnuPG\bin;C:\Users\gagek\AppData\Local\Microsoft\WindowsApps;C:\Users\gagek\AppData\Local\Programs\Microsoft VS Code\bin;C:\msys64\mingw64\bin;C:\Users\gagek\.aftman\bin;C:\Users\gagek\AppData\Local\GitHubDesktop\bin;C:\Users\gagek\AppData\Local\Muse Hub\lib;C:\Users\gagek\OneDrive\Desktop;
USERNAME=gagek
OS=Windows_NT
PROCESSOR_IDENTIFIER=Intel64 Family 6 Model 170 Stepping 4, GenuineIntel
TMP=C:\Users\gagek\AppData\Local\Temp
TEMP=C:\Users\gagek\AppData\Local\Temp




Periodic native trim disabled

---------------  S Y S T E M  ---------------

OS:
 Windows 11 , 64 bit Build 26100 (10.0.26100.4768)
OS uptime: 5 days 7:51 hours
Hyper-V role detected

CPU: total 14 (initial active 14) (7 cores per cpu, 2 threads per core) family 6 model 170 stepping 4 microcode 0x1f, cx8, cmov, fxsr, ht, mmx, 3dnowpref, sse, sse2, sse3, ssse3, sse4.1, sse4.2, popcnt, lzcnt, tsc, tscinvbit, avx, avx2, aes, erms, clmul, bmi1, bmi2, adx, sha, fma, vzeroupper, clflush, clflushopt, clwb, hv, serialize, rdtscp, rdpid, fsrm, f16c, cet_ibt, cet_ss
Processor Information for processor 0
  Max Mhz: 1700, Current Mhz: 1700, Mhz Limit: 1700
Processor Information for processor 1
  Max Mhz: 1700, Current Mhz: 1457, Mhz Limit: 1700
Processor Information for processor 2
  Max Mhz: 1200, Current Mhz: 1200, Mhz Limit: 1200
Processor Information for processor 3
  Max Mhz: 1200, Current Mhz: 1200, Mhz Limit: 1200
Processor Information for processor 4
  Max Mhz: 1200, Current Mhz: 1200, Mhz Limit: 1200
Processor Information for processor 5
  Max Mhz: 1200, Current Mhz: 1200, Mhz Limit: 1200
Processor Information for processor 6
  Max Mhz: 1200, Current Mhz: 1200, Mhz Limit: 1200
Processor Information for processor 7
  Max Mhz: 1200, Current Mhz: 1200, Mhz Limit: 1200
Processor Information for processor 8
  Max Mhz: 1200, Current Mhz: 1200, Mhz Limit: 1200
Processor Information for processor 9
  Max Mhz: 1200, Current Mhz: 1200, Mhz Limit: 1200
Processor Information for processor 10
  Max Mhz: 1700, Current Mhz: 1700, Mhz Limit: 1700
Processor Information for processor 11
  Max Mhz: 1700, Current Mhz: 1700, Mhz Limit: 1700
Processor Information for processor 12
  Max Mhz: 700, Current Mhz: 700, Mhz Limit: 700
Processor Information for processor 13
  Max Mhz: 700, Current Mhz: 700, Mhz Limit: 700

Memory: 4k page, system-wide physical 32203M (10965M free)
TotalPageFile size 37835M (AvailPageFile size 6963M)
current process WorkingSet (physical memory assigned to process): 429M, peak: 469M
current process commit charge ("private bytes"): 601M, peak: 727M

vm_info: OpenJDK 64-Bit Server VM (21.0.8+9-LTS) for windows-amd64 JRE (21.0.8+9-LTS), built on 2025-07-15T00:00:00Z by "admin" with MS VC++ 17.7 (VS2022)

END.
